#
# There is insufficient memory for the Java Runtime Environment to continue.
# Native memory allocation (malloc) failed to allocate 1361936 bytes for Chunk::new
# Possible reasons:
#   The system is out of physical RAM or swap space
#   The process is running with CompressedOops enabled, and the Java Heap may be blocking the growth of the native heap
# Possible solutions:
#   Reduce memory load on the system
#   Increase physical memory or swap space
#   Check if swap backing store is full
#   Decrease Java heap size (-Xmx/-Xms)
#   Decrease number of Java threads
#   Decrease Java thread stack sizes (-Xss)
#   Set larger code cache with -XX:ReservedCodeCacheSize=
#   JVM is running with Unscaled Compressed Oops mode in which the Java heap is
#     placed in the first 4GB address space. The Java Heap base address is the
#     maximum limit for the native heap growth. Please use -XX:HeapBaseMinAddress
#     to set the Java Heap base and to place the Java Heap above 4GB virtual address.
# This output file may be truncated or incomplete.
#
#  Out of Memory Error (./src/hotspot/share/memory/arena.cpp:197), pid=4016, tid=9236
#
# JRE version: OpenJDK Runtime Environment (11.0.12+7) (build 11.0.12+7-b1504.28-7817840)
# Java VM: OpenJDK 64-Bit Server VM (11.0.12+7-b1504.28-7817840, mixed mode, tiered, compressed oops, g1 gc, windows-amd64)
# No core dump will be written. Minidumps are not enabled by default on client versions of Windows
#

---------------  S U M M A R Y ------------

Command Line: --add-opens=java.base/java.util=ALL-UNNAMED --add-opens=java.base/java.lang=ALL-UNNAMED --add-opens=java.base/java.lang.invoke=ALL-UNNAMED --add-opens=java.base/java.util=ALL-UNNAMED --add-opens=java.prefs/java.util.prefs=ALL-UNNAMED --add-opens=java.prefs/java.util.prefs=ALL-UNNAMED --add-opens=java.base/java.nio.charset=ALL-UNNAMED --add-opens=java.base/java.net=ALL-UNNAMED --add-opens=java.base/java.util.concurrent.atomic=ALL-UNNAMED -Xmx2048m -Dfile.encoding=UTF-8 -Duser.country=US -Duser.language=en -Duser.variant org.gradle.launcher.daemon.bootstrap.GradleDaemon 7.3.3

Host: Intel(R) Core(TM) i5-5300U CPU @ 2.30GHz, 4 cores, 7G,  Windows 10 , 64 bit Build 19041 (10.0.19041.1889)
Time: Thu Oct  6 20:04:46 2022 Egypt Standard Time elapsed time: 30.164987 seconds (0d 0h 0m 30s)

---------------  T H R E A D  ---------------

Current thread (0x0000020d2e2c7000):  JavaThread "C2 CompilerThread0" daemon [_thread_in_native, id=9236, stack(0x000000cd81200000,0x000000cd81300000)]


Current CompileTask:
C2:  30165 7758       4       groovyjarjarantlr4.v4.runtime.atn.PredictionContext::getCachedContext (297 bytes)

Stack: [0x000000cd81200000,0x000000cd81300000]
Native frames: (J=compiled Java code, j=interpreted, Vv=VM code, C=native code)
V  [jvm.dll+0x5fbcea]
V  [jvm.dll+0x731905]
V  [jvm.dll+0x732f1d]
V  [jvm.dll+0x7335d3]
V  [jvm.dll+0x247bf8]
V  [jvm.dll+0xc018c]
V  [jvm.dll+0xc06cc]
V  [jvm.dll+0x35b31d]
V  [jvm.dll+0x19cebc]
V  [jvm.dll+0x20070e]
V  [jvm.dll+0x1ff794]
V  [jvm.dll+0x18868c]
V  [jvm.dll+0x20e0d7]
V  [jvm.dll+0x20c901]
V  [jvm.dll+0x6f9b7f]
V  [jvm.dll+0x6f26a5]
V  [jvm.dll+0x5fabf6]
C  [ucrtbase.dll+0x21bb2]
C  [KERNEL32.DLL+0x17034]
C  [ntdll.dll+0x526a1]


---------------  P R O C E S S  ---------------

Threads class SMR info:
_java_thread_list=0x0000020d302e3480, length=78, elements={
0x0000020d146b0000, 0x0000020d2e2a0000, 0x0000020d2e2a4000, 0x0000020d2e2bd000,
0x0000020d2e2be000, 0x0000020d2e2c4000, 0x0000020d2e2c7000, 0x0000020d2e2cb800,
0x0000020d2e2d1800, 0x0000020d2ed7c000, 0x0000020d30462800, 0x0000020d3157f000,
0x0000020d2ee4f000, 0x0000020d30ebe800, 0x0000020d316ce800, 0x0000020d310f2000,
0x0000020d30114000, 0x0000020d31887800, 0x0000020d2f8d9000, 0x0000020d2f8da000,
0x0000020d2f8d8800, 0x0000020d2f8db000, 0x0000020d2f8db800, 0x0000020d2f8dc800,
0x0000020d2f8dd000, 0x0000020d2f8d7800, 0x0000020d2f8de000, 0x0000020d3452f000,
0x0000020d34530000, 0x0000020d34531000, 0x0000020d3452b000, 0x0000020d34531800,
0x0000020d3452c000, 0x0000020d3452e800, 0x0000020d34532800, 0x0000020d34534000,
0x0000020d34535000, 0x0000020d34537800, 0x0000020d34535800, 0x0000020d34539000,
0x0000020d34536800, 0x0000020d34538000, 0x0000020d34533000, 0x0000020d3453a000,
0x0000020d35b7f000, 0x0000020d35b80000, 0x0000020d35b80800, 0x0000020d35b82800,
0x0000020d35b7e000, 0x0000020d35b85000, 0x0000020d35b81800, 0x0000020d35b86800,
0x0000020d35b89000, 0x0000020d35b84000, 0x0000020d35b88000, 0x0000020d35b83000,
0x0000020d35b8a800, 0x0000020d35b8b800, 0x0000020d35b89800, 0x0000020d35b85800,
0x0000020d35b87000, 0x0000020d35b8c000, 0x0000020d35b8d000, 0x0000020d2fda0800,
0x0000020d2fd9f000, 0x0000020d2fda0000, 0x0000020d2fda1800, 0x0000020d2fd9b800,
0x0000020d2fda2800, 0x0000020d2fd9c800, 0x0000020d2fda3000, 0x0000020d2fd9d800,
0x0000020d2fda4000, 0x0000020d2fd9e000, 0x0000020d2fda7000, 0x0000020d2fda8000,
0x0000020d2fda9800, 0x0000020d351aa800
}

Java Threads: ( => current thread )
  0x0000020d146b0000 JavaThread "main" [_thread_blocked, id=9796, stack(0x000000cd80600000,0x000000cd80700000)]
  0x0000020d2e2a0000 JavaThread "Reference Handler" daemon [_thread_blocked, id=15212, stack(0x000000cd80d00000,0x000000cd80e00000)]
  0x0000020d2e2a4000 JavaThread "Finalizer" daemon [_thread_blocked, id=13236, stack(0x000000cd80e00000,0x000000cd80f00000)]
  0x0000020d2e2bd000 JavaThread "Signal Dispatcher" daemon [_thread_blocked, id=6648, stack(0x000000cd80f00000,0x000000cd81000000)]
  0x0000020d2e2be000 JavaThread "Attach Listener" daemon [_thread_blocked, id=7004, stack(0x000000cd81000000,0x000000cd81100000)]
  0x0000020d2e2c4000 JavaThread "Service Thread" daemon [_thread_blocked, id=14280, stack(0x000000cd81100000,0x000000cd81200000)]
=>0x0000020d2e2c7000 JavaThread "C2 CompilerThread0" daemon [_thread_in_native, id=9236, stack(0x000000cd81200000,0x000000cd81300000)]
  0x0000020d2e2cb800 JavaThread "C1 CompilerThread0" daemon [_thread_blocked, id=14444, stack(0x000000cd81300000,0x000000cd81400000)]
  0x0000020d2e2d1800 JavaThread "Sweeper thread" daemon [_thread_blocked, id=9172, stack(0x000000cd81400000,0x000000cd81500000)]
  0x0000020d2ed7c000 JavaThread "Common-Cleaner" daemon [_thread_blocked, id=2248, stack(0x000000cd81500000,0x000000cd81600000)]
  0x0000020d30462800 JavaThread "Daemon health stats" [_thread_blocked, id=16184, stack(0x000000cd81a00000,0x000000cd81b00000)]
  0x0000020d3157f000 JavaThread "Incoming local TCP Connector on port 55254" [_thread_in_native, id=14228, stack(0x000000cd81700000,0x000000cd81800000)]
  0x0000020d2ee4f000 JavaThread "Daemon periodic checks" [_thread_blocked, id=15744, stack(0x000000cd81b00000,0x000000cd81c00000)]
  0x0000020d30ebe800 JavaThread "Daemon" [_thread_blocked, id=14992, stack(0x000000cd81c00000,0x000000cd81d00000)]
  0x0000020d316ce800 JavaThread "Handler for socket connection from /127.0.0.1:55254 to /127.0.0.1:55255" [_thread_in_native, id=15244, stack(0x000000cd81d00000,0x000000cd81e00000)]
  0x0000020d310f2000 JavaThread "Cancel handler" [_thread_blocked, id=14100, stack(0x000000cd81e00000,0x000000cd81f00000)]
  0x0000020d30114000 JavaThread "Daemon worker" [_thread_in_native, id=12240, stack(0x000000cd81f00000,0x000000cd82000000)]
  0x0000020d31887800 JavaThread "Asynchronous log dispatcher for DefaultDaemonConnection: socket connection from /127.0.0.1:55254 to /127.0.0.1:55255" [_thread_blocked, id=12588, stack(0x000000cd82100000,0x000000cd82200000)]
  0x0000020d2f8d9000 JavaThread "Stdin handler" [_thread_blocked, id=10644, stack(0x000000cd82200000,0x000000cd82300000)]
  0x0000020d2f8da000 JavaThread "Daemon client event forwarder" [_thread_blocked, id=15672, stack(0x000000cd82300000,0x000000cd82400000)]
  0x0000020d2f8d8800 JavaThread "Cache worker for journal cache (C:\Users\Nada Said\.gradle\caches\journal-1)" [_thread_blocked, id=812, stack(0x000000cd82000000,0x000000cd82100000)]
  0x0000020d2f8db000 JavaThread "File lock request listener" [_thread_in_native, id=12308, stack(0x000000cd82500000,0x000000cd82600000)]
  0x0000020d2f8db800 JavaThread "Cache worker for file hash cache (C:\Users\Nada Said\.gradle\caches\7.3.3\fileHashes)" [_thread_blocked, id=10316, stack(0x000000cd82600000,0x000000cd82700000)]
  0x0000020d2f8dc800 JavaThread "Cache worker for file hash cache (D:\AndroidProject\EcommerceApp\.gradle\7.3.3\fileHashes)" [_thread_blocked, id=10636, stack(0x000000cd82700000,0x000000cd82800000)]
  0x0000020d2f8dd000 JavaThread "File watcher server" daemon [_thread_in_native, id=14836, stack(0x000000cd82900000,0x000000cd82a00000)]
  0x0000020d2f8d7800 JavaThread "File watcher consumer" daemon [_thread_blocked, id=1688, stack(0x000000cd82a00000,0x000000cd82b00000)]
  0x0000020d2f8de000 JavaThread "jar transforms" [_thread_blocked, id=13460, stack(0x000000cd82b00000,0x000000cd82c00000)]
  0x0000020d3452f000 JavaThread "jar transforms Thread 2" [_thread_blocked, id=17156, stack(0x000000cd82c00000,0x000000cd82d00000)]
  0x0000020d34530000 JavaThread "jar transforms Thread 3" [_thread_blocked, id=5028, stack(0x000000cd82d00000,0x000000cd82e00000)]
  0x0000020d34531000 JavaThread "jar transforms Thread 4" [_thread_blocked, id=10764, stack(0x000000cd82e00000,0x000000cd82f00000)]
  0x0000020d3452b000 JavaThread "Cache worker for checksums cache (D:\AndroidProject\EcommerceApp\.gradle\7.3.3\checksums)" [_thread_blocked, id=7428, stack(0x000000cd82f00000,0x000000cd83000000)]
  0x0000020d34531800 JavaThread "Cache worker for cache directory md-supplier (C:\Users\Nada Said\.gradle\caches\7.3.3\md-supplier)" [_thread_blocked, id=4536, stack(0x000000cd83000000,0x000000cd83100000)]
  0x0000020d3452c000 JavaThread "Cache worker for cache directory md-rule (C:\Users\Nada Said\.gradle\caches\7.3.3\md-rule)" [_thread_blocked, id=8852, stack(0x000000cd83100000,0x000000cd83200000)]
  0x0000020d3452e800 JavaThread "Cache worker for execution history cache (C:\Users\Nada Said\.gradle\caches\7.3.3\executionHistory)" [_thread_blocked, id=8828, stack(0x000000cd83200000,0x000000cd83300000)]
  0x0000020d34532800 JavaThread "Cache worker for file content cache (C:\Users\Nada Said\.gradle\caches\7.3.3\fileContent)" [_thread_blocked, id=16700, stack(0x000000cd83300000,0x000000cd83400000)]
  0x0000020d34534000 JavaThread "Cache worker for dependencies-accessors (D:\AndroidProject\EcommerceApp\.gradle\7.3.3\dependencies-accessors)" [_thread_blocked, id=12024, stack(0x000000cd83400000,0x000000cd83500000)]
  0x0000020d34535000 JavaThread "Cache worker for Build Output Cleanup Cache (D:\AndroidProject\EcommerceApp\.gradle\buildOutputCleanup)" [_thread_blocked, id=7136, stack(0x000000cd83500000,0x000000cd83600000)]
  0x0000020d34537800 JavaThread "Unconstrained build operations" [_thread_blocked, id=11548, stack(0x000000cd82800000,0x000000cd82900000)]
  0x0000020d34535800 JavaThread "Unconstrained build operations Thread 2" [_thread_blocked, id=4640, stack(0x000000cd83700000,0x000000cd83800000)]
  0x0000020d34539000 JavaThread "Unconstrained build operations Thread 3" [_thread_blocked, id=12676, stack(0x000000cd83800000,0x000000cd83900000)]
  0x0000020d34536800 JavaThread "Unconstrained build operations Thread 4" [_thread_blocked, id=16360, stack(0x000000cd83a00000,0x000000cd83b00000)]
  0x0000020d34538000 JavaThread "Unconstrained build operations Thread 5" [_thread_blocked, id=8032, stack(0x000000cd83b00000,0x000000cd83c00000)]
  0x0000020d34533000 JavaThread "Unconstrained build operations Thread 6" [_thread_blocked, id=15276, stack(0x000000cd83c00000,0x000000cd83d00000)]
  0x0000020d3453a000 JavaThread "Unconstrained build operations Thread 7" [_thread_blocked, id=11832, stack(0x000000cd83d00000,0x000000cd83e00000)]
  0x0000020d35b7f000 JavaThread "Unconstrained build operations Thread 8" [_thread_blocked, id=9952, stack(0x000000cd83e00000,0x000000cd83f00000)]
  0x0000020d35b80000 JavaThread "Unconstrained build operations Thread 9" [_thread_blocked, id=224, stack(0x000000cd83f00000,0x000000cd84000000)]
  0x0000020d35b80800 JavaThread "Unconstrained build operations Thread 10" [_thread_blocked, id=14596, stack(0x000000cd84000000,0x000000cd84100000)]
  0x0000020d35b82800 JavaThread "Unconstrained build operations Thread 11" [_thread_blocked, id=13832, stack(0x000000cd84100000,0x000000cd84200000)]
  0x0000020d35b7e000 JavaThread "Unconstrained build operations Thread 12" [_thread_blocked, id=16456, stack(0x000000cd84200000,0x000000cd84300000)]
  0x0000020d35b85000 JavaThread "Unconstrained build operations Thread 13" [_thread_blocked, id=11900, stack(0x000000cd84300000,0x000000cd84400000)]
  0x0000020d35b81800 JavaThread "Unconstrained build operations Thread 14" [_thread_blocked, id=924, stack(0x000000cd84400000,0x000000cd84500000)]
  0x0000020d35b86800 JavaThread "Unconstrained build operations Thread 15" [_thread_blocked, id=9436, stack(0x000000cd84500000,0x000000cd84600000)]
  0x0000020d35b89000 JavaThread "Unconstrained build operations Thread 16" [_thread_blocked, id=9104, stack(0x000000cd84600000,0x000000cd84700000)]
  0x0000020d35b84000 JavaThread "Unconstrained build operations Thread 17" [_thread_blocked, id=2592, stack(0x000000cd84700000,0x000000cd84800000)]
  0x0000020d35b88000 JavaThread "Unconstrained build operations Thread 18" [_thread_blocked, id=10976, stack(0x000000cd84800000,0x000000cd84900000)]
  0x0000020d35b83000 JavaThread "Unconstrained build operations Thread 19" [_thread_blocked, id=13744, stack(0x000000cd84900000,0x000000cd84a00000)]
  0x0000020d35b8a800 JavaThread "Unconstrained build operations Thread 20" [_thread_blocked, id=5636, stack(0x000000cd84a00000,0x000000cd84b00000)]
  0x0000020d35b8b800 JavaThread "Unconstrained build operations Thread 21" [_thread_blocked, id=16172, stack(0x000000cd84b00000,0x000000cd84c00000)]
  0x0000020d35b89800 JavaThread "Unconstrained build operations Thread 22" [_thread_blocked, id=12516, stack(0x000000cd84c00000,0x000000cd84d00000)]
  0x0000020d35b85800 JavaThread "Unconstrained build operations Thread 23" [_thread_blocked, id=13404, stack(0x000000cd84d00000,0x000000cd84e00000)]
  0x0000020d35b87000 JavaThread "Unconstrained build operations Thread 24" [_thread_blocked, id=13776, stack(0x000000cd84e00000,0x000000cd84f00000)]
  0x0000020d35b8c000 JavaThread "Unconstrained build operations Thread 25" [_thread_blocked, id=11320, stack(0x000000cd84f00000,0x000000cd85000000)]
  0x0000020d35b8d000 JavaThread "Unconstrained build operations Thread 26" [_thread_blocked, id=3768, stack(0x000000cd85000000,0x000000cd85100000)]
  0x0000020d2fda0800 JavaThread "Unconstrained build operations Thread 27" [_thread_blocked, id=1972, stack(0x000000cd85100000,0x000000cd85200000)]
  0x0000020d2fd9f000 JavaThread "Unconstrained build operations Thread 28" [_thread_blocked, id=9148, stack(0x000000cd85200000,0x000000cd85300000)]
  0x0000020d2fda0000 JavaThread "Unconstrained build operations Thread 29" [_thread_blocked, id=216, stack(0x000000cd85300000,0x000000cd85400000)]
  0x0000020d2fda1800 JavaThread "Unconstrained build operations Thread 30" [_thread_blocked, id=3644, stack(0x000000cd85400000,0x000000cd85500000)]
  0x0000020d2fd9b800 JavaThread "Unconstrained build operations Thread 31" [_thread_blocked, id=8388, stack(0x000000cd85500000,0x000000cd85600000)]
  0x0000020d2fda2800 JavaThread "Unconstrained build operations Thread 32" [_thread_blocked, id=5172, stack(0x000000cd85600000,0x000000cd85700000)]
  0x0000020d2fd9c800 JavaThread "Unconstrained build operations Thread 33" [_thread_blocked, id=13656, stack(0x000000cd85700000,0x000000cd85800000)]
  0x0000020d2fda3000 JavaThread "Unconstrained build operations Thread 34" [_thread_blocked, id=13112, stack(0x000000cd85800000,0x000000cd85900000)]
  0x0000020d2fd9d800 JavaThread "Unconstrained build operations Thread 35" [_thread_blocked, id=10680, stack(0x000000cd85900000,0x000000cd85a00000)]
  0x0000020d2fda4000 JavaThread "Unconstrained build operations Thread 36" [_thread_blocked, id=15572, stack(0x000000cd85a00000,0x000000cd85b00000)]
  0x0000020d2fd9e000 JavaThread "Unconstrained build operations Thread 37" [_thread_blocked, id=15192, stack(0x000000cd85b00000,0x000000cd85c00000)]
  0x0000020d2fda7000 JavaThread "Unconstrained build operations Thread 38" [_thread_blocked, id=5124, stack(0x000000cd85c00000,0x000000cd85d00000)]
  0x0000020d2fda8000 JavaThread "Unconstrained build operations Thread 39" [_thread_blocked, id=6728, stack(0x000000cd85d00000,0x000000cd85e00000)]
  0x0000020d2fda9800 JavaThread "Unconstrained build operations Thread 40" [_thread_blocked, id=12864, stack(0x000000cd85e00000,0x000000cd85f00000)]
  0x0000020d351aa800 JavaThread "C2 CompilerThread1" daemon [_thread_in_native, id=15416, stack(0x000000cd83900000,0x000000cd83a00000)]

Other Threads:
  0x0000020d2e29b800 VMThread "VM Thread" [stack: 0x000000cd80c00000,0x000000cd80d00000] [id=6616]
  0x0000020d2ed93800 WatcherThread [stack: 0x000000cd81600000,0x000000cd81700000] [id=17076]
  0x0000020d146c7800 GCTaskThread "GC Thread#0" [stack: 0x000000cd80700000,0x000000cd80800000] [id=13540]
  0x0000020d2f3ee000 GCTaskThread "GC Thread#1" [stack: 0x000000cd81800000,0x000000cd81900000] [id=15436]
  0x0000020d2f6f7000 GCTaskThread "GC Thread#2" [stack: 0x000000cd81900000,0x000000cd81a00000] [id=10800]
  0x0000020d2efdd800 GCTaskThread "GC Thread#3" [stack: 0x000000cd82400000,0x000000cd82500000] [id=2648]
  0x0000020d146fb000 ConcurrentGCThread "G1 Main Marker" [stack: 0x000000cd80800000,0x000000cd80900000] [id=6776]
  0x0000020d146fc000 ConcurrentGCThread "G1 Conc#0" [stack: 0x000000cd80900000,0x000000cd80a00000] [id=9540]
  0x0000020d14789000 ConcurrentGCThread "G1 Refine#0" [stack: 0x000000cd80a00000,0x000000cd80b00000] [id=5332]
  0x0000020d1478a000 ConcurrentGCThread "G1 Young RemSet Sampling" [stack: 0x000000cd80b00000,0x000000cd80c00000] [id=14892]

Threads with active compile tasks:
C2 CompilerThread0  30235 7758       4       groovyjarjarantlr4.v4.runtime.atn.PredictionContext::getCachedContext (297 bytes)
C2 CompilerThread1  30235 7803       4       groovyjarjarantlr4.v4.runtime.atn.PredictionContext::join (569 bytes)

VM state:not at safepoint (normal execution)

VM Mutex/Monitor currently owned by a thread: None

Heap address: 0x0000000080000000, size: 2048 MB, Compressed Oops mode: 32-bit
Narrow klass base: 0x0000000000000000, Narrow klass shift: 3
Compressed class space size: 1073741824 Address: 0x0000000100000000

Heap:
 garbage-first heap   total 157696K, used 103939K [0x0000000080000000, 0x0000000100000000)
  region size 1024K, 35 young (35840K), 7 survivors (7168K)
 Metaspace       used 67612K, capacity 69380K, committed 69504K, reserved 1110016K
  class space    used 8641K, capacity 9260K, committed 9344K, reserved 1048576K
Heap Regions: E=young(eden), S=young(survivor), O=old, HS=humongous(starts), HC=humongous(continues), CS=collection set, F=free, A=archive, TAMS=top-at-mark-start (previous, next)
|   0|0x0000000080000000, 0x0000000080100000, 0x0000000080100000|100%|HS|  |TAMS 0x0000000080100000, 0x0000000080000000| Complete 
|   1|0x0000000080100000, 0x0000000080200000, 0x0000000080200000|100%|HC|  |TAMS 0x0000000080200000, 0x0000000080100000| Complete 
|   2|0x0000000080200000, 0x0000000080300000, 0x0000000080300000|100%|HC|  |TAMS 0x0000000080300000, 0x0000000080200000| Complete 
|   3|0x0000000080300000, 0x0000000080400000, 0x0000000080400000|100%| O|  |TAMS 0x0000000080400000, 0x0000000080300000| Untracked 
|   4|0x0000000080400000, 0x0000000080500000, 0x0000000080500000|100%| O|  |TAMS 0x0000000080500000, 0x0000000080400000| Untracked 
|   5|0x0000000080500000, 0x0000000080600000, 0x0000000080600000|100%| O|  |TAMS 0x0000000080600000, 0x0000000080500000| Untracked 
|   6|0x0000000080600000, 0x0000000080700000, 0x0000000080700000|100%| O|  |TAMS 0x0000000080700000, 0x0000000080600000| Untracked 
|   7|0x0000000080700000, 0x0000000080800000, 0x0000000080800000|100%| O|  |TAMS 0x0000000080800000, 0x0000000080700000| Untracked 
|   8|0x0000000080800000, 0x0000000080900000, 0x0000000080900000|100%| O|  |TAMS 0x0000000080900000, 0x0000000080800000| Untracked 
|   9|0x0000000080900000, 0x0000000080a00000, 0x0000000080a00000|100%| O|  |TAMS 0x0000000080a00000, 0x0000000080900000| Untracked 
|  10|0x0000000080a00000, 0x0000000080b00000, 0x0000000080b00000|100%| O|  |TAMS 0x0000000080b00000, 0x0000000080a00000| Untracked 
|  11|0x0000000080b00000, 0x0000000080c00000, 0x0000000080c00000|100%| O|  |TAMS 0x0000000080c00000, 0x0000000080b00000| Untracked 
|  12|0x0000000080c00000, 0x0000000080d00000, 0x0000000080d00000|100%| O|  |TAMS 0x0000000080d00000, 0x0000000080c00000| Untracked 
|  13|0x0000000080d00000, 0x0000000080e00000, 0x0000000080e00000|100%| O|  |TAMS 0x0000000080e00000, 0x0000000080d00000| Untracked 
|  14|0x0000000080e00000, 0x0000000080f00000, 0x0000000080f00000|100%| O|  |TAMS 0x0000000080f00000, 0x0000000080e00000| Untracked 
|  15|0x0000000080f00000, 0x0000000081000000, 0x0000000081000000|100%| O|  |TAMS 0x0000000081000000, 0x0000000080f00000| Untracked 
|  16|0x0000000081000000, 0x0000000081100000, 0x0000000081100000|100%|HS|  |TAMS 0x0000000081100000, 0x0000000081000000| Complete 
|  17|0x0000000081100000, 0x0000000081200000, 0x0000000081200000|100%|HC|  |TAMS 0x0000000081200000, 0x0000000081100000| Complete 
|  18|0x0000000081200000, 0x0000000081300000, 0x0000000081300000|100%|HS|  |TAMS 0x0000000081300000, 0x0000000081200000| Complete 
|  19|0x0000000081300000, 0x0000000081400000, 0x0000000081400000|100%|HC|  |TAMS 0x0000000081400000, 0x0000000081300000| Complete 
|  20|0x0000000081400000, 0x0000000081500000, 0x0000000081500000|100%|HC|  |TAMS 0x0000000081500000, 0x0000000081400000| Complete 
|  21|0x0000000081500000, 0x0000000081600000, 0x0000000081600000|100%|HS|  |TAMS 0x0000000081600000, 0x0000000081500000| Complete 
|  22|0x0000000081600000, 0x0000000081700000, 0x0000000081700000|100%|HS|  |TAMS 0x0000000081700000, 0x0000000081600000| Complete 
|  23|0x0000000081700000, 0x0000000081800000, 0x0000000081800000|100%|HC|  |TAMS 0x0000000081800000, 0x0000000081700000| Complete 
|  24|0x0000000081800000, 0x0000000081900000, 0x0000000081900000|100%|HC|  |TAMS 0x0000000081900000, 0x0000000081800000| Complete 
|  25|0x0000000081900000, 0x0000000081a00000, 0x0000000081a00000|100%|HC|  |TAMS 0x0000000081a00000, 0x0000000081900000| Complete 
|  26|0x0000000081a00000, 0x0000000081b00000, 0x0000000081b00000|100%| O|  |TAMS 0x0000000081b00000, 0x0000000081a00000| Untracked 
|  27|0x0000000081b00000, 0x0000000081c00000, 0x0000000081c00000|100%| O|  |TAMS 0x0000000081c00000, 0x0000000081b00000| Untracked 
|  28|0x0000000081c00000, 0x0000000081d00000, 0x0000000081d00000|100%| O|  |TAMS 0x0000000081d00000, 0x0000000081c00000| Untracked 
|  29|0x0000000081d00000, 0x0000000081e00000, 0x0000000081e00000|100%| O|  |TAMS 0x0000000081e00000, 0x0000000081d00000| Untracked 
|  30|0x0000000081e00000, 0x0000000081f00000, 0x0000000081f00000|100%| O|  |TAMS 0x0000000081f00000, 0x0000000081e00000| Untracked 
|  31|0x0000000081f00000, 0x0000000082000000, 0x0000000082000000|100%| O|  |TAMS 0x0000000082000000, 0x0000000081f00000| Untracked 
|  32|0x0000000082000000, 0x0000000082100000, 0x0000000082100000|100%| O|  |TAMS 0x0000000082100000, 0x0000000082000000| Untracked 
|  33|0x0000000082100000, 0x0000000082200000, 0x0000000082200000|100%| O|  |TAMS 0x0000000082200000, 0x0000000082100000| Untracked 
|  34|0x0000000082200000, 0x0000000082300000, 0x0000000082300000|100%|HS|  |TAMS 0x0000000082300000, 0x0000000082200000| Complete 
|  35|0x0000000082300000, 0x0000000082400000, 0x0000000082400000|100%|HS|  |TAMS 0x0000000082400000, 0x0000000082300000| Complete 
|  36|0x0000000082400000, 0x0000000082500000, 0x0000000082500000|100%|HC|  |TAMS 0x0000000082500000, 0x0000000082400000| Complete 
|  37|0x0000000082500000, 0x0000000082600000, 0x0000000082600000|100%|HC|  |TAMS 0x0000000082600000, 0x0000000082500000| Complete 
|  38|0x0000000082600000, 0x0000000082700000, 0x0000000082700000|100%| O|  |TAMS 0x0000000082700000, 0x0000000082600000| Untracked 
|  39|0x0000000082700000, 0x0000000082800000, 0x0000000082800000|100%| O|  |TAMS 0x0000000082800000, 0x0000000082700000| Untracked 
|  40|0x0000000082800000, 0x0000000082900000, 0x0000000082900000|100%| O|  |TAMS 0x0000000082900000, 0x0000000082800000| Untracked 
|  41|0x0000000082900000, 0x0000000082a00000, 0x0000000082a00000|100%| O|  |TAMS 0x0000000082a00000, 0x0000000082900000| Untracked 
|  42|0x0000000082a00000, 0x0000000082b00000, 0x0000000082b00000|100%| O|  |TAMS 0x0000000082b00000, 0x0000000082a00000| Untracked 
|  43|0x0000000082b00000, 0x0000000082c00000, 0x0000000082c00000|100%| O|  |TAMS 0x0000000082c00000, 0x0000000082b00000| Untracked 
|  44|0x0000000082c00000, 0x0000000082d00000, 0x0000000082d00000|100%| O|  |TAMS 0x0000000082d00000, 0x0000000082c00000| Untracked 
|  45|0x0000000082d00000, 0x0000000082e00000, 0x0000000082e00000|100%|HS|  |TAMS 0x0000000082e00000, 0x0000000082d00000| Complete 
|  46|0x0000000082e00000, 0x0000000082f00000, 0x0000000082f00000|100%|HC|  |TAMS 0x0000000082f00000, 0x0000000082e00000| Complete 
|  47|0x0000000082f00000, 0x0000000083000000, 0x0000000083000000|100%|HC|  |TAMS 0x0000000083000000, 0x0000000082f00000| Complete 
|  48|0x0000000083000000, 0x0000000083100000, 0x0000000083100000|100%|HC|  |TAMS 0x0000000083100000, 0x0000000083000000| Complete 
|  49|0x0000000083100000, 0x0000000083200000, 0x0000000083200000|100%| O|  |TAMS 0x0000000083200000, 0x0000000083100000| Untracked 
|  50|0x0000000083200000, 0x0000000083300000, 0x0000000083300000|100%| O|  |TAMS 0x0000000083300000, 0x0000000083200000| Untracked 
|  51|0x0000000083300000, 0x0000000083400000, 0x0000000083400000|100%| O|  |TAMS 0x0000000083400000, 0x0000000083300000| Untracked 
|  52|0x0000000083400000, 0x0000000083500000, 0x0000000083500000|100%| O|  |TAMS 0x0000000083500000, 0x0000000083400000| Untracked 
|  53|0x0000000083500000, 0x0000000083600000, 0x0000000083600000|100%| O|  |TAMS 0x0000000083600000, 0x0000000083500000| Untracked 
|  54|0x0000000083600000, 0x0000000083700000, 0x0000000083700000|100%| O|  |TAMS 0x0000000083700000, 0x0000000083600000| Untracked 
|  55|0x0000000083700000, 0x0000000083800000, 0x0000000083800000|100%| O|  |TAMS 0x0000000083800000, 0x0000000083700000| Untracked 
|  56|0x0000000083800000, 0x0000000083900000, 0x0000000083900000|100%| O|  |TAMS 0x000000008384fa00, 0x0000000083800000| Untracked 
|  57|0x0000000083900000, 0x0000000083a00000, 0x0000000083a00000|100%| O|  |TAMS 0x0000000083900000, 0x0000000083900000| Untracked 
|  58|0x0000000083a00000, 0x0000000083b00000, 0x0000000083b00000|100%| O|  |TAMS 0x0000000083a00000, 0x0000000083a00000| Untracked 
|  59|0x0000000083b00000, 0x0000000083c00000, 0x0000000083c00000|100%|HS|  |TAMS 0x0000000083b00000, 0x0000000083b00000| Complete 
|  60|0x0000000083c00000, 0x0000000083d00000, 0x0000000083d00000|100%|HS|  |TAMS 0x0000000083c00000, 0x0000000083c00000| Complete 
|  61|0x0000000083d00000, 0x0000000083e00000, 0x0000000083e00000|100%|HS|  |TAMS 0x0000000083d00000, 0x0000000083d00000| Complete 
|  62|0x0000000083e00000, 0x0000000083f00000, 0x0000000083f00000|100%|HC|  |TAMS 0x0000000083e00000, 0x0000000083e00000| Complete 
|  63|0x0000000083f00000, 0x0000000084000000, 0x0000000084000000|100%| O|  |TAMS 0x0000000083f00000, 0x0000000083f00000| Untracked 
|  64|0x0000000084000000, 0x0000000084100000, 0x0000000084100000|100%| O|  |TAMS 0x0000000084000000, 0x0000000084000000| Untracked 
|  65|0x0000000084100000, 0x0000000084200000, 0x0000000084200000|100%| O|  |TAMS 0x0000000084100000, 0x0000000084100000| Untracked 
|  66|0x0000000084200000, 0x0000000084300000, 0x0000000084300000|100%| O|  |TAMS 0x0000000084200000, 0x0000000084200000| Untracked 
|  67|0x0000000084300000, 0x0000000084380c00, 0x0000000084400000| 50%| O|  |TAMS 0x0000000084300000, 0x0000000084300000| Untracked 
|  68|0x0000000084400000, 0x0000000084400000, 0x0000000084500000|  0%| F|  |TAMS 0x0000000084400000, 0x0000000084400000| Untracked 
|  69|0x0000000084500000, 0x0000000084500000, 0x0000000084600000|  0%| F|  |TAMS 0x0000000084500000, 0x0000000084500000| Untracked 
|  70|0x0000000084600000, 0x0000000084600000, 0x0000000084700000|  0%| F|  |TAMS 0x0000000084600000, 0x0000000084600000| Untracked 
|  71|0x0000000084700000, 0x0000000084700000, 0x0000000084800000|  0%| F|  |TAMS 0x0000000084700000, 0x0000000084700000| Untracked 
|  72|0x0000000084800000, 0x0000000084800000, 0x0000000084900000|  0%| F|  |TAMS 0x0000000084800000, 0x0000000084800000| Untracked 
|  73|0x0000000084900000, 0x0000000084900000, 0x0000000084a00000|  0%| F|  |TAMS 0x0000000084900000, 0x0000000084900000| Untracked 
|  74|0x0000000084a00000, 0x0000000084a00000, 0x0000000084b00000|  0%| F|  |TAMS 0x0000000084a00000, 0x0000000084a00000| Untracked 
|  75|0x0000000084b00000, 0x0000000084b00000, 0x0000000084c00000|  0%| F|  |TAMS 0x0000000084b00000, 0x0000000084b00000| Untracked 
|  76|0x0000000084c00000, 0x0000000084c00000, 0x0000000084d00000|  0%| F|  |TAMS 0x0000000084c00000, 0x0000000084c00000| Untracked 
|  77|0x0000000084d00000, 0x0000000084d00000, 0x0000000084e00000|  0%| F|  |TAMS 0x0000000084d00000, 0x0000000084d00000| Untracked 
|  78|0x0000000084e00000, 0x0000000084e00000, 0x0000000084f00000|  0%| F|  |TAMS 0x0000000084e00000, 0x0000000084e00000| Untracked 
|  79|0x0000000084f00000, 0x0000000084f00000, 0x0000000085000000|  0%| F|  |TAMS 0x0000000084f00000, 0x0000000084f00000| Untracked 
|  80|0x0000000085000000, 0x0000000085000000, 0x0000000085100000|  0%| F|  |TAMS 0x0000000085000000, 0x0000000085000000| Untracked 
|  81|0x0000000085100000, 0x0000000085100000, 0x0000000085200000|  0%| F|  |TAMS 0x0000000085100000, 0x0000000085100000| Untracked 
|  82|0x0000000085200000, 0x0000000085200000, 0x0000000085300000|  0%| F|  |TAMS 0x0000000085200000, 0x0000000085200000| Untracked 
|  83|0x0000000085300000, 0x0000000085300000, 0x0000000085400000|  0%| F|  |TAMS 0x0000000085300000, 0x0000000085300000| Untracked 
|  84|0x0000000085400000, 0x0000000085400000, 0x0000000085500000|  0%| F|  |TAMS 0x0000000085400000, 0x0000000085400000| Untracked 
|  85|0x0000000085500000, 0x0000000085500000, 0x0000000085600000|  0%| F|  |TAMS 0x0000000085500000, 0x0000000085500000| Untracked 
|  86|0x0000000085600000, 0x0000000085600000, 0x0000000085700000|  0%| F|  |TAMS 0x0000000085600000, 0x0000000085600000| Untracked 
|  87|0x0000000085700000, 0x0000000085700000, 0x0000000085800000|  0%| F|  |TAMS 0x0000000085700000, 0x0000000085700000| Untracked 
|  88|0x0000000085800000, 0x0000000085800000, 0x0000000085900000|  0%| F|  |TAMS 0x0000000085800000, 0x0000000085800000| Untracked 
|  89|0x0000000085900000, 0x0000000085900000, 0x0000000085a00000|  0%| F|  |TAMS 0x0000000085900000, 0x0000000085900000| Untracked 
|  90|0x0000000085a00000, 0x0000000085a00000, 0x0000000085b00000|  0%| F|  |TAMS 0x0000000085a00000, 0x0000000085a00000| Untracked 
|  91|0x0000000085b00000, 0x0000000085b00000, 0x0000000085c00000|  0%| F|  |TAMS 0x0000000085b00000, 0x0000000085b00000| Untracked 
|  92|0x0000000085c00000, 0x0000000085c00000, 0x0000000085d00000|  0%| F|  |TAMS 0x0000000085c00000, 0x0000000085c00000| Untracked 
|  93|0x0000000085d00000, 0x0000000085e00000, 0x0000000085e00000|100%| S|CS|TAMS 0x0000000085d00000, 0x0000000085d00000| Complete 
|  94|0x0000000085e00000, 0x0000000085f00000, 0x0000000085f00000|100%| S|CS|TAMS 0x0000000085e00000, 0x0000000085e00000| Complete 
|  95|0x0000000085f00000, 0x0000000086000000, 0x0000000086000000|100%| S|CS|TAMS 0x0000000085f00000, 0x0000000085f00000| Complete 
|  96|0x0000000086000000, 0x0000000086100000, 0x0000000086100000|100%| S|CS|TAMS 0x0000000086000000, 0x0000000086000000| Complete 
|  97|0x0000000086100000, 0x0000000086100000, 0x0000000086200000|  0%| F|  |TAMS 0x0000000086100000, 0x0000000086100000| Untracked 
|  98|0x0000000086200000, 0x0000000086200000, 0x0000000086300000|  0%| F|  |TAMS 0x0000000086200000, 0x0000000086200000| Untracked 
|  99|0x0000000086300000, 0x0000000086300000, 0x0000000086400000|  0%| F|  |TAMS 0x0000000086300000, 0x0000000086300000| Untracked 
| 100|0x0000000086400000, 0x0000000086400000, 0x0000000086500000|  0%| F|  |TAMS 0x0000000086400000, 0x0000000086400000| Untracked 
| 101|0x0000000086500000, 0x0000000086500000, 0x0000000086600000|  0%| F|  |TAMS 0x0000000086500000, 0x0000000086500000| Untracked 
| 102|0x0000000086600000, 0x0000000086700000, 0x0000000086700000|100%| S|CS|TAMS 0x0000000086600000, 0x0000000086600000| Complete 
| 103|0x0000000086700000, 0x0000000086800000, 0x0000000086800000|100%| S|CS|TAMS 0x0000000086700000, 0x0000000086700000| Complete 
| 104|0x0000000086800000, 0x0000000086900000, 0x0000000086900000|100%| S|CS|TAMS 0x0000000086800000, 0x0000000086800000| Complete 
| 105|0x0000000086900000, 0x0000000086900000, 0x0000000086a00000|  0%| F|  |TAMS 0x0000000086900000, 0x0000000086900000| Untracked 
| 106|0x0000000086a00000, 0x0000000086a00000, 0x0000000086b00000|  0%| F|  |TAMS 0x0000000086a00000, 0x0000000086a00000| Untracked 
| 107|0x0000000086b00000, 0x0000000086b00000, 0x0000000086c00000|  0%| F|  |TAMS 0x0000000086b00000, 0x0000000086b00000| Untracked 
| 108|0x0000000086c00000, 0x0000000086c00000, 0x0000000086d00000|  0%| F|  |TAMS 0x0000000086c00000, 0x0000000086c00000| Untracked 
| 109|0x0000000086d00000, 0x0000000086d00000, 0x0000000086e00000|  0%| F|  |TAMS 0x0000000086d00000, 0x0000000086d00000| Untracked 
| 110|0x0000000086e00000, 0x0000000086e00000, 0x0000000086f00000|  0%| F|  |TAMS 0x0000000086e00000, 0x0000000086e00000| Untracked 
| 111|0x0000000086f00000, 0x0000000086f00000, 0x0000000087000000|  0%| F|  |TAMS 0x0000000086f00000, 0x0000000086f00000| Untracked 
| 112|0x0000000087000000, 0x0000000087000000, 0x0000000087100000|  0%| F|  |TAMS 0x0000000087000000, 0x0000000087000000| Untracked 
| 113|0x0000000087100000, 0x0000000087100000, 0x0000000087200000|  0%| F|  |TAMS 0x0000000087100000, 0x0000000087100000| Untracked 
| 114|0x0000000087200000, 0x0000000087200000, 0x0000000087300000|  0%| F|  |TAMS 0x0000000087200000, 0x0000000087200000| Untracked 
| 115|0x0000000087300000, 0x0000000087300000, 0x0000000087400000|  0%| F|  |TAMS 0x0000000087300000, 0x0000000087300000| Untracked 
| 116|0x0000000087400000, 0x0000000087400000, 0x0000000087500000|  0%| F|  |TAMS 0x0000000087400000, 0x0000000087400000| Untracked 
| 117|0x0000000087500000, 0x0000000087500000, 0x0000000087600000|  0%| F|  |TAMS 0x0000000087500000, 0x0000000087500000| Untracked 
| 118|0x0000000087600000, 0x0000000087600000, 0x0000000087700000|  0%| F|  |TAMS 0x0000000087600000, 0x0000000087600000| Untracked 
| 119|0x0000000087700000, 0x0000000087700000, 0x0000000087800000|  0%| F|  |TAMS 0x0000000087700000, 0x0000000087700000| Untracked 
| 120|0x0000000087800000, 0x0000000087800000, 0x0000000087900000|  0%| F|  |TAMS 0x0000000087800000, 0x0000000087800000| Untracked 
| 121|0x0000000087900000, 0x0000000087900000, 0x0000000087a00000|  0%| F|  |TAMS 0x0000000087900000, 0x0000000087900000| Untracked 
| 122|0x0000000087a00000, 0x0000000087a00000, 0x0000000087b00000|  0%| F|  |TAMS 0x0000000087a00000, 0x0000000087a00000| Untracked 
| 123|0x0000000087b00000, 0x0000000087b00000, 0x0000000087c00000|  0%| F|  |TAMS 0x0000000087b00000, 0x0000000087b00000| Untracked 
| 124|0x0000000087c00000, 0x0000000087c00000, 0x0000000087d00000|  0%| F|  |TAMS 0x0000000087c00000, 0x0000000087c00000| Untracked 
| 125|0x0000000087d00000, 0x0000000087d00000, 0x0000000087e00000|  0%| F|  |TAMS 0x0000000087d00000, 0x0000000087d00000| Untracked 
| 126|0x0000000087e00000, 0x0000000087f00000, 0x0000000087f00000|100%| E|  |TAMS 0x0000000087e00000, 0x0000000087e00000| Complete 
| 127|0x0000000087f00000, 0x0000000088000000, 0x0000000088000000|100%| E|CS|TAMS 0x0000000087f00000, 0x0000000087f00000| Complete 
| 128|0x0000000088000000, 0x0000000088100000, 0x0000000088100000|100%| E|CS|TAMS 0x0000000088000000, 0x0000000088000000| Complete 
| 129|0x0000000088100000, 0x0000000088200000, 0x0000000088200000|100%| E|CS|TAMS 0x0000000088100000, 0x0000000088100000| Complete 
| 130|0x0000000088200000, 0x0000000088300000, 0x0000000088300000|100%| E|CS|TAMS 0x0000000088200000, 0x0000000088200000| Complete 
| 131|0x0000000088300000, 0x0000000088400000, 0x0000000088400000|100%| E|CS|TAMS 0x0000000088300000, 0x0000000088300000| Complete 
| 132|0x0000000088400000, 0x0000000088500000, 0x0000000088500000|100%| E|CS|TAMS 0x0000000088400000, 0x0000000088400000| Complete 
| 133|0x0000000088500000, 0x0000000088600000, 0x0000000088600000|100%| E|CS|TAMS 0x0000000088500000, 0x0000000088500000| Complete 
| 134|0x0000000088600000, 0x0000000088700000, 0x0000000088700000|100%| E|CS|TAMS 0x0000000088600000, 0x0000000088600000| Complete 
| 135|0x0000000088700000, 0x0000000088800000, 0x0000000088800000|100%| E|CS|TAMS 0x0000000088700000, 0x0000000088700000| Complete 
| 136|0x0000000088800000, 0x0000000088900000, 0x0000000088900000|100%| E|CS|TAMS 0x0000000088800000, 0x0000000088800000| Complete 
| 137|0x0000000088900000, 0x0000000088a00000, 0x0000000088a00000|100%| E|CS|TAMS 0x0000000088900000, 0x0000000088900000| Complete 
| 138|0x0000000088a00000, 0x0000000088b00000, 0x0000000088b00000|100%| E|CS|TAMS 0x0000000088a00000, 0x0000000088a00000| Complete 
| 139|0x0000000088b00000, 0x0000000088c00000, 0x0000000088c00000|100%| E|CS|TAMS 0x0000000088b00000, 0x0000000088b00000| Complete 
| 140|0x0000000088c00000, 0x0000000088d00000, 0x0000000088d00000|100%| E|CS|TAMS 0x0000000088c00000, 0x0000000088c00000| Complete 
| 141|0x0000000088d00000, 0x0000000088e00000, 0x0000000088e00000|100%| E|CS|TAMS 0x0000000088d00000, 0x0000000088d00000| Complete 
| 142|0x0000000088e00000, 0x0000000088f00000, 0x0000000088f00000|100%| E|CS|TAMS 0x0000000088e00000, 0x0000000088e00000| Complete 
| 143|0x0000000088f00000, 0x0000000089000000, 0x0000000089000000|100%| E|CS|TAMS 0x0000000088f00000, 0x0000000088f00000| Complete 
| 144|0x0000000089000000, 0x0000000089100000, 0x0000000089100000|100%| E|CS|TAMS 0x0000000089000000, 0x0000000089000000| Complete 
| 145|0x0000000089100000, 0x0000000089200000, 0x0000000089200000|100%| E|CS|TAMS 0x0000000089100000, 0x0000000089100000| Complete 
| 146|0x0000000089200000, 0x0000000089300000, 0x0000000089300000|100%| E|CS|TAMS 0x0000000089200000, 0x0000000089200000| Complete 
| 147|0x0000000089300000, 0x0000000089400000, 0x0000000089400000|100%| E|CS|TAMS 0x0000000089300000, 0x0000000089300000| Complete 
| 148|0x0000000089400000, 0x0000000089500000, 0x0000000089500000|100%| E|CS|TAMS 0x0000000089400000, 0x0000000089400000| Complete 
| 149|0x0000000089500000, 0x0000000089600000, 0x0000000089600000|100%| E|CS|TAMS 0x0000000089500000, 0x0000000089500000| Complete 
| 150|0x0000000089600000, 0x0000000089700000, 0x0000000089700000|100%| E|CS|TAMS 0x0000000089600000, 0x0000000089600000| Complete 
| 151|0x0000000089700000, 0x0000000089800000, 0x0000000089800000|100%| E|CS|TAMS 0x0000000089700000, 0x0000000089700000| Complete 
| 152|0x0000000089800000, 0x0000000089900000, 0x0000000089900000|100%| E|CS|TAMS 0x0000000089800000, 0x0000000089800000| Complete 
| 153|0x0000000089900000, 0x0000000089a00000, 0x0000000089a00000|100%| E|CS|TAMS 0x0000000089900000, 0x0000000089900000| Complete 

Card table byte_map: [0x0000020d275c0000,0x0000020d279c0000] _byte_map_base: 0x0000020d271c0000

Marking Bits (Prev, Next): (CMBitMap*) 0x0000020d146f2360, (CMBitMap*) 0x0000020d146f2328
 Prev Bits: [0x0000020d29dc0000, 0x0000020d2bdc0000)
 Next Bits: [0x0000020d27dc0000, 0x0000020d29dc0000)

Polling page: 0x0000020d126a0000

Metaspace:

Usage:
  Non-class:     58.78 MB capacity,    57.61 MB ( 98%) used,  1012.02 KB (  2%) free+waste,   179.06 KB ( <1%) overhead. 
      Class:      9.04 MB capacity,     8.44 MB ( 93%) used,   531.62 KB (  6%) free+waste,    84.25 KB ( <1%) overhead. 
       Both:     67.82 MB capacity,    66.05 MB ( 97%) used,     1.51 MB (  2%) free+waste,   263.31 KB ( <1%) overhead. 

Virtual space:
  Non-class space:       60.00 MB reserved,      59.00 MB ( 98%) committed 
      Class space:        1.00 GB reserved,       9.13 MB ( <1%) committed 
             Both:        1.06 GB reserved,      68.13 MB (  6%) committed 

Chunk freelists:
   Non-Class:  38.00 KB
       Class:  19.00 KB
        Both:  57.00 KB

MaxMetaspaceSize: 17179869184.00 GB
CompressedClassSpaceSize: 1.00 GB
Initial GC threshold: 20.80 MB
Current GC threshold: 98.34 MB
CDS: off

CodeHeap 'non-profiled nmethods': size=120064Kb used=4657Kb max_used=4657Kb free=115406Kb
 bounds [0x0000020d1fc80000, 0x0000020d20110000, 0x0000020d271c0000]
CodeHeap 'profiled nmethods': size=120000Kb used=16588Kb max_used=16588Kb free=103411Kb
 bounds [0x0000020d18750000, 0x0000020d19790000, 0x0000020d1fc80000]
CodeHeap 'non-nmethods': size=5696Kb used=2357Kb max_used=2401Kb free=3338Kb
 bounds [0x0000020d181c0000, 0x0000020d18430000, 0x0000020d18750000]
 total_blobs=8652 nmethods=7782 adapters=780
 compilation: enabled
              stopped_count=0, restarted_count=0
 full_count=0

Compilation events (20 events):
Event: 29.453 Thread 0x0000020d2e2cb800 7865       2       java.util.jar.Manifest$FastInputStream::<init> (9 bytes)
Event: 29.453 Thread 0x0000020d2e2cb800 nmethod 7865 0x0000020d1977ec90 code [0x0000020d1977ee40, 0x0000020d1977f098]
Event: 29.453 Thread 0x0000020d2e2cb800 7866       2       java.util.jar.Manifest$FastInputStream::<init> (23 bytes)
Event: 29.454 Thread 0x0000020d2e2cb800 nmethod 7866 0x0000020d1977f190 code [0x0000020d1977f340, 0x0000020d1977f598]
Event: 29.463 Thread 0x0000020d2e2cb800 7867       2       com.google.common.collect.RegularImmutableSet::size (6 bytes)
Event: 29.463 Thread 0x0000020d2e2cb800 nmethod 7867 0x0000020d1977f690 code [0x0000020d1977f840, 0x0000020d1977f938]
Event: 29.469 Thread 0x0000020d2e2cb800 7868       2       sun.reflect.annotation.AnnotationParser::parseAnnotations2 (135 bytes)
Event: 29.471 Thread 0x0000020d2e2cb800 nmethod 7868 0x0000020d1977fa10 code [0x0000020d1977fce0, 0x0000020d197805d8]
Event: 29.474 Thread 0x0000020d2e2cb800 7869       2       java.lang.reflect.ProxyGenerator$ProxyMethod::<init> (71 bytes)
Event: 29.475 Thread 0x0000020d2e2cb800 nmethod 7869 0x0000020d19780c90 code [0x0000020d19780ea0, 0x0000020d19781488]
Event: 29.493 Thread 0x0000020d2e2cb800 7870       2       com.google.common.collect.MapMakerInternalMap$StrongKeyWeakValueEntry$Helper::newEntry (16 bytes)
Event: 29.494 Thread 0x0000020d2e2cb800 nmethod 7870 0x0000020d19781690 code [0x0000020d19781860, 0x0000020d19781b58]
Event: 29.494 Thread 0x0000020d2e2cb800 7871       2       com.google.common.collect.MapMakerInternalMap$StrongKeyWeakValueEntry$Helper::newEntry (12 bytes)
Event: 29.494 Thread 0x0000020d2e2cb800 nmethod 7871 0x0000020d19781c90 code [0x0000020d19781e40, 0x0000020d197820d8]
Event: 29.494 Thread 0x0000020d2e2cb800 7872       2       com.google.common.collect.MapMakerInternalMap$1::clear (1 bytes)
Event: 29.494 Thread 0x0000020d2e2cb800 nmethod 7872 0x0000020d19782190 code [0x0000020d19782340, 0x0000020d19782438]
Event: 29.562 Thread 0x0000020d2e2cb800 7874       2       java.util.Collections::singletonMap (10 bytes)
Event: 29.562 Thread 0x0000020d2e2cb800 nmethod 7874 0x0000020d19782510 code [0x0000020d197826c0, 0x0000020d197828b8]
Event: 29.562 Thread 0x0000020d2e2cb800 7875       2       java.util.Collections$SingletonMap::<init> (15 bytes)
Event: 29.562 Thread 0x0000020d2e2cb800 nmethod 7875 0x0000020d19782990 code [0x0000020d19782b40, 0x0000020d19782cd8]

GC Heap History (20 events):
Event: 7.592 GC heap before
{Heap before GC invocations=6 (full 0):
 garbage-first heap   total 131072K, used 69360K [0x0000000080000000, 0x0000000100000000)
  region size 1024K, 57 young (58368K), 5 survivors (5120K)
 Metaspace       used 26403K, capacity 26992K, committed 27264K, reserved 1073152K
  class space    used 3420K, capacity 3636K, committed 3712K, reserved 1048576K
}
Event: 7.607 GC heap after
{Heap after GC invocations=7 (full 0):
 garbage-first heap   total 131072K, used 19146K [0x0000000080000000, 0x0000000100000000)
  region size 1024K, 3 young (3072K), 3 survivors (3072K)
 Metaspace       used 26403K, capacity 26992K, committed 27264K, reserved 1073152K
  class space    used 3420K, capacity 3636K, committed 3712K, reserved 1048576K
}
Event: 9.144 GC heap before
{Heap before GC invocations=7 (full 0):
 garbage-first heap   total 131072K, used 86730K [0x0000000080000000, 0x0000000100000000)
  region size 1024K, 60 young (61440K), 3 survivors (3072K)
 Metaspace       used 31270K, capacity 32160K, committed 32256K, reserved 1077248K
  class space    used 4198K, capacity 4527K, committed 4608K, reserved 1048576K
}
Event: 9.159 GC heap after
{Heap after GC invocations=8 (full 0):
 garbage-first heap   total 157696K, used 34401K [0x0000000080000000, 0x0000000100000000)
  region size 1024K, 8 young (8192K), 8 survivors (8192K)
 Metaspace       used 31270K, capacity 32160K, committed 32256K, reserved 1077248K
  class space    used 4198K, capacity 4527K, committed 4608K, reserved 1048576K
}
Event: 10.014 GC heap before
{Heap before GC invocations=8 (full 0):
 garbage-first heap   total 157696K, used 56929K [0x0000000080000000, 0x0000000100000000)
  region size 1024K, 31 young (31744K), 8 survivors (8192K)
 Metaspace       used 34863K, capacity 35770K, committed 35840K, reserved 1081344K
  class space    used 4644K, capacity 4985K, committed 4992K, reserved 1048576K
}
Event: 10.036 GC heap after
{Heap after GC invocations=9 (full 0):
 garbage-first heap   total 157696K, used 36370K [0x0000000080000000, 0x0000000100000000)
  region size 1024K, 2 young (2048K), 2 survivors (2048K)
 Metaspace       used 34863K, capacity 35770K, committed 35840K, reserved 1081344K
  class space    used 4644K, capacity 4985K, committed 4992K, reserved 1048576K
}
Event: 12.048 GC heap before
{Heap before GC invocations=10 (full 0):
 garbage-first heap   total 157696K, used 97810K [0x0000000080000000, 0x0000000100000000)
  region size 1024K, 59 young (60416K), 2 survivors (2048K)
 Metaspace       used 41772K, capacity 42890K, committed 43136K, reserved 1087488K
  class space    used 5343K, capacity 5731K, committed 5760K, reserved 1048576K
}
Event: 12.061 GC heap after
{Heap after GC invocations=11 (full 0):
 garbage-first heap   total 157696K, used 41286K [0x0000000080000000, 0x0000000100000000)
  region size 1024K, 7 young (7168K), 7 survivors (7168K)
 Metaspace       used 41772K, capacity 42890K, committed 43136K, reserved 1087488K
  class space    used 5343K, capacity 5731K, committed 5760K, reserved 1048576K
}
Event: 14.120 GC heap before
{Heap before GC invocations=11 (full 0):
 garbage-first heap   total 157696K, used 104774K [0x0000000080000000, 0x0000000100000000)
  region size 1024K, 65 young (66560K), 7 survivors (7168K)
 Metaspace       used 46338K, capacity 47491K, committed 47616K, reserved 1091584K
  class space    used 5869K, capacity 6297K, committed 6400K, reserved 1048576K
}
Event: 14.147 GC heap after
{Heap after GC invocations=12 (full 0):
 garbage-first heap   total 157696K, used 49512K [0x0000000080000000, 0x0000000100000000)
  region size 1024K, 5 young (5120K), 5 survivors (5120K)
 Metaspace       used 46338K, capacity 47491K, committed 47616K, reserved 1091584K
  class space    used 5869K, capacity 6297K, committed 6400K, reserved 1048576K
}
Event: 16.332 GC heap before
{Heap before GC invocations=12 (full 0):
 garbage-first heap   total 157696K, used 114024K [0x0000000080000000, 0x0000000100000000)
  region size 1024K, 64 young (65536K), 5 survivors (5120K)
 Metaspace       used 51357K, capacity 52739K, committed 52864K, reserved 1095680K
  class space    used 6731K, capacity 7238K, committed 7296K, reserved 1048576K
}
Event: 16.347 GC heap after
{Heap after GC invocations=13 (full 0):
 garbage-first heap   total 157696K, used 58073K [0x0000000080000000, 0x0000000100000000)
  region size 1024K, 5 young (5120K), 5 survivors (5120K)
 Metaspace       used 51357K, capacity 52739K, committed 52864K, reserved 1095680K
  class space    used 6731K, capacity 7238K, committed 7296K, reserved 1048576K
}
Event: 18.035 GC heap before
{Heap before GC invocations=13 (full 0):
 garbage-first heap   total 157696K, used 114393K [0x0000000080000000, 0x0000000100000000)
  region size 1024K, 61 young (62464K), 5 survivors (5120K)
 Metaspace       used 55843K, capacity 57448K, committed 57600K, reserved 1099776K
  class space    used 7305K, capacity 7847K, committed 7936K, reserved 1048576K
}
Event: 18.050 GC heap after
{Heap after GC invocations=14 (full 0):
 garbage-first heap   total 157696K, used 60720K [0x0000000080000000, 0x0000000100000000)
  region size 1024K, 7 young (7168K), 7 survivors (7168K)
 Metaspace       used 55843K, capacity 57448K, committed 57600K, reserved 1099776K
  class space    used 7305K, capacity 7847K, committed 7936K, reserved 1048576K
}
Event: 18.656 GC heap before
{Heap before GC invocations=14 (full 0):
 garbage-first heap   total 157696K, used 68912K [0x0000000080000000, 0x0000000100000000)
  region size 1024K, 16 young (16384K), 7 survivors (7168K)
 Metaspace       used 58522K, capacity 60077K, committed 60160K, reserved 1101824K
  class space    used 7588K, capacity 8142K, committed 8192K, reserved 1048576K
}
Event: 18.675 GC heap after
{Heap after GC invocations=15 (full 0):
 garbage-first heap   total 157696K, used 62011K [0x0000000080000000, 0x0000000100000000)
  region size 1024K, 5 young (5120K), 5 survivors (5120K)
 Metaspace       used 58522K, capacity 60077K, committed 60160K, reserved 1101824K
  class space    used 7588K, capacity 8142K, committed 8192K, reserved 1048576K
}
Event: 23.715 GC heap before
{Heap before GC invocations=16 (full 0):
 garbage-first heap   total 157696K, used 109115K [0x0000000080000000, 0x0000000100000000)
  region size 1024K, 52 young (53248K), 5 survivors (5120K)
 Metaspace       used 64529K, capacity 66222K, committed 66304K, reserved 1105920K
  class space    used 8327K, capacity 8908K, committed 8960K, reserved 1048576K
}
Event: 23.729 GC heap after
{Heap after GC invocations=17 (full 0):
 garbage-first heap   total 157696K, used 64905K [0x0000000080000000, 0x0000000100000000)
  region size 1024K, 5 young (5120K), 5 survivors (5120K)
 Metaspace       used 64529K, capacity 66222K, committed 66304K, reserved 1105920K
  class space    used 8327K, capacity 8908K, committed 8960K, reserved 1048576K
}
Event: 29.076 GC heap before
{Heap before GC invocations=17 (full 0):
 garbage-first heap   total 157696K, used 118153K [0x0000000080000000, 0x0000000100000000)
  region size 1024K, 54 young (55296K), 5 survivors (5120K)
 Metaspace       used 66042K, capacity 67805K, committed 67968K, reserved 1107968K
  class space    used 8436K, capacity 9015K, committed 9088K, reserved 1048576K
}
Event: 29.090 GC heap after
{Heap after GC invocations=18 (full 0):
 garbage-first heap   total 157696K, used 76291K [0x0000000080000000, 0x0000000100000000)
  region size 1024K, 7 young (7168K), 7 survivors (7168K)
 Metaspace       used 66042K, capacity 67805K, committed 67968K, reserved 1107968K
  class space    used 8436K, capacity 9015K, committed 9088K, reserved 1048576K
}

Deoptimization events (20 events):
Event: 29.259 Thread 0x0000020d30114000 Uncommon trap: trap_request=0xffffff6e fr.pc=0x0000020d1ff73044 relative=0x0000000000005a24
Event: 29.259 Thread 0x0000020d30114000 Uncommon trap: reason=speculate_class_check action=maybe_recompile pc=0x0000020d1ff73044 method=groovyjarjarantlr4.v4.runtime.atn.ATNConfig.hashCode()I @ 55 c2
Event: 29.259 Thread 0x0000020d30114000 DEOPT PACKING pc=0x0000020d1ff73044 sp=0x000000cd81ff5710
Event: 29.259 Thread 0x0000020d30114000 DEOPT UNPACKING pc=0x0000020d1820a1af sp=0x000000cd81ff5570 mode 2
Event: 29.316 Thread 0x0000020d30114000 DEOPT PACKING pc=0x0000020d19734f10 sp=0x000000cd81ff3d30
Event: 29.316 Thread 0x0000020d30114000 DEOPT UNPACKING pc=0x0000020d1820a95e sp=0x000000cd81ff3298 mode 0
Event: 29.344 Thread 0x0000020d30114000 Uncommon trap: trap_request=0xffffff4d fr.pc=0x0000020d201044dc relative=0x000000000000037c
Event: 29.344 Thread 0x0000020d30114000 Uncommon trap: reason=unstable_if action=reinterpret pc=0x0000020d201044dc method=java.util.HashMap$TreeNode.find(ILjava/lang/Object;Ljava/lang/Class;)Ljava/util/HashMap$TreeNode; @ 26 c2
Event: 29.344 Thread 0x0000020d30114000 DEOPT PACKING pc=0x0000020d201044dc sp=0x000000cd81ff65b0
Event: 29.344 Thread 0x0000020d30114000 DEOPT UNPACKING pc=0x0000020d1820a1af sp=0x000000cd81ff6530 mode 2
Event: 29.362 Thread 0x0000020d30114000 DEOPT PACKING pc=0x0000020d1913f641 sp=0x000000cd81ff7180
Event: 29.362 Thread 0x0000020d30114000 DEOPT UNPACKING pc=0x0000020d1820a95e sp=0x000000cd81ff6708 mode 0
Event: 29.374 Thread 0x0000020d30114000 DEOPT PACKING pc=0x0000020d19130466 sp=0x000000cd81ff79a0
Event: 29.374 Thread 0x0000020d30114000 DEOPT UNPACKING pc=0x0000020d1820a95e sp=0x000000cd81ff6eb0 mode 0
Event: 29.403 Thread 0x0000020d30114000 Uncommon trap: trap_request=0xffffffde fr.pc=0x0000020d1fca4f64 relative=0x00000000000001c4
Event: 29.403 Thread 0x0000020d30114000 Uncommon trap: reason=class_check action=maybe_recompile pc=0x0000020d1fca4f64 method=java.lang.String.equals(Ljava/lang/Object;)Z @ 8 c2
Event: 29.403 Thread 0x0000020d30114000 DEOPT PACKING pc=0x0000020d1fca4f64 sp=0x000000cd81ff7e60
Event: 29.403 Thread 0x0000020d30114000 DEOPT UNPACKING pc=0x0000020d1820a1af sp=0x000000cd81ff7e08 mode 2
Event: 29.480 Thread 0x0000020d30114000 DEOPT PACKING pc=0x0000020d18ca5a79 sp=0x000000cd81ff8230
Event: 29.480 Thread 0x0000020d30114000 DEOPT UNPACKING pc=0x0000020d1820a95e sp=0x000000cd81ff76f8 mode 0

Classes redefined (0 events):
No events

Internal exceptions (20 events):
Event: 28.989 Thread 0x0000020d2f8de000 Exception <a 'sun/nio/fs/WindowsException'{0x0000000087a540d0}> (0x0000000087a540d0) thrown at [./src/hotspot/share/prims/jni.cpp, line 615]
Event: 29.005 Thread 0x0000020d2f8de000 Exception <a 'sun/nio/fs/WindowsException'{0x0000000086a57ed0}> (0x0000000086a57ed0) thrown at [./src/hotspot/share/prims/jni.cpp, line 615]
Event: 29.007 Thread 0x0000020d2f8de000 Exception <a 'sun/nio/fs/WindowsException'{0x0000000086a58048}> (0x0000000086a58048) thrown at [./src/hotspot/share/prims/jni.cpp, line 615]
Event: 29.022 Thread 0x0000020d30114000 Exception <a 'java/lang/ClassNotFoundException'{0x0000000086a85cc0}: build_7t2p3boi675prmqza798k1hr4BeanInfo> (0x0000000086a85cc0) thrown at [./src/hotspot/share/classfile/systemDictionary.cpp, line 231]
Event: 29.023 Thread 0x0000020d30114000 Exception <a 'java/lang/ClassNotFoundException'{0x0000000086a91960}: build_7t2p3boi675prmqza798k1hr4Customizer> (0x0000000086a91960) thrown at [./src/hotspot/share/classfile/systemDictionary.cpp, line 231]
Event: 29.122 Thread 0x0000020d30114000 Exception <a 'java/lang/ClassNotFoundException'{0x00000000899d7d00}: org/gradle/api/tasks/Delete_DecoratedBeanInfo> (0x00000000899d7d00) thrown at [./src/hotspot/share/classfile/systemDictionary.cpp, line 231]
Event: 29.123 Thread 0x0000020d30114000 Exception <a 'java/lang/ClassNotFoundException'{0x0000000089803308}: org/gradle/api/tasks/DeleteBeanInfo> (0x0000000089803308) thrown at [./src/hotspot/share/classfile/systemDictionary.cpp, line 231]
Event: 29.125 Thread 0x0000020d30114000 Exception <a 'java/lang/ClassNotFoundException'{0x0000000089831378}: org/gradle/api/internal/ConventionTaskBeanInfo> (0x0000000089831378) thrown at [./src/hotspot/share/classfile/systemDictionary.cpp, line 231]
Event: 29.126 Thread 0x0000020d30114000 Exception <a 'java/lang/ClassNotFoundException'{0x000000008985b168}: org/gradle/api/DefaultTaskBeanInfo> (0x000000008985b168) thrown at [./src/hotspot/share/classfile/systemDictionary.cpp, line 231]
Event: 29.128 Thread 0x0000020d30114000 Exception <a 'java/lang/ClassNotFoundException'{0x0000000089888f08}: org/gradle/api/internal/AbstractTaskBeanInfo> (0x0000000089888f08) thrown at [./src/hotspot/share/classfile/systemDictionary.cpp, line 231]
Event: 29.130 Thread 0x0000020d30114000 Exception <a 'java/lang/ClassNotFoundException'{0x00000000898b6f50}: org/gradle/api/internal/AbstractTaskCustomizer> (0x00000000898b6f50) thrown at [./src/hotspot/share/classfile/systemDictionary.cpp, line 231]
Event: 29.141 Thread 0x0000020d30114000 Exception <a 'java/lang/ClassNotFoundException'{0x000000008972c1e0}: org/gradle/api/DefaultTaskCustomizer> (0x000000008972c1e0) thrown at [./src/hotspot/share/classfile/systemDictionary.cpp, line 231]
Event: 29.153 Thread 0x0000020d30114000 Exception <a 'java/lang/ClassNotFoundException'{0x00000000897af9c0}: org/gradle/api/internal/ConventionTaskCustomizer> (0x00000000897af9c0) thrown at [./src/hotspot/share/classfile/systemDictionary.cpp, line 231]
Event: 29.157 Thread 0x0000020d30114000 Exception <a 'java/lang/ClassNotFoundException'{0x00000000897e9fe8}: org/gradle/api/tasks/DeleteCustomizer> (0x00000000897e9fe8) thrown at [./src/hotspot/share/classfile/systemDictionary.cpp, line 231]
Event: 29.185 Thread 0x0000020d30114000 Exception <a 'java/lang/ClassNotFoundException'{0x000000008962c070}: org/gradle/api/tasks/Delete_DecoratedCustomizer> (0x000000008962c070) thrown at [./src/hotspot/share/classfile/systemDictionary.cpp, line 231]
Event: 29.421 Thread 0x0000020d3452f000 Exception <a 'sun/nio/fs/WindowsException'{0x000000008890cde8}> (0x000000008890cde8) thrown at [./src/hotspot/share/prims/jni.cpp, line 615]
Event: 29.428 Thread 0x0000020d3452f000 Exception <a 'sun/nio/fs/WindowsException'{0x0000000088964f30}> (0x0000000088964f30) thrown at [./src/hotspot/share/prims/jni.cpp, line 615]
Event: 29.431 Thread 0x0000020d3452f000 Exception <a 'sun/nio/fs/WindowsException'{0x00000000889650b8}> (0x00000000889650b8) thrown at [./src/hotspot/share/prims/jni.cpp, line 615]
Event: 29.442 Thread 0x0000020d30114000 Exception <a 'java/lang/ClassNotFoundException'{0x00000000889e0a58}: build_9o7pvhmvniszrrywy0ahv0xdrBeanInfo> (0x00000000889e0a58) thrown at [./src/hotspot/share/classfile/systemDictionary.cpp, line 231]
Event: 29.443 Thread 0x0000020d30114000 Exception <a 'java/lang/ClassNotFoundException'{0x00000000889ec758}: build_9o7pvhmvniszrrywy0ahv0xdrCustomizer> (0x00000000889ec758) thrown at [./src/hotspot/share/classfile/systemDictionary.cpp, line 231]

Events (20 events):
Event: 29.841 loading class com/android/build/api/dsl/ApplicationProductFlavor
Event: 29.841 loading class com/android/build/api/dsl/ApplicationProductFlavor done
Event: 29.841 loading class com/android/build/api/dsl/ProductFlavor
Event: 29.841 loading class com/android/build/api/dsl/ProductFlavor done
Event: 29.842 loading class com/android/build/api/dsl/DynamicFeatureProductFlavor
Event: 29.842 loading class com/android/build/api/dsl/DynamicFeatureProductFlavor done
Event: 29.843 loading class com/android/build/api/dsl/LibraryProductFlavor
Event: 29.843 loading class com/android/build/api/dsl/LibraryProductFlavor done
Event: 29.843 loading class com/android/build/api/dsl/TestProductFlavor
Event: 29.843 loading class com/android/build/api/dsl/TestProductFlavor done
Event: 29.845 loading class com/android/build/gradle/internal/dsl/SigningConfig
Event: 29.845 loading class com/android/build/gradle/internal/dsl/SigningConfig done
Event: 29.846 loading class com/android/build/api/dsl/ApkSigningConfig
Event: 29.846 loading class com/android/build/api/dsl/ApkSigningConfig done
Event: 29.846 loading class com/android/build/api/dsl/SigningConfig
Event: 29.846 loading class com/android/build/api/dsl/SigningConfig done
Event: 29.847 loading class com/android/build/gradle/internal/dsl/InternalSigningConfig
Event: 29.847 loading class com/android/build/gradle/internal/dsl/InternalSigningConfig done
Event: 29.848 loading class com/android/builder/model/SigningConfig
Event: 29.848 loading class com/android/builder/model/SigningConfig done


Dynamic libraries:
0x00007ff78a3c0000 - 0x00007ff78a3ca000 	C:\Program Files\Android\Android Studio\jre\bin\java.exe
0x00007ffdbee50000 - 0x00007ffdbf048000 	C:\WINDOWS\SYSTEM32\ntdll.dll
0x00007ffdbe9a0000 - 0x00007ffdbea5d000 	C:\WINDOWS\System32\KERNEL32.DLL
0x00007ffdbcbe0000 - 0x00007ffdbceae000 	C:\WINDOWS\System32\KERNELBASE.dll
0x00007ffdbca20000 - 0x00007ffdbcb20000 	C:\WINDOWS\System32\ucrtbase.dll
0x00007ffdab600000 - 0x00007ffdab617000 	C:\Program Files\Android\Android Studio\jre\bin\VCRUNTIME140.dll
0x00007ffd98290000 - 0x00007ffd982a9000 	C:\Program Files\Android\Android Studio\jre\bin\jli.dll
0x00007ffdbd050000 - 0x00007ffdbd1f0000 	C:\WINDOWS\System32\USER32.dll
0x00007ffdbcbb0000 - 0x00007ffdbcbd2000 	C:\WINDOWS\System32\win32u.dll
0x00007ffdaca20000 - 0x00007ffdaccba000 	C:\WINDOWS\WinSxS\amd64_microsoft.windows.common-controls_6595b64144ccf1df_6.0.19041.1110_none_60b5254171f9507e\COMCTL32.dll
0x00007ffdbe810000 - 0x00007ffdbe83a000 	C:\WINDOWS\System32\GDI32.dll
0x00007ffdbc800000 - 0x00007ffdbc90b000 	C:\WINDOWS\System32\gdi32full.dll
0x00007ffdbe400000 - 0x00007ffdbe49e000 	C:\WINDOWS\System32\msvcrt.dll
0x00007ffdbc910000 - 0x00007ffdbc9ad000 	C:\WINDOWS\System32\msvcp_win.dll
0x00007ffdbe960000 - 0x00007ffdbe990000 	C:\WINDOWS\System32\IMM32.DLL
0x00007ffd52d30000 - 0x00007ffd52dcd000 	C:\Program Files\Android\Android Studio\jre\bin\msvcp140.dll
0x00007ffd3cca0000 - 0x00007ffd3d785000 	C:\Program Files\Android\Android Studio\jre\bin\server\jvm.dll
0x00007ffdbe840000 - 0x00007ffdbe8ee000 	C:\WINDOWS\System32\ADVAPI32.dll
0x00007ffdbe710000 - 0x00007ffdbe7ac000 	C:\WINDOWS\System32\sechost.dll
0x00007ffdbec10000 - 0x00007ffdbed35000 	C:\WINDOWS\System32\RPCRT4.dll
0x00007ffdbe990000 - 0x00007ffdbe998000 	C:\WINDOWS\System32\PSAPI.DLL
0x00007ffd972c0000 - 0x00007ffd972c9000 	C:\WINDOWS\SYSTEM32\WSOCK32.dll
0x00007ffdac860000 - 0x00007ffdac887000 	C:\WINDOWS\SYSTEM32\WINMM.dll
0x00007ffdbe8f0000 - 0x00007ffdbe95b000 	C:\WINDOWS\System32\WS2_32.dll
0x00007ffdb3670000 - 0x00007ffdb367a000 	C:\WINDOWS\SYSTEM32\VERSION.dll
0x00007ffdbadf0000 - 0x00007ffdbae02000 	C:\WINDOWS\SYSTEM32\kernel.appcore.dll
0x00007ffdb5ba0000 - 0x00007ffdb5bb1000 	C:\Program Files\Android\Android Studio\jre\bin\verify.dll
0x00007ffda0390000 - 0x00007ffda0574000 	C:\WINDOWS\SYSTEM32\DBGHELP.DLL
0x00007ffda0220000 - 0x00007ffda024c000 	C:\WINDOWS\SYSTEM32\dbgcore.DLL
0x00007ffdbcb20000 - 0x00007ffdbcba2000 	C:\WINDOWS\System32\bcryptPrimitives.dll
0x00007ffdad590000 - 0x00007ffdad5b9000 	C:\Program Files\Android\Android Studio\jre\bin\java.dll
0x00007ffdb77f0000 - 0x00007ffdb77fb000 	C:\Program Files\Android\Android Studio\jre\bin\jimage.dll
0x00007ffdabb20000 - 0x00007ffdabb38000 	C:\Program Files\Android\Android Studio\jre\bin\zip.dll
0x00007ffdbd8e0000 - 0x00007ffdbe023000 	C:\WINDOWS\System32\SHELL32.dll
0x00007ffdba590000 - 0x00007ffdbad25000 	C:\WINDOWS\SYSTEM32\windows.storage.dll
0x00007ffdbe0a0000 - 0x00007ffdbe3f4000 	C:\WINDOWS\System32\combase.dll
0x00007ffdbbfd0000 - 0x00007ffdbc000000 	C:\WINDOWS\SYSTEM32\Wldp.dll
0x00007ffdbe4a0000 - 0x00007ffdbe54d000 	C:\WINDOWS\System32\SHCORE.dll
0x00007ffdbe7b0000 - 0x00007ffdbe805000 	C:\WINDOWS\System32\shlwapi.dll
0x00007ffdbc4b0000 - 0x00007ffdbc4cf000 	C:\WINDOWS\SYSTEM32\profapi.dll
0x00007ffdabb00000 - 0x00007ffdabb1a000 	C:\Program Files\Android\Android Studio\jre\bin\net.dll
0x00007ffdad320000 - 0x00007ffdad42a000 	C:\WINDOWS\SYSTEM32\WINHTTP.dll
0x00007ffdbbd30000 - 0x00007ffdbbd9a000 	C:\WINDOWS\system32\mswsock.dll
0x00007ffdab640000 - 0x00007ffdab654000 	C:\Program Files\Android\Android Studio\jre\bin\nio.dll
0x00007ffda08d0000 - 0x00007ffda08f7000 	C:\Users\Nada Said\.gradle\native\e1d6ef7f7dcc3fd88c89a11ec53ec762bb8ba0a96d01ffa2cd45eb1d1d8dd5c5\windows-amd64\native-platform.dll
0x00007ffd3ec60000 - 0x00007ffd3eda4000 	C:\Users\Nada Said\.gradle\native\5664cfc778a61ccfe75a443a1ab52a65af34e5dc3c78e0209fed803814484fcb\windows-amd64\native-platform-file-events.dll
0x00007ffdb4e40000 - 0x00007ffdb4e4a000 	C:\Program Files\Android\Android Studio\jre\bin\management.dll
0x00007ffdb0140000 - 0x00007ffdb014d000 	C:\Program Files\Android\Android Studio\jre\bin\management_ext.dll
0x00007ffdbbf30000 - 0x00007ffdbbf48000 	C:\WINDOWS\SYSTEM32\CRYPTSP.dll
0x00007ffdbb640000 - 0x00007ffdbb674000 	C:\WINDOWS\system32\rsaenh.dll
0x00007ffdbc620000 - 0x00007ffdbc647000 	C:\WINDOWS\System32\bcrypt.dll
0x00007ffdbc430000 - 0x00007ffdbc45e000 	C:\WINDOWS\SYSTEM32\USERENV.dll
0x00007ffdbbf20000 - 0x00007ffdbbf2c000 	C:\WINDOWS\SYSTEM32\CRYPTBASE.dll
0x00007ffdbb9d0000 - 0x00007ffdbba0b000 	C:\WINDOWS\SYSTEM32\IPHLPAPI.DLL
0x00007ffdbe030000 - 0x00007ffdbe038000 	C:\WINDOWS\System32\NSI.dll
0x00007ffdb3260000 - 0x00007ffdb3277000 	C:\WINDOWS\SYSTEM32\dhcpcsvc6.DLL
0x00007ffdb3e80000 - 0x00007ffdb3e9d000 	C:\WINDOWS\SYSTEM32\dhcpcsvc.DLL
0x00007ffdbba20000 - 0x00007ffdbbaea000 	C:\WINDOWS\SYSTEM32\DNSAPI.dll
0x00007ffdab520000 - 0x00007ffdab547000 	C:\Program Files\Android\Android Studio\jre\bin\sunec.dll
0x0000000076820000 - 0x0000000076846000 	C:\Program Files\Bonjour\mdnsNSP.dll
0x00007ffdaca10000 - 0x00007ffdaca1a000 	C:\Windows\System32\rasadhlp.dll
0x00007ffdad0f0000 - 0x00007ffdad170000 	C:\WINDOWS\System32\fwpuclnt.dll

dbghelp: loaded successfully - version: 4.0.5 - missing functions: none
symbol engine: initialized successfully - sym options: 0x614 - pdb path: .;C:\Program Files\Android\Android Studio\jre\bin;C:\WINDOWS\SYSTEM32;C:\WINDOWS\WinSxS\amd64_microsoft.windows.common-controls_6595b64144ccf1df_6.0.19041.1110_none_60b5254171f9507e;C:\Program Files\Android\Android Studio\jre\bin\server;C:\Users\Nada Said\.gradle\native\e1d6ef7f7dcc3fd88c89a11ec53ec762bb8ba0a96d01ffa2cd45eb1d1d8dd5c5\windows-amd64;C:\Users\Nada Said\.gradle\native\5664cfc778a61ccfe75a443a1ab52a65af34e5dc3c78e0209fed803814484fcb\windows-amd64;C:\Program Files\Bonjour

VM Arguments:
jvm_args: --add-opens=java.base/java.util=ALL-UNNAMED --add-opens=java.base/java.lang=ALL-UNNAMED --add-opens=java.base/java.lang.invoke=ALL-UNNAMED --add-opens=java.base/java.util=ALL-UNNAMED --add-opens=java.prefs/java.util.prefs=ALL-UNNAMED --add-opens=java.prefs/java.util.prefs=ALL-UNNAMED --add-opens=java.base/java.nio.charset=ALL-UNNAMED --add-opens=java.base/java.net=ALL-UNNAMED --add-opens=java.base/java.util.concurrent.atomic=ALL-UNNAMED -Xmx2048m -Dfile.encoding=UTF-8 -Duser.country=US -Duser.language=en -Duser.variant 
java_command: org.gradle.launcher.daemon.bootstrap.GradleDaemon 7.3.3
java_class_path (initial): C:\Users\Nada Said\.gradle\wrapper\dists\gradle-7.3.3-bin\6a41zxkdtcxs8rphpq6y0069z\gradle-7.3.3\lib\gradle-launcher-7.3.3.jar
Launcher Type: SUN_STANDARD

[Global flags]
     intx CICompilerCount                          = 3                                         {product} {ergonomic}
     uint ConcGCThreads                            = 1                                         {product} {ergonomic}
     uint G1ConcRefinementThreads                  = 4                                         {product} {ergonomic}
   size_t G1HeapRegionSize                         = 1048576                                   {product} {ergonomic}
    uintx GCDrainStackTargetSize                   = 64                                        {product} {ergonomic}
   size_t InitialHeapSize                          = 134217728                                 {product} {ergonomic}
   size_t MarkStackSize                            = 4194304                                   {product} {ergonomic}
   size_t MaxHeapSize                              = 2147483648                                {product} {command line}
   size_t MaxNewSize                               = 1287651328                                {product} {ergonomic}
   size_t MinHeapDeltaBytes                        = 1048576                                   {product} {ergonomic}
    uintx NonNMethodCodeHeapSize                   = 5830732                                {pd product} {ergonomic}
    uintx NonProfiledCodeHeapSize                  = 122913754                              {pd product} {ergonomic}
    uintx ProfiledCodeHeapSize                     = 122913754                              {pd product} {ergonomic}
    uintx ReservedCodeCacheSize                    = 251658240                              {pd product} {ergonomic}
     bool SegmentedCodeCache                       = true                                      {product} {ergonomic}
     bool UseCompressedClassPointers               = true                                 {lp64_product} {ergonomic}
     bool UseCompressedOops                        = true                                 {lp64_product} {ergonomic}
     bool UseG1GC                                  = true                                      {product} {ergonomic}
     bool UseLargePagesIndividualAllocation        = false                                  {pd product} {ergonomic}

Logging:
Log output configuration:
 #0: stdout all=warning uptime,level,tags
 #1: stderr all=off uptime,level,tags

Environment Variables:
JAVA_HOME=C:\Program Files\Java\jdk-17.0.1
PATH=C:\Program Files\Microsoft\jdk-11.0.12.7-hotspot\bin;C:\Program Files (x86)\NVIDIA Corporation\PhysX\Common;C:\Oracle\Middleware\Oracle_FRHome1\bin;C:\Program Files\Common Files\Oracle\Java\javapath;C:\app\NadaSaid\product\11.2.0\dbhome_1\bin;C:\ProgramData\Oracle\Java\javapath;C:\WINDOWS\system32;C:\WINDOWS;C:\WINDOWS\System32\Wbem;C:\WINDOWS\System32\WindowsPowerShell\v1.0\;C:\WINDOWS\System32\OpenSSH\;C:\Program Files\Git\cmd;C:\Program Files\Java\jdk-17.0.1\bin;C:\Oracle\Middleware\Oracle_FRHome1\opmn\bin;C:\Oracle\Middleware\Oracle_FRHome1\opmn\lib;C:\Oracle\Middleware\Oracle_FRHome1\perl\bin;C:\Program Files\Microsoft SQL Server\Client SDK\ODBC\110\Tools\Binn\;C:\Program Files (x86)\Microsoft SQL Server\120\Tools\Binn\;C:\Program Files\Microsoft SQL Server\120\Tools\Binn\;C:\Program Files\Microsoft SQL Server\120\DTS\Binn\;C:\Program Files (x86)\Windows Kits\8.1\Windows Performance Toolkit\;C:\Program Files\dotnet\;C:\Users\Nada Said\AppData\Local\Programs\Python\Python37\Scripts\;C:\Users\Nada Said\AppData\Local\Programs\Python\Python37\;C:\Python37\Scripts\;C:\Python37\;C:\Users\Nada Said\AppData\Local\Microsoft\WindowsApps;C:\Users\Nada Said\AppData\Local\Programs\Microsoft VS Code\bin;C:\Program Files\JetBrains\IntelliJ IDEA Community Edition 2021.2.3\bin;;C:\Users\Nada Said\.dotnet\tools;C:\Users\Nada Said\AppData\Local\GitHubDesktop\bin;C:\Dart\dart-sdk\bin;
USERNAME=Nada Said
LD_LIBRARY_PATH=C:\Oracle\Middleware\Oracle_FRHome1\lib
OS=Windows_NT
PROCESSOR_IDENTIFIER=Intel64 Family 6 Model 61 Stepping 4, GenuineIntel



---------------  S Y S T E M  ---------------

OS: Windows 10 , 64 bit Build 19041 (10.0.19041.1889)
OS uptime: 3 days 3:15 hours

CPU:total 4 (initial active 4) (2 cores per cpu, 2 threads per core) family 6 model 61 stepping 4 microcode 0x2d, cmov, cx8, fxsr, mmx, sse, sse2, sse3, ssse3, sse4.1, sse4.2, popcnt, avx, avx2, aes, clmul, erms, rtm, 3dnowpref, lzcnt, ht, tsc, tscinvbit, bmi1, bmi2, adx, fma

Memory: 4k page, system-wide physical 8067M (843M free)
TotalPageFile size 10998M (AvailPageFile size 6M)
current process WorkingSet (physical memory assigned to process): 379M, peak: 385M
current process commit charge ("private bytes"): 412M, peak: 416M

vm_info: OpenJDK 64-Bit Server VM (11.0.12+7-b1504.28-7817840) for windows-amd64 JRE (11.0.12+7-b1504.28-7817840), built on Oct 13 2021 22:12:33 by "builder" with MS VC++ 14.0 (VS2015)

END.
