#
# There is insufficient memory for the Java Runtime Environment to continue.
# Native memory allocation (malloc) failed to allocate 2217456 bytes for Chunk::new
# Possible reasons:
#   The system is out of physical RAM or swap space
#   The process is running with CompressedOops enabled, and the Java Heap may be blocking the growth of the native heap
# Possible solutions:
#   Reduce memory load on the system
#   Increase physical memory or swap space
#   Check if swap backing store is full
#   Decrease Java heap size (-Xmx/-Xms)
#   Decrease number of Java threads
#   Decrease Java thread stack sizes (-Xss)
#   Set larger code cache with -XX:ReservedCodeCacheSize=
#   JVM is running with Unscaled Compressed Oops mode in which the Java heap is
#     placed in the first 4GB address space. The Java Heap base address is the
#     maximum limit for the native heap growth. Please use -XX:HeapBaseMinAddress
#     to set the Java Heap base and to place the Java Heap above 4GB virtual address.
# This output file may be truncated or incomplete.
#
#  Out of Memory Error (./src/hotspot/share/memory/arena.cpp:197), pid=2824, tid=8492
#
# JRE version: OpenJDK Runtime Environment (11.0.12+7) (build 11.0.12+7-b1504.28-7817840)
# Java VM: OpenJDK 64-Bit Server VM (11.0.12+7-b1504.28-7817840, mixed mode, tiered, compressed oops, g1 gc, windows-amd64)
# No core dump will be written. Minidumps are not enabled by default on client versions of Windows
#

---------------  S U M M A R Y ------------

Command Line: --add-opens=java.base/java.util=ALL-UNNAMED --add-opens=java.base/java.lang=ALL-UNNAMED --add-opens=java.base/java.lang.invoke=ALL-UNNAMED --add-opens=java.base/java.util=ALL-UNNAMED --add-opens=java.prefs/java.util.prefs=ALL-UNNAMED --add-opens=java.prefs/java.util.prefs=ALL-UNNAMED --add-opens=java.base/java.nio.charset=ALL-UNNAMED --add-opens=java.base/java.net=ALL-UNNAMED --add-opens=java.base/java.util.concurrent.atomic=ALL-UNNAMED -Xmx2048m -Dfile.encoding=UTF-8 -Duser.country=US -Duser.language=en -Duser.variant org.gradle.launcher.daemon.bootstrap.GradleDaemon 7.3.3

Host: Intel(R) Core(TM) i5-5300U CPU @ 2.30GHz, 4 cores, 7G,  Windows 10 , 64 bit Build 19041 (10.0.19041.1889)
Time: Thu Oct  6 13:43:26 2022 Egypt Standard Time elapsed time: 23.712341 seconds (0d 0h 0m 23s)

---------------  T H R E A D  ---------------

Current thread (0x000002495a617800):  JavaThread "C2 CompilerThread0" daemon [_thread_in_native, id=8492, stack(0x0000007ddf800000,0x0000007ddf900000)]


Current CompileTask:
C2:  23712 11357       4       org.gradle.internal.service.DefaultServiceRegistry$SingletonService::get (5 bytes)

Stack: [0x0000007ddf800000,0x0000007ddf900000]
Native frames: (J=compiled Java code, j=interpreted, Vv=VM code, C=native code)
V  [jvm.dll+0x5fbcea]
V  [jvm.dll+0x731905]
V  [jvm.dll+0x732f1d]
V  [jvm.dll+0x7335d3]
V  [jvm.dll+0x247bf8]
V  [jvm.dll+0xc018c]
V  [jvm.dll+0xc06cc]
V  [jvm.dll+0x35b31d]
V  [jvm.dll+0x328803]
V  [jvm.dll+0x327cfa]
V  [jvm.dll+0x200602]
V  [jvm.dll+0x1ff794]
V  [jvm.dll+0x18868c]
V  [jvm.dll+0x20e0d7]
V  [jvm.dll+0x20c901]
V  [jvm.dll+0x6f9b7f]
V  [jvm.dll+0x6f26a5]
V  [jvm.dll+0x5fabf6]
C  [ucrtbase.dll+0x21bb2]
C  [KERNEL32.DLL+0x17034]
C  [ntdll.dll+0x526a1]


---------------  P R O C E S S  ---------------

Threads class SMR info:
_java_thread_list=0x0000024962a5c9c0, length=90, elements={
0x000002493ea7f800, 0x000002495a5f1800, 0x000002495a5f5800, 0x000002495af93800,
0x000002495a60f000, 0x000002495a615800, 0x000002495a617800, 0x000002495a61d000,
0x000002495a623800, 0x000002495b0d4800, 0x000002495d003800, 0x000002495b24b000,
0x000002495cf19000, 0x000002495c293800, 0x000002495c294800, 0x000002495c7b0800,
0x000002495c7b1800, 0x000002495d5f2800, 0x000002495c8ec800, 0x000002495e852800,
0x000002495e850800, 0x000002495e853000, 0x000002495e854000, 0x000002495d916000,
0x000002495e855000, 0x000002495e855800, 0x000002495e850000, 0x000002495e851800,
0x000002495e856800, 0x000002495f069000, 0x000002495f06c000, 0x000002495f069800,
0x000002495f06b000, 0x000002495f06a800, 0x000002495f067000, 0x000002495f06e800,
0x000002495f073800, 0x000002495f06f800, 0x000002495f070000, 0x000002495f071000,
0x000002495f072800, 0x000002495f071800, 0x000002495f06d800, 0x000002495f074000,
0x000002495f075000, 0x000002495efd7000, 0x000002495efda800, 0x000002495efd9800,
0x000002495efdc000, 0x000002495efd9000, 0x000002495efd8000, 0x000002495efd6800,
0x000002495efdd000, 0x000002495efdd800, 0x000002495efde800, 0x000002495efdf800,
0x000002495efe0000, 0x000002495efdb000, 0x000002495efe5000, 0x000002495efe2800,
0x000002495efe1000, 0x000002495efe1800, 0x000002495efe3800, 0x000002495efe4000,
0x000002495ef6e800, 0x000002495ef71800, 0x000002495ef6f000, 0x000002495ef73000,
0x000002495ef74000, 0x000002495ef75800, 0x000002495ef75000, 0x000002495ef70000,
0x000002495ef76800, 0x000002495ef70800, 0x000002495ef77000, 0x000002495ef78000,
0x000002495ef72800, 0x000002495ef7a800, 0x000002495ef79800, 0x000002495ef7c000,
0x000002495ef7d000, 0x000002495ef79000, 0x000002496460e000, 0x000002496460c800,
0x000002496460b000, 0x000002496460a000, 0x000002496460d800, 0x000002496460f000,
0x0000024964610000, 0x0000024964610800
}

Java Threads: ( => current thread )
  0x000002493ea7f800 JavaThread "main" [_thread_blocked, id=12840, stack(0x0000007ddec00000,0x0000007dded00000)]
  0x000002495a5f1800 JavaThread "Reference Handler" daemon [_thread_blocked, id=872, stack(0x0000007ddf300000,0x0000007ddf400000)]
  0x000002495a5f5800 JavaThread "Finalizer" daemon [_thread_blocked, id=1648, stack(0x0000007ddf400000,0x0000007ddf500000)]
  0x000002495af93800 JavaThread "Signal Dispatcher" daemon [_thread_blocked, id=1420, stack(0x0000007ddf500000,0x0000007ddf600000)]
  0x000002495a60f000 JavaThread "Attach Listener" daemon [_thread_blocked, id=13768, stack(0x0000007ddf600000,0x0000007ddf700000)]
  0x000002495a615800 JavaThread "Service Thread" daemon [_thread_blocked, id=9280, stack(0x0000007ddf700000,0x0000007ddf800000)]
=>0x000002495a617800 JavaThread "C2 CompilerThread0" daemon [_thread_in_native, id=8492, stack(0x0000007ddf800000,0x0000007ddf900000)]
  0x000002495a61d000 JavaThread "C1 CompilerThread0" daemon [_thread_in_vm, id=9704, stack(0x0000007ddf900000,0x0000007ddfa00000)]
  0x000002495a623800 JavaThread "Sweeper thread" daemon [_thread_blocked, id=7520, stack(0x0000007ddfa00000,0x0000007ddfb00000)]
  0x000002495b0d4800 JavaThread "Common-Cleaner" daemon [_thread_blocked, id=7300, stack(0x0000007ddfb00000,0x0000007ddfc00000)]
  0x000002495d003800 JavaThread "Daemon health stats" [_thread_blocked, id=15480, stack(0x0000007de0000000,0x0000007de0100000)]
  0x000002495b24b000 JavaThread "Incoming local TCP Connector on port 52070" [_thread_in_native, id=11824, stack(0x0000007ddfd00000,0x0000007ddfe00000)]
  0x000002495cf19000 JavaThread "Daemon periodic checks" [_thread_blocked, id=2596, stack(0x0000007de0100000,0x0000007de0200000)]
  0x000002495c293800 JavaThread "Daemon" [_thread_blocked, id=1372, stack(0x0000007de0200000,0x0000007de0300000)]
  0x000002495c294800 JavaThread "Handler for socket connection from /127.0.0.1:52070 to /127.0.0.1:52071" [_thread_in_native, id=13132, stack(0x0000007de0300000,0x0000007de0400000)]
  0x000002495c7b0800 JavaThread "Cancel handler" [_thread_blocked, id=5828, stack(0x0000007de0400000,0x0000007de0500000)]
  0x000002495c7b1800 JavaThread "Daemon worker" [_thread_blocked, id=10244, stack(0x0000007de0500000,0x0000007de0600000)]
  0x000002495d5f2800 JavaThread "Asynchronous log dispatcher for DefaultDaemonConnection: socket connection from /127.0.0.1:52070 to /127.0.0.1:52071" [_thread_blocked, id=5172, stack(0x0000007de0600000,0x0000007de0700000)]
  0x000002495c8ec800 JavaThread "Stdin handler" [_thread_blocked, id=16252, stack(0x0000007de0700000,0x0000007de0800000)]
  0x000002495e852800 JavaThread "Daemon client event forwarder" [_thread_blocked, id=16004, stack(0x0000007de0800000,0x0000007de0900000)]
  0x000002495e850800 JavaThread "Cache worker for journal cache (C:\Users\Nada Said\.gradle\caches\journal-1)" [_thread_blocked, id=11872, stack(0x0000007de0a00000,0x0000007de0b00000)]
  0x000002495e853000 JavaThread "File lock request listener" [_thread_in_native, id=14420, stack(0x0000007de0b00000,0x0000007de0c00000)]
  0x000002495e854000 JavaThread "Cache worker for file hash cache (C:\Users\Nada Said\.gradle\caches\7.3.3\fileHashes)" [_thread_blocked, id=9896, stack(0x0000007de0c00000,0x0000007de0d00000)]
  0x000002495d916000 JavaThread "C2 CompilerThread1" daemon [_thread_in_native, id=864, stack(0x0000007de0d00000,0x0000007de0e00000)]
  0x000002495e855000 JavaThread "Cache worker for file hash cache (D:\AndroidProject\EcommerceApp\.gradle\7.3.3\fileHashes)" [_thread_blocked, id=15148, stack(0x0000007de0e00000,0x0000007de0f00000)]
  0x000002495e855800 JavaThread "File watcher server" daemon [_thread_in_native, id=13452, stack(0x0000007de0f00000,0x0000007de1000000)]
  0x000002495e850000 JavaThread "File watcher consumer" daemon [_thread_blocked, id=15948, stack(0x0000007de1000000,0x0000007de1100000)]
  0x000002495e851800 JavaThread "Cache worker for checksums cache (D:\AndroidProject\EcommerceApp\.gradle\7.3.3\checksums)" [_thread_blocked, id=14836, stack(0x0000007de1100000,0x0000007de1200000)]
  0x000002495e856800 JavaThread "Cache worker for cache directory md-supplier (C:\Users\Nada Said\.gradle\caches\7.3.3\md-supplier)" [_thread_blocked, id=15124, stack(0x0000007de1200000,0x0000007de1300000)]
  0x000002495f069000 JavaThread "Cache worker for cache directory md-rule (C:\Users\Nada Said\.gradle\caches\7.3.3\md-rule)" [_thread_blocked, id=14344, stack(0x0000007de1300000,0x0000007de1400000)]
  0x000002495f06c000 JavaThread "Cache worker for execution history cache (C:\Users\Nada Said\.gradle\caches\7.3.3\executionHistory)" [_thread_blocked, id=15920, stack(0x0000007de1400000,0x0000007de1500000)]
  0x000002495f069800 JavaThread "jar transforms" [_thread_blocked, id=1800, stack(0x0000007de1500000,0x0000007de1600000)]
  0x000002495f06b000 JavaThread "Cache worker for file content cache (C:\Users\Nada Said\.gradle\caches\7.3.3\fileContent)" [_thread_blocked, id=16624, stack(0x0000007de1600000,0x0000007de1700000)]
  0x000002495f06a800 JavaThread "jar transforms Thread 2" [_thread_blocked, id=3368, stack(0x0000007de1700000,0x0000007de1800000)]
  0x000002495f067000 JavaThread "Cache worker for dependencies-accessors (D:\AndroidProject\EcommerceApp\.gradle\7.3.3\dependencies-accessors)" [_thread_blocked, id=15236, stack(0x0000007de1800000,0x0000007de1900000)]
  0x000002495f06e800 JavaThread "jar transforms Thread 3" [_thread_blocked, id=7164, stack(0x0000007de1900000,0x0000007de1a00000)]
  0x000002495f073800 JavaThread "Cache worker for Build Output Cleanup Cache (D:\AndroidProject\EcommerceApp\.gradle\buildOutputCleanup)" [_thread_blocked, id=432, stack(0x0000007de1a00000,0x0000007de1b00000)]
  0x000002495f06f800 JavaThread "Unconstrained build operations" [_thread_blocked, id=10164, stack(0x0000007de1b00000,0x0000007de1c00000)]
  0x000002495f070000 JavaThread "Unconstrained build operations Thread 2" [_thread_blocked, id=15112, stack(0x0000007de1c00000,0x0000007de1d00000)]
  0x000002495f071000 JavaThread "Unconstrained build operations Thread 3" [_thread_blocked, id=4908, stack(0x0000007de1d00000,0x0000007de1e00000)]
  0x000002495f072800 JavaThread "Unconstrained build operations Thread 4" [_thread_blocked, id=4128, stack(0x0000007de1e00000,0x0000007de1f00000)]
  0x000002495f071800 JavaThread "Unconstrained build operations Thread 5" [_thread_blocked, id=12776, stack(0x0000007de1f00000,0x0000007de2000000)]
  0x000002495f06d800 JavaThread "Unconstrained build operations Thread 6" [_thread_blocked, id=15804, stack(0x0000007de2000000,0x0000007de2100000)]
  0x000002495f074000 JavaThread "Unconstrained build operations Thread 7" [_thread_blocked, id=3192, stack(0x0000007de2100000,0x0000007de2200000)]
  0x000002495f075000 JavaThread "Unconstrained build operations Thread 8" [_thread_blocked, id=13600, stack(0x0000007de2200000,0x0000007de2300000)]
  0x000002495efd7000 JavaThread "Unconstrained build operations Thread 9" [_thread_blocked, id=4560, stack(0x0000007de2300000,0x0000007de2400000)]
  0x000002495efda800 JavaThread "Unconstrained build operations Thread 10" [_thread_blocked, id=11016, stack(0x0000007de2400000,0x0000007de2500000)]
  0x000002495efd9800 JavaThread "Unconstrained build operations Thread 11" [_thread_blocked, id=4132, stack(0x0000007de2500000,0x0000007de2600000)]
  0x000002495efdc000 JavaThread "Unconstrained build operations Thread 12" [_thread_blocked, id=11192, stack(0x0000007de2600000,0x0000007de2700000)]
  0x000002495efd9000 JavaThread "Unconstrained build operations Thread 13" [_thread_blocked, id=13392, stack(0x0000007de2700000,0x0000007de2800000)]
  0x000002495efd8000 JavaThread "Unconstrained build operations Thread 14" [_thread_blocked, id=10380, stack(0x0000007de2800000,0x0000007de2900000)]
  0x000002495efd6800 JavaThread "Unconstrained build operations Thread 15" [_thread_blocked, id=16020, stack(0x0000007de2900000,0x0000007de2a00000)]
  0x000002495efdd000 JavaThread "Unconstrained build operations Thread 16" [_thread_blocked, id=15428, stack(0x0000007de2a00000,0x0000007de2b00000)]
  0x000002495efdd800 JavaThread "Unconstrained build operations Thread 17" [_thread_blocked, id=10896, stack(0x0000007de2b00000,0x0000007de2c00000)]
  0x000002495efde800 JavaThread "Unconstrained build operations Thread 18" [_thread_blocked, id=16044, stack(0x0000007de2c00000,0x0000007de2d00000)]
  0x000002495efdf800 JavaThread "Unconstrained build operations Thread 19" [_thread_blocked, id=5396, stack(0x0000007de2d00000,0x0000007de2e00000)]
  0x000002495efe0000 JavaThread "Unconstrained build operations Thread 20" [_thread_blocked, id=5048, stack(0x0000007de2e00000,0x0000007de2f00000)]
  0x000002495efdb000 JavaThread "Unconstrained build operations Thread 21" [_thread_blocked, id=7172, stack(0x0000007de2f00000,0x0000007de3000000)]
  0x000002495efe5000 JavaThread "Unconstrained build operations Thread 22" [_thread_blocked, id=5516, stack(0x0000007de3000000,0x0000007de3100000)]
  0x000002495efe2800 JavaThread "Unconstrained build operations Thread 23" [_thread_blocked, id=13224, stack(0x0000007de3100000,0x0000007de3200000)]
  0x000002495efe1000 JavaThread "Unconstrained build operations Thread 24" [_thread_blocked, id=16416, stack(0x0000007de3200000,0x0000007de3300000)]
  0x000002495efe1800 JavaThread "Unconstrained build operations Thread 25" [_thread_blocked, id=7688, stack(0x0000007de3300000,0x0000007de3400000)]
  0x000002495efe3800 JavaThread "Unconstrained build operations Thread 26" [_thread_blocked, id=1200, stack(0x0000007de3400000,0x0000007de3500000)]
  0x000002495efe4000 JavaThread "Unconstrained build operations Thread 27" [_thread_blocked, id=14016, stack(0x0000007de3500000,0x0000007de3600000)]
  0x000002495ef6e800 JavaThread "Unconstrained build operations Thread 28" [_thread_blocked, id=1440, stack(0x0000007de3600000,0x0000007de3700000)]
  0x000002495ef71800 JavaThread "Unconstrained build operations Thread 29" [_thread_blocked, id=1564, stack(0x0000007de3700000,0x0000007de3800000)]
  0x000002495ef6f000 JavaThread "Unconstrained build operations Thread 30" [_thread_blocked, id=8100, stack(0x0000007de3800000,0x0000007de3900000)]
  0x000002495ef73000 JavaThread "Unconstrained build operations Thread 31" [_thread_blocked, id=1244, stack(0x0000007de3900000,0x0000007de3a00000)]
  0x000002495ef74000 JavaThread "Unconstrained build operations Thread 32" [_thread_blocked, id=5256, stack(0x0000007de3a00000,0x0000007de3b00000)]
  0x000002495ef75800 JavaThread "Unconstrained build operations Thread 33" [_thread_blocked, id=13692, stack(0x0000007de3b00000,0x0000007de3c00000)]
  0x000002495ef75000 JavaThread "Unconstrained build operations Thread 34" [_thread_blocked, id=12136, stack(0x0000007de3c00000,0x0000007de3d00000)]
  0x000002495ef70000 JavaThread "Unconstrained build operations Thread 35" [_thread_blocked, id=1076, stack(0x0000007de3d00000,0x0000007de3e00000)]
  0x000002495ef76800 JavaThread "Unconstrained build operations Thread 36" [_thread_blocked, id=13924, stack(0x0000007de3e00000,0x0000007de3f00000)]
  0x000002495ef70800 JavaThread "Unconstrained build operations Thread 37" [_thread_blocked, id=4672, stack(0x0000007de3f00000,0x0000007de4000000)]
  0x000002495ef77000 JavaThread "Unconstrained build operations Thread 38" [_thread_blocked, id=11036, stack(0x0000007de4000000,0x0000007de4100000)]
  0x000002495ef78000 JavaThread "Unconstrained build operations Thread 39" [_thread_blocked, id=9504, stack(0x0000007de4100000,0x0000007de4200000)]
  0x000002495ef72800 JavaThread "Unconstrained build operations Thread 40" [_thread_blocked, id=9796, stack(0x0000007de4200000,0x0000007de4300000)]
  0x000002495ef7a800 JavaThread "jar transforms Thread 4" [_thread_blocked, id=13292, stack(0x0000007de4300000,0x0000007de4400000)]
  0x000002495ef79800 JavaThread "Memory manager" [_thread_blocked, id=16732, stack(0x0000007de4400000,0x0000007de4500000)]
  0x000002495ef7c000 JavaThread "build event listener" [_thread_blocked, id=12912, stack(0x0000007de4500000,0x0000007de4600000)]
  0x000002495ef7d000 JavaThread "pool-3-thread-1" [_thread_blocked, id=1808, stack(0x0000007de4600000,0x0000007de4700000)]
  0x000002495ef79000 JavaThread "build event listener" [_thread_blocked, id=15188, stack(0x0000007de4700000,0x0000007de4800000)]
  0x000002496460e000 JavaThread "Execution worker for ':'" [_thread_blocked, id=11260, stack(0x0000007de4800000,0x0000007de4900000)]
  0x000002496460c800 JavaThread "Execution worker for ':' Thread 2" [_thread_in_vm, id=17020, stack(0x0000007de4900000,0x0000007de4a00000)]
  0x000002496460b000 JavaThread "Execution worker for ':' Thread 3" [_thread_blocked, id=10472, stack(0x0000007de4a00000,0x0000007de4b00000)]
  0x000002496460a000 JavaThread "Cache worker for execution history cache (D:\AndroidProject\EcommerceApp\.gradle\7.3.3\executionHistory)" [_thread_blocked, id=10116, stack(0x0000007de4b00000,0x0000007de4c00000)]
  0x000002496460d800 JavaThread "WorkerExecutor Queue" [_thread_in_Java, id=8876, stack(0x0000007de4c00000,0x0000007de4d00000)]
  0x000002496460f000 JavaThread "WorkerExecutor Queue Thread 2" [_thread_in_Java, id=1580, stack(0x0000007de4e00000,0x0000007de4f00000)]
  0x0000024964610000 JavaThread "WorkerExecutor Queue Thread 3" [_thread_in_native, id=16388, stack(0x0000007de4f00000,0x0000007de5000000)]
  0x0000024964610800 JavaThread "WorkerExecutor Queue Thread 4" [_thread_blocked, id=17072, stack(0x0000007de5000000,0x0000007de5100000)]

Other Threads:
  0x000002495a5eb000 VMThread "VM Thread" [stack: 0x0000007ddf200000,0x0000007ddf300000] [id=15504]
  0x000002495b0ef800 WatcherThread [stack: 0x0000007ddfc00000,0x0000007ddfd00000] [id=5124]
  0x000002493ea97800 GCTaskThread "GC Thread#0" [stack: 0x0000007dded00000,0x0000007ddee00000] [id=10096]
  0x000002495b6d4000 GCTaskThread "GC Thread#1" [stack: 0x0000007ddfe00000,0x0000007ddff00000] [id=17224]
  0x000002495b24c000 GCTaskThread "GC Thread#2" [stack: 0x0000007ddff00000,0x0000007de0000000] [id=13552]
  0x000002495c8ed800 GCTaskThread "GC Thread#3" [stack: 0x0000007de0900000,0x0000007de0a00000] [id=10952]
  0x000002493eaca800 ConcurrentGCThread "G1 Main Marker" [stack: 0x0000007ddee00000,0x0000007ddef00000] [id=1140]
  0x000002493eacb800 ConcurrentGCThread "G1 Conc#0" [stack: 0x0000007ddef00000,0x0000007ddf000000] [id=3080]
  0x000002493eb59000 ConcurrentGCThread "G1 Refine#0" [stack: 0x0000007ddf000000,0x0000007ddf100000] [id=12988]
  0x000002495bd29800 ConcurrentGCThread "G1 Refine#1" [stack: 0x0000007de4d00000,0x0000007de4e00000] [id=13688]
  0x000002493eb5a000 ConcurrentGCThread "G1 Young RemSet Sampling" [stack: 0x0000007ddf100000,0x0000007ddf200000] [id=11796]

Threads with active compile tasks:
C2 CompilerThread0  23746 11357       4       org.gradle.internal.service.DefaultServiceRegistry$SingletonService::get (5 bytes)
C1 CompilerThread0  23746 11676       3       com.ctc.wstx.sr.BasicStreamReader::readEndElem (537 bytes)
C2 CompilerThread1  23746 11636       4       org.gradle.internal.snapshot.VfsRelativePath::hasPrefix (114 bytes)

VM state:not at safepoint (normal execution)

VM Mutex/Monitor currently owned by a thread:  ([mutex/lock_event])
[0x000002493ea7a760] CompiledIC_lock - owner thread: 0x000002496460c800

Heap address: 0x0000000080000000, size: 2048 MB, Compressed Oops mode: 32-bit
Narrow klass base: 0x0000000000000000, Narrow klass shift: 3
Compressed class space size: 1073741824 Address: 0x0000000100000000

Heap:
 garbage-first heap   total 227328K, used 133120K [0x0000000080000000, 0x0000000100000000)
  region size 1024K, 37 young (37888K), 9 survivors (9216K)
 Metaspace       used 92807K, capacity 95031K, committed 95352K, reserved 1132544K
  class space    used 11712K, capacity 12555K, committed 12664K, reserved 1048576K
Heap Regions: E=young(eden), S=young(survivor), O=old, HS=humongous(starts), HC=humongous(continues), CS=collection set, F=free, A=archive, TAMS=top-at-mark-start (previous, next)
|   0|0x0000000080000000, 0x0000000080100000, 0x0000000080100000|100%|HS|  |TAMS 0x0000000080100000, 0x0000000080000000| Complete 
|   1|0x0000000080100000, 0x0000000080200000, 0x0000000080200000|100%|HC|  |TAMS 0x0000000080200000, 0x0000000080100000| Complete 
|   2|0x0000000080200000, 0x0000000080300000, 0x0000000080300000|100%|HC|  |TAMS 0x0000000080300000, 0x0000000080200000| Complete 
|   3|0x0000000080300000, 0x0000000080400000, 0x0000000080400000|100%| O|  |TAMS 0x0000000080400000, 0x0000000080300000| Untracked 
|   4|0x0000000080400000, 0x0000000080500000, 0x0000000080500000|100%| O|  |TAMS 0x0000000080500000, 0x0000000080400000| Untracked 
|   5|0x0000000080500000, 0x0000000080600000, 0x0000000080600000|100%| O|  |TAMS 0x0000000080600000, 0x0000000080500000| Untracked 
|   6|0x0000000080600000, 0x0000000080700000, 0x0000000080700000|100%| O|  |TAMS 0x0000000080700000, 0x0000000080600000| Untracked 
|   7|0x0000000080700000, 0x0000000080800000, 0x0000000080800000|100%| O|  |TAMS 0x0000000080800000, 0x0000000080700000| Untracked 
|   8|0x0000000080800000, 0x0000000080900000, 0x0000000080900000|100%| O|  |TAMS 0x0000000080900000, 0x0000000080800000| Untracked 
|   9|0x0000000080900000, 0x0000000080a00000, 0x0000000080a00000|100%| O|  |TAMS 0x0000000080a00000, 0x0000000080900000| Untracked 
|  10|0x0000000080a00000, 0x0000000080b00000, 0x0000000080b00000|100%| O|  |TAMS 0x0000000080b00000, 0x0000000080a00000| Untracked 
|  11|0x0000000080b00000, 0x0000000080c00000, 0x0000000080c00000|100%| O|  |TAMS 0x0000000080c00000, 0x0000000080b00000| Untracked 
|  12|0x0000000080c00000, 0x0000000080d00000, 0x0000000080d00000|100%| O|  |TAMS 0x0000000080d00000, 0x0000000080c00000| Untracked 
|  13|0x0000000080d00000, 0x0000000080e00000, 0x0000000080e00000|100%| O|  |TAMS 0x0000000080e00000, 0x0000000080d00000| Untracked 
|  14|0x0000000080e00000, 0x0000000080f00000, 0x0000000080f00000|100%| O|  |TAMS 0x0000000080f00000, 0x0000000080e00000| Untracked 
|  15|0x0000000080f00000, 0x0000000081000000, 0x0000000081000000|100%| O|  |TAMS 0x0000000081000000, 0x0000000080f00000| Untracked 
|  16|0x0000000081000000, 0x0000000081100000, 0x0000000081100000|100%|HS|  |TAMS 0x0000000081100000, 0x0000000081000000| Complete 
|  17|0x0000000081100000, 0x0000000081200000, 0x0000000081200000|100%| O|  |TAMS 0x0000000081200000, 0x0000000081100000| Untracked 
|  18|0x0000000081200000, 0x0000000081300000, 0x0000000081300000|100%| O|  |TAMS 0x0000000081300000, 0x0000000081200000| Untracked 
|  19|0x0000000081300000, 0x0000000081400000, 0x0000000081400000|100%| O|  |TAMS 0x0000000081400000, 0x0000000081300000| Untracked 
|  20|0x0000000081400000, 0x0000000081500000, 0x0000000081500000|100%| O|  |TAMS 0x0000000081500000, 0x0000000081400000| Untracked 
|  21|0x0000000081500000, 0x0000000081600000, 0x0000000081600000|100%| O|  |TAMS 0x0000000081600000, 0x0000000081500000| Untracked 
|  22|0x0000000081600000, 0x0000000081700000, 0x0000000081700000|100%| O|  |TAMS 0x0000000081700000, 0x0000000081600000| Untracked 
|  23|0x0000000081700000, 0x0000000081800000, 0x0000000081800000|100%| O|  |TAMS 0x0000000081800000, 0x0000000081700000| Untracked 
|  24|0x0000000081800000, 0x0000000081900000, 0x0000000081900000|100%|HS|  |TAMS 0x0000000081900000, 0x0000000081800000| Complete 
|  25|0x0000000081900000, 0x0000000081a00000, 0x0000000081a00000|100%|HS|  |TAMS 0x0000000081a00000, 0x0000000081900000| Complete 
|  26|0x0000000081a00000, 0x0000000081b00000, 0x0000000081b00000|100%|HC|  |TAMS 0x0000000081b00000, 0x0000000081a00000| Complete 
|  27|0x0000000081b00000, 0x0000000081c00000, 0x0000000081c00000|100%| O|  |TAMS 0x0000000081c00000, 0x0000000081b00000| Untracked 
|  28|0x0000000081c00000, 0x0000000081d00000, 0x0000000081d00000|100%| O|  |TAMS 0x0000000081d00000, 0x0000000081c00000| Untracked 
|  29|0x0000000081d00000, 0x0000000081e00000, 0x0000000081e00000|100%| O|  |TAMS 0x0000000081e00000, 0x0000000081d00000| Untracked 
|  30|0x0000000081e00000, 0x0000000081f00000, 0x0000000081f00000|100%| O|  |TAMS 0x0000000081f00000, 0x0000000081e00000| Untracked 
|  31|0x0000000081f00000, 0x0000000082000000, 0x0000000082000000|100%| O|  |TAMS 0x0000000082000000, 0x0000000081f00000| Untracked 
|  32|0x0000000082000000, 0x0000000082100000, 0x0000000082100000|100%| O|  |TAMS 0x0000000082100000, 0x0000000082000000| Untracked 
|  33|0x0000000082100000, 0x0000000082200000, 0x0000000082200000|100%| O|  |TAMS 0x0000000082200000, 0x0000000082100000| Untracked 
|  34|0x0000000082200000, 0x0000000082300000, 0x0000000082300000|100%| O|  |TAMS 0x0000000082300000, 0x0000000082200000| Untracked 
|  35|0x0000000082300000, 0x0000000082400000, 0x0000000082400000|100%| O|  |TAMS 0x0000000082400000, 0x0000000082300000| Untracked 
|  36|0x0000000082400000, 0x0000000082500000, 0x0000000082500000|100%| O|  |TAMS 0x0000000082500000, 0x0000000082400000| Untracked 
|  37|0x0000000082500000, 0x0000000082600000, 0x0000000082600000|100%| O|  |TAMS 0x0000000082600000, 0x0000000082500000| Untracked 
|  38|0x0000000082600000, 0x0000000082700000, 0x0000000082700000|100%| O|  |TAMS 0x0000000082700000, 0x0000000082600000| Untracked 
|  39|0x0000000082700000, 0x0000000082800000, 0x0000000082800000|100%| O|  |TAMS 0x0000000082800000, 0x0000000082700000| Untracked 
|  40|0x0000000082800000, 0x0000000082900000, 0x0000000082900000|100%| O|  |TAMS 0x0000000082900000, 0x0000000082800000| Untracked 
|  41|0x0000000082900000, 0x0000000082a00000, 0x0000000082a00000|100%| O|  |TAMS 0x0000000082a00000, 0x0000000082900000| Untracked 
|  42|0x0000000082a00000, 0x0000000082b00000, 0x0000000082b00000|100%| O|  |TAMS 0x0000000082b00000, 0x0000000082a00000| Untracked 
|  43|0x0000000082b00000, 0x0000000082c00000, 0x0000000082c00000|100%| O|  |TAMS 0x0000000082c00000, 0x0000000082b00000| Untracked 
|  44|0x0000000082c00000, 0x0000000082d00000, 0x0000000082d00000|100%| O|  |TAMS 0x0000000082ccf400, 0x0000000082c00000| Untracked 
|  45|0x0000000082d00000, 0x0000000082e00000, 0x0000000082e00000|100%| O|  |TAMS 0x0000000082d00000, 0x0000000082d00000| Untracked 
|  46|0x0000000082e00000, 0x0000000082f00000, 0x0000000082f00000|100%| O|  |TAMS 0x0000000082e00000, 0x0000000082e00000| Untracked 
|  47|0x0000000082f00000, 0x0000000083000000, 0x0000000083000000|100%| O|  |TAMS 0x0000000082f00000, 0x0000000082f00000| Untracked 
|  48|0x0000000083000000, 0x0000000083100000, 0x0000000083100000|100%| O|  |TAMS 0x0000000083000000, 0x0000000083000000| Untracked 
|  49|0x0000000083100000, 0x0000000083200000, 0x0000000083200000|100%| O|  |TAMS 0x0000000083100000, 0x0000000083100000| Untracked 
|  50|0x0000000083200000, 0x0000000083300000, 0x0000000083300000|100%| O|  |TAMS 0x0000000083200000, 0x0000000083200000| Untracked 
|  51|0x0000000083300000, 0x0000000083400000, 0x0000000083400000|100%| O|  |TAMS 0x0000000083300000, 0x0000000083300000| Untracked 
|  52|0x0000000083400000, 0x0000000083500000, 0x0000000083500000|100%| O|  |TAMS 0x0000000083400000, 0x0000000083400000| Untracked 
|  53|0x0000000083500000, 0x0000000083600000, 0x0000000083600000|100%| O|  |TAMS 0x0000000083500000, 0x0000000083500000| Untracked 
|  54|0x0000000083600000, 0x0000000083700000, 0x0000000083700000|100%| O|  |TAMS 0x0000000083600000, 0x0000000083600000| Untracked 
|  55|0x0000000083700000, 0x0000000083800000, 0x0000000083800000|100%| O|  |TAMS 0x0000000083700000, 0x0000000083700000| Untracked 
|  56|0x0000000083800000, 0x0000000083900000, 0x0000000083900000|100%| O|  |TAMS 0x0000000083800000, 0x0000000083800000| Untracked 
|  57|0x0000000083900000, 0x0000000083a00000, 0x0000000083a00000|100%| O|  |TAMS 0x0000000083900000, 0x0000000083900000| Untracked 
|  58|0x0000000083a00000, 0x0000000083b00000, 0x0000000083b00000|100%| O|  |TAMS 0x0000000083a00000, 0x0000000083a00000| Untracked 
|  59|0x0000000083b00000, 0x0000000083c00000, 0x0000000083c00000|100%| O|  |TAMS 0x0000000083b00000, 0x0000000083b00000| Untracked 
|  60|0x0000000083c00000, 0x0000000083d00000, 0x0000000083d00000|100%| O|  |TAMS 0x0000000083c00000, 0x0000000083c00000| Untracked 
|  61|0x0000000083d00000, 0x0000000083e00000, 0x0000000083e00000|100%| O|  |TAMS 0x0000000083d00000, 0x0000000083d00000| Untracked 
|  62|0x0000000083e00000, 0x0000000083f00000, 0x0000000083f00000|100%| O|  |TAMS 0x0000000083e00000, 0x0000000083e00000| Untracked 
|  63|0x0000000083f00000, 0x0000000084000000, 0x0000000084000000|100%| O|  |TAMS 0x0000000083f00000, 0x0000000083f00000| Untracked 
|  64|0x0000000084000000, 0x0000000084100000, 0x0000000084100000|100%| O|  |TAMS 0x0000000084000000, 0x0000000084000000| Untracked 
|  65|0x0000000084100000, 0x0000000084200000, 0x0000000084200000|100%| O|  |TAMS 0x0000000084100000, 0x0000000084100000| Untracked 
|  66|0x0000000084200000, 0x0000000084200000, 0x0000000084300000|  0%| F|  |TAMS 0x0000000084200000, 0x0000000084200000| Untracked 
|  67|0x0000000084300000, 0x0000000084400000, 0x0000000084400000|100%| O|  |TAMS 0x0000000084300000, 0x0000000084300000| Untracked 
|  68|0x0000000084400000, 0x0000000084500000, 0x0000000084500000|100%|HS|  |TAMS 0x0000000084400000, 0x0000000084400000| Complete 
|  69|0x0000000084500000, 0x0000000084500000, 0x0000000084600000|  0%| F|  |TAMS 0x0000000084500000, 0x0000000084500000| Untracked 
|  70|0x0000000084600000, 0x0000000084600000, 0x0000000084700000|  0%| F|  |TAMS 0x0000000084600000, 0x0000000084600000| Untracked 
|  71|0x0000000084700000, 0x0000000084700000, 0x0000000084800000|  0%| F|  |TAMS 0x0000000084700000, 0x0000000084700000| Untracked 
|  72|0x0000000084800000, 0x0000000084800000, 0x0000000084900000|  0%| F|  |TAMS 0x0000000084800000, 0x0000000084800000| Untracked 
|  73|0x0000000084900000, 0x0000000084900000, 0x0000000084a00000|  0%| F|  |TAMS 0x0000000084900000, 0x0000000084900000| Untracked 
|  74|0x0000000084a00000, 0x0000000084a00000, 0x0000000084b00000|  0%| F|  |TAMS 0x0000000084a00000, 0x0000000084a00000| Untracked 
|  75|0x0000000084b00000, 0x0000000084b00000, 0x0000000084c00000|  0%| F|  |TAMS 0x0000000084b00000, 0x0000000084b00000| Untracked 
|  76|0x0000000084c00000, 0x0000000084c00000, 0x0000000084d00000|  0%| F|  |TAMS 0x0000000084c00000, 0x0000000084c00000| Untracked 
|  77|0x0000000084d00000, 0x0000000084e00000, 0x0000000084e00000|100%| O|  |TAMS 0x0000000084d00000, 0x0000000084d00000| Untracked 
|  78|0x0000000084e00000, 0x0000000084f00000, 0x0000000084f00000|100%| O|  |TAMS 0x0000000084e00000, 0x0000000084e00000| Untracked 
|  79|0x0000000084f00000, 0x0000000085000000, 0x0000000085000000|100%| O|  |TAMS 0x0000000084f00000, 0x0000000084f00000| Untracked 
|  80|0x0000000085000000, 0x0000000085100000, 0x0000000085100000|100%| O|  |TAMS 0x0000000085000000, 0x0000000085000000| Untracked 
|  81|0x0000000085100000, 0x0000000085200000, 0x0000000085200000|100%| O|  |TAMS 0x0000000085100000, 0x0000000085100000| Untracked 
|  82|0x0000000085200000, 0x0000000085300000, 0x0000000085300000|100%| O|  |TAMS 0x0000000085200000, 0x0000000085200000| Untracked 
|  83|0x0000000085300000, 0x0000000085400000, 0x0000000085400000|100%| O|  |TAMS 0x0000000085300000, 0x0000000085300000| Untracked 
|  84|0x0000000085400000, 0x0000000085500000, 0x0000000085500000|100%| O|  |TAMS 0x0000000085400000, 0x0000000085400000| Untracked 
|  85|0x0000000085500000, 0x0000000085600000, 0x0000000085600000|100%| O|  |TAMS 0x0000000085500000, 0x0000000085500000| Untracked 
|  86|0x0000000085600000, 0x0000000085700000, 0x0000000085700000|100%| O|  |TAMS 0x0000000085600000, 0x0000000085600000| Untracked 
|  87|0x0000000085700000, 0x0000000085800000, 0x0000000085800000|100%| O|  |TAMS 0x0000000085700000, 0x0000000085700000| Untracked 
|  88|0x0000000085800000, 0x0000000085900000, 0x0000000085900000|100%| O|  |TAMS 0x0000000085800000, 0x0000000085800000| Untracked 
|  89|0x0000000085900000, 0x0000000085a00000, 0x0000000085a00000|100%| O|  |TAMS 0x0000000085900000, 0x0000000085900000| Untracked 
|  90|0x0000000085a00000, 0x0000000085b00000, 0x0000000085b00000|100%| O|  |TAMS 0x0000000085a00000, 0x0000000085a00000| Untracked 
|  91|0x0000000085b00000, 0x0000000085c00000, 0x0000000085c00000|100%| O|  |TAMS 0x0000000085b00000, 0x0000000085b00000| Untracked 
|  92|0x0000000085c00000, 0x0000000085c00000, 0x0000000085d00000|  0%| F|  |TAMS 0x0000000085c00000, 0x0000000085c00000| Untracked 
|  93|0x0000000085d00000, 0x0000000085d00000, 0x0000000085e00000|  0%| F|  |TAMS 0x0000000085d00000, 0x0000000085d00000| Untracked 
|  94|0x0000000085e00000, 0x0000000085e00000, 0x0000000085f00000|  0%| F|  |TAMS 0x0000000085e00000, 0x0000000085e00000| Untracked 
|  95|0x0000000085f00000, 0x0000000085f00000, 0x0000000086000000|  0%| F|  |TAMS 0x0000000085f00000, 0x0000000085f00000| Untracked 
|  96|0x0000000086000000, 0x0000000086000000, 0x0000000086100000|  0%| F|  |TAMS 0x0000000086000000, 0x0000000086000000| Untracked 
|  97|0x0000000086100000, 0x0000000086100000, 0x0000000086200000|  0%| F|  |TAMS 0x0000000086100000, 0x0000000086100000| Untracked 
|  98|0x0000000086200000, 0x0000000086300000, 0x0000000086300000|100%| O|  |TAMS 0x0000000086200000, 0x0000000086200000| Untracked 
|  99|0x0000000086300000, 0x0000000086400000, 0x0000000086400000|100%| O|  |TAMS 0x0000000086300000, 0x0000000086300000| Untracked 
| 100|0x0000000086400000, 0x0000000086500000, 0x0000000086500000|100%| O|  |TAMS 0x0000000086400000, 0x0000000086400000| Untracked 
| 101|0x0000000086500000, 0x0000000086600000, 0x0000000086600000|100%| O|  |TAMS 0x0000000086500000, 0x0000000086500000| Untracked 
| 102|0x0000000086600000, 0x0000000086700000, 0x0000000086700000|100%| O|  |TAMS 0x0000000086600000, 0x0000000086600000| Untracked 
| 103|0x0000000086700000, 0x0000000086800000, 0x0000000086800000|100%| O|  |TAMS 0x0000000086700000, 0x0000000086700000| Untracked 
| 104|0x0000000086800000, 0x0000000086900000, 0x0000000086900000|100%| O|  |TAMS 0x0000000086800000, 0x0000000086800000| Untracked 
| 105|0x0000000086900000, 0x0000000086a00000, 0x0000000086a00000|100%| O|  |TAMS 0x0000000086900000, 0x0000000086900000| Untracked 
| 106|0x0000000086a00000, 0x0000000086b00000, 0x0000000086b00000|100%| O|  |TAMS 0x0000000086a00000, 0x0000000086a00000| Untracked 
| 107|0x0000000086b00000, 0x0000000086c00000, 0x0000000086c00000|100%| O|  |TAMS 0x0000000086b00000, 0x0000000086b00000| Untracked 
| 108|0x0000000086c00000, 0x0000000086d00000, 0x0000000086d00000|100%| O|  |TAMS 0x0000000086c00000, 0x0000000086c00000| Untracked 
| 109|0x0000000086d00000, 0x0000000086e00000, 0x0000000086e00000|100%| O|  |TAMS 0x0000000086d00000, 0x0000000086d00000| Untracked 
| 110|0x0000000086e00000, 0x0000000086e00000, 0x0000000086f00000|  0%| F|  |TAMS 0x0000000086e00000, 0x0000000086e00000| Untracked 
| 111|0x0000000086f00000, 0x0000000086f00000, 0x0000000087000000|  0%| F|  |TAMS 0x0000000086f00000, 0x0000000086f00000| Untracked 
| 112|0x0000000087000000, 0x0000000087000000, 0x0000000087100000|  0%| F|  |TAMS 0x0000000087000000, 0x0000000087000000| Untracked 
| 113|0x0000000087100000, 0x0000000087100000, 0x0000000087200000|  0%| F|  |TAMS 0x0000000087100000, 0x0000000087100000| Untracked 
| 114|0x0000000087200000, 0x0000000087200000, 0x0000000087300000|  0%| F|  |TAMS 0x0000000087200000, 0x0000000087200000| Untracked 
| 115|0x0000000087300000, 0x0000000087300000, 0x0000000087400000|  0%| F|  |TAMS 0x0000000087300000, 0x0000000087300000| Untracked 
| 116|0x0000000087400000, 0x0000000087400000, 0x0000000087500000|  0%| F|  |TAMS 0x0000000087400000, 0x0000000087400000| Untracked 
| 117|0x0000000087500000, 0x0000000087500000, 0x0000000087600000|  0%| F|  |TAMS 0x0000000087500000, 0x0000000087500000| Untracked 
| 118|0x0000000087600000, 0x0000000087600000, 0x0000000087700000|  0%| F|  |TAMS 0x0000000087600000, 0x0000000087600000| Untracked 
| 119|0x0000000087700000, 0x0000000087700000, 0x0000000087800000|  0%| F|  |TAMS 0x0000000087700000, 0x0000000087700000| Untracked 
| 120|0x0000000087800000, 0x0000000087800000, 0x0000000087900000|  0%| F|  |TAMS 0x0000000087800000, 0x0000000087800000| Untracked 
| 121|0x0000000087900000, 0x0000000087900000, 0x0000000087a00000|  0%| F|  |TAMS 0x0000000087900000, 0x0000000087900000| Untracked 
| 122|0x0000000087a00000, 0x0000000087a00000, 0x0000000087b00000|  0%| F|  |TAMS 0x0000000087a00000, 0x0000000087a00000| Untracked 
| 123|0x0000000087b00000, 0x0000000087b00000, 0x0000000087c00000|  0%| F|  |TAMS 0x0000000087b00000, 0x0000000087b00000| Untracked 
| 124|0x0000000087c00000, 0x0000000087c00000, 0x0000000087d00000|  0%| F|  |TAMS 0x0000000087c00000, 0x0000000087c00000| Untracked 
| 125|0x0000000087d00000, 0x0000000087d00000, 0x0000000087e00000|  0%| F|  |TAMS 0x0000000087d00000, 0x0000000087d00000| Untracked 
| 126|0x0000000087e00000, 0x0000000087e00000, 0x0000000087f00000|  0%| F|  |TAMS 0x0000000087e00000, 0x0000000087e00000| Untracked 
| 127|0x0000000087f00000, 0x0000000087f00000, 0x0000000088000000|  0%| F|  |TAMS 0x0000000087f00000, 0x0000000087f00000| Untracked 
| 128|0x0000000088000000, 0x0000000088000000, 0x0000000088100000|  0%| F|  |TAMS 0x0000000088000000, 0x0000000088000000| Untracked 
| 129|0x0000000088100000, 0x0000000088100000, 0x0000000088200000|  0%| F|  |TAMS 0x0000000088100000, 0x0000000088100000| Untracked 
| 130|0x0000000088200000, 0x0000000088200000, 0x0000000088300000|  0%| F|  |TAMS 0x0000000088200000, 0x0000000088200000| Untracked 
| 131|0x0000000088300000, 0x0000000088300000, 0x0000000088400000|  0%| F|  |TAMS 0x0000000088300000, 0x0000000088300000| Untracked 
| 132|0x0000000088400000, 0x0000000088400000, 0x0000000088500000|  0%| F|  |TAMS 0x0000000088400000, 0x0000000088400000| Untracked 
| 133|0x0000000088500000, 0x0000000088500000, 0x0000000088600000|  0%| F|  |TAMS 0x0000000088500000, 0x0000000088500000| Untracked 
| 134|0x0000000088600000, 0x0000000088600000, 0x0000000088700000|  0%| F|  |TAMS 0x0000000088600000, 0x0000000088600000| Untracked 
| 135|0x0000000088700000, 0x0000000088700000, 0x0000000088800000|  0%| F|  |TAMS 0x0000000088700000, 0x0000000088700000| Untracked 
| 136|0x0000000088800000, 0x0000000088800000, 0x0000000088900000|  0%| F|  |TAMS 0x0000000088800000, 0x0000000088800000| Untracked 
| 137|0x0000000088900000, 0x0000000088900000, 0x0000000088a00000|  0%| F|  |TAMS 0x0000000088900000, 0x0000000088900000| Untracked 
| 138|0x0000000088a00000, 0x0000000088a00000, 0x0000000088b00000|  0%| F|  |TAMS 0x0000000088a00000, 0x0000000088a00000| Untracked 
| 139|0x0000000088b00000, 0x0000000088b00000, 0x0000000088c00000|  0%| F|  |TAMS 0x0000000088b00000, 0x0000000088b00000| Untracked 
| 140|0x0000000088c00000, 0x0000000088c00000, 0x0000000088d00000|  0%| F|  |TAMS 0x0000000088c00000, 0x0000000088c00000| Untracked 
| 141|0x0000000088d00000, 0x0000000088d00000, 0x0000000088e00000|  0%| F|  |TAMS 0x0000000088d00000, 0x0000000088d00000| Untracked 
| 142|0x0000000088e00000, 0x0000000088f00000, 0x0000000088f00000|100%| S|CS|TAMS 0x0000000088e00000, 0x0000000088e00000| Complete 
| 143|0x0000000088f00000, 0x0000000089000000, 0x0000000089000000|100%| S|CS|TAMS 0x0000000088f00000, 0x0000000088f00000| Complete 
| 144|0x0000000089000000, 0x0000000089100000, 0x0000000089100000|100%| S|CS|TAMS 0x0000000089000000, 0x0000000089000000| Complete 
| 145|0x0000000089100000, 0x0000000089200000, 0x0000000089200000|100%| S|CS|TAMS 0x0000000089100000, 0x0000000089100000| Complete 
| 146|0x0000000089200000, 0x0000000089300000, 0x0000000089300000|100%| S|CS|TAMS 0x0000000089200000, 0x0000000089200000| Complete 
| 147|0x0000000089300000, 0x0000000089400000, 0x0000000089400000|100%| S|CS|TAMS 0x0000000089300000, 0x0000000089300000| Complete 
| 148|0x0000000089400000, 0x0000000089500000, 0x0000000089500000|100%| S|CS|TAMS 0x0000000089400000, 0x0000000089400000| Complete 
| 149|0x0000000089500000, 0x0000000089600000, 0x0000000089600000|100%| S|CS|TAMS 0x0000000089500000, 0x0000000089500000| Complete 
| 150|0x0000000089600000, 0x0000000089700000, 0x0000000089700000|100%| S|CS|TAMS 0x0000000089600000, 0x0000000089600000| Complete 
| 151|0x0000000089700000, 0x0000000089700000, 0x0000000089800000|  0%| F|  |TAMS 0x0000000089700000, 0x0000000089700000| Untracked 
| 152|0x0000000089800000, 0x0000000089800000, 0x0000000089900000|  0%| F|  |TAMS 0x0000000089800000, 0x0000000089800000| Untracked 
| 153|0x0000000089900000, 0x0000000089900000, 0x0000000089a00000|  0%| F|  |TAMS 0x0000000089900000, 0x0000000089900000| Untracked 
| 154|0x0000000089a00000, 0x0000000089a00000, 0x0000000089b00000|  0%| F|  |TAMS 0x0000000089a00000, 0x0000000089a00000| Untracked 
| 155|0x0000000089b00000, 0x0000000089b00000, 0x0000000089c00000|  0%| F|  |TAMS 0x0000000089b00000, 0x0000000089b00000| Untracked 
| 156|0x0000000089c00000, 0x0000000089c00000, 0x0000000089d00000|  0%| F|  |TAMS 0x0000000089c00000, 0x0000000089c00000| Untracked 
| 157|0x0000000089d00000, 0x0000000089d00000, 0x0000000089e00000|  0%| F|  |TAMS 0x0000000089d00000, 0x0000000089d00000| Untracked 
| 158|0x0000000089e00000, 0x0000000089e00000, 0x0000000089f00000|  0%| F|  |TAMS 0x0000000089e00000, 0x0000000089e00000| Untracked 
| 159|0x0000000089f00000, 0x0000000089f00000, 0x000000008a000000|  0%| F|  |TAMS 0x0000000089f00000, 0x0000000089f00000| Untracked 
| 160|0x000000008a000000, 0x000000008a000000, 0x000000008a100000|  0%| F|  |TAMS 0x000000008a000000, 0x000000008a000000| Untracked 
| 161|0x000000008a100000, 0x000000008a100000, 0x000000008a200000|  0%| F|  |TAMS 0x000000008a100000, 0x000000008a100000| Untracked 
| 162|0x000000008a200000, 0x000000008a200000, 0x000000008a300000|  0%| F|  |TAMS 0x000000008a200000, 0x000000008a200000| Untracked 
| 163|0x000000008a300000, 0x000000008a300000, 0x000000008a400000|  0%| F|  |TAMS 0x000000008a300000, 0x000000008a300000| Untracked 
| 164|0x000000008a400000, 0x000000008a400000, 0x000000008a500000|  0%| F|  |TAMS 0x000000008a400000, 0x000000008a400000| Untracked 
| 165|0x000000008a500000, 0x000000008a500000, 0x000000008a600000|  0%| F|  |TAMS 0x000000008a500000, 0x000000008a500000| Untracked 
| 166|0x000000008a600000, 0x000000008a600000, 0x000000008a700000|  0%| F|  |TAMS 0x000000008a600000, 0x000000008a600000| Untracked 
| 167|0x000000008a700000, 0x000000008a700000, 0x000000008a800000|  0%| F|  |TAMS 0x000000008a700000, 0x000000008a700000| Untracked 
| 168|0x000000008a800000, 0x000000008a800000, 0x000000008a900000|  0%| F|  |TAMS 0x000000008a800000, 0x000000008a800000| Untracked 
| 169|0x000000008a900000, 0x000000008a900000, 0x000000008aa00000|  0%| F|  |TAMS 0x000000008a900000, 0x000000008a900000| Untracked 
| 170|0x000000008aa00000, 0x000000008aa00000, 0x000000008ab00000|  0%| F|  |TAMS 0x000000008aa00000, 0x000000008aa00000| Untracked 
| 171|0x000000008ab00000, 0x000000008ab00000, 0x000000008ac00000|  0%| F|  |TAMS 0x000000008ab00000, 0x000000008ab00000| Untracked 
| 172|0x000000008ac00000, 0x000000008ac00000, 0x000000008ad00000|  0%| F|  |TAMS 0x000000008ac00000, 0x000000008ac00000| Untracked 
| 173|0x000000008ad00000, 0x000000008ad00000, 0x000000008ae00000|  0%| F|  |TAMS 0x000000008ad00000, 0x000000008ad00000| Untracked 
| 174|0x000000008ae00000, 0x000000008ae00000, 0x000000008af00000|  0%| F|  |TAMS 0x000000008ae00000, 0x000000008ae00000| Untracked 
| 175|0x000000008af00000, 0x000000008af00000, 0x000000008b000000|  0%| F|  |TAMS 0x000000008af00000, 0x000000008af00000| Untracked 
| 176|0x000000008b000000, 0x000000008b000000, 0x000000008b100000|  0%| F|  |TAMS 0x000000008b000000, 0x000000008b000000| Untracked 
| 177|0x000000008b100000, 0x000000008b100000, 0x000000008b200000|  0%| F|  |TAMS 0x000000008b100000, 0x000000008b100000| Untracked 
| 178|0x000000008b200000, 0x000000008b200000, 0x000000008b300000|  0%| F|  |TAMS 0x000000008b200000, 0x000000008b200000| Untracked 
| 179|0x000000008b300000, 0x000000008b300000, 0x000000008b400000|  0%| F|  |TAMS 0x000000008b300000, 0x000000008b300000| Untracked 
| 180|0x000000008b400000, 0x000000008b400000, 0x000000008b500000|  0%| F|  |TAMS 0x000000008b400000, 0x000000008b400000| Untracked 
| 181|0x000000008b500000, 0x000000008b500000, 0x000000008b600000|  0%| F|  |TAMS 0x000000008b500000, 0x000000008b500000| Untracked 
| 182|0x000000008b600000, 0x000000008b600000, 0x000000008b700000|  0%| F|  |TAMS 0x000000008b600000, 0x000000008b600000| Untracked 
| 183|0x000000008b700000, 0x000000008b700000, 0x000000008b800000|  0%| F|  |TAMS 0x000000008b700000, 0x000000008b700000| Untracked 
| 184|0x000000008b800000, 0x000000008b800000, 0x000000008b900000|  0%| F|  |TAMS 0x000000008b800000, 0x000000008b800000| Untracked 
| 185|0x000000008b900000, 0x000000008b900000, 0x000000008ba00000|  0%| F|  |TAMS 0x000000008b900000, 0x000000008b900000| Untracked 
| 186|0x000000008ba00000, 0x000000008ba00000, 0x000000008bb00000|  0%| F|  |TAMS 0x000000008ba00000, 0x000000008ba00000| Untracked 
| 187|0x000000008bb00000, 0x000000008bb00000, 0x000000008bc00000|  0%| F|  |TAMS 0x000000008bb00000, 0x000000008bb00000| Untracked 
| 188|0x000000008bc00000, 0x000000008bc00000, 0x000000008bd00000|  0%| F|  |TAMS 0x000000008bc00000, 0x000000008bc00000| Untracked 
| 189|0x000000008bd00000, 0x000000008bd00000, 0x000000008be00000|  0%| F|  |TAMS 0x000000008bd00000, 0x000000008bd00000| Untracked 
| 190|0x000000008be00000, 0x000000008be00000, 0x000000008bf00000|  0%| F|  |TAMS 0x000000008be00000, 0x000000008be00000| Untracked 
| 191|0x000000008bf00000, 0x000000008bf00000, 0x000000008c000000|  0%| F|  |TAMS 0x000000008bf00000, 0x000000008bf00000| Untracked 
| 192|0x000000008c000000, 0x000000008c000000, 0x000000008c100000|  0%| F|  |TAMS 0x000000008c000000, 0x000000008c000000| Untracked 
| 193|0x000000008c100000, 0x000000008c100000, 0x000000008c200000|  0%| F|  |TAMS 0x000000008c100000, 0x000000008c100000| Untracked 
| 194|0x000000008c200000, 0x000000008c228aa8, 0x000000008c300000| 15%| E|  |TAMS 0x000000008c200000, 0x000000008c200000| Complete 
| 195|0x000000008c300000, 0x000000008c400000, 0x000000008c400000|100%| E|CS|TAMS 0x000000008c300000, 0x000000008c300000| Complete 
| 196|0x000000008c400000, 0x000000008c500000, 0x000000008c500000|100%| E|CS|TAMS 0x000000008c400000, 0x000000008c400000| Complete 
| 197|0x000000008c500000, 0x000000008c600000, 0x000000008c600000|100%| E|CS|TAMS 0x000000008c500000, 0x000000008c500000| Complete 
| 198|0x000000008c600000, 0x000000008c700000, 0x000000008c700000|100%| E|CS|TAMS 0x000000008c600000, 0x000000008c600000| Complete 
| 199|0x000000008c700000, 0x000000008c800000, 0x000000008c800000|100%| E|CS|TAMS 0x000000008c700000, 0x000000008c700000| Complete 
| 200|0x000000008c800000, 0x000000008c900000, 0x000000008c900000|100%| E|CS|TAMS 0x000000008c800000, 0x000000008c800000| Complete 
| 201|0x000000008c900000, 0x000000008ca00000, 0x000000008ca00000|100%| E|CS|TAMS 0x000000008c900000, 0x000000008c900000| Complete 
| 202|0x000000008ca00000, 0x000000008cb00000, 0x000000008cb00000|100%| E|CS|TAMS 0x000000008ca00000, 0x000000008ca00000| Complete 
| 203|0x000000008cb00000, 0x000000008cc00000, 0x000000008cc00000|100%| E|CS|TAMS 0x000000008cb00000, 0x000000008cb00000| Complete 
| 204|0x000000008cc00000, 0x000000008cd00000, 0x000000008cd00000|100%| E|CS|TAMS 0x000000008cc00000, 0x000000008cc00000| Complete 
| 205|0x000000008cd00000, 0x000000008ce00000, 0x000000008ce00000|100%| E|CS|TAMS 0x000000008cd00000, 0x000000008cd00000| Complete 
| 206|0x000000008ce00000, 0x000000008cf00000, 0x000000008cf00000|100%| E|CS|TAMS 0x000000008ce00000, 0x000000008ce00000| Complete 
| 207|0x000000008cf00000, 0x000000008d000000, 0x000000008d000000|100%| E|CS|TAMS 0x000000008cf00000, 0x000000008cf00000| Complete 
| 208|0x000000008d000000, 0x000000008d100000, 0x000000008d100000|100%| E|CS|TAMS 0x000000008d000000, 0x000000008d000000| Complete 
| 209|0x000000008d100000, 0x000000008d200000, 0x000000008d200000|100%| E|CS|TAMS 0x000000008d100000, 0x000000008d100000| Complete 
| 210|0x000000008d200000, 0x000000008d300000, 0x000000008d300000|100%| E|CS|TAMS 0x000000008d200000, 0x000000008d200000| Complete 
| 211|0x000000008d300000, 0x000000008d400000, 0x000000008d400000|100%| E|CS|TAMS 0x000000008d300000, 0x000000008d300000| Complete 
| 212|0x000000008d400000, 0x000000008d500000, 0x000000008d500000|100%| E|CS|TAMS 0x000000008d400000, 0x000000008d400000| Complete 
| 213|0x000000008d500000, 0x000000008d600000, 0x000000008d600000|100%| E|CS|TAMS 0x000000008d500000, 0x000000008d500000| Complete 
| 214|0x000000008d600000, 0x000000008d700000, 0x000000008d700000|100%| E|CS|TAMS 0x000000008d600000, 0x000000008d600000| Complete 
| 215|0x000000008d700000, 0x000000008d800000, 0x000000008d800000|100%| E|CS|TAMS 0x000000008d700000, 0x000000008d700000| Complete 
| 216|0x000000008d800000, 0x000000008d900000, 0x000000008d900000|100%| E|CS|TAMS 0x000000008d800000, 0x000000008d800000| Complete 
| 217|0x000000008d900000, 0x000000008da00000, 0x000000008da00000|100%| E|CS|TAMS 0x000000008d900000, 0x000000008d900000| Complete 
| 218|0x000000008da00000, 0x000000008db00000, 0x000000008db00000|100%| E|  |TAMS 0x000000008da00000, 0x000000008da00000| Complete 
| 219|0x000000008db00000, 0x000000008dc00000, 0x000000008dc00000|100%| E|CS|TAMS 0x000000008db00000, 0x000000008db00000| Complete 
| 220|0x000000008dc00000, 0x000000008dd00000, 0x000000008dd00000|100%| E|CS|TAMS 0x000000008dc00000, 0x000000008dc00000| Complete 
| 221|0x000000008dd00000, 0x000000008de00000, 0x000000008de00000|100%| E|CS|TAMS 0x000000008dd00000, 0x000000008dd00000| Complete 

Card table byte_map: [0x00000249537a0000,0x0000024953ba0000] _byte_map_base: 0x00000249533a0000

Marking Bits (Prev, Next): (CMBitMap*) 0x000002493eac1c88, (CMBitMap*) 0x000002493eac1cc0
 Prev Bits: [0x0000024953fa0000, 0x0000024955fa0000)
 Next Bits: [0x0000024955fa0000, 0x0000024957fa0000)

Polling page: 0x0000024940310000

Metaspace:

Usage:
  Non-class:     80.55 MB capacity,    79.20 MB ( 98%) used,     1.09 MB (  1%) free+waste,   257.13 KB ( <1%) overhead. 
      Class:     12.26 MB capacity,    11.44 MB ( 93%) used,   726.33 KB (  6%) free+waste,   116.38 KB ( <1%) overhead. 
       Both:     92.81 MB capacity,    90.64 MB ( 98%) used,     1.80 MB (  2%) free+waste,   373.50 KB ( <1%) overhead. 

Virtual space:
  Non-class space:       82.00 MB reserved,      80.75 MB ( 98%) committed 
      Class space:        1.00 GB reserved,      12.37 MB (  1%) committed 
             Both:        1.08 GB reserved,      93.12 MB (  8%) committed 

Chunk freelists:
   Non-Class:  17.00 KB
       Class:  21.00 KB
        Both:  38.00 KB

MaxMetaspaceSize: 17179869184.00 GB
CompressedClassSpaceSize: 1.00 GB
Initial GC threshold: 20.80 MB
Current GC threshold: 109.57 MB
CDS: off

CodeHeap 'non-profiled nmethods': size=120064Kb used=6398Kb max_used=6398Kb free=113666Kb
 bounds [0x000002494b820000, 0x000002494be60000, 0x0000024952d60000]
CodeHeap 'profiled nmethods': size=120000Kb used=25071Kb max_used=25071Kb free=94928Kb
 bounds [0x00000249442f0000, 0x0000024945b70000, 0x000002494b820000]
CodeHeap 'non-nmethods': size=5696Kb used=2396Kb max_used=2440Kb free=3299Kb
 bounds [0x0000024943d60000, 0x0000024943fd0000, 0x00000249442f0000]
 total_blobs=12420 nmethods=11519 adapters=811
 compilation: enabled
              stopped_count=0, restarted_count=0
 full_count=0

Compilation events (20 events):
Event: 23.697 Thread 0x000002495a61d000 11626       2       java.nio.channels.FileChannel::<init> (5 bytes)
Event: 23.697 Thread 0x000002495a61d000 nmethod 11626 0x0000024945b54c10 code [0x0000024945b54dc0, 0x0000024945b54f58]
Event: 23.701 Thread 0x000002495a61d000 11627       2       sun.nio.ch.NativeThreadSet::<init> (17 bytes)
Event: 23.701 Thread 0x000002495a61d000 nmethod 11627 0x0000024945b55010 code [0x0000024945b551c0, 0x0000024945b553b8]
Event: 23.705 Thread 0x000002495a61d000 11628       2       org.gradle.api.internal.artifacts.transform.DefaultTransformerInvocationFactory$1$$Lambda$944/0x0000000100b62040::get (12 bytes)
Event: 23.706 Thread 0x000002495a61d000 nmethod 11628 0x0000024945b55490 code [0x0000024945b55680, 0x0000024945b559c8]
Event: 23.706 Thread 0x000002495a61d000 11629       2       org.gradle.api.internal.artifacts.transform.DefaultTransformerInvocationFactory$1::lambda$processDeferredOutput$0 (14 bytes)
Event: 23.706 Thread 0x000002495a61d000 nmethod 11629 0x0000024945b55b90 code [0x0000024945b55d80, 0x0000024945b560a8]
Event: 23.706 Thread 0x000002495a61d000 11630       2       org.gradle.internal.execution.steps.IdentityCacheStep$$Lambda$948/0x0000000100b62c40::get$Lambda (11 bytes)
Event: 23.707 Thread 0x000002495a61d000 nmethod 11630 0x0000024945b56290 code [0x0000024945b56440, 0x0000024945b56698]
Event: 23.707 Thread 0x000002495a61d000 11631       2       com.android.aapt.Resources$Id::newBuilder (7 bytes)
Event: 23.707 Thread 0x000002495a61d000 nmethod 11631 0x0000024945b56790 code [0x0000024945b56940, 0x0000024945b56af8]
Event: 23.708 Thread 0x000002495a61d000 11632       2       com.android.aapt.Resources$Id$Builder::build (19 bytes)
Event: 23.708 Thread 0x000002495a61d000 nmethod 11632 0x0000024945b56b90 code [0x0000024945b56d60, 0x0000024945b57058]
Event: 23.708 Thread 0x000002495a61d000 11633       2       com.android.aapt.Resources$Id$Builder::buildPartial (16 bytes)
Event: 23.709 Thread 0x000002495a61d000 nmethod 11633 0x0000024945b57190 code [0x0000024945b57340, 0x0000024945b57518]
Event: 23.709 Thread 0x000002495d916000 nmethod 11542 0x000002494be5c190 code [0x000002494be5c3c0, 0x000002494be5d278]
Event: 23.709 Thread 0x000002495d916000 11487       4       org.gradle.internal.snapshot.PathUtil::compareCharsIgnoringCase (46 bytes)
Event: 23.710 Thread 0x000002495a61d000 11634   !   2       org.gradle.api.internal.artifacts.ivyservice.ResolvedFilesCollectingVisitor::visitArtifact (39 bytes)
Event: 23.710 Thread 0x000002495a61d000 nmethod 11634 0x0000024945b57610 code [0x0000024945b577e0, 0x0000024945b57988]

GC Heap History (20 events):
Event: 9.510 GC heap before
{Heap before GC invocations=11 (full 0):
 garbage-first heap   total 157696K, used 112087K [0x0000000080000000, 0x0000000100000000)
  region size 1024K, 92 young (94208K), 12 survivors (12288K)
 Metaspace       used 48052K, capacity 49208K, committed 49408K, reserved 1091584K
  class space    used 6168K, capacity 6615K, committed 6656K, reserved 1048576K
}
Event: 9.532 GC heap after
{Heap after GC invocations=12 (full 0):
 garbage-first heap   total 157696K, used 31937K [0x0000000080000000, 0x0000000100000000)
  region size 1024K, 9 young (9216K), 9 survivors (9216K)
 Metaspace       used 48052K, capacity 49208K, committed 49408K, reserved 1091584K
  class space    used 6168K, capacity 6615K, committed 6656K, reserved 1048576K
}
Event: 11.121 GC heap before
{Heap before GC invocations=12 (full 0):
 garbage-first heap   total 157696K, used 118977K [0x0000000080000000, 0x0000000100000000)
  region size 1024K, 91 young (93184K), 9 survivors (9216K)
 Metaspace       used 56938K, capacity 58367K, committed 58496K, reserved 1099776K
  class space    used 7233K, capacity 7734K, committed 7808K, reserved 1048576K
}
Event: 11.142 GC heap after
{Heap after GC invocations=13 (full 0):
 garbage-first heap   total 189440K, used 45534K [0x0000000080000000, 0x0000000100000000)
  region size 1024K, 12 young (12288K), 12 survivors (12288K)
 Metaspace       used 56938K, capacity 58367K, committed 58496K, reserved 1099776K
  class space    used 7233K, capacity 7734K, committed 7808K, reserved 1048576K
}
Event: 11.385 GC heap before
{Heap before GC invocations=13 (full 0):
 garbage-first heap   total 189440K, used 55774K [0x0000000080000000, 0x0000000100000000)
  region size 1024K, 23 young (23552K), 12 survivors (12288K)
 Metaspace       used 58544K, capacity 59879K, committed 59904K, reserved 1101824K
  class space    used 7398K, capacity 7912K, committed 7936K, reserved 1048576K
}
Event: 11.408 GC heap after
{Heap after GC invocations=14 (full 0):
 garbage-first heap   total 189440K, used 47859K [0x0000000080000000, 0x0000000100000000)
  region size 1024K, 2 young (2048K), 2 survivors (2048K)
 Metaspace       used 58544K, capacity 59879K, committed 59904K, reserved 1101824K
  class space    used 7398K, capacity 7912K, committed 7936K, reserved 1048576K
}
Event: 12.799 GC heap before
{Heap before GC invocations=15 (full 0):
 garbage-first heap   total 189440K, used 114419K [0x0000000080000000, 0x0000000100000000)
  region size 1024K, 68 young (69632K), 2 survivors (2048K)
 Metaspace       used 65402K, capacity 66897K, committed 67064K, reserved 1107968K
  class space    used 8291K, capacity 8860K, committed 8952K, reserved 1048576K
}
Event: 12.811 GC heap after
{Heap after GC invocations=16 (full 0):
 garbage-first heap   total 189440K, used 51997K [0x0000000080000000, 0x0000000100000000)
  region size 1024K, 6 young (6144K), 6 survivors (6144K)
 Metaspace       used 65402K, capacity 66897K, committed 67064K, reserved 1107968K
  class space    used 8291K, capacity 8860K, committed 8952K, reserved 1048576K
}
Event: 13.945 GC heap before
{Heap before GC invocations=17 (full 0):
 garbage-first heap   total 189440K, used 123677K [0x0000000080000000, 0x0000000100000000)
  region size 1024K, 75 young (76800K), 6 survivors (6144K)
 Metaspace       used 69802K, capacity 71423K, committed 71544K, reserved 1112064K
  class space    used 8945K, capacity 9550K, committed 9592K, reserved 1048576K
}
Event: 13.962 GC heap after
{Heap after GC invocations=18 (full 0):
 garbage-first heap   total 189440K, used 56833K [0x0000000080000000, 0x0000000100000000)
  region size 1024K, 5 young (5120K), 5 survivors (5120K)
 Metaspace       used 69802K, capacity 71423K, committed 71544K, reserved 1112064K
  class space    used 8945K, capacity 9550K, committed 9592K, reserved 1048576K
}
Event: 15.690 GC heap before
{Heap before GC invocations=18 (full 0):
 garbage-first heap   total 189440K, used 128513K [0x0000000080000000, 0x0000000100000000)
  region size 1024K, 75 young (76800K), 5 survivors (5120K)
 Metaspace       used 76769K, capacity 78465K, committed 78584K, reserved 1118208K
  class space    used 10047K, capacity 10695K, committed 10744K, reserved 1048576K
}
Event: 15.707 GC heap after
{Heap after GC invocations=19 (full 0):
 garbage-first heap   total 189440K, used 60605K [0x0000000080000000, 0x0000000100000000)
  region size 1024K, 9 young (9216K), 9 survivors (9216K)
 Metaspace       used 76769K, capacity 78465K, committed 78584K, reserved 1118208K
  class space    used 10047K, capacity 10695K, committed 10744K, reserved 1048576K
}
Event: 17.384 GC heap before
{Heap before GC invocations=19 (full 0):
 garbage-first heap   total 189440K, used 132285K [0x0000000080000000, 0x0000000100000000)
  region size 1024K, 80 young (81920K), 9 survivors (9216K)
 Metaspace       used 83698K, capacity 85721K, committed 85880K, reserved 1124352K
  class space    used 10880K, capacity 11627K, committed 11640K, reserved 1048576K
}
Event: 17.410 GC heap after
{Heap after GC invocations=20 (full 0):
 garbage-first heap   total 227328K, used 67032K [0x0000000080000000, 0x0000000100000000)
  region size 1024K, 10 young (10240K), 10 survivors (10240K)
 Metaspace       used 83698K, capacity 85721K, committed 85880K, reserved 1124352K
  class space    used 10880K, capacity 11627K, committed 11640K, reserved 1048576K
}
Event: 19.650 GC heap before
{Heap before GC invocations=20 (full 0):
 garbage-first heap   total 227328K, used 154072K [0x0000000080000000, 0x0000000100000000)
  region size 1024K, 96 young (98304K), 10 survivors (10240K)
 Metaspace       used 85857K, capacity 87943K, committed 88056K, reserved 1126400K
  class space    used 11106K, capacity 11931K, committed 12024K, reserved 1048576K
}
Event: 19.679 GC heap after
{Heap after GC invocations=21 (full 0):
 garbage-first heap   total 227328K, used 76587K [0x0000000080000000, 0x0000000100000000)
  region size 1024K, 9 young (9216K), 9 survivors (9216K)
 Metaspace       used 85857K, capacity 87943K, committed 88056K, reserved 1126400K
  class space    used 11106K, capacity 11931K, committed 12024K, reserved 1048576K
}
Event: 21.631 GC heap before
{Heap before GC invocations=21 (full 0):
 garbage-first heap   total 227328K, used 172843K [0x0000000080000000, 0x0000000100000000)
  region size 1024K, 93 young (95232K), 9 survivors (9216K)
 Metaspace       used 87697K, capacity 89814K, committed 89976K, reserved 1126400K
  class space    used 11278K, capacity 12086K, committed 12152K, reserved 1048576K
}
Event: 21.672 GC heap after
{Heap after GC invocations=22 (full 0):
 garbage-first heap   total 227328K, used 96256K [0x0000000080000000, 0x0000000100000000)
  region size 1024K, 12 young (12288K), 12 survivors (12288K)
 Metaspace       used 87697K, capacity 89814K, committed 89976K, reserved 1126400K
  class space    used 11278K, capacity 12086K, committed 12152K, reserved 1048576K
}
Event: 23.134 GC heap before
{Heap before GC invocations=22 (full 0):
 garbage-first heap   total 227328K, used 183296K [0x0000000080000000, 0x0000000100000000)
  region size 1024K, 83 young (84992K), 12 survivors (12288K)
 Metaspace       used 91911K, capacity 94120K, committed 94200K, reserved 1130496K
  class space    used 11649K, capacity 12475K, committed 12536K, reserved 1048576K
}
Event: 23.166 GC heap after
{Heap after GC invocations=23 (full 0):
 garbage-first heap   total 227328K, used 106496K [0x0000000080000000, 0x0000000100000000)
  region size 1024K, 9 young (9216K), 9 survivors (9216K)
 Metaspace       used 91911K, capacity 94120K, committed 94200K, reserved 1130496K
  class space    used 11649K, capacity 12475K, committed 12536K, reserved 1048576K
}

Deoptimization events (20 events):
Event: 23.399 Thread 0x0000024964610800 DEOPT PACKING pc=0x000002494be37c3c sp=0x0000007de50fe010
Event: 23.399 Thread 0x0000024964610800 DEOPT UNPACKING pc=0x0000024943daa1af sp=0x0000007de50fdf38 mode 2
Event: 23.399 Thread 0x0000024964610800 Uncommon trap: trap_request=0xffffffde fr.pc=0x000002494be2ce08 relative=0x0000000000000148
Event: 23.399 Thread 0x0000024964610800 Uncommon trap: reason=class_check action=maybe_recompile pc=0x000002494be2ce08 method=com.google.common.collect.RegularImmutableMap.get(Ljava/lang/Object;[Lcom/google/common/collect/ImmutableMapEntry;I)Ljava/lang/Object; @ 54 c2
Event: 23.399 Thread 0x0000024964610800 DEOPT PACKING pc=0x000002494be2ce08 sp=0x0000007de50fdfa0
Event: 23.399 Thread 0x0000024964610800 DEOPT UNPACKING pc=0x0000024943daa1af sp=0x0000007de50fdf38 mode 2
Event: 23.399 Thread 0x0000024964610800 Uncommon trap: trap_request=0xffffffde fr.pc=0x000002494be2ce08 relative=0x0000000000000148
Event: 23.399 Thread 0x0000024964610800 Uncommon trap: reason=class_check action=maybe_recompile pc=0x000002494be2ce08 method=com.google.common.collect.RegularImmutableMap.get(Ljava/lang/Object;[Lcom/google/common/collect/ImmutableMapEntry;I)Ljava/lang/Object; @ 54 c2
Event: 23.399 Thread 0x0000024964610800 DEOPT PACKING pc=0x000002494be2ce08 sp=0x0000007de50fdfa0
Event: 23.399 Thread 0x0000024964610800 DEOPT UNPACKING pc=0x0000024943daa1af sp=0x0000007de50fdf38 mode 2
Event: 23.427 Thread 0x000002496460a000 Uncommon trap: trap_request=0xffffff4d fr.pc=0x000002494ba9c08c relative=0x000000000000022c
Event: 23.427 Thread 0x000002496460a000 Uncommon trap: reason=unstable_if action=reinterpret pc=0x000002494ba9c08c method=com.esotericsoftware.kryo.io.Output.writeString(Ljava/lang/CharSequence;)V @ 50 c2
Event: 23.427 Thread 0x000002496460a000 DEOPT PACKING pc=0x000002494ba9c08c sp=0x0000007de4bfdf30
Event: 23.427 Thread 0x000002496460a000 DEOPT UNPACKING pc=0x0000024943daa1af sp=0x0000007de4bfdeb0 mode 2
Event: 23.429 Thread 0x000002495ef79000 Uncommon trap: trap_request=0xffffff4d fr.pc=0x000002494be50af8 relative=0x0000000000000058
Event: 23.429 Thread 0x000002495ef79000 Uncommon trap: reason=unstable_if action=reinterpret pc=0x000002494be50af8 method=com.google.protobuf.GeneratedMessageV3$Builder.onChanged()V @ 4 c2
Event: 23.429 Thread 0x000002495ef79000 DEOPT PACKING pc=0x000002494be50af8 sp=0x0000007de47fe840
Event: 23.429 Thread 0x000002495ef79000 DEOPT UNPACKING pc=0x0000024943daa1af sp=0x0000007de47fe7e0 mode 2
Event: 23.440 Thread 0x000002496460c800 DEOPT PACKING pc=0x00000249458be0b2 sp=0x0000007de49fdae0
Event: 23.440 Thread 0x000002496460c800 DEOPT UNPACKING pc=0x0000024943daa95e sp=0x0000007de49fd028 mode 0

Classes redefined (0 events):
No events

Internal exceptions (20 events):
Event: 20.548 Thread 0x000002496460b000 Exception <a 'java/lang/NoSuchMethodError'{0x000000008a795158}: <clinit>> (0x000000008a795158) thrown at [./src/hotspot/share/prims/jni.cpp, line 1365]
Event: 20.554 Thread 0x000002496460b000 Exception <a 'java/lang/NoSuchMethodError'{0x000000008a7efe08}: <clinit>> (0x000000008a7efe08) thrown at [./src/hotspot/share/prims/jni.cpp, line 1365]
Event: 20.558 Thread 0x000002496460b000 Exception <a 'java/lang/NoSuchMethodError'{0x000000008a621ec8}: <clinit>> (0x000000008a621ec8) thrown at [./src/hotspot/share/prims/jni.cpp, line 1365]
Event: 20.559 Thread 0x000002496460b000 Exception <a 'java/lang/NoSuchMethodError'{0x000000008a625330}: <clinit>> (0x000000008a625330) thrown at [./src/hotspot/share/prims/jni.cpp, line 1365]
Event: 20.559 Thread 0x000002496460b000 Exception <a 'java/lang/NoSuchMethodError'{0x000000008a627fa0}: <clinit>> (0x000000008a627fa0) thrown at [./src/hotspot/share/prims/jni.cpp, line 1365]
Event: 20.561 Thread 0x000002496460b000 Exception <a 'java/lang/NoSuchMethodError'{0x000000008a63ff98}: <clinit>> (0x000000008a63ff98) thrown at [./src/hotspot/share/prims/jni.cpp, line 1365]
Event: 20.563 Thread 0x000002496460b000 Exception <a 'java/lang/NoSuchMethodError'{0x000000008a6572a0}: <clinit>> (0x000000008a6572a0) thrown at [./src/hotspot/share/prims/jni.cpp, line 1365]
Event: 20.565 Thread 0x000002496460b000 Exception <a 'java/lang/NoSuchMethodError'{0x000000008a66bf90}: <clinit>> (0x000000008a66bf90) thrown at [./src/hotspot/share/prims/jni.cpp, line 1365]
Event: 20.568 Thread 0x000002496460b000 Exception <a 'java/lang/NoSuchMethodError'{0x000000008a68ea50}: <clinit>> (0x000000008a68ea50) thrown at [./src/hotspot/share/prims/jni.cpp, line 1365]
Event: 20.571 Thread 0x000002496460b000 Exception <a 'java/lang/NoSuchMethodError'{0x000000008a6b3c28}: <clinit>> (0x000000008a6b3c28) thrown at [./src/hotspot/share/prims/jni.cpp, line 1365]
Event: 20.573 Thread 0x000002496460b000 Exception <a 'java/lang/NoSuchMethodError'{0x000000008a6c8200}: <clinit>> (0x000000008a6c8200) thrown at [./src/hotspot/share/prims/jni.cpp, line 1365]
Event: 22.035 Thread 0x000002496460b000 Implicit null exception at 0x000002494bdd4eff to 0x000002494bdda1dc
Event: 22.130 Thread 0x000002496460b000 Exception <a 'java/lang/NoSuchMethodError'{0x000000008ce46de8}: <clinit>> (0x000000008ce46de8) thrown at [./src/hotspot/share/prims/jni.cpp, line 1365]
Event: 22.157 Thread 0x000002496460b000 Exception <a 'java/lang/NoSuchMethodError'{0x000000008cdb6618}: <clinit>> (0x000000008cdb6618) thrown at [./src/hotspot/share/prims/jni.cpp, line 1365]
Event: 22.196 Thread 0x000002496460b000 Exception <a 'java/lang/NoSuchMethodError'{0x000000008c90cb10}: <clinit>> (0x000000008c90cb10) thrown at [./src/hotspot/share/prims/jni.cpp, line 1365]
Event: 23.324 Thread 0x0000024964610800 Implicit null exception at 0x000002494bd8c988 to 0x000002494bd8cdd0
Event: 23.325 Thread 0x0000024964610800 Implicit null exception at 0x000002494bd8c988 to 0x000002494bd8cdd0
Event: 23.325 Thread 0x0000024964610800 Implicit null exception at 0x000002494bd8c988 to 0x000002494bd8cdd0
Event: 23.325 Thread 0x0000024964610800 Implicit null exception at 0x000002494bd8c988 to 0x000002494bd8cdd0
Event: 23.424 Thread 0x000002496460c800 Exception <a 'java/lang/NoSuchMethodError'{0x000000008d24c5a8}: 'java.lang.Object java.lang.invoke.DirectMethodHandle$Holder.newInvokeSpecial(java.lang.Object, java.lang.Object, java.lang.Object, java.lang.Object)'> (0x000000008d24c5a8) thrown at [./src/hotspot/share/interpreter/linkResolver.cpp, line 773]

Events (20 events):
Event: 23.428 loading class org/gradle/internal/execution/history/impl/FileSystemSnapshotSerializer$1
Event: 23.428 loading class org/gradle/internal/execution/history/impl/FileSystemSnapshotSerializer$1 done
Event: 23.428 loading class org/gradle/internal/execution/history/impl/FileSystemSnapshotSerializer$1$1
Event: 23.428 loading class org/gradle/internal/execution/history/impl/FileSystemSnapshotSerializer$1$1 done
Event: 23.444 loading class com/google/common/collect/ImmutableList$SerializedForm
Event: 23.444 loading class com/google/common/collect/ImmutableList$SerializedForm done
Event: 23.448 Executing VM operation: RevokeBias
Event: 23.450 Executing VM operation: RevokeBias done
Event: 23.452 Executing VM operation: RevokeBias
Event: 23.453 Executing VM operation: RevokeBias done
Event: 23.453 Executing VM operation: RevokeBias
Event: 23.454 Executing VM operation: RevokeBias done
Event: 23.459 Executing VM operation: RevokeBias
Event: 23.460 Executing VM operation: RevokeBias done
Event: 23.460 Executing VM operation: RevokeBias
Event: 23.461 Executing VM operation: RevokeBias done
Event: 23.671 loading class com/android/aapt/Resources$Id$1
Event: 23.671 loading class com/android/aapt/Resources$Id$1 done
Event: 23.674 loading class com/android/aapt/Resources$Id$Builder
Event: 23.674 loading class com/android/aapt/Resources$Id$Builder done


Dynamic libraries:
0x00007ff78a3c0000 - 0x00007ff78a3ca000 	C:\Program Files\Android\Android Studio\jre\bin\java.exe
0x00007ffdbee50000 - 0x00007ffdbf048000 	C:\WINDOWS\SYSTEM32\ntdll.dll
0x00007ffdbe9a0000 - 0x00007ffdbea5d000 	C:\WINDOWS\System32\KERNEL32.DLL
0x00007ffdbcbe0000 - 0x00007ffdbceae000 	C:\WINDOWS\System32\KERNELBASE.dll
0x00007ffdbca20000 - 0x00007ffdbcb20000 	C:\WINDOWS\System32\ucrtbase.dll
0x00007ffdab640000 - 0x00007ffdab659000 	C:\Program Files\Android\Android Studio\jre\bin\jli.dll
0x00007ffdab620000 - 0x00007ffdab637000 	C:\Program Files\Android\Android Studio\jre\bin\VCRUNTIME140.dll
0x00007ffdbd050000 - 0x00007ffdbd1f0000 	C:\WINDOWS\System32\USER32.dll
0x00007ffdbcbb0000 - 0x00007ffdbcbd2000 	C:\WINDOWS\System32\win32u.dll
0x00007ffdbe810000 - 0x00007ffdbe83a000 	C:\WINDOWS\System32\GDI32.dll
0x00007ffdaca20000 - 0x00007ffdaccba000 	C:\WINDOWS\WinSxS\amd64_microsoft.windows.common-controls_6595b64144ccf1df_6.0.19041.1110_none_60b5254171f9507e\COMCTL32.dll
0x00007ffdbc800000 - 0x00007ffdbc90b000 	C:\WINDOWS\System32\gdi32full.dll
0x00007ffdbe400000 - 0x00007ffdbe49e000 	C:\WINDOWS\System32\msvcrt.dll
0x00007ffdbc910000 - 0x00007ffdbc9ad000 	C:\WINDOWS\System32\msvcp_win.dll
0x00007ffdbe960000 - 0x00007ffdbe990000 	C:\WINDOWS\System32\IMM32.DLL
0x00007ffd4bcf0000 - 0x00007ffd4bd8d000 	C:\Program Files\Android\Android Studio\jre\bin\msvcp140.dll
0x00007ffd3cca0000 - 0x00007ffd3d785000 	C:\Program Files\Android\Android Studio\jre\bin\server\jvm.dll
0x00007ffdbe840000 - 0x00007ffdbe8ee000 	C:\WINDOWS\System32\ADVAPI32.dll
0x00007ffdbe710000 - 0x00007ffdbe7ac000 	C:\WINDOWS\System32\sechost.dll
0x00007ffdbec10000 - 0x00007ffdbed35000 	C:\WINDOWS\System32\RPCRT4.dll
0x00007ffdbe990000 - 0x00007ffdbe998000 	C:\WINDOWS\System32\PSAPI.DLL
0x00007ffd972c0000 - 0x00007ffd972c9000 	C:\WINDOWS\SYSTEM32\WSOCK32.dll
0x00007ffdac860000 - 0x00007ffdac887000 	C:\WINDOWS\SYSTEM32\WINMM.dll
0x00007ffdbe8f0000 - 0x00007ffdbe95b000 	C:\WINDOWS\System32\WS2_32.dll
0x00007ffdb3670000 - 0x00007ffdb367a000 	C:\WINDOWS\SYSTEM32\VERSION.dll
0x00007ffdbadf0000 - 0x00007ffdbae02000 	C:\WINDOWS\SYSTEM32\kernel.appcore.dll
0x00007ffd97c60000 - 0x00007ffd97c71000 	C:\Program Files\Android\Android Studio\jre\bin\verify.dll
0x00007ffda0390000 - 0x00007ffda0574000 	C:\WINDOWS\SYSTEM32\DBGHELP.DLL
0x00007ffda0220000 - 0x00007ffda024c000 	C:\WINDOWS\SYSTEM32\dbgcore.DLL
0x00007ffdbcb20000 - 0x00007ffdbcba2000 	C:\WINDOWS\System32\bcryptPrimitives.dll
0x00007ffd965d0000 - 0x00007ffd965f9000 	C:\Program Files\Android\Android Studio\jre\bin\java.dll
0x00007ffda0990000 - 0x00007ffda099b000 	C:\Program Files\Android\Android Studio\jre\bin\jimage.dll
0x00007ffd97b60000 - 0x00007ffd97b78000 	C:\Program Files\Android\Android Studio\jre\bin\zip.dll
0x00007ffdbd8e0000 - 0x00007ffdbe023000 	C:\WINDOWS\System32\SHELL32.dll
0x00007ffdba590000 - 0x00007ffdbad25000 	C:\WINDOWS\SYSTEM32\windows.storage.dll
0x00007ffdbe0a0000 - 0x00007ffdbe3f4000 	C:\WINDOWS\System32\combase.dll
0x00007ffdbbfd0000 - 0x00007ffdbc000000 	C:\WINDOWS\SYSTEM32\Wldp.dll
0x00007ffdbe4a0000 - 0x00007ffdbe54d000 	C:\WINDOWS\System32\SHCORE.dll
0x00007ffdbe7b0000 - 0x00007ffdbe805000 	C:\WINDOWS\System32\shlwapi.dll
0x00007ffdbc4b0000 - 0x00007ffdbc4cf000 	C:\WINDOWS\SYSTEM32\profapi.dll
0x00007ffd97850000 - 0x00007ffd9786a000 	C:\Program Files\Android\Android Studio\jre\bin\net.dll
0x00007ffdad320000 - 0x00007ffdad42a000 	C:\WINDOWS\SYSTEM32\WINHTTP.dll
0x00007ffdbbd30000 - 0x00007ffdbbd9a000 	C:\WINDOWS\system32\mswsock.dll
0x00007ffd95c40000 - 0x00007ffd95c54000 	C:\Program Files\Android\Android Studio\jre\bin\nio.dll
0x00007ffda08d0000 - 0x00007ffda08f7000 	C:\Users\Nada Said\.gradle\native\e1d6ef7f7dcc3fd88c89a11ec53ec762bb8ba0a96d01ffa2cd45eb1d1d8dd5c5\windows-amd64\native-platform.dll
0x00007ffd42360000 - 0x00007ffd424a4000 	C:\Users\Nada Said\.gradle\native\5664cfc778a61ccfe75a443a1ab52a65af34e5dc3c78e0209fed803814484fcb\windows-amd64\native-platform-file-events.dll
0x00007ffd985e0000 - 0x00007ffd985ea000 	C:\Program Files\Android\Android Studio\jre\bin\management.dll
0x00007ffd98280000 - 0x00007ffd9828d000 	C:\Program Files\Android\Android Studio\jre\bin\management_ext.dll
0x00007ffdbbf30000 - 0x00007ffdbbf48000 	C:\WINDOWS\SYSTEM32\CRYPTSP.dll
0x00007ffdbb640000 - 0x00007ffdbb674000 	C:\WINDOWS\system32\rsaenh.dll
0x00007ffdbc620000 - 0x00007ffdbc647000 	C:\WINDOWS\System32\bcrypt.dll
0x00007ffdbc430000 - 0x00007ffdbc45e000 	C:\WINDOWS\SYSTEM32\USERENV.dll
0x00007ffdbbf20000 - 0x00007ffdbbf2c000 	C:\WINDOWS\SYSTEM32\CRYPTBASE.dll
0x00007ffdbb9d0000 - 0x00007ffdbba0b000 	C:\WINDOWS\SYSTEM32\IPHLPAPI.DLL
0x00007ffdbe030000 - 0x00007ffdbe038000 	C:\WINDOWS\System32\NSI.dll
0x00007ffdb3260000 - 0x00007ffdb3277000 	C:\WINDOWS\SYSTEM32\dhcpcsvc6.DLL
0x00007ffdb3e80000 - 0x00007ffdb3e9d000 	C:\WINDOWS\SYSTEM32\dhcpcsvc.DLL
0x00007ffdbba20000 - 0x00007ffdbbaea000 	C:\WINDOWS\SYSTEM32\DNSAPI.dll

dbghelp: loaded successfully - version: 4.0.5 - missing functions: none
symbol engine: initialized successfully - sym options: 0x614 - pdb path: .;C:\Program Files\Android\Android Studio\jre\bin;C:\WINDOWS\SYSTEM32;C:\WINDOWS\WinSxS\amd64_microsoft.windows.common-controls_6595b64144ccf1df_6.0.19041.1110_none_60b5254171f9507e;C:\Program Files\Android\Android Studio\jre\bin\server;C:\Users\Nada Said\.gradle\native\e1d6ef7f7dcc3fd88c89a11ec53ec762bb8ba0a96d01ffa2cd45eb1d1d8dd5c5\windows-amd64;C:\Users\Nada Said\.gradle\native\5664cfc778a61ccfe75a443a1ab52a65af34e5dc3c78e0209fed803814484fcb\windows-amd64

VM Arguments:
jvm_args: --add-opens=java.base/java.util=ALL-UNNAMED --add-opens=java.base/java.lang=ALL-UNNAMED --add-opens=java.base/java.lang.invoke=ALL-UNNAMED --add-opens=java.base/java.util=ALL-UNNAMED --add-opens=java.prefs/java.util.prefs=ALL-UNNAMED --add-opens=java.prefs/java.util.prefs=ALL-UNNAMED --add-opens=java.base/java.nio.charset=ALL-UNNAMED --add-opens=java.base/java.net=ALL-UNNAMED --add-opens=java.base/java.util.concurrent.atomic=ALL-UNNAMED -Xmx2048m -Dfile.encoding=UTF-8 -Duser.country=US -Duser.language=en -Duser.variant 
java_command: org.gradle.launcher.daemon.bootstrap.GradleDaemon 7.3.3
java_class_path (initial): C:\Users\Nada Said\.gradle\wrapper\dists\gradle-7.3.3-bin\6a41zxkdtcxs8rphpq6y0069z\gradle-7.3.3\lib\gradle-launcher-7.3.3.jar
Launcher Type: SUN_STANDARD

[Global flags]
     intx CICompilerCount                          = 3                                         {product} {ergonomic}
     uint ConcGCThreads                            = 1                                         {product} {ergonomic}
     uint G1ConcRefinementThreads                  = 4                                         {product} {ergonomic}
   size_t G1HeapRegionSize                         = 1048576                                   {product} {ergonomic}
    uintx GCDrainStackTargetSize                   = 64                                        {product} {ergonomic}
   size_t InitialHeapSize                          = 134217728                                 {product} {ergonomic}
   size_t MarkStackSize                            = 4194304                                   {product} {ergonomic}
   size_t MaxHeapSize                              = 2147483648                                {product} {command line}
   size_t MaxNewSize                               = 1287651328                                {product} {ergonomic}
   size_t MinHeapDeltaBytes                        = 1048576                                   {product} {ergonomic}
    uintx NonNMethodCodeHeapSize                   = 5830732                                {pd product} {ergonomic}
    uintx NonProfiledCodeHeapSize                  = 122913754                              {pd product} {ergonomic}
    uintx ProfiledCodeHeapSize                     = 122913754                              {pd product} {ergonomic}
    uintx ReservedCodeCacheSize                    = 251658240                              {pd product} {ergonomic}
     bool SegmentedCodeCache                       = true                                      {product} {ergonomic}
     bool UseCompressedClassPointers               = true                                 {lp64_product} {ergonomic}
     bool UseCompressedOops                        = true                                 {lp64_product} {ergonomic}
     bool UseG1GC                                  = true                                      {product} {ergonomic}
     bool UseLargePagesIndividualAllocation        = false                                  {pd product} {ergonomic}

Logging:
Log output configuration:
 #0: stdout all=warning uptime,level,tags
 #1: stderr all=off uptime,level,tags

Environment Variables:
JAVA_HOME=C:\Program Files\Java\jdk-17.0.1
PATH=C:\Program Files\Microsoft\jdk-11.0.12.7-hotspot\bin;C:\Program Files (x86)\NVIDIA Corporation\PhysX\Common;C:\Oracle\Middleware\Oracle_FRHome1\bin;C:\Program Files\Common Files\Oracle\Java\javapath;C:\app\NadaSaid\product\11.2.0\dbhome_1\bin;C:\ProgramData\Oracle\Java\javapath;C:\WINDOWS\system32;C:\WINDOWS;C:\WINDOWS\System32\Wbem;C:\WINDOWS\System32\WindowsPowerShell\v1.0\;C:\WINDOWS\System32\OpenSSH\;C:\Program Files\Git\cmd;C:\Program Files\Java\jdk-17.0.1\bin;C:\Oracle\Middleware\Oracle_FRHome1\opmn\bin;C:\Oracle\Middleware\Oracle_FRHome1\opmn\lib;C:\Oracle\Middleware\Oracle_FRHome1\perl\bin;C:\Program Files\Microsoft SQL Server\Client SDK\ODBC\110\Tools\Binn\;C:\Program Files (x86)\Microsoft SQL Server\120\Tools\Binn\;C:\Program Files\Microsoft SQL Server\120\Tools\Binn\;C:\Program Files\Microsoft SQL Server\120\DTS\Binn\;C:\Program Files (x86)\Windows Kits\8.1\Windows Performance Toolkit\;C:\Program Files\dotnet\;C:\Users\Nada Said\AppData\Local\Programs\Python\Python37\Scripts\;C:\Users\Nada Said\AppData\Local\Programs\Python\Python37\;C:\Python37\Scripts\;C:\Python37\;C:\Users\Nada Said\AppData\Local\Microsoft\WindowsApps;C:\Users\Nada Said\AppData\Local\Programs\Microsoft VS Code\bin;C:\Program Files\JetBrains\IntelliJ IDEA Community Edition 2021.2.3\bin;;C:\Users\Nada Said\.dotnet\tools;C:\Users\Nada Said\AppData\Local\GitHubDesktop\bin;C:\Dart\dart-sdk\bin;
USERNAME=Nada Said
LD_LIBRARY_PATH=C:\Oracle\Middleware\Oracle_FRHome1\lib
OS=Windows_NT
PROCESSOR_IDENTIFIER=Intel64 Family 6 Model 61 Stepping 4, GenuineIntel



---------------  S Y S T E M  ---------------

OS: Windows 10 , 64 bit Build 19041 (10.0.19041.1889)
OS uptime: 2 days 20:54 hours

CPU:total 4 (initial active 4) (2 cores per cpu, 2 threads per core) family 6 model 61 stepping 4 microcode 0x2d, cmov, cx8, fxsr, mmx, sse, sse2, sse3, ssse3, sse4.1, sse4.2, popcnt, avx, avx2, aes, clmul, erms, rtm, 3dnowpref, lzcnt, ht, tsc, tscinvbit, bmi1, bmi2, adx, fma

Memory: 4k page, system-wide physical 8067M (1174M free)
TotalPageFile size 11125M (AvailPageFile size 10M)
current process WorkingSet (physical memory assigned to process): 492M, peak: 492M
current process commit charge ("private bytes"): 523M, peak: 525M

vm_info: OpenJDK 64-Bit Server VM (11.0.12+7-b1504.28-7817840) for windows-amd64 JRE (11.0.12+7-b1504.28-7817840), built on Oct 13 2021 22:12:33 by "builder" with MS VC++ 14.0 (VS2015)

END.
