#
# There is insufficient memory for the Java Runtime Environment to continue.
# Native memory allocation (mmap) failed to map 93323264 bytes for Failed to commit area from 0x0000000094100000 to 0x0000000099a00000 of length 93323264.
# Possible reasons:
#   The system is out of physical RAM or swap space
#   The process is running with CompressedOops enabled, and the Java Heap may be blocking the growth of the native heap
# Possible solutions:
#   Reduce memory load on the system
#   Increase physical memory or swap space
#   Check if swap backing store is full
#   Decrease Java heap size (-Xmx/-Xms)
#   Decrease number of Java threads
#   Decrease Java thread stack sizes (-Xss)
#   Set larger code cache with -XX:ReservedCodeCacheSize=
#   JVM is running with Unscaled Compressed Oops mode in which the Java heap is
#     placed in the first 4GB address space. The Java Heap base address is the
#     maximum limit for the native heap growth. Please use -XX:HeapBaseMinAddress
#     to set the Java Heap base and to place the Java Heap above 4GB virtual address.
# This output file may be truncated or incomplete.
#
#  Out of Memory Error (./src/hotspot/os/windows/os_windows.cpp:3521), pid=15996, tid=17052
#
# JRE version: OpenJDK Runtime Environment (11.0.12+7) (build 11.0.12+7-b1504.28-7817840)
# Java VM: OpenJDK 64-Bit Server VM (11.0.12+7-b1504.28-7817840, mixed mode, tiered, compressed oops, g1 gc, windows-amd64)
# No core dump will be written. Minidumps are not enabled by default on client versions of Windows
#

---------------  S U M M A R Y ------------

Command Line: --add-opens=java.base/java.util=ALL-UNNAMED --add-opens=java.base/java.lang=ALL-UNNAMED --add-opens=java.base/java.lang.invoke=ALL-UNNAMED --add-opens=java.base/java.util=ALL-UNNAMED --add-opens=java.prefs/java.util.prefs=ALL-UNNAMED --add-opens=java.prefs/java.util.prefs=ALL-UNNAMED --add-opens=java.base/java.nio.charset=ALL-UNNAMED --add-opens=java.base/java.net=ALL-UNNAMED --add-opens=java.base/java.util.concurrent.atomic=ALL-UNNAMED -Xmx2048m -Dfile.encoding=UTF-8 -Duser.country=US -Duser.language=en -Duser.variant org.gradle.launcher.daemon.bootstrap.GradleDaemon 7.3.3

Host: Intel(R) Core(TM) i5-5300U CPU @ 2.30GHz, 4 cores, 7G,  Windows 10 , 64 bit Build 19041 (10.0.19041.1889)
Time: Sun Oct  2 17:27:34 2022 Egypt Standard Time elapsed time: 405.917637 seconds (0d 0h 6m 45s)

---------------  T H R E A D  ---------------

Current thread (0x0000016727dd8800):  VMThread "VM Thread" [stack: 0x000000257a000000,0x000000257a100000] [id=17052]

Stack: [0x000000257a000000,0x000000257a100000]
[error occurred during error reporting (printing stack bounds), id 0xc0000005, EXCEPTION_ACCESS_VIOLATION (0xc0000005) at pc=0x0000016711d0112d]

Native frames: (J=compiled Java code, j=interpreted, Vv=VM code, C=native code)
V  [jvm.dll+0x5fbcea]
V  [jvm.dll+0x731905]
V  [jvm.dll+0x732f1d]
V  [jvm.dll+0x733535]
V  [jvm.dll+0x7334eb]
V  [jvm.dll+0x5fb080]
V  [jvm.dll+0x5fb818]
C  [ntdll.dll+0xa235f]
C  [ntdll.dll+0x514a4]
C  [ntdll.dll+0xa0e8e]
C  0x0000016711d0112d

VM_Operation (0x00000025002fe470): G1CollectForAllocation, mode: safepoint, requested by thread 0x000001672f5e6000


---------------  P R O C E S S  ---------------

Threads class SMR info:
_java_thread_list=0x000001672afcc190, length=99, elements={
0x000001670e1ef800, 0x0000016727ddf000, 0x0000016727deb000, 0x0000016727dfc000,
0x0000016727dfc800, 0x0000016727e03800, 0x0000016727e06000, 0x0000016727e0b800,
0x0000016727e1a000, 0x00000167288b5000, 0x0000016729a98800, 0x0000016729876000,
0x000001672a7b2800, 0x000001672a7d4000, 0x000001672a7d7800, 0x000001672a7d5000,
0x000001672a7d3800, 0x000001672a7d8800, 0x000001672a7d6800, 0x000001672a7da000,
0x000001672e7b2000, 0x000001672e7ac000, 0x000001672e7b0000, 0x000001672e7ad000,
0x000001672e66f000, 0x000001672e675800, 0x000001672e66b000, 0x000001672e669800,
0x000001672e66b800, 0x000001672e66a000, 0x000001672e670000, 0x000001672e670800,
0x000001672e671800, 0x000001672e672800, 0x000001672e66c800, 0x000001672e66e000,
0x000001672e66d800, 0x000001672e674800, 0x000001672e673000, 0x000001672e674000,
0x000001672e676800, 0x000001672e677000, 0x000001672e678000, 0x000001672f417800,
0x000001672f41a000, 0x000001672f418800, 0x000001672f41b000, 0x000001672f415800,
0x000001672f41f000, 0x000001672f419800, 0x000001672f420800, 0x000001672f41c000,
0x000001672f41d800, 0x000001672f41e000, 0x000001672f420000, 0x000001672f421800,
0x000001672f422800, 0x000001672f41c800, 0x000001672f424000, 0x000001672f423000,
0x000001672e7b1000, 0x000001672e7b2800, 0x000001672e7ae800, 0x000001672e7af800,
0x000001672e7b7800, 0x000001672e7b6000, 0x000001672e7b3800, 0x000001672e7b6800,
0x000001672e7b9000, 0x000001672e7ba000, 0x000001672e7b8800, 0x000001672e7bb000,
0x000001672a7d9000, 0x000001672a7d6000, 0x000001672eeff000, 0x000001672ef01800,
0x000001672eefc800, 0x000001672ef00800, 0x000001672eefb800, 0x000001672ef03000,
0x000001672ef02000, 0x000001672ef00000, 0x000001672eefd800, 0x000001672ef04000,
0x000001672eefe000, 0x000001672ef08000, 0x000001672ef05800, 0x000001672ef04800,
0x000001672ef09800, 0x000001672ef06800, 0x000001672ef07000, 0x000001672ef08800,
0x000001672f5e7000, 0x000001672f694800, 0x000001672f5e7800, 0x000001672f5e6000,
0x000001672f5eb000, 0x000001672f5e8800, 0x000001672f5e9000
}

Java Threads: ( => current thread )
  0x000001670e1ef800 JavaThread "main" [_thread_blocked, id=13812, stack(0x0000002579a00000,0x0000002579b00000)]
  0x0000016727ddf000 JavaThread "Reference Handler" daemon [_thread_blocked, id=9968, stack(0x000000257a100000,0x000000257a200000)]
  0x0000016727deb000 JavaThread "Finalizer" daemon [_thread_blocked, id=15848, stack(0x000000257a200000,0x000000257a300000)]
  0x0000016727dfc000 JavaThread "Signal Dispatcher" daemon [_thread_blocked, id=7188, stack(0x000000257a300000,0x000000257a400000)]
  0x0000016727dfc800 JavaThread "Attach Listener" daemon [_thread_blocked, id=7364, stack(0x000000257a400000,0x000000257a500000)]
  0x0000016727e03800 JavaThread "Service Thread" daemon [_thread_blocked, id=15536, stack(0x000000257a500000,0x000000257a600000)]
  0x0000016727e06000 JavaThread "C2 CompilerThread0" daemon [_thread_blocked, id=8964, stack(0x000000257a600000,0x000000257a700000)]
  0x0000016727e0b800 JavaThread "C1 CompilerThread0" daemon [_thread_blocked, id=7268, stack(0x000000257a700000,0x000000257a800000)]
  0x0000016727e1a000 JavaThread "Sweeper thread" daemon [_thread_blocked, id=10860, stack(0x000000257a800000,0x000000257a900000)]
  0x00000167288b5000 JavaThread "Common-Cleaner" daemon [_thread_blocked, id=5336, stack(0x000000257a900000,0x000000257aa00000)]
  0x0000016729a98800 JavaThread "Daemon health stats" [_thread_blocked, id=13444, stack(0x000000257ae00000,0x000000257af00000)]
  0x0000016729876000 JavaThread "Incoming local TCP Connector on port 60115" [_thread_in_native, id=16336, stack(0x000000257ab00000,0x000000257ac00000)]
  0x000001672a7b2800 JavaThread "Daemon periodic checks" [_thread_blocked, id=10840, stack(0x000000257af00000,0x000000257b000000)]
  0x000001672a7d4000 JavaThread "Cache worker for journal cache (C:\Users\Nada Said\.gradle\caches\journal-1)" [_thread_blocked, id=12660, stack(0x000000257b800000,0x000000257b900000)]
  0x000001672a7d7800 JavaThread "File lock request listener" [_thread_in_native, id=16776, stack(0x000000257b900000,0x000000257ba00000)]
  0x000001672a7d5000 JavaThread "Cache worker for file hash cache (C:\Users\Nada Said\.gradle\caches\7.3.3\fileHashes)" [_thread_blocked, id=9140, stack(0x000000257ba00000,0x000000257bb00000)]
  0x000001672a7d3800 JavaThread "File watcher server" daemon [_thread_blocked, id=9448, stack(0x000000257bd00000,0x000000257be00000)]
  0x000001672a7d8800 JavaThread "File watcher consumer" daemon [_thread_blocked, id=13372, stack(0x000000257be00000,0x000000257bf00000)]
  0x000001672a7d6800 JavaThread "jar transforms" [_thread_blocked, id=9568, stack(0x000000257bf00000,0x000000257c000000)]
  0x000001672a7da000 JavaThread "jar transforms Thread 2" [_thread_blocked, id=14592, stack(0x000000257c000000,0x000000257c100000)]
  0x000001672e7b2000 JavaThread "jar transforms Thread 3" [_thread_blocked, id=17312, stack(0x000000257c100000,0x000000257c200000)]
  0x000001672e7ac000 JavaThread "jar transforms Thread 4" [_thread_blocked, id=17360, stack(0x000000257c200000,0x000000257c300000)]
  0x000001672e7b0000 JavaThread "Cache worker for execution history cache (C:\Users\Nada Said\.gradle\caches\7.3.3\executionHistory)" [_thread_blocked, id=13604, stack(0x000000257c400000,0x000000257c500000)]
  0x000001672e7ad000 JavaThread "Cache worker for file content cache (C:\Users\Nada Said\.gradle\caches\7.3.3\fileContent)" [_thread_blocked, id=2440, stack(0x000000257c700000,0x000000257c800000)]
  0x000001672e66f000 JavaThread "Memory manager" [_thread_blocked, id=1140, stack(0x000000257f200000,0x000000257f300000)]
  0x000001672e675800 JavaThread "pool-3-thread-1" [_thread_blocked, id=1080, stack(0x000000257f300000,0x000000257f400000)]
  0x000001672e66b000 JavaThread "Daemon Thread 2" [_thread_blocked, id=2500, stack(0x0000002579800000,0x0000002579900000)]
  0x000001672e669800 JavaThread "Handler for socket connection from /127.0.0.1:60115 to /127.0.0.1:64844" [_thread_in_native, id=15868, stack(0x0000002579900000,0x0000002579a00000)]
  0x000001672e66b800 JavaThread "Cancel handler" [_thread_blocked, id=13816, stack(0x000000257b000000,0x000000257b100000)]
  0x000001672e66a000 JavaThread "Daemon worker Thread 2" [_thread_blocked, id=2192, stack(0x000000257b100000,0x000000257b200000)]
  0x000001672e670000 JavaThread "Asynchronous log dispatcher for DefaultDaemonConnection: socket connection from /127.0.0.1:60115 to /127.0.0.1:64844" [_thread_blocked, id=7488, stack(0x000000257b200000,0x000000257b300000)]
  0x000001672e670800 JavaThread "Stdin handler" [_thread_blocked, id=17676, stack(0x000000257b300000,0x000000257b400000)]
  0x000001672e671800 JavaThread "Daemon client event forwarder" [_thread_blocked, id=2144, stack(0x000000257b400000,0x000000257b500000)]
  0x000001672e672800 JavaThread "Cache worker for file hash cache (D:\AndroidProject\EcommerceApp\.gradle\7.3.3\fileHashes)" [_thread_blocked, id=2556, stack(0x000000257b500000,0x000000257b600000)]
  0x000001672e66c800 JavaThread "Cache worker for checksums cache (D:\AndroidProject\EcommerceApp\.gradle\7.3.3\checksums)" [_thread_blocked, id=13088, stack(0x000000257bb00000,0x000000257bc00000)]
  0x000001672e66e000 JavaThread "Cache worker for cache directory md-supplier (C:\Users\Nada Said\.gradle\caches\7.3.3\md-supplier)" [_thread_blocked, id=1944, stack(0x000000257bc00000,0x000000257bd00000)]
  0x000001672e66d800 JavaThread "Cache worker for cache directory md-rule (C:\Users\Nada Said\.gradle\caches\7.3.3\md-rule)" [_thread_blocked, id=7836, stack(0x000000257c300000,0x000000257c400000)]
  0x000001672e674800 JavaThread "Cache worker for dependencies-accessors (D:\AndroidProject\EcommerceApp\.gradle\7.3.3\dependencies-accessors)" [_thread_blocked, id=9248, stack(0x000000257c500000,0x000000257c600000)]
  0x000001672e673000 JavaThread "Cache worker for Build Output Cleanup Cache (D:\AndroidProject\EcommerceApp\.gradle\buildOutputCleanup)" [_thread_blocked, id=10780, stack(0x000000257c600000,0x000000257c700000)]
  0x000001672e674000 JavaThread "Unconstrained build operations" [_thread_blocked, id=9116, stack(0x000000257c800000,0x000000257c900000)]
  0x000001672e676800 JavaThread "Unconstrained build operations Thread 2" [_thread_blocked, id=7792, stack(0x000000257c900000,0x000000257ca00000)]
  0x000001672e677000 JavaThread "Unconstrained build operations Thread 3" [_thread_blocked, id=1880, stack(0x000000257ca00000,0x000000257cb00000)]
  0x000001672e678000 JavaThread "Unconstrained build operations Thread 4" [_thread_blocked, id=1764, stack(0x000000257cb00000,0x000000257cc00000)]
  0x000001672f417800 JavaThread "Unconstrained build operations Thread 5" [_thread_blocked, id=15916, stack(0x000000257cc00000,0x000000257cd00000)]
  0x000001672f41a000 JavaThread "Unconstrained build operations Thread 6" [_thread_blocked, id=3268, stack(0x000000257cd00000,0x000000257ce00000)]
  0x000001672f418800 JavaThread "Unconstrained build operations Thread 7" [_thread_blocked, id=12260, stack(0x000000257ce00000,0x000000257cf00000)]
  0x000001672f41b000 JavaThread "Unconstrained build operations Thread 8" [_thread_blocked, id=12920, stack(0x000000257cf00000,0x000000257d000000)]
  0x000001672f415800 JavaThread "Unconstrained build operations Thread 9" [_thread_blocked, id=16556, stack(0x000000257d000000,0x000000257d100000)]
  0x000001672f41f000 JavaThread "Unconstrained build operations Thread 10" [_thread_blocked, id=14940, stack(0x000000257d100000,0x000000257d200000)]
  0x000001672f419800 JavaThread "Unconstrained build operations Thread 11" [_thread_blocked, id=6284, stack(0x000000257d200000,0x000000257d300000)]
  0x000001672f420800 JavaThread "Unconstrained build operations Thread 12" [_thread_blocked, id=12560, stack(0x000000257d300000,0x000000257d400000)]
  0x000001672f41c000 JavaThread "Unconstrained build operations Thread 13" [_thread_blocked, id=16544, stack(0x000000257d400000,0x000000257d500000)]
  0x000001672f41d800 JavaThread "Unconstrained build operations Thread 14" [_thread_blocked, id=16880, stack(0x000000257d500000,0x000000257d600000)]
  0x000001672f41e000 JavaThread "Unconstrained build operations Thread 15" [_thread_blocked, id=15664, stack(0x000000257d600000,0x000000257d700000)]
  0x000001672f420000 JavaThread "Unconstrained build operations Thread 16" [_thread_blocked, id=1660, stack(0x000000257d700000,0x000000257d800000)]
  0x000001672f421800 JavaThread "Unconstrained build operations Thread 17" [_thread_blocked, id=1700, stack(0x000000257d800000,0x000000257d900000)]
  0x000001672f422800 JavaThread "Unconstrained build operations Thread 18" [_thread_blocked, id=2852, stack(0x000000257d900000,0x000000257da00000)]
  0x000001672f41c800 JavaThread "Unconstrained build operations Thread 19" [_thread_blocked, id=6216, stack(0x000000257da00000,0x000000257db00000)]
  0x000001672f424000 JavaThread "Unconstrained build operations Thread 20" [_thread_blocked, id=3344, stack(0x000000257db00000,0x000000257dc00000)]
  0x000001672f423000 JavaThread "Unconstrained build operations Thread 21" [_thread_blocked, id=11364, stack(0x000000257dc00000,0x000000257dd00000)]
  0x000001672e7b1000 JavaThread "Unconstrained build operations Thread 22" [_thread_blocked, id=4648, stack(0x000000257dd00000,0x000000257de00000)]
  0x000001672e7b2800 JavaThread "Unconstrained build operations Thread 23" [_thread_blocked, id=14420, stack(0x000000257de00000,0x000000257df00000)]
  0x000001672e7ae800 JavaThread "Unconstrained build operations Thread 24" [_thread_blocked, id=10496, stack(0x000000257df00000,0x000000257e000000)]
  0x000001672e7af800 JavaThread "Unconstrained build operations Thread 25" [_thread_blocked, id=11712, stack(0x000000257e000000,0x000000257e100000)]
  0x000001672e7b7800 JavaThread "Unconstrained build operations Thread 26" [_thread_blocked, id=15432, stack(0x000000257e100000,0x000000257e200000)]
  0x000001672e7b6000 JavaThread "Unconstrained build operations Thread 27" [_thread_blocked, id=1368, stack(0x000000257e200000,0x000000257e300000)]
  0x000001672e7b3800 JavaThread "Unconstrained build operations Thread 28" [_thread_blocked, id=4568, stack(0x000000257e300000,0x000000257e400000)]
  0x000001672e7b6800 JavaThread "Unconstrained build operations Thread 29" [_thread_blocked, id=14816, stack(0x000000257e400000,0x000000257e500000)]
  0x000001672e7b9000 JavaThread "Unconstrained build operations Thread 30" [_thread_blocked, id=10716, stack(0x000000257e500000,0x000000257e600000)]
  0x000001672e7ba000 JavaThread "Unconstrained build operations Thread 31" [_thread_blocked, id=10592, stack(0x000000257e600000,0x000000257e700000)]
  0x000001672e7b8800 JavaThread "Unconstrained build operations Thread 32" [_thread_blocked, id=7392, stack(0x000000257e700000,0x000000257e800000)]
  0x000001672e7bb000 JavaThread "Unconstrained build operations Thread 33" [_thread_blocked, id=6808, stack(0x000000257e800000,0x000000257e900000)]
  0x000001672a7d9000 JavaThread "Unconstrained build operations Thread 34" [_thread_blocked, id=8840, stack(0x000000257e900000,0x000000257ea00000)]
  0x000001672a7d6000 JavaThread "Unconstrained build operations Thread 35" [_thread_blocked, id=2528, stack(0x000000257ea00000,0x000000257eb00000)]
  0x000001672eeff000 JavaThread "Unconstrained build operations Thread 36" [_thread_blocked, id=4800, stack(0x000000257eb00000,0x000000257ec00000)]
  0x000001672ef01800 JavaThread "Unconstrained build operations Thread 37" [_thread_blocked, id=2040, stack(0x000000257ec00000,0x000000257ed00000)]
  0x000001672eefc800 JavaThread "Unconstrained build operations Thread 38" [_thread_blocked, id=1188, stack(0x000000257ed00000,0x000000257ee00000)]
  0x000001672ef00800 JavaThread "Unconstrained build operations Thread 39" [_thread_blocked, id=13976, stack(0x000000257ee00000,0x000000257ef00000)]
  0x000001672eefb800 JavaThread "Unconstrained build operations Thread 40" [_thread_blocked, id=17512, stack(0x000000257ef00000,0x000000257f000000)]
  0x000001672ef03000 JavaThread "build event listener" [_thread_blocked, id=1276, stack(0x000000257f000000,0x000000257f100000)]
  0x000001672ef02000 JavaThread "pool-6-thread-1" [_thread_blocked, id=3432, stack(0x000000257f100000,0x000000257f200000)]
  0x000001672ef00000 JavaThread "build event listener" [_thread_blocked, id=10260, stack(0x000000257f400000,0x000000257f500000)]
  0x000001672eefd800 JavaThread "Execution worker for ':'" [_thread_blocked, id=11104, stack(0x000000257f500000,0x000000257f600000)]
  0x000001672ef04000 JavaThread "Execution worker for ':' Thread 2" [_thread_blocked, id=14868, stack(0x000000257f600000,0x000000257f700000)]
  0x000001672eefe000 JavaThread "Execution worker for ':' Thread 3" [_thread_blocked, id=816, stack(0x000000257f700000,0x000000257f800000)]
  0x000001672ef08000 JavaThread "Cache worker for execution history cache (D:\AndroidProject\EcommerceApp\.gradle\7.3.3\executionHistory)" [_thread_blocked, id=12108, stack(0x000000257f800000,0x000000257f900000)]
  0x000001672ef05800 JavaThread "WorkerExecutor Queue" [_thread_blocked, id=9264, stack(0x000000257f900000,0x000000257fa00000)]
  0x000001672ef04800 JavaThread "WorkerExecutor Queue Thread 2" [_thread_blocked, id=10160, stack(0x000000257fa00000,0x000000257fb00000)]
  0x000001672ef09800 JavaThread "WorkerExecutor Queue Thread 3" [_thread_blocked, id=15700, stack(0x000000257fb00000,0x000000257fc00000)]
  0x000001672ef06800 JavaThread "WorkerExecutor Queue Thread 4" [_thread_blocked, id=1320, stack(0x000000257fc00000,0x000000257fd00000)]
  0x000001672ef07000 JavaThread "pool-7-thread-1" [_thread_blocked, id=15540, stack(0x000000257fe00000,0x000000257ff00000)]
  0x000001672ef08800 JavaThread "stderr" [_thread_in_native, id=18208, stack(0x000000257b600000,0x000000257b700000)]
  0x000001672f5e7000 JavaThread "stdout" [_thread_in_native, id=10692, stack(0x000000257ff00000,0x0000002580000000)]
  0x000001672f694800 JavaThread "C2 CompilerThread1" daemon [_thread_in_native, id=12580, stack(0x0000002500000000,0x0000002500100000)]
  0x000001672f5e7800 JavaThread "WorkerExecutor Queue Thread 5" [_thread_blocked, id=17380, stack(0x0000002500100000,0x0000002500200000)]
  0x000001672f5e6000 JavaThread "ForkJoinPool-1-worker-3" daemon [_thread_blocked, id=7448, stack(0x0000002500200000,0x0000002500300000)]
  0x000001672f5eb000 JavaThread "ForkJoinPool-1-worker-5" daemon [_thread_blocked, id=7524, stack(0x0000002500300000,0x0000002500400000)]
  0x000001672f5e8800 JavaThread "ForkJoinPool-1-worker-7" daemon [_thread_blocked, id=1084, stack(0x0000002500400000,0x0000002500500000)]
  0x000001672f5e9000 JavaThread "ForkJoinPool-1-worker-1" daemon [_thread_blocked, id=8920, stack(0x0000002500500000,0x0000002500600000)]

Other Threads:
=>0x0000016727dd8800 VMThread "VM Thread" [stack: 0x000000257a000000,0x000000257a100000] [id=17052]
  0x00000167288e9000 WatcherThread [stack: 0x000000257aa00000,0x000000257ab00000] [id=10628]
  0x000001670e207000 GCTaskThread "GC Thread#0" [stack: 0x0000002579b00000,0x0000002579c00000] [id=7416]
  0x00000167291fd000 GCTaskThread "GC Thread#1" [stack: 0x000000257ac00000,0x000000257ad00000] [id=8764]
  0x0000016728bf6800 GCTaskThread "GC Thread#2" [stack: 0x000000257ad00000,0x000000257ae00000] [id=8108]
  0x0000016729c63000 GCTaskThread "GC Thread#3" [stack: 0x000000257b700000,0x000000257b800000] [id=3288]
  0x000001670e23a800 ConcurrentGCThread "G1 Main Marker" [stack: 0x0000002579c00000,0x0000002579d00000] [id=572]
  0x000001670e23b800 ConcurrentGCThread "G1 Conc#0" [stack: 0x0000002579d00000,0x0000002579e00000] [id=11172]
  0x000001670e2ca800 ConcurrentGCThread "G1 Refine#0" [stack: 0x0000002579e00000,0x0000002579f00000] [id=8480]
  0x000001670e2cb800 ConcurrentGCThread "G1 Young RemSet Sampling" [stack: 0x0000002579f00000,0x000000257a000000] [id=772]

Threads with active compile tasks:
C2 CompilerThread0 405983 19431 %     4       com.android.tools.r8.dex.j::a @ 313 (1042 bytes)
C2 CompilerThread1 405983 19496       4       com.android.tools.r8.dex.j::e (664 bytes)

VM state:at safepoint (normal execution)

VM Mutex/Monitor currently owned by a thread:  ([mutex/lock_event])
[0x000001670e1ea180] Threads_lock - owner thread: 0x0000016727dd8800
[0x000001670e1e9eb0] Heap_lock - owner thread: 0x000001672f5e6000

Heap address: 0x0000000080000000, size: 2048 MB, Compressed Oops mode: 32-bit
Narrow klass base: 0x0000000000000000, Narrow klass shift: 3
Compressed class space size: 1073741824 Address: 0x0000000100000000

Heap:
 garbage-first heap   total 419840K, used 253433K [0x0000000080000000, 0x0000000100000000)
  region size 1024K, 2 young (2048K), 2 survivors (2048K)
 Metaspace       used 141965K, capacity 145673K, committed 145920K, reserved 1175552K
  class space    used 17687K, capacity 19087K, committed 19200K, reserved 1048576K
Heap Regions: E=young(eden), S=young(survivor), O=old, HS=humongous(starts), HC=humongous(continues), CS=collection set, F=free, A=archive, TAMS=top-at-mark-start (previous, next)
|   0|0x0000000080000000, 0x0000000080100000, 0x0000000080100000|100%|HS|  |TAMS 0x0000000080100000, 0x0000000080000000| Complete 
|   1|0x0000000080100000, 0x0000000080200000, 0x0000000080200000|100%|HC|  |TAMS 0x0000000080200000, 0x0000000080100000| Complete 
|   2|0x0000000080200000, 0x0000000080300000, 0x0000000080300000|100%|HC|  |TAMS 0x0000000080300000, 0x0000000080200000| Complete 
|   3|0x0000000080300000, 0x0000000080400000, 0x0000000080400000|100%| O|  |TAMS 0x0000000080400000, 0x0000000080300000| Updating 
|   4|0x0000000080400000, 0x0000000080500000, 0x0000000080500000|100%| O|  |TAMS 0x0000000080500000, 0x0000000080400000| Updating 
|   5|0x0000000080500000, 0x0000000080600000, 0x0000000080600000|100%| O|  |TAMS 0x0000000080600000, 0x0000000080500000| Updating 
|   6|0x0000000080600000, 0x0000000080700000, 0x0000000080700000|100%| O|  |TAMS 0x0000000080700000, 0x0000000080600000| Updating 
|   7|0x0000000080700000, 0x0000000080800000, 0x0000000080800000|100%| O|  |TAMS 0x0000000080800000, 0x0000000080700000| Updating 
|   8|0x0000000080800000, 0x0000000080900000, 0x0000000080900000|100%| O|  |TAMS 0x0000000080900000, 0x0000000080800000| Updating 
|   9|0x0000000080900000, 0x0000000080a00000, 0x0000000080a00000|100%| O|  |TAMS 0x0000000080a00000, 0x0000000080900000| Updating 
|  10|0x0000000080a00000, 0x0000000080b00000, 0x0000000080b00000|100%| O|  |TAMS 0x0000000080b00000, 0x0000000080a00000| Updating 
|  11|0x0000000080b00000, 0x0000000080c00000, 0x0000000080c00000|100%| O|  |TAMS 0x0000000080c00000, 0x0000000080b00000| Updating 
|  12|0x0000000080c00000, 0x0000000080d00000, 0x0000000080d00000|100%| O|  |TAMS 0x0000000080d00000, 0x0000000080c00000| Updating 
|  13|0x0000000080d00000, 0x0000000080e00000, 0x0000000080e00000|100%| O|  |TAMS 0x0000000080e00000, 0x0000000080d00000| Updating 
|  14|0x0000000080e00000, 0x0000000080f00000, 0x0000000080f00000|100%| O|  |TAMS 0x0000000080f00000, 0x0000000080e00000| Updating 
|  15|0x0000000080f00000, 0x0000000081000000, 0x0000000081000000|100%| O|  |TAMS 0x0000000081000000, 0x0000000080f00000| Updating 
|  16|0x0000000081000000, 0x0000000081100000, 0x0000000081100000|100%|HS|  |TAMS 0x0000000081100000, 0x0000000081000000| Complete 
|  17|0x0000000081100000, 0x0000000081200000, 0x0000000081200000|100%|HC|  |TAMS 0x0000000081200000, 0x0000000081100000| Complete 
|  18|0x0000000081200000, 0x0000000081300000, 0x0000000081300000|100%|HS|  |TAMS 0x0000000081300000, 0x0000000081200000| Complete 
|  19|0x0000000081300000, 0x0000000081400000, 0x0000000081400000|100%|HC|  |TAMS 0x0000000081400000, 0x0000000081300000| Complete 
|  20|0x0000000081400000, 0x0000000081500000, 0x0000000081500000|100%|HC|  |TAMS 0x0000000081500000, 0x0000000081400000| Complete 
|  21|0x0000000081500000, 0x0000000081600000, 0x0000000081600000|100%|HS|  |TAMS 0x0000000081600000, 0x0000000081500000| Complete 
|  22|0x0000000081600000, 0x0000000081700000, 0x0000000081700000|100%|HS|  |TAMS 0x0000000081700000, 0x0000000081600000| Complete 
|  23|0x0000000081700000, 0x0000000081800000, 0x0000000081800000|100%|HC|  |TAMS 0x0000000081800000, 0x0000000081700000| Complete 
|  24|0x0000000081800000, 0x0000000081900000, 0x0000000081900000|100%|HC|  |TAMS 0x0000000081900000, 0x0000000081800000| Complete 
|  25|0x0000000081900000, 0x0000000081a00000, 0x0000000081a00000|100%|HC|  |TAMS 0x0000000081a00000, 0x0000000081900000| Complete 
|  26|0x0000000081a00000, 0x0000000081b00000, 0x0000000081b00000|100%| O|  |TAMS 0x0000000081b00000, 0x0000000081a00000| Updating 
|  27|0x0000000081b00000, 0x0000000081c00000, 0x0000000081c00000|100%| O|  |TAMS 0x0000000081c00000, 0x0000000081b00000| Updating 
|  28|0x0000000081c00000, 0x0000000081d00000, 0x0000000081d00000|100%| O|  |TAMS 0x0000000081d00000, 0x0000000081c00000| Updating 
|  29|0x0000000081d00000, 0x0000000081e00000, 0x0000000081e00000|100%| O|  |TAMS 0x0000000081e00000, 0x0000000081d00000| Updating 
|  30|0x0000000081e00000, 0x0000000081f00000, 0x0000000081f00000|100%| O|  |TAMS 0x0000000081f00000, 0x0000000081e00000| Updating 
|  31|0x0000000081f00000, 0x0000000082000000, 0x0000000082000000|100%| O|  |TAMS 0x0000000082000000, 0x0000000081f00000| Updating 
|  32|0x0000000082000000, 0x0000000082100000, 0x0000000082100000|100%| O|  |TAMS 0x0000000082100000, 0x0000000082000000| Updating 
|  33|0x0000000082100000, 0x0000000082200000, 0x0000000082200000|100%| O|  |TAMS 0x0000000082200000, 0x0000000082100000| Updating 
|  34|0x0000000082200000, 0x0000000082300000, 0x0000000082300000|100%|HS|  |TAMS 0x0000000082300000, 0x0000000082200000| Complete 
|  35|0x0000000082300000, 0x0000000082400000, 0x0000000082400000|100%|HS|  |TAMS 0x0000000082400000, 0x0000000082300000| Complete 
|  36|0x0000000082400000, 0x0000000082500000, 0x0000000082500000|100%|HC|  |TAMS 0x0000000082500000, 0x0000000082400000| Complete 
|  37|0x0000000082500000, 0x0000000082600000, 0x0000000082600000|100%|HC|  |TAMS 0x0000000082600000, 0x0000000082500000| Complete 
|  38|0x0000000082600000, 0x0000000082700000, 0x0000000082700000|100%| O|  |TAMS 0x0000000082700000, 0x0000000082600000| Updating 
|  39|0x0000000082700000, 0x0000000082800000, 0x0000000082800000|100%| O|  |TAMS 0x0000000082800000, 0x0000000082700000| Updating 
|  40|0x0000000082800000, 0x0000000082900000, 0x0000000082900000|100%| O|  |TAMS 0x0000000082900000, 0x0000000082800000| Updating 
|  41|0x0000000082900000, 0x0000000082a00000, 0x0000000082a00000|100%| O|  |TAMS 0x0000000082a00000, 0x0000000082900000| Updating 
|  42|0x0000000082a00000, 0x0000000082b00000, 0x0000000082b00000|100%| O|  |TAMS 0x0000000082b00000, 0x0000000082a00000| Updating 
|  43|0x0000000082b00000, 0x0000000082c00000, 0x0000000082c00000|100%| O|  |TAMS 0x0000000082c00000, 0x0000000082b00000| Updating 
|  44|0x0000000082c00000, 0x0000000082d00000, 0x0000000082d00000|100%| O|  |TAMS 0x0000000082d00000, 0x0000000082c00000| Updating 
|  45|0x0000000082d00000, 0x0000000082e00000, 0x0000000082e00000|100%|HS|  |TAMS 0x0000000082e00000, 0x0000000082d00000| Complete 
|  46|0x0000000082e00000, 0x0000000082f00000, 0x0000000082f00000|100%|HC|  |TAMS 0x0000000082f00000, 0x0000000082e00000| Complete 
|  47|0x0000000082f00000, 0x0000000083000000, 0x0000000083000000|100%|HC|  |TAMS 0x0000000083000000, 0x0000000082f00000| Complete 
|  48|0x0000000083000000, 0x0000000083100000, 0x0000000083100000|100%|HC|  |TAMS 0x0000000083100000, 0x0000000083000000| Complete 
|  49|0x0000000083100000, 0x0000000083200000, 0x0000000083200000|100%| O|  |TAMS 0x0000000083200000, 0x0000000083100000| Updating 
|  50|0x0000000083200000, 0x0000000083300000, 0x0000000083300000|100%| O|  |TAMS 0x0000000083300000, 0x0000000083200000| Updating 
|  51|0x0000000083300000, 0x0000000083400000, 0x0000000083400000|100%| O|  |TAMS 0x0000000083400000, 0x0000000083300000| Updating 
|  52|0x0000000083400000, 0x0000000083500000, 0x0000000083500000|100%| O|  |TAMS 0x0000000083500000, 0x0000000083400000| Updating 
|  53|0x0000000083500000, 0x0000000083600000, 0x0000000083600000|100%| O|  |TAMS 0x0000000083600000, 0x0000000083500000| Updating 
|  54|0x0000000083600000, 0x0000000083700000, 0x0000000083700000|100%| O|  |TAMS 0x0000000083700000, 0x0000000083600000| Updating 
|  55|0x0000000083700000, 0x0000000083800000, 0x0000000083800000|100%|HS|  |TAMS 0x0000000083800000, 0x0000000083700000| Complete 
|  56|0x0000000083800000, 0x0000000083900000, 0x0000000083900000|100%|HS|  |TAMS 0x0000000083900000, 0x0000000083800000| Complete 
|  57|0x0000000083900000, 0x0000000083a00000, 0x0000000083a00000|100%| O|  |TAMS 0x0000000083900000, 0x0000000083900000| Untracked 
|  58|0x0000000083a00000, 0x0000000083b00000, 0x0000000083b00000|100%| O|  |TAMS 0x0000000083b00000, 0x0000000083a00000| Updating 
|  59|0x0000000083b00000, 0x0000000083c00000, 0x0000000083c00000|100%|HS|  |TAMS 0x0000000083c00000, 0x0000000083b00000| Complete 
|  60|0x0000000083c00000, 0x0000000083d00000, 0x0000000083d00000|100%|HC|  |TAMS 0x0000000083d00000, 0x0000000083c00000| Complete 
|  61|0x0000000083d00000, 0x0000000083e00000, 0x0000000083e00000|100%| O|  |TAMS 0x0000000083e00000, 0x0000000083d00000| Updating 
|  62|0x0000000083e00000, 0x0000000083f00000, 0x0000000083f00000|100%| O|  |TAMS 0x0000000083f00000, 0x0000000083e00000| Updating 
|  63|0x0000000083f00000, 0x0000000084000000, 0x0000000084000000|100%| O|  |TAMS 0x0000000084000000, 0x0000000083f00000| Updating 
|  64|0x0000000084000000, 0x0000000084100000, 0x0000000084100000|100%| O|  |TAMS 0x0000000084100000, 0x0000000084000000| Updating 
|  65|0x0000000084100000, 0x0000000084200000, 0x0000000084200000|100%| O|  |TAMS 0x0000000084200000, 0x0000000084100000| Updating 
|  66|0x0000000084200000, 0x0000000084300000, 0x0000000084300000|100%| O|  |TAMS 0x0000000084300000, 0x0000000084200000| Updating 
|  67|0x0000000084300000, 0x0000000084400000, 0x0000000084400000|100%| O|  |TAMS 0x0000000084400000, 0x0000000084300000| Updating 
|  68|0x0000000084400000, 0x0000000084500000, 0x0000000084500000|100%| O|  |TAMS 0x0000000084500000, 0x0000000084400000| Updating 
|  69|0x0000000084500000, 0x0000000084600000, 0x0000000084600000|100%| O|  |TAMS 0x0000000084600000, 0x0000000084500000| Updating 
|  70|0x0000000084600000, 0x0000000084700000, 0x0000000084700000|100%| O|  |TAMS 0x0000000084700000, 0x0000000084600000| Updating 
|  71|0x0000000084700000, 0x0000000084800000, 0x0000000084800000|100%| O|  |TAMS 0x0000000084800000, 0x0000000084700000| Updating 
|  72|0x0000000084800000, 0x0000000084900000, 0x0000000084900000|100%| O|  |TAMS 0x0000000084900000, 0x0000000084800000| Updating 
|  73|0x0000000084900000, 0x0000000084a00000, 0x0000000084a00000|100%| O|  |TAMS 0x0000000084a00000, 0x0000000084900000| Updating 
|  74|0x0000000084a00000, 0x0000000084b00000, 0x0000000084b00000|100%| O|  |TAMS 0x0000000084b00000, 0x0000000084a00000| Updating 
|  75|0x0000000084b00000, 0x0000000084c00000, 0x0000000084c00000|100%| O|  |TAMS 0x0000000084c00000, 0x0000000084b00000| Updating 
|  76|0x0000000084c00000, 0x0000000084d00000, 0x0000000084d00000|100%| O|  |TAMS 0x0000000084d00000, 0x0000000084c00000| Updating 
|  77|0x0000000084d00000, 0x0000000084e00000, 0x0000000084e00000|100%| O|  |TAMS 0x0000000084e00000, 0x0000000084d00000| Updating 
|  78|0x0000000084e00000, 0x0000000084f00000, 0x0000000084f00000|100%| O|  |TAMS 0x0000000084f00000, 0x0000000084e00000| Updating 
|  79|0x0000000084f00000, 0x0000000085000000, 0x0000000085000000|100%| O|  |TAMS 0x0000000085000000, 0x0000000084f00000| Updating 
|  80|0x0000000085000000, 0x0000000085100000, 0x0000000085100000|100%| O|  |TAMS 0x0000000085100000, 0x0000000085000000| Updating 
|  81|0x0000000085100000, 0x0000000085200000, 0x0000000085200000|100%| O|  |TAMS 0x0000000085200000, 0x0000000085100000| Updating 
|  82|0x0000000085200000, 0x0000000085300000, 0x0000000085300000|100%| O|  |TAMS 0x0000000085300000, 0x0000000085200000| Updating 
|  83|0x0000000085300000, 0x0000000085400000, 0x0000000085400000|100%| O|  |TAMS 0x0000000085400000, 0x0000000085300000| Updating 
|  84|0x0000000085400000, 0x0000000085500000, 0x0000000085500000|100%| O|  |TAMS 0x0000000085500000, 0x0000000085400000| Updating 
|  85|0x0000000085500000, 0x0000000085600000, 0x0000000085600000|100%| O|  |TAMS 0x0000000085600000, 0x0000000085500000| Updating 
|  86|0x0000000085600000, 0x0000000085700000, 0x0000000085700000|100%| O|  |TAMS 0x0000000085700000, 0x0000000085600000| Updating 
|  87|0x0000000085700000, 0x0000000085800000, 0x0000000085800000|100%|HS|  |TAMS 0x0000000085800000, 0x0000000085700000| Complete 
|  88|0x0000000085800000, 0x0000000085900000, 0x0000000085900000|100%|HC|  |TAMS 0x0000000085900000, 0x0000000085800000| Complete 
|  89|0x0000000085900000, 0x0000000085a00000, 0x0000000085a00000|100%|HS|  |TAMS 0x0000000085a00000, 0x0000000085900000| Complete 
|  90|0x0000000085a00000, 0x0000000085b00000, 0x0000000085b00000|100%|HC|  |TAMS 0x0000000085b00000, 0x0000000085a00000| Complete 
|  91|0x0000000085b00000, 0x0000000085c00000, 0x0000000085c00000|100%|HC|  |TAMS 0x0000000085c00000, 0x0000000085b00000| Complete 
|  92|0x0000000085c00000, 0x0000000085d00000, 0x0000000085d00000|100%|HS|  |TAMS 0x0000000085d00000, 0x0000000085c00000| Complete 
|  93|0x0000000085d00000, 0x0000000085e00000, 0x0000000085e00000|100%|HS|  |TAMS 0x0000000085e00000, 0x0000000085d00000| Complete 
|  94|0x0000000085e00000, 0x0000000085f00000, 0x0000000085f00000|100%|HC|  |TAMS 0x0000000085f00000, 0x0000000085e00000| Complete 
|  95|0x0000000085f00000, 0x0000000086000000, 0x0000000086000000|100%|HC|  |TAMS 0x0000000086000000, 0x0000000085f00000| Complete 
|  96|0x0000000086000000, 0x0000000086100000, 0x0000000086100000|100%|HC|  |TAMS 0x0000000086100000, 0x0000000086000000| Complete 
|  97|0x0000000086100000, 0x0000000086200000, 0x0000000086200000|100%| O|  |TAMS 0x0000000086200000, 0x0000000086100000| Updating 
|  98|0x0000000086200000, 0x0000000086300000, 0x0000000086300000|100%| O|  |TAMS 0x0000000086300000, 0x0000000086200000| Updating 
|  99|0x0000000086300000, 0x0000000086400000, 0x0000000086400000|100%| O|  |TAMS 0x0000000086400000, 0x0000000086300000| Updating 
| 100|0x0000000086400000, 0x0000000086500000, 0x0000000086500000|100%| O|  |TAMS 0x0000000086500000, 0x0000000086400000| Updating 
| 101|0x0000000086500000, 0x0000000086600000, 0x0000000086600000|100%| O|  |TAMS 0x0000000086600000, 0x0000000086500000| Updating 
| 102|0x0000000086600000, 0x0000000086700000, 0x0000000086700000|100%| O|  |TAMS 0x0000000086700000, 0x0000000086600000| Updating 
| 103|0x0000000086700000, 0x0000000086800000, 0x0000000086800000|100%| O|  |TAMS 0x0000000086800000, 0x0000000086700000| Updating 
| 104|0x0000000086800000, 0x0000000086900000, 0x0000000086900000|100%| O|  |TAMS 0x0000000086900000, 0x0000000086800000| Updating 
| 105|0x0000000086900000, 0x0000000086a00000, 0x0000000086a00000|100%| O|  |TAMS 0x0000000086a00000, 0x0000000086900000| Updating 
| 106|0x0000000086a00000, 0x0000000086b00000, 0x0000000086b00000|100%| O|  |TAMS 0x0000000086b00000, 0x0000000086a00000| Updating 
| 107|0x0000000086b00000, 0x0000000086c00000, 0x0000000086c00000|100%| O|  |TAMS 0x0000000086c00000, 0x0000000086b00000| Updating 
| 108|0x0000000086c00000, 0x0000000086d00000, 0x0000000086d00000|100%| O|  |TAMS 0x0000000086d00000, 0x0000000086c00000| Updating 
| 109|0x0000000086d00000, 0x0000000086e00000, 0x0000000086e00000|100%| O|  |TAMS 0x0000000086e00000, 0x0000000086d00000| Updating 
| 110|0x0000000086e00000, 0x0000000086f00000, 0x0000000086f00000|100%| O|  |TAMS 0x0000000086f00000, 0x0000000086e00000| Updating 
| 111|0x0000000086f00000, 0x0000000087000000, 0x0000000087000000|100%| O|  |TAMS 0x0000000087000000, 0x0000000086f00000| Updating 
| 112|0x0000000087000000, 0x0000000087100000, 0x0000000087100000|100%| O|  |TAMS 0x0000000087100000, 0x0000000087000000| Updating 
| 113|0x0000000087100000, 0x0000000087200000, 0x0000000087200000|100%| O|  |TAMS 0x0000000087200000, 0x0000000087100000| Updating 
| 114|0x0000000087200000, 0x0000000087300000, 0x0000000087300000|100%| O|  |TAMS 0x0000000087300000, 0x0000000087200000| Updating 
| 115|0x0000000087300000, 0x0000000087400000, 0x0000000087400000|100%| O|  |TAMS 0x0000000087400000, 0x0000000087300000| Updating 
| 116|0x0000000087400000, 0x0000000087500000, 0x0000000087500000|100%| O|  |TAMS 0x0000000087500000, 0x0000000087400000| Updating 
| 117|0x0000000087500000, 0x0000000087600000, 0x0000000087600000|100%| O|  |TAMS 0x0000000087600000, 0x0000000087500000| Updating 
| 118|0x0000000087600000, 0x0000000087700000, 0x0000000087700000|100%| O|  |TAMS 0x0000000087700000, 0x0000000087600000| Updating 
| 119|0x0000000087700000, 0x0000000087800000, 0x0000000087800000|100%| O|  |TAMS 0x0000000087800000, 0x0000000087700000| Updating 
| 120|0x0000000087800000, 0x0000000087900000, 0x0000000087900000|100%| O|  |TAMS 0x0000000087900000, 0x0000000087800000| Updating 
| 121|0x0000000087900000, 0x0000000087a00000, 0x0000000087a00000|100%| O|  |TAMS 0x0000000087a00000, 0x0000000087900000| Updating 
| 122|0x0000000087a00000, 0x0000000087b00000, 0x0000000087b00000|100%| O|  |TAMS 0x0000000087b00000, 0x0000000087a00000| Updating 
| 123|0x0000000087b00000, 0x0000000087c00000, 0x0000000087c00000|100%| O|  |TAMS 0x0000000087c00000, 0x0000000087b00000| Updating 
| 124|0x0000000087c00000, 0x0000000087d00000, 0x0000000087d00000|100%| O|  |TAMS 0x0000000087d00000, 0x0000000087c00000| Updating 
| 125|0x0000000087d00000, 0x0000000087e00000, 0x0000000087e00000|100%| O|  |TAMS 0x0000000087e00000, 0x0000000087d00000| Updating 
| 126|0x0000000087e00000, 0x0000000087f00000, 0x0000000087f00000|100%| O|  |TAMS 0x0000000087f00000, 0x0000000087e00000| Updating 
| 127|0x0000000087f00000, 0x0000000088000000, 0x0000000088000000|100%| O|  |TAMS 0x0000000088000000, 0x0000000087f00000| Updating 
| 128|0x0000000088000000, 0x0000000088100000, 0x0000000088100000|100%| O|  |TAMS 0x0000000088100000, 0x0000000088000000| Updating 
| 129|0x0000000088100000, 0x0000000088200000, 0x0000000088200000|100%| O|  |TAMS 0x0000000088100000, 0x0000000088100000| Untracked 
| 130|0x0000000088200000, 0x0000000088300000, 0x0000000088300000|100%| O|  |TAMS 0x0000000088200000, 0x0000000088200000| Untracked 
| 131|0x0000000088300000, 0x0000000088400000, 0x0000000088400000|100%| O|  |TAMS 0x0000000088300000, 0x0000000088300000| Untracked 
| 132|0x0000000088400000, 0x0000000088500000, 0x0000000088500000|100%| O|  |TAMS 0x0000000088400000, 0x0000000088400000| Untracked 
| 133|0x0000000088500000, 0x0000000088600000, 0x0000000088600000|100%| O|  |TAMS 0x0000000088500000, 0x0000000088500000| Untracked 
| 134|0x0000000088600000, 0x0000000088700000, 0x0000000088700000|100%| O|  |TAMS 0x0000000088600000, 0x0000000088600000| Untracked 
| 135|0x0000000088700000, 0x000000008877e600, 0x0000000088800000| 49%| O|  |TAMS 0x0000000088700000, 0x0000000088700000| Untracked 
| 136|0x0000000088800000, 0x0000000088800000, 0x0000000088900000|  0%| F|  |TAMS 0x0000000088800000, 0x0000000088800000| Untracked 
| 137|0x0000000088900000, 0x0000000088900000, 0x0000000088a00000|  0%| F|  |TAMS 0x0000000088900000, 0x0000000088900000| Untracked 
| 138|0x0000000088a00000, 0x0000000088a00000, 0x0000000088b00000|  0%| F|  |TAMS 0x0000000088a00000, 0x0000000088a00000| Untracked 
| 139|0x0000000088b00000, 0x0000000088b00000, 0x0000000088c00000|  0%| F|  |TAMS 0x0000000088b00000, 0x0000000088b00000| Untracked 
| 140|0x0000000088c00000, 0x0000000088c00000, 0x0000000088d00000|  0%| F|  |TAMS 0x0000000088c00000, 0x0000000088c00000| Untracked 
| 141|0x0000000088d00000, 0x0000000088d00000, 0x0000000088e00000|  0%| F|  |TAMS 0x0000000088d00000, 0x0000000088d00000| Untracked 
| 142|0x0000000088e00000, 0x0000000088f00000, 0x0000000088f00000|100%| O|  |TAMS 0x0000000088f00000, 0x0000000088e00000| Updating 
| 143|0x0000000088f00000, 0x0000000089000000, 0x0000000089000000|100%| O|  |TAMS 0x0000000089000000, 0x0000000088f00000| Updating 
| 144|0x0000000089000000, 0x0000000089100000, 0x0000000089100000|100%| O|  |TAMS 0x0000000089100000, 0x0000000089000000| Updating 
| 145|0x0000000089100000, 0x0000000089200000, 0x0000000089200000|100%| O|  |TAMS 0x0000000089200000, 0x0000000089100000| Updating 
| 146|0x0000000089200000, 0x0000000089300000, 0x0000000089300000|100%| O|  |TAMS 0x0000000089300000, 0x0000000089200000| Updating 
| 147|0x0000000089300000, 0x0000000089400000, 0x0000000089400000|100%| O|  |TAMS 0x0000000089400000, 0x0000000089300000| Updating 
| 148|0x0000000089400000, 0x0000000089500000, 0x0000000089500000|100%| O|  |TAMS 0x0000000089500000, 0x0000000089400000| Updating 
| 149|0x0000000089500000, 0x0000000089500000, 0x0000000089600000|  0%| F|  |TAMS 0x0000000089500000, 0x0000000089500000| Untracked 
| 150|0x0000000089600000, 0x0000000089600000, 0x0000000089700000|  0%| F|  |TAMS 0x0000000089600000, 0x0000000089600000| Untracked 
| 151|0x0000000089700000, 0x0000000089700000, 0x0000000089800000|  0%| F|  |TAMS 0x0000000089700000, 0x0000000089700000| Untracked 
| 152|0x0000000089800000, 0x0000000089800000, 0x0000000089900000|  0%| F|  |TAMS 0x0000000089800000, 0x0000000089800000| Untracked 
| 153|0x0000000089900000, 0x0000000089a00000, 0x0000000089a00000|100%| O|  |TAMS 0x0000000089a00000, 0x0000000089900000| Updating 
| 154|0x0000000089a00000, 0x0000000089a00000, 0x0000000089b00000|  0%| F|  |TAMS 0x0000000089a00000, 0x0000000089a00000| Untracked 
| 155|0x0000000089b00000, 0x0000000089b00000, 0x0000000089c00000|  0%| F|  |TAMS 0x0000000089b00000, 0x0000000089b00000| Untracked 
| 156|0x0000000089c00000, 0x0000000089c00000, 0x0000000089d00000|  0%| F|  |TAMS 0x0000000089c00000, 0x0000000089c00000| Untracked 
| 157|0x0000000089d00000, 0x0000000089d00000, 0x0000000089e00000|  0%| F|  |TAMS 0x0000000089d00000, 0x0000000089d00000| Untracked 
| 158|0x0000000089e00000, 0x0000000089e00000, 0x0000000089f00000|  0%| F|  |TAMS 0x0000000089e00000, 0x0000000089e00000| Untracked 
| 159|0x0000000089f00000, 0x000000008a000000, 0x000000008a000000|100%| O|  |TAMS 0x000000008a000000, 0x0000000089f00000| Updating 
| 160|0x000000008a000000, 0x000000008a000000, 0x000000008a100000|  0%| F|  |TAMS 0x000000008a000000, 0x000000008a000000| Untracked 
| 161|0x000000008a100000, 0x000000008a100000, 0x000000008a200000|  0%| F|  |TAMS 0x000000008a100000, 0x000000008a100000| Untracked 
| 162|0x000000008a200000, 0x000000008a300000, 0x000000008a300000|100%| O|  |TAMS 0x000000008a300000, 0x000000008a200000| Updating 
| 163|0x000000008a300000, 0x000000008a400000, 0x000000008a400000|100%| O|  |TAMS 0x000000008a400000, 0x000000008a300000| Updating 
| 164|0x000000008a400000, 0x000000008a500000, 0x000000008a500000|100%| O|  |TAMS 0x000000008a500000, 0x000000008a400000| Updating 
| 165|0x000000008a500000, 0x000000008a600000, 0x000000008a600000|100%| O|  |TAMS 0x000000008a600000, 0x000000008a500000| Updating 
| 166|0x000000008a600000, 0x000000008a700000, 0x000000008a700000|100%| O|  |TAMS 0x000000008a700000, 0x000000008a600000| Updating 
| 167|0x000000008a700000, 0x000000008a800000, 0x000000008a800000|100%| O|  |TAMS 0x000000008a800000, 0x000000008a700000| Updating 
| 168|0x000000008a800000, 0x000000008a900000, 0x000000008a900000|100%| O|  |TAMS 0x000000008a900000, 0x000000008a800000| Updating 
| 169|0x000000008a900000, 0x000000008aa00000, 0x000000008aa00000|100%| O|  |TAMS 0x000000008aa00000, 0x000000008a900000| Updating 
| 170|0x000000008aa00000, 0x000000008ab00000, 0x000000008ab00000|100%| O|  |TAMS 0x000000008ab00000, 0x000000008aa00000| Updating 
| 171|0x000000008ab00000, 0x000000008ac00000, 0x000000008ac00000|100%| O|  |TAMS 0x000000008ac00000, 0x000000008ab00000| Updating 
| 172|0x000000008ac00000, 0x000000008ad00000, 0x000000008ad00000|100%| O|  |TAMS 0x000000008ad00000, 0x000000008ac00000| Updating 
| 173|0x000000008ad00000, 0x000000008ae00000, 0x000000008ae00000|100%| O|  |TAMS 0x000000008ae00000, 0x000000008ad00000| Updating 
| 174|0x000000008ae00000, 0x000000008af00000, 0x000000008af00000|100%| O|  |TAMS 0x000000008af00000, 0x000000008ae00000| Updating 
| 175|0x000000008af00000, 0x000000008b000000, 0x000000008b000000|100%| O|  |TAMS 0x000000008b000000, 0x000000008af00000| Updating 
| 176|0x000000008b000000, 0x000000008b100000, 0x000000008b100000|100%| O|  |TAMS 0x000000008b100000, 0x000000008b000000| Updating 
| 177|0x000000008b100000, 0x000000008b200000, 0x000000008b200000|100%| O|  |TAMS 0x000000008b200000, 0x000000008b100000| Updating 
| 178|0x000000008b200000, 0x000000008b300000, 0x000000008b300000|100%| O|  |TAMS 0x000000008b300000, 0x000000008b200000| Updating 
| 179|0x000000008b300000, 0x000000008b400000, 0x000000008b400000|100%| O|  |TAMS 0x000000008b400000, 0x000000008b300000| Updating 
| 180|0x000000008b400000, 0x000000008b500000, 0x000000008b500000|100%| O|  |TAMS 0x000000008b500000, 0x000000008b400000| Updating 
| 181|0x000000008b500000, 0x000000008b600000, 0x000000008b600000|100%| O|  |TAMS 0x000000008b600000, 0x000000008b500000| Updating 
| 182|0x000000008b600000, 0x000000008b700000, 0x000000008b700000|100%| O|  |TAMS 0x000000008b700000, 0x000000008b600000| Updating 
| 183|0x000000008b700000, 0x000000008b700000, 0x000000008b800000|  0%| F|  |TAMS 0x000000008b700000, 0x000000008b700000| Untracked 
| 184|0x000000008b800000, 0x000000008b900000, 0x000000008b900000|100%| O|  |TAMS 0x000000008b900000, 0x000000008b800000| Updating 
| 185|0x000000008b900000, 0x000000008ba00000, 0x000000008ba00000|100%| O|  |TAMS 0x000000008ba00000, 0x000000008b900000| Updating 
| 186|0x000000008ba00000, 0x000000008bb00000, 0x000000008bb00000|100%| O|  |TAMS 0x000000008bb00000, 0x000000008ba00000| Updating 
| 187|0x000000008bb00000, 0x000000008bc00000, 0x000000008bc00000|100%| O|  |TAMS 0x000000008bc00000, 0x000000008bb00000| Updating 
| 188|0x000000008bc00000, 0x000000008bd00000, 0x000000008bd00000|100%| O|  |TAMS 0x000000008bd00000, 0x000000008bc00000| Updating 
| 189|0x000000008bd00000, 0x000000008be00000, 0x000000008be00000|100%| O|  |TAMS 0x000000008be00000, 0x000000008bd00000| Updating 
| 190|0x000000008be00000, 0x000000008bf00000, 0x000000008bf00000|100%| O|  |TAMS 0x000000008bf00000, 0x000000008be00000| Updating 
| 191|0x000000008bf00000, 0x000000008c000000, 0x000000008c000000|100%| O|  |TAMS 0x000000008c000000, 0x000000008bf00000| Updating 
| 192|0x000000008c000000, 0x000000008c100000, 0x000000008c100000|100%| O|  |TAMS 0x000000008c100000, 0x000000008c000000| Updating 
| 193|0x000000008c100000, 0x000000008c200000, 0x000000008c200000|100%|HS|  |TAMS 0x000000008c200000, 0x000000008c100000| Complete 
| 194|0x000000008c200000, 0x000000008c300000, 0x000000008c300000|100%|HC|  |TAMS 0x000000008c300000, 0x000000008c200000| Complete 
| 195|0x000000008c300000, 0x000000008c400000, 0x000000008c400000|100%|HS|  |TAMS 0x000000008c400000, 0x000000008c300000| Complete 
| 196|0x000000008c400000, 0x000000008c500000, 0x000000008c500000|100%|HS|  |TAMS 0x000000008c500000, 0x000000008c400000| Complete 
| 197|0x000000008c500000, 0x000000008c600000, 0x000000008c600000|100%|HS|  |TAMS 0x000000008c600000, 0x000000008c500000| Complete 
| 198|0x000000008c600000, 0x000000008c700000, 0x000000008c700000|100%|HS|  |TAMS 0x000000008c700000, 0x000000008c600000| Complete 
| 199|0x000000008c700000, 0x000000008c800000, 0x000000008c800000|100%|HC|  |TAMS 0x000000008c800000, 0x000000008c700000| Complete 
| 200|0x000000008c800000, 0x000000008c900000, 0x000000008c900000|100%|HS|  |TAMS 0x000000008c900000, 0x000000008c800000| Complete 
| 201|0x000000008c900000, 0x000000008ca00000, 0x000000008ca00000|100%|HC|  |TAMS 0x000000008ca00000, 0x000000008c900000| Complete 
| 202|0x000000008ca00000, 0x000000008cb00000, 0x000000008cb00000|100%|HS|  |TAMS 0x000000008cb00000, 0x000000008ca00000| Complete 
| 203|0x000000008cb00000, 0x000000008cc00000, 0x000000008cc00000|100%|HC|  |TAMS 0x000000008cc00000, 0x000000008cb00000| Complete 
| 204|0x000000008cc00000, 0x000000008cd00000, 0x000000008cd00000|100%|HC|  |TAMS 0x000000008cd00000, 0x000000008cc00000| Complete 
| 205|0x000000008cd00000, 0x000000008ce00000, 0x000000008ce00000|100%|HS|  |TAMS 0x000000008ce00000, 0x000000008cd00000| Complete 
| 206|0x000000008ce00000, 0x000000008cf00000, 0x000000008cf00000|100%| O|  |TAMS 0x000000008cf00000, 0x000000008ce00000| Updating 
| 207|0x000000008cf00000, 0x000000008d000000, 0x000000008d000000|100%| O|  |TAMS 0x000000008d000000, 0x000000008cf00000| Updating 
| 208|0x000000008d000000, 0x000000008d100000, 0x000000008d100000|100%|HS|  |TAMS 0x000000008d100000, 0x000000008d000000| Complete 
| 209|0x000000008d100000, 0x000000008d200000, 0x000000008d200000|100%|HC|  |TAMS 0x000000008d200000, 0x000000008d100000| Complete 
| 210|0x000000008d200000, 0x000000008d300000, 0x000000008d300000|100%| O|  |TAMS 0x000000008d300000, 0x000000008d200000| Updating 
| 211|0x000000008d300000, 0x000000008d400000, 0x000000008d400000|100%|HS|  |TAMS 0x000000008d400000, 0x000000008d300000| Complete 
| 212|0x000000008d400000, 0x000000008d500000, 0x000000008d500000|100%| O|  |TAMS 0x000000008d500000, 0x000000008d400000| Updating 
| 213|0x000000008d500000, 0x000000008d600000, 0x000000008d600000|100%|HS|  |TAMS 0x000000008d600000, 0x000000008d500000| Complete 
| 214|0x000000008d600000, 0x000000008d700000, 0x000000008d700000|100%|HS|  |TAMS 0x000000008d700000, 0x000000008d600000| Complete 
| 215|0x000000008d700000, 0x000000008d800000, 0x000000008d800000|100%|HS|  |TAMS 0x000000008d800000, 0x000000008d700000| Complete 
| 216|0x000000008d800000, 0x000000008d900000, 0x000000008d900000|100%| O|  |TAMS 0x000000008d900000, 0x000000008d800000| Updating 
| 217|0x000000008d900000, 0x000000008da00000, 0x000000008da00000|100%| O|  |TAMS 0x000000008da00000, 0x000000008d900000| Updating 
| 218|0x000000008da00000, 0x000000008db00000, 0x000000008db00000|100%| O|  |TAMS 0x000000008db00000, 0x000000008da00000| Updating 
| 219|0x000000008db00000, 0x000000008dc00000, 0x000000008dc00000|100%| O|  |TAMS 0x000000008dc00000, 0x000000008db00000| Updating 
| 220|0x000000008dc00000, 0x000000008dd00000, 0x000000008dd00000|100%|HS|  |TAMS 0x000000008dd00000, 0x000000008dc00000| Complete 
| 221|0x000000008dd00000, 0x000000008de00000, 0x000000008de00000|100%|HC|  |TAMS 0x000000008de00000, 0x000000008dd00000| Complete 
| 222|0x000000008de00000, 0x000000008df00000, 0x000000008df00000|100%| O|  |TAMS 0x000000008df00000, 0x000000008de00000| Updating 
| 223|0x000000008df00000, 0x000000008e000000, 0x000000008e000000|100%| O|  |TAMS 0x000000008e000000, 0x000000008df00000| Updating 
| 224|0x000000008e000000, 0x000000008e100000, 0x000000008e100000|100%|HS|  |TAMS 0x000000008e100000, 0x000000008e000000| Complete 
| 225|0x000000008e100000, 0x000000008e200000, 0x000000008e200000|100%|HC|  |TAMS 0x000000008e200000, 0x000000008e100000| Complete 
| 226|0x000000008e200000, 0x000000008e300000, 0x000000008e300000|100%| O|  |TAMS 0x000000008e300000, 0x000000008e200000| Updating 
| 227|0x000000008e300000, 0x000000008e400000, 0x000000008e400000|100%| O|  |TAMS 0x000000008e400000, 0x000000008e300000| Updating 
| 228|0x000000008e400000, 0x000000008e500000, 0x000000008e500000|100%| O|  |TAMS 0x000000008e500000, 0x000000008e400000| Updating 
| 229|0x000000008e500000, 0x000000008e600000, 0x000000008e600000|100%| O|  |TAMS 0x000000008e600000, 0x000000008e500000| Updating 
| 230|0x000000008e600000, 0x000000008e700000, 0x000000008e700000|100%| O|  |TAMS 0x000000008e700000, 0x000000008e600000| Updating 
| 231|0x000000008e700000, 0x000000008e800000, 0x000000008e800000|100%|HS|  |TAMS 0x000000008e800000, 0x000000008e700000| Complete 
| 232|0x000000008e800000, 0x000000008e900000, 0x000000008e900000|100%|HC|  |TAMS 0x000000008e900000, 0x000000008e800000| Complete 
| 233|0x000000008e900000, 0x000000008ea00000, 0x000000008ea00000|100%|HC|  |TAMS 0x000000008ea00000, 0x000000008e900000| Complete 
| 234|0x000000008ea00000, 0x000000008eb00000, 0x000000008eb00000|100%| O|  |TAMS 0x000000008eb00000, 0x000000008ea00000| Updating 
| 235|0x000000008eb00000, 0x000000008ec00000, 0x000000008ec00000|100%| O|  |TAMS 0x000000008ec00000, 0x000000008eb00000| Updating 
| 236|0x000000008ec00000, 0x000000008ed00000, 0x000000008ed00000|100%| O|  |TAMS 0x000000008ed00000, 0x000000008ec00000| Updating 
| 237|0x000000008ed00000, 0x000000008ee00000, 0x000000008ee00000|100%| O|  |TAMS 0x000000008ee00000, 0x000000008ed00000| Updating 
| 238|0x000000008ee00000, 0x000000008ef00000, 0x000000008ef00000|100%| O|  |TAMS 0x000000008ef00000, 0x000000008ee00000| Updating 
| 239|0x000000008ef00000, 0x000000008f000000, 0x000000008f000000|100%| O|  |TAMS 0x000000008f000000, 0x000000008ef00000| Updating 
| 240|0x000000008f000000, 0x000000008f100000, 0x000000008f100000|100%| O|  |TAMS 0x000000008f100000, 0x000000008f000000| Updating 
| 241|0x000000008f100000, 0x000000008f200000, 0x000000008f200000|100%| O|  |TAMS 0x000000008f200000, 0x000000008f100000| Updating 
| 242|0x000000008f200000, 0x000000008f300000, 0x000000008f300000|100%| O|  |TAMS 0x000000008f300000, 0x000000008f200000| Updating 
| 243|0x000000008f300000, 0x000000008f400000, 0x000000008f400000|100%| O|  |TAMS 0x000000008f400000, 0x000000008f300000| Updating 
| 244|0x000000008f400000, 0x000000008f500000, 0x000000008f500000|100%| O|  |TAMS 0x000000008f500000, 0x000000008f400000| Updating 
| 245|0x000000008f500000, 0x000000008f600000, 0x000000008f600000|100%| O|  |TAMS 0x000000008f600000, 0x000000008f500000| Updating 
| 246|0x000000008f600000, 0x000000008f700000, 0x000000008f700000|100%| O|  |TAMS 0x000000008f700000, 0x000000008f600000| Updating 
| 247|0x000000008f700000, 0x000000008f800000, 0x000000008f800000|100%| O|  |TAMS 0x000000008f800000, 0x000000008f700000| Updating 
| 248|0x000000008f800000, 0x000000008f900000, 0x000000008f900000|100%| O|  |TAMS 0x000000008f900000, 0x000000008f800000| Updating 
| 249|0x000000008f900000, 0x000000008fa00000, 0x000000008fa00000|100%| O|  |TAMS 0x000000008fa00000, 0x000000008f900000| Updating 
| 250|0x000000008fa00000, 0x000000008fb00000, 0x000000008fb00000|100%| O|  |TAMS 0x000000008fb00000, 0x000000008fa00000| Updating 
| 251|0x000000008fb00000, 0x000000008fc00000, 0x000000008fc00000|100%| O|  |TAMS 0x000000008fc00000, 0x000000008fb00000| Updating 
| 252|0x000000008fc00000, 0x000000008fd00000, 0x000000008fd00000|100%| O|  |TAMS 0x000000008fd00000, 0x000000008fc00000| Updating 
| 253|0x000000008fd00000, 0x000000008fe00000, 0x000000008fe00000|100%| O|  |TAMS 0x000000008fd00000, 0x000000008fd00000| Untracked 
| 254|0x000000008fe00000, 0x000000008ff00000, 0x000000008ff00000|100%| O|  |TAMS 0x000000008fe00000, 0x000000008fe00000| Untracked 
| 255|0x000000008ff00000, 0x0000000090000000, 0x0000000090000000|100%| O|  |TAMS 0x000000008ff00000, 0x000000008ff00000| Untracked 
| 256|0x0000000090000000, 0x0000000090100000, 0x0000000090100000|100%| O|  |TAMS 0x0000000090000000, 0x0000000090000000| Untracked 
| 257|0x0000000090100000, 0x0000000090200000, 0x0000000090200000|100%| O|  |TAMS 0x0000000090100000, 0x0000000090100000| Untracked 
| 258|0x0000000090200000, 0x0000000090300000, 0x0000000090300000|100%| O|  |TAMS 0x0000000090200000, 0x0000000090200000| Untracked 
| 259|0x0000000090300000, 0x0000000090400000, 0x0000000090400000|100%| O|  |TAMS 0x0000000090300000, 0x0000000090300000| Untracked 
| 260|0x0000000090400000, 0x0000000090500000, 0x0000000090500000|100%| O|  |TAMS 0x0000000090400000, 0x0000000090400000| Untracked 
| 261|0x0000000090500000, 0x0000000090600000, 0x0000000090600000|100%| O|  |TAMS 0x0000000090500000, 0x0000000090500000| Untracked 
| 262|0x0000000090600000, 0x0000000090700000, 0x0000000090700000|100%| O|  |TAMS 0x0000000090600000, 0x0000000090600000| Untracked 
| 263|0x0000000090700000, 0x0000000090800000, 0x0000000090800000|100%| O|  |TAMS 0x0000000090700000, 0x0000000090700000| Updating 
| 264|0x0000000090800000, 0x0000000090800000, 0x0000000090900000|  0%| F|  |TAMS 0x0000000090800000, 0x0000000090800000| Untracked 
| 265|0x0000000090900000, 0x0000000090900000, 0x0000000090a00000|  0%| F|  |TAMS 0x0000000090900000, 0x0000000090900000| Untracked 
| 266|0x0000000090a00000, 0x0000000090a00000, 0x0000000090b00000|  0%| F|  |TAMS 0x0000000090a00000, 0x0000000090a00000| Untracked 
| 267|0x0000000090b00000, 0x0000000090b00000, 0x0000000090c00000|  0%| F|  |TAMS 0x0000000090b00000, 0x0000000090b00000| Untracked 
| 268|0x0000000090c00000, 0x0000000090c00000, 0x0000000090d00000|  0%| F|  |TAMS 0x0000000090c00000, 0x0000000090c00000| Untracked 
| 269|0x0000000090d00000, 0x0000000090d00000, 0x0000000090e00000|  0%| F|  |TAMS 0x0000000090d00000, 0x0000000090d00000| Untracked 
| 270|0x0000000090e00000, 0x0000000090e00000, 0x0000000090f00000|  0%| F|  |TAMS 0x0000000090e00000, 0x0000000090e00000| Untracked 
| 271|0x0000000090f00000, 0x0000000090f00000, 0x0000000091000000|  0%| F|  |TAMS 0x0000000090f00000, 0x0000000090f00000| Untracked 
| 272|0x0000000091000000, 0x0000000091000000, 0x0000000091100000|  0%| F|  |TAMS 0x0000000091000000, 0x0000000091000000| Untracked 
| 273|0x0000000091100000, 0x0000000091100000, 0x0000000091200000|  0%| F|  |TAMS 0x0000000091100000, 0x0000000091100000| Untracked 
| 274|0x0000000091200000, 0x0000000091200000, 0x0000000091300000|  0%| F|  |TAMS 0x0000000091200000, 0x0000000091200000| Untracked 
| 275|0x0000000091300000, 0x0000000091300000, 0x0000000091400000|  0%| F|  |TAMS 0x0000000091300000, 0x0000000091300000| Untracked 
| 276|0x0000000091400000, 0x0000000091400000, 0x0000000091500000|  0%| F|  |TAMS 0x0000000091400000, 0x0000000091400000| Untracked 
| 277|0x0000000091500000, 0x0000000091500000, 0x0000000091600000|  0%| F|  |TAMS 0x0000000091500000, 0x0000000091500000| Untracked 
| 278|0x0000000091600000, 0x0000000091600000, 0x0000000091700000|  0%| F|  |TAMS 0x0000000091600000, 0x0000000091600000| Untracked 
| 279|0x0000000091700000, 0x0000000091700000, 0x0000000091800000|  0%| F|  |TAMS 0x0000000091700000, 0x0000000091700000| Untracked 
| 280|0x0000000091800000, 0x0000000091800000, 0x0000000091900000|  0%| F|  |TAMS 0x0000000091800000, 0x0000000091800000| Untracked 
| 281|0x0000000091900000, 0x0000000091900000, 0x0000000091a00000|  0%| F|  |TAMS 0x0000000091900000, 0x0000000091900000| Untracked 
| 282|0x0000000091a00000, 0x0000000091a00000, 0x0000000091b00000|  0%| F|  |TAMS 0x0000000091a00000, 0x0000000091a00000| Untracked 
| 283|0x0000000091b00000, 0x0000000091b00000, 0x0000000091c00000|  0%| F|  |TAMS 0x0000000091b00000, 0x0000000091b00000| Untracked 
| 284|0x0000000091c00000, 0x0000000091c00000, 0x0000000091d00000|  0%| F|  |TAMS 0x0000000091c00000, 0x0000000091c00000| Untracked 
| 285|0x0000000091d00000, 0x0000000091d00000, 0x0000000091e00000|  0%| F|  |TAMS 0x0000000091d00000, 0x0000000091d00000| Untracked 
| 286|0x0000000091e00000, 0x0000000091e00000, 0x0000000091f00000|  0%| F|  |TAMS 0x0000000091e00000, 0x0000000091e00000| Untracked 
| 287|0x0000000091f00000, 0x0000000091f00000, 0x0000000092000000|  0%| F|  |TAMS 0x0000000091f00000, 0x0000000091f00000| Untracked 
| 288|0x0000000092000000, 0x0000000092000000, 0x0000000092100000|  0%| F|  |TAMS 0x0000000092000000, 0x0000000092000000| Untracked 
| 289|0x0000000092100000, 0x0000000092100000, 0x0000000092200000|  0%| F|  |TAMS 0x0000000092100000, 0x0000000092100000| Untracked 
| 290|0x0000000092200000, 0x0000000092200000, 0x0000000092300000|  0%| F|  |TAMS 0x0000000092200000, 0x0000000092200000| Untracked 
| 291|0x0000000092300000, 0x0000000092300000, 0x0000000092400000|  0%| F|  |TAMS 0x0000000092300000, 0x0000000092300000| Untracked 
| 292|0x0000000092400000, 0x0000000092400000, 0x0000000092500000|  0%| F|  |TAMS 0x0000000092400000, 0x0000000092400000| Untracked 
| 293|0x0000000092500000, 0x0000000092500000, 0x0000000092600000|  0%| F|  |TAMS 0x0000000092500000, 0x0000000092500000| Untracked 
| 294|0x0000000092600000, 0x0000000092600000, 0x0000000092700000|  0%| F|  |TAMS 0x0000000092600000, 0x0000000092600000| Untracked 
| 295|0x0000000092700000, 0x0000000092700000, 0x0000000092800000|  0%| F|  |TAMS 0x0000000092700000, 0x0000000092700000| Untracked 
| 296|0x0000000092800000, 0x0000000092800000, 0x0000000092900000|  0%| F|  |TAMS 0x0000000092800000, 0x0000000092800000| Untracked 
| 297|0x0000000092900000, 0x0000000092900000, 0x0000000092a00000|  0%| F|  |TAMS 0x0000000092900000, 0x0000000092900000| Untracked 
| 298|0x0000000092a00000, 0x0000000092a00000, 0x0000000092b00000|  0%| F|  |TAMS 0x0000000092a00000, 0x0000000092a00000| Untracked 
| 299|0x0000000092b00000, 0x0000000092b00000, 0x0000000092c00000|  0%| F|  |TAMS 0x0000000092b00000, 0x0000000092b00000| Untracked 
| 300|0x0000000092c00000, 0x0000000092c00000, 0x0000000092d00000|  0%| F|  |TAMS 0x0000000092c00000, 0x0000000092c00000| Untracked 
| 301|0x0000000092d00000, 0x0000000092d00000, 0x0000000092e00000|  0%| F|  |TAMS 0x0000000092d00000, 0x0000000092d00000| Untracked 
| 302|0x0000000092e00000, 0x0000000092e00000, 0x0000000092f00000|  0%| F|  |TAMS 0x0000000092e00000, 0x0000000092e00000| Untracked 
| 303|0x0000000092f00000, 0x0000000092f00000, 0x0000000093000000|  0%| F|  |TAMS 0x0000000092f00000, 0x0000000092f00000| Untracked 
| 304|0x0000000093000000, 0x0000000093000000, 0x0000000093100000|  0%| F|  |TAMS 0x0000000093000000, 0x0000000093000000| Untracked 
| 305|0x0000000093100000, 0x0000000093100000, 0x0000000093200000|  0%| F|  |TAMS 0x0000000093100000, 0x0000000093100000| Untracked 
| 306|0x0000000093200000, 0x0000000093300000, 0x0000000093300000|100%| S|CS|TAMS 0x0000000093200000, 0x0000000093200000| Complete 
| 307|0x0000000093300000, 0x0000000093400000, 0x0000000093400000|100%| S|CS|TAMS 0x0000000093300000, 0x0000000093300000| Complete 
| 308|0x0000000093400000, 0x0000000093400000, 0x0000000093500000|  0%| F|  |TAMS 0x0000000093400000, 0x0000000093400000| Untracked 
| 309|0x0000000093500000, 0x0000000093500000, 0x0000000093600000|  0%| F|  |TAMS 0x0000000093500000, 0x0000000093500000| Untracked 
| 310|0x0000000093600000, 0x0000000093600000, 0x0000000093700000|  0%| F|  |TAMS 0x0000000093600000, 0x0000000093600000| Untracked 
| 311|0x0000000093700000, 0x0000000093700000, 0x0000000093800000|  0%| F|  |TAMS 0x0000000093700000, 0x0000000093700000| Untracked 
| 312|0x0000000093800000, 0x0000000093800000, 0x0000000093900000|  0%| F|  |TAMS 0x0000000093800000, 0x0000000093800000| Untracked 
| 313|0x0000000093900000, 0x0000000093900000, 0x0000000093a00000|  0%| F|  |TAMS 0x0000000093900000, 0x0000000093900000| Untracked 
| 314|0x0000000093a00000, 0x0000000093a00000, 0x0000000093b00000|  0%| F|  |TAMS 0x0000000093a00000, 0x0000000093a00000| Untracked 
| 315|0x0000000093b00000, 0x0000000093b00000, 0x0000000093c00000|  0%| F|  |TAMS 0x0000000093b00000, 0x0000000093b00000| Untracked 
| 316|0x0000000093c00000, 0x0000000093c00000, 0x0000000093d00000|  0%| F|  |TAMS 0x0000000093c00000, 0x0000000093c00000| Untracked 
| 317|0x0000000093d00000, 0x0000000093d00000, 0x0000000093e00000|  0%| F|  |TAMS 0x0000000093d00000, 0x0000000093d00000| Untracked 
| 318|0x0000000093e00000, 0x0000000093e00000, 0x0000000093f00000|  0%| F|  |TAMS 0x0000000093e00000, 0x0000000093e00000| Untracked 
| 319|0x0000000093f00000, 0x0000000093f00000, 0x0000000094000000|  0%| F|  |TAMS 0x0000000093f00000, 0x0000000093f00000| Untracked 
| 320|0x0000000094000000, 0x0000000094000000, 0x0000000094100000|  0%| F|  |TAMS 0x0000000094000000, 0x0000000094000000| Untracked 

Card table byte_map: [0x0000016721100000,0x0000016721500000] _byte_map_base: 0x0000016720d00000

Marking Bits (Prev, Next): (CMBitMap*) 0x000001670e231db8, (CMBitMap*) 0x000001670e231df0
 Prev Bits: [0x0000016721900000, 0x0000016723900000)
 Next Bits: [0x0000016723900000, 0x0000016725900000)

Polling page: 0x000001670c150000

Metaspace:

Usage:
  Non-class:    123.62 MB capacity,   121.37 MB ( 98%) used,     1.83 MB (  1%) free+waste,   437.56 KB ( <1%) overhead. 
      Class:     18.64 MB capacity,    17.27 MB ( 93%) used,     1.18 MB (  6%) free+waste,   194.44 KB (  1%) overhead. 
       Both:    142.26 MB capacity,   138.64 MB ( 97%) used,     3.00 MB (  2%) free+waste,   632.00 KB ( <1%) overhead. 

Virtual space:
  Non-class space:      124.00 MB reserved,     123.75 MB (>99%) committed 
      Class space:        1.00 GB reserved,      18.75 MB (  2%) committed 
             Both:        1.12 GB reserved,     142.50 MB ( 12%) committed 

Chunk freelists:
   Non-Class:  6.00 KB
       Class:  17.00 KB
        Both:  23.00 KB

MaxMetaspaceSize: 17179869184.00 GB
CompressedClassSpaceSize: 1.00 GB
Initial GC threshold: 20.80 MB
Current GC threshold: 237.50 MB
CDS: off

CodeHeap 'non-profiled nmethods': size=120064Kb used=11586Kb max_used=11586Kb free=108477Kb
 bounds [0x00000167197c0000, 0x000001671a320000, 0x0000016720d00000]
CodeHeap 'profiled nmethods': size=120000Kb used=41699Kb max_used=41699Kb free=78300Kb
 bounds [0x0000016712290000, 0x0000016714b50000, 0x00000167197c0000]
CodeHeap 'non-nmethods': size=5696Kb used=2510Kb max_used=2565Kb free=3185Kb
 bounds [0x0000016711d00000, 0x0000016711f90000, 0x0000016712290000]
 total_blobs=19520 nmethods=18480 adapters=950
 compilation: enabled
              stopped_count=0, restarted_count=0
 full_count=0

Compilation events (20 events):
Event: 405.751 Thread 0x0000016727e0b800 19561       2       com.android.tools.r8.code.c1::<init> (7 bytes)
Event: 405.752 Thread 0x0000016727e0b800 nmethod 19561 0x0000016714b1f890 code [0x0000016714b1fa60, 0x0000016714b1fc28]
Event: 405.752 Thread 0x0000016727e0b800 19562       2       com.android.tools.r8.code.J2::<init> (13 bytes)
Event: 405.752 Thread 0x0000016727e0b800 nmethod 19562 0x0000016714b1fd90 code [0x0000016714b1ff60, 0x0000016714b201c8]
Event: 405.754 Thread 0x0000016727e0b800 19564       3       com.android.tools.r8.code.y1::a (4129 bytes)
Event: 405.806 Thread 0x0000016727e0b800 nmethod 19564 0x0000016714b20410 code [0x0000016714b22fe0, 0x0000016714b407b8]
Event: 405.861 Thread 0x0000016727e0b800 19565       2       com.android.tools.r8.code.h::<init> (7 bytes)
Event: 405.862 Thread 0x0000016727e0b800 nmethod 19565 0x0000016714b4b890 code [0x0000016714b4ba60, 0x0000016714b4bc98]
Event: 405.865 Thread 0x0000016727e0b800 19566       2       com.android.tools.r8.internal.ZG::<init> (6 bytes)
Event: 405.866 Thread 0x0000016727e0b800 nmethod 19566 0x0000016714b4be90 code [0x0000016714b4c040, 0x0000016714b4c148]
Event: 405.866 Thread 0x0000016727e0b800 19567       2       com.android.tools.r8.code.e::<init> (7 bytes)
Event: 405.866 Thread 0x0000016727e0b800 nmethod 19567 0x0000016714b4c210 code [0x0000016714b4c3c0, 0x0000016714b4c518]
Event: 405.879 Thread 0x0000016727e0b800 19568       2       com.android.tools.r8.code.c::<init> (7 bytes)
Event: 405.879 Thread 0x0000016727e0b800 nmethod 19568 0x0000016714b4c610 code [0x0000016714b4c7c0, 0x0000016714b4c918]
Event: 405.885 Thread 0x0000016727e0b800 19570       2       com.android.tools.r8.internal.N0::entrySet (5 bytes)
Event: 405.886 Thread 0x0000016727e0b800 nmethod 19570 0x0000016714b4ca10 code [0x0000016714b4cbc0, 0x0000016714b4cce8]
Event: 405.886 Thread 0x0000016727e0b800 19571       2       com.android.tools.r8.internal.bH::k (27 bytes)
Event: 405.886 Thread 0x0000016727e0b800 nmethod 19571 0x0000016714b4cd90 code [0x0000016714b4cf40, 0x0000016714b4d158]
Event: 405.886 Thread 0x0000016727e0b800 19572       2       com.android.tools.r8.internal.YG::iterator (12 bytes)
Event: 405.886 Thread 0x0000016727e0b800 nmethod 19572 0x0000016714b4d210 code [0x0000016714b4d3c0, 0x0000016714b4d5a8]

GC Heap History (20 events):
Event: 398.254 GC heap after
{Heap after GC invocations=74 (full 0):
 garbage-first heap   total 273408K, used 192495K [0x0000000080000000, 0x0000000100000000)
  region size 1024K, 1 young (1024K), 1 survivors (1024K)
 Metaspace       used 124812K, capacity 127954K, committed 128256K, reserved 1161216K
  class space    used 15379K, capacity 16530K, committed 16640K, reserved 1048576K
}
Event: 398.672 GC heap before
{Heap before GC invocations=74 (full 0):
 garbage-first heap   total 273408K, used 220143K [0x0000000080000000, 0x0000000100000000)
  region size 1024K, 29 young (29696K), 1 survivors (1024K)
 Metaspace       used 127035K, capacity 130162K, committed 130304K, reserved 1163264K
  class space    used 15669K, capacity 16818K, committed 16896K, reserved 1048576K
}
Event: 398.678 GC heap after
{Heap after GC invocations=75 (full 0):
 garbage-first heap   total 273408K, used 192822K [0x0000000080000000, 0x0000000100000000)
  region size 1024K, 2 young (2048K), 2 survivors (2048K)
 Metaspace       used 127035K, capacity 130162K, committed 130304K, reserved 1163264K
  class space    used 15669K, capacity 16818K, committed 16896K, reserved 1048576K
}
Event: 399.381 GC heap before
{Heap before GC invocations=75 (full 0):
 garbage-first heap   total 273408K, used 221494K [0x0000000080000000, 0x0000000100000000)
  region size 1024K, 31 young (31744K), 2 survivors (2048K)
 Metaspace       used 127937K, capacity 131030K, committed 131072K, reserved 1163264K
  class space    used 15746K, capacity 16886K, committed 16896K, reserved 1048576K
}
Event: 399.393 GC heap after
{Heap after GC invocations=76 (full 0):
 garbage-first heap   total 273408K, used 195734K [0x0000000080000000, 0x0000000100000000)
  region size 1024K, 4 young (4096K), 4 survivors (4096K)
 Metaspace       used 127937K, capacity 131030K, committed 131072K, reserved 1163264K
  class space    used 15746K, capacity 16886K, committed 16896K, reserved 1048576K
}
Event: 399.895 GC heap before
{Heap before GC invocations=76 (full 0):
 garbage-first heap   total 273408K, used 224406K [0x0000000080000000, 0x0000000100000000)
  region size 1024K, 33 young (33792K), 4 survivors (4096K)
 Metaspace       used 128287K, capacity 131387K, committed 131712K, reserved 1163264K
  class space    used 15791K, capacity 16932K, committed 17024K, reserved 1048576K
}
Event: 399.908 GC heap after
{Heap after GC invocations=77 (full 0):
 garbage-first heap   total 273408K, used 197683K [0x0000000080000000, 0x0000000100000000)
  region size 1024K, 2 young (2048K), 2 survivors (2048K)
 Metaspace       used 128287K, capacity 131387K, committed 131712K, reserved 1163264K
  class space    used 15791K, capacity 16932K, committed 17024K, reserved 1048576K
}
Event: 400.477 GC heap before
{Heap before GC invocations=77 (full 0):
 garbage-first heap   total 273408K, used 226355K [0x0000000080000000, 0x0000000100000000)
  region size 1024K, 31 young (31744K), 2 survivors (2048K)
 Metaspace       used 128821K, capacity 131959K, committed 132224K, reserved 1165312K
  class space    used 15837K, capacity 17005K, committed 17024K, reserved 1048576K
}
Event: 400.490 GC heap after
{Heap after GC invocations=78 (full 0):
 garbage-first heap   total 328704K, used 199766K [0x0000000080000000, 0x0000000100000000)
  region size 1024K, 4 young (4096K), 4 survivors (4096K)
 Metaspace       used 128821K, capacity 131959K, committed 132224K, reserved 1165312K
  class space    used 15837K, capacity 17005K, committed 17024K, reserved 1048576K
}
Event: 402.295 GC heap before
{Heap before GC invocations=78 (full 0):
 garbage-first heap   total 328704K, used 248918K [0x0000000080000000, 0x0000000100000000)
  region size 1024K, 53 young (54272K), 4 survivors (4096K)
 Metaspace       used 136999K, capacity 140326K, committed 140416K, reserved 1171456K
  class space    used 17015K, capacity 18290K, committed 18304K, reserved 1048576K
}
Event: 402.309 GC heap after
{Heap after GC invocations=79 (full 0):
 garbage-first heap   total 328704K, used 201910K [0x0000000080000000, 0x0000000100000000)
  region size 1024K, 5 young (5120K), 5 survivors (5120K)
 Metaspace       used 136999K, capacity 140326K, committed 140416K, reserved 1171456K
  class space    used 17015K, capacity 18290K, committed 18304K, reserved 1048576K
}
Event: 404.135 GC heap before
{Heap before GC invocations=79 (full 0):
 garbage-first heap   total 328704K, used 276662K [0x0000000080000000, 0x0000000100000000)
  region size 1024K, 56 young (57344K), 5 survivors (5120K)
 Metaspace       used 140960K, capacity 144653K, committed 144768K, reserved 1175552K
  class space    used 17566K, capacity 18964K, committed 19072K, reserved 1048576K
}
Event: 404.153 GC heap after
{Heap after GC invocations=80 (full 0):
 garbage-first heap   total 328704K, used 226239K [0x0000000080000000, 0x0000000100000000)
  region size 1024K, 7 young (7168K), 7 survivors (7168K)
 Metaspace       used 140960K, capacity 144653K, committed 144768K, reserved 1175552K
  class space    used 17566K, capacity 18964K, committed 19072K, reserved 1048576K
}
Event: 404.731 GC heap before
{Heap before GC invocations=80 (full 0):
 garbage-first heap   total 328704K, used 287679K [0x0000000080000000, 0x0000000100000000)
  region size 1024K, 48 young (49152K), 7 survivors (7168K)
 Metaspace       used 141200K, capacity 144885K, committed 145024K, reserved 1175552K
  class space    used 17580K, capacity 18998K, committed 19072K, reserved 1048576K
}
Event: 404.773 GC heap after
{Heap after GC invocations=81 (full 0):
 garbage-first heap   total 328704K, used 250001K [0x0000000080000000, 0x0000000100000000)
  region size 1024K, 6 young (6144K), 6 survivors (6144K)
 Metaspace       used 141200K, capacity 144885K, committed 145024K, reserved 1175552K
  class space    used 17580K, capacity 18998K, committed 19072K, reserved 1048576K
}
Event: 405.205 GC heap before
{Heap before GC invocations=81 (full 0):
 garbage-first heap   total 328704K, used 276625K [0x0000000080000000, 0x0000000100000000)
  region size 1024K, 32 young (32768K), 6 survivors (6144K)
 Metaspace       used 141896K, capacity 145605K, committed 145920K, reserved 1175552K
  class space    used 17687K, capacity 19087K, committed 19200K, reserved 1048576K
}
Event: 405.254 GC heap after
{Heap after GC invocations=82 (full 0):
 garbage-first heap   total 328704K, used 263168K [0x0000000080000000, 0x0000000100000000)
  region size 1024K, 4 young (4096K), 4 survivors (4096K)
 Metaspace       used 141896K, capacity 145605K, committed 145920K, reserved 1175552K
  class space    used 17687K, capacity 19087K, committed 19200K, reserved 1048576K
}
Event: 405.507 GC heap before
{Heap before GC invocations=82 (full 0):
 garbage-first heap   total 328704K, used 280576K [0x0000000080000000, 0x0000000100000000)
  region size 1024K, 21 young (21504K), 4 survivors (4096K)
 Metaspace       used 141919K, capacity 145606K, committed 145920K, reserved 1175552K
  class space    used 17687K, capacity 19087K, committed 19200K, reserved 1048576K
}
Event: 405.541 GC heap after
{Heap after GC invocations=83 (full 0):
 garbage-first heap   total 328704K, used 272896K [0x0000000080000000, 0x0000000100000000)
  region size 1024K, 3 young (3072K), 3 survivors (3072K)
 Metaspace       used 141919K, capacity 145606K, committed 145920K, reserved 1175552K
  class space    used 17687K, capacity 19087K, committed 19200K, reserved 1048576K
}
Event: 405.892 GC heap before
{Heap before GC invocations=83 (full 0):
 garbage-first heap   total 328704K, used 259584K [0x0000000080000000, 0x0000000100000000)
  region size 1024K, 16 young (16384K), 3 survivors (3072K)
 Metaspace       used 141965K, capacity 145673K, committed 145920K, reserved 1175552K
  class space    used 17687K, capacity 19087K, committed 19200K, reserved 1048576K
}

Deoptimization events (20 events):
Event: 405.065 Thread 0x000001672f5e9000 DEOPT PACKING pc=0x0000016719817330 sp=0x00000025005fea30
Event: 405.065 Thread 0x000001672f5e9000 DEOPT UNPACKING pc=0x0000016711d4a1af sp=0x00000025005fe968 mode 2
Event: 405.082 Thread 0x000001672f5eb000 Uncommon trap: trap_request=0xffffff4d fr.pc=0x00000167198d2664 relative=0x0000000000000584
Event: 405.082 Thread 0x000001672f5eb000 Uncommon trap: reason=unstable_if action=reinterpret pc=0x00000167198d2664 method=com.android.tools.r8.graph.a1.g(Ljava/lang/Object;)Z @ 37 c2
Event: 405.082 Thread 0x000001672f5eb000 DEOPT PACKING pc=0x00000167198d2664 sp=0x00000025003febc0
Event: 405.082 Thread 0x000001672f5eb000 DEOPT UNPACKING pc=0x0000016711d4a1af sp=0x00000025003fea90 mode 2
Event: 405.117 Thread 0x000001672f5eb000 DEOPT PACKING pc=0x00000167149dd05b sp=0x00000025003fea90
Event: 405.117 Thread 0x000001672f5eb000 DEOPT UNPACKING pc=0x0000016711d4a95e sp=0x00000025003fdfe8 mode 0
Event: 405.145 Thread 0x000001672f5e9000 Uncommon trap: trap_request=0xffffff4d fr.pc=0x00000167198d5974 relative=0x00000000000004b4
Event: 405.145 Thread 0x000001672f5e9000 Uncommon trap: reason=unstable_if action=reinterpret pc=0x00000167198d5974 method=com.android.tools.r8.graph.a1.g(Ljava/lang/Object;)Z @ 37 c2
Event: 405.145 Thread 0x000001672f5e9000 DEOPT PACKING pc=0x00000167198d5974 sp=0x00000025005fec10
Event: 405.145 Thread 0x000001672f5e9000 DEOPT UNPACKING pc=0x0000016711d4a1af sp=0x00000025005feba0 mode 2
Event: 405.186 Thread 0x000001672f5e6000 Uncommon trap: trap_request=0xffffff4d fr.pc=0x0000016719ecb010 relative=0x0000000000000350
Event: 405.195 Thread 0x000001672f5e6000 Uncommon trap: reason=unstable_if action=reinterpret pc=0x0000016719ecb010 method=java.util.concurrent.ConcurrentLinkedQueue.offer(Ljava/lang/Object;)Z @ 42 c2
Event: 405.195 Thread 0x000001672f5e6000 DEOPT PACKING pc=0x0000016719ecb010 sp=0x00000025002feef0
Event: 405.195 Thread 0x000001672f5e6000 DEOPT UNPACKING pc=0x0000016711d4a1af sp=0x00000025002fee38 mode 2
Event: 405.689 Thread 0x000001672f5e6000 Uncommon trap: trap_request=0xffffff4d fr.pc=0x000001671a30a634 relative=0x0000000000009434
Event: 405.689 Thread 0x000001672f5e6000 Uncommon trap: reason=unstable_if action=reinterpret pc=0x000001671a30a634 method=com.android.tools.r8.code.y1.a(Ljava/nio/ShortBuffer;IILcom/android/tools/r8/internal/mI;)[Lcom/android/tools/r8/code/w1; @ 541 c2
Event: 405.690 Thread 0x000001672f5e6000 DEOPT PACKING pc=0x000001671a30a634 sp=0x00000025002fec70
Event: 405.690 Thread 0x000001672f5e6000 DEOPT UNPACKING pc=0x0000016711d4a1af sp=0x00000025002fec58 mode 2

Classes redefined (0 events):
No events

Internal exceptions (20 events):
Event: 400.972 Thread 0x000001672ef06800 Exception <a 'java/lang/NoSuchMethodError'{0x000000009308d4a0}: 'java.lang.Object java.lang.invoke.DirectMethodHandle$Holder.invokeStaticInit(java.lang.Object, java.lang.Object, long, java.lang.Object)'> (0x000000009308d4a0) thrown at [./src/hotspot/share/interpreter/linkResolver.cpp, line 773]
Event: 400.973 Thread 0x000001672ef06800 Exception <a 'java/lang/NoSuchMethodError'{0x0000000093093638}: 'java.lang.Object java.lang.invoke.DirectMethodHandle$Holder.invokeStatic(java.lang.Object, java.lang.Object, long)'> (0x0000000093093638) thrown at [./src/hotspot/share/interpreter/linkResolver.cpp, line 773]
Event: 400.974 Thread 0x000001672ef06800 Exception <a 'java/lang/NoSuchMethodError'{0x00000000930a0c88}: 'java.lang.Object java.lang.invoke.Invokers$Holder.linkToTargetMethod(java.lang.Object, long, java.lang.Object)'> (0x00000000930a0c88) thrown at [./src/hotspot/share/interpreter/linkResolver.cpp, line 773]
Event: 401.157 Thread 0x000001672e7b2800 Exception <a 'java/lang/NoSuchMethodError'{0x0000000092b56ea0}: 'java.lang.Object java.lang.invoke.DirectMethodHandle$Holder.invokeStaticInit(java.lang.Object, java.lang.Object, java.lang.Object, java.lang.Object, java.lang.Object, java.lang.Object, java.lang.Object, java.lang.Object, java.lang.Object, java.lang.Object, java.lang.Object, java.lang.Object, java.lang.Object, java.lang.Object, java.lang.Object, java.lang.Object, java.lang.Object, java.lang.Object, int, java.lang.Object, java.lang.Object)'> (0
Event: 401.237 Thread 0x000001672e7b2800 Exception <a 'java/lang/IncompatibleClassChangeError'{0x0000000092aba490}: Found class java.lang.Object, but interface was expected> (0x0000000092aba490) thrown at [./src/hotspot/share/interpreter/linkResolver.cpp, line 839]
Event: 401.602 Thread 0x000001672e7b2800 Exception <a 'java/lang/IncompatibleClassChangeError'{0x00000000921062a0}: Found class java.lang.Object, but interface was expected> (0x00000000921062a0) thrown at [./src/hotspot/share/interpreter/linkResolver.cpp, line 839]
Event: 401.785 Thread 0x000001672e7b2800 Exception <a 'java/lang/NoSuchMethodError'{0x0000000091dcf810}: 'java.lang.Object java.lang.invoke.DirectMethodHandle$Holder.invokeStatic(java.lang.Object, int, java.lang.Object, java.lang.Object)'> (0x0000000091dcf810) thrown at [./src/hotspot/share/interpreter/linkResolver.cpp, line 773]
Event: 402.001 Thread 0x000001672e7b2800 Exception <a 'java/lang/NoSuchMethodError'{0x0000000091666958}: 'int java.lang.invoke.DirectMethodHandle$Holder.invokeSpecial(java.lang.Object, java.lang.Object, java.lang.Object, java.lang.Object, java.lang.Object)'> (0x0000000091666958) thrown at [./src/hotspot/share/interpreter/linkResolver.cpp, line 773]
Event: 402.042 Thread 0x000001672e7b2800 Exception <a 'java/lang/IncompatibleClassChangeError'{0x000000009155fa70}: Found class java.lang.Object, but interface was expected> (0x000000009155fa70) thrown at [./src/hotspot/share/interpreter/linkResolver.cpp, line 839]
Event: 402.043 Thread 0x000001672e7b2800 Exception <a 'java/lang/IncompatibleClassChangeError'{0x0000000091568fd0}: Found class java.lang.Object, but interface was expected> (0x0000000091568fd0) thrown at [./src/hotspot/share/interpreter/linkResolver.cpp, line 839]
Event: 402.130 Thread 0x000001672e7b2800 Exception <a 'java/lang/NoSuchMethodError'{0x000000009137c008}: 'void java.lang.invoke.DirectMethodHandle$Holder.invokeSpecial(java.lang.Object, java.lang.Object, int, java.lang.Object)'> (0x000000009137c008) thrown at [./src/hotspot/share/interpreter/linkResolver.cpp, line 773]
Event: 402.283 Thread 0x000001672e7b2800 Exception <a 'java/lang/NoSuchMethodError'{0x00000000910ad0b8}: 'java.lang.Object java.lang.invoke.DirectMethodHandle$Holder.newInvokeSpecial(java.lang.Object, int)'> (0x00000000910ad0b8) thrown at [./src/hotspot/share/interpreter/linkResolver.cpp, line 773]
Event: 403.183 Thread 0x000001672e7b2800 Exception <a 'java/lang/NoSuchMethodError'{0x0000000092d88130}: 'java.lang.Object java.lang.invoke.Invokers$Holder.linkToTargetMethod(java.lang.Object, int, java.lang.Object, java.lang.Object, java.lang.Object, java.lang.Object)'> (0x0000000092d88130) thrown at [./src/hotspot/share/interpreter/linkResolver.cpp, line 773]
Event: 403.184 Thread 0x000001672e7b2800 Exception <a 'java/lang/NoSuchMethodError'{0x0000000092d95188}: 'java.lang.Object java.lang.invoke.DirectMethodHandle$Holder.invokeStatic(java.lang.Object, java.lang.Object, java.lang.Object, java.lang.Object, int, java.lang.Object, java.lang.Object)'> (0x0000000092d95188) thrown at [./src/hotspot/share/interpreter/linkResolver.cpp, line 773]
Event: 403.187 Thread 0x000001672e7b2800 Exception <a 'java/lang/NoSuchMethodError'{0x0000000092d9cc80}: 'java.lang.Object java.lang.invoke.Invokers$Holder.linkToTargetMethod(java.lang.Object, java.lang.Object, java.lang.Object, int, java.lang.Object, java.lang.Object, java.lang.Object)'> (0x0000000092d9cc80) thrown at [./src/hotspot/share/interpreter/linkResolver.cpp, line 773]
Event: 403.190 Thread 0x000001672e7b2800 Exception <a 'java/lang/NoSuchMethodError'{0x0000000092db1cf8}: 'void java.lang.invoke.DirectMethodHandle$Holder.invokeStatic(java.lang.Object, java.lang.Object, java.lang.Object, java.lang.Object, java.lang.Object, java.lang.Object, java.lang.Object, java.lang.Object)'> (0x0000000092db1cf8) thrown at [./src/hotspot/share/interpreter/linkResolver.cpp, line 773]
Event: 403.254 Thread 0x000001672e7b2800 Exception <a 'java/lang/IncompatibleClassChangeError'{0x0000000092baea48}: Found class java.lang.Object, but interface was expected> (0x0000000092baea48) thrown at [./src/hotspot/share/interpreter/linkResolver.cpp, line 839]
Event: 403.346 Thread 0x000001672e7b2800 Exception <a 'java/lang/NoSuchMethodError'{0x0000000092971528}: 'void java.lang.invoke.DirectMethodHandle$Holder.invokeSpecial(java.lang.Object, java.lang.Object, int)'> (0x0000000092971528) thrown at [./src/hotspot/share/interpreter/linkResolver.cpp, line 773]
Event: 403.402 Thread 0x000001672e7b2800 Exception <a 'sun/nio/fs/WindowsException'{0x000000009281cfc8}> (0x000000009281cfc8) thrown at [./src/hotspot/share/prims/jni.cpp, line 615]
Event: 404.007 Thread 0x000001672ef04800 Exception <a 'sun/nio/fs/WindowsException'{0x0000000091aab060}> (0x0000000091aab060) thrown at [./src/hotspot/share/prims/jni.cpp, line 615]

Events (20 events):
Event: 404.955 loading class com/android/tools/r8/internal/Ro done
Event: 404.955 Executing VM operation: RevokeBias
Event: 404.955 Executing VM operation: RevokeBias done
Event: 404.956 loading class com/android/tools/r8/internal/t
Event: 404.956 loading class com/android/tools/r8/internal/t done
Event: 404.958 Executing VM operation: RevokeBias
Event: 404.958 Executing VM operation: RevokeBias done
Event: 404.960 Executing VM operation: RevokeBias
Event: 404.961 Executing VM operation: RevokeBias done
Event: 405.017 loading class com/android/tools/r8/graph/Z0
Event: 405.017 loading class com/android/tools/r8/graph/Z0 done
Event: 405.147 loading class com/android/tools/r8/internal/Zb
Event: 405.147 loading class com/android/tools/r8/internal/Zb done
Event: 405.205 Executing VM operation: G1CollectForAllocation
Event: 405.254 Executing VM operation: G1CollectForAllocation done
Event: 405.506 Executing VM operation: G1CollectForAllocation
Event: 405.541 Executing VM operation: G1CollectForAllocation done
Event: 405.829 Executing VM operation: CGC_Operation
Event: 405.858 Executing VM operation: CGC_Operation done
Event: 405.892 Executing VM operation: G1CollectForAllocation


Dynamic libraries:
0x00007ff64f280000 - 0x00007ff64f28a000 	C:\Program Files\Android\Android Studio\jre\bin\java.exe
0x00007ffbf50d0000 - 0x00007ffbf52c8000 	C:\WINDOWS\SYSTEM32\ntdll.dll
0x00007ffbf3e70000 - 0x00007ffbf3f2d000 	C:\WINDOWS\System32\KERNEL32.DLL
0x00007ffbf28a0000 - 0x00007ffbf2b6e000 	C:\WINDOWS\System32\KERNELBASE.dll
0x00007ffbf2b70000 - 0x00007ffbf2c70000 	C:\WINDOWS\System32\ucrtbase.dll
0x00007ffbecbd0000 - 0x00007ffbecbe7000 	C:\Program Files\Android\Android Studio\jre\bin\VCRUNTIME140.dll
0x00007ffbeceb0000 - 0x00007ffbecec9000 	C:\Program Files\Android\Android Studio\jre\bin\jli.dll
0x00007ffbf3f60000 - 0x00007ffbf4100000 	C:\WINDOWS\System32\USER32.dll
0x00007ffbe22d0000 - 0x00007ffbe256a000 	C:\WINDOWS\WinSxS\amd64_microsoft.windows.common-controls_6595b64144ccf1df_6.0.19041.1110_none_60b5254171f9507e\COMCTL32.dll
0x00007ffbf3100000 - 0x00007ffbf3122000 	C:\WINDOWS\System32\win32u.dll
0x00007ffbf4700000 - 0x00007ffbf479e000 	C:\WINDOWS\System32\msvcrt.dll
0x00007ffbf3f30000 - 0x00007ffbf3f5a000 	C:\WINDOWS\System32\GDI32.dll
0x00007ffbf2dc0000 - 0x00007ffbf2ecb000 	C:\WINDOWS\System32\gdi32full.dll
0x00007ffbf2ed0000 - 0x00007ffbf2f6d000 	C:\WINDOWS\System32\msvcp_win.dll
0x00007ffbf3870000 - 0x00007ffbf38a0000 	C:\WINDOWS\System32\IMM32.DLL
0x00007ffb91670000 - 0x00007ffb9170d000 	C:\Program Files\Android\Android Studio\jre\bin\msvcp140.dll
0x00007ffb64d70000 - 0x00007ffb65855000 	C:\Program Files\Android\Android Studio\jre\bin\server\jvm.dll
0x00007ffbf3dc0000 - 0x00007ffbf3e6e000 	C:\WINDOWS\System32\ADVAPI32.dll
0x00007ffbf3b70000 - 0x00007ffbf3c0c000 	C:\WINDOWS\System32\sechost.dll
0x00007ffbf4f60000 - 0x00007ffbf5085000 	C:\WINDOWS\System32\RPCRT4.dll
0x00007ffbf4160000 - 0x00007ffbf4168000 	C:\WINDOWS\System32\PSAPI.DLL
0x00007ffbc7260000 - 0x00007ffbc7269000 	C:\WINDOWS\SYSTEM32\WSOCK32.dll
0x00007ffbf4220000 - 0x00007ffbf428b000 	C:\WINDOWS\System32\WS2_32.dll
0x00007ffbe1ea0000 - 0x00007ffbe1ec7000 	C:\WINDOWS\SYSTEM32\WINMM.dll
0x00007ffbe9200000 - 0x00007ffbe920a000 	C:\WINDOWS\SYSTEM32\VERSION.dll
0x00007ffbf06e0000 - 0x00007ffbf06f2000 	C:\WINDOWS\SYSTEM32\kernel.appcore.dll
0x00007ffbeadd0000 - 0x00007ffbeade1000 	C:\Program Files\Android\Android Studio\jre\bin\verify.dll
0x00007ffbed770000 - 0x00007ffbed954000 	C:\WINDOWS\SYSTEM32\DBGHELP.DLL
0x00007ffbd6010000 - 0x00007ffbd603c000 	C:\WINDOWS\SYSTEM32\dbgcore.DLL
0x00007ffbf2d30000 - 0x00007ffbf2db2000 	C:\WINDOWS\System32\bcryptPrimitives.dll
0x00007ffbdf910000 - 0x00007ffbdf939000 	C:\Program Files\Android\Android Studio\jre\bin\java.dll
0x00007ffbeae90000 - 0x00007ffbeae9b000 	C:\Program Files\Android\Android Studio\jre\bin\jimage.dll
0x00007ffbe4630000 - 0x00007ffbe4648000 	C:\Program Files\Android\Android Studio\jre\bin\zip.dll
0x00007ffbf47a0000 - 0x00007ffbf4ee3000 	C:\WINDOWS\System32\SHELL32.dll
0x00007ffbf08e0000 - 0x00007ffbf1075000 	C:\WINDOWS\SYSTEM32\windows.storage.dll
0x00007ffbf4290000 - 0x00007ffbf45e4000 	C:\WINDOWS\System32\combase.dll
0x00007ffbf2250000 - 0x00007ffbf2280000 	C:\WINDOWS\SYSTEM32\Wldp.dll
0x00007ffbf4170000 - 0x00007ffbf421d000 	C:\WINDOWS\System32\SHCORE.dll
0x00007ffbf4100000 - 0x00007ffbf4155000 	C:\WINDOWS\System32\shlwapi.dll
0x00007ffbf2730000 - 0x00007ffbf274f000 	C:\WINDOWS\SYSTEM32\profapi.dll
0x00007ffbe4450000 - 0x00007ffbe446a000 	C:\Program Files\Android\Android Studio\jre\bin\net.dll
0x00007ffbe50e0000 - 0x00007ffbe51ea000 	C:\WINDOWS\SYSTEM32\WINHTTP.dll
0x00007ffbf1fb0000 - 0x00007ffbf201a000 	C:\WINDOWS\system32\mswsock.dll
0x00007ffbd18e0000 - 0x00007ffbd18f4000 	C:\Program Files\Android\Android Studio\jre\bin\nio.dll
0x00007ffbecc30000 - 0x00007ffbecc57000 	C:\Users\Nada Said\.gradle\native\e1d6ef7f7dcc3fd88c89a11ec53ec762bb8ba0a96d01ffa2cd45eb1d1d8dd5c5\windows-amd64\native-platform.dll
0x00007ffb90b00000 - 0x00007ffb90c44000 	C:\Users\Nada Said\.gradle\native\5664cfc778a61ccfe75a443a1ab52a65af34e5dc3c78e0209fed803814484fcb\windows-amd64\native-platform-file-events.dll
0x00007ffbead50000 - 0x00007ffbead5a000 	C:\Program Files\Android\Android Studio\jre\bin\management.dll
0x00007ffbea9d0000 - 0x00007ffbea9dd000 	C:\Program Files\Android\Android Studio\jre\bin\management_ext.dll
0x00007ffbf21b0000 - 0x00007ffbf21c8000 	C:\WINDOWS\SYSTEM32\CRYPTSP.dll
0x00007ffbf18c0000 - 0x00007ffbf18f4000 	C:\WINDOWS\system32\rsaenh.dll
0x00007ffbf2f70000 - 0x00007ffbf2f97000 	C:\WINDOWS\System32\bcrypt.dll
0x00007ffbf26f0000 - 0x00007ffbf271e000 	C:\WINDOWS\SYSTEM32\USERENV.dll
0x00007ffbf21a0000 - 0x00007ffbf21ac000 	C:\WINDOWS\SYSTEM32\CRYPTBASE.dll
0x00007ffbf1c50000 - 0x00007ffbf1c8b000 	C:\WINDOWS\SYSTEM32\IPHLPAPI.DLL
0x00007ffbf3b00000 - 0x00007ffbf3b08000 	C:\WINDOWS\System32\NSI.dll
0x00007ffbe94c0000 - 0x00007ffbe94d7000 	C:\WINDOWS\SYSTEM32\dhcpcsvc6.DLL
0x00007ffbea5b0000 - 0x00007ffbea5cd000 	C:\WINDOWS\SYSTEM32\dhcpcsvc.DLL
0x00007ffbf1ca0000 - 0x00007ffbf1d6a000 	C:\WINDOWS\SYSTEM32\DNSAPI.dll
0x00007ffbd1370000 - 0x00007ffbd1397000 	C:\Program Files\Android\Android Studio\jre\bin\sunec.dll
0x000000006da20000 - 0x000000006da46000 	C:\Program Files\Bonjour\mdnsNSP.dll
0x00007ffbe4eb0000 - 0x00007ffbe4eba000 	C:\Windows\System32\rasadhlp.dll
0x00007ffbe5060000 - 0x00007ffbe50e0000 	C:\WINDOWS\System32\fwpuclnt.dll
0x00007ffbf14f0000 - 0x00007ffbf1523000 	C:\WINDOWS\SYSTEM32\ntmarta.dll

dbghelp: loaded successfully - version: 4.0.5 - missing functions: none
symbol engine: initialized successfully - sym options: 0x614 - pdb path: .;C:\Program Files\Android\Android Studio\jre\bin;C:\WINDOWS\SYSTEM32;C:\WINDOWS\WinSxS\amd64_microsoft.windows.common-controls_6595b64144ccf1df_6.0.19041.1110_none_60b5254171f9507e;C:\Program Files\Android\Android Studio\jre\bin\server;C:\Users\Nada Said\.gradle\native\e1d6ef7f7dcc3fd88c89a11ec53ec762bb8ba0a96d01ffa2cd45eb1d1d8dd5c5\windows-amd64;C:\Users\Nada Said\.gradle\native\5664cfc778a61ccfe75a443a1ab52a65af34e5dc3c78e0209fed803814484fcb\windows-amd64;C:\Program Files\Bonjour

VM Arguments:
jvm_args: --add-opens=java.base/java.util=ALL-UNNAMED --add-opens=java.base/java.lang=ALL-UNNAMED --add-opens=java.base/java.lang.invoke=ALL-UNNAMED --add-opens=java.base/java.util=ALL-UNNAMED --add-opens=java.prefs/java.util.prefs=ALL-UNNAMED --add-opens=java.prefs/java.util.prefs=ALL-UNNAMED --add-opens=java.base/java.nio.charset=ALL-UNNAMED --add-opens=java.base/java.net=ALL-UNNAMED --add-opens=java.base/java.util.concurrent.atomic=ALL-UNNAMED -Xmx2048m -Dfile.encoding=UTF-8 -Duser.country=US -Duser.language=en -Duser.variant 
java_command: org.gradle.launcher.daemon.bootstrap.GradleDaemon 7.3.3
java_class_path (initial): C:\Users\Nada Said\.gradle\wrapper\dists\gradle-7.3.3-bin\6a41zxkdtcxs8rphpq6y0069z\gradle-7.3.3\lib\gradle-launcher-7.3.3.jar
Launcher Type: SUN_STANDARD

[Global flags]
     intx CICompilerCount                          = 3                                         {product} {ergonomic}
     uint ConcGCThreads                            = 1                                         {product} {ergonomic}
     uint G1ConcRefinementThreads                  = 4                                         {product} {ergonomic}
   size_t G1HeapRegionSize                         = 1048576                                   {product} {ergonomic}
    uintx GCDrainStackTargetSize                   = 64                                        {product} {ergonomic}
   size_t InitialHeapSize                          = 134217728                                 {product} {ergonomic}
   size_t MarkStackSize                            = 4194304                                   {product} {ergonomic}
   size_t MaxHeapSize                              = 2147483648                                {product} {command line}
   size_t MaxNewSize                               = 1287651328                                {product} {ergonomic}
   size_t MinHeapDeltaBytes                        = 1048576                                   {product} {ergonomic}
    uintx NonNMethodCodeHeapSize                   = 5830732                                {pd product} {ergonomic}
    uintx NonProfiledCodeHeapSize                  = 122913754                              {pd product} {ergonomic}
    uintx ProfiledCodeHeapSize                     = 122913754                              {pd product} {ergonomic}
    uintx ReservedCodeCacheSize                    = 251658240                              {pd product} {ergonomic}
     bool SegmentedCodeCache                       = true                                      {product} {ergonomic}
     bool UseCompressedClassPointers               = true                                 {lp64_product} {ergonomic}
     bool UseCompressedOops                        = true                                 {lp64_product} {ergonomic}
     bool UseG1GC                                  = true                                      {product} {ergonomic}
     bool UseLargePagesIndividualAllocation        = false                                  {pd product} {ergonomic}

Logging:
Log output configuration:
 #0: stdout all=warning uptime,level,tags
 #1: stderr all=off uptime,level,tags

Environment Variables:
JAVA_HOME=C:\Program Files\Java\jdk-17.0.1
PATH=C:\Program Files\Microsoft\jdk-11.0.12.7-hotspot\bin;C:\Program Files (x86)\NVIDIA Corporation\PhysX\Common;C:\Oracle\Middleware\Oracle_FRHome1\bin;C:\Program Files\Common Files\Oracle\Java\javapath;C:\app\NadaSaid\product\11.2.0\dbhome_1\bin;C:\ProgramData\Oracle\Java\javapath;C:\WINDOWS\system32;C:\WINDOWS;C:\WINDOWS\System32\Wbem;C:\WINDOWS\System32\WindowsPowerShell\v1.0\;C:\WINDOWS\System32\OpenSSH\;C:\Program Files\Git\cmd;C:\Program Files\Java\jdk-17.0.1\bin;C:\Oracle\Middleware\Oracle_FRHome1\opmn\bin;C:\Oracle\Middleware\Oracle_FRHome1\opmn\lib;C:\Oracle\Middleware\Oracle_FRHome1\perl\bin;C:\Program Files\Microsoft SQL Server\Client SDK\ODBC\110\Tools\Binn\;C:\Program Files (x86)\Microsoft SQL Server\120\Tools\Binn\;C:\Program Files\Microsoft SQL Server\120\Tools\Binn\;C:\Program Files\Microsoft SQL Server\120\DTS\Binn\;C:\Program Files (x86)\Windows Kits\8.1\Windows Performance Toolkit\;C:\Program Files\dotnet\;C:\Users\Nada Said\AppData\Local\Programs\Python\Python37\Scripts\;C:\Users\Nada Said\AppData\Local\Programs\Python\Python37\;C:\Python37\Scripts\;C:\Python37\;C:\Users\Nada Said\AppData\Local\Microsoft\WindowsApps;C:\Users\Nada Said\AppData\Local\Programs\Microsoft VS Code\bin;C:\Program Files\JetBrains\IntelliJ IDEA Community Edition 2021.2.3\bin;;C:\Users\Nada Said\.dotnet\tools;C:\Users\Nada Said\AppData\Local\GitHubDesktop\bin;C:\Dart\dart-sdk\bin;
USERNAME=Nada Said
LD_LIBRARY_PATH=C:\Oracle\Middleware\Oracle_FRHome1\lib
OS=Windows_NT
PROCESSOR_IDENTIFIER=Intel64 Family 6 Model 61 Stepping 4, GenuineIntel



---------------  S Y S T E M  ---------------

OS: Windows 10 , 64 bit Build 19041 (10.0.19041.1889)
OS uptime: 4 days 7:46 hours

CPU:total 4 (initial active 4) (2 cores per cpu, 2 threads per core) family 6 model 61 stepping 4 microcode 0x2d, cmov, cx8, fxsr, mmx, sse, sse2, sse3, ssse3, sse4.1, sse4.2, popcnt, avx, avx2, aes, clmul, erms, rtm, 3dnowpref, lzcnt, ht, tsc, tscinvbit, bmi1, bmi2, adx, fma

Memory: 4k page, system-wide physical 8067M (625M free)
TotalPageFile size 11347M (AvailPageFile size 14M)
current process WorkingSet (physical memory assigned to process): 690M, peak: 694M
current process commit charge ("private bytes"): 722M, peak: 811M

vm_info: OpenJDK 64-Bit Server VM (11.0.12+7-b1504.28-7817840) for windows-amd64 JRE (11.0.12+7-b1504.28-7817840), built on Oct 13 2021 22:12:33 by "builder" with MS VC++ 14.0 (VS2015)

END.
