#
# There is insufficient memory for the Java Runtime Environment to continue.
# Native memory allocation (malloc) failed to allocate 1216336 bytes for Chunk::new
# Possible reasons:
#   The system is out of physical RAM or swap space
#   The process is running with CompressedOops enabled, and the Java Heap may be blocking the growth of the native heap
# Possible solutions:
#   Reduce memory load on the system
#   Increase physical memory or swap space
#   Check if swap backing store is full
#   Decrease Java heap size (-Xmx/-Xms)
#   Decrease number of Java threads
#   Decrease Java thread stack sizes (-Xss)
#   Set larger code cache with -XX:ReservedCodeCacheSize=
#   JVM is running with Unscaled Compressed Oops mode in which the Java heap is
#     placed in the first 4GB address space. The Java Heap base address is the
#     maximum limit for the native heap growth. Please use -XX:HeapBaseMinAddress
#     to set the Java Heap base and to place the Java Heap above 4GB virtual address.
# This output file may be truncated or incomplete.
#
#  Out of Memory Error (./src/hotspot/share/memory/arena.cpp:197), pid=5600, tid=6872
#
# JRE version: OpenJDK Runtime Environment (11.0.12+7) (build 11.0.12+7-b1504.28-7817840)
# Java VM: OpenJDK 64-Bit Server VM (11.0.12+7-b1504.28-7817840, mixed mode, tiered, compressed oops, g1 gc, windows-amd64)
# No core dump will be written. Minidumps are not enabled by default on client versions of Windows
#

---------------  S U M M A R Y ------------

Command Line: --add-opens=java.base/java.util=ALL-UNNAMED --add-opens=java.base/java.lang=ALL-UNNAMED --add-opens=java.base/java.lang.invoke=ALL-UNNAMED --add-opens=java.base/java.util=ALL-UNNAMED --add-opens=java.prefs/java.util.prefs=ALL-UNNAMED --add-opens=java.prefs/java.util.prefs=ALL-UNNAMED --add-opens=java.base/java.nio.charset=ALL-UNNAMED --add-opens=java.base/java.net=ALL-UNNAMED --add-opens=java.base/java.util.concurrent.atomic=ALL-UNNAMED -Xmx2048m -Dfile.encoding=UTF-8 -Duser.country=US -Duser.language=en -Duser.variant org.gradle.launcher.daemon.bootstrap.GradleDaemon 7.3.3

Host: Intel(R) Core(TM) i5-5300U CPU @ 2.30GHz, 4 cores, 7G,  Windows 10 , 64 bit Build 19041 (10.0.19041.1889)
Time: Thu Oct  6 13:41:27 2022 Egypt Standard Time elapsed time: 14.977057 seconds (0d 0h 0m 14s)

---------------  T H R E A D  ---------------

Current thread (0x000002589e14e000):  JavaThread "C2 CompilerThread0" daemon [_thread_in_native, id=6872, stack(0x00000077d0b00000,0x00000077d0c00000)]


Current CompileTask:
C2:  14977 7421 %     4       org.gradle.internal.instantiation.generator.AbstractClassGenerator::inspectType @ 250 (560 bytes)

Stack: [0x00000077d0b00000,0x00000077d0c00000]
Native frames: (J=compiled Java code, j=interpreted, Vv=VM code, C=native code)
V  [jvm.dll+0x5fbcea]
V  [jvm.dll+0x731905]
V  [jvm.dll+0x732f1d]
V  [jvm.dll+0x7335d3]
V  [jvm.dll+0x247bf8]
V  [jvm.dll+0xc018c]
V  [jvm.dll+0xc06cc]
V  [jvm.dll+0x2bcc04]
V  [jvm.dll+0x5113a8]
V  [jvm.dll+0x201d61]
V  [jvm.dll+0x1ff71f]
V  [jvm.dll+0x18868c]
V  [jvm.dll+0x20e0d7]
V  [jvm.dll+0x20c901]
V  [jvm.dll+0x6f9b7f]
V  [jvm.dll+0x6f26a5]
V  [jvm.dll+0x5fabf6]
C  [ucrtbase.dll+0x21bb2]
C  [KERNEL32.DLL+0x17034]
C  [ntdll.dll+0x526a1]


---------------  P R O C E S S  ---------------

Threads class SMR info:
_java_thread_list=0x00000258a630e850, length=79, elements={
0x0000025884530000, 0x000002589e121800, 0x000002589e124800, 0x000002589e13e000,
0x000002589e13f000, 0x000002589e145000, 0x000002589e14e000, 0x000002589e158800,
0x000002589e163800, 0x000002589ec13800, 0x000002589f621000, 0x00000258a0af8800,
0x000002589fb3e800, 0x00000258a02ba000, 0x00000258a097c800, 0x00000258a05dd800,
0x00000258a10ec800, 0x00000258a0b0d800, 0x00000258a1290800, 0x000002589e155800,
0x000002589e153000, 0x000002589e156000, 0x000002589e157000, 0x000002589e158000,
0x000002589e159800, 0x000002589e153800, 0x000002589e154800, 0x00000258a2cd7000,
0x00000258a2cdc000, 0x00000258a2cda000, 0x00000258a2cdd800, 0x00000258a2cd8000,
0x00000258a2cd8800, 0x00000258a2ce5000, 0x00000258a2ce0000, 0x00000258a2ce1800,
0x00000258a2ce4000, 0x00000258a2ce3000, 0x00000258a2ce5800, 0x00000258a2ce1000,
0x00000258a2ce2800, 0x00000258a29df800, 0x00000258a29e1800, 0x00000258a29df000,
0x00000258a29e2000, 0x00000258a29de000, 0x00000258a29e0800, 0x00000258a29e3000,
0x00000258a29dd800, 0x00000258a29e6800, 0x00000258a29e8000, 0x00000258a29e8800,
0x00000258a29e7000, 0x00000258a29e4800, 0x00000258a29e9800, 0x00000258a29e4000,
0x00000258a29ea800, 0x00000258a29eb000, 0x00000258a29e5800, 0x00000258a29ec000,
0x00000258a2e24000, 0x00000258a2e24800, 0x00000258a2e23000, 0x00000258a2e25800,
0x00000258a2e27000, 0x00000258a2e22000, 0x00000258a2e21800, 0x00000258a2e28000,
0x00000258a2e28800, 0x00000258a2e26800, 0x00000258a2e29800, 0x00000258a2e2a800,
0x00000258a2e2d000, 0x00000258a2e30000, 0x00000258a2e2b000, 0x00000258a2e2c000,
0x00000258a2e2d800, 0x00000258a2e2e800, 0x00000258a68e7000
}

Java Threads: ( => current thread )
  0x0000025884530000 JavaThread "main" [_thread_blocked, id=7872, stack(0x00000077cff00000,0x00000077d0000000)]
  0x000002589e121800 JavaThread "Reference Handler" daemon [_thread_blocked, id=13120, stack(0x00000077d0600000,0x00000077d0700000)]
  0x000002589e124800 JavaThread "Finalizer" daemon [_thread_blocked, id=13496, stack(0x00000077d0700000,0x00000077d0800000)]
  0x000002589e13e000 JavaThread "Signal Dispatcher" daemon [_thread_blocked, id=8660, stack(0x00000077d0800000,0x00000077d0900000)]
  0x000002589e13f000 JavaThread "Attach Listener" daemon [_thread_blocked, id=16744, stack(0x00000077d0900000,0x00000077d0a00000)]
  0x000002589e145000 JavaThread "Service Thread" daemon [_thread_blocked, id=8012, stack(0x00000077d0a00000,0x00000077d0b00000)]
=>0x000002589e14e000 JavaThread "C2 CompilerThread0" daemon [_thread_in_native, id=6872, stack(0x00000077d0b00000,0x00000077d0c00000)]
  0x000002589e158800 JavaThread "C1 CompilerThread0" daemon [_thread_blocked, id=13996, stack(0x00000077d0c00000,0x00000077d0d00000)]
  0x000002589e163800 JavaThread "Sweeper thread" daemon [_thread_blocked, id=3100, stack(0x00000077d0d00000,0x00000077d0e00000)]
  0x000002589ec13800 JavaThread "Common-Cleaner" daemon [_thread_blocked, id=2644, stack(0x00000077d0e00000,0x00000077d0f00000)]
  0x000002589f621000 JavaThread "Daemon health stats" [_thread_blocked, id=8920, stack(0x00000077d1300000,0x00000077d1400000)]
  0x00000258a0af8800 JavaThread "Incoming local TCP Connector on port 51994" [_thread_in_native, id=12652, stack(0x00000077d1000000,0x00000077d1100000)]
  0x000002589fb3e800 JavaThread "Daemon periodic checks" [_thread_blocked, id=11676, stack(0x00000077d1400000,0x00000077d1500000)]
  0x00000258a02ba000 JavaThread "Daemon" [_thread_blocked, id=7912, stack(0x00000077d1500000,0x00000077d1600000)]
  0x00000258a097c800 JavaThread "Handler for socket connection from /127.0.0.1:51994 to /127.0.0.1:51995" [_thread_in_native, id=4532, stack(0x00000077d1600000,0x00000077d1700000)]
  0x00000258a05dd800 JavaThread "Cancel handler" [_thread_blocked, id=13080, stack(0x00000077d1700000,0x00000077d1800000)]
  0x00000258a10ec800 JavaThread "Daemon worker" [_thread_in_Java, id=17136, stack(0x00000077d1800000,0x00000077d1900000)]
  0x00000258a0b0d800 JavaThread "Asynchronous log dispatcher for DefaultDaemonConnection: socket connection from /127.0.0.1:51994 to /127.0.0.1:51995" [_thread_blocked, id=14840, stack(0x00000077d1900000,0x00000077d1a00000)]
  0x00000258a1290800 JavaThread "Stdin handler" [_thread_blocked, id=17080, stack(0x00000077d1a00000,0x00000077d1b00000)]
  0x000002589e155800 JavaThread "Daemon client event forwarder" [_thread_blocked, id=12820, stack(0x00000077d1b00000,0x00000077d1c00000)]
  0x000002589e153000 JavaThread "Cache worker for journal cache (C:\Users\Nada Said\.gradle\caches\journal-1)" [_thread_blocked, id=17040, stack(0x00000077d1d00000,0x00000077d1e00000)]
  0x000002589e156000 JavaThread "File lock request listener" [_thread_in_native, id=15400, stack(0x00000077d1e00000,0x00000077d1f00000)]
  0x000002589e157000 JavaThread "Cache worker for file hash cache (C:\Users\Nada Said\.gradle\caches\7.3.3\fileHashes)" [_thread_blocked, id=2016, stack(0x00000077d1f00000,0x00000077d2000000)]
  0x000002589e158000 JavaThread "C2 CompilerThread1" daemon [_thread_in_native, id=4476, stack(0x00000077d2000000,0x00000077d2100000)]
  0x000002589e159800 JavaThread "Cache worker for file hash cache (D:\AndroidProject\EcommerceApp\.gradle\7.3.3\fileHashes)" [_thread_blocked, id=3776, stack(0x00000077d2100000,0x00000077d2200000)]
  0x000002589e153800 JavaThread "File watcher server" daemon [_thread_in_native, id=9988, stack(0x00000077d2200000,0x00000077d2300000)]
  0x000002589e154800 JavaThread "File watcher consumer" daemon [_thread_blocked, id=14432, stack(0x00000077d2300000,0x00000077d2400000)]
  0x00000258a2cd7000 JavaThread "Cache worker for checksums cache (D:\AndroidProject\EcommerceApp\.gradle\7.3.3\checksums)" [_thread_blocked, id=10540, stack(0x00000077d2400000,0x00000077d2500000)]
  0x00000258a2cdc000 JavaThread "Cache worker for cache directory md-supplier (C:\Users\Nada Said\.gradle\caches\7.3.3\md-supplier)" [_thread_blocked, id=7040, stack(0x00000077d2500000,0x00000077d2600000)]
  0x00000258a2cda000 JavaThread "Cache worker for cache directory md-rule (C:\Users\Nada Said\.gradle\caches\7.3.3\md-rule)" [_thread_blocked, id=15472, stack(0x00000077d2600000,0x00000077d2700000)]
  0x00000258a2cdd800 JavaThread "Cache worker for execution history cache (C:\Users\Nada Said\.gradle\caches\7.3.3\executionHistory)" [_thread_blocked, id=9356, stack(0x00000077d2700000,0x00000077d2800000)]
  0x00000258a2cd8000 JavaThread "jar transforms" [_thread_blocked, id=4960, stack(0x00000077d2800000,0x00000077d2900000)]
  0x00000258a2cd8800 JavaThread "Cache worker for file content cache (C:\Users\Nada Said\.gradle\caches\7.3.3\fileContent)" [_thread_blocked, id=2704, stack(0x00000077d2900000,0x00000077d2a00000)]
  0x00000258a2ce5000 JavaThread "jar transforms Thread 2" [_thread_blocked, id=2052, stack(0x00000077d2a00000,0x00000077d2b00000)]
  0x00000258a2ce0000 JavaThread "Cache worker for dependencies-accessors (D:\AndroidProject\EcommerceApp\.gradle\7.3.3\dependencies-accessors)" [_thread_blocked, id=13828, stack(0x00000077d2b00000,0x00000077d2c00000)]
  0x00000258a2ce1800 JavaThread "jar transforms Thread 3" [_thread_blocked, id=13540, stack(0x00000077d2c00000,0x00000077d2d00000)]
  0x00000258a2ce4000 JavaThread "Cache worker for Build Output Cleanup Cache (D:\AndroidProject\EcommerceApp\.gradle\buildOutputCleanup)" [_thread_blocked, id=13796, stack(0x00000077d2d00000,0x00000077d2e00000)]
  0x00000258a2ce3000 JavaThread "Unconstrained build operations" [_thread_blocked, id=11108, stack(0x00000077d2e00000,0x00000077d2f00000)]
  0x00000258a2ce5800 JavaThread "Unconstrained build operations Thread 2" [_thread_blocked, id=1228, stack(0x00000077d2f00000,0x00000077d3000000)]
  0x00000258a2ce1000 JavaThread "Unconstrained build operations Thread 3" [_thread_blocked, id=1796, stack(0x00000077d3000000,0x00000077d3100000)]
  0x00000258a2ce2800 JavaThread "Unconstrained build operations Thread 4" [_thread_blocked, id=14504, stack(0x00000077d3100000,0x00000077d3200000)]
  0x00000258a29df800 JavaThread "Unconstrained build operations Thread 5" [_thread_blocked, id=10916, stack(0x00000077d3200000,0x00000077d3300000)]
  0x00000258a29e1800 JavaThread "Unconstrained build operations Thread 6" [_thread_blocked, id=17128, stack(0x00000077d3300000,0x00000077d3400000)]
  0x00000258a29df000 JavaThread "Unconstrained build operations Thread 7" [_thread_blocked, id=15160, stack(0x00000077d3400000,0x00000077d3500000)]
  0x00000258a29e2000 JavaThread "Unconstrained build operations Thread 8" [_thread_blocked, id=10636, stack(0x00000077d3500000,0x00000077d3600000)]
  0x00000258a29de000 JavaThread "Unconstrained build operations Thread 9" [_thread_blocked, id=2968, stack(0x00000077d3600000,0x00000077d3700000)]
  0x00000258a29e0800 JavaThread "Unconstrained build operations Thread 10" [_thread_blocked, id=11388, stack(0x00000077d3700000,0x00000077d3800000)]
  0x00000258a29e3000 JavaThread "Unconstrained build operations Thread 11" [_thread_blocked, id=14328, stack(0x00000077d3800000,0x00000077d3900000)]
  0x00000258a29dd800 JavaThread "Unconstrained build operations Thread 12" [_thread_blocked, id=3924, stack(0x00000077d3900000,0x00000077d3a00000)]
  0x00000258a29e6800 JavaThread "Unconstrained build operations Thread 13" [_thread_blocked, id=14048, stack(0x00000077d3a00000,0x00000077d3b00000)]
  0x00000258a29e8000 JavaThread "Unconstrained build operations Thread 14" [_thread_blocked, id=13304, stack(0x00000077d3b00000,0x00000077d3c00000)]
  0x00000258a29e8800 JavaThread "Unconstrained build operations Thread 15" [_thread_blocked, id=11856, stack(0x00000077d3c00000,0x00000077d3d00000)]
  0x00000258a29e7000 JavaThread "Unconstrained build operations Thread 16" [_thread_blocked, id=12752, stack(0x00000077d3d00000,0x00000077d3e00000)]
  0x00000258a29e4800 JavaThread "Unconstrained build operations Thread 17" [_thread_blocked, id=1080, stack(0x00000077d3e00000,0x00000077d3f00000)]
  0x00000258a29e9800 JavaThread "Unconstrained build operations Thread 18" [_thread_blocked, id=17060, stack(0x00000077d3f00000,0x00000077d4000000)]
  0x00000258a29e4000 JavaThread "Unconstrained build operations Thread 19" [_thread_blocked, id=1912, stack(0x00000077d4000000,0x00000077d4100000)]
  0x00000258a29ea800 JavaThread "Unconstrained build operations Thread 20" [_thread_blocked, id=11880, stack(0x00000077d4100000,0x00000077d4200000)]
  0x00000258a29eb000 JavaThread "Unconstrained build operations Thread 21" [_thread_blocked, id=2900, stack(0x00000077d4200000,0x00000077d4300000)]
  0x00000258a29e5800 JavaThread "Unconstrained build operations Thread 22" [_thread_blocked, id=8180, stack(0x00000077d4300000,0x00000077d4400000)]
  0x00000258a29ec000 JavaThread "Unconstrained build operations Thread 23" [_thread_blocked, id=2636, stack(0x00000077d4400000,0x00000077d4500000)]
  0x00000258a2e24000 JavaThread "Unconstrained build operations Thread 24" [_thread_blocked, id=12020, stack(0x00000077d4500000,0x00000077d4600000)]
  0x00000258a2e24800 JavaThread "Unconstrained build operations Thread 25" [_thread_blocked, id=12456, stack(0x00000077d4600000,0x00000077d4700000)]
  0x00000258a2e23000 JavaThread "Unconstrained build operations Thread 26" [_thread_blocked, id=4456, stack(0x00000077d4700000,0x00000077d4800000)]
  0x00000258a2e25800 JavaThread "Unconstrained build operations Thread 27" [_thread_blocked, id=4108, stack(0x00000077d4800000,0x00000077d4900000)]
  0x00000258a2e27000 JavaThread "Unconstrained build operations Thread 28" [_thread_blocked, id=3456, stack(0x00000077d4900000,0x00000077d4a00000)]
  0x00000258a2e22000 JavaThread "Unconstrained build operations Thread 29" [_thread_blocked, id=6540, stack(0x00000077d4a00000,0x00000077d4b00000)]
  0x00000258a2e21800 JavaThread "Unconstrained build operations Thread 30" [_thread_blocked, id=13876, stack(0x00000077d4b00000,0x00000077d4c00000)]
  0x00000258a2e28000 JavaThread "Unconstrained build operations Thread 31" [_thread_blocked, id=15776, stack(0x00000077d4c00000,0x00000077d4d00000)]
  0x00000258a2e28800 JavaThread "Unconstrained build operations Thread 32" [_thread_blocked, id=12448, stack(0x00000077d4d00000,0x00000077d4e00000)]
  0x00000258a2e26800 JavaThread "Unconstrained build operations Thread 33" [_thread_blocked, id=14640, stack(0x00000077d4e00000,0x00000077d4f00000)]
  0x00000258a2e29800 JavaThread "Unconstrained build operations Thread 34" [_thread_blocked, id=860, stack(0x00000077d4f00000,0x00000077d5000000)]
  0x00000258a2e2a800 JavaThread "Unconstrained build operations Thread 35" [_thread_blocked, id=6136, stack(0x00000077d5000000,0x00000077d5100000)]
  0x00000258a2e2d000 JavaThread "Unconstrained build operations Thread 36" [_thread_blocked, id=10360, stack(0x00000077d5100000,0x00000077d5200000)]
  0x00000258a2e30000 JavaThread "Unconstrained build operations Thread 37" [_thread_blocked, id=16312, stack(0x00000077d5200000,0x00000077d5300000)]
  0x00000258a2e2b000 JavaThread "Unconstrained build operations Thread 38" [_thread_blocked, id=2584, stack(0x00000077d5300000,0x00000077d5400000)]
  0x00000258a2e2c000 JavaThread "Unconstrained build operations Thread 39" [_thread_blocked, id=14920, stack(0x00000077d5400000,0x00000077d5500000)]
  0x00000258a2e2d800 JavaThread "Unconstrained build operations Thread 40" [_thread_blocked, id=9920, stack(0x00000077d5500000,0x00000077d5600000)]
  0x00000258a2e2e800 JavaThread "jar transforms Thread 4" [_thread_blocked, id=12176, stack(0x00000077d5600000,0x00000077d5700000)]
  0x00000258a68e7000 JavaThread "Memory manager" [_thread_blocked, id=2312, stack(0x00000077d5700000,0x00000077d5800000)]

Other Threads:
  0x000002589e11d000 VMThread "VM Thread" [stack: 0x00000077d0500000,0x00000077d0600000] [id=5520]
  0x000002589ec36800 WatcherThread [stack: 0x00000077d0f00000,0x00000077d1000000] [id=10912]
  0x0000025884547800 GCTaskThread "GC Thread#0" [stack: 0x00000077d0000000,0x00000077d0100000] [id=13364]
  0x000002589f5e2800 GCTaskThread "GC Thread#1" [stack: 0x00000077d1100000,0x00000077d1200000] [id=8020]
  0x000002589f5e3000 GCTaskThread "GC Thread#2" [stack: 0x00000077d1200000,0x00000077d1300000] [id=2580]
  0x00000258a13c7800 GCTaskThread "GC Thread#3" [stack: 0x00000077d1c00000,0x00000077d1d00000] [id=10092]
  0x000002588457a000 ConcurrentGCThread "G1 Main Marker" [stack: 0x00000077d0100000,0x00000077d0200000] [id=2632]
  0x000002588457b000 ConcurrentGCThread "G1 Conc#0" [stack: 0x00000077d0200000,0x00000077d0300000] [id=1992]
  0x000002588460b800 ConcurrentGCThread "G1 Refine#0" [stack: 0x00000077d0300000,0x00000077d0400000] [id=10892]
  0x000002588460c800 ConcurrentGCThread "G1 Young RemSet Sampling" [stack: 0x00000077d0400000,0x00000077d0500000] [id=14320]

Threads with active compile tasks:
C2 CompilerThread0  15012 7421 %     4       org.gradle.internal.instantiation.generator.AbstractClassGenerator::inspectType @ 250 (560 bytes)
C2 CompilerThread1  15012 7509       4       org.gradle.internal.reflect.MethodSet::add (50 bytes)

VM state:not at safepoint (normal execution)

VM Mutex/Monitor currently owned by a thread: None

Heap address: 0x0000000080000000, size: 2048 MB, Compressed Oops mode: 32-bit
Narrow klass base: 0x0000000000000000, Narrow klass shift: 3
Compressed class space size: 1073741824 Address: 0x0000000100000000

Heap:
 garbage-first heap   total 227328K, used 74438K [0x0000000080000000, 0x0000000100000000)
  region size 1024K, 24 young (24576K), 9 survivors (9216K)
 Metaspace       used 79548K, capacity 81378K, committed 81484K, reserved 1120256K
  class space    used 10369K, capacity 11033K, committed 11136K, reserved 1048576K
Heap Regions: E=young(eden), S=young(survivor), O=old, HS=humongous(starts), HC=humongous(continues), CS=collection set, F=free, A=archive, TAMS=top-at-mark-start (previous, next)
|   0|0x0000000080000000, 0x0000000080100000, 0x0000000080100000|100%|HS|  |TAMS 0x0000000080100000, 0x0000000080000000| Complete 
|   1|0x0000000080100000, 0x0000000080200000, 0x0000000080200000|100%|HC|  |TAMS 0x0000000080200000, 0x0000000080100000| Complete 
|   2|0x0000000080200000, 0x0000000080300000, 0x0000000080300000|100%|HC|  |TAMS 0x0000000080300000, 0x0000000080200000| Complete 
|   3|0x0000000080300000, 0x0000000080400000, 0x0000000080400000|100%| O|  |TAMS 0x0000000080400000, 0x0000000080300000| Untracked 
|   4|0x0000000080400000, 0x0000000080500000, 0x0000000080500000|100%| O|  |TAMS 0x0000000080500000, 0x0000000080400000| Untracked 
|   5|0x0000000080500000, 0x0000000080600000, 0x0000000080600000|100%| O|  |TAMS 0x0000000080600000, 0x0000000080500000| Untracked 
|   6|0x0000000080600000, 0x0000000080700000, 0x0000000080700000|100%| O|  |TAMS 0x0000000080700000, 0x0000000080600000| Untracked 
|   7|0x0000000080700000, 0x0000000080800000, 0x0000000080800000|100%| O|  |TAMS 0x0000000080800000, 0x0000000080700000| Untracked 
|   8|0x0000000080800000, 0x0000000080900000, 0x0000000080900000|100%| O|  |TAMS 0x0000000080900000, 0x0000000080800000| Untracked 
|   9|0x0000000080900000, 0x0000000080a00000, 0x0000000080a00000|100%| O|  |TAMS 0x0000000080a00000, 0x0000000080900000| Untracked 
|  10|0x0000000080a00000, 0x0000000080b00000, 0x0000000080b00000|100%| O|  |TAMS 0x0000000080b00000, 0x0000000080a00000| Untracked 
|  11|0x0000000080b00000, 0x0000000080c00000, 0x0000000080c00000|100%| O|  |TAMS 0x0000000080c00000, 0x0000000080b00000| Untracked 
|  12|0x0000000080c00000, 0x0000000080d00000, 0x0000000080d00000|100%| O|  |TAMS 0x0000000080d00000, 0x0000000080c00000| Untracked 
|  13|0x0000000080d00000, 0x0000000080e00000, 0x0000000080e00000|100%| O|  |TAMS 0x0000000080e00000, 0x0000000080d00000| Untracked 
|  14|0x0000000080e00000, 0x0000000080f00000, 0x0000000080f00000|100%| O|  |TAMS 0x0000000080f00000, 0x0000000080e00000| Untracked 
|  15|0x0000000080f00000, 0x0000000081000000, 0x0000000081000000|100%| O|  |TAMS 0x0000000081000000, 0x0000000080f00000| Untracked 
|  16|0x0000000081000000, 0x0000000081100000, 0x0000000081100000|100%|HS|  |TAMS 0x0000000081100000, 0x0000000081000000| Complete 
|  17|0x0000000081100000, 0x0000000081200000, 0x0000000081200000|100%| O|  |TAMS 0x0000000081200000, 0x0000000081100000| Untracked 
|  18|0x0000000081200000, 0x0000000081300000, 0x0000000081300000|100%| O|  |TAMS 0x0000000081300000, 0x0000000081200000| Untracked 
|  19|0x0000000081300000, 0x0000000081400000, 0x0000000081400000|100%| O|  |TAMS 0x0000000081400000, 0x0000000081300000| Untracked 
|  20|0x0000000081400000, 0x0000000081500000, 0x0000000081500000|100%| O|  |TAMS 0x0000000081500000, 0x0000000081400000| Untracked 
|  21|0x0000000081500000, 0x0000000081600000, 0x0000000081600000|100%| O|  |TAMS 0x0000000081600000, 0x0000000081500000| Untracked 
|  22|0x0000000081600000, 0x0000000081700000, 0x0000000081700000|100%| O|  |TAMS 0x0000000081700000, 0x0000000081600000| Untracked 
|  23|0x0000000081700000, 0x0000000081800000, 0x0000000081800000|100%| O|  |TAMS 0x0000000081800000, 0x0000000081700000| Untracked 
|  24|0x0000000081800000, 0x0000000081900000, 0x0000000081900000|100%| O|  |TAMS 0x0000000081900000, 0x0000000081800000| Untracked 
|  25|0x0000000081900000, 0x0000000081a00000, 0x0000000081a00000|100%| O|  |TAMS 0x0000000081a00000, 0x0000000081900000| Untracked 
|  26|0x0000000081a00000, 0x0000000081b00000, 0x0000000081b00000|100%| O|  |TAMS 0x0000000081b00000, 0x0000000081a00000| Untracked 
|  27|0x0000000081b00000, 0x0000000081c00000, 0x0000000081c00000|100%| O|  |TAMS 0x0000000081c00000, 0x0000000081b00000| Untracked 
|  28|0x0000000081c00000, 0x0000000081d00000, 0x0000000081d00000|100%|HS|  |TAMS 0x0000000081d00000, 0x0000000081c00000| Complete 
|  29|0x0000000081d00000, 0x0000000081e00000, 0x0000000081e00000|100%|HS|  |TAMS 0x0000000081e00000, 0x0000000081d00000| Complete 
|  30|0x0000000081e00000, 0x0000000081f00000, 0x0000000081f00000|100%|HC|  |TAMS 0x0000000081f00000, 0x0000000081e00000| Complete 
|  31|0x0000000081f00000, 0x0000000082000000, 0x0000000082000000|100%| O|  |TAMS 0x0000000082000000, 0x0000000081f00000| Untracked 
|  32|0x0000000082000000, 0x0000000082100000, 0x0000000082100000|100%| O|  |TAMS 0x0000000082100000, 0x0000000082000000| Untracked 
|  33|0x0000000082100000, 0x0000000082200000, 0x0000000082200000|100%| O|  |TAMS 0x0000000082200000, 0x0000000082100000| Untracked 
|  34|0x0000000082200000, 0x0000000082300000, 0x0000000082300000|100%| O|  |TAMS 0x0000000082300000, 0x0000000082200000| Untracked 
|  35|0x0000000082300000, 0x0000000082400000, 0x0000000082400000|100%| O|  |TAMS 0x0000000082400000, 0x0000000082300000| Untracked 
|  36|0x0000000082400000, 0x0000000082500000, 0x0000000082500000|100%| O|  |TAMS 0x0000000082500000, 0x0000000082400000| Untracked 
|  37|0x0000000082500000, 0x0000000082600000, 0x0000000082600000|100%| O|  |TAMS 0x0000000082600000, 0x0000000082500000| Untracked 
|  38|0x0000000082600000, 0x0000000082700000, 0x0000000082700000|100%| O|  |TAMS 0x0000000082700000, 0x0000000082600000| Untracked 
|  39|0x0000000082700000, 0x0000000082800000, 0x0000000082800000|100%| O|  |TAMS 0x0000000082800000, 0x0000000082700000| Untracked 
|  40|0x0000000082800000, 0x0000000082900000, 0x0000000082900000|100%| O|  |TAMS 0x0000000082900000, 0x0000000082800000| Untracked 
|  41|0x0000000082900000, 0x0000000082a00000, 0x0000000082a00000|100%| O|  |TAMS 0x0000000082a00000, 0x0000000082900000| Untracked 
|  42|0x0000000082a00000, 0x0000000082b00000, 0x0000000082b00000|100%| O|  |TAMS 0x0000000082b00000, 0x0000000082a00000| Untracked 
|  43|0x0000000082b00000, 0x0000000082c00000, 0x0000000082c00000|100%| O|  |TAMS 0x0000000082b1b200, 0x0000000082b00000| Untracked 
|  44|0x0000000082c00000, 0x0000000082d00000, 0x0000000082d00000|100%| O|  |TAMS 0x0000000082c00000, 0x0000000082c00000| Untracked 
|  45|0x0000000082d00000, 0x0000000082e00000, 0x0000000082e00000|100%| O|  |TAMS 0x0000000082d00000, 0x0000000082d00000| Untracked 
|  46|0x0000000082e00000, 0x0000000082f00000, 0x0000000082f00000|100%| O|  |TAMS 0x0000000082e00000, 0x0000000082e00000| Untracked 
|  47|0x0000000082f00000, 0x0000000083000000, 0x0000000083000000|100%| O|  |TAMS 0x0000000082f00000, 0x0000000082f00000| Untracked 
|  48|0x0000000083000000, 0x0000000083100000, 0x0000000083100000|100%| O|  |TAMS 0x0000000083000000, 0x0000000083000000| Untracked 
|  49|0x0000000083100000, 0x00000000831b1a00, 0x0000000083200000| 69%| O|  |TAMS 0x0000000083100000, 0x0000000083100000| Untracked 
|  50|0x0000000083200000, 0x0000000083200000, 0x0000000083300000|  0%| F|  |TAMS 0x0000000083200000, 0x0000000083200000| Untracked 
|  51|0x0000000083300000, 0x0000000083300000, 0x0000000083400000|  0%| F|  |TAMS 0x0000000083300000, 0x0000000083300000| Untracked 
|  52|0x0000000083400000, 0x0000000083400000, 0x0000000083500000|  0%| F|  |TAMS 0x0000000083400000, 0x0000000083400000| Untracked 
|  53|0x0000000083500000, 0x0000000083500000, 0x0000000083600000|  0%| F|  |TAMS 0x0000000083500000, 0x0000000083500000| Untracked 
|  54|0x0000000083600000, 0x0000000083600000, 0x0000000083700000|  0%| F|  |TAMS 0x0000000083600000, 0x0000000083600000| Untracked 
|  55|0x0000000083700000, 0x0000000083700000, 0x0000000083800000|  0%| F|  |TAMS 0x0000000083700000, 0x0000000083700000| Untracked 
|  56|0x0000000083800000, 0x0000000083800000, 0x0000000083900000|  0%| F|  |TAMS 0x0000000083800000, 0x0000000083800000| Untracked 
|  57|0x0000000083900000, 0x0000000083900000, 0x0000000083a00000|  0%| F|  |TAMS 0x0000000083900000, 0x0000000083900000| Untracked 
|  58|0x0000000083a00000, 0x0000000083a00000, 0x0000000083b00000|  0%| F|  |TAMS 0x0000000083a00000, 0x0000000083a00000| Untracked 
|  59|0x0000000083b00000, 0x0000000083b00000, 0x0000000083c00000|  0%| F|  |TAMS 0x0000000083b00000, 0x0000000083b00000| Untracked 
|  60|0x0000000083c00000, 0x0000000083c00000, 0x0000000083d00000|  0%| F|  |TAMS 0x0000000083c00000, 0x0000000083c00000| Untracked 
|  61|0x0000000083d00000, 0x0000000083d00000, 0x0000000083e00000|  0%| F|  |TAMS 0x0000000083d00000, 0x0000000083d00000| Untracked 
|  62|0x0000000083e00000, 0x0000000083e00000, 0x0000000083f00000|  0%| F|  |TAMS 0x0000000083e00000, 0x0000000083e00000| Untracked 
|  63|0x0000000083f00000, 0x0000000083f00000, 0x0000000084000000|  0%| F|  |TAMS 0x0000000083f00000, 0x0000000083f00000| Untracked 
|  64|0x0000000084000000, 0x0000000084000000, 0x0000000084100000|  0%| F|  |TAMS 0x0000000084000000, 0x0000000084000000| Untracked 
|  65|0x0000000084100000, 0x0000000084100000, 0x0000000084200000|  0%| F|  |TAMS 0x0000000084100000, 0x0000000084100000| Untracked 
|  66|0x0000000084200000, 0x0000000084200000, 0x0000000084300000|  0%| F|  |TAMS 0x0000000084200000, 0x0000000084200000| Untracked 
|  67|0x0000000084300000, 0x0000000084300000, 0x0000000084400000|  0%| F|  |TAMS 0x0000000084300000, 0x0000000084300000| Untracked 
|  68|0x0000000084400000, 0x0000000084400000, 0x0000000084500000|  0%| F|  |TAMS 0x0000000084400000, 0x0000000084400000| Untracked 
|  69|0x0000000084500000, 0x0000000084500000, 0x0000000084600000|  0%| F|  |TAMS 0x0000000084500000, 0x0000000084500000| Untracked 
|  70|0x0000000084600000, 0x0000000084600000, 0x0000000084700000|  0%| F|  |TAMS 0x0000000084600000, 0x0000000084600000| Untracked 
|  71|0x0000000084700000, 0x0000000084700000, 0x0000000084800000|  0%| F|  |TAMS 0x0000000084700000, 0x0000000084700000| Untracked 
|  72|0x0000000084800000, 0x0000000084800000, 0x0000000084900000|  0%| F|  |TAMS 0x0000000084800000, 0x0000000084800000| Untracked 
|  73|0x0000000084900000, 0x0000000084900000, 0x0000000084a00000|  0%| F|  |TAMS 0x0000000084900000, 0x0000000084900000| Untracked 
|  74|0x0000000084a00000, 0x0000000084a00000, 0x0000000084b00000|  0%| F|  |TAMS 0x0000000084a00000, 0x0000000084a00000| Untracked 
|  75|0x0000000084b00000, 0x0000000084b00000, 0x0000000084c00000|  0%| F|  |TAMS 0x0000000084b00000, 0x0000000084b00000| Untracked 
|  76|0x0000000084c00000, 0x0000000084c00000, 0x0000000084d00000|  0%| F|  |TAMS 0x0000000084c00000, 0x0000000084c00000| Untracked 
|  77|0x0000000084d00000, 0x0000000084d00000, 0x0000000084e00000|  0%| F|  |TAMS 0x0000000084d00000, 0x0000000084d00000| Untracked 
|  78|0x0000000084e00000, 0x0000000084e00000, 0x0000000084f00000|  0%| F|  |TAMS 0x0000000084e00000, 0x0000000084e00000| Untracked 
|  79|0x0000000084f00000, 0x0000000084f00000, 0x0000000085000000|  0%| F|  |TAMS 0x0000000084f00000, 0x0000000084f00000| Untracked 
|  80|0x0000000085000000, 0x0000000085000000, 0x0000000085100000|  0%| F|  |TAMS 0x0000000085000000, 0x0000000085000000| Untracked 
|  81|0x0000000085100000, 0x0000000085100000, 0x0000000085200000|  0%| F|  |TAMS 0x0000000085100000, 0x0000000085100000| Untracked 
|  82|0x0000000085200000, 0x0000000085200000, 0x0000000085300000|  0%| F|  |TAMS 0x0000000085200000, 0x0000000085200000| Untracked 
|  83|0x0000000085300000, 0x0000000085300000, 0x0000000085400000|  0%| F|  |TAMS 0x0000000085300000, 0x0000000085300000| Untracked 
|  84|0x0000000085400000, 0x0000000085400000, 0x0000000085500000|  0%| F|  |TAMS 0x0000000085400000, 0x0000000085400000| Untracked 
|  85|0x0000000085500000, 0x0000000085500000, 0x0000000085600000|  0%| F|  |TAMS 0x0000000085500000, 0x0000000085500000| Untracked 
|  86|0x0000000085600000, 0x0000000085600000, 0x0000000085700000|  0%| F|  |TAMS 0x0000000085600000, 0x0000000085600000| Untracked 
|  87|0x0000000085700000, 0x0000000085700000, 0x0000000085800000|  0%| F|  |TAMS 0x0000000085700000, 0x0000000085700000| Untracked 
|  88|0x0000000085800000, 0x0000000085800000, 0x0000000085900000|  0%| F|  |TAMS 0x0000000085800000, 0x0000000085800000| Untracked 
|  89|0x0000000085900000, 0x0000000085900000, 0x0000000085a00000|  0%| F|  |TAMS 0x0000000085900000, 0x0000000085900000| Untracked 
|  90|0x0000000085a00000, 0x0000000085a00000, 0x0000000085b00000|  0%| F|  |TAMS 0x0000000085a00000, 0x0000000085a00000| Untracked 
|  91|0x0000000085b00000, 0x0000000085b00000, 0x0000000085c00000|  0%| F|  |TAMS 0x0000000085b00000, 0x0000000085b00000| Untracked 
|  92|0x0000000085c00000, 0x0000000085c00000, 0x0000000085d00000|  0%| F|  |TAMS 0x0000000085c00000, 0x0000000085c00000| Untracked 
|  93|0x0000000085d00000, 0x0000000085d00000, 0x0000000085e00000|  0%| F|  |TAMS 0x0000000085d00000, 0x0000000085d00000| Untracked 
|  94|0x0000000085e00000, 0x0000000085e00000, 0x0000000085f00000|  0%| F|  |TAMS 0x0000000085e00000, 0x0000000085e00000| Untracked 
|  95|0x0000000085f00000, 0x0000000085f00000, 0x0000000086000000|  0%| F|  |TAMS 0x0000000085f00000, 0x0000000085f00000| Untracked 
|  96|0x0000000086000000, 0x0000000086000000, 0x0000000086100000|  0%| F|  |TAMS 0x0000000086000000, 0x0000000086000000| Untracked 
|  97|0x0000000086100000, 0x0000000086100000, 0x0000000086200000|  0%| F|  |TAMS 0x0000000086100000, 0x0000000086100000| Untracked 
|  98|0x0000000086200000, 0x0000000086200000, 0x0000000086300000|  0%| F|  |TAMS 0x0000000086200000, 0x0000000086200000| Untracked 
|  99|0x0000000086300000, 0x0000000086400000, 0x0000000086400000|100%| S|CS|TAMS 0x0000000086300000, 0x0000000086300000| Complete 
| 100|0x0000000086400000, 0x0000000086500000, 0x0000000086500000|100%| S|CS|TAMS 0x0000000086400000, 0x0000000086400000| Complete 
| 101|0x0000000086500000, 0x0000000086500000, 0x0000000086600000|  0%| F|  |TAMS 0x0000000086500000, 0x0000000086500000| Untracked 
| 102|0x0000000086600000, 0x0000000086600000, 0x0000000086700000|  0%| F|  |TAMS 0x0000000086600000, 0x0000000086600000| Untracked 
| 103|0x0000000086700000, 0x0000000086700000, 0x0000000086800000|  0%| F|  |TAMS 0x0000000086700000, 0x0000000086700000| Untracked 
| 104|0x0000000086800000, 0x0000000086800000, 0x0000000086900000|  0%| F|  |TAMS 0x0000000086800000, 0x0000000086800000| Untracked 
| 105|0x0000000086900000, 0x0000000086a00000, 0x0000000086a00000|100%| S|CS|TAMS 0x0000000086900000, 0x0000000086900000| Complete 
| 106|0x0000000086a00000, 0x0000000086b00000, 0x0000000086b00000|100%| S|CS|TAMS 0x0000000086a00000, 0x0000000086a00000| Complete 
| 107|0x0000000086b00000, 0x0000000086c00000, 0x0000000086c00000|100%| S|CS|TAMS 0x0000000086b00000, 0x0000000086b00000| Complete 
| 108|0x0000000086c00000, 0x0000000086d00000, 0x0000000086d00000|100%| S|CS|TAMS 0x0000000086c00000, 0x0000000086c00000| Complete 
| 109|0x0000000086d00000, 0x0000000086e00000, 0x0000000086e00000|100%| S|CS|TAMS 0x0000000086d00000, 0x0000000086d00000| Complete 
| 110|0x0000000086e00000, 0x0000000086f00000, 0x0000000086f00000|100%| S|CS|TAMS 0x0000000086e00000, 0x0000000086e00000| Complete 
| 111|0x0000000086f00000, 0x0000000087000000, 0x0000000087000000|100%| S|CS|TAMS 0x0000000086f00000, 0x0000000086f00000| Complete 
| 112|0x0000000087000000, 0x0000000087000000, 0x0000000087100000|  0%| F|  |TAMS 0x0000000087000000, 0x0000000087000000| Untracked 
| 113|0x0000000087100000, 0x0000000087100000, 0x0000000087200000|  0%| F|  |TAMS 0x0000000087100000, 0x0000000087100000| Untracked 
| 114|0x0000000087200000, 0x0000000087200000, 0x0000000087300000|  0%| F|  |TAMS 0x0000000087200000, 0x0000000087200000| Untracked 
| 115|0x0000000087300000, 0x0000000087300000, 0x0000000087400000|  0%| F|  |TAMS 0x0000000087300000, 0x0000000087300000| Untracked 
| 116|0x0000000087400000, 0x0000000087400000, 0x0000000087500000|  0%| F|  |TAMS 0x0000000087400000, 0x0000000087400000| Untracked 
| 117|0x0000000087500000, 0x0000000087500000, 0x0000000087600000|  0%| F|  |TAMS 0x0000000087500000, 0x0000000087500000| Untracked 
| 118|0x0000000087600000, 0x0000000087600000, 0x0000000087700000|  0%| F|  |TAMS 0x0000000087600000, 0x0000000087600000| Untracked 
| 119|0x0000000087700000, 0x0000000087700000, 0x0000000087800000|  0%| F|  |TAMS 0x0000000087700000, 0x0000000087700000| Untracked 
| 120|0x0000000087800000, 0x0000000087800000, 0x0000000087900000|  0%| F|  |TAMS 0x0000000087800000, 0x0000000087800000| Untracked 
| 121|0x0000000087900000, 0x0000000087900000, 0x0000000087a00000|  0%| F|  |TAMS 0x0000000087900000, 0x0000000087900000| Untracked 
| 122|0x0000000087a00000, 0x0000000087a00000, 0x0000000087b00000|  0%| F|  |TAMS 0x0000000087a00000, 0x0000000087a00000| Untracked 
| 123|0x0000000087b00000, 0x0000000087b00000, 0x0000000087c00000|  0%| F|  |TAMS 0x0000000087b00000, 0x0000000087b00000| Untracked 
| 124|0x0000000087c00000, 0x0000000087c00000, 0x0000000087d00000|  0%| F|  |TAMS 0x0000000087c00000, 0x0000000087c00000| Untracked 
| 125|0x0000000087d00000, 0x0000000087d00000, 0x0000000087e00000|  0%| F|  |TAMS 0x0000000087d00000, 0x0000000087d00000| Untracked 
| 126|0x0000000087e00000, 0x0000000087e00000, 0x0000000087f00000|  0%| F|  |TAMS 0x0000000087e00000, 0x0000000087e00000| Untracked 
| 127|0x0000000087f00000, 0x0000000087f00000, 0x0000000088000000|  0%| F|  |TAMS 0x0000000087f00000, 0x0000000087f00000| Untracked 
| 128|0x0000000088000000, 0x0000000088000000, 0x0000000088100000|  0%| F|  |TAMS 0x0000000088000000, 0x0000000088000000| Untracked 
| 129|0x0000000088100000, 0x0000000088100000, 0x0000000088200000|  0%| F|  |TAMS 0x0000000088100000, 0x0000000088100000| Untracked 
| 130|0x0000000088200000, 0x0000000088200000, 0x0000000088300000|  0%| F|  |TAMS 0x0000000088200000, 0x0000000088200000| Untracked 
| 131|0x0000000088300000, 0x0000000088300000, 0x0000000088400000|  0%| F|  |TAMS 0x0000000088300000, 0x0000000088300000| Untracked 
| 132|0x0000000088400000, 0x0000000088400000, 0x0000000088500000|  0%| F|  |TAMS 0x0000000088400000, 0x0000000088400000| Untracked 
| 133|0x0000000088500000, 0x0000000088500000, 0x0000000088600000|  0%| F|  |TAMS 0x0000000088500000, 0x0000000088500000| Untracked 
| 134|0x0000000088600000, 0x0000000088600000, 0x0000000088700000|  0%| F|  |TAMS 0x0000000088600000, 0x0000000088600000| Untracked 
| 135|0x0000000088700000, 0x0000000088700000, 0x0000000088800000|  0%| F|  |TAMS 0x0000000088700000, 0x0000000088700000| Untracked 
| 136|0x0000000088800000, 0x0000000088800000, 0x0000000088900000|  0%| F|  |TAMS 0x0000000088800000, 0x0000000088800000| Untracked 
| 137|0x0000000088900000, 0x0000000088900000, 0x0000000088a00000|  0%| F|  |TAMS 0x0000000088900000, 0x0000000088900000| Untracked 
| 138|0x0000000088a00000, 0x0000000088a00000, 0x0000000088b00000|  0%| F|  |TAMS 0x0000000088a00000, 0x0000000088a00000| Untracked 
| 139|0x0000000088b00000, 0x0000000088b00000, 0x0000000088c00000|  0%| F|  |TAMS 0x0000000088b00000, 0x0000000088b00000| Untracked 
| 140|0x0000000088c00000, 0x0000000088c00000, 0x0000000088d00000|  0%| F|  |TAMS 0x0000000088c00000, 0x0000000088c00000| Untracked 
| 141|0x0000000088d00000, 0x0000000088d00000, 0x0000000088e00000|  0%| F|  |TAMS 0x0000000088d00000, 0x0000000088d00000| Untracked 
| 142|0x0000000088e00000, 0x0000000088e00000, 0x0000000088f00000|  0%| F|  |TAMS 0x0000000088e00000, 0x0000000088e00000| Untracked 
| 143|0x0000000088f00000, 0x0000000088f00000, 0x0000000089000000|  0%| F|  |TAMS 0x0000000088f00000, 0x0000000088f00000| Untracked 
| 144|0x0000000089000000, 0x0000000089000000, 0x0000000089100000|  0%| F|  |TAMS 0x0000000089000000, 0x0000000089000000| Untracked 
| 145|0x0000000089100000, 0x0000000089100000, 0x0000000089200000|  0%| F|  |TAMS 0x0000000089100000, 0x0000000089100000| Untracked 
| 146|0x0000000089200000, 0x0000000089200000, 0x0000000089300000|  0%| F|  |TAMS 0x0000000089200000, 0x0000000089200000| Untracked 
| 147|0x0000000089300000, 0x0000000089300000, 0x0000000089400000|  0%| F|  |TAMS 0x0000000089300000, 0x0000000089300000| Untracked 
| 148|0x0000000089400000, 0x0000000089400000, 0x0000000089500000|  0%| F|  |TAMS 0x0000000089400000, 0x0000000089400000| Untracked 
| 149|0x0000000089500000, 0x0000000089500000, 0x0000000089600000|  0%| F|  |TAMS 0x0000000089500000, 0x0000000089500000| Untracked 
| 150|0x0000000089600000, 0x0000000089600000, 0x0000000089700000|  0%| F|  |TAMS 0x0000000089600000, 0x0000000089600000| Untracked 
| 151|0x0000000089700000, 0x0000000089700000, 0x0000000089800000|  0%| F|  |TAMS 0x0000000089700000, 0x0000000089700000| Untracked 
| 152|0x0000000089800000, 0x0000000089800000, 0x0000000089900000|  0%| F|  |TAMS 0x0000000089800000, 0x0000000089800000| Untracked 
| 153|0x0000000089900000, 0x0000000089900000, 0x0000000089a00000|  0%| F|  |TAMS 0x0000000089900000, 0x0000000089900000| Untracked 
| 154|0x0000000089a00000, 0x0000000089a00000, 0x0000000089b00000|  0%| F|  |TAMS 0x0000000089a00000, 0x0000000089a00000| Untracked 
| 155|0x0000000089b00000, 0x0000000089b00000, 0x0000000089c00000|  0%| F|  |TAMS 0x0000000089b00000, 0x0000000089b00000| Untracked 
| 156|0x0000000089c00000, 0x0000000089c00000, 0x0000000089d00000|  0%| F|  |TAMS 0x0000000089c00000, 0x0000000089c00000| Untracked 
| 157|0x0000000089d00000, 0x0000000089d00000, 0x0000000089e00000|  0%| F|  |TAMS 0x0000000089d00000, 0x0000000089d00000| Untracked 
| 158|0x0000000089e00000, 0x0000000089e00000, 0x0000000089f00000|  0%| F|  |TAMS 0x0000000089e00000, 0x0000000089e00000| Untracked 
| 159|0x0000000089f00000, 0x0000000089f00000, 0x000000008a000000|  0%| F|  |TAMS 0x0000000089f00000, 0x0000000089f00000| Untracked 
| 160|0x000000008a000000, 0x000000008a000000, 0x000000008a100000|  0%| F|  |TAMS 0x000000008a000000, 0x000000008a000000| Untracked 
| 161|0x000000008a100000, 0x000000008a100000, 0x000000008a200000|  0%| F|  |TAMS 0x000000008a100000, 0x000000008a100000| Untracked 
| 162|0x000000008a200000, 0x000000008a200000, 0x000000008a300000|  0%| F|  |TAMS 0x000000008a200000, 0x000000008a200000| Untracked 
| 163|0x000000008a300000, 0x000000008a300000, 0x000000008a400000|  0%| F|  |TAMS 0x000000008a300000, 0x000000008a300000| Untracked 
| 164|0x000000008a400000, 0x000000008a400000, 0x000000008a500000|  0%| F|  |TAMS 0x000000008a400000, 0x000000008a400000| Untracked 
| 165|0x000000008a500000, 0x000000008a500000, 0x000000008a600000|  0%| F|  |TAMS 0x000000008a500000, 0x000000008a500000| Untracked 
| 166|0x000000008a600000, 0x000000008a600000, 0x000000008a700000|  0%| F|  |TAMS 0x000000008a600000, 0x000000008a600000| Untracked 
| 167|0x000000008a700000, 0x000000008a700000, 0x000000008a800000|  0%| F|  |TAMS 0x000000008a700000, 0x000000008a700000| Untracked 
| 168|0x000000008a800000, 0x000000008a800000, 0x000000008a900000|  0%| F|  |TAMS 0x000000008a800000, 0x000000008a800000| Untracked 
| 169|0x000000008a900000, 0x000000008a900000, 0x000000008aa00000|  0%| F|  |TAMS 0x000000008a900000, 0x000000008a900000| Untracked 
| 170|0x000000008aa00000, 0x000000008aa00000, 0x000000008ab00000|  0%| F|  |TAMS 0x000000008aa00000, 0x000000008aa00000| Untracked 
| 171|0x000000008ab00000, 0x000000008ab00000, 0x000000008ac00000|  0%| F|  |TAMS 0x000000008ab00000, 0x000000008ab00000| Untracked 
| 172|0x000000008ac00000, 0x000000008ac00000, 0x000000008ad00000|  0%| F|  |TAMS 0x000000008ac00000, 0x000000008ac00000| Untracked 
| 173|0x000000008ad00000, 0x000000008ad00000, 0x000000008ae00000|  0%| F|  |TAMS 0x000000008ad00000, 0x000000008ad00000| Untracked 
| 174|0x000000008ae00000, 0x000000008ae00000, 0x000000008af00000|  0%| F|  |TAMS 0x000000008ae00000, 0x000000008ae00000| Untracked 
| 175|0x000000008af00000, 0x000000008af00000, 0x000000008b000000|  0%| F|  |TAMS 0x000000008af00000, 0x000000008af00000| Untracked 
| 176|0x000000008b000000, 0x000000008b000000, 0x000000008b100000|  0%| F|  |TAMS 0x000000008b000000, 0x000000008b000000| Untracked 
| 177|0x000000008b100000, 0x000000008b100000, 0x000000008b200000|  0%| F|  |TAMS 0x000000008b100000, 0x000000008b100000| Untracked 
| 178|0x000000008b200000, 0x000000008b200000, 0x000000008b300000|  0%| F|  |TAMS 0x000000008b200000, 0x000000008b200000| Untracked 
| 179|0x000000008b300000, 0x000000008b300000, 0x000000008b400000|  0%| F|  |TAMS 0x000000008b300000, 0x000000008b300000| Untracked 
| 180|0x000000008b400000, 0x000000008b400000, 0x000000008b500000|  0%| F|  |TAMS 0x000000008b400000, 0x000000008b400000| Untracked 
| 181|0x000000008b500000, 0x000000008b500000, 0x000000008b600000|  0%| F|  |TAMS 0x000000008b500000, 0x000000008b500000| Untracked 
| 182|0x000000008b600000, 0x000000008b600000, 0x000000008b700000|  0%| F|  |TAMS 0x000000008b600000, 0x000000008b600000| Untracked 
| 183|0x000000008b700000, 0x000000008b700000, 0x000000008b800000|  0%| F|  |TAMS 0x000000008b700000, 0x000000008b700000| Untracked 
| 184|0x000000008b800000, 0x000000008b800000, 0x000000008b900000|  0%| F|  |TAMS 0x000000008b800000, 0x000000008b800000| Untracked 
| 185|0x000000008b900000, 0x000000008b900000, 0x000000008ba00000|  0%| F|  |TAMS 0x000000008b900000, 0x000000008b900000| Untracked 
| 186|0x000000008ba00000, 0x000000008ba00000, 0x000000008bb00000|  0%| F|  |TAMS 0x000000008ba00000, 0x000000008ba00000| Untracked 
| 187|0x000000008bb00000, 0x000000008bb00000, 0x000000008bc00000|  0%| F|  |TAMS 0x000000008bb00000, 0x000000008bb00000| Untracked 
| 188|0x000000008bc00000, 0x000000008bc00000, 0x000000008bd00000|  0%| F|  |TAMS 0x000000008bc00000, 0x000000008bc00000| Untracked 
| 189|0x000000008bd00000, 0x000000008bd00000, 0x000000008be00000|  0%| F|  |TAMS 0x000000008bd00000, 0x000000008bd00000| Untracked 
| 190|0x000000008be00000, 0x000000008be00000, 0x000000008bf00000|  0%| F|  |TAMS 0x000000008be00000, 0x000000008be00000| Untracked 
| 191|0x000000008bf00000, 0x000000008bf00000, 0x000000008c000000|  0%| F|  |TAMS 0x000000008bf00000, 0x000000008bf00000| Untracked 
| 192|0x000000008c000000, 0x000000008c000000, 0x000000008c100000|  0%| F|  |TAMS 0x000000008c000000, 0x000000008c000000| Untracked 
| 193|0x000000008c100000, 0x000000008c100000, 0x000000008c200000|  0%| F|  |TAMS 0x000000008c100000, 0x000000008c100000| Untracked 
| 194|0x000000008c200000, 0x000000008c200000, 0x000000008c300000|  0%| F|  |TAMS 0x000000008c200000, 0x000000008c200000| Untracked 
| 195|0x000000008c300000, 0x000000008c300000, 0x000000008c400000|  0%| F|  |TAMS 0x000000008c300000, 0x000000008c300000| Untracked 
| 196|0x000000008c400000, 0x000000008c400000, 0x000000008c500000|  0%| F|  |TAMS 0x000000008c400000, 0x000000008c400000| Untracked 
| 197|0x000000008c500000, 0x000000008c500000, 0x000000008c600000|  0%| F|  |TAMS 0x000000008c500000, 0x000000008c500000| Untracked 
| 198|0x000000008c600000, 0x000000008c600000, 0x000000008c700000|  0%| F|  |TAMS 0x000000008c600000, 0x000000008c600000| Untracked 
| 199|0x000000008c700000, 0x000000008c700000, 0x000000008c800000|  0%| F|  |TAMS 0x000000008c700000, 0x000000008c700000| Untracked 
| 200|0x000000008c800000, 0x000000008c800000, 0x000000008c900000|  0%| F|  |TAMS 0x000000008c800000, 0x000000008c800000| Untracked 
| 201|0x000000008c900000, 0x000000008c900000, 0x000000008ca00000|  0%| F|  |TAMS 0x000000008c900000, 0x000000008c900000| Untracked 
| 202|0x000000008ca00000, 0x000000008ca00000, 0x000000008cb00000|  0%| F|  |TAMS 0x000000008ca00000, 0x000000008ca00000| Untracked 
| 203|0x000000008cb00000, 0x000000008cb00000, 0x000000008cc00000|  0%| F|  |TAMS 0x000000008cb00000, 0x000000008cb00000| Untracked 
| 204|0x000000008cc00000, 0x000000008cc00000, 0x000000008cd00000|  0%| F|  |TAMS 0x000000008cc00000, 0x000000008cc00000| Untracked 
| 205|0x000000008cd00000, 0x000000008cd00000, 0x000000008ce00000|  0%| F|  |TAMS 0x000000008cd00000, 0x000000008cd00000| Untracked 
| 206|0x000000008ce00000, 0x000000008ce00000, 0x000000008cf00000|  0%| F|  |TAMS 0x000000008ce00000, 0x000000008ce00000| Untracked 
| 207|0x000000008cf00000, 0x000000008cf854a8, 0x000000008d000000| 52%| E|  |TAMS 0x000000008cf00000, 0x000000008cf00000| Complete 
| 208|0x000000008d000000, 0x000000008d100000, 0x000000008d100000|100%| E|CS|TAMS 0x000000008d000000, 0x000000008d000000| Complete 
| 209|0x000000008d100000, 0x000000008d200000, 0x000000008d200000|100%| E|CS|TAMS 0x000000008d100000, 0x000000008d100000| Complete 
| 210|0x000000008d200000, 0x000000008d300000, 0x000000008d300000|100%| E|CS|TAMS 0x000000008d200000, 0x000000008d200000| Complete 
| 211|0x000000008d300000, 0x000000008d400000, 0x000000008d400000|100%| E|CS|TAMS 0x000000008d300000, 0x000000008d300000| Complete 
| 212|0x000000008d400000, 0x000000008d500000, 0x000000008d500000|100%| E|CS|TAMS 0x000000008d400000, 0x000000008d400000| Complete 
| 213|0x000000008d500000, 0x000000008d600000, 0x000000008d600000|100%| E|CS|TAMS 0x000000008d500000, 0x000000008d500000| Complete 
| 214|0x000000008d600000, 0x000000008d700000, 0x000000008d700000|100%| E|CS|TAMS 0x000000008d600000, 0x000000008d600000| Complete 
| 215|0x000000008d700000, 0x000000008d800000, 0x000000008d800000|100%| E|CS|TAMS 0x000000008d700000, 0x000000008d700000| Complete 
| 216|0x000000008d800000, 0x000000008d900000, 0x000000008d900000|100%| E|CS|TAMS 0x000000008d800000, 0x000000008d800000| Complete 
| 217|0x000000008d900000, 0x000000008da00000, 0x000000008da00000|100%| E|CS|TAMS 0x000000008d900000, 0x000000008d900000| Complete 
| 218|0x000000008da00000, 0x000000008db00000, 0x000000008db00000|100%| E|CS|TAMS 0x000000008da00000, 0x000000008da00000| Complete 
| 219|0x000000008db00000, 0x000000008dc00000, 0x000000008dc00000|100%| E|CS|TAMS 0x000000008db00000, 0x000000008db00000| Complete 
| 220|0x000000008dc00000, 0x000000008dd00000, 0x000000008dd00000|100%| E|CS|TAMS 0x000000008dc00000, 0x000000008dc00000| Complete 
| 221|0x000000008dd00000, 0x000000008de00000, 0x000000008de00000|100%| E|CS|TAMS 0x000000008dd00000, 0x000000008dd00000| Complete 

Card table byte_map: [0x0000025897440000,0x0000025897840000] _byte_map_base: 0x0000025897040000

Marking Bits (Prev, Next): (CMBitMap*) 0x0000025884571590, (CMBitMap*) 0x0000025884571558
 Prev Bits: [0x0000025899c40000, 0x000002589bc40000)
 Next Bits: [0x0000025897c40000, 0x0000025899c40000)

Polling page: 0x0000025882550000

Metaspace:

Usage:
  Non-class:     68.70 MB capacity,    67.57 MB ( 98%) used,   956.49 KB (  1%) free+waste,   197.69 KB ( <1%) overhead. 
      Class:     10.77 MB capacity,    10.13 MB ( 94%) used,   571.24 KB (  5%) free+waste,    91.00 KB ( <1%) overhead. 
       Both:     79.47 MB capacity,    77.70 MB ( 98%) used,     1.49 MB (  2%) free+waste,   288.69 KB ( <1%) overhead. 

Virtual space:
  Non-class space:       70.00 MB reserved,      68.70 MB ( 98%) committed 
      Class space:        1.00 GB reserved,      10.88 MB (  1%) committed 
             Both:        1.07 GB reserved,      79.57 MB (  7%) committed 

Chunk freelists:
   Non-Class:  3.00 KB
       Class:  7.00 KB
        Both:  10.00 KB

MaxMetaspaceSize: 17179869184.00 GB
CompressedClassSpaceSize: 1.00 GB
Initial GC threshold: 20.80 MB
Current GC threshold: 98.46 MB
CDS: off

CodeHeap 'non-profiled nmethods': size=120064Kb used=4235Kb max_used=4235Kb free=115828Kb
 bounds [0x000002588fb00000, 0x000002588ff30000, 0x0000025897040000]
CodeHeap 'profiled nmethods': size=120000Kb used=16108Kb max_used=16108Kb free=103891Kb
 bounds [0x00000258885d0000, 0x0000025889590000, 0x000002588fb00000]
CodeHeap 'non-nmethods': size=5696Kb used=2362Kb max_used=2415Kb free=3333Kb
 bounds [0x0000025888040000, 0x00000258882b0000, 0x00000258885d0000]
 total_blobs=8414 nmethods=7542 adapters=784
 compilation: enabled
              stopped_count=0, restarted_count=0
 full_count=0

Compilation events (20 events):
Event: 14.932 Thread 0x000002589e158800 nmethod 7603 0x0000025889578f10 code [0x00000258895790e0, 0x00000258895793b8]
Event: 14.932 Thread 0x000002589e158800 7604       3       com.google.common.collect.MultimapBuilder$ListMultimapBuilder::<init> (6 bytes)
Event: 14.932 Thread 0x000002589e158800 nmethod 7604 0x0000025889579510 code [0x00000258895796e0, 0x00000258895798f8]
Event: 14.932 Thread 0x000002589e158800 7605       3       com.google.common.collect.MultimapBuilder$MultimapBuilderWithKeys$1::build (22 bytes)
Event: 14.933 Thread 0x000002589e158800 nmethod 7605 0x0000025889579a10 code [0x0000025889579c60, 0x000002588957a598]
Event: 14.933 Thread 0x000002589e158800 7608       3       com.google.common.collect.ImmutableSortedSet$Builder::add (79 bytes)
Event: 14.934 Thread 0x000002589e158800 nmethod 7608 0x000002588957a910 code [0x000002588957ab60, 0x000002588957b3c8]
Event: 14.934 Thread 0x000002589e158800 7609       3       com.google.common.collect.SingletonImmutableBiMap::inverse (45 bytes)
Event: 14.934 Thread 0x000002589e158800 nmethod 7609 0x000002588957b710 code [0x000002588957b900, 0x000002588957be58]
Event: 14.934 Thread 0x000002589e158800 7606       3       com.google.common.collect.Multimaps$CustomSetMultimap::createCollection (5 bytes)
Event: 14.934 Thread 0x000002589e158800 nmethod 7606 0x000002588957c010 code [0x000002588957c1e0, 0x000002588957c508]
Event: 14.934 Thread 0x000002589e158800 7607       3       com.google.common.collect.Multimaps$CustomSetMultimap::createCollection (13 bytes)
Event: 14.935 Thread 0x000002589e158800 nmethod 7607 0x000002588957c610 code [0x000002588957c7e0, 0x000002588957caa8]
Event: 14.935 Thread 0x000002589e158800 7610       3       com.google.common.collect.Ordering::from (23 bytes)
Event: 14.935 Thread 0x000002589e158800 nmethod 7610 0x000002588957cb90 code [0x000002588957cda0, 0x000002588957d4c8]
Event: 14.963 Thread 0x000002589e158800 7612       3       org.gradle.internal.service.DefaultServiceRegistry::get (10 bytes)
Event: 14.963 Thread 0x000002589e158800 nmethod 7612 0x000002588957d690 code [0x000002588957d880, 0x000002588957dc48]
Event: 14.963 Thread 0x000002589e158800 7613       1       org.gradle.api.internal.AbstractTask::getState (5 bytes)
Event: 14.964 Thread 0x000002589e158800 nmethod 7613 0x000002588ff22690 code [0x000002588ff22840, 0x000002588ff228f8]
Event: 14.974 Thread 0x000002589e158800 7615       3       java.lang.Class::getDeclaredField (54 bytes)

GC Heap History (20 events):
Event: 3.284 GC heap before
{Heap before GC invocations=4 (full 0):
 garbage-first heap   total 131072K, used 42691K [0x0000000080000000, 0x0000000100000000)
  region size 1024K, 34 young (34816K), 6 survivors (6144K)
 Metaspace       used 20731K, capacity 21135K, committed 21248K, reserved 1067008K
  class space    used 2547K, capacity 2710K, committed 2816K, reserved 1048576K
}
Event: 3.291 GC heap after
{Heap after GC invocations=5 (full 0):
 garbage-first heap   total 131072K, used 17263K [0x0000000080000000, 0x0000000100000000)
  region size 1024K, 1 young (1024K), 1 survivors (1024K)
 Metaspace       used 20731K, capacity 21135K, committed 21248K, reserved 1067008K
  class space    used 2547K, capacity 2710K, committed 2816K, reserved 1048576K
}
Event: 4.021 GC heap before
{Heap before GC invocations=6 (full 0):
 garbage-first heap   total 131072K, used 67439K [0x0000000080000000, 0x0000000100000000)
  region size 1024K, 50 young (51200K), 1 survivors (1024K)
 Metaspace       used 26029K, capacity 26553K, committed 26752K, reserved 1073152K
  class space    used 3369K, capacity 3585K, committed 3712K, reserved 1048576K
}
Event: 4.030 GC heap after
{Heap after GC invocations=7 (full 0):
 garbage-first heap   total 157696K, used 19139K [0x0000000080000000, 0x0000000100000000)
  region size 1024K, 3 young (3072K), 3 survivors (3072K)
 Metaspace       used 26029K, capacity 26553K, committed 26752K, reserved 1073152K
  class space    used 3369K, capacity 3585K, committed 3712K, reserved 1048576K
}
Event: 5.255 GC heap before
{Heap before GC invocations=7 (full 0):
 garbage-first heap   total 157696K, used 79555K [0x0000000080000000, 0x0000000100000000)
  region size 1024K, 63 young (64512K), 3 survivors (3072K)
 Metaspace       used 34919K, capacity 35722K, committed 35840K, reserved 1081344K
  class space    used 4531K, capacity 4839K, committed 4864K, reserved 1048576K
}
Event: 5.273 GC heap after
{Heap after GC invocations=8 (full 0):
 garbage-first heap   total 157696K, used 22332K [0x0000000080000000, 0x0000000100000000)
  region size 1024K, 6 young (6144K), 6 survivors (6144K)
 Metaspace       used 34919K, capacity 35722K, committed 35840K, reserved 1081344K
  class space    used 4531K, capacity 4839K, committed 4864K, reserved 1048576K
}
Event: 6.473 GC heap before
{Heap before GC invocations=9 (full 0):
 garbage-first heap   total 157696K, used 96060K [0x0000000080000000, 0x0000000100000000)
  region size 1024K, 75 young (76800K), 6 survivors (6144K)
 Metaspace       used 40690K, capacity 41595K, committed 41932K, reserved 1085440K
  class space    used 5196K, capacity 5513K, committed 5632K, reserved 1048576K
}
Event: 6.491 GC heap after
{Heap after GC invocations=10 (full 0):
 garbage-first heap   total 157696K, used 28135K [0x0000000080000000, 0x0000000100000000)
  region size 1024K, 9 young (9216K), 9 survivors (9216K)
 Metaspace       used 40690K, capacity 41595K, committed 41932K, reserved 1085440K
  class space    used 5196K, capacity 5513K, committed 5632K, reserved 1048576K
}
Event: 7.588 GC heap before
{Heap before GC invocations=10 (full 0):
 garbage-first heap   total 157696K, used 101863K [0x0000000080000000, 0x0000000100000000)
  region size 1024K, 81 young (82944K), 9 survivors (9216K)
 Metaspace       used 47134K, capacity 48257K, committed 48460K, reserved 1091584K
  class space    used 6092K, capacity 6513K, committed 6528K, reserved 1048576K
}
Event: 7.612 GC heap after
{Heap after GC invocations=11 (full 0):
 garbage-first heap   total 157696K, used 30473K [0x0000000080000000, 0x0000000100000000)
  region size 1024K, 3 young (3072K), 3 survivors (3072K)
 Metaspace       used 47134K, capacity 48257K, committed 48460K, reserved 1091584K
  class space    used 6092K, capacity 6513K, committed 6528K, reserved 1048576K
}
Event: 9.442 GC heap before
{Heap before GC invocations=11 (full 0):
 garbage-first heap   total 157696K, used 113417K [0x0000000080000000, 0x0000000100000000)
  region size 1024K, 81 young (82944K), 3 survivors (3072K)
 Metaspace       used 52641K, capacity 53893K, committed 54092K, reserved 1095680K
  class space    used 6724K, capacity 7195K, committed 7296K, reserved 1048576K
}
Event: 9.456 GC heap after
{Heap after GC invocations=12 (full 0):
 garbage-first heap   total 189440K, used 44006K [0x0000000080000000, 0x0000000100000000)
  region size 1024K, 11 young (11264K), 11 survivors (11264K)
 Metaspace       used 52641K, capacity 53893K, committed 54092K, reserved 1095680K
  class space    used 6724K, capacity 7195K, committed 7296K, reserved 1048576K
}
Event: 10.342 GC heap before
{Heap before GC invocations=12 (full 0):
 garbage-first heap   total 189440K, used 82918K [0x0000000080000000, 0x0000000100000000)
  region size 1024K, 50 young (51200K), 11 survivors (11264K)
 Metaspace       used 58700K, capacity 60116K, committed 60236K, reserved 1101824K
  class space    used 7426K, capacity 7945K, committed 8064K, reserved 1048576K
}
Event: 10.368 GC heap after
{Heap after GC invocations=13 (full 0):
 garbage-first heap   total 189440K, used 46188K [0x0000000080000000, 0x0000000100000000)
  region size 1024K, 2 young (2048K), 2 survivors (2048K)
 Metaspace       used 58700K, capacity 60116K, committed 60236K, reserved 1101824K
  class space    used 7426K, capacity 7945K, committed 8064K, reserved 1048576K
}
Event: 11.904 GC heap before
{Heap before GC invocations=14 (full 0):
 garbage-first heap   total 189440K, used 117868K [0x0000000080000000, 0x0000000100000000)
  region size 1024K, 72 young (73728K), 2 survivors (2048K)
 Metaspace       used 65861K, capacity 67427K, committed 67532K, reserved 1107968K
  class space    used 8329K, capacity 8900K, committed 8960K, reserved 1048576K
}
Event: 11.920 GC heap after
{Heap after GC invocations=15 (full 0):
 garbage-first heap   total 189440K, used 52295K [0x0000000080000000, 0x0000000100000000)
  region size 1024K, 8 young (8192K), 8 survivors (8192K)
 Metaspace       used 65861K, capacity 67427K, committed 67532K, reserved 1107968K
  class space    used 8329K, capacity 8900K, committed 8960K, reserved 1048576K
}
Event: 13.163 GC heap before
{Heap before GC invocations=15 (full 0):
 garbage-first heap   total 189440K, used 123975K [0x0000000080000000, 0x0000000100000000)
  region size 1024K, 78 young (79872K), 8 survivors (8192K)
 Metaspace       used 70787K, capacity 72377K, committed 72524K, reserved 1112064K
  class space    used 9159K, capacity 9757K, committed 9856K, reserved 1048576K
}
Event: 13.183 GC heap after
{Heap after GC invocations=16 (full 0):
 garbage-first heap   total 189440K, used 56322K [0x0000000080000000, 0x0000000100000000)
  region size 1024K, 6 young (6144K), 6 survivors (6144K)
 Metaspace       used 70787K, capacity 72377K, committed 72524K, reserved 1112064K
  class space    used 9159K, capacity 9757K, committed 9856K, reserved 1048576K
}
Event: 14.677 GC heap before
{Heap before GC invocations=16 (full 0):
 garbage-first heap   total 189440K, used 129026K [0x0000000080000000, 0x0000000100000000)
  region size 1024K, 77 young (78848K), 6 survivors (6144K)
 Metaspace       used 78448K, capacity 80210K, committed 80332K, reserved 1118208K
  class space    used 10255K, capacity 10946K, committed 11008K, reserved 1048576K
}
Event: 14.693 GC heap after
{Heap after GC invocations=17 (full 0):
 garbage-first heap   total 227328K, used 60102K [0x0000000080000000, 0x0000000100000000)
  region size 1024K, 9 young (9216K), 9 survivors (9216K)
 Metaspace       used 78448K, capacity 80210K, committed 80332K, reserved 1118208K
  class space    used 10255K, capacity 10946K, committed 11008K, reserved 1048576K
}

Deoptimization events (20 events):
Event: 14.565 Thread 0x00000258a10ec800 Uncommon trap: trap_request=0xffffff4d fr.pc=0x000002588fe0f64c relative=0x00000000000001ec
Event: 14.565 Thread 0x00000258a10ec800 Uncommon trap: reason=unstable_if action=reinterpret pc=0x000002588fe0f64c method=java.lang.CharacterDataLatin1.digit(II)I @ 12 c2
Event: 14.565 Thread 0x00000258a10ec800 DEOPT PACKING pc=0x000002588fe0f64c sp=0x00000077d18f92c0
Event: 14.565 Thread 0x00000258a10ec800 DEOPT UNPACKING pc=0x000002588808a1af sp=0x00000077d18f9078 mode 2
Event: 14.590 Thread 0x00000258a10ec800 Uncommon trap: trap_request=0xffffff4d fr.pc=0x000002588fe0e8c8 relative=0x0000000000000268
Event: 14.590 Thread 0x00000258a10ec800 Uncommon trap: reason=unstable_if action=reinterpret pc=0x000002588fe0e8c8 method=java.lang.CharacterDataLatin1.digit(II)I @ 12 c2
Event: 14.590 Thread 0x00000258a10ec800 DEOPT PACKING pc=0x000002588fe0e8c8 sp=0x00000077d18f9230
Event: 14.590 Thread 0x00000258a10ec800 DEOPT UNPACKING pc=0x000002588808a1af sp=0x00000077d18f9050 mode 2
Event: 14.659 Thread 0x00000258a10ec800 Uncommon trap: trap_request=0xffffff4d fr.pc=0x000002588fdac900 relative=0x0000000000000700
Event: 14.659 Thread 0x00000258a10ec800 Uncommon trap: reason=unstable_if action=reinterpret pc=0x000002588fdac900 method=java.util.HashMap.putVal(ILjava/lang/Object;Ljava/lang/Object;ZZ)Ljava/lang/Object; @ 109 c2
Event: 14.659 Thread 0x00000258a10ec800 DEOPT PACKING pc=0x000002588fdac900 sp=0x00000077d18f7910
Event: 14.659 Thread 0x00000258a10ec800 DEOPT UNPACKING pc=0x000002588808a1af sp=0x00000077d18f7828 mode 2
Event: 14.659 Thread 0x00000258a10ec800 Uncommon trap: trap_request=0xffffff4d fr.pc=0x000002588fdb3404 relative=0x0000000000000684
Event: 14.659 Thread 0x00000258a10ec800 Uncommon trap: reason=unstable_if action=reinterpret pc=0x000002588fdb3404 method=java.util.HashMap.putVal(ILjava/lang/Object;Ljava/lang/Object;ZZ)Ljava/lang/Object; @ 109 c2
Event: 14.659 Thread 0x00000258a10ec800 DEOPT PACKING pc=0x000002588fdb3404 sp=0x00000077d18f7860
Event: 14.659 Thread 0x00000258a10ec800 DEOPT UNPACKING pc=0x000002588808a1af sp=0x00000077d18f7818 mode 2
Event: 14.790 Thread 0x00000258a10ec800 DEOPT PACKING pc=0x000002588919252e sp=0x00000077d18f6630
Event: 14.790 Thread 0x00000258a10ec800 DEOPT UNPACKING pc=0x000002588808a95e sp=0x00000077d18f5bd0 mode 0
Event: 14.818 Thread 0x00000258a10ec800 DEOPT PACKING pc=0x000002588949613b sp=0x00000077d18f70c0
Event: 14.818 Thread 0x00000258a10ec800 DEOPT UNPACKING pc=0x000002588808a95e sp=0x00000077d18f6600 mode 0

Classes redefined (0 events):
No events

Internal exceptions (20 events):
Event: 12.323 Thread 0x00000258a10ec800 Exception <a 'java/lang/ClassNotFoundException'{0x00000000894a5f88}: org/gradle/api/internal/artifacts/dsl/dependencies/DefaultDependencyHandlerCustomizer> (0x00000000894a5f88) thrown at [./src/hotspot/share/classfile/systemDictionary.cpp, line 231]
Event: 12.325 Thread 0x00000258a10ec800 Exception <a 'java/lang/ClassNotFoundException'{0x00000000893162c8}: org/gradle/api/internal/artifacts/dsl/dependencies/DefaultDependencyHandler_DecoratedCustomizer> (0x00000000893162c8) thrown at [./src/hotspot/share/classfile/systemDictionary.cpp, line 231]
Event: 13.458 Thread 0x00000258a10ec800 Exception <a 'java/lang/ClassNotFoundException'{0x000000008abd4f28}: com/android/build/gradle/internal/api/ApkVariantOutputImpl_DecoratedBeanInfo> (0x000000008abd4f28) thrown at [./src/hotspot/share/classfile/systemDictionary.cpp, line 231]
Event: 13.459 Thread 0x00000258a10ec800 Exception <a 'java/lang/ClassNotFoundException'{0x000000008abef758}: com/android/build/gradle/internal/api/ApkVariantOutputImplBeanInfo> (0x000000008abef758) thrown at [./src/hotspot/share/classfile/systemDictionary.cpp, line 231]
Event: 13.459 Thread 0x00000258a10ec800 Exception <a 'java/lang/ClassNotFoundException'{0x000000008aa0acf8}: com/android/build/gradle/internal/api/BaseVariantOutputImplBeanInfo> (0x000000008aa0acf8) thrown at [./src/hotspot/share/classfile/systemDictionary.cpp, line 231]
Event: 13.460 Thread 0x00000258a10ec800 Exception <a 'java/lang/ClassNotFoundException'{0x000000008aa25dd0}: com/android/build/gradle/internal/api/BaseVariantOutputImplCustomizer> (0x000000008aa25dd0) thrown at [./src/hotspot/share/classfile/systemDictionary.cpp, line 231]
Event: 13.462 Thread 0x00000258a10ec800 Exception <a 'java/lang/ClassNotFoundException'{0x000000008aa53540}: com/android/build/gradle/internal/api/ApkVariantOutputImplCustomizer> (0x000000008aa53540) thrown at [./src/hotspot/share/classfile/systemDictionary.cpp, line 231]
Event: 13.463 Thread 0x00000258a10ec800 Exception <a 'java/lang/ClassNotFoundException'{0x000000008aa7d1d8}: com/android/build/gradle/internal/api/ApkVariantOutputImpl_DecoratedCustomizer> (0x000000008aa7d1d8) thrown at [./src/hotspot/share/classfile/systemDictionary.cpp, line 231]
Event: 13.476 Thread 0x00000258a10ec800 Exception <a 'java/lang/NoClassDefFoundError'{0x000000008a9ea178}: org/jetbrains/kotlin/gradle/plugin/KotlinBasePluginWrapper> (0x000000008a9ea178) thrown at [./src/hotspot/share/classfile/systemDictionary.cpp, line 220]
Event: 13.545 Thread 0x00000258a10ec800 Implicit null exception at 0x000002588fd2762f to 0x000002588fd27da8
Event: 13.545 Thread 0x00000258a10ec800 Implicit null exception at 0x000002588fd2b394 to 0x000002588fd2bb0c
Event: 13.962 Thread 0x00000258a10ec800 Exception <a 'sun/nio/fs/WindowsException'{0x0000000089295598}> (0x0000000089295598) thrown at [./src/hotspot/share/prims/jni.cpp, line 615]
Event: 13.963 Thread 0x00000258a10ec800 Exception <a 'sun/nio/fs/WindowsException'{0x00000000892959a0}> (0x00000000892959a0) thrown at [./src/hotspot/share/prims/jni.cpp, line 615]
Event: 14.115 Thread 0x00000258a10ec800 Exception <a 'java/lang/NullPointerException'{0x00000000888649d8}> (0x00000000888649d8) thrown at [./src/hotspot/share/interpreter/linkResolver.cpp, line 1440]
Event: 14.507 Thread 0x00000258a10ec800 Exception <a 'java/lang/NoSuchMethodError'{0x0000000087888b68}: 'int java.lang.invoke.DirectMethodHandle$Holder.invokeStatic(java.lang.Object, java.lang.Object, int, java.lang.Object)'> (0x0000000087888b68) thrown at [./src/hotspot/share/interpreter/linkResolver.cpp, line 773]
Event: 14.508 Thread 0x00000258a10ec800 Exception <a 'java/lang/NoSuchMethodError'{0x000000008788fa10}: 'java.lang.Object java.lang.invoke.Invokers$Holder.linkToTargetMethod(java.lang.Object, int, java.lang.Object)'> (0x000000008788fa10) thrown at [./src/hotspot/share/interpreter/linkResolver.cpp, line 773]
Event: 14.571 Thread 0x00000258a10ec800 Exception <a 'sun/nio/fs/WindowsException'{0x00000000877b81a8}> (0x00000000877b81a8) thrown at [./src/hotspot/share/prims/jni.cpp, line 615]
Event: 14.571 Thread 0x00000258a10ec800 Exception <a 'sun/nio/fs/WindowsException'{0x00000000877b9498}> (0x00000000877b9498) thrown at [./src/hotspot/share/prims/jni.cpp, line 615]
Event: 14.571 Thread 0x00000258a10ec800 Exception <a 'sun/nio/fs/WindowsException'{0x00000000877ba7c0}> (0x00000000877ba7c0) thrown at [./src/hotspot/share/prims/jni.cpp, line 615]
Event: 14.572 Thread 0x00000258a10ec800 Exception <a 'sun/nio/fs/WindowsException'{0x00000000877bbae8}> (0x00000000877bbae8) thrown at [./src/hotspot/share/prims/jni.cpp, line 615]

Events (20 events):
Event: 14.949 loading class com/android/ide/common/resources/DataMerger
Event: 14.949 loading class com/android/ide/common/resources/DataMerger done
Event: 14.951 loading class org/gradle/work/FileChange
Event: 14.951 loading class org/gradle/work/FileChange done
Event: 14.951 loading class org/gradle/work/FileChange
Event: 14.951 loading class org/gradle/work/FileChange done
Event: 14.951 loading class com/android/ide/common/resources/MergedResourceWriter
Event: 14.951 loading class com/android/ide/common/resources/MergedResourceWriter done
Event: 14.953 loading class com/android/ide/common/resources/MergeWriter
Event: 14.953 loading class com/android/ide/common/resources/MergeWriter done
Event: 14.954 loading class com/android/build/gradle/internal/DependencyResourcesComputer
Event: 14.954 loading class com/android/build/gradle/internal/DependencyResourcesComputer done
Event: 14.964 loading class com/android/build/gradle/tasks/MergeResources$CreationAction
Event: 14.964 loading class com/android/build/gradle/tasks/MergeResources$CreationAction done
Event: 14.966 loading class com/android/build/gradle/internal/DependencyResourcesComputer$ResourceSourceSetInput
Event: 14.966 loading class com/android/build/gradle/internal/DependencyResourcesComputer$ResourceSourceSetInput done
Event: 14.970 loading class com/android/build/gradle/internal/DependencyResourcesComputer$initFromVariantScope$2
Event: 14.970 loading class com/android/build/gradle/internal/DependencyResourcesComputer$initFromVariantScope$2 done
Event: 14.975 loading class org/gradle/api/internal/provider/MapCollectors$SingleEntry
Event: 14.975 loading class org/gradle/api/internal/provider/MapCollectors$SingleEntry done


Dynamic libraries:
0x00007ff78a3c0000 - 0x00007ff78a3ca000 	C:\Program Files\Android\Android Studio\jre\bin\java.exe
0x00007ffdbee50000 - 0x00007ffdbf048000 	C:\WINDOWS\SYSTEM32\ntdll.dll
0x00007ffdbe9a0000 - 0x00007ffdbea5d000 	C:\WINDOWS\System32\KERNEL32.DLL
0x00007ffdbcbe0000 - 0x00007ffdbceae000 	C:\WINDOWS\System32\KERNELBASE.dll
0x00007ffdbca20000 - 0x00007ffdbcb20000 	C:\WINDOWS\System32\ucrtbase.dll
0x00007ffdab640000 - 0x00007ffdab657000 	C:\Program Files\Android\Android Studio\jre\bin\VCRUNTIME140.dll
0x00007ffdab620000 - 0x00007ffdab639000 	C:\Program Files\Android\Android Studio\jre\bin\jli.dll
0x00007ffdbd050000 - 0x00007ffdbd1f0000 	C:\WINDOWS\System32\USER32.dll
0x00007ffdbcbb0000 - 0x00007ffdbcbd2000 	C:\WINDOWS\System32\win32u.dll
0x00007ffdaca20000 - 0x00007ffdaccba000 	C:\WINDOWS\WinSxS\amd64_microsoft.windows.common-controls_6595b64144ccf1df_6.0.19041.1110_none_60b5254171f9507e\COMCTL32.dll
0x00007ffdbe810000 - 0x00007ffdbe83a000 	C:\WINDOWS\System32\GDI32.dll
0x00007ffdbe400000 - 0x00007ffdbe49e000 	C:\WINDOWS\System32\msvcrt.dll
0x00007ffdbc800000 - 0x00007ffdbc90b000 	C:\WINDOWS\System32\gdi32full.dll
0x00007ffdbc910000 - 0x00007ffdbc9ad000 	C:\WINDOWS\System32\msvcp_win.dll
0x00007ffdbe960000 - 0x00007ffdbe990000 	C:\WINDOWS\System32\IMM32.DLL
0x00007ffd4bcf0000 - 0x00007ffd4bd8d000 	C:\Program Files\Android\Android Studio\jre\bin\msvcp140.dll
0x00007ffd3cca0000 - 0x00007ffd3d785000 	C:\Program Files\Android\Android Studio\jre\bin\server\jvm.dll
0x00007ffdbe840000 - 0x00007ffdbe8ee000 	C:\WINDOWS\System32\ADVAPI32.dll
0x00007ffdbe710000 - 0x00007ffdbe7ac000 	C:\WINDOWS\System32\sechost.dll
0x00007ffdbec10000 - 0x00007ffdbed35000 	C:\WINDOWS\System32\RPCRT4.dll
0x00007ffdbe990000 - 0x00007ffdbe998000 	C:\WINDOWS\System32\PSAPI.DLL
0x00007ffdb3670000 - 0x00007ffdb367a000 	C:\WINDOWS\SYSTEM32\VERSION.dll
0x00007ffd972c0000 - 0x00007ffd972c9000 	C:\WINDOWS\SYSTEM32\WSOCK32.dll
0x00007ffdac860000 - 0x00007ffdac887000 	C:\WINDOWS\SYSTEM32\WINMM.dll
0x00007ffdbe8f0000 - 0x00007ffdbe95b000 	C:\WINDOWS\System32\WS2_32.dll
0x00007ffdbadf0000 - 0x00007ffdbae02000 	C:\WINDOWS\SYSTEM32\kernel.appcore.dll
0x00007ffd97c60000 - 0x00007ffd97c71000 	C:\Program Files\Android\Android Studio\jre\bin\verify.dll
0x00007ffda0390000 - 0x00007ffda0574000 	C:\WINDOWS\SYSTEM32\DBGHELP.DLL
0x00007ffda0220000 - 0x00007ffda024c000 	C:\WINDOWS\SYSTEM32\dbgcore.DLL
0x00007ffdbcb20000 - 0x00007ffdbcba2000 	C:\WINDOWS\System32\bcryptPrimitives.dll
0x00007ffd965d0000 - 0x00007ffd965f9000 	C:\Program Files\Android\Android Studio\jre\bin\java.dll
0x00007ffda0990000 - 0x00007ffda099b000 	C:\Program Files\Android\Android Studio\jre\bin\jimage.dll
0x00007ffd97b60000 - 0x00007ffd97b78000 	C:\Program Files\Android\Android Studio\jre\bin\zip.dll
0x00007ffdbd8e0000 - 0x00007ffdbe023000 	C:\WINDOWS\System32\SHELL32.dll
0x00007ffdba590000 - 0x00007ffdbad25000 	C:\WINDOWS\SYSTEM32\windows.storage.dll
0x00007ffdbe0a0000 - 0x00007ffdbe3f4000 	C:\WINDOWS\System32\combase.dll
0x00007ffdbbfd0000 - 0x00007ffdbc000000 	C:\WINDOWS\SYSTEM32\Wldp.dll
0x00007ffdbe4a0000 - 0x00007ffdbe54d000 	C:\WINDOWS\System32\SHCORE.dll
0x00007ffdbe7b0000 - 0x00007ffdbe805000 	C:\WINDOWS\System32\shlwapi.dll
0x00007ffdbc4b0000 - 0x00007ffdbc4cf000 	C:\WINDOWS\SYSTEM32\profapi.dll
0x00007ffd97850000 - 0x00007ffd9786a000 	C:\Program Files\Android\Android Studio\jre\bin\net.dll
0x00007ffdad320000 - 0x00007ffdad42a000 	C:\WINDOWS\SYSTEM32\WINHTTP.dll
0x00007ffdbbd30000 - 0x00007ffdbbd9a000 	C:\WINDOWS\system32\mswsock.dll
0x00007ffd95c40000 - 0x00007ffd95c54000 	C:\Program Files\Android\Android Studio\jre\bin\nio.dll
0x00007ffda08d0000 - 0x00007ffda08f7000 	C:\Users\Nada Said\.gradle\native\e1d6ef7f7dcc3fd88c89a11ec53ec762bb8ba0a96d01ffa2cd45eb1d1d8dd5c5\windows-amd64\native-platform.dll
0x00007ffd42360000 - 0x00007ffd424a4000 	C:\Users\Nada Said\.gradle\native\5664cfc778a61ccfe75a443a1ab52a65af34e5dc3c78e0209fed803814484fcb\windows-amd64\native-platform-file-events.dll
0x00007ffd985e0000 - 0x00007ffd985ea000 	C:\Program Files\Android\Android Studio\jre\bin\management.dll
0x00007ffd98280000 - 0x00007ffd9828d000 	C:\Program Files\Android\Android Studio\jre\bin\management_ext.dll
0x00007ffdbbf30000 - 0x00007ffdbbf48000 	C:\WINDOWS\SYSTEM32\CRYPTSP.dll
0x00007ffdbb640000 - 0x00007ffdbb674000 	C:\WINDOWS\system32\rsaenh.dll
0x00007ffdbc620000 - 0x00007ffdbc647000 	C:\WINDOWS\System32\bcrypt.dll
0x00007ffdbc430000 - 0x00007ffdbc45e000 	C:\WINDOWS\SYSTEM32\USERENV.dll
0x00007ffdbbf20000 - 0x00007ffdbbf2c000 	C:\WINDOWS\SYSTEM32\CRYPTBASE.dll
0x00007ffdbb9d0000 - 0x00007ffdbba0b000 	C:\WINDOWS\SYSTEM32\IPHLPAPI.DLL
0x00007ffdbe030000 - 0x00007ffdbe038000 	C:\WINDOWS\System32\NSI.dll
0x00007ffdb3260000 - 0x00007ffdb3277000 	C:\WINDOWS\SYSTEM32\dhcpcsvc6.DLL
0x00007ffdb3e80000 - 0x00007ffdb3e9d000 	C:\WINDOWS\SYSTEM32\dhcpcsvc.DLL
0x00007ffdbba20000 - 0x00007ffdbbaea000 	C:\WINDOWS\SYSTEM32\DNSAPI.dll

dbghelp: loaded successfully - version: 4.0.5 - missing functions: none
symbol engine: initialized successfully - sym options: 0x614 - pdb path: .;C:\Program Files\Android\Android Studio\jre\bin;C:\WINDOWS\SYSTEM32;C:\WINDOWS\WinSxS\amd64_microsoft.windows.common-controls_6595b64144ccf1df_6.0.19041.1110_none_60b5254171f9507e;C:\Program Files\Android\Android Studio\jre\bin\server;C:\Users\Nada Said\.gradle\native\e1d6ef7f7dcc3fd88c89a11ec53ec762bb8ba0a96d01ffa2cd45eb1d1d8dd5c5\windows-amd64;C:\Users\Nada Said\.gradle\native\5664cfc778a61ccfe75a443a1ab52a65af34e5dc3c78e0209fed803814484fcb\windows-amd64

VM Arguments:
jvm_args: --add-opens=java.base/java.util=ALL-UNNAMED --add-opens=java.base/java.lang=ALL-UNNAMED --add-opens=java.base/java.lang.invoke=ALL-UNNAMED --add-opens=java.base/java.util=ALL-UNNAMED --add-opens=java.prefs/java.util.prefs=ALL-UNNAMED --add-opens=java.prefs/java.util.prefs=ALL-UNNAMED --add-opens=java.base/java.nio.charset=ALL-UNNAMED --add-opens=java.base/java.net=ALL-UNNAMED --add-opens=java.base/java.util.concurrent.atomic=ALL-UNNAMED -Xmx2048m -Dfile.encoding=UTF-8 -Duser.country=US -Duser.language=en -Duser.variant 
java_command: org.gradle.launcher.daemon.bootstrap.GradleDaemon 7.3.3
java_class_path (initial): C:\Users\Nada Said\.gradle\wrapper\dists\gradle-7.3.3-bin\6a41zxkdtcxs8rphpq6y0069z\gradle-7.3.3\lib\gradle-launcher-7.3.3.jar
Launcher Type: SUN_STANDARD

[Global flags]
     intx CICompilerCount                          = 3                                         {product} {ergonomic}
     uint ConcGCThreads                            = 1                                         {product} {ergonomic}
     uint G1ConcRefinementThreads                  = 4                                         {product} {ergonomic}
   size_t G1HeapRegionSize                         = 1048576                                   {product} {ergonomic}
    uintx GCDrainStackTargetSize                   = 64                                        {product} {ergonomic}
   size_t InitialHeapSize                          = 134217728                                 {product} {ergonomic}
   size_t MarkStackSize                            = 4194304                                   {product} {ergonomic}
   size_t MaxHeapSize                              = 2147483648                                {product} {command line}
   size_t MaxNewSize                               = 1287651328                                {product} {ergonomic}
   size_t MinHeapDeltaBytes                        = 1048576                                   {product} {ergonomic}
    uintx NonNMethodCodeHeapSize                   = 5830732                                {pd product} {ergonomic}
    uintx NonProfiledCodeHeapSize                  = 122913754                              {pd product} {ergonomic}
    uintx ProfiledCodeHeapSize                     = 122913754                              {pd product} {ergonomic}
    uintx ReservedCodeCacheSize                    = 251658240                              {pd product} {ergonomic}
     bool SegmentedCodeCache                       = true                                      {product} {ergonomic}
     bool UseCompressedClassPointers               = true                                 {lp64_product} {ergonomic}
     bool UseCompressedOops                        = true                                 {lp64_product} {ergonomic}
     bool UseG1GC                                  = true                                      {product} {ergonomic}
     bool UseLargePagesIndividualAllocation        = false                                  {pd product} {ergonomic}

Logging:
Log output configuration:
 #0: stdout all=warning uptime,level,tags
 #1: stderr all=off uptime,level,tags

Environment Variables:
JAVA_HOME=C:\Program Files\Java\jdk-17.0.1
PATH=C:\Program Files\Microsoft\jdk-11.0.12.7-hotspot\bin;C:\Program Files (x86)\NVIDIA Corporation\PhysX\Common;C:\Oracle\Middleware\Oracle_FRHome1\bin;C:\Program Files\Common Files\Oracle\Java\javapath;C:\app\NadaSaid\product\11.2.0\dbhome_1\bin;C:\ProgramData\Oracle\Java\javapath;C:\WINDOWS\system32;C:\WINDOWS;C:\WINDOWS\System32\Wbem;C:\WINDOWS\System32\WindowsPowerShell\v1.0\;C:\WINDOWS\System32\OpenSSH\;C:\Program Files\Git\cmd;C:\Program Files\Java\jdk-17.0.1\bin;C:\Oracle\Middleware\Oracle_FRHome1\opmn\bin;C:\Oracle\Middleware\Oracle_FRHome1\opmn\lib;C:\Oracle\Middleware\Oracle_FRHome1\perl\bin;C:\Program Files\Microsoft SQL Server\Client SDK\ODBC\110\Tools\Binn\;C:\Program Files (x86)\Microsoft SQL Server\120\Tools\Binn\;C:\Program Files\Microsoft SQL Server\120\Tools\Binn\;C:\Program Files\Microsoft SQL Server\120\DTS\Binn\;C:\Program Files (x86)\Windows Kits\8.1\Windows Performance Toolkit\;C:\Program Files\dotnet\;C:\Users\Nada Said\AppData\Local\Programs\Python\Python37\Scripts\;C:\Users\Nada Said\AppData\Local\Programs\Python\Python37\;C:\Python37\Scripts\;C:\Python37\;C:\Users\Nada Said\AppData\Local\Microsoft\WindowsApps;C:\Users\Nada Said\AppData\Local\Programs\Microsoft VS Code\bin;C:\Program Files\JetBrains\IntelliJ IDEA Community Edition 2021.2.3\bin;;C:\Users\Nada Said\.dotnet\tools;C:\Users\Nada Said\AppData\Local\GitHubDesktop\bin;C:\Dart\dart-sdk\bin;
USERNAME=Nada Said
LD_LIBRARY_PATH=C:\Oracle\Middleware\Oracle_FRHome1\lib
OS=Windows_NT
PROCESSOR_IDENTIFIER=Intel64 Family 6 Model 61 Stepping 4, GenuineIntel



---------------  S Y S T E M  ---------------

OS: Windows 10 , 64 bit Build 19041 (10.0.19041.1889)
OS uptime: 2 days 20:52 hours

CPU:total 4 (initial active 4) (2 cores per cpu, 2 threads per core) family 6 model 61 stepping 4 microcode 0x2d, cmov, cx8, fxsr, mmx, sse, sse2, sse3, ssse3, sse4.1, sse4.2, popcnt, avx, avx2, aes, clmul, erms, rtm, 3dnowpref, lzcnt, ht, tsc, tscinvbit, bmi1, bmi2, adx, fma

Memory: 4k page, system-wide physical 8067M (1252M free)
TotalPageFile size 11125M (AvailPageFile size 26M)
current process WorkingSet (physical memory assigned to process): 418M, peak: 418M
current process commit charge ("private bytes"): 479M, peak: 480M

vm_info: OpenJDK 64-Bit Server VM (11.0.12+7-b1504.28-7817840) for windows-amd64 JRE (11.0.12+7-b1504.28-7817840), built on Oct 13 2021 22:12:33 by "builder" with MS VC++ 14.0 (VS2015)

END.
