#
# There is insufficient memory for the Java Runtime Environment to continue.
# Native memory allocation (malloc) failed to allocate 1225136 bytes for Chunk::new
# Possible reasons:
#   The system is out of physical RAM or swap space
#   The process is running with CompressedOops enabled, and the Java Heap may be blocking the growth of the native heap
# Possible solutions:
#   Reduce memory load on the system
#   Increase physical memory or swap space
#   Check if swap backing store is full
#   Decrease Java heap size (-Xmx/-Xms)
#   Decrease number of Java threads
#   Decrease Java thread stack sizes (-Xss)
#   Set larger code cache with -XX:ReservedCodeCacheSize=
#   JVM is running with Unscaled Compressed Oops mode in which the Java heap is
#     placed in the first 4GB address space. The Java Heap base address is the
#     maximum limit for the native heap growth. Please use -XX:HeapBaseMinAddress
#     to set the Java Heap base and to place the Java Heap above 4GB virtual address.
# This output file may be truncated or incomplete.
#
#  Out of Memory Error (./src/hotspot/share/memory/arena.cpp:197), pid=16612, tid=9740
#
# JRE version: OpenJDK Runtime Environment (11.0.12+7) (build 11.0.12+7-b1504.28-7817840)
# Java VM: OpenJDK 64-Bit Server VM (11.0.12+7-b1504.28-7817840, mixed mode, tiered, compressed oops, g1 gc, windows-amd64)
# No core dump will be written. Minidumps are not enabled by default on client versions of Windows
#

---------------  S U M M A R Y ------------

Command Line: --add-opens=java.base/java.util=ALL-UNNAMED --add-opens=java.base/java.lang=ALL-UNNAMED --add-opens=java.base/java.lang.invoke=ALL-UNNAMED --add-opens=java.base/java.util=ALL-UNNAMED --add-opens=java.prefs/java.util.prefs=ALL-UNNAMED --add-opens=java.prefs/java.util.prefs=ALL-UNNAMED --add-opens=java.base/java.nio.charset=ALL-UNNAMED --add-opens=java.base/java.net=ALL-UNNAMED --add-opens=java.base/java.util.concurrent.atomic=ALL-UNNAMED -Xmx2048m -Dfile.encoding=UTF-8 -Duser.country=US -Duser.language=en -Duser.variant org.gradle.launcher.daemon.bootstrap.GradleDaemon 7.3.3

Host: Intel(R) Core(TM) i5-5300U CPU @ 2.30GHz, 4 cores, 7G,  Windows 10 , 64 bit Build 19041 (10.0.19041.1889)
Time: Thu Oct  6 20:19:49 2022 Egypt Standard Time elapsed time: 8.551436 seconds (0d 0h 0m 8s)

---------------  T H R E A D  ---------------

Current thread (0x000001927633c000):  JavaThread "C2 CompilerThread1" daemon [_thread_in_native, id=9740, stack(0x0000000dcf600000,0x0000000dcf700000)]


Current CompileTask:
C2:   8551 2862   !   4       java.lang.reflect.Executable::declaredAnnotations (85 bytes)

Stack: [0x0000000dcf600000,0x0000000dcf700000]
Native frames: (J=compiled Java code, j=interpreted, Vv=VM code, C=native code)
V  [jvm.dll+0x5fbcea]
V  [jvm.dll+0x731905]
V  [jvm.dll+0x732f1d]
V  [jvm.dll+0x7335d3]
V  [jvm.dll+0x247bf8]
V  [jvm.dll+0xc018c]
V  [jvm.dll+0xc06cc]
V  [jvm.dll+0x35b2db]
V  [jvm.dll+0x328803]
V  [jvm.dll+0x327cfa]
V  [jvm.dll+0x200602]
V  [jvm.dll+0x1ff794]
V  [jvm.dll+0x18868c]
V  [jvm.dll+0x20e0d7]
V  [jvm.dll+0x20c901]
V  [jvm.dll+0x6f9b7f]
V  [jvm.dll+0x6f26a5]
V  [jvm.dll+0x5fabf6]
C  [ucrtbase.dll+0x21bb2]
C  [KERNEL32.DLL+0x17034]
C  [ntdll.dll+0x526a1]


---------------  P R O C E S S  ---------------

Threads class SMR info:
_java_thread_list=0x0000019276e1d300, length=35, elements={
0x00000192598f5000, 0x00000192733d1800, 0x00000192733d4800, 0x0000019273d63800,
0x00000192733ef800, 0x00000192733f3800, 0x00000192733fc800, 0x0000019273401000,
0x0000019273406800, 0x0000019273eba000, 0x000001927537a800, 0x0000019276507800,
0x0000019275617000, 0x0000019274fbb000, 0x0000019276e39800, 0x0000019275e59000,
0x0000019276114000, 0x0000019274f88800, 0x0000019275385000, 0x0000019275f04800,
0x0000019275f04000, 0x0000019275f06800, 0x0000019275f0a800, 0x0000019275f05800,
0x0000019275f08800, 0x0000019275f07000, 0x0000019275f08000, 0x0000019275f09800,
0x00000192764aa000, 0x00000192764ab000, 0x00000192764a6000, 0x00000192764a5800,
0x00000192764ac000, 0x00000192764a8800, 0x000001927633c000
}

Java Threads: ( => current thread )
  0x00000192598f5000 JavaThread "main" [_thread_blocked, id=15948, stack(0x0000000dcca00000,0x0000000dccb00000)]
  0x00000192733d1800 JavaThread "Reference Handler" daemon [_thread_blocked, id=16796, stack(0x0000000dcd100000,0x0000000dcd200000)]
  0x00000192733d4800 JavaThread "Finalizer" daemon [_thread_blocked, id=13600, stack(0x0000000dcd200000,0x0000000dcd300000)]
  0x0000019273d63800 JavaThread "Signal Dispatcher" daemon [_thread_blocked, id=1804, stack(0x0000000dcd300000,0x0000000dcd400000)]
  0x00000192733ef800 JavaThread "Attach Listener" daemon [_thread_blocked, id=14780, stack(0x0000000dcd400000,0x0000000dcd500000)]
  0x00000192733f3800 JavaThread "Service Thread" daemon [_thread_blocked, id=2680, stack(0x0000000dcd500000,0x0000000dcd600000)]
  0x00000192733fc800 JavaThread "C2 CompilerThread0" daemon [_thread_in_native, id=11028, stack(0x0000000dcd600000,0x0000000dcd700000)]
  0x0000019273401000 JavaThread "C1 CompilerThread0" daemon [_thread_blocked, id=12064, stack(0x0000000dcd700000,0x0000000dcd800000)]
  0x0000019273406800 JavaThread "Sweeper thread" daemon [_thread_blocked, id=8256, stack(0x0000000dcd800000,0x0000000dcd900000)]
  0x0000019273eba000 JavaThread "Common-Cleaner" daemon [_thread_blocked, id=11008, stack(0x0000000dcd900000,0x0000000dcda00000)]
  0x000001927537a800 JavaThread "Daemon health stats" [_thread_blocked, id=16440, stack(0x0000000dcde00000,0x0000000dcdf00000)]
  0x0000019276507800 JavaThread "Incoming local TCP Connector on port 55479" [_thread_in_native, id=6848, stack(0x0000000dcdb00000,0x0000000dcdc00000)]
  0x0000019275617000 JavaThread "Daemon periodic checks" [_thread_blocked, id=12452, stack(0x0000000dcdf00000,0x0000000dce000000)]
  0x0000019274fbb000 JavaThread "Daemon" [_thread_blocked, id=17128, stack(0x0000000dce000000,0x0000000dce100000)]
  0x0000019276e39800 JavaThread "Handler for socket connection from /127.0.0.1:55479 to /127.0.0.1:55480" [_thread_in_native, id=6172, stack(0x0000000dce100000,0x0000000dce200000)]
  0x0000019275e59000 JavaThread "Cancel handler" [_thread_blocked, id=16904, stack(0x0000000dce200000,0x0000000dce300000)]
  0x0000019276114000 JavaThread "Daemon worker" [_thread_in_vm, id=7440, stack(0x0000000dce400000,0x0000000dce500000)]
  0x0000019274f88800 JavaThread "Asynchronous log dispatcher for DefaultDaemonConnection: socket connection from /127.0.0.1:55479 to /127.0.0.1:55480" [_thread_blocked, id=10032, stack(0x0000000dce500000,0x0000000dce600000)]
  0x0000019275385000 JavaThread "Stdin handler" [_thread_blocked, id=12860, stack(0x0000000dce600000,0x0000000dce700000)]
  0x0000019275f04800 JavaThread "Daemon client event forwarder" [_thread_blocked, id=13824, stack(0x0000000dce700000,0x0000000dce800000)]
  0x0000019275f04000 JavaThread "Cache worker for journal cache (C:\Users\Nada Said\.gradle\caches\journal-1)" [_thread_blocked, id=9400, stack(0x0000000dce300000,0x0000000dce400000)]
  0x0000019275f06800 JavaThread "File lock request listener" [_thread_in_native, id=10664, stack(0x0000000dce900000,0x0000000dcea00000)]
  0x0000019275f0a800 JavaThread "Cache worker for file hash cache (C:\Users\Nada Said\.gradle\caches\7.3.3\fileHashes)" [_thread_blocked, id=11296, stack(0x0000000dcea00000,0x0000000dceb00000)]
  0x0000019275f05800 JavaThread "Cache worker for file hash cache (D:\AndroidProject\EcommerceApp\.gradle\7.3.3\fileHashes)" [_thread_blocked, id=15188, stack(0x0000000dcec00000,0x0000000dced00000)]
  0x0000019275f08800 JavaThread "File watcher server" daemon [_thread_in_native, id=4024, stack(0x0000000dced00000,0x0000000dcee00000)]
  0x0000019275f07000 JavaThread "File watcher consumer" daemon [_thread_blocked, id=6168, stack(0x0000000dcee00000,0x0000000dcef00000)]
  0x0000019275f08000 JavaThread "jar transforms" [_thread_blocked, id=7872, stack(0x0000000dcef00000,0x0000000dcf000000)]
  0x0000019275f09800 JavaThread "jar transforms Thread 2" [_thread_blocked, id=3708, stack(0x0000000dcf000000,0x0000000dcf100000)]
  0x00000192764aa000 JavaThread "jar transforms Thread 3" [_thread_blocked, id=17168, stack(0x0000000dcf100000,0x0000000dcf200000)]
  0x00000192764ab000 JavaThread "jar transforms Thread 4" [_thread_blocked, id=8296, stack(0x0000000dcf200000,0x0000000dcf300000)]
  0x00000192764a6000 JavaThread "Cache worker for checksums cache (D:\AndroidProject\EcommerceApp\.gradle\7.3.3\checksums)" [_thread_blocked, id=17288, stack(0x0000000dcf300000,0x0000000dcf400000)]
  0x00000192764a5800 JavaThread "Cache worker for cache directory md-supplier (C:\Users\Nada Said\.gradle\caches\7.3.3\md-supplier)" [_thread_blocked, id=16732, stack(0x0000000dceb00000,0x0000000dcec00000)]
  0x00000192764ac000 JavaThread "Cache worker for cache directory md-rule (C:\Users\Nada Said\.gradle\caches\7.3.3\md-rule)" [_thread_blocked, id=15032, stack(0x0000000dcf400000,0x0000000dcf500000)]
  0x00000192764a8800 JavaThread "Cache worker for execution history cache (C:\Users\Nada Said\.gradle\caches\7.3.3\executionHistory)" [_thread_blocked, id=1372, stack(0x0000000dcf500000,0x0000000dcf600000)]
=>0x000001927633c000 JavaThread "C2 CompilerThread1" daemon [_thread_in_native, id=9740, stack(0x0000000dcf600000,0x0000000dcf700000)]

Other Threads:
  0x00000192733cb000 VMThread "VM Thread" [stack: 0x0000000dcd000000,0x0000000dcd100000] [id=12028]
  0x0000019273ed9800 WatcherThread [stack: 0x0000000dcda00000,0x0000000dcdb00000] [id=13904]
  0x0000019259908000 GCTaskThread "GC Thread#0" [stack: 0x0000000dccb00000,0x0000000dccc00000] [id=9584]
  0x000001927442a000 GCTaskThread "GC Thread#1" [stack: 0x0000000dcdc00000,0x0000000dcdd00000] [id=3936]
  0x0000019274379000 GCTaskThread "GC Thread#2" [stack: 0x0000000dcdd00000,0x0000000dcde00000] [id=16028]
  0x0000019275d2d000 GCTaskThread "GC Thread#3" [stack: 0x0000000dce800000,0x0000000dce900000] [id=5264]
  0x000001925993a800 ConcurrentGCThread "G1 Main Marker" [stack: 0x0000000dccc00000,0x0000000dccd00000] [id=15952]
  0x000001925993b800 ConcurrentGCThread "G1 Conc#0" [stack: 0x0000000dccd00000,0x0000000dcce00000] [id=17236]
  0x00000192599cc000 ConcurrentGCThread "G1 Refine#0" [stack: 0x0000000dcce00000,0x0000000dccf00000] [id=2940]
  0x00000192599cd000 ConcurrentGCThread "G1 Young RemSet Sampling" [stack: 0x0000000dccf00000,0x0000000dcd000000] [id=9516]

Threads with active compile tasks:
C2 CompilerThread0   8597 2898       4       jdk.internal.loader.URLClassPath::getResource (74 bytes)
C2 CompilerThread1   8597 2862   !   4       java.lang.reflect.Executable::declaredAnnotations (85 bytes)

VM state:not at safepoint (normal execution)

VM Mutex/Monitor currently owned by a thread: None

Heap address: 0x0000000080000000, size: 2048 MB, Compressed Oops mode: 32-bit
Narrow klass base: 0x0000000000000000, Narrow klass shift: 3
Compressed class space size: 1073741824 Address: 0x0000000100000000

Heap:
 garbage-first heap   total 157696K, used 109215K [0x0000000080000000, 0x0000000100000000)
  region size 1024K, 82 young (83968K), 3 survivors (3072K)
 Metaspace       used 34193K, capacity 35147K, committed 35200K, reserved 1079296K
  class space    used 4602K, capacity 4950K, committed 4992K, reserved 1048576K
Heap Regions: E=young(eden), S=young(survivor), O=old, HS=humongous(starts), HC=humongous(continues), CS=collection set, F=free, A=archive, TAMS=top-at-mark-start (previous, next)
|   0|0x0000000080000000, 0x0000000080100000, 0x0000000080100000|100%|HS|  |TAMS 0x0000000080100000, 0x0000000080000000| Complete 
|   1|0x0000000080100000, 0x0000000080200000, 0x0000000080200000|100%|HC|  |TAMS 0x0000000080200000, 0x0000000080100000| Complete 
|   2|0x0000000080200000, 0x0000000080300000, 0x0000000080300000|100%|HC|  |TAMS 0x0000000080300000, 0x0000000080200000| Complete 
|   3|0x0000000080300000, 0x0000000080400000, 0x0000000080400000|100%| O|  |TAMS 0x0000000080400000, 0x0000000080300000| Untracked 
|   4|0x0000000080400000, 0x0000000080500000, 0x0000000080500000|100%| O|  |TAMS 0x0000000080500000, 0x0000000080400000| Untracked 
|   5|0x0000000080500000, 0x0000000080600000, 0x0000000080600000|100%| O|  |TAMS 0x0000000080600000, 0x0000000080500000| Untracked 
|   6|0x0000000080600000, 0x0000000080700000, 0x0000000080700000|100%| O|  |TAMS 0x0000000080700000, 0x0000000080600000| Untracked 
|   7|0x0000000080700000, 0x0000000080800000, 0x0000000080800000|100%| O|  |TAMS 0x0000000080800000, 0x0000000080700000| Untracked 
|   8|0x0000000080800000, 0x0000000080900000, 0x0000000080900000|100%| O|  |TAMS 0x0000000080900000, 0x0000000080800000| Untracked 
|   9|0x0000000080900000, 0x0000000080a00000, 0x0000000080a00000|100%| O|  |TAMS 0x0000000080a00000, 0x0000000080900000| Untracked 
|  10|0x0000000080a00000, 0x0000000080b00000, 0x0000000080b00000|100%| O|  |TAMS 0x0000000080b00000, 0x0000000080a00000| Untracked 
|  11|0x0000000080b00000, 0x0000000080c00000, 0x0000000080c00000|100%| O|  |TAMS 0x0000000080c00000, 0x0000000080b00000| Untracked 
|  12|0x0000000080c00000, 0x0000000080d00000, 0x0000000080d00000|100%| O|  |TAMS 0x0000000080d00000, 0x0000000080c00000| Untracked 
|  13|0x0000000080d00000, 0x0000000080e00000, 0x0000000080e00000|100%| O|  |TAMS 0x0000000080e00000, 0x0000000080d00000| Untracked 
|  14|0x0000000080e00000, 0x0000000080f00000, 0x0000000080f00000|100%| O|  |TAMS 0x0000000080f00000, 0x0000000080e00000| Untracked 
|  15|0x0000000080f00000, 0x0000000080fb3400, 0x0000000081000000| 70%| O|  |TAMS 0x0000000080fb3400, 0x0000000080f00000| Untracked 
|  16|0x0000000081000000, 0x0000000081100000, 0x0000000081100000|100%|HS|  |TAMS 0x0000000081000000, 0x0000000081000000| Complete 
|  17|0x0000000081100000, 0x0000000081200000, 0x0000000081200000|100%|HC|  |TAMS 0x0000000081100000, 0x0000000081100000| Complete 
|  18|0x0000000081200000, 0x0000000081300000, 0x0000000081300000|100%|HS|  |TAMS 0x0000000081200000, 0x0000000081200000| Complete 
|  19|0x0000000081300000, 0x0000000081400000, 0x0000000081400000|100%|HC|  |TAMS 0x0000000081300000, 0x0000000081300000| Complete 
|  20|0x0000000081400000, 0x0000000081500000, 0x0000000081500000|100%|HC|  |TAMS 0x0000000081400000, 0x0000000081400000| Complete 
|  21|0x0000000081500000, 0x0000000081600000, 0x0000000081600000|100%|HS|  |TAMS 0x0000000081500000, 0x0000000081500000| Complete 
|  22|0x0000000081600000, 0x0000000081700000, 0x0000000081700000|100%|HS|  |TAMS 0x0000000081600000, 0x0000000081600000| Complete 
|  23|0x0000000081700000, 0x0000000081800000, 0x0000000081800000|100%|HC|  |TAMS 0x0000000081700000, 0x0000000081700000| Complete 
|  24|0x0000000081800000, 0x0000000081900000, 0x0000000081900000|100%|HC|  |TAMS 0x0000000081800000, 0x0000000081800000| Complete 
|  25|0x0000000081900000, 0x0000000081a00000, 0x0000000081a00000|100%|HC|  |TAMS 0x0000000081900000, 0x0000000081900000| Complete 
|  26|0x0000000081a00000, 0x0000000081a00000, 0x0000000081b00000|  0%| F|  |TAMS 0x0000000081a00000, 0x0000000081a00000| Untracked 
|  27|0x0000000081b00000, 0x0000000081b00000, 0x0000000081c00000|  0%| F|  |TAMS 0x0000000081b00000, 0x0000000081b00000| Untracked 
|  28|0x0000000081c00000, 0x0000000081c00000, 0x0000000081d00000|  0%| F|  |TAMS 0x0000000081c00000, 0x0000000081c00000| Untracked 
|  29|0x0000000081d00000, 0x0000000081d00000, 0x0000000081e00000|  0%| F|  |TAMS 0x0000000081d00000, 0x0000000081d00000| Untracked 
|  30|0x0000000081e00000, 0x0000000081e00000, 0x0000000081f00000|  0%| F|  |TAMS 0x0000000081e00000, 0x0000000081e00000| Untracked 
|  31|0x0000000081f00000, 0x0000000081f00000, 0x0000000082000000|  0%| F|  |TAMS 0x0000000081f00000, 0x0000000081f00000| Untracked 
|  32|0x0000000082000000, 0x0000000082000000, 0x0000000082100000|  0%| F|  |TAMS 0x0000000082000000, 0x0000000082000000| Untracked 
|  33|0x0000000082100000, 0x0000000082100000, 0x0000000082200000|  0%| F|  |TAMS 0x0000000082100000, 0x0000000082100000| Untracked 
|  34|0x0000000082200000, 0x0000000082200000, 0x0000000082300000|  0%| F|  |TAMS 0x0000000082200000, 0x0000000082200000| Untracked 
|  35|0x0000000082300000, 0x0000000082300000, 0x0000000082400000|  0%| F|  |TAMS 0x0000000082300000, 0x0000000082300000| Untracked 
|  36|0x0000000082400000, 0x0000000082400000, 0x0000000082500000|  0%| F|  |TAMS 0x0000000082400000, 0x0000000082400000| Untracked 
|  37|0x0000000082500000, 0x0000000082500000, 0x0000000082600000|  0%| F|  |TAMS 0x0000000082500000, 0x0000000082500000| Untracked 
|  38|0x0000000082600000, 0x0000000082600000, 0x0000000082700000|  0%| F|  |TAMS 0x0000000082600000, 0x0000000082600000| Untracked 
|  39|0x0000000082700000, 0x0000000082700000, 0x0000000082800000|  0%| F|  |TAMS 0x0000000082700000, 0x0000000082700000| Untracked 
|  40|0x0000000082800000, 0x0000000082800000, 0x0000000082900000|  0%| F|  |TAMS 0x0000000082800000, 0x0000000082800000| Untracked 
|  41|0x0000000082900000, 0x0000000082900000, 0x0000000082a00000|  0%| F|  |TAMS 0x0000000082900000, 0x0000000082900000| Untracked 
|  42|0x0000000082a00000, 0x0000000082a00000, 0x0000000082b00000|  0%| F|  |TAMS 0x0000000082a00000, 0x0000000082a00000| Untracked 
|  43|0x0000000082b00000, 0x0000000082b00000, 0x0000000082c00000|  0%| F|  |TAMS 0x0000000082b00000, 0x0000000082b00000| Untracked 
|  44|0x0000000082c00000, 0x0000000082c00000, 0x0000000082d00000|  0%| F|  |TAMS 0x0000000082c00000, 0x0000000082c00000| Untracked 
|  45|0x0000000082d00000, 0x0000000082d00000, 0x0000000082e00000|  0%| F|  |TAMS 0x0000000082d00000, 0x0000000082d00000| Untracked 
|  46|0x0000000082e00000, 0x0000000082e00000, 0x0000000082f00000|  0%| F|  |TAMS 0x0000000082e00000, 0x0000000082e00000| Untracked 
|  47|0x0000000082f00000, 0x0000000082f00000, 0x0000000083000000|  0%| F|  |TAMS 0x0000000082f00000, 0x0000000082f00000| Untracked 
|  48|0x0000000083000000, 0x0000000083000000, 0x0000000083100000|  0%| F|  |TAMS 0x0000000083000000, 0x0000000083000000| Untracked 
|  49|0x0000000083100000, 0x0000000083100000, 0x0000000083200000|  0%| F|  |TAMS 0x0000000083100000, 0x0000000083100000| Untracked 
|  50|0x0000000083200000, 0x0000000083200000, 0x0000000083300000|  0%| F|  |TAMS 0x0000000083200000, 0x0000000083200000| Untracked 
|  51|0x0000000083300000, 0x0000000083300000, 0x0000000083400000|  0%| F|  |TAMS 0x0000000083300000, 0x0000000083300000| Untracked 
|  52|0x0000000083400000, 0x0000000083400000, 0x0000000083500000|  0%| F|  |TAMS 0x0000000083400000, 0x0000000083400000| Untracked 
|  53|0x0000000083500000, 0x0000000083500000, 0x0000000083600000|  0%| F|  |TAMS 0x0000000083500000, 0x0000000083500000| Untracked 
|  54|0x0000000083600000, 0x0000000083600000, 0x0000000083700000|  0%| F|  |TAMS 0x0000000083600000, 0x0000000083600000| Untracked 
|  55|0x0000000083700000, 0x0000000083700000, 0x0000000083800000|  0%| F|  |TAMS 0x0000000083700000, 0x0000000083700000| Untracked 
|  56|0x0000000083800000, 0x0000000083800000, 0x0000000083900000|  0%| F|  |TAMS 0x0000000083800000, 0x0000000083800000| Untracked 
|  57|0x0000000083900000, 0x0000000083900000, 0x0000000083a00000|  0%| F|  |TAMS 0x0000000083900000, 0x0000000083900000| Untracked 
|  58|0x0000000083a00000, 0x0000000083a00000, 0x0000000083b00000|  0%| F|  |TAMS 0x0000000083a00000, 0x0000000083a00000| Untracked 
|  59|0x0000000083b00000, 0x0000000083b00000, 0x0000000083c00000|  0%| F|  |TAMS 0x0000000083b00000, 0x0000000083b00000| Untracked 
|  60|0x0000000083c00000, 0x0000000083c00000, 0x0000000083d00000|  0%| F|  |TAMS 0x0000000083c00000, 0x0000000083c00000| Untracked 
|  61|0x0000000083d00000, 0x0000000083d00000, 0x0000000083e00000|  0%| F|  |TAMS 0x0000000083d00000, 0x0000000083d00000| Untracked 
|  62|0x0000000083e00000, 0x0000000083e00000, 0x0000000083f00000|  0%| F|  |TAMS 0x0000000083e00000, 0x0000000083e00000| Untracked 
|  63|0x0000000083f00000, 0x0000000083f00000, 0x0000000084000000|  0%| F|  |TAMS 0x0000000083f00000, 0x0000000083f00000| Untracked 
|  64|0x0000000084000000, 0x0000000084000000, 0x0000000084100000|  0%| F|  |TAMS 0x0000000084000000, 0x0000000084000000| Untracked 
|  65|0x0000000084100000, 0x0000000084100000, 0x0000000084200000|  0%| F|  |TAMS 0x0000000084100000, 0x0000000084100000| Untracked 
|  66|0x0000000084200000, 0x0000000084200000, 0x0000000084300000|  0%| F|  |TAMS 0x0000000084200000, 0x0000000084200000| Untracked 
|  67|0x0000000084300000, 0x0000000084300000, 0x0000000084400000|  0%| F|  |TAMS 0x0000000084300000, 0x0000000084300000| Untracked 
|  68|0x0000000084400000, 0x0000000084400000, 0x0000000084500000|  0%| F|  |TAMS 0x0000000084400000, 0x0000000084400000| Untracked 
|  69|0x0000000084500000, 0x0000000084500000, 0x0000000084600000|  0%| F|  |TAMS 0x0000000084500000, 0x0000000084500000| Untracked 
|  70|0x0000000084600000, 0x0000000084600000, 0x0000000084700000|  0%| F|  |TAMS 0x0000000084600000, 0x0000000084600000| Untracked 
|  71|0x0000000084700000, 0x0000000084700000, 0x0000000084800000|  0%| F|  |TAMS 0x0000000084700000, 0x0000000084700000| Untracked 
|  72|0x0000000084800000, 0x0000000084900000, 0x0000000084900000|100%| E|  |TAMS 0x0000000084800000, 0x0000000084800000| Complete 
|  73|0x0000000084900000, 0x0000000084a00000, 0x0000000084a00000|100%| E|CS|TAMS 0x0000000084900000, 0x0000000084900000| Complete 
|  74|0x0000000084a00000, 0x0000000084af4900, 0x0000000084b00000| 95%| S|CS|TAMS 0x0000000084a00000, 0x0000000084a00000| Complete 
|  75|0x0000000084b00000, 0x0000000084c00000, 0x0000000084c00000|100%| S|CS|TAMS 0x0000000084b00000, 0x0000000084b00000| Complete 
|  76|0x0000000084c00000, 0x0000000084d00000, 0x0000000084d00000|100%| S|CS|TAMS 0x0000000084c00000, 0x0000000084c00000| Complete 
|  77|0x0000000084d00000, 0x0000000084e00000, 0x0000000084e00000|100%| E|CS|TAMS 0x0000000084d00000, 0x0000000084d00000| Complete 
|  78|0x0000000084e00000, 0x0000000084f00000, 0x0000000084f00000|100%| E|CS|TAMS 0x0000000084e00000, 0x0000000084e00000| Complete 
|  79|0x0000000084f00000, 0x0000000085000000, 0x0000000085000000|100%| E|CS|TAMS 0x0000000084f00000, 0x0000000084f00000| Complete 
|  80|0x0000000085000000, 0x0000000085100000, 0x0000000085100000|100%| E|CS|TAMS 0x0000000085000000, 0x0000000085000000| Complete 
|  81|0x0000000085100000, 0x0000000085200000, 0x0000000085200000|100%| E|CS|TAMS 0x0000000085100000, 0x0000000085100000| Complete 
|  82|0x0000000085200000, 0x0000000085300000, 0x0000000085300000|100%| E|CS|TAMS 0x0000000085200000, 0x0000000085200000| Complete 
|  83|0x0000000085300000, 0x0000000085400000, 0x0000000085400000|100%| E|CS|TAMS 0x0000000085300000, 0x0000000085300000| Complete 
|  84|0x0000000085400000, 0x0000000085500000, 0x0000000085500000|100%| E|CS|TAMS 0x0000000085400000, 0x0000000085400000| Complete 
|  85|0x0000000085500000, 0x0000000085600000, 0x0000000085600000|100%| E|CS|TAMS 0x0000000085500000, 0x0000000085500000| Complete 
|  86|0x0000000085600000, 0x0000000085700000, 0x0000000085700000|100%| E|CS|TAMS 0x0000000085600000, 0x0000000085600000| Complete 
|  87|0x0000000085700000, 0x0000000085800000, 0x0000000085800000|100%| E|CS|TAMS 0x0000000085700000, 0x0000000085700000| Complete 
|  88|0x0000000085800000, 0x0000000085900000, 0x0000000085900000|100%| E|CS|TAMS 0x0000000085800000, 0x0000000085800000| Complete 
|  89|0x0000000085900000, 0x0000000085a00000, 0x0000000085a00000|100%| E|CS|TAMS 0x0000000085900000, 0x0000000085900000| Complete 
|  90|0x0000000085a00000, 0x0000000085b00000, 0x0000000085b00000|100%| E|CS|TAMS 0x0000000085a00000, 0x0000000085a00000| Complete 
|  91|0x0000000085b00000, 0x0000000085c00000, 0x0000000085c00000|100%| E|CS|TAMS 0x0000000085b00000, 0x0000000085b00000| Complete 
|  92|0x0000000085c00000, 0x0000000085d00000, 0x0000000085d00000|100%| E|CS|TAMS 0x0000000085c00000, 0x0000000085c00000| Complete 
|  93|0x0000000085d00000, 0x0000000085e00000, 0x0000000085e00000|100%| E|CS|TAMS 0x0000000085d00000, 0x0000000085d00000| Complete 
|  94|0x0000000085e00000, 0x0000000085f00000, 0x0000000085f00000|100%| E|CS|TAMS 0x0000000085e00000, 0x0000000085e00000| Complete 
|  95|0x0000000085f00000, 0x0000000086000000, 0x0000000086000000|100%| E|CS|TAMS 0x0000000085f00000, 0x0000000085f00000| Complete 
|  96|0x0000000086000000, 0x0000000086100000, 0x0000000086100000|100%| E|CS|TAMS 0x0000000086000000, 0x0000000086000000| Complete 
|  97|0x0000000086100000, 0x0000000086200000, 0x0000000086200000|100%| E|CS|TAMS 0x0000000086100000, 0x0000000086100000| Complete 
|  98|0x0000000086200000, 0x0000000086300000, 0x0000000086300000|100%| E|CS|TAMS 0x0000000086200000, 0x0000000086200000| Complete 
|  99|0x0000000086300000, 0x0000000086400000, 0x0000000086400000|100%| E|CS|TAMS 0x0000000086300000, 0x0000000086300000| Complete 
| 100|0x0000000086400000, 0x0000000086500000, 0x0000000086500000|100%| E|CS|TAMS 0x0000000086400000, 0x0000000086400000| Complete 
| 101|0x0000000086500000, 0x0000000086600000, 0x0000000086600000|100%| E|CS|TAMS 0x0000000086500000, 0x0000000086500000| Complete 
| 102|0x0000000086600000, 0x0000000086700000, 0x0000000086700000|100%| E|CS|TAMS 0x0000000086600000, 0x0000000086600000| Complete 
| 103|0x0000000086700000, 0x0000000086800000, 0x0000000086800000|100%| E|CS|TAMS 0x0000000086700000, 0x0000000086700000| Complete 
| 104|0x0000000086800000, 0x0000000086900000, 0x0000000086900000|100%| E|CS|TAMS 0x0000000086800000, 0x0000000086800000| Complete 
| 105|0x0000000086900000, 0x0000000086a00000, 0x0000000086a00000|100%| E|CS|TAMS 0x0000000086900000, 0x0000000086900000| Complete 
| 106|0x0000000086a00000, 0x0000000086b00000, 0x0000000086b00000|100%| E|CS|TAMS 0x0000000086a00000, 0x0000000086a00000| Complete 
| 107|0x0000000086b00000, 0x0000000086c00000, 0x0000000086c00000|100%| E|CS|TAMS 0x0000000086b00000, 0x0000000086b00000| Complete 
| 108|0x0000000086c00000, 0x0000000086d00000, 0x0000000086d00000|100%| E|CS|TAMS 0x0000000086c00000, 0x0000000086c00000| Complete 
| 109|0x0000000086d00000, 0x0000000086e00000, 0x0000000086e00000|100%| E|CS|TAMS 0x0000000086d00000, 0x0000000086d00000| Complete 
| 110|0x0000000086e00000, 0x0000000086f00000, 0x0000000086f00000|100%| E|CS|TAMS 0x0000000086e00000, 0x0000000086e00000| Complete 
| 111|0x0000000086f00000, 0x0000000087000000, 0x0000000087000000|100%| E|CS|TAMS 0x0000000086f00000, 0x0000000086f00000| Complete 
| 112|0x0000000087000000, 0x0000000087100000, 0x0000000087100000|100%| E|CS|TAMS 0x0000000087000000, 0x0000000087000000| Complete 
| 113|0x0000000087100000, 0x0000000087200000, 0x0000000087200000|100%| E|CS|TAMS 0x0000000087100000, 0x0000000087100000| Complete 
| 114|0x0000000087200000, 0x0000000087300000, 0x0000000087300000|100%| E|CS|TAMS 0x0000000087200000, 0x0000000087200000| Complete 
| 115|0x0000000087300000, 0x0000000087400000, 0x0000000087400000|100%| E|CS|TAMS 0x0000000087300000, 0x0000000087300000| Complete 
| 116|0x0000000087400000, 0x0000000087500000, 0x0000000087500000|100%| E|CS|TAMS 0x0000000087400000, 0x0000000087400000| Complete 
| 117|0x0000000087500000, 0x0000000087600000, 0x0000000087600000|100%| E|CS|TAMS 0x0000000087500000, 0x0000000087500000| Complete 
| 118|0x0000000087600000, 0x0000000087700000, 0x0000000087700000|100%| E|CS|TAMS 0x0000000087600000, 0x0000000087600000| Complete 
| 119|0x0000000087700000, 0x0000000087800000, 0x0000000087800000|100%| E|CS|TAMS 0x0000000087700000, 0x0000000087700000| Complete 
| 120|0x0000000087800000, 0x0000000087900000, 0x0000000087900000|100%| E|CS|TAMS 0x0000000087800000, 0x0000000087800000| Complete 
| 121|0x0000000087900000, 0x0000000087a00000, 0x0000000087a00000|100%| E|CS|TAMS 0x0000000087900000, 0x0000000087900000| Complete 
| 122|0x0000000087a00000, 0x0000000087b00000, 0x0000000087b00000|100%| E|CS|TAMS 0x0000000087a00000, 0x0000000087a00000| Complete 
| 123|0x0000000087b00000, 0x0000000087c00000, 0x0000000087c00000|100%| E|CS|TAMS 0x0000000087b00000, 0x0000000087b00000| Complete 
| 124|0x0000000087c00000, 0x0000000087d00000, 0x0000000087d00000|100%| E|CS|TAMS 0x0000000087c00000, 0x0000000087c00000| Complete 
| 125|0x0000000087d00000, 0x0000000087e00000, 0x0000000087e00000|100%| E|CS|TAMS 0x0000000087d00000, 0x0000000087d00000| Complete 
| 126|0x0000000087e00000, 0x0000000087f00000, 0x0000000087f00000|100%| E|CS|TAMS 0x0000000087e00000, 0x0000000087e00000| Complete 
| 127|0x0000000087f00000, 0x0000000088000000, 0x0000000088000000|100%| E|CS|TAMS 0x0000000087f00000, 0x0000000087f00000| Complete 
| 128|0x0000000088000000, 0x0000000088100000, 0x0000000088100000|100%| E|CS|TAMS 0x0000000088000000, 0x0000000088000000| Complete 
| 129|0x0000000088100000, 0x0000000088200000, 0x0000000088200000|100%| E|CS|TAMS 0x0000000088100000, 0x0000000088100000| Complete 
| 130|0x0000000088200000, 0x0000000088300000, 0x0000000088300000|100%| E|CS|TAMS 0x0000000088200000, 0x0000000088200000| Complete 
| 131|0x0000000088300000, 0x0000000088400000, 0x0000000088400000|100%| E|CS|TAMS 0x0000000088300000, 0x0000000088300000| Complete 
| 132|0x0000000088400000, 0x0000000088500000, 0x0000000088500000|100%| E|CS|TAMS 0x0000000088400000, 0x0000000088400000| Complete 
| 133|0x0000000088500000, 0x0000000088600000, 0x0000000088600000|100%| E|CS|TAMS 0x0000000088500000, 0x0000000088500000| Complete 
| 134|0x0000000088600000, 0x0000000088700000, 0x0000000088700000|100%| E|CS|TAMS 0x0000000088600000, 0x0000000088600000| Complete 
| 135|0x0000000088700000, 0x0000000088800000, 0x0000000088800000|100%| E|CS|TAMS 0x0000000088700000, 0x0000000088700000| Complete 
| 136|0x0000000088800000, 0x0000000088900000, 0x0000000088900000|100%| E|CS|TAMS 0x0000000088800000, 0x0000000088800000| Complete 
| 137|0x0000000088900000, 0x0000000088a00000, 0x0000000088a00000|100%| E|CS|TAMS 0x0000000088900000, 0x0000000088900000| Complete 
| 138|0x0000000088a00000, 0x0000000088b00000, 0x0000000088b00000|100%| E|CS|TAMS 0x0000000088a00000, 0x0000000088a00000| Complete 
| 139|0x0000000088b00000, 0x0000000088c00000, 0x0000000088c00000|100%| E|CS|TAMS 0x0000000088b00000, 0x0000000088b00000| Complete 
| 140|0x0000000088c00000, 0x0000000088d00000, 0x0000000088d00000|100%| E|CS|TAMS 0x0000000088c00000, 0x0000000088c00000| Complete 
| 141|0x0000000088d00000, 0x0000000088e00000, 0x0000000088e00000|100%| E|CS|TAMS 0x0000000088d00000, 0x0000000088d00000| Complete 
| 142|0x0000000088e00000, 0x0000000088f00000, 0x0000000088f00000|100%| E|CS|TAMS 0x0000000088e00000, 0x0000000088e00000| Complete 
| 143|0x0000000088f00000, 0x0000000089000000, 0x0000000089000000|100%| E|CS|TAMS 0x0000000088f00000, 0x0000000088f00000| Complete 
| 144|0x0000000089000000, 0x0000000089100000, 0x0000000089100000|100%| E|CS|TAMS 0x0000000089000000, 0x0000000089000000| Complete 
| 145|0x0000000089100000, 0x0000000089200000, 0x0000000089200000|100%| E|CS|TAMS 0x0000000089100000, 0x0000000089100000| Complete 
| 146|0x0000000089200000, 0x0000000089300000, 0x0000000089300000|100%| E|CS|TAMS 0x0000000089200000, 0x0000000089200000| Complete 
| 147|0x0000000089300000, 0x0000000089400000, 0x0000000089400000|100%| E|CS|TAMS 0x0000000089300000, 0x0000000089300000| Complete 
| 148|0x0000000089400000, 0x0000000089500000, 0x0000000089500000|100%| E|CS|TAMS 0x0000000089400000, 0x0000000089400000| Complete 
| 149|0x0000000089500000, 0x0000000089600000, 0x0000000089600000|100%| E|CS|TAMS 0x0000000089500000, 0x0000000089500000| Complete 
| 150|0x0000000089600000, 0x0000000089700000, 0x0000000089700000|100%| E|CS|TAMS 0x0000000089600000, 0x0000000089600000| Complete 
| 151|0x0000000089700000, 0x0000000089800000, 0x0000000089800000|100%| E|CS|TAMS 0x0000000089700000, 0x0000000089700000| Complete 
| 152|0x0000000089800000, 0x0000000089900000, 0x0000000089900000|100%| E|CS|TAMS 0x0000000089800000, 0x0000000089800000| Complete 
| 153|0x0000000089900000, 0x0000000089a00000, 0x0000000089a00000|100%| E|CS|TAMS 0x0000000089900000, 0x0000000089900000| Complete 

Card table byte_map: [0x000001926c800000,0x000001926cc00000] _byte_map_base: 0x000001926c400000

Marking Bits (Prev, Next): (CMBitMap*) 0x0000019259931c70, (CMBitMap*) 0x0000019259931c38
 Prev Bits: [0x000001926f000000, 0x0000019271000000)
 Next Bits: [0x000001926d000000, 0x000001926f000000)

Polling page: 0x0000019257610000

Metaspace:

Usage:
  Non-class:     29.50 MB capacity,    28.90 MB ( 98%) used,   524.10 KB (  2%) free+waste,    83.50 KB ( <1%) overhead. 
      Class:      4.84 MB capacity,     4.50 MB ( 93%) used,   307.75 KB (  6%) free+waste,    41.88 KB ( <1%) overhead. 
       Both:     34.33 MB capacity,    33.40 MB ( 97%) used,   831.85 KB (  2%) free+waste,   125.38 KB ( <1%) overhead. 

Virtual space:
  Non-class space:       30.00 MB reserved,      29.50 MB ( 98%) committed 
      Class space:        1.00 GB reserved,       4.88 MB ( <1%) committed 
             Both:        1.03 GB reserved,      34.38 MB (  3%) committed 

Chunk freelists:
   Non-Class:  3.00 KB
       Class:  6.00 KB
        Both:  9.00 KB

MaxMetaspaceSize: 17179869184.00 GB
CompressedClassSpaceSize: 1.00 GB
Initial GC threshold: 20.80 MB
Current GC threshold: 35.00 MB
CDS: off

CodeHeap 'non-profiled nmethods': size=120064Kb used=1530Kb max_used=1530Kb free=118533Kb
 bounds [0x0000019264ec0000, 0x0000019265130000, 0x000001926c400000]
CodeHeap 'profiled nmethods': size=120000Kb used=6363Kb max_used=6363Kb free=113636Kb
 bounds [0x000001925d990000, 0x000001925dfd0000, 0x0000019264ec0000]
CodeHeap 'non-nmethods': size=5696Kb used=1242Kb max_used=1319Kb free=4454Kb
 bounds [0x000001925d400000, 0x000001925d670000, 0x000001925d990000]
 total_blobs=3463 nmethods=2949 adapters=426
 compilation: enabled
              stopped_count=0, restarted_count=0
 full_count=0

Compilation events (20 events):
Event: 8.423 Thread 0x0000019273401000 2956       3       java.util.stream.Sink::end (1 bytes)
Event: 8.424 Thread 0x0000019273401000 nmethod 2956 0x000001925dfc0690 code [0x000001925dfc0840, 0x000001925dfc0938]
Event: 8.425 Thread 0x0000019273401000 2957       3       java.util.stream.AbstractPipeline::wrapSink (37 bytes)
Event: 8.425 Thread 0x0000019273401000 nmethod 2957 0x000001925dfc0a10 code [0x000001925dfc0c00, 0x000001925dfc0ff8]
Event: 8.425 Thread 0x0000019273401000 2958       3       java.util.stream.AbstractPipeline::copyInto (54 bytes)
Event: 8.426 Thread 0x0000019273401000 nmethod 2958 0x000001925dfc1190 code [0x000001925dfc13c0, 0x000001925dfc1a98]
Event: 8.429 Thread 0x0000019273401000 2959       3       java.util.ImmutableCollections$Set12::iterator (9 bytes)
Event: 8.429 Thread 0x0000019273401000 nmethod 2959 0x000001925dfc1d10 code [0x000001925dfc1ee0, 0x000001925dfc2218]
Event: 8.430 Thread 0x0000019273401000 2960       3       java.util.stream.AbstractPipeline::evaluate (94 bytes)
Event: 8.430 Thread 0x0000019273401000 nmethod 2960 0x000001925dfc2310 code [0x000001925dfc2540, 0x000001925dfc2ba8]
Event: 8.431 Thread 0x0000019273401000 2961       3       java.util.Spliterators$IteratorSpliterator::<init> (39 bytes)
Event: 8.432 Thread 0x0000019273401000 nmethod 2961 0x000001925dfc2d90 code [0x000001925dfc2f40, 0x000001925dfc3198]
Event: 8.437 Thread 0x0000019273401000 2962       3       org.codehaus.groovy.vmplugin.v9.Java9::isOpen (21 bytes)
Event: 8.438 Thread 0x0000019273401000 nmethod 2962 0x000001925dfc3290 code [0x000001925dfc34c0, 0x000001925dfc3bb8]
Event: 8.438 Thread 0x0000019273401000 2963       3       org.codehaus.groovy.vmplugin.v9.Java9$$Lambda$334/0x00000001004ce040::get$Lambda (9 bytes)
Event: 8.438 Thread 0x0000019273401000 nmethod 2963 0x000001925dfc3e10 code [0x000001925dfc3fe0, 0x000001925dfc4238]
Event: 8.438 Thread 0x0000019273401000 2964       3       org.codehaus.groovy.vmplugin.v9.Java9::isExported (21 bytes)
Event: 8.439 Thread 0x0000019273401000 nmethod 2964 0x000001925dfc4310 code [0x000001925dfc4540, 0x000001925dfc4c38]
Event: 8.444 Thread 0x0000019273401000 2966       1       java.lang.module.ModuleDescriptor$Opens::source (5 bytes)
Event: 8.444 Thread 0x0000019273401000 nmethod 2966 0x000001926503e390 code [0x000001926503e540, 0x000001926503e5f8]

GC Heap History (12 events):
Event: 0.802 GC heap before
{Heap before GC invocations=0 (full 0):
 garbage-first heap   total 131072K, used 17408K [0x0000000080000000, 0x0000000100000000)
  region size 1024K, 14 young (14336K), 0 survivors (0K)
 Metaspace       used 6778K, capacity 6985K, committed 7168K, reserved 1056768K
  class space    used 584K, capacity 650K, committed 768K, reserved 1048576K
}
Event: 0.811 GC heap after
{Heap after GC invocations=1 (full 0):
 garbage-first heap   total 131072K, used 4339K [0x0000000080000000, 0x0000000100000000)
  region size 1024K, 2 young (2048K), 2 survivors (2048K)
 Metaspace       used 6778K, capacity 6985K, committed 7168K, reserved 1056768K
  class space    used 584K, capacity 650K, committed 768K, reserved 1048576K
}
Event: 1.294 GC heap before
{Heap before GC invocations=1 (full 0):
 garbage-first heap   total 131072K, used 18675K [0x0000000080000000, 0x0000000100000000)
  region size 1024K, 13 young (13312K), 2 survivors (2048K)
 Metaspace       used 9902K, capacity 10114K, committed 10368K, reserved 1058816K
  class space    used 1028K, capacity 1102K, committed 1152K, reserved 1048576K
}
Event: 1.299 GC heap after
{Heap after GC invocations=2 (full 0):
 garbage-first heap   total 131072K, used 9259K [0x0000000080000000, 0x0000000100000000)
  region size 1024K, 2 young (2048K), 2 survivors (2048K)
 Metaspace       used 9902K, capacity 10114K, committed 10368K, reserved 1058816K
  class space    used 1028K, capacity 1102K, committed 1152K, reserved 1048576K
}
Event: 2.075 GC heap before
{Heap before GC invocations=2 (full 0):
 garbage-first heap   total 131072K, used 36907K [0x0000000080000000, 0x0000000100000000)
  region size 1024K, 29 young (29696K), 2 survivors (2048K)
 Metaspace       used 10908K, capacity 11133K, committed 11264K, reserved 1058816K
  class space    used 1131K, capacity 1207K, committed 1280K, reserved 1048576K
}
Event: 2.079 GC heap after
{Heap after GC invocations=3 (full 0):
 garbage-first heap   total 131072K, used 10315K [0x0000000080000000, 0x0000000100000000)
  region size 1024K, 3 young (3072K), 3 survivors (3072K)
 Metaspace       used 10908K, capacity 11133K, committed 11264K, reserved 1058816K
  class space    used 1131K, capacity 1207K, committed 1280K, reserved 1048576K
}
Event: 4.114 GC heap before
{Heap before GC invocations=3 (full 0):
 garbage-first heap   total 131072K, used 52299K [0x0000000080000000, 0x0000000100000000)
  region size 1024K, 43 young (44032K), 3 survivors (3072K)
 Metaspace       used 17601K, capacity 17985K, committed 18176K, reserved 1064960K
  class space    used 2044K, capacity 2182K, committed 2304K, reserved 1048576K
}
Event: 4.138 GC heap after
{Heap after GC invocations=4 (full 0):
 garbage-first heap   total 131072K, used 15754K [0x0000000080000000, 0x0000000100000000)
  region size 1024K, 6 young (6144K), 6 survivors (6144K)
 Metaspace       used 17601K, capacity 17985K, committed 18176K, reserved 1064960K
  class space    used 2044K, capacity 2182K, committed 2304K, reserved 1048576K
}
Event: 4.645 GC heap before
{Heap before GC invocations=4 (full 0):
 garbage-first heap   total 131072K, used 46474K [0x0000000080000000, 0x0000000100000000)
  region size 1024K, 37 young (37888K), 6 survivors (6144K)
 Metaspace       used 20659K, capacity 21113K, committed 21248K, reserved 1067008K
  class space    used 2531K, capacity 2694K, committed 2816K, reserved 1048576K
}
Event: 4.658 GC heap after
{Heap after GC invocations=5 (full 0):
 garbage-first heap   total 131072K, used 17359K [0x0000000080000000, 0x0000000100000000)
  region size 1024K, 2 young (2048K), 2 survivors (2048K)
 Metaspace       used 20659K, capacity 21113K, committed 21248K, reserved 1067008K
  class space    used 2531K, capacity 2694K, committed 2816K, reserved 1048576K
}
Event: 5.755 GC heap before
{Heap before GC invocations=6 (full 0):
 garbage-first heap   total 131072K, used 66511K [0x0000000080000000, 0x0000000100000000)
  region size 1024K, 51 young (52224K), 2 survivors (2048K)
 Metaspace       used 25899K, capacity 26464K, committed 26624K, reserved 1073152K
  class space    used 3336K, capacity 3568K, committed 3584K, reserved 1048576K
}
Event: 5.765 GC heap after
{Heap after GC invocations=7 (full 0):
 garbage-first heap   total 157696K, used 19103K [0x0000000080000000, 0x0000000100000000)
  region size 1024K, 3 young (3072K), 3 survivors (3072K)
 Metaspace       used 25899K, capacity 26464K, committed 26624K, reserved 1073152K
  class space    used 3336K, capacity 3568K, committed 3584K, reserved 1048576K
}

Deoptimization events (20 events):
Event: 8.196 Thread 0x0000019276114000 Uncommon trap: trap_request=0xffffff4d fr.pc=0x000001926502b250 relative=0x0000000000000eb0
Event: 8.196 Thread 0x0000019276114000 Uncommon trap: reason=unstable_if action=reinterpret pc=0x000001926502b250 method=java.lang.ClassLoader.getClassLoadingLock(Ljava/lang/String;)Ljava/lang/Object; @ 6 c2
Event: 8.196 Thread 0x0000019276114000 DEOPT PACKING pc=0x000001926502b250 sp=0x0000000dce4f68d0
Event: 8.196 Thread 0x0000019276114000 DEOPT UNPACKING pc=0x000001925d44a1af sp=0x0000000dce4f6830 mode 2
Event: 8.267 Thread 0x0000019276114000 Uncommon trap: trap_request=0xffffffc6 fr.pc=0x0000019264ffaad4 relative=0x0000000000000854
Event: 8.268 Thread 0x0000019276114000 Uncommon trap: reason=bimorphic_or_optimized_type_check action=maybe_recompile pc=0x0000019264ffaad4 method=java.io.BufferedInputStream.read([BII)I @ 101 c2
Event: 8.268 Thread 0x0000019276114000 DEOPT PACKING pc=0x0000019264ffaad4 sp=0x0000000dce4f76d0
Event: 8.268 Thread 0x0000019276114000 DEOPT UNPACKING pc=0x000001925d44a1af sp=0x0000000dce4f7688 mode 2
Event: 8.268 Thread 0x0000019276114000 Uncommon trap: trap_request=0xffffffc6 fr.pc=0x0000019264ffaad4 relative=0x0000000000000854
Event: 8.268 Thread 0x0000019276114000 Uncommon trap: reason=bimorphic_or_optimized_type_check action=maybe_recompile pc=0x0000019264ffaad4 method=java.io.BufferedInputStream.read([BII)I @ 101 c2
Event: 8.268 Thread 0x0000019276114000 DEOPT PACKING pc=0x0000019264ffaad4 sp=0x0000000dce4f76d0
Event: 8.268 Thread 0x0000019276114000 DEOPT UNPACKING pc=0x000001925d44a1af sp=0x0000000dce4f7688 mode 2
Event: 8.269 Thread 0x0000019276114000 Uncommon trap: trap_request=0xffffffc6 fr.pc=0x0000019264ffaad4 relative=0x0000000000000854
Event: 8.269 Thread 0x0000019276114000 Uncommon trap: reason=bimorphic_or_optimized_type_check action=maybe_recompile pc=0x0000019264ffaad4 method=java.io.BufferedInputStream.read([BII)I @ 101 c2
Event: 8.269 Thread 0x0000019276114000 DEOPT PACKING pc=0x0000019264ffaad4 sp=0x0000000dce4f76d0
Event: 8.269 Thread 0x0000019276114000 DEOPT UNPACKING pc=0x000001925d44a1af sp=0x0000000dce4f7688 mode 2
Event: 8.271 Thread 0x0000019276114000 Uncommon trap: trap_request=0xffffffc6 fr.pc=0x0000019264ffaad4 relative=0x0000000000000854
Event: 8.271 Thread 0x0000019276114000 Uncommon trap: reason=bimorphic_or_optimized_type_check action=maybe_recompile pc=0x0000019264ffaad4 method=java.io.BufferedInputStream.read([BII)I @ 101 c2
Event: 8.271 Thread 0x0000019276114000 DEOPT PACKING pc=0x0000019264ffaad4 sp=0x0000000dce4f76d0
Event: 8.271 Thread 0x0000019276114000 DEOPT UNPACKING pc=0x000001925d44a1af sp=0x0000000dce4f7688 mode 2

Classes redefined (0 events):
No events

Internal exceptions (20 events):
Event: 6.462 Thread 0x0000019276114000 Exception <a 'java/lang/NoSuchMethodError'{0x0000000088645fa0}: <clinit>> (0x0000000088645fa0) thrown at [./src/hotspot/share/prims/jni.cpp, line 1365]
Event: 6.462 Thread 0x0000019276114000 Exception <a 'java/lang/NoSuchMethodError'{0x0000000088647538}: <clinit>> (0x0000000088647538) thrown at [./src/hotspot/share/prims/jni.cpp, line 1365]
Event: 6.462 Thread 0x0000019276114000 Exception <a 'java/lang/NoSuchMethodError'{0x0000000088648c98}: <clinit>> (0x0000000088648c98) thrown at [./src/hotspot/share/prims/jni.cpp, line 1365]
Event: 6.463 Thread 0x0000019276114000 Exception <a 'java/lang/NoSuchMethodError'{0x000000008864a330}: <clinit>> (0x000000008864a330) thrown at [./src/hotspot/share/prims/jni.cpp, line 1365]
Event: 6.463 Thread 0x0000019276114000 Exception <a 'java/lang/NoSuchMethodError'{0x000000008864b868}: <clinit>> (0x000000008864b868) thrown at [./src/hotspot/share/prims/jni.cpp, line 1365]
Event: 6.820 Thread 0x0000019276114000 Exception <a 'java/lang/NoSuchMethodError'{0x00000000876f21e0}: 'java.lang.Object java.lang.invoke.DirectMethodHandle$Holder.invokeSpecialIFC(java.lang.Object, java.lang.Object, java.lang.Object, java.lang.Object)'> (0x00000000876f21e0) thrown at [./src/hotspot/share/interpreter/linkResolver.cpp, line 773]
Event: 6.851 Thread 0x0000019276114000 Exception <a 'java/lang/NoSuchMethodError'{0x00000000875ce0e8}: 'java.lang.Object java.lang.invoke.DirectMethodHandle$Holder.invokeSpecial(java.lang.Object, java.lang.Object, java.lang.Object, java.lang.Object, java.lang.Object, java.lang.Object, java.lang.Object, java.lang.Object, java.lang.Object, java.lang.Object, java.lang.Object, java.lang.Object, java.lang.Object)'> (0x00000000875ce0e8) thrown at [./src/hotspot/share/interpreter/linkResolver.cpp, line 773]
Event: 6.853 Thread 0x0000019276114000 Exception <a 'java/lang/NoSuchMethodError'{0x00000000875df1f0}: 'java.lang.Object java.lang.invoke.DirectMethodHandle$Holder.invokeSpecial(java.lang.Object, java.lang.Object, java.lang.Object, java.lang.Object, java.lang.Object, java.lang.Object, java.lang.Object, java.lang.Object, java.lang.Object, java.lang.Object, java.lang.Object, java.lang.Object)'> (0x00000000875df1f0) thrown at [./src/hotspot/share/interpreter/linkResolver.cpp, line 773]
Event: 6.854 Thread 0x0000019276114000 Exception <a 'java/lang/NoSuchMethodError'{0x00000000875e45c0}: 'java.lang.Object java.lang.invoke.Invokers$Holder.linkToTargetMethod(java.lang.Object, java.lang.Object, java.lang.Object, java.lang.Object, java.lang.Object, java.lang.Object, java.lang.Object, java.lang.Object, java.lang.Object, java.lang.Object, java.lang.Object)'> (0x00000000875e45c0) thrown at [./src/hotspot/share/interpreter/linkResolver.cpp, line 773]
Event: 6.886 Thread 0x0000019276114000 Exception <a 'java/lang/NoSuchMethodError'{0x0000000087321190}: 'java.lang.Object java.lang.invoke.DirectMethodHandle$Holder.invokeSpecial(java.lang.Object, java.lang.Object, java.lang.Object, java.lang.Object, java.lang.Object, java.lang.Object, java.lang.Object, java.lang.Object, java.lang.Object, java.lang.Object, java.lang.Object, java.lang.Object, java.lang.Object, java.lang.Object)'> (0x0000000087321190) thrown at [./src/hotspot/share/interpreter/linkResolver.cpp, line 773]
Event: 6.888 Thread 0x0000019276114000 Exception <a 'java/lang/NoSuchMethodError'{0x0000000087332ab0}: 'java.lang.Object java.lang.invoke.Invokers$Holder.linkToTargetMethod(java.lang.Object, java.lang.Object, java.lang.Object, java.lang.Object, java.lang.Object, java.lang.Object, java.lang.Object, java.lang.Object, java.lang.Object, java.lang.Object, java.lang.Object, java.lang.Object)'> (0x0000000087332ab0) thrown at [./src/hotspot/share/interpreter/linkResolver.cpp, line 773]
Event: 6.942 Thread 0x0000019276114000 Exception <a 'java/lang/NoSuchMethodError'{0x000000008721c570}: 'java.lang.Object java.lang.invoke.DirectMethodHandle$Holder.invokeStaticInit(java.lang.Object, java.lang.Object, java.lang.Object, java.lang.Object)'> (0x000000008721c570) thrown at [./src/hotspot/share/interpreter/linkResolver.cpp, line 773]
Event: 7.137 Thread 0x0000019276114000 Implicit null exception at 0x0000019264face75 to 0x0000019264fad03c
Event: 7.814 Thread 0x0000019276114000 Exception <a 'java/lang/NoSuchMethodError'{0x0000000086152440}: 'java.lang.Object java.lang.invoke.Invokers$Holder.linkToTargetMethod(java.lang.Object, java.lang.Object, java.lang.Object, java.lang.Object, java.lang.Object, java.lang.Object, java.lang.Object, java.lang.Object)'> (0x0000000086152440) thrown at [./src/hotspot/share/interpreter/linkResolver.cpp, line 773]
Event: 7.820 Thread 0x0000019276114000 Exception <a 'java/lang/NoSuchMethodError'{0x00000000861a0a38}: 'java.lang.Object java.lang.invoke.Invokers$Holder.linkToTargetMethod(java.lang.Object, java.lang.Object, java.lang.Object, java.lang.Object, java.lang.Object, java.lang.Object, java.lang.Object)'> (0x00000000861a0a38) thrown at [./src/hotspot/share/interpreter/linkResolver.cpp, line 773]
Event: 7.825 Thread 0x0000019276114000 Exception <a 'java/lang/IncompatibleClassChangeError'{0x00000000861e0dc8}: Found class java.lang.Object, but interface was expected> (0x00000000861e0dc8) thrown at [./src/hotspot/share/interpreter/linkResolver.cpp, line 839]
Event: 8.160 Thread 0x0000019276114000 Exception <a 'java/lang/NoSuchMethodError'{0x00000000852d6430}: 'int java.lang.invoke.DirectMethodHandle$Holder.invokeStatic(java.lang.Object, java.lang.Object, java.lang.Object, java.lang.Object, java.lang.Object)'> (0x00000000852d6430) thrown at [./src/hotspot/share/interpreter/linkResolver.cpp, line 773]
Event: 8.222 Thread 0x0000019276114000 Exception <a 'java/lang/NoSuchMethodError'{0x00000000850a4910}: 'void java.lang.invoke.DirectMethodHandle$Holder.invokeStaticInit(java.lang.Object, java.lang.Object, java.lang.Object, java.lang.Object)'> (0x00000000850a4910) thrown at [./src/hotspot/share/interpreter/linkResolver.cpp, line 773]
Event: 8.390 Thread 0x0000019276114000 Exception <a 'java/lang/NoSuchMethodError'{0x00000000848131f8}: 'void java.lang.invoke.DirectMethodHandle$Holder.invokeStaticInit(java.lang.Object, java.lang.Object, java.lang.Object)'> (0x00000000848131f8) thrown at [./src/hotspot/share/interpreter/linkResolver.cpp, line 773]
Event: 8.397 Thread 0x0000019276114000 Exception <a 'java/lang/NoSuchMethodError'{0x0000000084838d50}: 'void java.lang.invoke.DirectMethodHandle$Holder.invokeStaticInit(java.lang.Object, java.lang.Object, java.lang.Object, java.lang.Object, java.lang.Object)'> (0x0000000084838d50) thrown at [./src/hotspot/share/interpreter/linkResolver.cpp, line 773]

Events (20 events):
Event: 8.367 loading class org/codehaus/groovy/ast/ClassNode
Event: 8.367 loading class org/codehaus/groovy/ast/ClassNode done
Event: 8.370 loading class org/codehaus/groovy/ast/PackageNode
Event: 8.370 loading class org/codehaus/groovy/ast/PackageNode done
Event: 8.372 loading class org/codehaus/groovy/ast/Parameter
Event: 8.372 loading class org/codehaus/groovy/ast/Parameter done
Event: 8.373 loading class org/codehaus/groovy/ast/stmt/Statement
Event: 8.373 loading class org/codehaus/groovy/ast/stmt/Statement done
Event: 8.374 loading class org/codehaus/groovy/ast/stmt/ReturnStatement
Event: 8.374 loading class org/codehaus/groovy/ast/stmt/ReturnStatement done
Event: 8.375 loading class java/lang/IllegalCallerException
Event: 8.375 loading class java/lang/IllegalCallerException done
Event: 8.377 loading class org/codehaus/groovy/vmplugin/v8/PluginDefaultGroovyMethods
Event: 8.377 loading class org/codehaus/groovy/vmplugin/v8/PluginDefaultGroovyMethods done
Event: 8.379 loading class org/codehaus/groovy/runtime/DefaultGroovyMethodsSupport
Event: 8.379 loading class org/codehaus/groovy/runtime/DefaultGroovyMethodsSupport done
Event: 8.381 loading class jdk/internal/module/SystemModules$all
Event: 8.383 loading class jdk/internal/module/SystemModules$all done
Event: 8.389 loading class java/util/Spliterators$IteratorSpliterator
Event: 8.389 loading class java/util/Spliterators$IteratorSpliterator done


Dynamic libraries:
0x00007ff78a3c0000 - 0x00007ff78a3ca000 	C:\Program Files\Android\Android Studio\jre\bin\java.exe
0x00007ffdbee50000 - 0x00007ffdbf048000 	C:\WINDOWS\SYSTEM32\ntdll.dll
0x00007ffdbe9a0000 - 0x00007ffdbea5d000 	C:\WINDOWS\System32\KERNEL32.DLL
0x00007ffdbcbe0000 - 0x00007ffdbceae000 	C:\WINDOWS\System32\KERNELBASE.dll
0x00007ffdbca20000 - 0x00007ffdbcb20000 	C:\WINDOWS\System32\ucrtbase.dll
0x00007ffdaecb0000 - 0x00007ffdaecc7000 	C:\Program Files\Android\Android Studio\jre\bin\VCRUNTIME140.dll
0x00007ffdb7810000 - 0x00007ffdb7829000 	C:\Program Files\Android\Android Studio\jre\bin\jli.dll
0x00007ffdbd050000 - 0x00007ffdbd1f0000 	C:\WINDOWS\System32\USER32.dll
0x00007ffdbcbb0000 - 0x00007ffdbcbd2000 	C:\WINDOWS\System32\win32u.dll
0x00007ffdbe810000 - 0x00007ffdbe83a000 	C:\WINDOWS\System32\GDI32.dll
0x00007ffdbc800000 - 0x00007ffdbc90b000 	C:\WINDOWS\System32\gdi32full.dll
0x00007ffdbc910000 - 0x00007ffdbc9ad000 	C:\WINDOWS\System32\msvcp_win.dll
0x00007ffdaca20000 - 0x00007ffdaccba000 	C:\WINDOWS\WinSxS\amd64_microsoft.windows.common-controls_6595b64144ccf1df_6.0.19041.1110_none_60b5254171f9507e\COMCTL32.dll
0x00007ffdbe400000 - 0x00007ffdbe49e000 	C:\WINDOWS\System32\msvcrt.dll
0x00007ffdbe960000 - 0x00007ffdbe990000 	C:\WINDOWS\System32\IMM32.DLL
0x00007ffd52d30000 - 0x00007ffd52dcd000 	C:\Program Files\Android\Android Studio\jre\bin\msvcp140.dll
0x00007ffd3cca0000 - 0x00007ffd3d785000 	C:\Program Files\Android\Android Studio\jre\bin\server\jvm.dll
0x00007ffdbe840000 - 0x00007ffdbe8ee000 	C:\WINDOWS\System32\ADVAPI32.dll
0x00007ffdbe710000 - 0x00007ffdbe7ac000 	C:\WINDOWS\System32\sechost.dll
0x00007ffdbec10000 - 0x00007ffdbed35000 	C:\WINDOWS\System32\RPCRT4.dll
0x00007ffdbe990000 - 0x00007ffdbe998000 	C:\WINDOWS\System32\PSAPI.DLL
0x00007ffd972c0000 - 0x00007ffd972c9000 	C:\WINDOWS\SYSTEM32\WSOCK32.dll
0x00007ffdac860000 - 0x00007ffdac887000 	C:\WINDOWS\SYSTEM32\WINMM.dll
0x00007ffdbe8f0000 - 0x00007ffdbe95b000 	C:\WINDOWS\System32\WS2_32.dll
0x00007ffdb3670000 - 0x00007ffdb367a000 	C:\WINDOWS\SYSTEM32\VERSION.dll
0x00007ffdbadf0000 - 0x00007ffdbae02000 	C:\WINDOWS\SYSTEM32\kernel.appcore.dll
0x00007ffdb5ba0000 - 0x00007ffdb5bb1000 	C:\Program Files\Android\Android Studio\jre\bin\verify.dll
0x00007ffda0390000 - 0x00007ffda0574000 	C:\WINDOWS\SYSTEM32\DBGHELP.DLL
0x00007ffda0220000 - 0x00007ffda024c000 	C:\WINDOWS\SYSTEM32\dbgcore.DLL
0x00007ffdbcb20000 - 0x00007ffdbcba2000 	C:\WINDOWS\System32\bcryptPrimitives.dll
0x00007ffdad590000 - 0x00007ffdad5b9000 	C:\Program Files\Android\Android Studio\jre\bin\java.dll
0x00007ffdb77f0000 - 0x00007ffdb77fb000 	C:\Program Files\Android\Android Studio\jre\bin\jimage.dll
0x00007ffdabb20000 - 0x00007ffdabb38000 	C:\Program Files\Android\Android Studio\jre\bin\zip.dll
0x00007ffdbd8e0000 - 0x00007ffdbe023000 	C:\WINDOWS\System32\SHELL32.dll
0x00007ffdba590000 - 0x00007ffdbad25000 	C:\WINDOWS\SYSTEM32\windows.storage.dll
0x00007ffdbe0a0000 - 0x00007ffdbe3f4000 	C:\WINDOWS\System32\combase.dll
0x00007ffdbbfd0000 - 0x00007ffdbc000000 	C:\WINDOWS\SYSTEM32\Wldp.dll
0x00007ffdbe4a0000 - 0x00007ffdbe54d000 	C:\WINDOWS\System32\SHCORE.dll
0x00007ffdbe7b0000 - 0x00007ffdbe805000 	C:\WINDOWS\System32\shlwapi.dll
0x00007ffdbc4b0000 - 0x00007ffdbc4cf000 	C:\WINDOWS\SYSTEM32\profapi.dll
0x00007ffdabb00000 - 0x00007ffdabb1a000 	C:\Program Files\Android\Android Studio\jre\bin\net.dll
0x00007ffdad320000 - 0x00007ffdad42a000 	C:\WINDOWS\SYSTEM32\WINHTTP.dll
0x00007ffdbbd30000 - 0x00007ffdbbd9a000 	C:\WINDOWS\system32\mswsock.dll
0x00007ffdab640000 - 0x00007ffdab654000 	C:\Program Files\Android\Android Studio\jre\bin\nio.dll
0x00007ffda08d0000 - 0x00007ffda08f7000 	C:\Users\Nada Said\.gradle\native\e1d6ef7f7dcc3fd88c89a11ec53ec762bb8ba0a96d01ffa2cd45eb1d1d8dd5c5\windows-amd64\native-platform.dll
0x00007ffd4d7d0000 - 0x00007ffd4d914000 	C:\Users\Nada Said\.gradle\native\5664cfc778a61ccfe75a443a1ab52a65af34e5dc3c78e0209fed803814484fcb\windows-amd64\native-platform-file-events.dll
0x00007ffdb4e40000 - 0x00007ffdb4e4a000 	C:\Program Files\Android\Android Studio\jre\bin\management.dll
0x00007ffdb0140000 - 0x00007ffdb014d000 	C:\Program Files\Android\Android Studio\jre\bin\management_ext.dll
0x00007ffdbbf30000 - 0x00007ffdbbf48000 	C:\WINDOWS\SYSTEM32\CRYPTSP.dll
0x00007ffdbb640000 - 0x00007ffdbb674000 	C:\WINDOWS\system32\rsaenh.dll
0x00007ffdbc620000 - 0x00007ffdbc647000 	C:\WINDOWS\System32\bcrypt.dll
0x00007ffdbc430000 - 0x00007ffdbc45e000 	C:\WINDOWS\SYSTEM32\USERENV.dll
0x00007ffdbbf20000 - 0x00007ffdbbf2c000 	C:\WINDOWS\SYSTEM32\CRYPTBASE.dll
0x00007ffdbb9d0000 - 0x00007ffdbba0b000 	C:\WINDOWS\SYSTEM32\IPHLPAPI.DLL
0x00007ffdbe030000 - 0x00007ffdbe038000 	C:\WINDOWS\System32\NSI.dll
0x00007ffdb3260000 - 0x00007ffdb3277000 	C:\WINDOWS\SYSTEM32\dhcpcsvc6.DLL
0x00007ffdb3e80000 - 0x00007ffdb3e9d000 	C:\WINDOWS\SYSTEM32\dhcpcsvc.DLL
0x00007ffdbba20000 - 0x00007ffdbbaea000 	C:\WINDOWS\SYSTEM32\DNSAPI.dll

dbghelp: loaded successfully - version: 4.0.5 - missing functions: none
symbol engine: initialized successfully - sym options: 0x614 - pdb path: .;C:\Program Files\Android\Android Studio\jre\bin;C:\WINDOWS\SYSTEM32;C:\WINDOWS\WinSxS\amd64_microsoft.windows.common-controls_6595b64144ccf1df_6.0.19041.1110_none_60b5254171f9507e;C:\Program Files\Android\Android Studio\jre\bin\server;C:\Users\Nada Said\.gradle\native\e1d6ef7f7dcc3fd88c89a11ec53ec762bb8ba0a96d01ffa2cd45eb1d1d8dd5c5\windows-amd64;C:\Users\Nada Said\.gradle\native\5664cfc778a61ccfe75a443a1ab52a65af34e5dc3c78e0209fed803814484fcb\windows-amd64

VM Arguments:
jvm_args: --add-opens=java.base/java.util=ALL-UNNAMED --add-opens=java.base/java.lang=ALL-UNNAMED --add-opens=java.base/java.lang.invoke=ALL-UNNAMED --add-opens=java.base/java.util=ALL-UNNAMED --add-opens=java.prefs/java.util.prefs=ALL-UNNAMED --add-opens=java.prefs/java.util.prefs=ALL-UNNAMED --add-opens=java.base/java.nio.charset=ALL-UNNAMED --add-opens=java.base/java.net=ALL-UNNAMED --add-opens=java.base/java.util.concurrent.atomic=ALL-UNNAMED -Xmx2048m -Dfile.encoding=UTF-8 -Duser.country=US -Duser.language=en -Duser.variant 
java_command: org.gradle.launcher.daemon.bootstrap.GradleDaemon 7.3.3
java_class_path (initial): C:\Users\Nada Said\.gradle\wrapper\dists\gradle-7.3.3-bin\6a41zxkdtcxs8rphpq6y0069z\gradle-7.3.3\lib\gradle-launcher-7.3.3.jar
Launcher Type: SUN_STANDARD

[Global flags]
     intx CICompilerCount                          = 3                                         {product} {ergonomic}
     uint ConcGCThreads                            = 1                                         {product} {ergonomic}
     uint G1ConcRefinementThreads                  = 4                                         {product} {ergonomic}
   size_t G1HeapRegionSize                         = 1048576                                   {product} {ergonomic}
    uintx GCDrainStackTargetSize                   = 64                                        {product} {ergonomic}
   size_t InitialHeapSize                          = 134217728                                 {product} {ergonomic}
   size_t MarkStackSize                            = 4194304                                   {product} {ergonomic}
   size_t MaxHeapSize                              = 2147483648                                {product} {command line}
   size_t MaxNewSize                               = 1287651328                                {product} {ergonomic}
   size_t MinHeapDeltaBytes                        = 1048576                                   {product} {ergonomic}
    uintx NonNMethodCodeHeapSize                   = 5830732                                {pd product} {ergonomic}
    uintx NonProfiledCodeHeapSize                  = 122913754                              {pd product} {ergonomic}
    uintx ProfiledCodeHeapSize                     = 122913754                              {pd product} {ergonomic}
    uintx ReservedCodeCacheSize                    = 251658240                              {pd product} {ergonomic}
     bool SegmentedCodeCache                       = true                                      {product} {ergonomic}
     bool UseCompressedClassPointers               = true                                 {lp64_product} {ergonomic}
     bool UseCompressedOops                        = true                                 {lp64_product} {ergonomic}
     bool UseG1GC                                  = true                                      {product} {ergonomic}
     bool UseLargePagesIndividualAllocation        = false                                  {pd product} {ergonomic}

Logging:
Log output configuration:
 #0: stdout all=warning uptime,level,tags
 #1: stderr all=off uptime,level,tags

Environment Variables:
JAVA_HOME=C:\Program Files\Java\jdk-17.0.1
PATH=C:\Program Files\Microsoft\jdk-11.0.12.7-hotspot\bin;C:\Program Files (x86)\NVIDIA Corporation\PhysX\Common;C:\Oracle\Middleware\Oracle_FRHome1\bin;C:\Program Files\Common Files\Oracle\Java\javapath;C:\app\NadaSaid\product\11.2.0\dbhome_1\bin;C:\ProgramData\Oracle\Java\javapath;C:\WINDOWS\system32;C:\WINDOWS;C:\WINDOWS\System32\Wbem;C:\WINDOWS\System32\WindowsPowerShell\v1.0\;C:\WINDOWS\System32\OpenSSH\;C:\Program Files\Git\cmd;C:\Program Files\Java\jdk-17.0.1\bin;C:\Oracle\Middleware\Oracle_FRHome1\opmn\bin;C:\Oracle\Middleware\Oracle_FRHome1\opmn\lib;C:\Oracle\Middleware\Oracle_FRHome1\perl\bin;C:\Program Files\Microsoft SQL Server\Client SDK\ODBC\110\Tools\Binn\;C:\Program Files (x86)\Microsoft SQL Server\120\Tools\Binn\;C:\Program Files\Microsoft SQL Server\120\Tools\Binn\;C:\Program Files\Microsoft SQL Server\120\DTS\Binn\;C:\Program Files (x86)\Windows Kits\8.1\Windows Performance Toolkit\;C:\Program Files\dotnet\;C:\Users\Nada Said\AppData\Local\Programs\Python\Python37\Scripts\;C:\Users\Nada Said\AppData\Local\Programs\Python\Python37\;C:\Python37\Scripts\;C:\Python37\;C:\Users\Nada Said\AppData\Local\Microsoft\WindowsApps;C:\Users\Nada Said\AppData\Local\Programs\Microsoft VS Code\bin;C:\Program Files\JetBrains\IntelliJ IDEA Community Edition 2021.2.3\bin;;C:\Users\Nada Said\.dotnet\tools;C:\Users\Nada Said\AppData\Local\GitHubDesktop\bin;C:\Dart\dart-sdk\bin;
USERNAME=Nada Said
LD_LIBRARY_PATH=C:\Oracle\Middleware\Oracle_FRHome1\lib
OS=Windows_NT
PROCESSOR_IDENTIFIER=Intel64 Family 6 Model 61 Stepping 4, GenuineIntel



---------------  S Y S T E M  ---------------

OS: Windows 10 , 64 bit Build 19041 (10.0.19041.1889)
OS uptime: 3 days 3:30 hours

CPU:total 4 (initial active 4) (2 cores per cpu, 2 threads per core) family 6 model 61 stepping 4 microcode 0x2d, cmov, cx8, fxsr, mmx, sse, sse2, sse3, ssse3, sse4.1, sse4.2, popcnt, avx, avx2, aes, clmul, erms, rtm, 3dnowpref, lzcnt, ht, tsc, tscinvbit, bmi1, bmi2, adx, fma

Memory: 4k page, system-wide physical 8067M (1204M free)
TotalPageFile size 10998M (AvailPageFile size 5M)
current process WorkingSet (physical memory assigned to process): 253M, peak: 255M
current process commit charge ("private bytes"): 331M, peak: 335M

vm_info: OpenJDK 64-Bit Server VM (11.0.12+7-b1504.28-7817840) for windows-amd64 JRE (11.0.12+7-b1504.28-7817840), built on Oct 13 2021 22:12:33 by "builder" with MS VC++ 14.0 (VS2015)

END.
