#
# There is insufficient memory for the Java Runtime Environment to continue.
# Native memory allocation (mmap) failed to map 27262976 bytes for Failed to commit area from 0x0000000088000000 to 0x0000000089a00000 of length 27262976.
# Possible reasons:
#   The system is out of physical RAM or swap space
#   The process is running with CompressedOops enabled, and the Java Heap may be blocking the growth of the native heap
# Possible solutions:
#   Reduce memory load on the system
#   Increase physical memory or swap space
#   Check if swap backing store is full
#   Decrease Java heap size (-Xmx/-Xms)
#   Decrease number of Java threads
#   Decrease Java thread stack sizes (-Xss)
#   Set larger code cache with -XX:ReservedCodeCacheSize=
#   JVM is running with Unscaled Compressed Oops mode in which the Java heap is
#     placed in the first 4GB address space. The Java Heap base address is the
#     maximum limit for the native heap growth. Please use -XX:HeapBaseMinAddress
#     to set the Java Heap base and to place the Java Heap above 4GB virtual address.
# This output file may be truncated or incomplete.
#
#  Out of Memory Error (./src/hotspot/os/windows/os_windows.cpp:3521), pid=3200, tid=904
#
# JRE version: OpenJDK Runtime Environment (11.0.12+7) (build 11.0.12+7-b1504.28-7817840)
# Java VM: OpenJDK 64-Bit Server VM (11.0.12+7-b1504.28-7817840, mixed mode, tiered, compressed oops, g1 gc, windows-amd64)
# No core dump will be written. Minidumps are not enabled by default on client versions of Windows
#

---------------  S U M M A R Y ------------

Command Line: --add-opens=java.base/java.util=ALL-UNNAMED --add-opens=java.base/java.lang=ALL-UNNAMED --add-opens=java.base/java.lang.invoke=ALL-UNNAMED --add-opens=java.base/java.util=ALL-UNNAMED --add-opens=java.prefs/java.util.prefs=ALL-UNNAMED --add-opens=java.prefs/java.util.prefs=ALL-UNNAMED --add-opens=java.base/java.nio.charset=ALL-UNNAMED --add-opens=java.base/java.net=ALL-UNNAMED --add-opens=java.base/java.util.concurrent.atomic=ALL-UNNAMED -Xmx2048m -Dfile.encoding=UTF-8 -Duser.country=US -Duser.language=en -Duser.variant org.gradle.launcher.daemon.bootstrap.GradleDaemon 7.3.3

Host: Intel(R) Core(TM) i5-5300U CPU @ 2.30GHz, 4 cores, 7G,  Windows 10 , 64 bit Build 19041 (10.0.19041.1889)
Time: Thu Oct  6 20:19:10 2022 Egypt Standard Time elapsed time: 5.451633 seconds (0d 0h 0m 5s)

---------------  T H R E A D  ---------------

Current thread (0x0000013f7fd2c800):  VMThread "VM Thread" [stack: 0x0000000474100000,0x0000000474200000] [id=904]

Stack: [0x0000000474100000,0x0000000474200000]
[error occurred during error reporting (printing stack bounds), id 0xc0000005, EXCEPTION_ACCESS_VIOLATION (0xc0000005) at pc=0x0000013f0000112d]

Native frames: (J=compiled Java code, j=interpreted, Vv=VM code, C=native code)
V  [jvm.dll+0x5fbcea]
V  [jvm.dll+0x731905]
V  [jvm.dll+0x732f1d]
V  [jvm.dll+0x733535]
V  [jvm.dll+0x7334eb]
V  [jvm.dll+0x5fb080]
V  [jvm.dll+0x5fb818]
C  [ntdll.dll+0xa235f]
C  [ntdll.dll+0x514a4]
C  [ntdll.dll+0xa0e8e]
C  0x0000013f0000112d

VM_Operation (0x00000004754f96c0): G1CollectForAllocation, mode: safepoint, requested by thread 0x0000013f15c07000


---------------  P R O C E S S  ---------------

Threads class SMR info:
_java_thread_list=0x0000013f164d17d0, length=25, elements={
0x0000013f7912e800, 0x0000013f7fd31000, 0x0000013f7fd34800, 0x0000013f7fd4b800,
0x0000013f7fd4d800, 0x0000013f7fd52800, 0x0000013f7fd55000, 0x0000013f7fd5f800,
0x0000013f7fd66000, 0x0000013f1398f000, 0x0000013f16ad0000, 0x0000013f13a98800,
0x0000013f15cdf000, 0x0000013f14beb000, 0x0000013f15f51800, 0x0000013f15669800,
0x0000013f15c07000, 0x0000013f1628d000, 0x0000013f1539c800, 0x0000013f1539e000,
0x0000013f1539d000, 0x0000013f1539e800, 0x0000013f15e94000, 0x0000013f168d2800,
0x0000013f15e96000
}

Java Threads: ( => current thread )
  0x0000013f7912e800 JavaThread "main" [_thread_blocked, id=448, stack(0x0000000473b00000,0x0000000473c00000)]
  0x0000013f7fd31000 JavaThread "Reference Handler" daemon [_thread_blocked, id=16896, stack(0x0000000474200000,0x0000000474300000)]
  0x0000013f7fd34800 JavaThread "Finalizer" daemon [_thread_blocked, id=14052, stack(0x0000000474300000,0x0000000474400000)]
  0x0000013f7fd4b800 JavaThread "Signal Dispatcher" daemon [_thread_blocked, id=10440, stack(0x0000000474400000,0x0000000474500000)]
  0x0000013f7fd4d800 JavaThread "Attach Listener" daemon [_thread_blocked, id=5528, stack(0x0000000474500000,0x0000000474600000)]
  0x0000013f7fd52800 JavaThread "Service Thread" daemon [_thread_blocked, id=14180, stack(0x0000000474600000,0x0000000474700000)]
  0x0000013f7fd55000 JavaThread "C2 CompilerThread0" daemon [_thread_blocked, id=15628, stack(0x0000000474700000,0x0000000474800000)]
  0x0000013f7fd5f800 JavaThread "C1 CompilerThread0" daemon [_thread_blocked, id=2944, stack(0x0000000474800000,0x0000000474900000)]
  0x0000013f7fd66000 JavaThread "Sweeper thread" daemon [_thread_blocked, id=7580, stack(0x0000000474900000,0x0000000474a00000)]
  0x0000013f1398f000 JavaThread "Common-Cleaner" daemon [_thread_blocked, id=16716, stack(0x0000000474a00000,0x0000000474b00000)]
  0x0000013f16ad0000 JavaThread "Daemon health stats" [_thread_blocked, id=9240, stack(0x0000000474f00000,0x0000000475000000)]
  0x0000013f13a98800 JavaThread "Incoming local TCP Connector on port 55468" [_thread_in_native, id=12404, stack(0x0000000474c00000,0x0000000474d00000)]
  0x0000013f15cdf000 JavaThread "Daemon periodic checks" [_thread_blocked, id=3416, stack(0x0000000475000000,0x0000000475100000)]
  0x0000013f14beb000 JavaThread "Daemon" [_thread_blocked, id=17384, stack(0x0000000475100000,0x0000000475200000)]
  0x0000013f15f51800 JavaThread "Handler for socket connection from /127.0.0.1:55468 to /127.0.0.1:55469" [_thread_in_native, id=10612, stack(0x0000000475200000,0x0000000475300000)]
  0x0000013f15669800 JavaThread "Cancel handler" [_thread_blocked, id=10616, stack(0x0000000475300000,0x0000000475400000)]
  0x0000013f15c07000 JavaThread "Daemon worker" [_thread_blocked, id=15540, stack(0x0000000475400000,0x0000000475500000)]
  0x0000013f1628d000 JavaThread "Asynchronous log dispatcher for DefaultDaemonConnection: socket connection from /127.0.0.1:55468 to /127.0.0.1:55469" [_thread_blocked, id=12900, stack(0x0000000475500000,0x0000000475600000)]
  0x0000013f1539c800 JavaThread "Stdin handler" [_thread_blocked, id=16516, stack(0x0000000475600000,0x0000000475700000)]
  0x0000013f1539e000 JavaThread "Daemon client event forwarder" [_thread_blocked, id=16900, stack(0x0000000475700000,0x0000000475800000)]
  0x0000013f1539d000 JavaThread "Cache worker for journal cache (C:\Users\Nada Said\.gradle\caches\journal-1)" [_thread_blocked, id=4100, stack(0x0000000475900000,0x0000000475a00000)]
  0x0000013f1539e800 JavaThread "File lock request listener" [_thread_in_native, id=13644, stack(0x0000000475a00000,0x0000000475b00000)]
  0x0000013f15e94000 JavaThread "Cache worker for file hash cache (C:\Users\Nada Said\.gradle\caches\7.3.3\fileHashes)" [_thread_blocked, id=3676, stack(0x0000000475b00000,0x0000000475c00000)]
  0x0000013f168d2800 JavaThread "C2 CompilerThread1" daemon [_thread_blocked, id=12352, stack(0x0000000475c00000,0x0000000475d00000)]
  0x0000013f15e96000 JavaThread "Cache worker for file hash cache (D:\AndroidProject\EcommerceApp\.gradle\7.3.3\fileHashes)" [_thread_blocked, id=6684, stack(0x0000000475d00000,0x0000000475e00000)]

Other Threads:
=>0x0000013f7fd2c800 VMThread "VM Thread" [stack: 0x0000000474100000,0x0000000474200000] [id=904]
  0x0000013f139af000 WatcherThread [stack: 0x0000000474b00000,0x0000000474c00000] [id=16828]
  0x0000013f79146800 GCTaskThread "GC Thread#0" [stack: 0x0000000473c00000,0x0000000473d00000] [id=5068]
  0x0000013f13c79800 GCTaskThread "GC Thread#1" [stack: 0x0000000474d00000,0x0000000474e00000] [id=220]
  0x0000013f13eee800 GCTaskThread "GC Thread#2" [stack: 0x0000000474e00000,0x0000000474f00000] [id=2636]
  0x0000013f153a0800 GCTaskThread "GC Thread#3" [stack: 0x0000000475800000,0x0000000475900000] [id=8048]
  0x0000013f7917a000 ConcurrentGCThread "G1 Main Marker" [stack: 0x0000000473d00000,0x0000000473e00000] [id=15224]
  0x0000013f7917b000 ConcurrentGCThread "G1 Conc#0" [stack: 0x0000000473e00000,0x0000000473f00000] [id=11048]
  0x0000013f79209000 ConcurrentGCThread "G1 Refine#0" [stack: 0x0000000473f00000,0x0000000474000000] [id=11652]
  0x0000013f7920a000 ConcurrentGCThread "G1 Young RemSet Sampling" [stack: 0x0000000474000000,0x0000000474100000] [id=15020]

Threads with active compile tasks:
C2 CompilerThread0   5477 2163       4       java.net.URLClassLoader$1::run (5 bytes)
C2 CompilerThread1   5478 2164   !   4       java.net.URLClassLoader$1::run (63 bytes)

VM state:at safepoint (normal execution)

VM Mutex/Monitor currently owned by a thread:  ([mutex/lock_event])
[0x0000013f7912a460] Threads_lock - owner thread: 0x0000013f7fd2c800
[0x0000013f79129ec0] Heap_lock - owner thread: 0x0000013f15c07000

Heap address: 0x0000000080000000, size: 2048 MB, Compressed Oops mode: 32-bit
Narrow klass base: 0x0000000000000000, Narrow klass shift: 3
Compressed class space size: 1073741824 Address: 0x0000000100000000

Heap:
 garbage-first heap   total 157696K, used 19031K [0x0000000080000000, 0x0000000100000000)
  region size 1024K, 4 young (4096K), 4 survivors (4096K)
 Metaspace       used 25973K, capacity 26564K, committed 26624K, reserved 1073152K
  class space    used 3353K, capacity 3536K, committed 3584K, reserved 1048576K
Heap Regions: E=young(eden), S=young(survivor), O=old, HS=humongous(starts), HC=humongous(continues), CS=collection set, F=free, A=archive, TAMS=top-at-mark-start (previous, next)
|   0|0x0000000080000000, 0x0000000080100000, 0x0000000080100000|100%|HS|  |TAMS 0x0000000080100000, 0x0000000080000000| Complete 
|   1|0x0000000080100000, 0x0000000080200000, 0x0000000080200000|100%|HC|  |TAMS 0x0000000080200000, 0x0000000080100000| Complete 
|   2|0x0000000080200000, 0x0000000080300000, 0x0000000080300000|100%|HC|  |TAMS 0x0000000080300000, 0x0000000080200000| Complete 
|   3|0x0000000080300000, 0x0000000080400000, 0x0000000080400000|100%| O|  |TAMS 0x0000000080400000, 0x0000000080300000| Untracked 
|   4|0x0000000080400000, 0x0000000080500000, 0x0000000080500000|100%| O|  |TAMS 0x0000000080500000, 0x0000000080400000| Untracked 
|   5|0x0000000080500000, 0x0000000080600000, 0x0000000080600000|100%| O|  |TAMS 0x0000000080600000, 0x0000000080500000| Untracked 
|   6|0x0000000080600000, 0x0000000080700000, 0x0000000080700000|100%| O|  |TAMS 0x0000000080700000, 0x0000000080600000| Untracked 
|   7|0x0000000080700000, 0x0000000080800000, 0x0000000080800000|100%| O|  |TAMS 0x0000000080800000, 0x0000000080700000| Untracked 
|   8|0x0000000080800000, 0x0000000080900000, 0x0000000080900000|100%| O|  |TAMS 0x0000000080900000, 0x0000000080800000| Untracked 
|   9|0x0000000080900000, 0x0000000080a00000, 0x0000000080a00000|100%| O|  |TAMS 0x0000000080a00000, 0x0000000080900000| Untracked 
|  10|0x0000000080a00000, 0x0000000080b00000, 0x0000000080b00000|100%| O|  |TAMS 0x0000000080b00000, 0x0000000080a00000| Untracked 
|  11|0x0000000080b00000, 0x0000000080c00000, 0x0000000080c00000|100%| O|  |TAMS 0x0000000080c00000, 0x0000000080b00000| Untracked 
|  12|0x0000000080c00000, 0x0000000080d00000, 0x0000000080d00000|100%| O|  |TAMS 0x0000000080d00000, 0x0000000080c00000| Untracked 
|  13|0x0000000080d00000, 0x0000000080e00000, 0x0000000080e00000|100%| O|  |TAMS 0x0000000080e00000, 0x0000000080d00000| Untracked 
|  14|0x0000000080e00000, 0x0000000080f00000, 0x0000000080f00000|100%| O|  |TAMS 0x0000000080f00000, 0x0000000080e00000| Untracked 
|  15|0x0000000080f00000, 0x0000000080f6fc00, 0x0000000081000000| 43%| O|  |TAMS 0x0000000080f6fc00, 0x0000000080f00000| Untracked 
|  16|0x0000000081000000, 0x0000000081000000, 0x0000000081100000|  0%| F|  |TAMS 0x0000000081000000, 0x0000000081000000| Untracked 
|  17|0x0000000081100000, 0x0000000081100000, 0x0000000081200000|  0%| F|  |TAMS 0x0000000081100000, 0x0000000081100000| Untracked 
|  18|0x0000000081200000, 0x0000000081200000, 0x0000000081300000|  0%| F|  |TAMS 0x0000000081200000, 0x0000000081200000| Untracked 
|  19|0x0000000081300000, 0x0000000081300000, 0x0000000081400000|  0%| F|  |TAMS 0x0000000081300000, 0x0000000081300000| Untracked 
|  20|0x0000000081400000, 0x0000000081400000, 0x0000000081500000|  0%| F|  |TAMS 0x0000000081400000, 0x0000000081400000| Untracked 
|  21|0x0000000081500000, 0x0000000081500000, 0x0000000081600000|  0%| F|  |TAMS 0x0000000081500000, 0x0000000081500000| Untracked 
|  22|0x0000000081600000, 0x0000000081600000, 0x0000000081700000|  0%| F|  |TAMS 0x0000000081600000, 0x0000000081600000| Untracked 
|  23|0x0000000081700000, 0x0000000081700000, 0x0000000081800000|  0%| F|  |TAMS 0x0000000081700000, 0x0000000081700000| Untracked 
|  24|0x0000000081800000, 0x0000000081800000, 0x0000000081900000|  0%| F|  |TAMS 0x0000000081800000, 0x0000000081800000| Untracked 
|  25|0x0000000081900000, 0x0000000081900000, 0x0000000081a00000|  0%| F|  |TAMS 0x0000000081900000, 0x0000000081900000| Untracked 
|  26|0x0000000081a00000, 0x0000000081a00000, 0x0000000081b00000|  0%| F|  |TAMS 0x0000000081a00000, 0x0000000081a00000| Untracked 
|  27|0x0000000081b00000, 0x0000000081b00000, 0x0000000081c00000|  0%| F|  |TAMS 0x0000000081b00000, 0x0000000081b00000| Untracked 
|  28|0x0000000081c00000, 0x0000000081c00000, 0x0000000081d00000|  0%| F|  |TAMS 0x0000000081c00000, 0x0000000081c00000| Untracked 
|  29|0x0000000081d00000, 0x0000000081d00000, 0x0000000081e00000|  0%| F|  |TAMS 0x0000000081d00000, 0x0000000081d00000| Untracked 
|  30|0x0000000081e00000, 0x0000000081e00000, 0x0000000081f00000|  0%| F|  |TAMS 0x0000000081e00000, 0x0000000081e00000| Untracked 
|  31|0x0000000081f00000, 0x0000000081f00000, 0x0000000082000000|  0%| F|  |TAMS 0x0000000081f00000, 0x0000000081f00000| Untracked 
|  32|0x0000000082000000, 0x0000000082000000, 0x0000000082100000|  0%| F|  |TAMS 0x0000000082000000, 0x0000000082000000| Untracked 
|  33|0x0000000082100000, 0x0000000082100000, 0x0000000082200000|  0%| F|  |TAMS 0x0000000082100000, 0x0000000082100000| Untracked 
|  34|0x0000000082200000, 0x0000000082200000, 0x0000000082300000|  0%| F|  |TAMS 0x0000000082200000, 0x0000000082200000| Untracked 
|  35|0x0000000082300000, 0x0000000082300000, 0x0000000082400000|  0%| F|  |TAMS 0x0000000082300000, 0x0000000082300000| Untracked 
|  36|0x0000000082400000, 0x0000000082400000, 0x0000000082500000|  0%| F|  |TAMS 0x0000000082400000, 0x0000000082400000| Untracked 
|  37|0x0000000082500000, 0x0000000082500000, 0x0000000082600000|  0%| F|  |TAMS 0x0000000082500000, 0x0000000082500000| Untracked 
|  38|0x0000000082600000, 0x0000000082600000, 0x0000000082700000|  0%| F|  |TAMS 0x0000000082600000, 0x0000000082600000| Untracked 
|  39|0x0000000082700000, 0x0000000082700000, 0x0000000082800000|  0%| F|  |TAMS 0x0000000082700000, 0x0000000082700000| Untracked 
|  40|0x0000000082800000, 0x0000000082800000, 0x0000000082900000|  0%| F|  |TAMS 0x0000000082800000, 0x0000000082800000| Untracked 
|  41|0x0000000082900000, 0x0000000082900000, 0x0000000082a00000|  0%| F|  |TAMS 0x0000000082900000, 0x0000000082900000| Untracked 
|  42|0x0000000082a00000, 0x0000000082a00000, 0x0000000082b00000|  0%| F|  |TAMS 0x0000000082a00000, 0x0000000082a00000| Untracked 
|  43|0x0000000082b00000, 0x0000000082b00000, 0x0000000082c00000|  0%| F|  |TAMS 0x0000000082b00000, 0x0000000082b00000| Untracked 
|  44|0x0000000082c00000, 0x0000000082c00000, 0x0000000082d00000|  0%| F|  |TAMS 0x0000000082c00000, 0x0000000082c00000| Untracked 
|  45|0x0000000082d00000, 0x0000000082d00000, 0x0000000082e00000|  0%| F|  |TAMS 0x0000000082d00000, 0x0000000082d00000| Untracked 
|  46|0x0000000082e00000, 0x0000000082e00000, 0x0000000082f00000|  0%| F|  |TAMS 0x0000000082e00000, 0x0000000082e00000| Untracked 
|  47|0x0000000082f00000, 0x0000000082f00000, 0x0000000083000000|  0%| F|  |TAMS 0x0000000082f00000, 0x0000000082f00000| Untracked 
|  48|0x0000000083000000, 0x0000000083000000, 0x0000000083100000|  0%| F|  |TAMS 0x0000000083000000, 0x0000000083000000| Untracked 
|  49|0x0000000083100000, 0x0000000083100000, 0x0000000083200000|  0%| F|  |TAMS 0x0000000083100000, 0x0000000083100000| Untracked 
|  50|0x0000000083200000, 0x0000000083200000, 0x0000000083300000|  0%| F|  |TAMS 0x0000000083200000, 0x0000000083200000| Untracked 
|  51|0x0000000083300000, 0x0000000083300000, 0x0000000083400000|  0%| F|  |TAMS 0x0000000083300000, 0x0000000083300000| Untracked 
|  52|0x0000000083400000, 0x0000000083400000, 0x0000000083500000|  0%| F|  |TAMS 0x0000000083400000, 0x0000000083400000| Untracked 
|  53|0x0000000083500000, 0x0000000083500000, 0x0000000083600000|  0%| F|  |TAMS 0x0000000083500000, 0x0000000083500000| Untracked 
|  54|0x0000000083600000, 0x0000000083600000, 0x0000000083700000|  0%| F|  |TAMS 0x0000000083600000, 0x0000000083600000| Untracked 
|  55|0x0000000083700000, 0x0000000083700000, 0x0000000083800000|  0%| F|  |TAMS 0x0000000083700000, 0x0000000083700000| Untracked 
|  56|0x0000000083800000, 0x0000000083800000, 0x0000000083900000|  0%| F|  |TAMS 0x0000000083800000, 0x0000000083800000| Untracked 
|  57|0x0000000083900000, 0x0000000083900000, 0x0000000083a00000|  0%| F|  |TAMS 0x0000000083900000, 0x0000000083900000| Untracked 
|  58|0x0000000083a00000, 0x0000000083a00000, 0x0000000083b00000|  0%| F|  |TAMS 0x0000000083a00000, 0x0000000083a00000| Untracked 
|  59|0x0000000083b00000, 0x0000000083b00000, 0x0000000083c00000|  0%| F|  |TAMS 0x0000000083b00000, 0x0000000083b00000| Untracked 
|  60|0x0000000083c00000, 0x0000000083c00000, 0x0000000083d00000|  0%| F|  |TAMS 0x0000000083c00000, 0x0000000083c00000| Untracked 
|  61|0x0000000083d00000, 0x0000000083d00000, 0x0000000083e00000|  0%| F|  |TAMS 0x0000000083d00000, 0x0000000083d00000| Untracked 
|  62|0x0000000083e00000, 0x0000000083e00000, 0x0000000083f00000|  0%| F|  |TAMS 0x0000000083e00000, 0x0000000083e00000| Untracked 
|  63|0x0000000083f00000, 0x0000000083f00000, 0x0000000084000000|  0%| F|  |TAMS 0x0000000083f00000, 0x0000000083f00000| Untracked 
|  64|0x0000000084000000, 0x0000000084000000, 0x0000000084100000|  0%| F|  |TAMS 0x0000000084000000, 0x0000000084000000| Untracked 
|  65|0x0000000084100000, 0x0000000084100000, 0x0000000084200000|  0%| F|  |TAMS 0x0000000084100000, 0x0000000084100000| Untracked 
|  66|0x0000000084200000, 0x0000000084200000, 0x0000000084300000|  0%| F|  |TAMS 0x0000000084200000, 0x0000000084200000| Untracked 
|  67|0x0000000084300000, 0x0000000084300000, 0x0000000084400000|  0%| F|  |TAMS 0x0000000084300000, 0x0000000084300000| Untracked 
|  68|0x0000000084400000, 0x0000000084400000, 0x0000000084500000|  0%| F|  |TAMS 0x0000000084400000, 0x0000000084400000| Untracked 
|  69|0x0000000084500000, 0x0000000084500000, 0x0000000084600000|  0%| F|  |TAMS 0x0000000084500000, 0x0000000084500000| Untracked 
|  70|0x0000000084600000, 0x0000000084600000, 0x0000000084700000|  0%| F|  |TAMS 0x0000000084600000, 0x0000000084600000| Untracked 
|  71|0x0000000084700000, 0x0000000084700000, 0x0000000084800000|  0%| F|  |TAMS 0x0000000084700000, 0x0000000084700000| Untracked 
|  72|0x0000000084800000, 0x0000000084800000, 0x0000000084900000|  0%| F|  |TAMS 0x0000000084800000, 0x0000000084800000| Untracked 
|  73|0x0000000084900000, 0x0000000084926100, 0x0000000084a00000| 14%| S|CS|TAMS 0x0000000084900000, 0x0000000084900000| Complete 
|  74|0x0000000084a00000, 0x0000000084b00000, 0x0000000084b00000|100%| S|CS|TAMS 0x0000000084a00000, 0x0000000084a00000| Complete 
|  75|0x0000000084b00000, 0x0000000084c00000, 0x0000000084c00000|100%| S|CS|TAMS 0x0000000084b00000, 0x0000000084b00000| Complete 
|  76|0x0000000084c00000, 0x0000000084d00000, 0x0000000084d00000|100%| S|CS|TAMS 0x0000000084c00000, 0x0000000084c00000| Complete 
|  77|0x0000000084d00000, 0x0000000084d00000, 0x0000000084e00000|  0%| F|  |TAMS 0x0000000084d00000, 0x0000000084d00000| Untracked 
|  78|0x0000000084e00000, 0x0000000084e00000, 0x0000000084f00000|  0%| F|  |TAMS 0x0000000084e00000, 0x0000000084e00000| Untracked 
|  79|0x0000000084f00000, 0x0000000084f00000, 0x0000000085000000|  0%| F|  |TAMS 0x0000000084f00000, 0x0000000084f00000| Untracked 
|  80|0x0000000085000000, 0x0000000085000000, 0x0000000085100000|  0%| F|  |TAMS 0x0000000085000000, 0x0000000085000000| Untracked 
|  81|0x0000000085100000, 0x0000000085100000, 0x0000000085200000|  0%| F|  |TAMS 0x0000000085100000, 0x0000000085100000| Untracked 
|  82|0x0000000085200000, 0x0000000085200000, 0x0000000085300000|  0%| F|  |TAMS 0x0000000085200000, 0x0000000085200000| Untracked 
|  83|0x0000000085300000, 0x0000000085300000, 0x0000000085400000|  0%| F|  |TAMS 0x0000000085300000, 0x0000000085300000| Untracked 
|  84|0x0000000085400000, 0x0000000085400000, 0x0000000085500000|  0%| F|  |TAMS 0x0000000085400000, 0x0000000085400000| Untracked 
|  85|0x0000000085500000, 0x0000000085500000, 0x0000000085600000|  0%| F|  |TAMS 0x0000000085500000, 0x0000000085500000| Untracked 
|  86|0x0000000085600000, 0x0000000085600000, 0x0000000085700000|  0%| F|  |TAMS 0x0000000085600000, 0x0000000085600000| Untracked 
|  87|0x0000000085700000, 0x0000000085700000, 0x0000000085800000|  0%| F|  |TAMS 0x0000000085700000, 0x0000000085700000| Untracked 
|  88|0x0000000085800000, 0x0000000085800000, 0x0000000085900000|  0%| F|  |TAMS 0x0000000085800000, 0x0000000085800000| Untracked 
|  89|0x0000000085900000, 0x0000000085900000, 0x0000000085a00000|  0%| F|  |TAMS 0x0000000085900000, 0x0000000085900000| Untracked 
|  90|0x0000000085a00000, 0x0000000085a00000, 0x0000000085b00000|  0%| F|  |TAMS 0x0000000085a00000, 0x0000000085a00000| Untracked 
|  91|0x0000000085b00000, 0x0000000085b00000, 0x0000000085c00000|  0%| F|  |TAMS 0x0000000085b00000, 0x0000000085b00000| Untracked 
|  92|0x0000000085c00000, 0x0000000085c00000, 0x0000000085d00000|  0%| F|  |TAMS 0x0000000085c00000, 0x0000000085c00000| Untracked 
|  93|0x0000000085d00000, 0x0000000085d00000, 0x0000000085e00000|  0%| F|  |TAMS 0x0000000085d00000, 0x0000000085d00000| Untracked 
|  94|0x0000000085e00000, 0x0000000085e00000, 0x0000000085f00000|  0%| F|  |TAMS 0x0000000085e00000, 0x0000000085e00000| Untracked 
|  95|0x0000000085f00000, 0x0000000085f00000, 0x0000000086000000|  0%| F|  |TAMS 0x0000000085f00000, 0x0000000085f00000| Untracked 
|  96|0x0000000086000000, 0x0000000086000000, 0x0000000086100000|  0%| F|  |TAMS 0x0000000086000000, 0x0000000086000000| Untracked 
|  97|0x0000000086100000, 0x0000000086100000, 0x0000000086200000|  0%| F|  |TAMS 0x0000000086100000, 0x0000000086100000| Untracked 
|  98|0x0000000086200000, 0x0000000086200000, 0x0000000086300000|  0%| F|  |TAMS 0x0000000086200000, 0x0000000086200000| Untracked 
|  99|0x0000000086300000, 0x0000000086300000, 0x0000000086400000|  0%| F|  |TAMS 0x0000000086300000, 0x0000000086300000| Untracked 
| 100|0x0000000086400000, 0x0000000086400000, 0x0000000086500000|  0%| F|  |TAMS 0x0000000086400000, 0x0000000086400000| Untracked 
| 101|0x0000000086500000, 0x0000000086500000, 0x0000000086600000|  0%| F|  |TAMS 0x0000000086500000, 0x0000000086500000| Untracked 
| 102|0x0000000086600000, 0x0000000086600000, 0x0000000086700000|  0%| F|  |TAMS 0x0000000086600000, 0x0000000086600000| Untracked 
| 103|0x0000000086700000, 0x0000000086700000, 0x0000000086800000|  0%| F|  |TAMS 0x0000000086700000, 0x0000000086700000| Untracked 
| 104|0x0000000086800000, 0x0000000086800000, 0x0000000086900000|  0%| F|  |TAMS 0x0000000086800000, 0x0000000086800000| Untracked 
| 105|0x0000000086900000, 0x0000000086900000, 0x0000000086a00000|  0%| F|  |TAMS 0x0000000086900000, 0x0000000086900000| Untracked 
| 106|0x0000000086a00000, 0x0000000086a00000, 0x0000000086b00000|  0%| F|  |TAMS 0x0000000086a00000, 0x0000000086a00000| Untracked 
| 107|0x0000000086b00000, 0x0000000086b00000, 0x0000000086c00000|  0%| F|  |TAMS 0x0000000086b00000, 0x0000000086b00000| Untracked 
| 108|0x0000000086c00000, 0x0000000086c00000, 0x0000000086d00000|  0%| F|  |TAMS 0x0000000086c00000, 0x0000000086c00000| Untracked 
| 109|0x0000000086d00000, 0x0000000086d00000, 0x0000000086e00000|  0%| F|  |TAMS 0x0000000086d00000, 0x0000000086d00000| Untracked 
| 110|0x0000000086e00000, 0x0000000086e00000, 0x0000000086f00000|  0%| F|  |TAMS 0x0000000086e00000, 0x0000000086e00000| Untracked 
| 111|0x0000000086f00000, 0x0000000086f00000, 0x0000000087000000|  0%| F|  |TAMS 0x0000000086f00000, 0x0000000086f00000| Untracked 
| 112|0x0000000087000000, 0x0000000087000000, 0x0000000087100000|  0%| F|  |TAMS 0x0000000087000000, 0x0000000087000000| Untracked 
| 113|0x0000000087100000, 0x0000000087100000, 0x0000000087200000|  0%| F|  |TAMS 0x0000000087100000, 0x0000000087100000| Untracked 
| 114|0x0000000087200000, 0x0000000087200000, 0x0000000087300000|  0%| F|  |TAMS 0x0000000087200000, 0x0000000087200000| Untracked 
| 115|0x0000000087300000, 0x0000000087300000, 0x0000000087400000|  0%| F|  |TAMS 0x0000000087300000, 0x0000000087300000| Untracked 
| 116|0x0000000087400000, 0x0000000087400000, 0x0000000087500000|  0%| F|  |TAMS 0x0000000087400000, 0x0000000087400000| Untracked 
| 117|0x0000000087500000, 0x0000000087500000, 0x0000000087600000|  0%| F|  |TAMS 0x0000000087500000, 0x0000000087500000| Untracked 
| 118|0x0000000087600000, 0x0000000087600000, 0x0000000087700000|  0%| F|  |TAMS 0x0000000087600000, 0x0000000087600000| Untracked 
| 119|0x0000000087700000, 0x0000000087700000, 0x0000000087800000|  0%| F|  |TAMS 0x0000000087700000, 0x0000000087700000| Untracked 
| 120|0x0000000087800000, 0x0000000087800000, 0x0000000087900000|  0%| F|  |TAMS 0x0000000087800000, 0x0000000087800000| Untracked 
| 121|0x0000000087900000, 0x0000000087900000, 0x0000000087a00000|  0%| F|  |TAMS 0x0000000087900000, 0x0000000087900000| Untracked 
| 122|0x0000000087a00000, 0x0000000087a00000, 0x0000000087b00000|  0%| F|  |TAMS 0x0000000087a00000, 0x0000000087a00000| Untracked 
| 123|0x0000000087b00000, 0x0000000087b00000, 0x0000000087c00000|  0%| F|  |TAMS 0x0000000087b00000, 0x0000000087b00000| Untracked 
| 124|0x0000000087c00000, 0x0000000087c00000, 0x0000000087d00000|  0%| F|  |TAMS 0x0000000087c00000, 0x0000000087c00000| Untracked 
| 125|0x0000000087d00000, 0x0000000087d00000, 0x0000000087e00000|  0%| F|  |TAMS 0x0000000087d00000, 0x0000000087d00000| Untracked 
| 126|0x0000000087e00000, 0x0000000087e00000, 0x0000000087f00000|  0%| F|  |TAMS 0x0000000087e00000, 0x0000000087e00000| Untracked 
| 127|0x0000000087f00000, 0x0000000087f00000, 0x0000000088000000|  0%| F|  |TAMS 0x0000000087f00000, 0x0000000087f00000| Untracked 

Card table byte_map: [0x0000013f7d040000,0x0000013f7d440000] _byte_map_base: 0x0000013f7cc40000

Marking Bits (Prev, Next): (CMBitMap*) 0x0000013f791715c0, (CMBitMap*) 0x0000013f79171588
 Prev Bits: [0x0000013f0f000000, 0x0000013f11000000)
 Next Bits: [0x0000013f7d840000, 0x0000013f7f840000)

Polling page: 0x0000013f772b0000

Metaspace:

Usage:
  Non-class:     22.49 MB capacity,    22.09 MB ( 98%) used,   360.48 KB (  2%) free+waste,    47.06 KB ( <1%) overhead. 
      Class:      3.45 MB capacity,     3.27 MB ( 95%) used,   159.52 KB (  5%) free+waste,    23.31 KB ( <1%) overhead. 
       Both:     25.94 MB capacity,    25.36 MB ( 98%) used,   520.01 KB (  2%) free+waste,    70.38 KB ( <1%) overhead. 

Virtual space:
  Non-class space:       24.00 MB reserved,      22.50 MB ( 94%) committed 
      Class space:        1.00 GB reserved,       3.50 MB ( <1%) committed 
             Both:        1.02 GB reserved,      26.00 MB (  2%) committed 

Chunk freelists:
   Non-Class:  12.00 KB
       Class:  16.00 KB
        Both:  28.00 KB

MaxMetaspaceSize: 17179869184.00 GB
CompressedClassSpaceSize: 1.00 GB
Initial GC threshold: 20.80 MB
Current GC threshold: 35.00 MB
CDS: off

CodeHeap 'non-profiled nmethods': size=120064Kb used=1097Kb max_used=1097Kb free=118966Kb
 bounds [0x0000013f07ac0000, 0x0000013f07d30000, 0x0000013f0f000000]
CodeHeap 'profiled nmethods': size=120000Kb used=4780Kb max_used=4780Kb free=115219Kb
 bounds [0x0000013f00590000, 0x0000013f00a40000, 0x0000013f07ac0000]
CodeHeap 'non-nmethods': size=5696Kb used=1226Kb max_used=1254Kb free=4469Kb
 bounds [0x0000013f00000000, 0x0000013f00270000, 0x0000013f00590000]
 total_blobs=2751 nmethods=2251 adapters=412
 compilation: enabled
              stopped_count=0, restarted_count=0
 full_count=0

Compilation events (20 events):
Event: 5.389 Thread 0x0000013f7fd5f800 2252       3       org.objectweb.asm.SymbolTable$Entry::<init> (17 bytes)
Event: 5.389 Thread 0x0000013f7fd5f800 nmethod 2252 0x0000013f00a32e10 code [0x0000013f00a32fc0, 0x0000013f00a33128]
Event: 5.389 Thread 0x0000013f7fd5f800 2254       3       org.objectweb.asm.SymbolTable::addConstantMemberReference (147 bytes)
Event: 5.391 Thread 0x0000013f7fd5f800 nmethod 2254 0x0000013f00a33210 code [0x0000013f00a334a0, 0x0000013f00a33dc8]
Event: 5.391 Thread 0x0000013f7fd5f800 2253       3       org.objectweb.asm.Frame::merge (322 bytes)
Event: 5.392 Thread 0x0000013f7fd5f800 nmethod 2253 0x0000013f00a34390 code [0x0000013f00a345c0, 0x0000013f00a34ec8]
Event: 5.392 Thread 0x0000013f7fd5f800 2255       3       org.objectweb.asm.Frame::getAbstractTypeFromDescriptor (415 bytes)
Event: 5.395 Thread 0x0000013f7fd5f800 nmethod 2255 0x0000013f00a35110 code [0x0000013f00a354a0, 0x0000013f00a36f38]
Event: 5.395 Thread 0x0000013f7fd5f800 2256       3       org.objectweb.asm.Frame::getLocal (46 bytes)
Event: 5.395 Thread 0x0000013f7fd5f800 nmethod 2256 0x0000013f00a37810 code [0x0000013f00a379c0, 0x0000013f00a37bb8]
Event: 5.413 Thread 0x0000013f7fd5f800 2257       3       jdk.internal.loader.ClassLoaders::platformClassLoader (4 bytes)
Event: 5.413 Thread 0x0000013f7fd5f800 nmethod 2257 0x0000013f00a37c90 code [0x0000013f00a37e40, 0x0000013f00a37f38]
Event: 5.427 Thread 0x0000013f7fd5f800 2258       3       java.util.Collections$EmptySet::iterator (4 bytes)
Event: 5.428 Thread 0x0000013f7fd5f800 nmethod 2258 0x0000013f00a37f90 code [0x0000013f00a38140, 0x0000013f00a38298]
Event: 5.429 Thread 0x0000013f7fd5f800 2259       3       jdk.internal.reflect.Reflection::filter (217 bytes)
Event: 5.430 Thread 0x0000013f7fd5f800 nmethod 2259 0x0000013f00a38390 code [0x0000013f00a385e0, 0x0000013f00a39168]
Event: 5.433 Thread 0x0000013f7fd5f800 2261       3       sun.reflect.annotation.AnnotationInvocationHandler::invoke (178 bytes)
Event: 5.436 Thread 0x0000013f7fd5f800 nmethod 2261 0x0000013f00a39610 code [0x0000013f00a39920, 0x0000013f00a3a988]
Event: 5.436 Thread 0x0000013f7fd5f800 2262       3       java.lang.reflect.Array::newInstance (6 bytes)
Event: 5.436 Thread 0x0000013f7fd5f800 nmethod 2262 0x0000013f00a3af10 code [0x0000013f00a3b0c0, 0x0000013f00a3b1c8]

GC Heap History (11 events):
Event: 0.793 GC heap before
{Heap before GC invocations=0 (full 0):
 garbage-first heap   total 131072K, used 17408K [0x0000000080000000, 0x0000000100000000)
  region size 1024K, 14 young (14336K), 0 survivors (0K)
 Metaspace       used 6786K, capacity 6989K, committed 7168K, reserved 1056768K
  class space    used 584K, capacity 650K, committed 768K, reserved 1048576K
}
Event: 0.805 GC heap after
{Heap after GC invocations=1 (full 0):
 garbage-first heap   total 131072K, used 4343K [0x0000000080000000, 0x0000000100000000)
  region size 1024K, 2 young (2048K), 2 survivors (2048K)
 Metaspace       used 6786K, capacity 6989K, committed 7168K, reserved 1056768K
  class space    used 584K, capacity 650K, committed 768K, reserved 1048576K
}
Event: 1.302 GC heap before
{Heap before GC invocations=1 (full 0):
 garbage-first heap   total 131072K, used 18679K [0x0000000080000000, 0x0000000100000000)
  region size 1024K, 13 young (13312K), 2 survivors (2048K)
 Metaspace       used 9924K, capacity 10118K, committed 10368K, reserved 1058816K
  class space    used 1029K, capacity 1102K, committed 1152K, reserved 1048576K
}
Event: 1.307 GC heap after
{Heap after GC invocations=2 (full 0):
 garbage-first heap   total 131072K, used 9227K [0x0000000080000000, 0x0000000100000000)
  region size 1024K, 2 young (2048K), 2 survivors (2048K)
 Metaspace       used 9924K, capacity 10118K, committed 10368K, reserved 1058816K
  class space    used 1029K, capacity 1102K, committed 1152K, reserved 1048576K
}
Event: 2.014 GC heap before
{Heap before GC invocations=2 (full 0):
 garbage-first heap   total 131072K, used 36875K [0x0000000080000000, 0x0000000100000000)
  region size 1024K, 29 young (29696K), 2 survivors (2048K)
 Metaspace       used 10899K, capacity 11073K, committed 11264K, reserved 1058816K
  class space    used 1131K, capacity 1207K, committed 1280K, reserved 1048576K
}
Event: 2.018 GC heap after
{Heap after GC invocations=3 (full 0):
 garbage-first heap   total 131072K, used 10351K [0x0000000080000000, 0x0000000100000000)
  region size 1024K, 3 young (3072K), 3 survivors (3072K)
 Metaspace       used 10899K, capacity 11073K, committed 11264K, reserved 1058816K
  class space    used 1131K, capacity 1207K, committed 1280K, reserved 1048576K
}
Event: 3.892 GC heap before
{Heap before GC invocations=3 (full 0):
 garbage-first heap   total 131072K, used 52335K [0x0000000080000000, 0x0000000100000000)
  region size 1024K, 43 young (44032K), 3 survivors (3072K)
 Metaspace       used 17411K, capacity 17824K, committed 18048K, reserved 1064960K
  class space    used 2011K, capacity 2148K, committed 2176K, reserved 1048576K
}
Event: 3.904 GC heap after
{Heap after GC invocations=4 (full 0):
 garbage-first heap   total 131072K, used 15591K [0x0000000080000000, 0x0000000100000000)
  region size 1024K, 6 young (6144K), 6 survivors (6144K)
 Metaspace       used 17411K, capacity 17824K, committed 18048K, reserved 1064960K
  class space    used 2011K, capacity 2148K, committed 2176K, reserved 1048576K
}
Event: 4.394 GC heap before
{Heap before GC invocations=4 (full 0):
 garbage-first heap   total 131072K, used 47335K [0x0000000080000000, 0x0000000100000000)
  region size 1024K, 38 young (38912K), 6 survivors (6144K)
 Metaspace       used 20744K, capacity 21152K, committed 21248K, reserved 1067008K
  class space    used 2547K, capacity 2727K, committed 2816K, reserved 1048576K
}
Event: 4.407 GC heap after
{Heap after GC invocations=5 (full 0):
 garbage-first heap   total 131072K, used 17357K [0x0000000080000000, 0x0000000100000000)
  region size 1024K, 2 young (2048K), 2 survivors (2048K)
 Metaspace       used 20744K, capacity 21152K, committed 21248K, reserved 1067008K
  class space    used 2547K, capacity 2727K, committed 2816K, reserved 1048576K
}
Event: 5.441 GC heap before
{Heap before GC invocations=6 (full 0):
 garbage-first heap   total 131072K, used 67533K [0x0000000080000000, 0x0000000100000000)
  region size 1024K, 51 young (52224K), 2 survivors (2048K)
 Metaspace       used 25973K, capacity 26564K, committed 26624K, reserved 1073152K
  class space    used 3353K, capacity 3536K, committed 3584K, reserved 1048576K
}

Deoptimization events (20 events):
Event: 4.446 Thread 0x0000013f15c07000 Uncommon trap: trap_request=0xffffff4d fr.pc=0x0000013f07b32b78 relative=0x00000000000005b8
Event: 4.446 Thread 0x0000013f15c07000 Uncommon trap: reason=unstable_if action=reinterpret pc=0x0000013f07b32b78 method=java.io.File.getName()Ljava/lang/String; @ 16 c2
Event: 4.446 Thread 0x0000013f15c07000 DEOPT PACKING pc=0x0000013f07b32b78 sp=0x00000004754fb390
Event: 4.446 Thread 0x0000013f15c07000 DEOPT UNPACKING pc=0x0000013f0004a1af sp=0x00000004754fb360 mode 2
Event: 4.446 Thread 0x0000013f15c07000 Uncommon trap: trap_request=0xffffff4d fr.pc=0x0000013f07b30990 relative=0x0000000000000450
Event: 4.446 Thread 0x0000013f15c07000 Uncommon trap: reason=unstable_if action=reinterpret pc=0x0000013f07b30990 method=java.lang.String.substring(I)Ljava/lang/String; @ 34 c2
Event: 4.446 Thread 0x0000013f15c07000 DEOPT PACKING pc=0x0000013f07b30990 sp=0x00000004754fb310
Event: 4.446 Thread 0x0000013f15c07000 DEOPT UNPACKING pc=0x0000013f0004a1af sp=0x00000004754fb2e8 mode 2
Event: 4.614 Thread 0x0000013f15c07000 Uncommon trap: trap_request=0xffffff4d fr.pc=0x0000013f07b9dab0 relative=0x00000000000003b0
Event: 4.614 Thread 0x0000013f15c07000 Uncommon trap: reason=unstable_if action=reinterpret pc=0x0000013f07b9dab0 method=jdk.internal.org.objectweb.asm.Type.getArgumentsAndReturnSizes(Ljava/lang/String;)I @ 88 c2
Event: 4.614 Thread 0x0000013f15c07000 DEOPT PACKING pc=0x0000013f07b9dab0 sp=0x00000004754f9900
Event: 4.614 Thread 0x0000013f15c07000 DEOPT UNPACKING pc=0x0000013f0004a1af sp=0x00000004754f9888 mode 2
Event: 4.953 Thread 0x0000013f15c07000 Uncommon trap: trap_request=0xffffff4d fr.pc=0x0000013f07b13cf0 relative=0x0000000000000230
Event: 4.953 Thread 0x0000013f15c07000 Uncommon trap: reason=unstable_if action=reinterpret pc=0x0000013f07b13cf0 method=java.util.concurrent.ConcurrentHashMap.get(Ljava/lang/Object;)Ljava/lang/Object; @ 76 c2
Event: 4.953 Thread 0x0000013f15c07000 DEOPT PACKING pc=0x0000013f07b13cf0 sp=0x00000004754f9970
Event: 4.954 Thread 0x0000013f15c07000 DEOPT UNPACKING pc=0x0000013f0004a1af sp=0x00000004754f98d8 mode 2
Event: 5.230 Thread 0x0000013f15c07000 Uncommon trap: trap_request=0xffffff4d fr.pc=0x0000013f07bc94e8 relative=0x0000000000000408
Event: 5.230 Thread 0x0000013f15c07000 Uncommon trap: reason=unstable_if action=reinterpret pc=0x0000013f07bc94e8 method=sun.nio.cs.UTF_8$Decoder.decodeArrayLoop(Ljava/nio/ByteBuffer;Ljava/nio/CharBuffer;)Ljava/nio/charset/CoderResult; @ 110 c2
Event: 5.230 Thread 0x0000013f15c07000 DEOPT PACKING pc=0x0000013f07bc94e8 sp=0x00000004754f9e80
Event: 5.230 Thread 0x0000013f15c07000 DEOPT UNPACKING pc=0x0000013f0004a1af sp=0x00000004754f9db8 mode 2

Classes redefined (0 events):
No events

Internal exceptions (20 events):
Event: 3.783 Thread 0x0000013f15f51800 Exception <a 'java/lang/NoSuchMethodError'{0x00000000857bc870}: <clinit>> (0x00000000857bc870) thrown at [./src/hotspot/share/prims/jni.cpp, line 1365]
Event: 3.788 Thread 0x0000013f15f51800 Exception <a 'java/lang/NoSuchMethodError'{0x00000000857d4900}: <clinit>> (0x00000000857d4900) thrown at [./src/hotspot/share/prims/jni.cpp, line 1365]
Event: 3.789 Thread 0x0000013f15f51800 Exception <a 'java/lang/NoSuchMethodError'{0x00000000857de2c8}: <clinit>> (0x00000000857de2c8) thrown at [./src/hotspot/share/prims/jni.cpp, line 1365]
Event: 3.793 Thread 0x0000013f15f51800 Exception <a 'java/lang/NoSuchMethodError'{0x00000000857f3690}: <clinit>> (0x00000000857f3690) thrown at [./src/hotspot/share/prims/jni.cpp, line 1365]
Event: 3.940 Thread 0x0000013f15c07000 Exception <a 'java/lang/NoSuchMethodError'{0x0000000087e3b128}: 'long java.lang.invoke.DirectMethodHandle$Holder.invokeInterface(java.lang.Object, java.lang.Object)'> (0x0000000087e3b128) thrown at [./src/hotspot/share/interpreter/linkResolver.cpp, line 773]
Event: 3.942 Thread 0x0000013f15c07000 Exception <a 'java/lang/NoSuchMethodError'{0x0000000087e48468}: 'void java.lang.invoke.DelegatingMethodHandle$Holder.reinvoke_L(java.lang.Object, java.lang.Object, java.lang.Object, java.lang.Object, java.lang.Object, java.lang.Object, java.lang.Object)'> (0x0000000087e48468) thrown at [./src/hotspot/share/interpreter/linkResolver.cpp, line 773]
Event: 4.296 Thread 0x0000013f15c07000 Exception <a 'java/lang/NoSuchMethodError'{0x000000008638df90}: 'void java.lang.invoke.DirectMethodHandle$Holder.invokeStaticInit(java.lang.Object)'> (0x000000008638df90) thrown at [./src/hotspot/share/interpreter/linkResolver.cpp, line 773]
Event: 4.321 Thread 0x0000013f15c07000 Exception <a 'java/lang/NoSuchMethodError'{0x000000008623af08}: 'java.lang.Object java.lang.invoke.DirectMethodHandle$Holder.invokeStatic(java.lang.Object, java.lang.Object, java.lang.Object, int)'> (0x000000008623af08) thrown at [./src/hotspot/share/interpreter/linkResolver.cpp, line 773]
Event: 4.322 Thread 0x0000013f15c07000 Exception <a 'java/lang/NoSuchMethodError'{0x000000008623f620}: 'java.lang.Object java.lang.invoke.DirectMethodHandle$Holder.invokeSpecial(java.lang.Object, java.lang.Object, java.lang.Object, java.lang.Object, int)'> (0x000000008623f620) thrown at [./src/hotspot/share/interpreter/linkResolver.cpp, line 773]
Event: 4.322 Thread 0x0000013f15c07000 Exception <a 'java/lang/NoSuchMethodError'{0x0000000086243558}: 'java.lang.Object java.lang.invoke.Invokers$Holder.linkToTargetMethod(java.lang.Object, java.lang.Object, int, java.lang.Object)'> (0x0000000086243558) thrown at [./src/hotspot/share/interpreter/linkResolver.cpp, line 773]
Event: 4.507 Thread 0x0000013f15c07000 Exception <a 'java/lang/NoSuchMethodError'{0x0000000087cb88b0}: 'int java.lang.invoke.DirectMethodHandle$Holder.invokeSpecialIFC(java.lang.Object, java.lang.Object, java.lang.Object, java.lang.Object)'> (0x0000000087cb88b0) thrown at [./src/hotspot/share/interpreter/linkResolver.cpp, line 773]
Event: 4.510 Thread 0x0000013f15c07000 Exception <a 'java/lang/NoSuchMethodError'{0x0000000087cc6868}: 'java.lang.Object java.lang.invoke.DirectMethodHandle$Holder.invokeInterface(java.lang.Object, java.lang.Object, java.lang.Object)'> (0x0000000087cc6868) thrown at [./src/hotspot/share/interpreter/linkResolver.cpp, line 773]
Event: 4.510 Thread 0x0000013f15c07000 Exception <a 'java/lang/IncompatibleClassChangeError'{0x0000000087cc9d40}: Found class java.lang.Object, but interface was expected> (0x0000000087cc9d40) thrown at [./src/hotspot/share/interpreter/linkResolver.cpp, line 839]
Event: 4.739 Thread 0x0000013f15c07000 Exception <a 'java/lang/NoSuchMethodError'{0x000000008703d7b8}: 'java.lang.Object java.lang.invoke.DirectMethodHandle$Holder.invokeSpecial(java.lang.Object, java.lang.Object, java.lang.Object, java.lang.Object, java.lang.Object, java.lang.Object, java.lang.Object, java.lang.Object, java.lang.Object)'> (0x000000008703d7b8) thrown at [./src/hotspot/share/interpreter/linkResolver.cpp, line 773]
Event: 4.853 Thread 0x0000013f15c07000 Exception <a 'java/lang/NoSuchMethodError'{0x00000000867fd8d8}: 'java.lang.Object java.lang.invoke.DirectMethodHandle$Holder.invokeVirtual(java.lang.Object, java.lang.Object, java.lang.Object, java.lang.Object)'> (0x00000000867fd8d8) thrown at [./src/hotspot/share/interpreter/linkResolver.cpp, line 773]
Event: 5.004 Thread 0x0000013f15c07000 Exception <a 'java/lang/NoSuchMethodError'{0x00000000860c3b90}: 'void java.lang.invoke.DirectMethodHandle$Holder.invokeSpecial(java.lang.Object, java.lang.Object, java.lang.Object, java.lang.Object, java.lang.Object, java.lang.Object)'> (0x00000000860c3b90) thrown at [./src/hotspot/share/interpreter/linkResolver.cpp, line 773]
Event: 5.022 Thread 0x0000013f15c07000 Exception <a 'java/lang/NoSuchMethodError'{0x0000000085d32b08}: 'void java.lang.invoke.DirectMethodHandle$Holder.invokeSpecial(java.lang.Object, java.lang.Object, java.lang.Object, java.lang.Object, java.lang.Object, java.lang.Object, java.lang.Object)'> (0x0000000085d32b08) thrown at [./src/hotspot/share/interpreter/linkResolver.cpp, line 773]
Event: 5.023 Thread 0x0000013f15c07000 Exception <a 'java/lang/NoSuchMethodError'{0x0000000085d3aff8}: 'java.lang.Object java.lang.invoke.Invokers$Holder.linkToTargetMethod(java.lang.Object, java.lang.Object, java.lang.Object, java.lang.Object, java.lang.Object, java.lang.Object)'> (0x0000000085d3aff8) thrown at [./src/hotspot/share/interpreter/linkResolver.cpp, line 773]
Event: 5.182 Thread 0x0000013f15c07000 Exception <a 'java/lang/NoSuchMethodError'{0x00000000854ab878}: 'int java.lang.invoke.DirectMethodHandle$Holder.invokeStaticInit(java.lang.Object, java.lang.Object, java.lang.Object)'> (0x00000000854ab878) thrown at [./src/hotspot/share/interpreter/linkResolver.cpp, line 773]
Event: 5.377 Thread 0x0000013f15c07000 Exception <a 'java/lang/NoSuchMethodError'{0x0000000084fe0d00}: 'void java.lang.invoke.DirectMethodHandle$Holder.invokeStaticInit(java.lang.Object, java.lang.Object)'> (0x0000000084fe0d00) thrown at [./src/hotspot/share/interpreter/linkResolver.cpp, line 773]

Events (20 events):
Event: 5.426 loading class org/gradle/internal/build/StateTransitionController done
Event: 5.427 loading class org/gradle/initialization/VintageBuildModelController$Stage
Event: 5.427 loading class org/gradle/initialization/VintageBuildModelController$Stage done
Event: 5.427 loading class org/gradle/internal/build/DefaultBuildLifecycleController
Event: 5.427 loading class org/gradle/internal/build/DefaultBuildLifecycleController done
Event: 5.428 loading class org/gradle/BuildResult
Event: 5.428 loading class org/gradle/BuildResult done
Event: 5.433 loading class org/gradle/initialization/internal/InternalBuildFinishedListener
Event: 5.433 loading class org/gradle/initialization/internal/InternalBuildFinishedListener done
Event: 5.438 loading class org/gradle/internal/build/BuildOperationFiringBuildWorkPreparer
Event: 5.438 loading class org/gradle/internal/build/BuildOperationFiringBuildWorkPreparer done
Event: 5.439 loading class org/gradle/internal/taskgraph/CalculateTaskGraphBuildOperationType$TaskIdentity
Event: 5.439 loading class org/gradle/internal/taskgraph/CalculateTaskGraphBuildOperationType$TaskIdentity done
Event: 5.439 loading class org/gradle/internal/build/DefaultBuildWorkPreparer
Event: 5.439 loading class org/gradle/internal/build/DefaultBuildWorkPreparer done
Event: 5.440 loading class org/gradle/execution/BuildOperationFiringBuildWorkerExecutor
Event: 5.440 loading class org/gradle/execution/BuildOperationFiringBuildWorkerExecutor done
Event: 5.441 loading class org/gradle/execution/DefaultBuildWorkExecutor
Event: 5.441 loading class org/gradle/execution/DefaultBuildWorkExecutor done
Event: 5.441 Executing VM operation: G1CollectForAllocation


Dynamic libraries:
0x00007ff78a3c0000 - 0x00007ff78a3ca000 	C:\Program Files\Android\Android Studio\jre\bin\java.exe
0x00007ffdbee50000 - 0x00007ffdbf048000 	C:\WINDOWS\SYSTEM32\ntdll.dll
0x00007ffdbe9a0000 - 0x00007ffdbea5d000 	C:\WINDOWS\System32\KERNEL32.DLL
0x00007ffdbcbe0000 - 0x00007ffdbceae000 	C:\WINDOWS\System32\KERNELBASE.dll
0x00007ffdbca20000 - 0x00007ffdbcb20000 	C:\WINDOWS\System32\ucrtbase.dll
0x00007ffdb7810000 - 0x00007ffdb7829000 	C:\Program Files\Android\Android Studio\jre\bin\jli.dll
0x00007ffdaecb0000 - 0x00007ffdaecc7000 	C:\Program Files\Android\Android Studio\jre\bin\VCRUNTIME140.dll
0x00007ffdbd050000 - 0x00007ffdbd1f0000 	C:\WINDOWS\System32\USER32.dll
0x00007ffdbcbb0000 - 0x00007ffdbcbd2000 	C:\WINDOWS\System32\win32u.dll
0x00007ffdbe810000 - 0x00007ffdbe83a000 	C:\WINDOWS\System32\GDI32.dll
0x00007ffdbc800000 - 0x00007ffdbc90b000 	C:\WINDOWS\System32\gdi32full.dll
0x00007ffdaca20000 - 0x00007ffdaccba000 	C:\WINDOWS\WinSxS\amd64_microsoft.windows.common-controls_6595b64144ccf1df_6.0.19041.1110_none_60b5254171f9507e\COMCTL32.dll
0x00007ffdbc910000 - 0x00007ffdbc9ad000 	C:\WINDOWS\System32\msvcp_win.dll
0x00007ffdbe400000 - 0x00007ffdbe49e000 	C:\WINDOWS\System32\msvcrt.dll
0x00007ffdbe960000 - 0x00007ffdbe990000 	C:\WINDOWS\System32\IMM32.DLL
0x00007ffd52d30000 - 0x00007ffd52dcd000 	C:\Program Files\Android\Android Studio\jre\bin\msvcp140.dll
0x00007ffd3cca0000 - 0x00007ffd3d785000 	C:\Program Files\Android\Android Studio\jre\bin\server\jvm.dll
0x00007ffdbe840000 - 0x00007ffdbe8ee000 	C:\WINDOWS\System32\ADVAPI32.dll
0x00007ffdbe710000 - 0x00007ffdbe7ac000 	C:\WINDOWS\System32\sechost.dll
0x00007ffdbec10000 - 0x00007ffdbed35000 	C:\WINDOWS\System32\RPCRT4.dll
0x00007ffdbe990000 - 0x00007ffdbe998000 	C:\WINDOWS\System32\PSAPI.DLL
0x00007ffd972c0000 - 0x00007ffd972c9000 	C:\WINDOWS\SYSTEM32\WSOCK32.dll
0x00007ffdac860000 - 0x00007ffdac887000 	C:\WINDOWS\SYSTEM32\WINMM.dll
0x00007ffdbe8f0000 - 0x00007ffdbe95b000 	C:\WINDOWS\System32\WS2_32.dll
0x00007ffdb3670000 - 0x00007ffdb367a000 	C:\WINDOWS\SYSTEM32\VERSION.dll
0x00007ffdbadf0000 - 0x00007ffdbae02000 	C:\WINDOWS\SYSTEM32\kernel.appcore.dll
0x00007ffdb5ba0000 - 0x00007ffdb5bb1000 	C:\Program Files\Android\Android Studio\jre\bin\verify.dll
0x00007ffda0390000 - 0x00007ffda0574000 	C:\WINDOWS\SYSTEM32\DBGHELP.DLL
0x00007ffda0220000 - 0x00007ffda024c000 	C:\WINDOWS\SYSTEM32\dbgcore.DLL
0x00007ffdbcb20000 - 0x00007ffdbcba2000 	C:\WINDOWS\System32\bcryptPrimitives.dll
0x00007ffdad590000 - 0x00007ffdad5b9000 	C:\Program Files\Android\Android Studio\jre\bin\java.dll
0x00007ffdb77f0000 - 0x00007ffdb77fb000 	C:\Program Files\Android\Android Studio\jre\bin\jimage.dll
0x00007ffdabb20000 - 0x00007ffdabb38000 	C:\Program Files\Android\Android Studio\jre\bin\zip.dll
0x00007ffdbd8e0000 - 0x00007ffdbe023000 	C:\WINDOWS\System32\SHELL32.dll
0x00007ffdba590000 - 0x00007ffdbad25000 	C:\WINDOWS\SYSTEM32\windows.storage.dll
0x00007ffdbe0a0000 - 0x00007ffdbe3f4000 	C:\WINDOWS\System32\combase.dll
0x00007ffdbbfd0000 - 0x00007ffdbc000000 	C:\WINDOWS\SYSTEM32\Wldp.dll
0x00007ffdbe4a0000 - 0x00007ffdbe54d000 	C:\WINDOWS\System32\SHCORE.dll
0x00007ffdbe7b0000 - 0x00007ffdbe805000 	C:\WINDOWS\System32\shlwapi.dll
0x00007ffdbc4b0000 - 0x00007ffdbc4cf000 	C:\WINDOWS\SYSTEM32\profapi.dll
0x00007ffdabb00000 - 0x00007ffdabb1a000 	C:\Program Files\Android\Android Studio\jre\bin\net.dll
0x00007ffdad320000 - 0x00007ffdad42a000 	C:\WINDOWS\SYSTEM32\WINHTTP.dll
0x00007ffdbbd30000 - 0x00007ffdbbd9a000 	C:\WINDOWS\system32\mswsock.dll
0x00007ffdab640000 - 0x00007ffdab654000 	C:\Program Files\Android\Android Studio\jre\bin\nio.dll
0x00007ffda08d0000 - 0x00007ffda08f7000 	C:\Users\Nada Said\.gradle\native\e1d6ef7f7dcc3fd88c89a11ec53ec762bb8ba0a96d01ffa2cd45eb1d1d8dd5c5\windows-amd64\native-platform.dll
0x00007ffd4d7d0000 - 0x00007ffd4d914000 	C:\Users\Nada Said\.gradle\native\5664cfc778a61ccfe75a443a1ab52a65af34e5dc3c78e0209fed803814484fcb\windows-amd64\native-platform-file-events.dll
0x00007ffdb4e40000 - 0x00007ffdb4e4a000 	C:\Program Files\Android\Android Studio\jre\bin\management.dll
0x00007ffdb0140000 - 0x00007ffdb014d000 	C:\Program Files\Android\Android Studio\jre\bin\management_ext.dll
0x00007ffdbbf30000 - 0x00007ffdbbf48000 	C:\WINDOWS\SYSTEM32\CRYPTSP.dll
0x00007ffdbb640000 - 0x00007ffdbb674000 	C:\WINDOWS\system32\rsaenh.dll
0x00007ffdbc620000 - 0x00007ffdbc647000 	C:\WINDOWS\System32\bcrypt.dll
0x00007ffdbc430000 - 0x00007ffdbc45e000 	C:\WINDOWS\SYSTEM32\USERENV.dll
0x00007ffdbbf20000 - 0x00007ffdbbf2c000 	C:\WINDOWS\SYSTEM32\CRYPTBASE.dll
0x00007ffdbb9d0000 - 0x00007ffdbba0b000 	C:\WINDOWS\SYSTEM32\IPHLPAPI.DLL
0x00007ffdbe030000 - 0x00007ffdbe038000 	C:\WINDOWS\System32\NSI.dll
0x00007ffdb3260000 - 0x00007ffdb3277000 	C:\WINDOWS\SYSTEM32\dhcpcsvc6.DLL
0x00007ffdb3e80000 - 0x00007ffdb3e9d000 	C:\WINDOWS\SYSTEM32\dhcpcsvc.DLL
0x00007ffdbba20000 - 0x00007ffdbbaea000 	C:\WINDOWS\SYSTEM32\DNSAPI.dll

dbghelp: loaded successfully - version: 4.0.5 - missing functions: none
symbol engine: initialized successfully - sym options: 0x614 - pdb path: .;C:\Program Files\Android\Android Studio\jre\bin;C:\WINDOWS\SYSTEM32;C:\WINDOWS\WinSxS\amd64_microsoft.windows.common-controls_6595b64144ccf1df_6.0.19041.1110_none_60b5254171f9507e;C:\Program Files\Android\Android Studio\jre\bin\server;C:\Users\Nada Said\.gradle\native\e1d6ef7f7dcc3fd88c89a11ec53ec762bb8ba0a96d01ffa2cd45eb1d1d8dd5c5\windows-amd64;C:\Users\Nada Said\.gradle\native\5664cfc778a61ccfe75a443a1ab52a65af34e5dc3c78e0209fed803814484fcb\windows-amd64

VM Arguments:
jvm_args: --add-opens=java.base/java.util=ALL-UNNAMED --add-opens=java.base/java.lang=ALL-UNNAMED --add-opens=java.base/java.lang.invoke=ALL-UNNAMED --add-opens=java.base/java.util=ALL-UNNAMED --add-opens=java.prefs/java.util.prefs=ALL-UNNAMED --add-opens=java.prefs/java.util.prefs=ALL-UNNAMED --add-opens=java.base/java.nio.charset=ALL-UNNAMED --add-opens=java.base/java.net=ALL-UNNAMED --add-opens=java.base/java.util.concurrent.atomic=ALL-UNNAMED -Xmx2048m -Dfile.encoding=UTF-8 -Duser.country=US -Duser.language=en -Duser.variant 
java_command: org.gradle.launcher.daemon.bootstrap.GradleDaemon 7.3.3
java_class_path (initial): C:\Users\Nada Said\.gradle\wrapper\dists\gradle-7.3.3-bin\6a41zxkdtcxs8rphpq6y0069z\gradle-7.3.3\lib\gradle-launcher-7.3.3.jar
Launcher Type: SUN_STANDARD

[Global flags]
     intx CICompilerCount                          = 3                                         {product} {ergonomic}
     uint ConcGCThreads                            = 1                                         {product} {ergonomic}
     uint G1ConcRefinementThreads                  = 4                                         {product} {ergonomic}
   size_t G1HeapRegionSize                         = 1048576                                   {product} {ergonomic}
    uintx GCDrainStackTargetSize                   = 64                                        {product} {ergonomic}
   size_t InitialHeapSize                          = 134217728                                 {product} {ergonomic}
   size_t MarkStackSize                            = 4194304                                   {product} {ergonomic}
   size_t MaxHeapSize                              = 2147483648                                {product} {command line}
   size_t MaxNewSize                               = 1287651328                                {product} {ergonomic}
   size_t MinHeapDeltaBytes                        = 1048576                                   {product} {ergonomic}
    uintx NonNMethodCodeHeapSize                   = 5830732                                {pd product} {ergonomic}
    uintx NonProfiledCodeHeapSize                  = 122913754                              {pd product} {ergonomic}
    uintx ProfiledCodeHeapSize                     = 122913754                              {pd product} {ergonomic}
    uintx ReservedCodeCacheSize                    = 251658240                              {pd product} {ergonomic}
     bool SegmentedCodeCache                       = true                                      {product} {ergonomic}
     bool UseCompressedClassPointers               = true                                 {lp64_product} {ergonomic}
     bool UseCompressedOops                        = true                                 {lp64_product} {ergonomic}
     bool UseG1GC                                  = true                                      {product} {ergonomic}
     bool UseLargePagesIndividualAllocation        = false                                  {pd product} {ergonomic}

Logging:
Log output configuration:
 #0: stdout all=warning uptime,level,tags
 #1: stderr all=off uptime,level,tags

Environment Variables:
JAVA_HOME=C:\Program Files\Java\jdk-17.0.1
PATH=C:\Program Files\Microsoft\jdk-11.0.12.7-hotspot\bin;C:\Program Files (x86)\NVIDIA Corporation\PhysX\Common;C:\Oracle\Middleware\Oracle_FRHome1\bin;C:\Program Files\Common Files\Oracle\Java\javapath;C:\app\NadaSaid\product\11.2.0\dbhome_1\bin;C:\ProgramData\Oracle\Java\javapath;C:\WINDOWS\system32;C:\WINDOWS;C:\WINDOWS\System32\Wbem;C:\WINDOWS\System32\WindowsPowerShell\v1.0\;C:\WINDOWS\System32\OpenSSH\;C:\Program Files\Git\cmd;C:\Program Files\Java\jdk-17.0.1\bin;C:\Oracle\Middleware\Oracle_FRHome1\opmn\bin;C:\Oracle\Middleware\Oracle_FRHome1\opmn\lib;C:\Oracle\Middleware\Oracle_FRHome1\perl\bin;C:\Program Files\Microsoft SQL Server\Client SDK\ODBC\110\Tools\Binn\;C:\Program Files (x86)\Microsoft SQL Server\120\Tools\Binn\;C:\Program Files\Microsoft SQL Server\120\Tools\Binn\;C:\Program Files\Microsoft SQL Server\120\DTS\Binn\;C:\Program Files (x86)\Windows Kits\8.1\Windows Performance Toolkit\;C:\Program Files\dotnet\;C:\Users\Nada Said\AppData\Local\Programs\Python\Python37\Scripts\;C:\Users\Nada Said\AppData\Local\Programs\Python\Python37\;C:\Python37\Scripts\;C:\Python37\;C:\Users\Nada Said\AppData\Local\Microsoft\WindowsApps;C:\Users\Nada Said\AppData\Local\Programs\Microsoft VS Code\bin;C:\Program Files\JetBrains\IntelliJ IDEA Community Edition 2021.2.3\bin;;C:\Users\Nada Said\.dotnet\tools;C:\Users\Nada Said\AppData\Local\GitHubDesktop\bin;C:\Dart\dart-sdk\bin;
USERNAME=Nada Said
LD_LIBRARY_PATH=C:\Oracle\Middleware\Oracle_FRHome1\lib
OS=Windows_NT
PROCESSOR_IDENTIFIER=Intel64 Family 6 Model 61 Stepping 4, GenuineIntel



---------------  S Y S T E M  ---------------

OS: Windows 10 , 64 bit Build 19041 (10.0.19041.1889)
OS uptime: 3 days 3:30 hours

CPU:total 4 (initial active 4) (2 cores per cpu, 2 threads per core) family 6 model 61 stepping 4 microcode 0x2d, cmov, cx8, fxsr, mmx, sse, sse2, sse3, ssse3, sse4.1, sse4.2, popcnt, avx, avx2, aes, clmul, erms, rtm, 3dnowpref, lzcnt, ht, tsc, tscinvbit, bmi1, bmi2, adx, fma

Memory: 4k page, system-wide physical 8067M (1266M free)
TotalPageFile size 10998M (AvailPageFile size 9M)
current process WorkingSet (physical memory assigned to process): 185M, peak: 185M
current process commit charge ("private bytes"): 273M, peak: 299M

vm_info: OpenJDK 64-Bit Server VM (11.0.12+7-b1504.28-7817840) for windows-amd64 JRE (11.0.12+7-b1504.28-7817840), built on Oct 13 2021 22:12:33 by "builder" with MS VC++ 14.0 (VS2015)

END.
