#
# There is insufficient memory for the Java Runtime Environment to continue.
# Native memory allocation (mmap) failed to map 47185920 bytes for Failed to commit area from 0x000000008de00000 to 0x0000000090b00000 of length 47185920.
# Possible reasons:
#   The system is out of physical RAM or swap space
#   The process is running with CompressedOops enabled, and the Java Heap may be blocking the growth of the native heap
# Possible solutions:
#   Reduce memory load on the system
#   Increase physical memory or swap space
#   Check if swap backing store is full
#   Decrease Java heap size (-Xmx/-Xms)
#   Decrease number of Java threads
#   Decrease Java thread stack sizes (-Xss)
#   Set larger code cache with -XX:ReservedCodeCacheSize=
#   JVM is running with Unscaled Compressed Oops mode in which the Java heap is
#     placed in the first 4GB address space. The Java Heap base address is the
#     maximum limit for the native heap growth. Please use -XX:HeapBaseMinAddress
#     to set the Java Heap base and to place the Java Heap above 4GB virtual address.
# This output file may be truncated or incomplete.
#
#  Out of Memory Error (./src/hotspot/os/windows/os_windows.cpp:3521), pid=1728, tid=8020
#
# JRE version: OpenJDK Runtime Environment (11.0.12+7) (build 11.0.12+7-b1504.28-7817840)
# Java VM: OpenJDK 64-Bit Server VM (11.0.12+7-b1504.28-7817840, mixed mode, tiered, compressed oops, g1 gc, windows-amd64)
# No core dump will be written. Minidumps are not enabled by default on client versions of Windows
#

---------------  S U M M A R Y ------------

Command Line: --add-opens=java.base/java.util=ALL-UNNAMED --add-opens=java.base/java.lang=ALL-UNNAMED --add-opens=java.base/java.lang.invoke=ALL-UNNAMED --add-opens=java.base/java.util=ALL-UNNAMED --add-opens=java.prefs/java.util.prefs=ALL-UNNAMED --add-opens=java.prefs/java.util.prefs=ALL-UNNAMED --add-opens=java.base/java.nio.charset=ALL-UNNAMED --add-opens=java.base/java.net=ALL-UNNAMED --add-opens=java.base/java.util.concurrent.atomic=ALL-UNNAMED -Xmx2048m -Dfile.encoding=UTF-8 -Duser.country=US -Duser.language=en -Duser.variant org.gradle.launcher.daemon.bootstrap.GradleDaemon 7.3.3

Host: Intel(R) Core(TM) i5-5300U CPU @ 2.30GHz, 4 cores, 7G,  Windows 10 , 64 bit Build 19041 (10.0.19041.1889)
Time: Thu Oct  6 13:44:13 2022 Egypt Standard Time elapsed time: 21.294806 seconds (0d 0h 0m 21s)

---------------  T H R E A D  ---------------

Current thread (0x000001b7dc7ae800):  VMThread "VM Thread" [stack: 0x000000a4b5600000,0x000000a4b5700000] [id=8020]

Stack: [0x000000a4b5600000,0x000000a4b5700000]
[error occurred during error reporting (printing stack bounds), id 0xc0000005, EXCEPTION_ACCESS_VIOLATION (0xc0000005) at pc=0x000001b7c66d112d]

Native frames: (J=compiled Java code, j=interpreted, Vv=VM code, C=native code)
V  [jvm.dll+0x5fbcea]
V  [jvm.dll+0x731905]
V  [jvm.dll+0x732f1d]
V  [jvm.dll+0x733535]
V  [jvm.dll+0x7334eb]
V  [jvm.dll+0x5fb080]
V  [jvm.dll+0x5fb818]
C  [ntdll.dll+0xa235f]
C  [ntdll.dll+0x514a4]
C  [ntdll.dll+0xa0e8e]
C  0x000001b7c66d112d

VM_Operation (0x000000a4bb3fccd0): G1CollectForAllocation, mode: safepoint, requested by thread 0x000001b7e6f49800


---------------  P R O C E S S  ---------------

Threads class SMR info:
_java_thread_list=0x000001b7e709bd60, length=90, elements={
0x000001b7c2bc1000, 0x000001b7dc7b4800, 0x000001b7dc7b7800, 0x000001b7dd142800,
0x000001b7dc7d1800, 0x000001b7dc7d7800, 0x000001b7dc7dc800, 0x000001b7dc7dd800,
0x000001b7dc7e3800, 0x000001b7dd29a000, 0x000001b7de90f800, 0x000001b7e09f5800,
0x000001b7dd534000, 0x000001b7df4f9000, 0x000001b7df1f4000, 0x000001b7df05b800,
0x000001b7dddf0800, 0x000001b7def04800, 0x000001b7def15800, 0x000001b7df38e800,
0x000001b7df391800, 0x000001b7df392800, 0x000001b7df38d000, 0x000001b7df7d8800,
0x000001b7df38f800, 0x000001b7df393800, 0x000001b7df38d800, 0x000001b7df390000,
0x000001b7df391000, 0x000001b7e28d4800, 0x000001b7e28d3000, 0x000001b7e28d7800,
0x000001b7e28d3800, 0x000001b7e28da000, 0x000001b7e28db000, 0x000001b7e28dc800,
0x000001b7e28d8800, 0x000001b7e28d7000, 0x000001b7e28de000, 0x000001b7e28e0800,
0x000001b7e28e1800, 0x000001b7e28df000, 0x000001b7e28e0000, 0x000001b7e28dd800,
0x000001b7df255000, 0x000001b7df254000, 0x000001b7df256000, 0x000001b7df253800,
0x000001b7df258800, 0x000001b7df25c800, 0x000001b7df25b800, 0x000001b7df257800,
0x000001b7df256800, 0x000001b7df25a800, 0x000001b7df25d000, 0x000001b7df25f000,
0x000001b7df259000, 0x000001b7df25e000, 0x000001b7df25f800, 0x000001b7df25a000,
0x000001b7df260800, 0x000001b7df261800, 0x000001b7df262000, 0x000001b7df779800,
0x000001b7df77b000, 0x000001b7df77d000, 0x000001b7df77a800, 0x000001b7df77c000,
0x000001b7df77e800, 0x000001b7df77f000, 0x000001b7df783800, 0x000001b7df780000,
0x000001b7df781800, 0x000001b7df77d800, 0x000001b7df782800, 0x000001b7df784000,
0x000001b7df785000, 0x000001b7df781000, 0x000001b7df786800, 0x000001b7df786000,
0x000001b7df788000, 0x000001b7e6f4d000, 0x000001b7e6f47800, 0x000001b7e6f4e000,
0x000001b7e6f4b800, 0x000001b7e6f49000, 0x000001b7e6f4c000, 0x000001b7e6f48000,
0x000001b7e6f49800, 0x000001b7e6f4e800
}

Java Threads: ( => current thread )
  0x000001b7c2bc1000 JavaThread "main" [_thread_blocked, id=16744, stack(0x000000a4b5000000,0x000000a4b5100000)]
  0x000001b7dc7b4800 JavaThread "Reference Handler" daemon [_thread_blocked, id=2580, stack(0x000000a4b5700000,0x000000a4b5800000)]
  0x000001b7dc7b7800 JavaThread "Finalizer" daemon [_thread_blocked, id=8920, stack(0x000000a4b5800000,0x000000a4b5900000)]
  0x000001b7dd142800 JavaThread "Signal Dispatcher" daemon [_thread_blocked, id=12652, stack(0x000000a4b5900000,0x000000a4b5a00000)]
  0x000001b7dc7d1800 JavaThread "Attach Listener" daemon [_thread_blocked, id=7872, stack(0x000000a4b5a00000,0x000000a4b5b00000)]
  0x000001b7dc7d7800 JavaThread "Service Thread" daemon [_thread_blocked, id=11676, stack(0x000000a4b5b00000,0x000000a4b5c00000)]
  0x000001b7dc7dc800 JavaThread "C2 CompilerThread0" daemon [_thread_blocked, id=7912, stack(0x000000a4b5c00000,0x000000a4b5d00000)]
  0x000001b7dc7dd800 JavaThread "C1 CompilerThread0" daemon [_thread_blocked, id=4532, stack(0x000000a4b5d00000,0x000000a4b5e00000)]
  0x000001b7dc7e3800 JavaThread "Sweeper thread" daemon [_thread_blocked, id=13080, stack(0x000000a4b5e00000,0x000000a4b5f00000)]
  0x000001b7dd29a000 JavaThread "Common-Cleaner" daemon [_thread_blocked, id=17136, stack(0x000000a4b5f00000,0x000000a4b6000000)]
  0x000001b7de90f800 JavaThread "Daemon health stats" [_thread_blocked, id=2016, stack(0x000000a4b6400000,0x000000a4b6500000)]
  0x000001b7e09f5800 JavaThread "Incoming local TCP Connector on port 52096" [_thread_in_native, id=4476, stack(0x000000a4b6100000,0x000000a4b6200000)]
  0x000001b7dd534000 JavaThread "Daemon periodic checks" [_thread_blocked, id=3776, stack(0x000000a4b6500000,0x000000a4b6600000)]
  0x000001b7df4f9000 JavaThread "Daemon" [_thread_blocked, id=9988, stack(0x000000a4b6600000,0x000000a4b6700000)]
  0x000001b7df1f4000 JavaThread "Handler for socket connection from /127.0.0.1:52096 to /127.0.0.1:52097" [_thread_in_native, id=14432, stack(0x000000a4b6700000,0x000000a4b6800000)]
  0x000001b7df05b800 JavaThread "Cancel handler" [_thread_blocked, id=10540, stack(0x000000a4b6800000,0x000000a4b6900000)]
  0x000001b7dddf0800 JavaThread "Daemon worker" [_thread_blocked, id=16012, stack(0x000000a4b6900000,0x000000a4b6a00000)]
  0x000001b7def04800 JavaThread "Asynchronous log dispatcher for DefaultDaemonConnection: socket connection from /127.0.0.1:52096 to /127.0.0.1:52097" [_thread_blocked, id=14488, stack(0x000000a4b6a00000,0x000000a4b6b00000)]
  0x000001b7def15800 JavaThread "Stdin handler" [_thread_blocked, id=9356, stack(0x000000a4b6b00000,0x000000a4b6c00000)]
  0x000001b7df38e800 JavaThread "Daemon client event forwarder" [_thread_blocked, id=4960, stack(0x000000a4b6c00000,0x000000a4b6d00000)]
  0x000001b7df391800 JavaThread "Cache worker for journal cache (C:\Users\Nada Said\.gradle\caches\journal-1)" [_thread_blocked, id=2052, stack(0x000000a4b6e00000,0x000000a4b6f00000)]
  0x000001b7df392800 JavaThread "File lock request listener" [_thread_in_native, id=13828, stack(0x000000a4b6f00000,0x000000a4b7000000)]
  0x000001b7df38d000 JavaThread "Cache worker for file hash cache (C:\Users\Nada Said\.gradle\caches\7.3.3\fileHashes)" [_thread_blocked, id=12820, stack(0x000000a4b7000000,0x000000a4b7100000)]
  0x000001b7df7d8800 JavaThread "C2 CompilerThread1" daemon [_thread_blocked, id=13540, stack(0x000000a4b7100000,0x000000a4b7200000)]
  0x000001b7df38f800 JavaThread "Cache worker for file hash cache (D:\AndroidProject\EcommerceApp\.gradle\7.3.3\fileHashes)" [_thread_blocked, id=13796, stack(0x000000a4b7200000,0x000000a4b7300000)]
  0x000001b7df393800 JavaThread "File watcher server" daemon [_thread_blocked, id=1228, stack(0x000000a4b7300000,0x000000a4b7400000)]
  0x000001b7df38d800 JavaThread "File watcher consumer" daemon [_thread_blocked, id=1796, stack(0x000000a4b7400000,0x000000a4b7500000)]
  0x000001b7df390000 JavaThread "Cache worker for checksums cache (D:\AndroidProject\EcommerceApp\.gradle\7.3.3\checksums)" [_thread_blocked, id=14504, stack(0x000000a4b7500000,0x000000a4b7600000)]
  0x000001b7df391000 JavaThread "Cache worker for cache directory md-supplier (C:\Users\Nada Said\.gradle\caches\7.3.3\md-supplier)" [_thread_blocked, id=10916, stack(0x000000a4b7600000,0x000000a4b7700000)]
  0x000001b7e28d4800 JavaThread "Cache worker for cache directory md-rule (C:\Users\Nada Said\.gradle\caches\7.3.3\md-rule)" [_thread_blocked, id=17128, stack(0x000000a4b7700000,0x000000a4b7800000)]
  0x000001b7e28d3000 JavaThread "Cache worker for execution history cache (C:\Users\Nada Said\.gradle\caches\7.3.3\executionHistory)" [_thread_blocked, id=15160, stack(0x000000a4b7800000,0x000000a4b7900000)]
  0x000001b7e28d7800 JavaThread "jar transforms" [_thread_blocked, id=2968, stack(0x000000a4b7900000,0x000000a4b7a00000)]
  0x000001b7e28d3800 JavaThread "Cache worker for file content cache (C:\Users\Nada Said\.gradle\caches\7.3.3\fileContent)" [_thread_blocked, id=14328, stack(0x000000a4b7a00000,0x000000a4b7b00000)]
  0x000001b7e28da000 JavaThread "jar transforms Thread 2" [_thread_blocked, id=3924, stack(0x000000a4b7b00000,0x000000a4b7c00000)]
  0x000001b7e28db000 JavaThread "Cache worker for dependencies-accessors (D:\AndroidProject\EcommerceApp\.gradle\7.3.3\dependencies-accessors)" [_thread_blocked, id=14048, stack(0x000000a4b7c00000,0x000000a4b7d00000)]
  0x000001b7e28dc800 JavaThread "jar transforms Thread 3" [_thread_blocked, id=13304, stack(0x000000a4b7d00000,0x000000a4b7e00000)]
  0x000001b7e28d8800 JavaThread "Cache worker for Build Output Cleanup Cache (D:\AndroidProject\EcommerceApp\.gradle\buildOutputCleanup)" [_thread_blocked, id=11856, stack(0x000000a4b7e00000,0x000000a4b7f00000)]
  0x000001b7e28d7000 JavaThread "Unconstrained build operations" [_thread_blocked, id=12752, stack(0x000000a4b7f00000,0x000000a4b8000000)]
  0x000001b7e28de000 JavaThread "Unconstrained build operations Thread 2" [_thread_blocked, id=1080, stack(0x000000a4b8000000,0x000000a4b8100000)]
  0x000001b7e28e0800 JavaThread "Unconstrained build operations Thread 3" [_thread_blocked, id=17060, stack(0x000000a4b8100000,0x000000a4b8200000)]
  0x000001b7e28e1800 JavaThread "Unconstrained build operations Thread 4" [_thread_blocked, id=1912, stack(0x000000a4b8200000,0x000000a4b8300000)]
  0x000001b7e28df000 JavaThread "Unconstrained build operations Thread 5" [_thread_blocked, id=11880, stack(0x000000a4b8300000,0x000000a4b8400000)]
  0x000001b7e28e0000 JavaThread "Unconstrained build operations Thread 6" [_thread_blocked, id=2900, stack(0x000000a4b8400000,0x000000a4b8500000)]
  0x000001b7e28dd800 JavaThread "Unconstrained build operations Thread 7" [_thread_blocked, id=8180, stack(0x000000a4b8500000,0x000000a4b8600000)]
  0x000001b7df255000 JavaThread "Unconstrained build operations Thread 8" [_thread_blocked, id=2636, stack(0x000000a4b8600000,0x000000a4b8700000)]
  0x000001b7df254000 JavaThread "Unconstrained build operations Thread 9" [_thread_blocked, id=12020, stack(0x000000a4b8700000,0x000000a4b8800000)]
  0x000001b7df256000 JavaThread "Unconstrained build operations Thread 10" [_thread_blocked, id=12456, stack(0x000000a4b8800000,0x000000a4b8900000)]
  0x000001b7df253800 JavaThread "Unconstrained build operations Thread 11" [_thread_blocked, id=4456, stack(0x000000a4b8900000,0x000000a4b8a00000)]
  0x000001b7df258800 JavaThread "Unconstrained build operations Thread 12" [_thread_blocked, id=4108, stack(0x000000a4b8a00000,0x000000a4b8b00000)]
  0x000001b7df25c800 JavaThread "Unconstrained build operations Thread 13" [_thread_blocked, id=3456, stack(0x000000a4b8b00000,0x000000a4b8c00000)]
  0x000001b7df25b800 JavaThread "Unconstrained build operations Thread 14" [_thread_blocked, id=6540, stack(0x000000a4b8c00000,0x000000a4b8d00000)]
  0x000001b7df257800 JavaThread "Unconstrained build operations Thread 15" [_thread_blocked, id=13876, stack(0x000000a4b8d00000,0x000000a4b8e00000)]
  0x000001b7df256800 JavaThread "Unconstrained build operations Thread 16" [_thread_blocked, id=15776, stack(0x000000a4b8e00000,0x000000a4b8f00000)]
  0x000001b7df25a800 JavaThread "Unconstrained build operations Thread 17" [_thread_blocked, id=12448, stack(0x000000a4b8f00000,0x000000a4b9000000)]
  0x000001b7df25d000 JavaThread "Unconstrained build operations Thread 18" [_thread_blocked, id=14640, stack(0x000000a4b9000000,0x000000a4b9100000)]
  0x000001b7df25f000 JavaThread "Unconstrained build operations Thread 19" [_thread_blocked, id=860, stack(0x000000a4b9100000,0x000000a4b9200000)]
  0x000001b7df259000 JavaThread "Unconstrained build operations Thread 20" [_thread_blocked, id=6136, stack(0x000000a4b9200000,0x000000a4b9300000)]
  0x000001b7df25e000 JavaThread "Unconstrained build operations Thread 21" [_thread_blocked, id=10360, stack(0x000000a4b9300000,0x000000a4b9400000)]
  0x000001b7df25f800 JavaThread "Unconstrained build operations Thread 22" [_thread_blocked, id=16312, stack(0x000000a4b9400000,0x000000a4b9500000)]
  0x000001b7df25a000 JavaThread "Unconstrained build operations Thread 23" [_thread_blocked, id=2584, stack(0x000000a4b9500000,0x000000a4b9600000)]
  0x000001b7df260800 JavaThread "Unconstrained build operations Thread 24" [_thread_blocked, id=14920, stack(0x000000a4b9600000,0x000000a4b9700000)]
  0x000001b7df261800 JavaThread "Unconstrained build operations Thread 25" [_thread_blocked, id=9920, stack(0x000000a4b9700000,0x000000a4b9800000)]
  0x000001b7df262000 JavaThread "Unconstrained build operations Thread 26" [_thread_blocked, id=12176, stack(0x000000a4b9800000,0x000000a4b9900000)]
  0x000001b7df779800 JavaThread "Unconstrained build operations Thread 27" [_thread_blocked, id=2312, stack(0x000000a4b9900000,0x000000a4b9a00000)]
  0x000001b7df77b000 JavaThread "Unconstrained build operations Thread 28" [_thread_blocked, id=6872, stack(0x000000a4b9a00000,0x000000a4b9b00000)]
  0x000001b7df77d000 JavaThread "Unconstrained build operations Thread 29" [_thread_blocked, id=15944, stack(0x000000a4b9b00000,0x000000a4b9c00000)]
  0x000001b7df77a800 JavaThread "Unconstrained build operations Thread 30" [_thread_blocked, id=5600, stack(0x000000a4b9c00000,0x000000a4b9d00000)]
  0x000001b7df77c000 JavaThread "Unconstrained build operations Thread 31" [_thread_blocked, id=10496, stack(0x000000a4b9d00000,0x000000a4b9e00000)]
  0x000001b7df77e800 JavaThread "Unconstrained build operations Thread 32" [_thread_blocked, id=4592, stack(0x000000a4b9e00000,0x000000a4b9f00000)]
  0x000001b7df77f000 JavaThread "Unconstrained build operations Thread 33" [_thread_blocked, id=15092, stack(0x000000a4b9f00000,0x000000a4ba000000)]
  0x000001b7df783800 JavaThread "Unconstrained build operations Thread 34" [_thread_blocked, id=8476, stack(0x000000a4ba000000,0x000000a4ba100000)]
  0x000001b7df780000 JavaThread "Unconstrained build operations Thread 35" [_thread_blocked, id=17380, stack(0x000000a4ba100000,0x000000a4ba200000)]
  0x000001b7df781800 JavaThread "Unconstrained build operations Thread 36" [_thread_blocked, id=12608, stack(0x000000a4ba200000,0x000000a4ba300000)]
  0x000001b7df77d800 JavaThread "Unconstrained build operations Thread 37" [_thread_blocked, id=15016, stack(0x000000a4ba300000,0x000000a4ba400000)]
  0x000001b7df782800 JavaThread "Unconstrained build operations Thread 38" [_thread_blocked, id=124, stack(0x000000a4ba400000,0x000000a4ba500000)]
  0x000001b7df784000 JavaThread "Unconstrained build operations Thread 39" [_thread_blocked, id=10148, stack(0x000000a4ba500000,0x000000a4ba600000)]
  0x000001b7df785000 JavaThread "Unconstrained build operations Thread 40" [_thread_blocked, id=6968, stack(0x000000a4ba600000,0x000000a4ba700000)]
  0x000001b7df781000 JavaThread "jar transforms Thread 4" [_thread_blocked, id=10800, stack(0x000000a4ba700000,0x000000a4ba800000)]
  0x000001b7df786800 JavaThread "Memory manager" [_thread_blocked, id=14888, stack(0x000000a4ba800000,0x000000a4ba900000)]
  0x000001b7df786000 JavaThread "build event listener" [_thread_blocked, id=11328, stack(0x000000a4ba900000,0x000000a4baa00000)]
  0x000001b7df788000 JavaThread "pool-3-thread-1" [_thread_blocked, id=12744, stack(0x000000a4baa00000,0x000000a4bab00000)]
  0x000001b7e6f4d000 JavaThread "build event listener" [_thread_blocked, id=13196, stack(0x000000a4bab00000,0x000000a4bac00000)]
  0x000001b7e6f47800 JavaThread "Execution worker for ':'" [_thread_blocked, id=7408, stack(0x000000a4bac00000,0x000000a4bad00000)]
  0x000001b7e6f4e000 JavaThread "Execution worker for ':' Thread 2" [_thread_blocked, id=9832, stack(0x000000a4bad00000,0x000000a4bae00000)]
  0x000001b7e6f4b800 JavaThread "Execution worker for ':' Thread 3" [_thread_blocked, id=15304, stack(0x000000a4bae00000,0x000000a4baf00000)]
  0x000001b7e6f49000 JavaThread "Cache worker for execution history cache (D:\AndroidProject\EcommerceApp\.gradle\7.3.3\executionHistory)" [_thread_blocked, id=14228, stack(0x000000a4baf00000,0x000000a4bb000000)]
  0x000001b7e6f4c000 JavaThread "WorkerExecutor Queue" [_thread_blocked, id=12936, stack(0x000000a4bb100000,0x000000a4bb200000)]
  0x000001b7e6f48000 JavaThread "WorkerExecutor Queue Thread 2" [_thread_blocked, id=10300, stack(0x000000a4bb200000,0x000000a4bb300000)]
  0x000001b7e6f49800 JavaThread "WorkerExecutor Queue Thread 3" [_thread_blocked, id=10264, stack(0x000000a4bb300000,0x000000a4bb400000)]
  0x000001b7e6f4e800 JavaThread "WorkerExecutor Queue Thread 4" [_thread_blocked, id=12792, stack(0x000000a4bb400000,0x000000a4bb500000)]

Other Threads:
=>0x000001b7dc7ae800 VMThread "VM Thread" [stack: 0x000000a4b5600000,0x000000a4b5700000] [id=8020]
  0x000001b7dd2c5800 WatcherThread [stack: 0x000000a4b6000000,0x000000a4b6100000] [id=17080]
  0x000001b7c2bd7800 GCTaskThread "GC Thread#0" [stack: 0x000000a4b5100000,0x000000a4b5200000] [id=8012]
  0x000001b7dd7ad000 GCTaskThread "GC Thread#1" [stack: 0x000000a4b6200000,0x000000a4b6300000] [id=14840]
  0x000001b7dd7aa000 GCTaskThread "GC Thread#2" [stack: 0x000000a4b6300000,0x000000a4b6400000] [id=17040]
  0x000001b7df3dd000 GCTaskThread "GC Thread#3" [stack: 0x000000a4b6d00000,0x000000a4b6e00000] [id=2704]
  0x000001b7c2c0a000 ConcurrentGCThread "G1 Main Marker" [stack: 0x000000a4b5200000,0x000000a4b5300000] [id=13996]
  0x000001b7c2c0b000 ConcurrentGCThread "G1 Conc#0" [stack: 0x000000a4b5300000,0x000000a4b5400000] [id=3100]
  0x000001b7c2c98800 ConcurrentGCThread "G1 Refine#0" [stack: 0x000000a4b5400000,0x000000a4b5500000] [id=2644]
  0x000001b7e1653000 ConcurrentGCThread "G1 Refine#1" [stack: 0x000000a4bb000000,0x000000a4bb100000] [id=16492]
  0x000001b7e12f5000 ConcurrentGCThread "G1 Refine#2" [stack: 0x000000a4bb500000,0x000000a4bb600000] [id=13404]
  0x000001b7c2c99800 ConcurrentGCThread "G1 Young RemSet Sampling" [stack: 0x000000a4b5500000,0x000000a4b5600000] [id=10912]

Threads with active compile tasks:
C2 CompilerThread0  21313 11549       4       com.android.aaptcompiler.ResourceUtilsKt::verifyJavaStringFormat (473 bytes)
C1 CompilerThread0  21313 11588       3       com.ctc.wstx.sr.InputElementStack::push (329 bytes)
C2 CompilerThread1  21313 11590       4       java.util.ArrayList::<init> (63 bytes)

VM state:at safepoint (normal execution)

VM Mutex/Monitor currently owned by a thread:  ([mutex/lock_event])
[0x000001b7c2bbcba0] Threads_lock - owner thread: 0x000001b7dc7ae800
[0x000001b7c2bbda40] Heap_lock - owner thread: 0x000001b7e6f49800

Heap address: 0x0000000080000000, size: 2048 MB, Compressed Oops mode: 32-bit
Narrow klass base: 0x0000000000000000, Narrow klass shift: 3
Compressed class space size: 1073741824 Address: 0x0000000100000000

Heap:
 garbage-first heap   total 273408K, used 101795K [0x0000000080000000, 0x0000000100000000)
  region size 1024K, 2 young (2048K), 2 survivors (2048K)
 Metaspace       used 92123K, capacity 94356K, committed 94668K, reserved 1132544K
  class space    used 11620K, capacity 12447K, committed 12544K, reserved 1048576K
Heap Regions: E=young(eden), S=young(survivor), O=old, HS=humongous(starts), HC=humongous(continues), CS=collection set, F=free, A=archive, TAMS=top-at-mark-start (previous, next)
|   0|0x0000000080000000, 0x0000000080100000, 0x0000000080100000|100%|HS|  |TAMS 0x0000000080100000, 0x0000000080000000| Complete 
|   1|0x0000000080100000, 0x0000000080200000, 0x0000000080200000|100%|HC|  |TAMS 0x0000000080200000, 0x0000000080100000| Complete 
|   2|0x0000000080200000, 0x0000000080300000, 0x0000000080300000|100%|HC|  |TAMS 0x0000000080300000, 0x0000000080200000| Complete 
|   3|0x0000000080300000, 0x0000000080400000, 0x0000000080400000|100%| O|  |TAMS 0x0000000080400000, 0x0000000080300000| Untracked 
|   4|0x0000000080400000, 0x0000000080500000, 0x0000000080500000|100%| O|  |TAMS 0x0000000080500000, 0x0000000080400000| Untracked 
|   5|0x0000000080500000, 0x0000000080600000, 0x0000000080600000|100%| O|  |TAMS 0x0000000080600000, 0x0000000080500000| Untracked 
|   6|0x0000000080600000, 0x0000000080700000, 0x0000000080700000|100%| O|  |TAMS 0x0000000080700000, 0x0000000080600000| Untracked 
|   7|0x0000000080700000, 0x0000000080800000, 0x0000000080800000|100%| O|  |TAMS 0x0000000080800000, 0x0000000080700000| Untracked 
|   8|0x0000000080800000, 0x0000000080900000, 0x0000000080900000|100%| O|  |TAMS 0x0000000080900000, 0x0000000080800000| Untracked 
|   9|0x0000000080900000, 0x0000000080a00000, 0x0000000080a00000|100%| O|  |TAMS 0x0000000080a00000, 0x0000000080900000| Untracked 
|  10|0x0000000080a00000, 0x0000000080b00000, 0x0000000080b00000|100%| O|  |TAMS 0x0000000080b00000, 0x0000000080a00000| Untracked 
|  11|0x0000000080b00000, 0x0000000080c00000, 0x0000000080c00000|100%| O|  |TAMS 0x0000000080c00000, 0x0000000080b00000| Untracked 
|  12|0x0000000080c00000, 0x0000000080d00000, 0x0000000080d00000|100%| O|  |TAMS 0x0000000080d00000, 0x0000000080c00000| Untracked 
|  13|0x0000000080d00000, 0x0000000080e00000, 0x0000000080e00000|100%| O|  |TAMS 0x0000000080e00000, 0x0000000080d00000| Untracked 
|  14|0x0000000080e00000, 0x0000000080f00000, 0x0000000080f00000|100%| O|  |TAMS 0x0000000080f00000, 0x0000000080e00000| Untracked 
|  15|0x0000000080f00000, 0x0000000081000000, 0x0000000081000000|100%| O|  |TAMS 0x0000000081000000, 0x0000000080f00000| Untracked 
|  16|0x0000000081000000, 0x0000000081100000, 0x0000000081100000|100%|HS|  |TAMS 0x0000000081100000, 0x0000000081000000| Complete 
|  17|0x0000000081100000, 0x0000000081200000, 0x0000000081200000|100%| O|  |TAMS 0x0000000081200000, 0x0000000081100000| Untracked 
|  18|0x0000000081200000, 0x0000000081300000, 0x0000000081300000|100%| O|  |TAMS 0x0000000081300000, 0x0000000081200000| Untracked 
|  19|0x0000000081300000, 0x0000000081400000, 0x0000000081400000|100%| O|  |TAMS 0x0000000081400000, 0x0000000081300000| Untracked 
|  20|0x0000000081400000, 0x0000000081500000, 0x0000000081500000|100%| O|  |TAMS 0x0000000081500000, 0x0000000081400000| Untracked 
|  21|0x0000000081500000, 0x0000000081600000, 0x0000000081600000|100%| O|  |TAMS 0x0000000081600000, 0x0000000081500000| Untracked 
|  22|0x0000000081600000, 0x0000000081700000, 0x0000000081700000|100%| O|  |TAMS 0x0000000081700000, 0x0000000081600000| Untracked 
|  23|0x0000000081700000, 0x0000000081800000, 0x0000000081800000|100%|HS|  |TAMS 0x0000000081800000, 0x0000000081700000| Complete 
|  24|0x0000000081800000, 0x0000000081900000, 0x0000000081900000|100%|HS|  |TAMS 0x0000000081900000, 0x0000000081800000| Complete 
|  25|0x0000000081900000, 0x0000000081a00000, 0x0000000081a00000|100%|HC|  |TAMS 0x0000000081a00000, 0x0000000081900000| Complete 
|  26|0x0000000081a00000, 0x0000000081b00000, 0x0000000081b00000|100%| O|  |TAMS 0x0000000081b00000, 0x0000000081a00000| Untracked 
|  27|0x0000000081b00000, 0x0000000081c00000, 0x0000000081c00000|100%| O|  |TAMS 0x0000000081c00000, 0x0000000081b00000| Untracked 
|  28|0x0000000081c00000, 0x0000000081d00000, 0x0000000081d00000|100%| O|  |TAMS 0x0000000081d00000, 0x0000000081c00000| Untracked 
|  29|0x0000000081d00000, 0x0000000081e00000, 0x0000000081e00000|100%| O|  |TAMS 0x0000000081e00000, 0x0000000081d00000| Untracked 
|  30|0x0000000081e00000, 0x0000000081f00000, 0x0000000081f00000|100%| O|  |TAMS 0x0000000081f00000, 0x0000000081e00000| Untracked 
|  31|0x0000000081f00000, 0x0000000082000000, 0x0000000082000000|100%| O|  |TAMS 0x0000000082000000, 0x0000000081f00000| Untracked 
|  32|0x0000000082000000, 0x0000000082100000, 0x0000000082100000|100%| O|  |TAMS 0x0000000082100000, 0x0000000082000000| Untracked 
|  33|0x0000000082100000, 0x0000000082200000, 0x0000000082200000|100%| O|  |TAMS 0x0000000082200000, 0x0000000082100000| Untracked 
|  34|0x0000000082200000, 0x0000000082300000, 0x0000000082300000|100%| O|  |TAMS 0x0000000082300000, 0x0000000082200000| Untracked 
|  35|0x0000000082300000, 0x0000000082400000, 0x0000000082400000|100%| O|  |TAMS 0x0000000082400000, 0x0000000082300000| Untracked 
|  36|0x0000000082400000, 0x0000000082500000, 0x0000000082500000|100%| O|  |TAMS 0x0000000082500000, 0x0000000082400000| Untracked 
|  37|0x0000000082500000, 0x0000000082600000, 0x0000000082600000|100%| O|  |TAMS 0x0000000082600000, 0x0000000082500000| Untracked 
|  38|0x0000000082600000, 0x0000000082700000, 0x0000000082700000|100%| O|  |TAMS 0x0000000082700000, 0x0000000082600000| Untracked 
|  39|0x0000000082700000, 0x0000000082800000, 0x0000000082800000|100%| O|  |TAMS 0x0000000082800000, 0x0000000082700000| Untracked 
|  40|0x0000000082800000, 0x0000000082900000, 0x0000000082900000|100%| O|  |TAMS 0x0000000082900000, 0x0000000082800000| Untracked 
|  41|0x0000000082900000, 0x0000000082a00000, 0x0000000082a00000|100%| O|  |TAMS 0x0000000082a00000, 0x0000000082900000| Untracked 
|  42|0x0000000082a00000, 0x0000000082b00000, 0x0000000082b00000|100%| O|  |TAMS 0x0000000082b00000, 0x0000000082a00000| Untracked 
|  43|0x0000000082b00000, 0x0000000082c00000, 0x0000000082c00000|100%| O|  |TAMS 0x0000000082ba8e00, 0x0000000082b00000| Untracked 
|  44|0x0000000082c00000, 0x0000000082d00000, 0x0000000082d00000|100%| O|  |TAMS 0x0000000082c00000, 0x0000000082c00000| Untracked 
|  45|0x0000000082d00000, 0x0000000082e00000, 0x0000000082e00000|100%| O|  |TAMS 0x0000000082d00000, 0x0000000082d00000| Untracked 
|  46|0x0000000082e00000, 0x0000000082f00000, 0x0000000082f00000|100%| O|  |TAMS 0x0000000082e00000, 0x0000000082e00000| Untracked 
|  47|0x0000000082f00000, 0x0000000083000000, 0x0000000083000000|100%| O|  |TAMS 0x0000000082f00000, 0x0000000082f00000| Untracked 
|  48|0x0000000083000000, 0x0000000083100000, 0x0000000083100000|100%| O|  |TAMS 0x0000000083000000, 0x0000000083000000| Untracked 
|  49|0x0000000083100000, 0x0000000083200000, 0x0000000083200000|100%| O|  |TAMS 0x0000000083100000, 0x0000000083100000| Untracked 
|  50|0x0000000083200000, 0x0000000083300000, 0x0000000083300000|100%| O|  |TAMS 0x0000000083200000, 0x0000000083200000| Untracked 
|  51|0x0000000083300000, 0x0000000083400000, 0x0000000083400000|100%| O|  |TAMS 0x0000000083300000, 0x0000000083300000| Untracked 
|  52|0x0000000083400000, 0x0000000083500000, 0x0000000083500000|100%| O|  |TAMS 0x0000000083400000, 0x0000000083400000| Untracked 
|  53|0x0000000083500000, 0x0000000083600000, 0x0000000083600000|100%| O|  |TAMS 0x0000000083500000, 0x0000000083500000| Untracked 
|  54|0x0000000083600000, 0x0000000083700000, 0x0000000083700000|100%|HS|  |TAMS 0x0000000083600000, 0x0000000083600000| Complete 
|  55|0x0000000083700000, 0x0000000083800000, 0x0000000083800000|100%| O|  |TAMS 0x0000000083700000, 0x0000000083700000| Untracked 
|  56|0x0000000083800000, 0x0000000083900000, 0x0000000083900000|100%| O|  |TAMS 0x0000000083800000, 0x0000000083800000| Untracked 
|  57|0x0000000083900000, 0x0000000083a00000, 0x0000000083a00000|100%| O|  |TAMS 0x0000000083900000, 0x0000000083900000| Untracked 
|  58|0x0000000083a00000, 0x0000000083b00000, 0x0000000083b00000|100%| O|  |TAMS 0x0000000083a00000, 0x0000000083a00000| Untracked 
|  59|0x0000000083b00000, 0x0000000083c00000, 0x0000000083c00000|100%| O|  |TAMS 0x0000000083b00000, 0x0000000083b00000| Untracked 
|  60|0x0000000083c00000, 0x0000000083d00000, 0x0000000083d00000|100%| O|  |TAMS 0x0000000083c00000, 0x0000000083c00000| Untracked 
|  61|0x0000000083d00000, 0x0000000083e00000, 0x0000000083e00000|100%| O|  |TAMS 0x0000000083d00000, 0x0000000083d00000| Untracked 
|  62|0x0000000083e00000, 0x0000000083f00000, 0x0000000083f00000|100%| O|  |TAMS 0x0000000083e00000, 0x0000000083e00000| Untracked 
|  63|0x0000000083f00000, 0x0000000084000000, 0x0000000084000000|100%| O|  |TAMS 0x0000000083f00000, 0x0000000083f00000| Untracked 
|  64|0x0000000084000000, 0x0000000084100000, 0x0000000084100000|100%| O|  |TAMS 0x0000000084000000, 0x0000000084000000| Untracked 
|  65|0x0000000084100000, 0x0000000084200000, 0x0000000084200000|100%| O|  |TAMS 0x0000000084100000, 0x0000000084100000| Untracked 
|  66|0x0000000084200000, 0x0000000084300000, 0x0000000084300000|100%| O|  |TAMS 0x0000000084200000, 0x0000000084200000| Untracked 
|  67|0x0000000084300000, 0x0000000084400000, 0x0000000084400000|100%| O|  |TAMS 0x0000000084300000, 0x0000000084300000| Untracked 
|  68|0x0000000084400000, 0x0000000084500000, 0x0000000084500000|100%| O|  |TAMS 0x0000000084400000, 0x0000000084400000| Untracked 
|  69|0x0000000084500000, 0x0000000084600000, 0x0000000084600000|100%| O|  |TAMS 0x0000000084500000, 0x0000000084500000| Untracked 
|  70|0x0000000084600000, 0x0000000084700000, 0x0000000084700000|100%| O|  |TAMS 0x0000000084600000, 0x0000000084600000| Untracked 
|  71|0x0000000084700000, 0x0000000084800000, 0x0000000084800000|100%| O|  |TAMS 0x0000000084700000, 0x0000000084700000| Untracked 
|  72|0x0000000084800000, 0x0000000084900000, 0x0000000084900000|100%| O|  |TAMS 0x0000000084800000, 0x0000000084800000| Untracked 
|  73|0x0000000084900000, 0x0000000084a00000, 0x0000000084a00000|100%| O|  |TAMS 0x0000000084900000, 0x0000000084900000| Untracked 
|  74|0x0000000084a00000, 0x0000000084b00000, 0x0000000084b00000|100%| O|  |TAMS 0x0000000084a00000, 0x0000000084a00000| Untracked 
|  75|0x0000000084b00000, 0x0000000084c00000, 0x0000000084c00000|100%| O|  |TAMS 0x0000000084b00000, 0x0000000084b00000| Untracked 
|  76|0x0000000084c00000, 0x0000000084d00000, 0x0000000084d00000|100%| O|  |TAMS 0x0000000084c00000, 0x0000000084c00000| Untracked 
|  77|0x0000000084d00000, 0x0000000084e00000, 0x0000000084e00000|100%| O|  |TAMS 0x0000000084d00000, 0x0000000084d00000| Untracked 
|  78|0x0000000084e00000, 0x0000000084f00000, 0x0000000084f00000|100%| O|  |TAMS 0x0000000084e00000, 0x0000000084e00000| Untracked 
|  79|0x0000000084f00000, 0x0000000085000000, 0x0000000085000000|100%| O|  |TAMS 0x0000000084f00000, 0x0000000084f00000| Untracked 
|  80|0x0000000085000000, 0x0000000085100000, 0x0000000085100000|100%| O|  |TAMS 0x0000000085000000, 0x0000000085000000| Untracked 
|  81|0x0000000085100000, 0x0000000085180000, 0x0000000085200000| 50%| O|  |TAMS 0x0000000085100000, 0x0000000085100000| Untracked 
|  82|0x0000000085200000, 0x0000000085300000, 0x0000000085300000|100%| O|  |TAMS 0x0000000085200000, 0x0000000085200000| Untracked 
|  83|0x0000000085300000, 0x0000000085300000, 0x0000000085400000|  0%| F|  |TAMS 0x0000000085300000, 0x0000000085300000| Untracked 
|  84|0x0000000085400000, 0x0000000085400000, 0x0000000085500000|  0%| F|  |TAMS 0x0000000085400000, 0x0000000085400000| Untracked 
|  85|0x0000000085500000, 0x0000000085500000, 0x0000000085600000|  0%| F|  |TAMS 0x0000000085500000, 0x0000000085500000| Untracked 
|  86|0x0000000085600000, 0x0000000085600000, 0x0000000085700000|  0%| F|  |TAMS 0x0000000085600000, 0x0000000085600000| Untracked 
|  87|0x0000000085700000, 0x0000000085700000, 0x0000000085800000|  0%| F|  |TAMS 0x0000000085700000, 0x0000000085700000| Untracked 
|  88|0x0000000085800000, 0x0000000085900000, 0x0000000085900000|100%| O|  |TAMS 0x0000000085800000, 0x0000000085800000| Untracked 
|  89|0x0000000085900000, 0x0000000085900000, 0x0000000085a00000|  0%| F|  |TAMS 0x0000000085900000, 0x0000000085900000| Untracked 
|  90|0x0000000085a00000, 0x0000000085a00000, 0x0000000085b00000|  0%| F|  |TAMS 0x0000000085a00000, 0x0000000085a00000| Untracked 
|  91|0x0000000085b00000, 0x0000000085b00000, 0x0000000085c00000|  0%| F|  |TAMS 0x0000000085b00000, 0x0000000085b00000| Untracked 
|  92|0x0000000085c00000, 0x0000000085c00000, 0x0000000085d00000|  0%| F|  |TAMS 0x0000000085c00000, 0x0000000085c00000| Untracked 
|  93|0x0000000085d00000, 0x0000000085d00000, 0x0000000085e00000|  0%| F|  |TAMS 0x0000000085d00000, 0x0000000085d00000| Untracked 
|  94|0x0000000085e00000, 0x0000000085e00000, 0x0000000085f00000|  0%| F|  |TAMS 0x0000000085e00000, 0x0000000085e00000| Untracked 
|  95|0x0000000085f00000, 0x0000000085f00000, 0x0000000086000000|  0%| F|  |TAMS 0x0000000085f00000, 0x0000000085f00000| Untracked 
|  96|0x0000000086000000, 0x0000000086000000, 0x0000000086100000|  0%| F|  |TAMS 0x0000000086000000, 0x0000000086000000| Untracked 
|  97|0x0000000086100000, 0x0000000086100000, 0x0000000086200000|  0%| F|  |TAMS 0x0000000086100000, 0x0000000086100000| Untracked 
|  98|0x0000000086200000, 0x0000000086200000, 0x0000000086300000|  0%| F|  |TAMS 0x0000000086200000, 0x0000000086200000| Untracked 
|  99|0x0000000086300000, 0x0000000086300000, 0x0000000086400000|  0%| F|  |TAMS 0x0000000086300000, 0x0000000086300000| Untracked 
| 100|0x0000000086400000, 0x0000000086400000, 0x0000000086500000|  0%| F|  |TAMS 0x0000000086400000, 0x0000000086400000| Untracked 
| 101|0x0000000086500000, 0x0000000086500000, 0x0000000086600000|  0%| F|  |TAMS 0x0000000086500000, 0x0000000086500000| Untracked 
| 102|0x0000000086600000, 0x0000000086600000, 0x0000000086700000|  0%| F|  |TAMS 0x0000000086600000, 0x0000000086600000| Untracked 
| 103|0x0000000086700000, 0x0000000086700000, 0x0000000086800000|  0%| F|  |TAMS 0x0000000086700000, 0x0000000086700000| Untracked 
| 104|0x0000000086800000, 0x0000000086800000, 0x0000000086900000|  0%| F|  |TAMS 0x0000000086800000, 0x0000000086800000| Untracked 
| 105|0x0000000086900000, 0x0000000086900000, 0x0000000086a00000|  0%| F|  |TAMS 0x0000000086900000, 0x0000000086900000| Untracked 
| 106|0x0000000086a00000, 0x0000000086a00000, 0x0000000086b00000|  0%| F|  |TAMS 0x0000000086a00000, 0x0000000086a00000| Untracked 
| 107|0x0000000086b00000, 0x0000000086b00000, 0x0000000086c00000|  0%| F|  |TAMS 0x0000000086b00000, 0x0000000086b00000| Untracked 
| 108|0x0000000086c00000, 0x0000000086c00000, 0x0000000086d00000|  0%| F|  |TAMS 0x0000000086c00000, 0x0000000086c00000| Untracked 
| 109|0x0000000086d00000, 0x0000000086d00000, 0x0000000086e00000|  0%| F|  |TAMS 0x0000000086d00000, 0x0000000086d00000| Untracked 
| 110|0x0000000086e00000, 0x0000000086e00000, 0x0000000086f00000|  0%| F|  |TAMS 0x0000000086e00000, 0x0000000086e00000| Untracked 
| 111|0x0000000086f00000, 0x0000000086f00000, 0x0000000087000000|  0%| F|  |TAMS 0x0000000086f00000, 0x0000000086f00000| Untracked 
| 112|0x0000000087000000, 0x0000000087000000, 0x0000000087100000|  0%| F|  |TAMS 0x0000000087000000, 0x0000000087000000| Untracked 
| 113|0x0000000087100000, 0x0000000087100000, 0x0000000087200000|  0%| F|  |TAMS 0x0000000087100000, 0x0000000087100000| Untracked 
| 114|0x0000000087200000, 0x0000000087300000, 0x0000000087300000|100%| O|  |TAMS 0x0000000087200000, 0x0000000087200000| Untracked 
| 115|0x0000000087300000, 0x0000000087400000, 0x0000000087400000|100%| O|  |TAMS 0x0000000087300000, 0x0000000087300000| Untracked 
| 116|0x0000000087400000, 0x0000000087500000, 0x0000000087500000|100%| O|  |TAMS 0x0000000087400000, 0x0000000087400000| Untracked 
| 117|0x0000000087500000, 0x0000000087600000, 0x0000000087600000|100%| O|  |TAMS 0x0000000087500000, 0x0000000087500000| Untracked 
| 118|0x0000000087600000, 0x0000000087700000, 0x0000000087700000|100%| O|  |TAMS 0x0000000087600000, 0x0000000087600000| Untracked 
| 119|0x0000000087700000, 0x0000000087800000, 0x0000000087800000|100%| O|  |TAMS 0x0000000087700000, 0x0000000087700000| Untracked 
| 120|0x0000000087800000, 0x0000000087900000, 0x0000000087900000|100%| O|  |TAMS 0x0000000087800000, 0x0000000087800000| Untracked 
| 121|0x0000000087900000, 0x0000000087a00000, 0x0000000087a00000|100%| O|  |TAMS 0x0000000087900000, 0x0000000087900000| Untracked 
| 122|0x0000000087a00000, 0x0000000087b00000, 0x0000000087b00000|100%| O|  |TAMS 0x0000000087a00000, 0x0000000087a00000| Untracked 
| 123|0x0000000087b00000, 0x0000000087c00000, 0x0000000087c00000|100%| O|  |TAMS 0x0000000087b00000, 0x0000000087b00000| Untracked 
| 124|0x0000000087c00000, 0x0000000087d00000, 0x0000000087d00000|100%| O|  |TAMS 0x0000000087c00000, 0x0000000087c00000| Untracked 
| 125|0x0000000087d00000, 0x0000000087e00000, 0x0000000087e00000|100%| O|  |TAMS 0x0000000087d00000, 0x0000000087d00000| Untracked 
| 126|0x0000000087e00000, 0x0000000087f00000, 0x0000000087f00000|100%| O|  |TAMS 0x0000000087e00000, 0x0000000087e00000| Untracked 
| 127|0x0000000087f00000, 0x0000000088000000, 0x0000000088000000|100%| O|  |TAMS 0x0000000087f00000, 0x0000000087f00000| Untracked 
| 128|0x0000000088000000, 0x0000000088000000, 0x0000000088100000|  0%| F|  |TAMS 0x0000000088000000, 0x0000000088000000| Untracked 
| 129|0x0000000088100000, 0x0000000088100000, 0x0000000088200000|  0%| F|  |TAMS 0x0000000088100000, 0x0000000088100000| Untracked 
| 130|0x0000000088200000, 0x0000000088200000, 0x0000000088300000|  0%| F|  |TAMS 0x0000000088200000, 0x0000000088200000| Untracked 
| 131|0x0000000088300000, 0x0000000088300000, 0x0000000088400000|  0%| F|  |TAMS 0x0000000088300000, 0x0000000088300000| Untracked 
| 132|0x0000000088400000, 0x0000000088400000, 0x0000000088500000|  0%| F|  |TAMS 0x0000000088400000, 0x0000000088400000| Untracked 
| 133|0x0000000088500000, 0x0000000088500000, 0x0000000088600000|  0%| F|  |TAMS 0x0000000088500000, 0x0000000088500000| Untracked 
| 134|0x0000000088600000, 0x0000000088600000, 0x0000000088700000|  0%| F|  |TAMS 0x0000000088600000, 0x0000000088600000| Untracked 
| 135|0x0000000088700000, 0x0000000088700000, 0x0000000088800000|  0%| F|  |TAMS 0x0000000088700000, 0x0000000088700000| Untracked 
| 136|0x0000000088800000, 0x0000000088800000, 0x0000000088900000|  0%| F|  |TAMS 0x0000000088800000, 0x0000000088800000| Untracked 
| 137|0x0000000088900000, 0x0000000088900000, 0x0000000088a00000|  0%| F|  |TAMS 0x0000000088900000, 0x0000000088900000| Untracked 
| 138|0x0000000088a00000, 0x0000000088a00000, 0x0000000088b00000|  0%| F|  |TAMS 0x0000000088a00000, 0x0000000088a00000| Untracked 
| 139|0x0000000088b00000, 0x0000000088b00000, 0x0000000088c00000|  0%| F|  |TAMS 0x0000000088b00000, 0x0000000088b00000| Untracked 
| 140|0x0000000088c00000, 0x0000000088c00000, 0x0000000088d00000|  0%| F|  |TAMS 0x0000000088c00000, 0x0000000088c00000| Untracked 
| 141|0x0000000088d00000, 0x0000000088d00000, 0x0000000088e00000|  0%| F|  |TAMS 0x0000000088d00000, 0x0000000088d00000| Untracked 
| 142|0x0000000088e00000, 0x0000000088e00000, 0x0000000088f00000|  0%| F|  |TAMS 0x0000000088e00000, 0x0000000088e00000| Untracked 
| 143|0x0000000088f00000, 0x0000000088f00000, 0x0000000089000000|  0%| F|  |TAMS 0x0000000088f00000, 0x0000000088f00000| Untracked 
| 144|0x0000000089000000, 0x0000000089000000, 0x0000000089100000|  0%| F|  |TAMS 0x0000000089000000, 0x0000000089000000| Untracked 
| 145|0x0000000089100000, 0x0000000089100000, 0x0000000089200000|  0%| F|  |TAMS 0x0000000089100000, 0x0000000089100000| Untracked 
| 146|0x0000000089200000, 0x0000000089200000, 0x0000000089300000|  0%| F|  |TAMS 0x0000000089200000, 0x0000000089200000| Untracked 
| 147|0x0000000089300000, 0x00000000893e8c00, 0x0000000089400000| 90%| S|CS|TAMS 0x0000000089300000, 0x0000000089300000| Complete 
| 148|0x0000000089400000, 0x0000000089500000, 0x0000000089500000|100%| S|CS|TAMS 0x0000000089400000, 0x0000000089400000| Complete 
| 149|0x0000000089500000, 0x0000000089500000, 0x0000000089600000|  0%| F|  |TAMS 0x0000000089500000, 0x0000000089500000| Untracked 
| 150|0x0000000089600000, 0x0000000089600000, 0x0000000089700000|  0%| F|  |TAMS 0x0000000089600000, 0x0000000089600000| Untracked 
| 151|0x0000000089700000, 0x0000000089700000, 0x0000000089800000|  0%| F|  |TAMS 0x0000000089700000, 0x0000000089700000| Untracked 
| 152|0x0000000089800000, 0x0000000089800000, 0x0000000089900000|  0%| F|  |TAMS 0x0000000089800000, 0x0000000089800000| Untracked 
| 153|0x0000000089900000, 0x0000000089900000, 0x0000000089a00000|  0%| F|  |TAMS 0x0000000089900000, 0x0000000089900000| Untracked 
| 154|0x0000000089a00000, 0x0000000089a00000, 0x0000000089b00000|  0%| F|  |TAMS 0x0000000089a00000, 0x0000000089a00000| Untracked 
| 155|0x0000000089b00000, 0x0000000089b00000, 0x0000000089c00000|  0%| F|  |TAMS 0x0000000089b00000, 0x0000000089b00000| Untracked 
| 156|0x0000000089c00000, 0x0000000089c00000, 0x0000000089d00000|  0%| F|  |TAMS 0x0000000089c00000, 0x0000000089c00000| Untracked 
| 157|0x0000000089d00000, 0x0000000089d00000, 0x0000000089e00000|  0%| F|  |TAMS 0x0000000089d00000, 0x0000000089d00000| Untracked 
| 158|0x0000000089e00000, 0x0000000089e00000, 0x0000000089f00000|  0%| F|  |TAMS 0x0000000089e00000, 0x0000000089e00000| Untracked 
| 159|0x0000000089f00000, 0x0000000089f00000, 0x000000008a000000|  0%| F|  |TAMS 0x0000000089f00000, 0x0000000089f00000| Untracked 
| 160|0x000000008a000000, 0x000000008a000000, 0x000000008a100000|  0%| F|  |TAMS 0x000000008a000000, 0x000000008a000000| Untracked 
| 161|0x000000008a100000, 0x000000008a100000, 0x000000008a200000|  0%| F|  |TAMS 0x000000008a100000, 0x000000008a100000| Untracked 
| 162|0x000000008a200000, 0x000000008a200000, 0x000000008a300000|  0%| F|  |TAMS 0x000000008a200000, 0x000000008a200000| Untracked 
| 163|0x000000008a300000, 0x000000008a300000, 0x000000008a400000|  0%| F|  |TAMS 0x000000008a300000, 0x000000008a300000| Untracked 
| 164|0x000000008a400000, 0x000000008a400000, 0x000000008a500000|  0%| F|  |TAMS 0x000000008a400000, 0x000000008a400000| Untracked 
| 165|0x000000008a500000, 0x000000008a500000, 0x000000008a600000|  0%| F|  |TAMS 0x000000008a500000, 0x000000008a500000| Untracked 
| 166|0x000000008a600000, 0x000000008a600000, 0x000000008a700000|  0%| F|  |TAMS 0x000000008a600000, 0x000000008a600000| Untracked 
| 167|0x000000008a700000, 0x000000008a700000, 0x000000008a800000|  0%| F|  |TAMS 0x000000008a700000, 0x000000008a700000| Untracked 
| 168|0x000000008a800000, 0x000000008a800000, 0x000000008a900000|  0%| F|  |TAMS 0x000000008a800000, 0x000000008a800000| Untracked 
| 169|0x000000008a900000, 0x000000008a900000, 0x000000008aa00000|  0%| F|  |TAMS 0x000000008a900000, 0x000000008a900000| Untracked 
| 170|0x000000008aa00000, 0x000000008aa00000, 0x000000008ab00000|  0%| F|  |TAMS 0x000000008aa00000, 0x000000008aa00000| Untracked 
| 171|0x000000008ab00000, 0x000000008ab00000, 0x000000008ac00000|  0%| F|  |TAMS 0x000000008ab00000, 0x000000008ab00000| Untracked 
| 172|0x000000008ac00000, 0x000000008ac00000, 0x000000008ad00000|  0%| F|  |TAMS 0x000000008ac00000, 0x000000008ac00000| Untracked 
| 173|0x000000008ad00000, 0x000000008ad00000, 0x000000008ae00000|  0%| F|  |TAMS 0x000000008ad00000, 0x000000008ad00000| Untracked 
| 174|0x000000008ae00000, 0x000000008ae00000, 0x000000008af00000|  0%| F|  |TAMS 0x000000008ae00000, 0x000000008ae00000| Untracked 
| 175|0x000000008af00000, 0x000000008af00000, 0x000000008b000000|  0%| F|  |TAMS 0x000000008af00000, 0x000000008af00000| Untracked 
| 176|0x000000008b000000, 0x000000008b000000, 0x000000008b100000|  0%| F|  |TAMS 0x000000008b000000, 0x000000008b000000| Untracked 
| 177|0x000000008b100000, 0x000000008b100000, 0x000000008b200000|  0%| F|  |TAMS 0x000000008b100000, 0x000000008b100000| Untracked 
| 178|0x000000008b200000, 0x000000008b200000, 0x000000008b300000|  0%| F|  |TAMS 0x000000008b200000, 0x000000008b200000| Untracked 
| 179|0x000000008b300000, 0x000000008b300000, 0x000000008b400000|  0%| F|  |TAMS 0x000000008b300000, 0x000000008b300000| Untracked 
| 180|0x000000008b400000, 0x000000008b400000, 0x000000008b500000|  0%| F|  |TAMS 0x000000008b400000, 0x000000008b400000| Untracked 
| 181|0x000000008b500000, 0x000000008b500000, 0x000000008b600000|  0%| F|  |TAMS 0x000000008b500000, 0x000000008b500000| Untracked 
| 182|0x000000008b600000, 0x000000008b600000, 0x000000008b700000|  0%| F|  |TAMS 0x000000008b600000, 0x000000008b600000| Untracked 
| 183|0x000000008b700000, 0x000000008b700000, 0x000000008b800000|  0%| F|  |TAMS 0x000000008b700000, 0x000000008b700000| Untracked 
| 184|0x000000008b800000, 0x000000008b800000, 0x000000008b900000|  0%| F|  |TAMS 0x000000008b800000, 0x000000008b800000| Untracked 
| 185|0x000000008b900000, 0x000000008b900000, 0x000000008ba00000|  0%| F|  |TAMS 0x000000008b900000, 0x000000008b900000| Untracked 
| 186|0x000000008ba00000, 0x000000008ba00000, 0x000000008bb00000|  0%| F|  |TAMS 0x000000008ba00000, 0x000000008ba00000| Untracked 
| 187|0x000000008bb00000, 0x000000008bb00000, 0x000000008bc00000|  0%| F|  |TAMS 0x000000008bb00000, 0x000000008bb00000| Untracked 
| 188|0x000000008bc00000, 0x000000008bc00000, 0x000000008bd00000|  0%| F|  |TAMS 0x000000008bc00000, 0x000000008bc00000| Untracked 
| 189|0x000000008bd00000, 0x000000008bd00000, 0x000000008be00000|  0%| F|  |TAMS 0x000000008bd00000, 0x000000008bd00000| Untracked 
| 190|0x000000008be00000, 0x000000008be00000, 0x000000008bf00000|  0%| F|  |TAMS 0x000000008be00000, 0x000000008be00000| Untracked 
| 191|0x000000008bf00000, 0x000000008bf00000, 0x000000008c000000|  0%| F|  |TAMS 0x000000008bf00000, 0x000000008bf00000| Untracked 
| 192|0x000000008c000000, 0x000000008c000000, 0x000000008c100000|  0%| F|  |TAMS 0x000000008c000000, 0x000000008c000000| Untracked 
| 193|0x000000008c100000, 0x000000008c100000, 0x000000008c200000|  0%| F|  |TAMS 0x000000008c100000, 0x000000008c100000| Untracked 
| 194|0x000000008c200000, 0x000000008c200000, 0x000000008c300000|  0%| F|  |TAMS 0x000000008c200000, 0x000000008c200000| Untracked 
| 195|0x000000008c300000, 0x000000008c300000, 0x000000008c400000|  0%| F|  |TAMS 0x000000008c300000, 0x000000008c300000| Untracked 
| 196|0x000000008c400000, 0x000000008c400000, 0x000000008c500000|  0%| F|  |TAMS 0x000000008c400000, 0x000000008c400000| Untracked 
| 197|0x000000008c500000, 0x000000008c500000, 0x000000008c600000|  0%| F|  |TAMS 0x000000008c500000, 0x000000008c500000| Untracked 
| 198|0x000000008c600000, 0x000000008c600000, 0x000000008c700000|  0%| F|  |TAMS 0x000000008c600000, 0x000000008c600000| Untracked 
| 199|0x000000008c700000, 0x000000008c700000, 0x000000008c800000|  0%| F|  |TAMS 0x000000008c700000, 0x000000008c700000| Untracked 
| 200|0x000000008c800000, 0x000000008c800000, 0x000000008c900000|  0%| F|  |TAMS 0x000000008c800000, 0x000000008c800000| Untracked 
| 201|0x000000008c900000, 0x000000008c900000, 0x000000008ca00000|  0%| F|  |TAMS 0x000000008c900000, 0x000000008c900000| Untracked 
| 202|0x000000008ca00000, 0x000000008ca00000, 0x000000008cb00000|  0%| F|  |TAMS 0x000000008ca00000, 0x000000008ca00000| Untracked 
| 203|0x000000008cb00000, 0x000000008cb00000, 0x000000008cc00000|  0%| F|  |TAMS 0x000000008cb00000, 0x000000008cb00000| Untracked 
| 204|0x000000008cc00000, 0x000000008cc00000, 0x000000008cd00000|  0%| F|  |TAMS 0x000000008cc00000, 0x000000008cc00000| Untracked 
| 205|0x000000008cd00000, 0x000000008cd00000, 0x000000008ce00000|  0%| F|  |TAMS 0x000000008cd00000, 0x000000008cd00000| Untracked 
| 206|0x000000008ce00000, 0x000000008ce00000, 0x000000008cf00000|  0%| F|  |TAMS 0x000000008ce00000, 0x000000008ce00000| Untracked 
| 207|0x000000008cf00000, 0x000000008cf00000, 0x000000008d000000|  0%| F|  |TAMS 0x000000008cf00000, 0x000000008cf00000| Untracked 
| 208|0x000000008d000000, 0x000000008d000000, 0x000000008d100000|  0%| F|  |TAMS 0x000000008d000000, 0x000000008d000000| Untracked 
| 209|0x000000008d100000, 0x000000008d100000, 0x000000008d200000|  0%| F|  |TAMS 0x000000008d100000, 0x000000008d100000| Untracked 
| 210|0x000000008d200000, 0x000000008d200000, 0x000000008d300000|  0%| F|  |TAMS 0x000000008d200000, 0x000000008d200000| Untracked 
| 211|0x000000008d300000, 0x000000008d300000, 0x000000008d400000|  0%| F|  |TAMS 0x000000008d300000, 0x000000008d300000| Untracked 
| 212|0x000000008d400000, 0x000000008d400000, 0x000000008d500000|  0%| F|  |TAMS 0x000000008d400000, 0x000000008d400000| Untracked 
| 213|0x000000008d500000, 0x000000008d500000, 0x000000008d600000|  0%| F|  |TAMS 0x000000008d500000, 0x000000008d500000| Untracked 
| 214|0x000000008d600000, 0x000000008d600000, 0x000000008d700000|  0%| F|  |TAMS 0x000000008d600000, 0x000000008d600000| Untracked 
| 215|0x000000008d700000, 0x000000008d700000, 0x000000008d800000|  0%| F|  |TAMS 0x000000008d700000, 0x000000008d700000| Untracked 
| 216|0x000000008d800000, 0x000000008d800000, 0x000000008d900000|  0%| F|  |TAMS 0x000000008d800000, 0x000000008d800000| Untracked 
| 217|0x000000008d900000, 0x000000008d900000, 0x000000008da00000|  0%| F|  |TAMS 0x000000008d900000, 0x000000008d900000| Untracked 
| 218|0x000000008da00000, 0x000000008da00000, 0x000000008db00000|  0%| F|  |TAMS 0x000000008da00000, 0x000000008da00000| Untracked 
| 219|0x000000008db00000, 0x000000008db00000, 0x000000008dc00000|  0%| F|  |TAMS 0x000000008db00000, 0x000000008db00000| Untracked 
| 220|0x000000008dc00000, 0x000000008dc00000, 0x000000008dd00000|  0%| F|  |TAMS 0x000000008dc00000, 0x000000008dc00000| Untracked 
| 221|0x000000008dd00000, 0x000000008dd00000, 0x000000008de00000|  0%| F|  |TAMS 0x000000008dd00000, 0x000000008dd00000| Untracked 

Card table byte_map: [0x000001b7d5ad0000,0x000001b7d5ed0000] _byte_map_base: 0x000001b7d56d0000

Marking Bits (Prev, Next): (CMBitMap*) 0x000001b7c2c014e0, (CMBitMap*) 0x000001b7c2c014a8
 Prev Bits: [0x000001b7d82d0000, 0x000001b7da2d0000)
 Next Bits: [0x000001b7d62d0000, 0x000001b7d82d0000)

Polling page: 0x000001b7c0aa0000

Metaspace:

Usage:
  Non-class:     79.99 MB capacity,    78.62 MB ( 98%) used,     1.12 MB (  1%) free+waste,   253.94 KB ( <1%) overhead. 
      Class:     12.16 MB capacity,    11.35 MB ( 93%) used,   711.28 KB (  6%) free+waste,   115.44 KB ( <1%) overhead. 
       Both:     92.14 MB capacity,    89.96 MB ( 98%) used,     1.82 MB (  2%) free+waste,   369.38 KB ( <1%) overhead. 

Virtual space:
  Non-class space:       82.00 MB reserved,      80.20 MB ( 98%) committed 
      Class space:        1.00 GB reserved,      12.25 MB (  1%) committed 
             Both:        1.08 GB reserved,      92.45 MB (  8%) committed 

Chunk freelists:
   Non-Class:  87.00 KB
       Class:  1.00 KB
        Both:  88.00 KB

MaxMetaspaceSize: 17179869184.00 GB
CompressedClassSpaceSize: 1.00 GB
Initial GC threshold: 20.80 MB
Current GC threshold: 98.67 MB
CDS: off

CodeHeap 'non-profiled nmethods': size=120064Kb used=6434Kb max_used=6434Kb free=113629Kb
 bounds [0x000001b7ce190000, 0x000001b7ce7e0000, 0x000001b7d56d0000]
CodeHeap 'profiled nmethods': size=120000Kb used=24764Kb max_used=24764Kb free=95235Kb
 bounds [0x000001b7c6c60000, 0x000001b7c8490000, 0x000001b7ce190000]
CodeHeap 'non-nmethods': size=5696Kb used=2379Kb max_used=2438Kb free=3316Kb
 bounds [0x000001b7c66d0000, 0x000001b7c6940000, 0x000001b7c6c60000]
 total_blobs=12320 nmethods=11428 adapters=804
 compilation: enabled
              stopped_count=0, restarted_count=0
 full_count=0

Compilation events (20 events):
Event: 21.253 Thread 0x000001b7df7d8800 nmethod 10479 0x000001b7ce7d4490 code [0x000001b7ce7d47c0, 0x000001b7ce7d6df0]
Event: 21.254 Thread 0x000001b7df7d8800 11556       4       com.ctc.wstx.sr.BasicStreamReader::readIndentation (222 bytes)
Event: 21.254 Thread 0x000001b7dc7dd800 nmethod 11579 0x000001b7c8479310 code [0x000001b7c84794e0, 0x000001b7c8479798]
Event: 21.255 Thread 0x000001b7dc7dd800 11580       3       com.android.aaptcompiler.XmlStringBuilder::getLastChar (52 bytes)
Event: 21.255 Thread 0x000001b7dc7dd800 nmethod 11580 0x000001b7c8479890 code [0x000001b7c8479a60, 0x000001b7c8479d98]
Event: 21.255 Thread 0x000001b7dc7dd800 11581       3       kotlin.collections.CollectionsKt___CollectionsKt::toList (103 bytes)
Event: 21.257 Thread 0x000001b7dc7dd800 nmethod 11581 0x000001b7c8479f10 code [0x000001b7c847a2c0, 0x000001b7c847baf8]
Event: 21.257 Thread 0x000001b7dc7dd800 11582       3       com.ctc.wstx.io.BaseReader::readBytes (48 bytes)
Event: 21.257 Thread 0x000001b7dc7dd800 nmethod 11582 0x000001b7c847c190 code [0x000001b7c847c360, 0x000001b7c847c5e8]
Event: 21.258 Thread 0x000001b7dc7dd800 11583       3       com.android.aaptcompiler.FlattenedXml::<init> (44 bytes)
Event: 21.260 Thread 0x000001b7dc7dd800 nmethod 11583 0x000001b7c847c710 code [0x000001b7c847ca40, 0x000001b7c847da78]
Event: 21.260 Thread 0x000001b7dc7dd800 11584       3       com.ctc.wstx.sr.BasicStreamReader::handleNsAttrs (537 bytes)
Event: 21.263 Thread 0x000001b7dc7dd800 nmethod 11584 0x000001b7c847e010 code [0x000001b7c847e520, 0x000001b7c84810d8]
Event: 21.263 Thread 0x000001b7dc7dd800 11589       3       com.android.aaptcompiler.TableExtractor::flattenXmlSubTree (613 bytes)
Event: 21.271 Thread 0x000001b7dc7dd800 nmethod 11589 0x000001b7c8481e10 code [0x000001b7c8482800, 0x000001b7c84880c8]
Event: 21.271 Thread 0x000001b7df7d8800 nmethod 11556 0x000001b7ce7d7c90 code [0x000001b7ce7d7e60, 0x000001b7ce7d8588]
Event: 21.271 Thread 0x000001b7dc7dd800 11586       3       com.ctc.wstx.sr.InputElementStack::resolveAndValidateElement (501 bytes)
Event: 21.275 Thread 0x000001b7dc7dd800 nmethod 11586 0x000001b7c848a210 code [0x000001b7c848a680, 0x000001b7c848ca08]
Event: 21.275 Thread 0x000001b7dc7dd800 11588       3       com.ctc.wstx.sr.InputElementStack::push (329 bytes)
Event: 21.276 Thread 0x000001b7df7d8800 11590       4       java.util.ArrayList::<init> (63 bytes)

GC Heap History (20 events):
Event: 5.024 GC heap after
{Heap after GC invocations=8 (full 0):
 garbage-first heap   total 157696K, used 22447K [0x0000000080000000, 0x0000000100000000)
  region size 1024K, 7 young (7168K), 7 survivors (7168K)
 Metaspace       used 34922K, capacity 35722K, committed 35840K, reserved 1081344K
  class space    used 4531K, capacity 4839K, committed 4864K, reserved 1048576K
}
Event: 6.216 GC heap before
{Heap before GC invocations=9 (full 0):
 garbage-first heap   total 157696K, used 95151K [0x0000000080000000, 0x0000000100000000)
  region size 1024K, 76 young (77824K), 7 survivors (7168K)
 Metaspace       used 40646K, capacity 41531K, committed 41676K, reserved 1085440K
  class space    used 5190K, capacity 5513K, committed 5632K, reserved 1048576K
}
Event: 6.234 GC heap after
{Heap after GC invocations=10 (full 0):
 garbage-first heap   total 157696K, used 28369K [0x0000000080000000, 0x0000000100000000)
  region size 1024K, 9 young (9216K), 9 survivors (9216K)
 Metaspace       used 40646K, capacity 41531K, committed 41676K, reserved 1085440K
  class space    used 5190K, capacity 5513K, committed 5632K, reserved 1048576K
}
Event: 7.649 GC heap before
{Heap before GC invocations=10 (full 0):
 garbage-first heap   total 157696K, used 113361K [0x0000000080000000, 0x0000000100000000)
  region size 1024K, 91 young (93184K), 9 survivors (9216K)
 Metaspace       used 47633K, capacity 48764K, committed 49100K, reserved 1091584K
  class space    used 6131K, capacity 6531K, committed 6656K, reserved 1048576K
}
Event: 7.669 GC heap after
{Heap after GC invocations=11 (full 0):
 garbage-first heap   total 189440K, used 32138K [0x0000000080000000, 0x0000000100000000)
  region size 1024K, 10 young (10240K), 10 survivors (10240K)
 Metaspace       used 47633K, capacity 48764K, committed 49100K, reserved 1091584K
  class space    used 6131K, capacity 6531K, committed 6656K, reserved 1048576K
}
Event: 9.373 GC heap before
{Heap before GC invocations=11 (full 0):
 garbage-first heap   total 189440K, used 132490K [0x0000000080000000, 0x0000000100000000)
  region size 1024K, 105 young (107520K), 10 survivors (10240K)
 Metaspace       used 56626K, capacity 58019K, committed 58188K, reserved 1099776K
  class space    used 7207K, capacity 7701K, committed 7808K, reserved 1048576K
}
Event: 9.393 GC heap after
{Heap after GC invocations=12 (full 0):
 garbage-first heap   total 189440K, used 45266K [0x0000000080000000, 0x0000000100000000)
  region size 1024K, 14 young (14336K), 14 survivors (14336K)
 Metaspace       used 56626K, capacity 58019K, committed 58188K, reserved 1099776K
  class space    used 7207K, capacity 7701K, committed 7808K, reserved 1048576K
}
Event: 9.678 GC heap before
{Heap before GC invocations=12 (full 0):
 garbage-first heap   total 189440K, used 60626K [0x0000000080000000, 0x0000000100000000)
  region size 1024K, 30 young (30720K), 14 survivors (14336K)
 Metaspace       used 58759K, capacity 60149K, committed 60236K, reserved 1101824K
  class space    used 7435K, capacity 7980K, committed 8064K, reserved 1048576K
}
Event: 9.704 GC heap after
{Heap after GC invocations=13 (full 0):
 garbage-first heap   total 189440K, used 46755K [0x0000000080000000, 0x0000000100000000)
  region size 1024K, 2 young (2048K), 2 survivors (2048K)
 Metaspace       used 58759K, capacity 60149K, committed 60236K, reserved 1101824K
  class space    used 7435K, capacity 7980K, committed 8064K, reserved 1048576K
}
Event: 11.344 GC heap before
{Heap before GC invocations=14 (full 0):
 garbage-first heap   total 189440K, used 145059K [0x0000000080000000, 0x0000000100000000)
  region size 1024K, 98 young (100352K), 2 survivors (2048K)
 Metaspace       used 66386K, capacity 67961K, committed 68172K, reserved 1107968K
  class space    used 8433K, capacity 9035K, committed 9088K, reserved 1048576K
}
Event: 11.363 GC heap after
{Heap after GC invocations=15 (full 0):
 garbage-first heap   total 189440K, used 53048K [0x0000000080000000, 0x0000000100000000)
  region size 1024K, 9 young (9216K), 9 survivors (9216K)
 Metaspace       used 66386K, capacity 67961K, committed 68172K, reserved 1107968K
  class space    used 8433K, capacity 9035K, committed 9088K, reserved 1048576K
}
Event: 13.054 GC heap before
{Heap before GC invocations=15 (full 0):
 garbage-first heap   total 189440K, used 145208K [0x0000000080000000, 0x0000000100000000)
  region size 1024K, 99 young (101376K), 9 survivors (9216K)
 Metaspace       used 74703K, capacity 76509K, committed 76748K, reserved 1116160K
  class space    used 9720K, capacity 10387K, committed 10496K, reserved 1048576K
}
Event: 13.077 GC heap after
{Heap after GC invocations=16 (full 0):
 garbage-first heap   total 227328K, used 59113K [0x0000000080000000, 0x0000000100000000)
  region size 1024K, 6 young (6144K), 6 survivors (6144K)
 Metaspace       used 74703K, capacity 76509K, committed 76748K, reserved 1116160K
  class space    used 9720K, capacity 10387K, committed 10496K, reserved 1048576K
}
Event: 15.742 GC heap before
{Heap before GC invocations=16 (full 0):
 garbage-first heap   total 227328K, used 175849K [0x0000000080000000, 0x0000000100000000)
  region size 1024K, 121 young (123904K), 6 survivors (6144K)
 Metaspace       used 84097K, capacity 86178K, committed 86476K, reserved 1124352K
  class space    used 10928K, capacity 11730K, committed 11776K, reserved 1048576K
}
Event: 15.769 GC heap after
{Heap after GC invocations=17 (full 0):
 garbage-first heap   total 227328K, used 68194K [0x0000000080000000, 0x0000000100000000)
  region size 1024K, 15 young (15360K), 15 survivors (15360K)
 Metaspace       used 84097K, capacity 86178K, committed 86476K, reserved 1124352K
  class space    used 10928K, capacity 11730K, committed 11776K, reserved 1048576K
}
Event: 18.228 GC heap before
{Heap before GC invocations=17 (full 0):
 garbage-first heap   total 227328K, used 180834K [0x0000000080000000, 0x0000000100000000)
  region size 1024K, 123 young (125952K), 15 survivors (15360K)
 Metaspace       used 86915K, capacity 89045K, committed 89292K, reserved 1126400K
  class space    used 11216K, capacity 12020K, committed 12032K, reserved 1048576K
}
Event: 18.285 GC heap after
{Heap after GC invocations=18 (full 0):
 garbage-first heap   total 227328K, used 90840K [0x0000000080000000, 0x0000000100000000)
  region size 1024K, 16 young (16384K), 16 survivors (16384K)
 Metaspace       used 86915K, capacity 89045K, committed 89292K, reserved 1126400K
  class space    used 11216K, capacity 12020K, committed 12032K, reserved 1048576K
}
Event: 20.015 GC heap before
{Heap before GC invocations=18 (full 0):
 garbage-first heap   total 227328K, used 193240K [0x0000000080000000, 0x0000000100000000)
  region size 1024K, 94 young (96256K), 16 survivors (16384K)
 Metaspace       used 88334K, capacity 90585K, committed 90700K, reserved 1128448K
  class space    used 11333K, capacity 12159K, committed 12160K, reserved 1048576K
}
Event: 20.047 GC heap after
{Heap after GC invocations=19 (full 0):
 garbage-first heap   total 227328K, used 99840K [0x0000000080000000, 0x0000000100000000)
  region size 1024K, 9 young (9216K), 9 survivors (9216K)
 Metaspace       used 88334K, capacity 90585K, committed 90700K, reserved 1128448K
  class space    used 11333K, capacity 12159K, committed 12160K, reserved 1048576K
}
Event: 21.277 GC heap before
{Heap before GC invocations=19 (full 0):
 garbage-first heap   total 227328K, used 173567K [0x0000000080000000, 0x0000000100000000)
  region size 1024K, 82 young (83968K), 9 survivors (9216K)
 Metaspace       used 92123K, capacity 94356K, committed 94668K, reserved 1132544K
  class space    used 11620K, capacity 12447K, committed 12544K, reserved 1048576K
}

Deoptimization events (20 events):
Event: 20.954 Thread 0x000001b7e6f4e800 DEOPT PACKING pc=0x000001b7c82d3540 sp=0x000000a4bb4fd7d0
Event: 20.954 Thread 0x000001b7e6f4e800 DEOPT UNPACKING pc=0x000001b7c671a95e sp=0x000000a4bb4fccb8 mode 0
Event: 20.960 Thread 0x000001b7e6f4e800 DEOPT PACKING pc=0x000001b7c82d3540 sp=0x000000a4bb4fd7d0
Event: 20.960 Thread 0x000001b7e6f4e800 DEOPT UNPACKING pc=0x000001b7c671a95e sp=0x000000a4bb4fccb8 mode 0
Event: 20.965 Thread 0x000001b7e6f49800 DEOPT PACKING pc=0x000001b7c82d3540 sp=0x000000a4bb3fc980
Event: 20.965 Thread 0x000001b7e6f49800 DEOPT UNPACKING pc=0x000001b7c671a95e sp=0x000000a4bb3fbe68 mode 0
Event: 20.971 Thread 0x000001b7e6f4e800 DEOPT PACKING pc=0x000001b7c82d3540 sp=0x000000a4bb4fcc10
Event: 20.971 Thread 0x000001b7e6f4e800 DEOPT UNPACKING pc=0x000001b7c671a95e sp=0x000000a4bb4fc0f8 mode 0
Event: 21.101 Thread 0x000001b7e6f4c000 Uncommon trap: trap_request=0xffffff4d fr.pc=0x000001b7ce7c4a78 relative=0x0000000000000058
Event: 21.101 Thread 0x000001b7e6f4c000 Uncommon trap: reason=unstable_if action=reinterpret pc=0x000001b7ce7c4a78 method=com.google.protobuf.CodedOutputStream.computeUInt32SizeNoTag(I)I @ 24 c2
Event: 21.101 Thread 0x000001b7e6f4c000 DEOPT PACKING pc=0x000001b7ce7c4a78 sp=0x000000a4bb1fd480
Event: 21.101 Thread 0x000001b7e6f4c000 DEOPT UNPACKING pc=0x000001b7c671a1af sp=0x000000a4bb1fd420 mode 2
Event: 21.138 Thread 0x000001b7e6f4c000 DEOPT PACKING pc=0x000001b7c831ffbe sp=0x000000a4bb1fcd50
Event: 21.138 Thread 0x000001b7e6f4c000 DEOPT UNPACKING pc=0x000001b7c671a95e sp=0x000000a4bb1fc270 mode 0
Event: 21.183 Thread 0x000001b7e6f49800 Uncommon trap: trap_request=0xffffff4d fr.pc=0x000001b7ce7c8e6c relative=0x0000000000000ecc
Event: 21.183 Thread 0x000001b7e6f49800 Uncommon trap: reason=unstable_if action=reinterpret pc=0x000001b7ce7c8e6c method=com.ctc.wstx.sr.BasicStreamReader.readTextPrimary(C)Z @ 24 c2
Event: 21.183 Thread 0x000001b7e6f49800 DEOPT PACKING pc=0x000001b7ce7c8e6c sp=0x000000a4bb3fd620
Event: 21.183 Thread 0x000001b7e6f49800 DEOPT UNPACKING pc=0x000001b7c671a1af sp=0x000000a4bb3fd5d0 mode 2
Event: 21.195 Thread 0x000001b7e6f48000 DEOPT PACKING pc=0x000001b7c826319f sp=0x000000a4bb2fd520
Event: 21.195 Thread 0x000001b7e6f48000 DEOPT UNPACKING pc=0x000001b7c671a95e sp=0x000000a4bb2fc958 mode 0

Classes redefined (0 events):
No events

Internal exceptions (20 events):
Event: 18.374 Thread 0x000001b7e6f4b800 Exception <a 'java/lang/NoSuchMethodError'{0x000000008d9a13e8}: <clinit>> (0x000000008d9a13e8) thrown at [./src/hotspot/share/prims/jni.cpp, line 1365]
Event: 18.376 Thread 0x000001b7e6f4b800 Exception <a 'java/lang/NoSuchMethodError'{0x000000008d9b16a8}: <clinit>> (0x000000008d9b16a8) thrown at [./src/hotspot/share/prims/jni.cpp, line 1365]
Event: 18.386 Thread 0x000001b7e6f4b800 Exception <a 'java/lang/NoSuchMethodError'{0x000000008d821050}: <clinit>> (0x000000008d821050) thrown at [./src/hotspot/share/prims/jni.cpp, line 1365]
Event: 18.386 Thread 0x000001b7e6f4b800 Exception <a 'java/lang/NoSuchMethodError'{0x000000008d823c18}: <clinit>> (0x000000008d823c18) thrown at [./src/hotspot/share/prims/jni.cpp, line 1365]
Event: 18.386 Thread 0x000001b7e6f4b800 Exception <a 'java/lang/NoSuchMethodError'{0x000000008d8285f8}: <clinit>> (0x000000008d8285f8) thrown at [./src/hotspot/share/prims/jni.cpp, line 1365]
Event: 18.387 Thread 0x000001b7e6f4b800 Exception <a 'java/lang/NoSuchMethodError'{0x000000008d833d98}: <clinit>> (0x000000008d833d98) thrown at [./src/hotspot/share/prims/jni.cpp, line 1365]
Event: 18.393 Thread 0x000001b7e6f4b800 Exception <a 'java/lang/NoSuchMethodError'{0x000000008d88b8b0}: <clinit>> (0x000000008d88b8b0) thrown at [./src/hotspot/share/prims/jni.cpp, line 1365]
Event: 18.398 Thread 0x000001b7e6f4b800 Exception <a 'java/lang/NoSuchMethodError'{0x000000008d8bd440}: <clinit>> (0x000000008d8bd440) thrown at [./src/hotspot/share/prims/jni.cpp, line 1365]
Event: 18.398 Thread 0x000001b7e6f4b800 Exception <a 'java/lang/NoSuchMethodError'{0x000000008d8c08a8}: <clinit>> (0x000000008d8c08a8) thrown at [./src/hotspot/share/prims/jni.cpp, line 1365]
Event: 18.398 Thread 0x000001b7e6f4b800 Exception <a 'java/lang/NoSuchMethodError'{0x000000008d8c3518}: <clinit>> (0x000000008d8c3518) thrown at [./src/hotspot/share/prims/jni.cpp, line 1365]
Event: 18.400 Thread 0x000001b7e6f4b800 Exception <a 'java/lang/NoSuchMethodError'{0x000000008d8db510}: <clinit>> (0x000000008d8db510) thrown at [./src/hotspot/share/prims/jni.cpp, line 1365]
Event: 18.401 Thread 0x000001b7e6f4b800 Exception <a 'java/lang/NoSuchMethodError'{0x000000008d8f2818}: <clinit>> (0x000000008d8f2818) thrown at [./src/hotspot/share/prims/jni.cpp, line 1365]
Event: 18.402 Thread 0x000001b7e6f4b800 Exception <a 'java/lang/NoSuchMethodError'{0x000000008d707780}: <clinit>> (0x000000008d707780) thrown at [./src/hotspot/share/prims/jni.cpp, line 1365]
Event: 18.405 Thread 0x000001b7e6f4b800 Exception <a 'java/lang/NoSuchMethodError'{0x000000008d72a258}: <clinit>> (0x000000008d72a258) thrown at [./src/hotspot/share/prims/jni.cpp, line 1365]
Event: 18.407 Thread 0x000001b7e6f4b800 Exception <a 'java/lang/NoSuchMethodError'{0x000000008d74f430}: <clinit>> (0x000000008d74f430) thrown at [./src/hotspot/share/prims/jni.cpp, line 1365]
Event: 18.410 Thread 0x000001b7e6f4b800 Exception <a 'java/lang/NoSuchMethodError'{0x000000008d763a08}: <clinit>> (0x000000008d763a08) thrown at [./src/hotspot/share/prims/jni.cpp, line 1365]
Event: 19.689 Thread 0x000001b7e6f4b800 Implicit null exception at 0x000001b7ce74f0a0 to 0x000001b7ce7542e0
Event: 19.730 Thread 0x000001b7e6f4b800 Exception <a 'java/lang/NoSuchMethodError'{0x000000008acc6730}: <clinit>> (0x000000008acc6730) thrown at [./src/hotspot/share/prims/jni.cpp, line 1365]
Event: 19.752 Thread 0x000001b7e6f4b800 Exception <a 'java/lang/NoSuchMethodError'{0x000000008aa368d0}: <clinit>> (0x000000008aa368d0) thrown at [./src/hotspot/share/prims/jni.cpp, line 1365]
Event: 19.784 Thread 0x000001b7e6f4b800 Exception <a 'java/lang/NoSuchMethodError'{0x000000008a78ea00}: <clinit>> (0x000000008a78ea00) thrown at [./src/hotspot/share/prims/jni.cpp, line 1365]

Events (20 events):
Event: 21.242 loading class kotlin/io/ByteStreamsKt done
Event: 21.243 loading class kotlin/io/ByteStreamsKt
Event: 21.243 loading class kotlin/io/ByteStreamsKt done
Event: 21.247 loading class android/aapt/pb/internal/ResourcesInternal$CompiledFile
Event: 21.247 loading class android/aapt/pb/internal/ResourcesInternal$CompiledFile done
Event: 21.248 loading class android/aapt/pb/internal/ResourcesInternal$CompiledFileOrBuilder
Event: 21.248 loading class android/aapt/pb/internal/ResourcesInternal$CompiledFileOrBuilder done
Event: 21.249 loading class android/aapt/pb/internal/ResourcesInternal$CompiledFile$1
Event: 21.249 loading class android/aapt/pb/internal/ResourcesInternal$CompiledFile$1 done
Event: 21.250 loading class android/aapt/pb/internal/ResourcesInternal$CompiledFile$Builder
Event: 21.250 loading class android/aapt/pb/internal/ResourcesInternal$CompiledFile$Builder done
Event: 21.252 loading class android/aapt/pb/internal/ResourcesInternal$CompiledFile$Symbol
Event: 21.252 loading class android/aapt/pb/internal/ResourcesInternal$CompiledFile$Symbol done
Event: 21.252 loading class android/aapt/pb/internal/ResourcesInternal$CompiledFile$SymbolOrBuilder
Event: 21.252 loading class android/aapt/pb/internal/ResourcesInternal$CompiledFile$SymbolOrBuilder done
Event: 21.254 loading class com/android/aapt/Resources$FileReference$Type
Event: 21.254 loading class com/android/aapt/Resources$FileReference$Type done
Event: 21.254 loading class com/android/aapt/Resources$FileReference$Type$1
Event: 21.254 loading class com/android/aapt/Resources$FileReference$Type$1 done
Event: 21.276 Executing VM operation: G1CollectForAllocation


Dynamic libraries:
0x00007ff78a3c0000 - 0x00007ff78a3ca000 	C:\Program Files\Android\Android Studio\jre\bin\java.exe
0x00007ffdbee50000 - 0x00007ffdbf048000 	C:\WINDOWS\SYSTEM32\ntdll.dll
0x00007ffdbe9a0000 - 0x00007ffdbea5d000 	C:\WINDOWS\System32\KERNEL32.DLL
0x00007ffdbcbe0000 - 0x00007ffdbceae000 	C:\WINDOWS\System32\KERNELBASE.dll
0x00007ffdbca20000 - 0x00007ffdbcb20000 	C:\WINDOWS\System32\ucrtbase.dll
0x00007ffdab640000 - 0x00007ffdab659000 	C:\Program Files\Android\Android Studio\jre\bin\jli.dll
0x00007ffdab620000 - 0x00007ffdab637000 	C:\Program Files\Android\Android Studio\jre\bin\VCRUNTIME140.dll
0x00007ffdbd050000 - 0x00007ffdbd1f0000 	C:\WINDOWS\System32\USER32.dll
0x00007ffdaca20000 - 0x00007ffdaccba000 	C:\WINDOWS\WinSxS\amd64_microsoft.windows.common-controls_6595b64144ccf1df_6.0.19041.1110_none_60b5254171f9507e\COMCTL32.dll
0x00007ffdbcbb0000 - 0x00007ffdbcbd2000 	C:\WINDOWS\System32\win32u.dll
0x00007ffdbe400000 - 0x00007ffdbe49e000 	C:\WINDOWS\System32\msvcrt.dll
0x00007ffdbe810000 - 0x00007ffdbe83a000 	C:\WINDOWS\System32\GDI32.dll
0x00007ffdbc800000 - 0x00007ffdbc90b000 	C:\WINDOWS\System32\gdi32full.dll
0x00007ffdbc910000 - 0x00007ffdbc9ad000 	C:\WINDOWS\System32\msvcp_win.dll
0x00007ffdbe960000 - 0x00007ffdbe990000 	C:\WINDOWS\System32\IMM32.DLL
0x00007ffd4bcf0000 - 0x00007ffd4bd8d000 	C:\Program Files\Android\Android Studio\jre\bin\msvcp140.dll
0x00007ffd3cca0000 - 0x00007ffd3d785000 	C:\Program Files\Android\Android Studio\jre\bin\server\jvm.dll
0x00007ffdbe840000 - 0x00007ffdbe8ee000 	C:\WINDOWS\System32\ADVAPI32.dll
0x00007ffdbe710000 - 0x00007ffdbe7ac000 	C:\WINDOWS\System32\sechost.dll
0x00007ffdbec10000 - 0x00007ffdbed35000 	C:\WINDOWS\System32\RPCRT4.dll
0x00007ffdbe990000 - 0x00007ffdbe998000 	C:\WINDOWS\System32\PSAPI.DLL
0x00007ffdac860000 - 0x00007ffdac887000 	C:\WINDOWS\SYSTEM32\WINMM.dll
0x00007ffdb3670000 - 0x00007ffdb367a000 	C:\WINDOWS\SYSTEM32\VERSION.dll
0x00007ffd972c0000 - 0x00007ffd972c9000 	C:\WINDOWS\SYSTEM32\WSOCK32.dll
0x00007ffdbe8f0000 - 0x00007ffdbe95b000 	C:\WINDOWS\System32\ws2_32.DLL
0x00007ffdbadf0000 - 0x00007ffdbae02000 	C:\WINDOWS\SYSTEM32\kernel.appcore.dll
0x00007ffd97c60000 - 0x00007ffd97c71000 	C:\Program Files\Android\Android Studio\jre\bin\verify.dll
0x00007ffda0390000 - 0x00007ffda0574000 	C:\WINDOWS\SYSTEM32\DBGHELP.DLL
0x00007ffda0220000 - 0x00007ffda024c000 	C:\WINDOWS\SYSTEM32\dbgcore.DLL
0x00007ffdbcb20000 - 0x00007ffdbcba2000 	C:\WINDOWS\System32\bcryptPrimitives.dll
0x00007ffd965d0000 - 0x00007ffd965f9000 	C:\Program Files\Android\Android Studio\jre\bin\java.dll
0x00007ffda0990000 - 0x00007ffda099b000 	C:\Program Files\Android\Android Studio\jre\bin\jimage.dll
0x00007ffd97b60000 - 0x00007ffd97b78000 	C:\Program Files\Android\Android Studio\jre\bin\zip.dll
0x00007ffdbd8e0000 - 0x00007ffdbe023000 	C:\WINDOWS\System32\SHELL32.dll
0x00007ffdba590000 - 0x00007ffdbad25000 	C:\WINDOWS\SYSTEM32\windows.storage.dll
0x00007ffdbe0a0000 - 0x00007ffdbe3f4000 	C:\WINDOWS\System32\combase.dll
0x00007ffdbbfd0000 - 0x00007ffdbc000000 	C:\WINDOWS\SYSTEM32\Wldp.dll
0x00007ffdbe4a0000 - 0x00007ffdbe54d000 	C:\WINDOWS\System32\SHCORE.dll
0x00007ffdbe7b0000 - 0x00007ffdbe805000 	C:\WINDOWS\System32\shlwapi.dll
0x00007ffdbc4b0000 - 0x00007ffdbc4cf000 	C:\WINDOWS\SYSTEM32\profapi.dll
0x00007ffd97850000 - 0x00007ffd9786a000 	C:\Program Files\Android\Android Studio\jre\bin\net.dll
0x00007ffdad320000 - 0x00007ffdad42a000 	C:\WINDOWS\SYSTEM32\WINHTTP.dll
0x00007ffdbbd30000 - 0x00007ffdbbd9a000 	C:\WINDOWS\system32\mswsock.dll
0x00007ffd95c40000 - 0x00007ffd95c54000 	C:\Program Files\Android\Android Studio\jre\bin\nio.dll
0x00007ffda08d0000 - 0x00007ffda08f7000 	C:\Users\Nada Said\.gradle\native\e1d6ef7f7dcc3fd88c89a11ec53ec762bb8ba0a96d01ffa2cd45eb1d1d8dd5c5\windows-amd64\native-platform.dll
0x00007ffd42360000 - 0x00007ffd424a4000 	C:\Users\Nada Said\.gradle\native\5664cfc778a61ccfe75a443a1ab52a65af34e5dc3c78e0209fed803814484fcb\windows-amd64\native-platform-file-events.dll
0x00007ffd985e0000 - 0x00007ffd985ea000 	C:\Program Files\Android\Android Studio\jre\bin\management.dll
0x00007ffd98280000 - 0x00007ffd9828d000 	C:\Program Files\Android\Android Studio\jre\bin\management_ext.dll
0x00007ffdbbf30000 - 0x00007ffdbbf48000 	C:\WINDOWS\SYSTEM32\CRYPTSP.dll
0x00007ffdbb640000 - 0x00007ffdbb674000 	C:\WINDOWS\system32\rsaenh.dll
0x00007ffdbc620000 - 0x00007ffdbc647000 	C:\WINDOWS\System32\bcrypt.dll
0x00007ffdbc430000 - 0x00007ffdbc45e000 	C:\WINDOWS\SYSTEM32\USERENV.dll
0x00007ffdbbf20000 - 0x00007ffdbbf2c000 	C:\WINDOWS\SYSTEM32\CRYPTBASE.dll
0x00007ffdbb9d0000 - 0x00007ffdbba0b000 	C:\WINDOWS\SYSTEM32\IPHLPAPI.DLL
0x00007ffdbe030000 - 0x00007ffdbe038000 	C:\WINDOWS\System32\NSI.dll
0x00007ffdb3260000 - 0x00007ffdb3277000 	C:\WINDOWS\SYSTEM32\dhcpcsvc6.DLL
0x00007ffdb3e80000 - 0x00007ffdb3e9d000 	C:\WINDOWS\SYSTEM32\dhcpcsvc.DLL
0x00007ffdbba20000 - 0x00007ffdbbaea000 	C:\WINDOWS\SYSTEM32\DNSAPI.dll

dbghelp: loaded successfully - version: 4.0.5 - missing functions: none
symbol engine: initialized successfully - sym options: 0x614 - pdb path: .;C:\Program Files\Android\Android Studio\jre\bin;C:\WINDOWS\SYSTEM32;C:\WINDOWS\WinSxS\amd64_microsoft.windows.common-controls_6595b64144ccf1df_6.0.19041.1110_none_60b5254171f9507e;C:\Program Files\Android\Android Studio\jre\bin\server;C:\Users\Nada Said\.gradle\native\e1d6ef7f7dcc3fd88c89a11ec53ec762bb8ba0a96d01ffa2cd45eb1d1d8dd5c5\windows-amd64;C:\Users\Nada Said\.gradle\native\5664cfc778a61ccfe75a443a1ab52a65af34e5dc3c78e0209fed803814484fcb\windows-amd64

VM Arguments:
jvm_args: --add-opens=java.base/java.util=ALL-UNNAMED --add-opens=java.base/java.lang=ALL-UNNAMED --add-opens=java.base/java.lang.invoke=ALL-UNNAMED --add-opens=java.base/java.util=ALL-UNNAMED --add-opens=java.prefs/java.util.prefs=ALL-UNNAMED --add-opens=java.prefs/java.util.prefs=ALL-UNNAMED --add-opens=java.base/java.nio.charset=ALL-UNNAMED --add-opens=java.base/java.net=ALL-UNNAMED --add-opens=java.base/java.util.concurrent.atomic=ALL-UNNAMED -Xmx2048m -Dfile.encoding=UTF-8 -Duser.country=US -Duser.language=en -Duser.variant 
java_command: org.gradle.launcher.daemon.bootstrap.GradleDaemon 7.3.3
java_class_path (initial): C:\Users\Nada Said\.gradle\wrapper\dists\gradle-7.3.3-bin\6a41zxkdtcxs8rphpq6y0069z\gradle-7.3.3\lib\gradle-launcher-7.3.3.jar
Launcher Type: SUN_STANDARD

[Global flags]
     intx CICompilerCount                          = 3                                         {product} {ergonomic}
     uint ConcGCThreads                            = 1                                         {product} {ergonomic}
     uint G1ConcRefinementThreads                  = 4                                         {product} {ergonomic}
   size_t G1HeapRegionSize                         = 1048576                                   {product} {ergonomic}
    uintx GCDrainStackTargetSize                   = 64                                        {product} {ergonomic}
   size_t InitialHeapSize                          = 134217728                                 {product} {ergonomic}
   size_t MarkStackSize                            = 4194304                                   {product} {ergonomic}
   size_t MaxHeapSize                              = 2147483648                                {product} {command line}
   size_t MaxNewSize                               = 1287651328                                {product} {ergonomic}
   size_t MinHeapDeltaBytes                        = 1048576                                   {product} {ergonomic}
    uintx NonNMethodCodeHeapSize                   = 5830732                                {pd product} {ergonomic}
    uintx NonProfiledCodeHeapSize                  = 122913754                              {pd product} {ergonomic}
    uintx ProfiledCodeHeapSize                     = 122913754                              {pd product} {ergonomic}
    uintx ReservedCodeCacheSize                    = 251658240                              {pd product} {ergonomic}
     bool SegmentedCodeCache                       = true                                      {product} {ergonomic}
     bool UseCompressedClassPointers               = true                                 {lp64_product} {ergonomic}
     bool UseCompressedOops                        = true                                 {lp64_product} {ergonomic}
     bool UseG1GC                                  = true                                      {product} {ergonomic}
     bool UseLargePagesIndividualAllocation        = false                                  {pd product} {ergonomic}

Logging:
Log output configuration:
 #0: stdout all=warning uptime,level,tags
 #1: stderr all=off uptime,level,tags

Environment Variables:
JAVA_HOME=C:\Program Files\Java\jdk-17.0.1
PATH=C:\Program Files\Microsoft\jdk-11.0.12.7-hotspot\bin;C:\Program Files (x86)\NVIDIA Corporation\PhysX\Common;C:\Oracle\Middleware\Oracle_FRHome1\bin;C:\Program Files\Common Files\Oracle\Java\javapath;C:\app\NadaSaid\product\11.2.0\dbhome_1\bin;C:\ProgramData\Oracle\Java\javapath;C:\WINDOWS\system32;C:\WINDOWS;C:\WINDOWS\System32\Wbem;C:\WINDOWS\System32\WindowsPowerShell\v1.0\;C:\WINDOWS\System32\OpenSSH\;C:\Program Files\Git\cmd;C:\Program Files\Java\jdk-17.0.1\bin;C:\Oracle\Middleware\Oracle_FRHome1\opmn\bin;C:\Oracle\Middleware\Oracle_FRHome1\opmn\lib;C:\Oracle\Middleware\Oracle_FRHome1\perl\bin;C:\Program Files\Microsoft SQL Server\Client SDK\ODBC\110\Tools\Binn\;C:\Program Files (x86)\Microsoft SQL Server\120\Tools\Binn\;C:\Program Files\Microsoft SQL Server\120\Tools\Binn\;C:\Program Files\Microsoft SQL Server\120\DTS\Binn\;C:\Program Files (x86)\Windows Kits\8.1\Windows Performance Toolkit\;C:\Program Files\dotnet\;C:\Users\Nada Said\AppData\Local\Programs\Python\Python37\Scripts\;C:\Users\Nada Said\AppData\Local\Programs\Python\Python37\;C:\Python37\Scripts\;C:\Python37\;C:\Users\Nada Said\AppData\Local\Microsoft\WindowsApps;C:\Users\Nada Said\AppData\Local\Programs\Microsoft VS Code\bin;C:\Program Files\JetBrains\IntelliJ IDEA Community Edition 2021.2.3\bin;;C:\Users\Nada Said\.dotnet\tools;C:\Users\Nada Said\AppData\Local\GitHubDesktop\bin;C:\Dart\dart-sdk\bin;
USERNAME=Nada Said
LD_LIBRARY_PATH=C:\Oracle\Middleware\Oracle_FRHome1\lib
OS=Windows_NT
PROCESSOR_IDENTIFIER=Intel64 Family 6 Model 61 Stepping 4, GenuineIntel



---------------  S Y S T E M  ---------------

OS: Windows 10 , 64 bit Build 19041 (10.0.19041.1889)
OS uptime: 2 days 20:55 hours

CPU:total 4 (initial active 4) (2 cores per cpu, 2 threads per core) family 6 model 61 stepping 4 microcode 0x2d, cmov, cx8, fxsr, mmx, sse, sse2, sse3, ssse3, sse4.1, sse4.2, popcnt, avx, avx2, aes, clmul, erms, rtm, 3dnowpref, lzcnt, ht, tsc, tscinvbit, bmi1, bmi2, adx, fma

Memory: 4k page, system-wide physical 8067M (1176M free)
TotalPageFile size 11125M (AvailPageFile size 16M)
current process WorkingSet (physical memory assigned to process): 489M, peak: 494M
current process commit charge ("private bytes"): 519M, peak: 564M

vm_info: OpenJDK 64-Bit Server VM (11.0.12+7-b1504.28-7817840) for windows-amd64 JRE (11.0.12+7-b1504.28-7817840), built on Oct 13 2021 22:12:33 by "builder" with MS VC++ 14.0 (VS2015)

END.
