#
# There is insufficient memory for the Java Runtime Environment to continue.
# Native memory allocation (malloc) failed to allocate 1298416 bytes for Chunk::new
# Possible reasons:
#   The system is out of physical RAM or swap space
#   The process is running with CompressedOops enabled, and the Java Heap may be blocking the growth of the native heap
# Possible solutions:
#   Reduce memory load on the system
#   Increase physical memory or swap space
#   Check if swap backing store is full
#   Decrease Java heap size (-Xmx/-Xms)
#   Decrease number of Java threads
#   Decrease Java thread stack sizes (-Xss)
#   Set larger code cache with -XX:ReservedCodeCacheSize=
#   JVM is running with Unscaled Compressed Oops mode in which the Java heap is
#     placed in the first 4GB address space. The Java Heap base address is the
#     maximum limit for the native heap growth. Please use -XX:HeapBaseMinAddress
#     to set the Java Heap base and to place the Java Heap above 4GB virtual address.
# This output file may be truncated or incomplete.
#
#  Out of Memory Error (./src/hotspot/share/memory/arena.cpp:197), pid=14012, tid=11860
#
# JRE version: OpenJDK Runtime Environment (11.0.12+7) (build 11.0.12+7-b1504.28-7817840)
# Java VM: OpenJDK 64-Bit Server VM (11.0.12+7-b1504.28-7817840, mixed mode, tiered, compressed oops, g1 gc, windows-amd64)
# No core dump will be written. Minidumps are not enabled by default on client versions of Windows
#

---------------  S U M M A R Y ------------

Command Line: --add-opens=java.base/java.util=ALL-UNNAMED --add-opens=java.base/java.lang=ALL-UNNAMED --add-opens=java.base/java.lang.invoke=ALL-UNNAMED --add-opens=java.base/java.util=ALL-UNNAMED --add-opens=java.prefs/java.util.prefs=ALL-UNNAMED --add-opens=java.prefs/java.util.prefs=ALL-UNNAMED --add-opens=java.base/java.nio.charset=ALL-UNNAMED --add-opens=java.base/java.net=ALL-UNNAMED --add-opens=java.base/java.util.concurrent.atomic=ALL-UNNAMED -Xmx2048m -Dfile.encoding=UTF-8 -Duser.country=US -Duser.language=en -Duser.variant org.gradle.launcher.daemon.bootstrap.GradleDaemon 7.3.3

Host: Intel(R) Core(TM) i5-5300U CPU @ 2.30GHz, 4 cores, 7G,  Windows 10 , 64 bit Build 19041 (10.0.19041.1889)
Time: Thu Oct  6 13:38:01 2022 Egypt Standard Time elapsed time: 23.624599 seconds (0d 0h 0m 23s)

---------------  T H R E A D  ---------------

Current thread (0x000001bf15749000):  JavaThread "C2 CompilerThread1" daemon [_thread_in_native, id=11860, stack(0x0000002956400000,0x0000002956500000)]


Current CompileTask:
C2:  23624 9890 %     4       org.gradle.internal.instantiation.generator.AbstractClassGenerator::inspectType @ 77 (560 bytes)

Stack: [0x0000002956400000,0x0000002956500000]
Native frames: (J=compiled Java code, j=interpreted, Vv=VM code, C=native code)
V  [jvm.dll+0x5fbcea]
V  [jvm.dll+0x731905]
V  [jvm.dll+0x732f1d]
V  [jvm.dll+0x7335d3]
V  [jvm.dll+0x247bf8]
V  [jvm.dll+0xc018c]
V  [jvm.dll+0xc06cc]
V  [jvm.dll+0x2bcc04]
V  [jvm.dll+0x5113a8]
V  [jvm.dll+0x208303]
V  [jvm.dll+0x201fe0]
V  [jvm.dll+0x1ff71f]
V  [jvm.dll+0x18868c]
V  [jvm.dll+0x20e0d7]
V  [jvm.dll+0x20c901]
V  [jvm.dll+0x6f9b7f]
V  [jvm.dll+0x6f26a5]
V  [jvm.dll+0x5fabf6]
C  [ucrtbase.dll+0x21bb2]
C  [KERNEL32.DLL+0x17034]
C  [ntdll.dll+0x526a1]


---------------  P R O C E S S  ---------------

Threads class SMR info:
_java_thread_list=0x000001bf1301a490, length=88, elements={
0x000001bf7607e800, 0x000001bf7ec17000, 0x000001bf7ec22000, 0x000001bf7ec35000,
0x000001bf7ec36000, 0x000001bf7ec38000, 0x000001bf7ec3c800, 0x000001bf7ec45800,
0x000001bf7ec4b000, 0x000001bf7f6e5000, 0x000001bf146cc800, 0x000001bf14873000,
0x000001bf13963000, 0x000001bf1484b800, 0x000001bf14a00000, 0x000001bf14a49800,
0x000001bf13ebf000, 0x000001bf14f57000, 0x000001bf1464b000, 0x000001bf14802000,
0x000001bf14804800, 0x000001bf14806000, 0x000001bf14803000, 0x000001bf14801000,
0x000001bf14805000, 0x000001bf14803800, 0x000001bf14800800, 0x000001bf14807000,
0x000001bf15128000, 0x000001bf15129800, 0x000001bf15128800, 0x000001bf1512a000,
0x000001bf15127000, 0x000001bf1512e800, 0x000001bf15133000, 0x000001bf15134000,
0x000001bf15135000, 0x000001bf15130000, 0x000001bf1512f000, 0x000001bf15135800,
0x000001bf15131000, 0x000001bf15132800, 0x000001bf17f9f000, 0x000001bf17f9e000,
0x000001bf17f9d800, 0x000001bf17f9f800, 0x000001bf17fa4800, 0x000001bf17fa4000,
0x000001bf17fa1800, 0x000001bf17fa0800, 0x000001bf17fa8000, 0x000001bf17fa5800,
0x000001bf17fa6800, 0x000001bf17fa7000, 0x000001bf17fa2000, 0x000001bf17fa8800,
0x000001bf17fa3000, 0x000001bf17fa9800, 0x000001bf17faa800, 0x000001bf17fac000,
0x000001bf17fab000, 0x000001bf16877800, 0x000001bf16873000, 0x000001bf16874000,
0x000001bf16876800, 0x000001bf16878000, 0x000001bf16872800, 0x000001bf16879000,
0x000001bf1687a000, 0x000001bf16875800, 0x000001bf1687a800, 0x000001bf16875000,
0x000001bf1687d000, 0x000001bf16880800, 0x000001bf1687e000, 0x000001bf1687e800,
0x000001bf1687b800, 0x000001bf15749000, 0x000001bf1687f800, 0x000001bf1687c000,
0x000001bf17c19000, 0x000001bf17c16800, 0x000001bf17c19800, 0x000001bf17c14000,
0x000001bf17c1a800, 0x000001bf17c15000, 0x000001bf17c15800, 0x000001bf17c17800
}

Java Threads: ( => current thread )
  0x000001bf7607e800 JavaThread "main" [_thread_blocked, id=17400, stack(0x0000002954300000,0x0000002954400000)]
  0x000001bf7ec17000 JavaThread "Reference Handler" daemon [_thread_blocked, id=7396, stack(0x0000002954a00000,0x0000002954b00000)]
  0x000001bf7ec22000 JavaThread "Finalizer" daemon [_thread_blocked, id=9944, stack(0x0000002954b00000,0x0000002954c00000)]
  0x000001bf7ec35000 JavaThread "Signal Dispatcher" daemon [_thread_blocked, id=4720, stack(0x0000002954c00000,0x0000002954d00000)]
  0x000001bf7ec36000 JavaThread "Attach Listener" daemon [_thread_blocked, id=5264, stack(0x0000002954d00000,0x0000002954e00000)]
  0x000001bf7ec38000 JavaThread "Service Thread" daemon [_thread_blocked, id=15316, stack(0x0000002954e00000,0x0000002954f00000)]
  0x000001bf7ec3c800 JavaThread "C2 CompilerThread0" daemon [_thread_blocked, id=15040, stack(0x0000002954f00000,0x0000002955000000)]
  0x000001bf7ec45800 JavaThread "C1 CompilerThread0" daemon [_thread_blocked, id=12828, stack(0x0000002955000000,0x0000002955100000)]
  0x000001bf7ec4b000 JavaThread "Sweeper thread" daemon [_thread_blocked, id=16292, stack(0x0000002955100000,0x0000002955200000)]
  0x000001bf7f6e5000 JavaThread "Common-Cleaner" daemon [_thread_blocked, id=14276, stack(0x0000002955200000,0x0000002955300000)]
  0x000001bf146cc800 JavaThread "Daemon health stats" [_thread_blocked, id=15788, stack(0x0000002955700000,0x0000002955800000)]
  0x000001bf14873000 JavaThread "Incoming local TCP Connector on port 51879" [_thread_in_native, id=3108, stack(0x0000002955400000,0x0000002955500000)]
  0x000001bf13963000 JavaThread "Daemon periodic checks" [_thread_blocked, id=9416, stack(0x0000002955800000,0x0000002955900000)]
  0x000001bf1484b800 JavaThread "Daemon" [_thread_blocked, id=11072, stack(0x0000002955900000,0x0000002955a00000)]
  0x000001bf14a00000 JavaThread "Handler for socket connection from /127.0.0.1:51879 to /127.0.0.1:51880" [_thread_in_native, id=9680, stack(0x0000002955a00000,0x0000002955b00000)]
  0x000001bf14a49800 JavaThread "Cancel handler" [_thread_blocked, id=12712, stack(0x0000002955b00000,0x0000002955c00000)]
  0x000001bf13ebf000 JavaThread "Daemon worker" [_thread_blocked, id=13760, stack(0x0000002955c00000,0x0000002955d00000)]
  0x000001bf14f57000 JavaThread "Asynchronous log dispatcher for DefaultDaemonConnection: socket connection from /127.0.0.1:51879 to /127.0.0.1:51880" [_thread_blocked, id=12724, stack(0x0000002955d00000,0x0000002955e00000)]
  0x000001bf1464b000 JavaThread "Stdin handler" [_thread_blocked, id=14604, stack(0x0000002955e00000,0x0000002955f00000)]
  0x000001bf14802000 JavaThread "Daemon client event forwarder" [_thread_blocked, id=16008, stack(0x0000002955f00000,0x0000002956000000)]
  0x000001bf14804800 JavaThread "Cache worker for journal cache (C:\Users\Nada Said\.gradle\caches\journal-1)" [_thread_blocked, id=12656, stack(0x0000002956100000,0x0000002956200000)]
  0x000001bf14806000 JavaThread "File lock request listener" [_thread_in_native, id=6036, stack(0x0000002956200000,0x0000002956300000)]
  0x000001bf14803000 JavaThread "Cache worker for file hash cache (C:\Users\Nada Said\.gradle\caches\7.3.3\fileHashes)" [_thread_blocked, id=10040, stack(0x0000002956300000,0x0000002956400000)]
  0x000001bf14801000 JavaThread "Cache worker for file hash cache (D:\AndroidProject\EcommerceApp\.gradle\7.3.3\fileHashes)" [_thread_blocked, id=15520, stack(0x0000002956500000,0x0000002956600000)]
  0x000001bf14805000 JavaThread "File watcher server" daemon [_thread_in_native, id=11932, stack(0x0000002956600000,0x0000002956700000)]
  0x000001bf14803800 JavaThread "File watcher consumer" daemon [_thread_blocked, id=15180, stack(0x0000002956700000,0x0000002956800000)]
  0x000001bf14800800 JavaThread "Cache worker for checksums cache (D:\AndroidProject\EcommerceApp\.gradle\7.3.3\checksums)" [_thread_blocked, id=7796, stack(0x0000002956800000,0x0000002956900000)]
  0x000001bf14807000 JavaThread "Cache worker for cache directory md-supplier (C:\Users\Nada Said\.gradle\caches\7.3.3\md-supplier)" [_thread_blocked, id=844, stack(0x0000002956900000,0x0000002956a00000)]
  0x000001bf15128000 JavaThread "Cache worker for cache directory md-rule (C:\Users\Nada Said\.gradle\caches\7.3.3\md-rule)" [_thread_blocked, id=1264, stack(0x0000002956a00000,0x0000002956b00000)]
  0x000001bf15129800 JavaThread "Cache worker for execution history cache (C:\Users\Nada Said\.gradle\caches\7.3.3\executionHistory)" [_thread_blocked, id=1216, stack(0x0000002956b00000,0x0000002956c00000)]
  0x000001bf15128800 JavaThread "jar transforms" [_thread_blocked, id=1556, stack(0x0000002956c00000,0x0000002956d00000)]
  0x000001bf1512a000 JavaThread "Cache worker for file content cache (C:\Users\Nada Said\.gradle\caches\7.3.3\fileContent)" [_thread_blocked, id=14732, stack(0x0000002956d00000,0x0000002956e00000)]
  0x000001bf15127000 JavaThread "jar transforms Thread 2" [_thread_blocked, id=5224, stack(0x0000002956e00000,0x0000002956f00000)]
  0x000001bf1512e800 JavaThread "Cache worker for dependencies-accessors (D:\AndroidProject\EcommerceApp\.gradle\7.3.3\dependencies-accessors)" [_thread_blocked, id=17268, stack(0x0000002956f00000,0x0000002957000000)]
  0x000001bf15133000 JavaThread "jar transforms Thread 3" [_thread_blocked, id=10228, stack(0x0000002957000000,0x0000002957100000)]
  0x000001bf15134000 JavaThread "Cache worker for Build Output Cleanup Cache (D:\AndroidProject\EcommerceApp\.gradle\buildOutputCleanup)" [_thread_blocked, id=16756, stack(0x0000002957100000,0x0000002957200000)]
  0x000001bf15135000 JavaThread "Unconstrained build operations" [_thread_blocked, id=10180, stack(0x0000002957200000,0x0000002957300000)]
  0x000001bf15130000 JavaThread "Unconstrained build operations Thread 2" [_thread_blocked, id=11320, stack(0x0000002957300000,0x0000002957400000)]
  0x000001bf1512f000 JavaThread "Unconstrained build operations Thread 3" [_thread_blocked, id=8396, stack(0x0000002957400000,0x0000002957500000)]
  0x000001bf15135800 JavaThread "Unconstrained build operations Thread 4" [_thread_blocked, id=10960, stack(0x0000002957500000,0x0000002957600000)]
  0x000001bf15131000 JavaThread "Unconstrained build operations Thread 5" [_thread_blocked, id=11608, stack(0x0000002957600000,0x0000002957700000)]
  0x000001bf15132800 JavaThread "Unconstrained build operations Thread 6" [_thread_blocked, id=11196, stack(0x0000002957700000,0x0000002957800000)]
  0x000001bf17f9f000 JavaThread "Unconstrained build operations Thread 7" [_thread_blocked, id=16572, stack(0x0000002957800000,0x0000002957900000)]
  0x000001bf17f9e000 JavaThread "Unconstrained build operations Thread 8" [_thread_blocked, id=11452, stack(0x0000002957900000,0x0000002957a00000)]
  0x000001bf17f9d800 JavaThread "Unconstrained build operations Thread 9" [_thread_blocked, id=16988, stack(0x0000002957a00000,0x0000002957b00000)]
  0x000001bf17f9f800 JavaThread "Unconstrained build operations Thread 10" [_thread_blocked, id=14524, stack(0x0000002957b00000,0x0000002957c00000)]
  0x000001bf17fa4800 JavaThread "Unconstrained build operations Thread 11" [_thread_blocked, id=7108, stack(0x0000002957c00000,0x0000002957d00000)]
  0x000001bf17fa4000 JavaThread "Unconstrained build operations Thread 12" [_thread_blocked, id=4540, stack(0x0000002957d00000,0x0000002957e00000)]
  0x000001bf17fa1800 JavaThread "Unconstrained build operations Thread 13" [_thread_blocked, id=16792, stack(0x0000002957e00000,0x0000002957f00000)]
  0x000001bf17fa0800 JavaThread "Unconstrained build operations Thread 14" [_thread_blocked, id=5852, stack(0x0000002957f00000,0x0000002958000000)]
  0x000001bf17fa8000 JavaThread "Unconstrained build operations Thread 15" [_thread_blocked, id=16716, stack(0x0000002958000000,0x0000002958100000)]
  0x000001bf17fa5800 JavaThread "Unconstrained build operations Thread 16" [_thread_blocked, id=7080, stack(0x0000002958100000,0x0000002958200000)]
  0x000001bf17fa6800 JavaThread "Unconstrained build operations Thread 17" [_thread_blocked, id=10620, stack(0x0000002958200000,0x0000002958300000)]
  0x000001bf17fa7000 JavaThread "Unconstrained build operations Thread 18" [_thread_blocked, id=13784, stack(0x0000002958300000,0x0000002958400000)]
  0x000001bf17fa2000 JavaThread "Unconstrained build operations Thread 19" [_thread_blocked, id=3196, stack(0x0000002958400000,0x0000002958500000)]
  0x000001bf17fa8800 JavaThread "Unconstrained build operations Thread 20" [_thread_blocked, id=10024, stack(0x0000002958500000,0x0000002958600000)]
  0x000001bf17fa3000 JavaThread "Unconstrained build operations Thread 21" [_thread_blocked, id=8772, stack(0x0000002958600000,0x0000002958700000)]
  0x000001bf17fa9800 JavaThread "Unconstrained build operations Thread 22" [_thread_blocked, id=14884, stack(0x0000002958700000,0x0000002958800000)]
  0x000001bf17faa800 JavaThread "Unconstrained build operations Thread 23" [_thread_blocked, id=14548, stack(0x0000002958800000,0x0000002958900000)]
  0x000001bf17fac000 JavaThread "Unconstrained build operations Thread 24" [_thread_blocked, id=8364, stack(0x0000002958900000,0x0000002958a00000)]
  0x000001bf17fab000 JavaThread "Unconstrained build operations Thread 25" [_thread_blocked, id=9284, stack(0x0000002958a00000,0x0000002958b00000)]
  0x000001bf16877800 JavaThread "Unconstrained build operations Thread 26" [_thread_blocked, id=7580, stack(0x0000002958b00000,0x0000002958c00000)]
  0x000001bf16873000 JavaThread "Unconstrained build operations Thread 27" [_thread_blocked, id=6528, stack(0x0000002958c00000,0x0000002958d00000)]
  0x000001bf16874000 JavaThread "Unconstrained build operations Thread 28" [_thread_blocked, id=8048, stack(0x0000002958d00000,0x0000002958e00000)]
  0x000001bf16876800 JavaThread "Unconstrained build operations Thread 29" [_thread_blocked, id=3016, stack(0x0000002958e00000,0x0000002958f00000)]
  0x000001bf16878000 JavaThread "Unconstrained build operations Thread 30" [_thread_blocked, id=14892, stack(0x0000002958f00000,0x0000002959000000)]
  0x000001bf16872800 JavaThread "Unconstrained build operations Thread 31" [_thread_blocked, id=1464, stack(0x0000002959000000,0x0000002959100000)]
  0x000001bf16879000 JavaThread "Unconstrained build operations Thread 32" [_thread_blocked, id=11200, stack(0x0000002959100000,0x0000002959200000)]
  0x000001bf1687a000 JavaThread "Unconstrained build operations Thread 33" [_thread_blocked, id=17012, stack(0x0000002959200000,0x0000002959300000)]
  0x000001bf16875800 JavaThread "Unconstrained build operations Thread 34" [_thread_blocked, id=236, stack(0x0000002959300000,0x0000002959400000)]
  0x000001bf1687a800 JavaThread "Unconstrained build operations Thread 35" [_thread_blocked, id=3592, stack(0x0000002959400000,0x0000002959500000)]
  0x000001bf16875000 JavaThread "Unconstrained build operations Thread 36" [_thread_blocked, id=15144, stack(0x0000002959500000,0x0000002959600000)]
  0x000001bf1687d000 JavaThread "Unconstrained build operations Thread 37" [_thread_blocked, id=1984, stack(0x0000002959600000,0x0000002959700000)]
  0x000001bf16880800 JavaThread "Unconstrained build operations Thread 38" [_thread_blocked, id=10828, stack(0x0000002959700000,0x0000002959800000)]
  0x000001bf1687e000 JavaThread "Unconstrained build operations Thread 39" [_thread_blocked, id=3172, stack(0x0000002959800000,0x0000002959900000)]
  0x000001bf1687e800 JavaThread "Unconstrained build operations Thread 40" [_thread_blocked, id=7256, stack(0x0000002959900000,0x0000002959a00000)]
  0x000001bf1687b800 JavaThread "jar transforms Thread 4" [_thread_blocked, id=12012, stack(0x0000002959a00000,0x0000002959b00000)]
=>0x000001bf15749000 JavaThread "C2 CompilerThread1" daemon [_thread_in_native, id=11860, stack(0x0000002956400000,0x0000002956500000)]
  0x000001bf1687f800 JavaThread "Memory manager" [_thread_blocked, id=13500, stack(0x0000002959b00000,0x0000002959c00000)]
  0x000001bf1687c000 JavaThread "build event listener" [_thread_blocked, id=15940, stack(0x0000002959c00000,0x0000002959d00000)]
  0x000001bf17c19000 JavaThread "pool-3-thread-1" [_thread_blocked, id=3444, stack(0x0000002959d00000,0x0000002959e00000)]
  0x000001bf17c16800 JavaThread "build event listener" [_thread_blocked, id=10048, stack(0x0000002959e00000,0x0000002959f00000)]
  0x000001bf17c19800 JavaThread "Execution worker for ':'" [_thread_blocked, id=9852, stack(0x0000002959f00000,0x000000295a000000)]
  0x000001bf17c14000 JavaThread "Execution worker for ':' Thread 2" [_thread_blocked, id=2680, stack(0x000000295a000000,0x000000295a100000)]
  0x000001bf17c1a800 JavaThread "Execution worker for ':' Thread 3" [_thread_blocked, id=12720, stack(0x000000295a100000,0x000000295a200000)]
  0x000001bf17c15000 JavaThread "Cache worker for execution history cache (D:\AndroidProject\EcommerceApp\.gradle\7.3.3\executionHistory)" [_thread_blocked, id=684, stack(0x000000295a200000,0x000000295a300000)]
  0x000001bf17c15800 JavaThread "WorkerExecutor Queue" [_thread_blocked, id=16084, stack(0x000000295a300000,0x000000295a400000)]
  0x000001bf17c17800 JavaThread "WorkerExecutor Queue Thread 2" [_thread_blocked, id=16696, stack(0x000000295a400000,0x000000295a500000)]

Other Threads:
  0x000001bf7ec12000 VMThread "VM Thread" [stack: 0x0000002954900000,0x0000002954a00000] [id=4764] _threads_hazard_ptr=0x000001bf1301a490
  0x000001bf7f715000 WatcherThread [stack: 0x0000002955300000,0x0000002955400000] [id=11244]
  0x000001bf76097800 GCTaskThread "GC Thread#0" [stack: 0x0000002954400000,0x0000002954500000] [id=11092]
  0x000001bf7f880000 GCTaskThread "GC Thread#1" [stack: 0x0000002955500000,0x0000002955600000] [id=13100]
  0x000001bf134c9000 GCTaskThread "GC Thread#2" [stack: 0x0000002955600000,0x0000002955700000] [id=14960]
  0x000001bf149cf800 GCTaskThread "GC Thread#3" [stack: 0x0000002956000000,0x0000002956100000] [id=680]
  0x000001bf760c9800 ConcurrentGCThread "G1 Main Marker" [stack: 0x0000002954500000,0x0000002954600000] [id=7004]
  0x000001bf760ca800 ConcurrentGCThread "G1 Conc#0" [stack: 0x0000002954600000,0x0000002954700000] [id=11156]
  0x000001bf7615a800 ConcurrentGCThread "G1 Refine#0" [stack: 0x0000002954700000,0x0000002954800000] [id=3640]
  0x000001bf7615b800 ConcurrentGCThread "G1 Young RemSet Sampling" [stack: 0x0000002954800000,0x0000002954900000] [id=14492]

Threads with active compile tasks:
C2 CompilerThread0  23680 9883       4       com.android.utils.XmlUtils::append (645 bytes)
C2 CompilerThread1  23681 9890 %     4       org.gradle.internal.instantiation.generator.AbstractClassGenerator::inspectType @ 77 (560 bytes)

VM state:at safepoint (normal execution)

VM Mutex/Monitor currently owned by a thread:  ([mutex/lock_event])
[0x000001bf7607a520] Threads_lock - owner thread: 0x000001bf7ec12000

Heap address: 0x0000000080000000, size: 2048 MB, Compressed Oops mode: 32-bit
Narrow klass base: 0x0000000000000000, Narrow klass shift: 3
Compressed class space size: 1073741824 Address: 0x0000000100000000

Heap:
 garbage-first heap   total 189440K, used 124928K [0x0000000080000000, 0x0000000100000000)
  region size 1024K, 28 young (28672K), 9 survivors (9216K)
 Metaspace       used 88073K, capacity 90181K, committed 90360K, reserved 1128448K
  class space    used 11343K, capacity 12132K, committed 12280K, reserved 1048576K
Heap Regions: E=young(eden), S=young(survivor), O=old, HS=humongous(starts), HC=humongous(continues), CS=collection set, F=free, A=archive, TAMS=top-at-mark-start (previous, next)
|   0|0x0000000080000000, 0x0000000080100000, 0x0000000080100000|100%|HS|  |TAMS 0x0000000080100000, 0x0000000080000000| Complete 
|   1|0x0000000080100000, 0x0000000080200000, 0x0000000080200000|100%|HC|  |TAMS 0x0000000080200000, 0x0000000080100000| Complete 
|   2|0x0000000080200000, 0x0000000080300000, 0x0000000080300000|100%|HC|  |TAMS 0x0000000080300000, 0x0000000080200000| Complete 
|   3|0x0000000080300000, 0x0000000080400000, 0x0000000080400000|100%| O|  |TAMS 0x0000000080400000, 0x0000000080300000| Untracked 
|   4|0x0000000080400000, 0x0000000080500000, 0x0000000080500000|100%| O|  |TAMS 0x0000000080500000, 0x0000000080400000| Untracked 
|   5|0x0000000080500000, 0x0000000080600000, 0x0000000080600000|100%| O|  |TAMS 0x0000000080600000, 0x0000000080500000| Untracked 
|   6|0x0000000080600000, 0x0000000080700000, 0x0000000080700000|100%| O|  |TAMS 0x0000000080700000, 0x0000000080600000| Untracked 
|   7|0x0000000080700000, 0x0000000080800000, 0x0000000080800000|100%| O|  |TAMS 0x0000000080800000, 0x0000000080700000| Untracked 
|   8|0x0000000080800000, 0x0000000080900000, 0x0000000080900000|100%| O|  |TAMS 0x0000000080900000, 0x0000000080800000| Untracked 
|   9|0x0000000080900000, 0x0000000080a00000, 0x0000000080a00000|100%| O|  |TAMS 0x0000000080a00000, 0x0000000080900000| Untracked 
|  10|0x0000000080a00000, 0x0000000080b00000, 0x0000000080b00000|100%| O|  |TAMS 0x0000000080b00000, 0x0000000080a00000| Untracked 
|  11|0x0000000080b00000, 0x0000000080c00000, 0x0000000080c00000|100%| O|  |TAMS 0x0000000080c00000, 0x0000000080b00000| Untracked 
|  12|0x0000000080c00000, 0x0000000080d00000, 0x0000000080d00000|100%| O|  |TAMS 0x0000000080d00000, 0x0000000080c00000| Untracked 
|  13|0x0000000080d00000, 0x0000000080e00000, 0x0000000080e00000|100%| O|  |TAMS 0x0000000080e00000, 0x0000000080d00000| Untracked 
|  14|0x0000000080e00000, 0x0000000080f00000, 0x0000000080f00000|100%| O|  |TAMS 0x0000000080f00000, 0x0000000080e00000| Untracked 
|  15|0x0000000080f00000, 0x0000000081000000, 0x0000000081000000|100%| O|  |TAMS 0x0000000081000000, 0x0000000080f00000| Untracked 
|  16|0x0000000081000000, 0x0000000081100000, 0x0000000081100000|100%|HS|  |TAMS 0x0000000081100000, 0x0000000081000000| Complete 
|  17|0x0000000081100000, 0x0000000081200000, 0x0000000081200000|100%| O|  |TAMS 0x0000000081200000, 0x0000000081100000| Untracked 
|  18|0x0000000081200000, 0x0000000081300000, 0x0000000081300000|100%| O|  |TAMS 0x0000000081300000, 0x0000000081200000| Untracked 
|  19|0x0000000081300000, 0x0000000081400000, 0x0000000081400000|100%| O|  |TAMS 0x0000000081400000, 0x0000000081300000| Untracked 
|  20|0x0000000081400000, 0x0000000081500000, 0x0000000081500000|100%| O|  |TAMS 0x0000000081500000, 0x0000000081400000| Untracked 
|  21|0x0000000081500000, 0x0000000081600000, 0x0000000081600000|100%| O|  |TAMS 0x0000000081600000, 0x0000000081500000| Untracked 
|  22|0x0000000081600000, 0x0000000081700000, 0x0000000081700000|100%| O|  |TAMS 0x0000000081700000, 0x0000000081600000| Untracked 
|  23|0x0000000081700000, 0x0000000081800000, 0x0000000081800000|100%|HS|  |TAMS 0x0000000081800000, 0x0000000081700000| Complete 
|  24|0x0000000081800000, 0x0000000081900000, 0x0000000081900000|100%|HS|  |TAMS 0x0000000081900000, 0x0000000081800000| Complete 
|  25|0x0000000081900000, 0x0000000081a00000, 0x0000000081a00000|100%|HC|  |TAMS 0x0000000081a00000, 0x0000000081900000| Complete 
|  26|0x0000000081a00000, 0x0000000081b00000, 0x0000000081b00000|100%| O|  |TAMS 0x0000000081b00000, 0x0000000081a00000| Untracked 
|  27|0x0000000081b00000, 0x0000000081c00000, 0x0000000081c00000|100%| O|  |TAMS 0x0000000081c00000, 0x0000000081b00000| Untracked 
|  28|0x0000000081c00000, 0x0000000081d00000, 0x0000000081d00000|100%| O|  |TAMS 0x0000000081d00000, 0x0000000081c00000| Untracked 
|  29|0x0000000081d00000, 0x0000000081e00000, 0x0000000081e00000|100%| O|  |TAMS 0x0000000081e00000, 0x0000000081d00000| Untracked 
|  30|0x0000000081e00000, 0x0000000081f00000, 0x0000000081f00000|100%| O|  |TAMS 0x0000000081f00000, 0x0000000081e00000| Untracked 
|  31|0x0000000081f00000, 0x0000000082000000, 0x0000000082000000|100%| O|  |TAMS 0x0000000082000000, 0x0000000081f00000| Untracked 
|  32|0x0000000082000000, 0x0000000082100000, 0x0000000082100000|100%| O|  |TAMS 0x0000000082100000, 0x0000000082000000| Untracked 
|  33|0x0000000082100000, 0x0000000082200000, 0x0000000082200000|100%| O|  |TAMS 0x0000000082200000, 0x0000000082100000| Untracked 
|  34|0x0000000082200000, 0x0000000082300000, 0x0000000082300000|100%| O|  |TAMS 0x0000000082300000, 0x0000000082200000| Untracked 
|  35|0x0000000082300000, 0x0000000082400000, 0x0000000082400000|100%| O|  |TAMS 0x0000000082400000, 0x0000000082300000| Untracked 
|  36|0x0000000082400000, 0x0000000082500000, 0x0000000082500000|100%| O|  |TAMS 0x0000000082500000, 0x0000000082400000| Untracked 
|  37|0x0000000082500000, 0x0000000082600000, 0x0000000082600000|100%| O|  |TAMS 0x0000000082600000, 0x0000000082500000| Untracked 
|  38|0x0000000082600000, 0x0000000082700000, 0x0000000082700000|100%| O|  |TAMS 0x0000000082700000, 0x0000000082600000| Untracked 
|  39|0x0000000082700000, 0x0000000082800000, 0x0000000082800000|100%| O|  |TAMS 0x0000000082800000, 0x0000000082700000| Untracked 
|  40|0x0000000082800000, 0x0000000082900000, 0x0000000082900000|100%| O|  |TAMS 0x0000000082900000, 0x0000000082800000| Untracked 
|  41|0x0000000082900000, 0x0000000082a00000, 0x0000000082a00000|100%| O|  |TAMS 0x0000000082a00000, 0x0000000082900000| Untracked 
|  42|0x0000000082a00000, 0x0000000082b00000, 0x0000000082b00000|100%| O|  |TAMS 0x0000000082b00000, 0x0000000082a00000| Untracked 
|  43|0x0000000082b00000, 0x0000000082c00000, 0x0000000082c00000|100%| O|  |TAMS 0x0000000082c00000, 0x0000000082b00000| Untracked 
|  44|0x0000000082c00000, 0x0000000082d00000, 0x0000000082d00000|100%| O|  |TAMS 0x0000000082d00000, 0x0000000082c00000| Untracked 
|  45|0x0000000082d00000, 0x0000000082e00000, 0x0000000082e00000|100%| O|  |TAMS 0x0000000082e00000, 0x0000000082d00000| Untracked 
|  46|0x0000000082e00000, 0x0000000082f00000, 0x0000000082f00000|100%| O|  |TAMS 0x0000000082f00000, 0x0000000082e00000| Untracked 
|  47|0x0000000082f00000, 0x0000000083000000, 0x0000000083000000|100%| O|  |TAMS 0x0000000083000000, 0x0000000082f00000| Untracked 
|  48|0x0000000083000000, 0x0000000083100000, 0x0000000083100000|100%| O|  |TAMS 0x0000000083100000, 0x0000000083000000| Untracked 
|  49|0x0000000083100000, 0x0000000083200000, 0x0000000083200000|100%| O|  |TAMS 0x0000000083200000, 0x0000000083100000| Untracked 
|  50|0x0000000083200000, 0x0000000083300000, 0x0000000083300000|100%| O|  |TAMS 0x0000000083300000, 0x0000000083200000| Untracked 
|  51|0x0000000083300000, 0x0000000083400000, 0x0000000083400000|100%| O|  |TAMS 0x0000000083400000, 0x0000000083300000| Untracked 
|  52|0x0000000083400000, 0x0000000083500000, 0x0000000083500000|100%| O|  |TAMS 0x0000000083500000, 0x0000000083400000| Untracked 
|  53|0x0000000083500000, 0x0000000083600000, 0x0000000083600000|100%| O|  |TAMS 0x0000000083600000, 0x0000000083500000| Untracked 
|  54|0x0000000083600000, 0x0000000083700000, 0x0000000083700000|100%| O|  |TAMS 0x0000000083700000, 0x0000000083600000| Untracked 
|  55|0x0000000083700000, 0x0000000083800000, 0x0000000083800000|100%|HS|  |TAMS 0x0000000083700000, 0x0000000083700000| Complete 
|  56|0x0000000083800000, 0x0000000083900000, 0x0000000083900000|100%|HC|  |TAMS 0x0000000083800000, 0x0000000083800000| Complete 
|  57|0x0000000083900000, 0x0000000083a00000, 0x0000000083a00000|100%| O|  |TAMS 0x0000000083a00000, 0x0000000083900000| Untracked 
|  58|0x0000000083a00000, 0x0000000083b00000, 0x0000000083b00000|100%| O|  |TAMS 0x0000000083b00000, 0x0000000083a00000| Untracked 
|  59|0x0000000083b00000, 0x0000000083c00000, 0x0000000083c00000|100%| O|  |TAMS 0x0000000083c00000, 0x0000000083b00000| Untracked 
|  60|0x0000000083c00000, 0x0000000083d00000, 0x0000000083d00000|100%| O|  |TAMS 0x0000000083d00000, 0x0000000083c00000| Untracked 
|  61|0x0000000083d00000, 0x0000000083e00000, 0x0000000083e00000|100%| O|  |TAMS 0x0000000083e00000, 0x0000000083d00000| Untracked 
|  62|0x0000000083e00000, 0x0000000083f00000, 0x0000000083f00000|100%| O|  |TAMS 0x0000000083f00000, 0x0000000083e00000| Untracked 
|  63|0x0000000083f00000, 0x0000000084000000, 0x0000000084000000|100%| O|  |TAMS 0x0000000084000000, 0x0000000083f00000| Untracked 
|  64|0x0000000084000000, 0x0000000084100000, 0x0000000084100000|100%| O|  |TAMS 0x0000000084100000, 0x0000000084000000| Untracked 
|  65|0x0000000084100000, 0x0000000084200000, 0x0000000084200000|100%| O|  |TAMS 0x0000000084200000, 0x0000000084100000| Untracked 
|  66|0x0000000084200000, 0x0000000084300000, 0x0000000084300000|100%| O|  |TAMS 0x0000000084300000, 0x0000000084200000| Untracked 
|  67|0x0000000084300000, 0x0000000084400000, 0x0000000084400000|100%| O|  |TAMS 0x0000000084400000, 0x0000000084300000| Untracked 
|  68|0x0000000084400000, 0x0000000084500000, 0x0000000084500000|100%| O|  |TAMS 0x0000000084500000, 0x0000000084400000| Untracked 
|  69|0x0000000084500000, 0x0000000084600000, 0x0000000084600000|100%| O|  |TAMS 0x0000000084600000, 0x0000000084500000| Untracked 
|  70|0x0000000084600000, 0x0000000084700000, 0x0000000084700000|100%| O|  |TAMS 0x0000000084700000, 0x0000000084600000| Untracked 
|  71|0x0000000084700000, 0x0000000084800000, 0x0000000084800000|100%| O|  |TAMS 0x0000000084800000, 0x0000000084700000| Untracked 
|  72|0x0000000084800000, 0x0000000084900000, 0x0000000084900000|100%| O|  |TAMS 0x0000000084900000, 0x0000000084800000| Untracked 
|  73|0x0000000084900000, 0x0000000084a00000, 0x0000000084a00000|100%|HS|  |TAMS 0x0000000084900000, 0x0000000084900000| Complete 
|  74|0x0000000084a00000, 0x0000000084b00000, 0x0000000084b00000|100%|HC|  |TAMS 0x0000000084a00000, 0x0000000084a00000| Complete 
|  75|0x0000000084b00000, 0x0000000084c00000, 0x0000000084c00000|100%|HC|  |TAMS 0x0000000084b00000, 0x0000000084b00000| Complete 
|  76|0x0000000084c00000, 0x0000000084d00000, 0x0000000084d00000|100%|HC|  |TAMS 0x0000000084c00000, 0x0000000084c00000| Complete 
|  77|0x0000000084d00000, 0x0000000084e00000, 0x0000000084e00000|100%|HS|  |TAMS 0x0000000084d00000, 0x0000000084d00000| Complete 
|  78|0x0000000084e00000, 0x0000000084f00000, 0x0000000084f00000|100%|HC|  |TAMS 0x0000000084e00000, 0x0000000084e00000| Complete 
|  79|0x0000000084f00000, 0x0000000085000000, 0x0000000085000000|100%|HC|  |TAMS 0x0000000084f00000, 0x0000000084f00000| Complete 
|  80|0x0000000085000000, 0x0000000085100000, 0x0000000085100000|100%|HS|  |TAMS 0x0000000085100000, 0x0000000085000000| Complete 
|  81|0x0000000085100000, 0x0000000085200000, 0x0000000085200000|100%|HC|  |TAMS 0x0000000085200000, 0x0000000085100000| Complete 
|  82|0x0000000085200000, 0x0000000085300000, 0x0000000085300000|100%| O|  |TAMS 0x0000000085300000, 0x0000000085200000| Untracked 
|  83|0x0000000085300000, 0x0000000085400000, 0x0000000085400000|100%| O|  |TAMS 0x0000000085400000, 0x0000000085300000| Untracked 
|  84|0x0000000085400000, 0x0000000085500000, 0x0000000085500000|100%| O|  |TAMS 0x0000000085500000, 0x0000000085400000| Untracked 
|  85|0x0000000085500000, 0x0000000085600000, 0x0000000085600000|100%| O|  |TAMS 0x0000000085600000, 0x0000000085500000| Untracked 
|  86|0x0000000085600000, 0x0000000085700000, 0x0000000085700000|100%| O|  |TAMS 0x0000000085700000, 0x0000000085600000| Untracked 
|  87|0x0000000085700000, 0x0000000085800000, 0x0000000085800000|100%| O|  |TAMS 0x0000000085800000, 0x0000000085700000| Untracked 
|  88|0x0000000085800000, 0x0000000085900000, 0x0000000085900000|100%| O|  |TAMS 0x0000000085900000, 0x0000000085800000| Untracked 
|  89|0x0000000085900000, 0x0000000085a00000, 0x0000000085a00000|100%| O|  |TAMS 0x0000000085a00000, 0x0000000085900000| Untracked 
|  90|0x0000000085a00000, 0x0000000085b00000, 0x0000000085b00000|100%| O|  |TAMS 0x0000000085b00000, 0x0000000085a00000| Untracked 
|  91|0x0000000085b00000, 0x0000000085c00000, 0x0000000085c00000|100%| O|  |TAMS 0x0000000085c00000, 0x0000000085b00000| Untracked 
|  92|0x0000000085c00000, 0x0000000085d00000, 0x0000000085d00000|100%| O|  |TAMS 0x0000000085d00000, 0x0000000085c00000| Untracked 
|  93|0x0000000085d00000, 0x0000000085e00000, 0x0000000085e00000|100%|HS|  |TAMS 0x0000000085d00000, 0x0000000085d00000| Complete 
|  94|0x0000000085e00000, 0x0000000085f00000, 0x0000000085f00000|100%|HC|  |TAMS 0x0000000085e00000, 0x0000000085e00000| Complete 
|  95|0x0000000085f00000, 0x0000000086000000, 0x0000000086000000|100%|HC|  |TAMS 0x0000000085f00000, 0x0000000085f00000| Complete 
|  96|0x0000000086000000, 0x0000000086000000, 0x0000000086100000|  0%| F|  |TAMS 0x0000000086000000, 0x0000000086000000| Untracked 
|  97|0x0000000086100000, 0x0000000086100000, 0x0000000086200000|  0%| F|  |TAMS 0x0000000086100000, 0x0000000086100000| Untracked 
|  98|0x0000000086200000, 0x0000000086200000, 0x0000000086300000|  0%| F|  |TAMS 0x0000000086200000, 0x0000000086200000| Untracked 
|  99|0x0000000086300000, 0x0000000086300000, 0x0000000086400000|  0%| F|  |TAMS 0x0000000086300000, 0x0000000086300000| Untracked 
| 100|0x0000000086400000, 0x0000000086400000, 0x0000000086500000|  0%| F|  |TAMS 0x0000000086400000, 0x0000000086400000| Untracked 
| 101|0x0000000086500000, 0x0000000086500000, 0x0000000086600000|  0%| F|  |TAMS 0x0000000086500000, 0x0000000086500000| Untracked 
| 102|0x0000000086600000, 0x0000000086600000, 0x0000000086700000|  0%| F|  |TAMS 0x0000000086600000, 0x0000000086600000| Untracked 
| 103|0x0000000086700000, 0x0000000086700000, 0x0000000086800000|  0%| F|  |TAMS 0x0000000086700000, 0x0000000086700000| Untracked 
| 104|0x0000000086800000, 0x0000000086800000, 0x0000000086900000|  0%| F|  |TAMS 0x0000000086800000, 0x0000000086800000| Untracked 
| 105|0x0000000086900000, 0x0000000086900000, 0x0000000086a00000|  0%| F|  |TAMS 0x0000000086900000, 0x0000000086900000| Untracked 
| 106|0x0000000086a00000, 0x0000000086a00000, 0x0000000086b00000|  0%| F|  |TAMS 0x0000000086a00000, 0x0000000086a00000| Untracked 
| 107|0x0000000086b00000, 0x0000000086b00000, 0x0000000086c00000|  0%| F|  |TAMS 0x0000000086b00000, 0x0000000086b00000| Untracked 
| 108|0x0000000086c00000, 0x0000000086c00000, 0x0000000086d00000|  0%| F|  |TAMS 0x0000000086c00000, 0x0000000086c00000| Untracked 
| 109|0x0000000086d00000, 0x0000000086d00000, 0x0000000086e00000|  0%| F|  |TAMS 0x0000000086d00000, 0x0000000086d00000| Untracked 
| 110|0x0000000086e00000, 0x0000000086e00000, 0x0000000086f00000|  0%| F|  |TAMS 0x0000000086e00000, 0x0000000086e00000| Untracked 
| 111|0x0000000086f00000, 0x0000000086f00000, 0x0000000087000000|  0%| F|  |TAMS 0x0000000086f00000, 0x0000000086f00000| Untracked 
| 112|0x0000000087000000, 0x0000000087000000, 0x0000000087100000|  0%| F|  |TAMS 0x0000000087000000, 0x0000000087000000| Untracked 
| 113|0x0000000087100000, 0x0000000087100000, 0x0000000087200000|  0%| F|  |TAMS 0x0000000087100000, 0x0000000087100000| Untracked 
| 114|0x0000000087200000, 0x0000000087200000, 0x0000000087300000|  0%| F|  |TAMS 0x0000000087200000, 0x0000000087200000| Untracked 
| 115|0x0000000087300000, 0x0000000087300000, 0x0000000087400000|  0%| F|  |TAMS 0x0000000087300000, 0x0000000087300000| Untracked 
| 116|0x0000000087400000, 0x0000000087400000, 0x0000000087500000|  0%| F|  |TAMS 0x0000000087400000, 0x0000000087400000| Untracked 
| 117|0x0000000087500000, 0x0000000087500000, 0x0000000087600000|  0%| F|  |TAMS 0x0000000087500000, 0x0000000087500000| Untracked 
| 118|0x0000000087600000, 0x0000000087600000, 0x0000000087700000|  0%| F|  |TAMS 0x0000000087600000, 0x0000000087600000| Untracked 
| 119|0x0000000087700000, 0x0000000087700000, 0x0000000087800000|  0%| F|  |TAMS 0x0000000087700000, 0x0000000087700000| Untracked 
| 120|0x0000000087800000, 0x0000000087800000, 0x0000000087900000|  0%| F|  |TAMS 0x0000000087800000, 0x0000000087800000| Untracked 
| 121|0x0000000087900000, 0x0000000087900000, 0x0000000087a00000|  0%| F|  |TAMS 0x0000000087900000, 0x0000000087900000| Untracked 
| 122|0x0000000087a00000, 0x0000000087a00000, 0x0000000087b00000|  0%| F|  |TAMS 0x0000000087a00000, 0x0000000087a00000| Untracked 
| 123|0x0000000087b00000, 0x0000000087b00000, 0x0000000087c00000|  0%| F|  |TAMS 0x0000000087b00000, 0x0000000087b00000| Untracked 
| 124|0x0000000087c00000, 0x0000000087c00000, 0x0000000087d00000|  0%| F|  |TAMS 0x0000000087c00000, 0x0000000087c00000| Untracked 
| 125|0x0000000087d00000, 0x0000000087d00000, 0x0000000087e00000|  0%| F|  |TAMS 0x0000000087d00000, 0x0000000087d00000| Untracked 
| 126|0x0000000087e00000, 0x0000000087e00000, 0x0000000087f00000|  0%| F|  |TAMS 0x0000000087e00000, 0x0000000087e00000| Untracked 
| 127|0x0000000087f00000, 0x0000000087f00000, 0x0000000088000000|  0%| F|  |TAMS 0x0000000087f00000, 0x0000000087f00000| Untracked 
| 128|0x0000000088000000, 0x0000000088000000, 0x0000000088100000|  0%| F|  |TAMS 0x0000000088000000, 0x0000000088000000| Untracked 
| 129|0x0000000088100000, 0x0000000088100000, 0x0000000088200000|  0%| F|  |TAMS 0x0000000088100000, 0x0000000088100000| Untracked 
| 130|0x0000000088200000, 0x0000000088200000, 0x0000000088300000|  0%| F|  |TAMS 0x0000000088200000, 0x0000000088200000| Untracked 
| 131|0x0000000088300000, 0x0000000088300000, 0x0000000088400000|  0%| F|  |TAMS 0x0000000088300000, 0x0000000088300000| Untracked 
| 132|0x0000000088400000, 0x0000000088400000, 0x0000000088500000|  0%| F|  |TAMS 0x0000000088400000, 0x0000000088400000| Untracked 
| 133|0x0000000088500000, 0x0000000088500000, 0x0000000088600000|  0%| F|  |TAMS 0x0000000088500000, 0x0000000088500000| Untracked 
| 134|0x0000000088600000, 0x0000000088600000, 0x0000000088700000|  0%| F|  |TAMS 0x0000000088600000, 0x0000000088600000| Untracked 
| 135|0x0000000088700000, 0x0000000088800000, 0x0000000088800000|100%| S|CS|TAMS 0x0000000088700000, 0x0000000088700000| Complete 
| 136|0x0000000088800000, 0x0000000088900000, 0x0000000088900000|100%| S|CS|TAMS 0x0000000088800000, 0x0000000088800000| Complete 
| 137|0x0000000088900000, 0x0000000088a00000, 0x0000000088a00000|100%| S|CS|TAMS 0x0000000088900000, 0x0000000088900000| Complete 
| 138|0x0000000088a00000, 0x0000000088b00000, 0x0000000088b00000|100%| S|CS|TAMS 0x0000000088a00000, 0x0000000088a00000| Complete 
| 139|0x0000000088b00000, 0x0000000088c00000, 0x0000000088c00000|100%| S|CS|TAMS 0x0000000088b00000, 0x0000000088b00000| Complete 
| 140|0x0000000088c00000, 0x0000000088d00000, 0x0000000088d00000|100%| S|CS|TAMS 0x0000000088c00000, 0x0000000088c00000| Complete 
| 141|0x0000000088d00000, 0x0000000088e00000, 0x0000000088e00000|100%| S|CS|TAMS 0x0000000088d00000, 0x0000000088d00000| Complete 
| 142|0x0000000088e00000, 0x0000000088f00000, 0x0000000088f00000|100%| S|CS|TAMS 0x0000000088e00000, 0x0000000088e00000| Complete 
| 143|0x0000000088f00000, 0x0000000089000000, 0x0000000089000000|100%| S|CS|TAMS 0x0000000088f00000, 0x0000000088f00000| Complete 
| 144|0x0000000089000000, 0x0000000089000000, 0x0000000089100000|  0%| F|  |TAMS 0x0000000089000000, 0x0000000089000000| Untracked 
| 145|0x0000000089100000, 0x0000000089100000, 0x0000000089200000|  0%| F|  |TAMS 0x0000000089100000, 0x0000000089100000| Untracked 
| 146|0x0000000089200000, 0x0000000089200000, 0x0000000089300000|  0%| F|  |TAMS 0x0000000089200000, 0x0000000089200000| Untracked 
| 147|0x0000000089300000, 0x0000000089300000, 0x0000000089400000|  0%| F|  |TAMS 0x0000000089300000, 0x0000000089300000| Untracked 
| 148|0x0000000089400000, 0x0000000089400000, 0x0000000089500000|  0%| F|  |TAMS 0x0000000089400000, 0x0000000089400000| Untracked 
| 149|0x0000000089500000, 0x0000000089500000, 0x0000000089600000|  0%| F|  |TAMS 0x0000000089500000, 0x0000000089500000| Untracked 
| 150|0x0000000089600000, 0x0000000089600000, 0x0000000089700000|  0%| F|  |TAMS 0x0000000089600000, 0x0000000089600000| Untracked 
| 151|0x0000000089700000, 0x0000000089700000, 0x0000000089800000|  0%| F|  |TAMS 0x0000000089700000, 0x0000000089700000| Untracked 
| 152|0x0000000089800000, 0x0000000089800000, 0x0000000089900000|  0%| F|  |TAMS 0x0000000089800000, 0x0000000089800000| Untracked 
| 153|0x0000000089900000, 0x0000000089900000, 0x0000000089a00000|  0%| F|  |TAMS 0x0000000089900000, 0x0000000089900000| Untracked 
| 154|0x0000000089a00000, 0x0000000089a00000, 0x0000000089b00000|  0%| F|  |TAMS 0x0000000089a00000, 0x0000000089a00000| Untracked 
| 155|0x0000000089b00000, 0x0000000089b00000, 0x0000000089c00000|  0%| F|  |TAMS 0x0000000089b00000, 0x0000000089b00000| Untracked 
| 156|0x0000000089c00000, 0x0000000089c00000, 0x0000000089d00000|  0%| F|  |TAMS 0x0000000089c00000, 0x0000000089c00000| Untracked 
| 157|0x0000000089d00000, 0x0000000089d00000, 0x0000000089e00000|  0%| F|  |TAMS 0x0000000089d00000, 0x0000000089d00000| Untracked 
| 158|0x0000000089e00000, 0x0000000089e00000, 0x0000000089f00000|  0%| F|  |TAMS 0x0000000089e00000, 0x0000000089e00000| Untracked 
| 159|0x0000000089f00000, 0x0000000089f00000, 0x000000008a000000|  0%| F|  |TAMS 0x0000000089f00000, 0x0000000089f00000| Untracked 
| 160|0x000000008a000000, 0x000000008a000000, 0x000000008a100000|  0%| F|  |TAMS 0x000000008a000000, 0x000000008a000000| Untracked 
| 161|0x000000008a100000, 0x000000008a100000, 0x000000008a200000|  0%| F|  |TAMS 0x000000008a100000, 0x000000008a100000| Untracked 
| 162|0x000000008a200000, 0x000000008a200000, 0x000000008a300000|  0%| F|  |TAMS 0x000000008a200000, 0x000000008a200000| Untracked 
| 163|0x000000008a300000, 0x000000008a300000, 0x000000008a400000|  0%| F|  |TAMS 0x000000008a300000, 0x000000008a300000| Untracked 
| 164|0x000000008a400000, 0x000000008a400000, 0x000000008a500000|  0%| F|  |TAMS 0x000000008a400000, 0x000000008a400000| Untracked 
| 165|0x000000008a500000, 0x000000008a500000, 0x000000008a600000|  0%| F|  |TAMS 0x000000008a500000, 0x000000008a500000| Untracked 
| 166|0x000000008a600000, 0x000000008a631408, 0x000000008a700000| 19%| E|  |TAMS 0x000000008a600000, 0x000000008a600000| Complete 
| 167|0x000000008a700000, 0x000000008a800000, 0x000000008a800000|100%| E|CS|TAMS 0x000000008a700000, 0x000000008a700000| Complete 
| 168|0x000000008a800000, 0x000000008a900000, 0x000000008a900000|100%| E|CS|TAMS 0x000000008a800000, 0x000000008a800000| Complete 
| 169|0x000000008a900000, 0x000000008aa00000, 0x000000008aa00000|100%| E|CS|TAMS 0x000000008a900000, 0x000000008a900000| Complete 
| 170|0x000000008aa00000, 0x000000008ab00000, 0x000000008ab00000|100%| E|CS|TAMS 0x000000008aa00000, 0x000000008aa00000| Complete 
| 171|0x000000008ab00000, 0x000000008ac00000, 0x000000008ac00000|100%| E|CS|TAMS 0x000000008ab00000, 0x000000008ab00000| Complete 
| 172|0x000000008ac00000, 0x000000008ad00000, 0x000000008ad00000|100%| E|CS|TAMS 0x000000008ac00000, 0x000000008ac00000| Complete 
| 173|0x000000008ad00000, 0x000000008ae00000, 0x000000008ae00000|100%| E|CS|TAMS 0x000000008ad00000, 0x000000008ad00000| Complete 
| 174|0x000000008ae00000, 0x000000008af00000, 0x000000008af00000|100%| E|CS|TAMS 0x000000008ae00000, 0x000000008ae00000| Complete 
| 175|0x000000008af00000, 0x000000008b000000, 0x000000008b000000|100%| E|CS|TAMS 0x000000008af00000, 0x000000008af00000| Complete 
| 176|0x000000008b000000, 0x000000008b100000, 0x000000008b100000|100%| E|CS|TAMS 0x000000008b000000, 0x000000008b000000| Complete 
| 177|0x000000008b100000, 0x000000008b200000, 0x000000008b200000|100%| E|CS|TAMS 0x000000008b100000, 0x000000008b100000| Complete 
| 178|0x000000008b200000, 0x000000008b300000, 0x000000008b300000|100%| E|CS|TAMS 0x000000008b200000, 0x000000008b200000| Complete 
| 179|0x000000008b300000, 0x000000008b400000, 0x000000008b400000|100%| E|CS|TAMS 0x000000008b300000, 0x000000008b300000| Complete 
| 180|0x000000008b400000, 0x000000008b500000, 0x000000008b500000|100%| E|CS|TAMS 0x000000008b400000, 0x000000008b400000| Complete 
| 181|0x000000008b500000, 0x000000008b600000, 0x000000008b600000|100%| E|CS|TAMS 0x000000008b500000, 0x000000008b500000| Complete 
| 182|0x000000008b600000, 0x000000008b700000, 0x000000008b700000|100%| E|  |TAMS 0x000000008b600000, 0x000000008b600000| Complete 
| 183|0x000000008b700000, 0x000000008b800000, 0x000000008b800000|100%| E|CS|TAMS 0x000000008b700000, 0x000000008b700000| Complete 
| 184|0x000000008b800000, 0x000000008b900000, 0x000000008b900000|100%| E|CS|TAMS 0x000000008b800000, 0x000000008b800000| Complete 

Card table byte_map: [0x000001bf7bdd0000,0x000001bf7c1d0000] _byte_map_base: 0x000001bf7b9d0000

Marking Bits (Prev, Next): (CMBitMap*) 0x000001bf760c0e10, (CMBitMap*) 0x000001bf760c0dd8
 Prev Bits: [0x000001bf0f000000, 0x000001bf11000000)
 Next Bits: [0x000001bf7c5d0000, 0x000001bf7e5d0000)

Polling page: 0x000001bf76160000

Metaspace:

Usage:
  Non-class:     76.22 MB capacity,    74.93 MB ( 98%) used,     1.05 MB (  1%) free+waste,   242.88 KB ( <1%) overhead. 
      Class:     11.85 MB capacity,    11.08 MB ( 93%) used,   677.42 KB (  6%) free+waste,   111.25 KB ( <1%) overhead. 
       Both:     88.07 MB capacity,    86.01 MB ( 98%) used,     1.71 MB (  2%) free+waste,   354.13 KB ( <1%) overhead. 

Virtual space:
  Non-class space:       78.00 MB reserved,      76.25 MB ( 98%) committed 
      Class space:        1.00 GB reserved,      11.99 MB (  1%) committed 
             Both:        1.08 GB reserved,      88.24 MB (  8%) committed 

Chunk freelists:
   Non-Class:  31.00 KB
       Class:  28.00 KB
        Both:  59.00 KB

MaxMetaspaceSize: 17179869184.00 GB
CompressedClassSpaceSize: 1.00 GB
Initial GC threshold: 20.80 MB
Current GC threshold: 144.99 MB
CDS: off

CodeHeap 'non-profiled nmethods': size=120064Kb used=5665Kb max_used=5665Kb free=114398Kb
 bounds [0x000001bf07ac0000, 0x000001bf08050000, 0x000001bf0f000000]
CodeHeap 'profiled nmethods': size=120000Kb used=20992Kb max_used=20992Kb free=99008Kb
 bounds [0x000001bf00590000, 0x000001bf01a10000, 0x000001bf07ac0000]
CodeHeap 'non-nmethods': size=5696Kb used=2381Kb max_used=2414Kb free=3314Kb
 bounds [0x000001bf00000000, 0x000001bf00270000, 0x000001bf00590000]
 total_blobs=10788 nmethods=9893 adapters=807
 compilation: enabled
              stopped_count=0, restarted_count=0
 full_count=0

Compilation events (20 events):
Event: 23.614 Thread 0x000001bf7ec45800 nmethod 10015 0x000001bf01a08310 code [0x000001bf01a08520, 0x000001bf01a08858]
Event: 23.616 Thread 0x000001bf7ec45800 10016       2       java.util.stream.ForEachOps$ForEachOp::getOpFlags (15 bytes)
Event: 23.616 Thread 0x000001bf7ec45800 nmethod 10016 0x000001bf01a08a90 code [0x000001bf01a08c40, 0x000001bf01a08d58]
Event: 23.616 Thread 0x000001bf7ec45800 10017       2       java.util.stream.ForEachOps$ForEachOp$OfRef::evaluateSequential (7 bytes)
Event: 23.616 Thread 0x000001bf7ec45800 nmethod 10017 0x000001bf01a08e10 code [0x000001bf01a08fc0, 0x000001bf01a09128]
Event: 23.616 Thread 0x000001bf7ec45800 10018       2       org.gradle.internal.hash.HashCode::toByteArray (11 bytes)
Event: 23.617 Thread 0x000001bf7ec45800 nmethod 10018 0x000001bf01a09210 code [0x000001bf01a093c0, 0x000001bf01a09508]
Event: 23.617 Thread 0x000001bf7ec45800 10019       2       com.esotericsoftware.kryo.io.Output::writeLong (7 bytes)
Event: 23.618 Thread 0x000001bf7ec45800 nmethod 10019 0x000001bf01a09610 code [0x000001bf01a097c0, 0x000001bf01a098c8]
Event: 23.618 Thread 0x000001bf7ec45800 10020       2       org.gradle.cache.internal.btree.FreeListBlockStore::write (16 bytes)
Event: 23.618 Thread 0x000001bf7ec45800 nmethod 10020 0x000001bf01a09990 code [0x000001bf01a09b60, 0x000001bf01a09d08]
Event: 23.618 Thread 0x000001bf7ec45800 10028       2       org.gradle.cache.internal.btree.CachingBlockStore::flush (63 bytes)
Event: 23.618 Thread 0x000001bf7ec45800 nmethod 10028 0x000001bf01a09e90 code [0x000001bf01a0a0a0, 0x000001bf01a0a368]
Event: 23.618 Thread 0x000001bf7ec45800 10021       2       org.gradle.cache.internal.btree.FreeListBlockStore::attach (22 bytes)
Event: 23.619 Thread 0x000001bf7ec45800 nmethod 10021 0x000001bf01a0a510 code [0x000001bf01a0a6e0, 0x000001bf01a0a858]
Event: 23.619 Thread 0x000001bf7ec45800 10022       2       org.gradle.cache.internal.btree.CachingBlockStore::attach (11 bytes)
Event: 23.619 Thread 0x000001bf7ec45800 nmethod 10022 0x000001bf01a0a990 code [0x000001bf01a0ab40, 0x000001bf01a0ac68]
Event: 23.619 Thread 0x000001bf7ec45800 10023       2       org.gradle.cache.internal.btree.FreeListBlockStore$FreeListBlock::alloc (240 bytes)
Event: 23.620 Thread 0x000001bf7ec45800 nmethod 10023 0x000001bf01a0ad10 code [0x000001bf01a0afc0, 0x000001bf01a0b738]
Event: 23.622 Thread 0x000001bf7ec45800 10029       2       org.gradle.internal.io.StreamByteBuffer$StreamByteBufferChunk::writeTo (41 bytes)

GC Heap History (20 events):
Event: 9.376 GC heap before
{Heap before GC invocations=9 (full 0):
 garbage-first heap   total 157696K, used 111570K [0x0000000080000000, 0x0000000100000000)
  region size 1024K, 92 young (94208K), 7 survivors (7168K)
 Metaspace       used 42150K, capacity 43083K, committed 43264K, reserved 1087488K
  class space    used 5427K, capacity 5788K, committed 5888K, reserved 1048576K
}
Event: 9.395 GC heap after
{Heap after GC invocations=10 (full 0):
 garbage-first heap   total 157696K, used 28773K [0x0000000080000000, 0x0000000100000000)
  region size 1024K, 12 young (12288K), 12 survivors (12288K)
 Metaspace       used 42150K, capacity 43083K, committed 43264K, reserved 1087488K
  class space    used 5427K, capacity 5788K, committed 5888K, reserved 1048576K
}
Event: 11.338 GC heap before
{Heap before GC invocations=10 (full 0):
 garbage-first heap   total 157696K, used 111717K [0x0000000080000000, 0x0000000100000000)
  region size 1024K, 92 young (94208K), 12 survivors (12288K)
 Metaspace       used 48084K, capacity 49250K, committed 49408K, reserved 1091584K
  class space    used 6164K, capacity 6606K, committed 6656K, reserved 1048576K
}
Event: 11.359 GC heap after
{Heap after GC invocations=11 (full 0):
 garbage-first heap   total 157696K, used 31255K [0x0000000080000000, 0x0000000100000000)
  region size 1024K, 9 young (9216K), 9 survivors (9216K)
 Metaspace       used 48084K, capacity 49250K, committed 49408K, reserved 1091584K
  class space    used 6164K, capacity 6606K, committed 6656K, reserved 1048576K
}
Event: 13.434 GC heap before
{Heap before GC invocations=11 (full 0):
 garbage-first heap   total 157696K, used 119319K [0x0000000080000000, 0x0000000100000000)
  region size 1024K, 92 young (94208K), 9 survivors (9216K)
 Metaspace       used 57299K, capacity 58639K, committed 58752K, reserved 1099776K
  class space    used 7255K, capacity 7758K, committed 7808K, reserved 1048576K
}
Event: 13.454 GC heap after
{Heap after GC invocations=12 (full 0):
 garbage-first heap   total 157696K, used 44612K [0x0000000080000000, 0x0000000100000000)
  region size 1024K, 12 young (12288K), 12 survivors (12288K)
 Metaspace       used 57299K, capacity 58639K, committed 58752K, reserved 1099776K
  class space    used 7255K, capacity 7758K, committed 7808K, reserved 1048576K
}
Event: 13.631 GC heap before
{Heap before GC invocations=12 (full 0):
 garbage-first heap   total 157696K, used 51780K [0x0000000080000000, 0x0000000100000000)
  region size 1024K, 20 young (20480K), 12 survivors (12288K)
 Metaspace       used 58511K, capacity 59858K, committed 59904K, reserved 1101824K
  class space    used 7384K, capacity 7903K, committed 7936K, reserved 1048576K
}
Event: 13.652 GC heap after
{Heap after GC invocations=13 (full 0):
 garbage-first heap   total 189440K, used 46424K [0x0000000080000000, 0x0000000100000000)
  region size 1024K, 2 young (2048K), 2 survivors (2048K)
 Metaspace       used 58511K, capacity 59858K, committed 59904K, reserved 1101824K
  class space    used 7384K, capacity 7903K, committed 7936K, reserved 1048576K
}
Event: 15.124 GC heap before
{Heap before GC invocations=14 (full 0):
 garbage-first heap   total 189440K, used 118104K [0x0000000080000000, 0x0000000100000000)
  region size 1024K, 72 young (73728K), 2 survivors (2048K)
 Metaspace       used 65741K, capacity 67264K, committed 67576K, reserved 1107968K
  class space    used 8312K, capacity 8890K, committed 8952K, reserved 1048576K
}
Event: 15.136 GC heap after
{Heap after GC invocations=15 (full 0):
 garbage-first heap   total 189440K, used 51475K [0x0000000080000000, 0x0000000100000000)
  region size 1024K, 7 young (7168K), 7 survivors (7168K)
 Metaspace       used 65741K, capacity 67264K, committed 67576K, reserved 1107968K
  class space    used 8312K, capacity 8890K, committed 8952K, reserved 1048576K
}
Event: 17.030 GC heap before
{Heap before GC invocations=16 (full 0):
 garbage-first heap   total 189440K, used 125203K [0x0000000080000000, 0x0000000100000000)
  region size 1024K, 79 young (80896K), 7 survivors (7168K)
 Metaspace       used 70814K, capacity 72439K, committed 72568K, reserved 1112064K
  class space    used 9156K, capacity 9779K, committed 9848K, reserved 1048576K
}
Event: 17.049 GC heap after
{Heap after GC invocations=17 (full 0):
 garbage-first heap   total 189440K, used 56060K [0x0000000080000000, 0x0000000100000000)
  region size 1024K, 6 young (6144K), 6 survivors (6144K)
 Metaspace       used 70814K, capacity 72439K, committed 72568K, reserved 1112064K
  class space    used 9156K, capacity 9779K, committed 9848K, reserved 1048576K
}
Event: 18.739 GC heap before
{Heap before GC invocations=17 (full 0):
 garbage-first heap   total 189440K, used 130812K [0x0000000080000000, 0x0000000100000000)
  region size 1024K, 79 young (80896K), 6 survivors (6144K)
 Metaspace       used 77459K, capacity 79218K, committed 79480K, reserved 1118208K
  class space    used 10125K, capacity 10787K, committed 10872K, reserved 1048576K
}
Event: 18.755 GC heap after
{Heap after GC invocations=18 (full 0):
 garbage-first heap   total 189440K, used 60397K [0x0000000080000000, 0x0000000100000000)
  region size 1024K, 10 young (10240K), 10 survivors (10240K)
 Metaspace       used 77459K, capacity 79218K, committed 79480K, reserved 1118208K
  class space    used 10125K, capacity 10787K, committed 10872K, reserved 1048576K
}
Event: 20.634 GC heap before
{Heap before GC invocations=18 (full 0):
 garbage-first heap   total 189440K, used 135149K [0x0000000080000000, 0x0000000100000000)
  region size 1024K, 84 young (86016K), 10 survivors (10240K)
 Metaspace       used 83948K, capacity 86018K, committed 86264K, reserved 1124352K
  class space    used 10909K, capacity 11701K, committed 11768K, reserved 1048576K
}
Event: 20.660 GC heap after
{Heap after GC invocations=19 (full 0):
 garbage-first heap   total 189440K, used 67161K [0x0000000080000000, 0x0000000100000000)
  region size 1024K, 11 young (11264K), 11 survivors (11264K)
 Metaspace       used 83948K, capacity 86018K, committed 86264K, reserved 1124352K
  class space    used 10909K, capacity 11701K, committed 11768K, reserved 1048576K
}
Event: 22.291 GC heap before
{Heap before GC invocations=19 (full 0):
 garbage-first heap   total 189440K, used 141913K [0x0000000080000000, 0x0000000100000000)
  region size 1024K, 83 young (84992K), 11 survivors (11264K)
 Metaspace       used 86022K, capacity 88114K, committed 88312K, reserved 1126400K
  class space    used 11137K, capacity 11948K, committed 12024K, reserved 1048576K
}
Event: 22.328 GC heap after
{Heap after GC invocations=20 (full 0):
 garbage-first heap   total 189440K, used 83149K [0x0000000080000000, 0x0000000100000000)
  region size 1024K, 11 young (11264K), 11 survivors (11264K)
 Metaspace       used 86022K, capacity 88114K, committed 88312K, reserved 1126400K
  class space    used 11137K, capacity 11948K, committed 12024K, reserved 1048576K
}
Event: 23.042 GC heap before
{Heap before GC invocations=20 (full 0):
 garbage-first heap   total 189440K, used 134349K [0x0000000080000000, 0x0000000100000000)
  region size 1024K, 52 young (53248K), 11 survivors (11264K)
 Metaspace       used 86299K, capacity 88389K, committed 88568K, reserved 1126400K
  class space    used 11154K, capacity 11952K, committed 12024K, reserved 1048576K
}
Event: 23.074 GC heap after
{Heap after GC invocations=21 (full 0):
 garbage-first heap   total 189440K, used 95232K [0x0000000080000000, 0x0000000100000000)
  region size 1024K, 9 young (9216K), 9 survivors (9216K)
 Metaspace       used 86299K, capacity 88389K, committed 88568K, reserved 1126400K
  class space    used 11154K, capacity 11952K, committed 12024K, reserved 1048576K
}

Deoptimization events (20 events):
Event: 23.514 Thread 0x000001bf13ebf000 DEOPT PACKING pc=0x000001bf00b4ee16 sp=0x0000002955cf7210
Event: 23.514 Thread 0x000001bf13ebf000 DEOPT UNPACKING pc=0x000001bf0004a95e sp=0x0000002955cf6728 mode 0
Event: 23.531 Thread 0x000001bf13ebf000 Uncommon trap: trap_request=0xffffffc6 fr.pc=0x000001bf0803c2e0 relative=0x0000000000000aa0
Event: 23.531 Thread 0x000001bf13ebf000 Uncommon trap: reason=bimorphic_or_optimized_type_check action=maybe_recompile pc=0x000001bf0803c2e0 method=org.apache.xerces.dom.ParentNode.internalInsertBefore(Lorg/w3c/dom/Node;Lorg/w3c/dom/Node;Z)Lorg/w3c/dom/Node; @ 555 c2
Event: 23.531 Thread 0x000001bf13ebf000 DEOPT PACKING pc=0x000001bf0803c2e0 sp=0x0000002955cf6f20
Event: 23.531 Thread 0x000001bf13ebf000 DEOPT UNPACKING pc=0x000001bf0004a1af sp=0x0000002955cf6eb8 mode 2
Event: 23.568 Thread 0x000001bf13ebf000 Uncommon trap: trap_request=0xffffffc6 fr.pc=0x000001bf0803c2e0 relative=0x0000000000000aa0
Event: 23.568 Thread 0x000001bf13ebf000 Uncommon trap: reason=bimorphic_or_optimized_type_check action=maybe_recompile pc=0x000001bf0803c2e0 method=org.apache.xerces.dom.ParentNode.internalInsertBefore(Lorg/w3c/dom/Node;Lorg/w3c/dom/Node;Z)Lorg/w3c/dom/Node; @ 555 c2
Event: 23.568 Thread 0x000001bf13ebf000 DEOPT PACKING pc=0x000001bf0803c2e0 sp=0x0000002955cf7200
Event: 23.568 Thread 0x000001bf13ebf000 DEOPT UNPACKING pc=0x000001bf0004a1af sp=0x0000002955cf7198 mode 2
Event: 23.584 Thread 0x000001bf13ebf000 DEOPT PACKING pc=0x000001bf01470fba sp=0x0000002955cf81a0
Event: 23.584 Thread 0x000001bf13ebf000 DEOPT UNPACKING pc=0x000001bf0004a95e sp=0x0000002955cf76e8 mode 0
Event: 23.612 Thread 0x000001bf17c15000 Uncommon trap: trap_request=0xffffff4d fr.pc=0x000001bf07d4a214 relative=0x0000000000000234
Event: 23.612 Thread 0x000001bf17c15000 Uncommon trap: reason=unstable_if action=reinterpret pc=0x000001bf07d4a214 method=com.esotericsoftware.kryo.io.Output.writeString(Ljava/lang/CharSequence;)V @ 50 c2
Event: 23.612 Thread 0x000001bf17c15000 DEOPT PACKING pc=0x000001bf07d4a214 sp=0x000000295a2fdfc0
Event: 23.612 Thread 0x000001bf17c15000 DEOPT UNPACKING pc=0x000001bf0004a1af sp=0x000000295a2fdf40 mode 2
Event: 23.617 Thread 0x000001bf17c15000 Uncommon trap: trap_request=0xffffff7e fr.pc=0x000001bf07f7f7c8 relative=0x0000000000000188
Event: 23.617 Thread 0x000001bf17c15000 Uncommon trap: reason=predicate action=maybe_recompile pc=0x000001bf07f7f7c8 method=java.util.Collections.indexedBinarySearch(Ljava/util/List;Ljava/lang/Object;)I @ 13 c2
Event: 23.617 Thread 0x000001bf17c15000 DEOPT PACKING pc=0x000001bf07f7f7c8 sp=0x000000295a2fe2e0
Event: 23.617 Thread 0x000001bf17c15000 DEOPT UNPACKING pc=0x000001bf0004a1af sp=0x000000295a2fe270 mode 2

Classes redefined (0 events):
No events

Internal exceptions (20 events):
Event: 19.713 Thread 0x000001bf1687c000 Exception <a 'java/lang/NoSuchMethodError'{0x0000000088f66e58}: <clinit>> (0x0000000088f66e58) thrown at [./src/hotspot/share/prims/jni.cpp, line 1365]
Event: 19.717 Thread 0x000001bf1687c000 Exception <a 'java/lang/NoSuchMethodError'{0x0000000088f7b878}: <clinit>> (0x0000000088f7b878) thrown at [./src/hotspot/share/prims/jni.cpp, line 1365]
Event: 19.727 Thread 0x000001bf1687c000 Exception <a 'java/lang/NoSuchMethodError'{0x0000000088e0f650}: <clinit>> (0x0000000088e0f650) thrown at [./src/hotspot/share/prims/jni.cpp, line 1365]
Event: 19.741 Thread 0x000001bf14802000 Exception <a 'java/lang/NoSuchMethodError'{0x0000000088e72820}: <clinit>> (0x0000000088e72820) thrown at [./src/hotspot/share/prims/jni.cpp, line 1365]
Event: 19.746 Thread 0x000001bf13ebf000 Exception <a 'java/lang/NoSuchMethodError'{0x0000000088fe6468}: 'java.lang.Object java.lang.invoke.DirectMethodHandle$Holder.invokeInterface(java.lang.Object, java.lang.Object, int)'> (0x0000000088fe6468) thrown at [./src/hotspot/share/interpreter/linkResolver.cpp, line 773]
Event: 19.750 Thread 0x000001bf13ebf000 Exception <a 'java/lang/NoSuchMethodError'{0x0000000088ffb960}: 'void java.lang.invoke.DirectMethodHandle$Holder.invokeStatic(java.lang.Object, java.lang.Object, java.lang.Object, int)'> (0x0000000088ffb960) thrown at [./src/hotspot/share/interpreter/linkResolver.cpp, line 773]
Event: 19.813 Thread 0x000001bf13ebf000 Implicit null exception at 0x000001bf07d78377 to 0x000001bf07d78510
Event: 19.826 Thread 0x000001bf13ebf000 Exception <a 'java/lang/IncompatibleClassChangeError'{0x0000000088b60270}: Found class java.lang.Object, but interface was expected> (0x0000000088b60270) thrown at [./src/hotspot/share/interpreter/linkResolver.cpp, line 839]
Event: 19.888 Thread 0x000001bf13ebf000 Exception <a 'java/lang/NoSuchMethodError'{0x00000000889f5d60}: 'int java.lang.invoke.DirectMethodHandle$Holder.invokeStaticInit(java.lang.Object, java.lang.Object, java.lang.Object, java.lang.Object, java.lang.Object)'> (0x00000000889f5d60) thrown at [./src/hotspot/share/interpreter/linkResolver.cpp, line 773]
Event: 20.259 Thread 0x000001bf17c19800 Exception <a 'java/lang/NoSuchMethodError'{0x00000000880a3558}: 'void java.lang.invoke.DirectMethodHandle$Holder.invokeStatic(java.lang.Object, java.lang.Object, java.lang.Object, java.lang.Object, int, java.lang.Object, java.lang.Object)'> (0x00000000880a3558) thrown at [./src/hotspot/share/interpreter/linkResolver.cpp, line 773]
Event: 20.307 Thread 0x000001bf16880800 Exception <a 'java/lang/NoSuchMethodError'{0x0000000087cf1820}: 'java.lang.Object java.lang.invoke.DirectMethodHandle$Holder.invokeSpecialIFC(java.lang.Object, java.lang.Object, java.lang.Object)'> (0x0000000087cf1820) thrown at [./src/hotspot/share/interpreter/linkResolver.cpp, line 773]
Event: 20.307 Thread 0x000001bf17fa8800 Exception <a 'java/lang/NoSuchMethodError'{0x0000000087b476a8}: 'java.lang.Object java.lang.invoke.DirectMethodHandle$Holder.invokeSpecialIFC(java.lang.Object, java.lang.Object, java.lang.Object)'> (0x0000000087b476a8) thrown at [./src/hotspot/share/interpreter/linkResolver.cpp, line 773]
Event: 20.308 Thread 0x000001bf15135000 Exception <a 'java/lang/NoSuchMethodError'{0x0000000087b5ccb0}: 'java.lang.Object java.lang.invoke.DirectMethodHandle$Holder.invokeSpecialIFC(java.lang.Object, java.lang.Object, java.lang.Object)'> (0x0000000087b5ccb0) thrown at [./src/hotspot/share/interpreter/linkResolver.cpp, line 773]
Event: 21.561 Thread 0x000001bf17c19800 Exception <a 'java/lang/NoSuchMethodError'{0x0000000089496138}: 'void java.lang.invoke.DirectMethodHandle$Holder.invokeVirtual(java.lang.Object, java.lang.Object)'> (0x0000000089496138) thrown at [./src/hotspot/share/interpreter/linkResolver.cpp, line 773]
Event: 23.185 Thread 0x000001bf17c19800 Exception <a 'java/lang/NoSuchMethodError'{0x000000008b6156e0}: <clinit>> (0x000000008b6156e0) thrown at [./src/hotspot/share/prims/jni.cpp, line 1365]
Event: 23.255 Thread 0x000001bf17c19800 Exception <a 'java/lang/NoSuchMethodError'{0x000000008b5653d8}: <clinit>> (0x000000008b5653d8) thrown at [./src/hotspot/share/prims/jni.cpp, line 1365]
Event: 23.276 Thread 0x000001bf17c19800 Exception <a 'java/lang/NoSuchMethodError'{0x000000008b422150}: <clinit>> (0x000000008b422150) thrown at [./src/hotspot/share/prims/jni.cpp, line 1365]
Event: 23.503 Thread 0x000001bf13ebf000 Implicit null exception at 0x000001bf08025a57 to 0x000001bf08025f0c
Event: 23.503 Thread 0x000001bf13ebf000 Implicit null exception at 0x000001bf0804354f to 0x000001bf08043a74
Event: 23.607 Thread 0x000001bf13ebf000 Exception <a 'java/lang/NoSuchMethodError'{0x000000008a9ea350}: 'java.lang.Object java.lang.invoke.DirectMethodHandle$Holder.newInvokeSpecial(java.lang.Object, java.lang.Object, java.lang.Object, java.lang.Object)'> (0x000000008a9ea350) thrown at [./src/hotspot/share/interpreter/linkResolver.cpp, line 773]

Events (20 events):
Event: 23.614 loading class org/gradle/internal/execution/history/impl/FileSystemSnapshotSerializer$1 done
Event: 23.615 loading class org/gradle/internal/execution/history/impl/FileSystemSnapshotSerializer$1$1
Event: 23.615 loading class org/gradle/internal/execution/history/impl/FileSystemSnapshotSerializer$1$1 done
Event: 23.615 loading class com/ctc/wstx/sr/Element
Event: 23.615 loading class com/ctc/wstx/sr/Element done
Event: 23.615 loading class com/ctc/wstx/sr/Attribute
Event: 23.615 loading class com/ctc/wstx/sr/Attribute done
Event: 23.619 loading class com/ctc/wstx/compat/QNameCreator
Event: 23.619 loading class com/ctc/wstx/compat/QNameCreator done
Event: 23.619 loading class com/ctc/wstx/compat/QNameCreator$Helper
Event: 23.619 loading class com/ctc/wstx/compat/QNameCreator$Helper done
Event: 23.620 Executing VM operation: RevokeBias
Event: 23.620 Executing VM operation: RevokeBias done
Event: 23.621 loading class com/ctc/wstx/evt/CompactStartElement
Event: 23.621 loading class com/ctc/wstx/evt/CompactStartElement done
Event: 23.621 loading class com/ctc/wstx/evt/BaseStartElement
Event: 23.621 loading class com/ctc/wstx/evt/BaseStartElement done
Event: 23.622 loading class com/ctc/wstx/sr/ElemAttrs
Event: 23.622 loading class com/ctc/wstx/sr/ElemAttrs done
Event: 23.622 loading class javax/xml/stream/events/StartElement


Dynamic libraries:
0x00007ff78a3c0000 - 0x00007ff78a3ca000 	C:\Program Files\Android\Android Studio\jre\bin\java.exe
0x00007ffdbee50000 - 0x00007ffdbf048000 	C:\WINDOWS\SYSTEM32\ntdll.dll
0x00007ffdbe9a0000 - 0x00007ffdbea5d000 	C:\WINDOWS\System32\KERNEL32.DLL
0x00007ffdbcbe0000 - 0x00007ffdbceae000 	C:\WINDOWS\System32\KERNELBASE.dll
0x00007ffdbca20000 - 0x00007ffdbcb20000 	C:\WINDOWS\System32\ucrtbase.dll
0x00007ffdb7390000 - 0x00007ffdb73a9000 	C:\Program Files\Android\Android Studio\jre\bin\jli.dll
0x00007ffdbd050000 - 0x00007ffdbd1f0000 	C:\WINDOWS\System32\USER32.dll
0x00007ffdbcbb0000 - 0x00007ffdbcbd2000 	C:\WINDOWS\System32\win32u.dll
0x00007ffdbe810000 - 0x00007ffdbe83a000 	C:\WINDOWS\System32\GDI32.dll
0x00007ffdbc800000 - 0x00007ffdbc90b000 	C:\WINDOWS\System32\gdi32full.dll
0x00007ffdbc910000 - 0x00007ffdbc9ad000 	C:\WINDOWS\System32\msvcp_win.dll
0x00007ffdad5d0000 - 0x00007ffdad5e7000 	C:\Program Files\Android\Android Studio\jre\bin\VCRUNTIME140.dll
0x00007ffdaca20000 - 0x00007ffdaccba000 	C:\WINDOWS\WinSxS\amd64_microsoft.windows.common-controls_6595b64144ccf1df_6.0.19041.1110_none_60b5254171f9507e\COMCTL32.dll
0x00007ffdbe400000 - 0x00007ffdbe49e000 	C:\WINDOWS\System32\msvcrt.dll
0x00007ffdbe960000 - 0x00007ffdbe990000 	C:\WINDOWS\System32\IMM32.DLL
0x00007ffd54aa0000 - 0x00007ffd54b3d000 	C:\Program Files\Android\Android Studio\jre\bin\msvcp140.dll
0x00007ffd3cca0000 - 0x00007ffd3d785000 	C:\Program Files\Android\Android Studio\jre\bin\server\jvm.dll
0x00007ffdbe840000 - 0x00007ffdbe8ee000 	C:\WINDOWS\System32\ADVAPI32.dll
0x00007ffdbe710000 - 0x00007ffdbe7ac000 	C:\WINDOWS\System32\sechost.dll
0x00007ffdbec10000 - 0x00007ffdbed35000 	C:\WINDOWS\System32\RPCRT4.dll
0x00007ffdbe990000 - 0x00007ffdbe998000 	C:\WINDOWS\System32\PSAPI.DLL
0x00007ffd972c0000 - 0x00007ffd972c9000 	C:\WINDOWS\SYSTEM32\WSOCK32.dll
0x00007ffdbe8f0000 - 0x00007ffdbe95b000 	C:\WINDOWS\System32\WS2_32.dll
0x00007ffdac860000 - 0x00007ffdac887000 	C:\WINDOWS\SYSTEM32\WINMM.dll
0x00007ffdb3670000 - 0x00007ffdb367a000 	C:\WINDOWS\SYSTEM32\VERSION.dll
0x00007ffdbadf0000 - 0x00007ffdbae02000 	C:\WINDOWS\SYSTEM32\kernel.appcore.dll
0x00007ffd97c60000 - 0x00007ffd97c71000 	C:\Program Files\Android\Android Studio\jre\bin\verify.dll
0x00007ffda0390000 - 0x00007ffda0574000 	C:\WINDOWS\SYSTEM32\DBGHELP.DLL
0x00007ffda0220000 - 0x00007ffda024c000 	C:\WINDOWS\SYSTEM32\dbgcore.DLL
0x00007ffdbcb20000 - 0x00007ffdbcba2000 	C:\WINDOWS\System32\bcryptPrimitives.dll
0x00007ffd965d0000 - 0x00007ffd965f9000 	C:\Program Files\Android\Android Studio\jre\bin\java.dll
0x00007ffda0990000 - 0x00007ffda099b000 	C:\Program Files\Android\Android Studio\jre\bin\jimage.dll
0x00007ffd97b60000 - 0x00007ffd97b78000 	C:\Program Files\Android\Android Studio\jre\bin\zip.dll
0x00007ffdbd8e0000 - 0x00007ffdbe023000 	C:\WINDOWS\System32\SHELL32.dll
0x00007ffdba590000 - 0x00007ffdbad25000 	C:\WINDOWS\SYSTEM32\windows.storage.dll
0x00007ffdbe0a0000 - 0x00007ffdbe3f4000 	C:\WINDOWS\System32\combase.dll
0x00007ffdbbfd0000 - 0x00007ffdbc000000 	C:\WINDOWS\SYSTEM32\Wldp.dll
0x00007ffdbe4a0000 - 0x00007ffdbe54d000 	C:\WINDOWS\System32\SHCORE.dll
0x00007ffdbe7b0000 - 0x00007ffdbe805000 	C:\WINDOWS\System32\shlwapi.dll
0x00007ffdbc4b0000 - 0x00007ffdbc4cf000 	C:\WINDOWS\SYSTEM32\profapi.dll
0x00007ffd97850000 - 0x00007ffd9786a000 	C:\Program Files\Android\Android Studio\jre\bin\net.dll
0x00007ffdad320000 - 0x00007ffdad42a000 	C:\WINDOWS\SYSTEM32\WINHTTP.dll
0x00007ffdbbd30000 - 0x00007ffdbbd9a000 	C:\WINDOWS\system32\mswsock.dll
0x00007ffd95c40000 - 0x00007ffd95c54000 	C:\Program Files\Android\Android Studio\jre\bin\nio.dll
0x00007ffda08d0000 - 0x00007ffda08f7000 	C:\Users\Nada Said\.gradle\native\e1d6ef7f7dcc3fd88c89a11ec53ec762bb8ba0a96d01ffa2cd45eb1d1d8dd5c5\windows-amd64\native-platform.dll
0x00007ffd42360000 - 0x00007ffd424a4000 	C:\Users\Nada Said\.gradle\native\5664cfc778a61ccfe75a443a1ab52a65af34e5dc3c78e0209fed803814484fcb\windows-amd64\native-platform-file-events.dll
0x00007ffd985e0000 - 0x00007ffd985ea000 	C:\Program Files\Android\Android Studio\jre\bin\management.dll
0x00007ffd98280000 - 0x00007ffd9828d000 	C:\Program Files\Android\Android Studio\jre\bin\management_ext.dll
0x00007ffdbbf30000 - 0x00007ffdbbf48000 	C:\WINDOWS\SYSTEM32\CRYPTSP.dll
0x00007ffdbb640000 - 0x00007ffdbb674000 	C:\WINDOWS\system32\rsaenh.dll
0x00007ffdbc620000 - 0x00007ffdbc647000 	C:\WINDOWS\System32\bcrypt.dll
0x00007ffdbc430000 - 0x00007ffdbc45e000 	C:\WINDOWS\SYSTEM32\USERENV.dll
0x00007ffdbbf20000 - 0x00007ffdbbf2c000 	C:\WINDOWS\SYSTEM32\CRYPTBASE.dll
0x00007ffdbb9d0000 - 0x00007ffdbba0b000 	C:\WINDOWS\SYSTEM32\IPHLPAPI.DLL
0x00007ffdbe030000 - 0x00007ffdbe038000 	C:\WINDOWS\System32\NSI.dll
0x00007ffdb3260000 - 0x00007ffdb3277000 	C:\WINDOWS\SYSTEM32\dhcpcsvc6.DLL
0x00007ffdb3e80000 - 0x00007ffdb3e9d000 	C:\WINDOWS\SYSTEM32\dhcpcsvc.DLL
0x00007ffdbba20000 - 0x00007ffdbbaea000 	C:\WINDOWS\SYSTEM32\DNSAPI.dll
0x00007ffdbb270000 - 0x00007ffdbb2a3000 	C:\WINDOWS\SYSTEM32\ntmarta.dll

dbghelp: loaded successfully - version: 4.0.5 - missing functions: none
symbol engine: initialized successfully - sym options: 0x614 - pdb path: .;C:\Program Files\Android\Android Studio\jre\bin;C:\WINDOWS\SYSTEM32;C:\WINDOWS\WinSxS\amd64_microsoft.windows.common-controls_6595b64144ccf1df_6.0.19041.1110_none_60b5254171f9507e;C:\Program Files\Android\Android Studio\jre\bin\server;C:\Users\Nada Said\.gradle\native\e1d6ef7f7dcc3fd88c89a11ec53ec762bb8ba0a96d01ffa2cd45eb1d1d8dd5c5\windows-amd64;C:\Users\Nada Said\.gradle\native\5664cfc778a61ccfe75a443a1ab52a65af34e5dc3c78e0209fed803814484fcb\windows-amd64

VM Arguments:
jvm_args: --add-opens=java.base/java.util=ALL-UNNAMED --add-opens=java.base/java.lang=ALL-UNNAMED --add-opens=java.base/java.lang.invoke=ALL-UNNAMED --add-opens=java.base/java.util=ALL-UNNAMED --add-opens=java.prefs/java.util.prefs=ALL-UNNAMED --add-opens=java.prefs/java.util.prefs=ALL-UNNAMED --add-opens=java.base/java.nio.charset=ALL-UNNAMED --add-opens=java.base/java.net=ALL-UNNAMED --add-opens=java.base/java.util.concurrent.atomic=ALL-UNNAMED -Xmx2048m -Dfile.encoding=UTF-8 -Duser.country=US -Duser.language=en -Duser.variant 
java_command: org.gradle.launcher.daemon.bootstrap.GradleDaemon 7.3.3
java_class_path (initial): C:\Users\Nada Said\.gradle\wrapper\dists\gradle-7.3.3-bin\6a41zxkdtcxs8rphpq6y0069z\gradle-7.3.3\lib\gradle-launcher-7.3.3.jar
Launcher Type: SUN_STANDARD

[Global flags]
     intx CICompilerCount                          = 3                                         {product} {ergonomic}
     uint ConcGCThreads                            = 1                                         {product} {ergonomic}
     uint G1ConcRefinementThreads                  = 4                                         {product} {ergonomic}
   size_t G1HeapRegionSize                         = 1048576                                   {product} {ergonomic}
    uintx GCDrainStackTargetSize                   = 64                                        {product} {ergonomic}
   size_t InitialHeapSize                          = 134217728                                 {product} {ergonomic}
   size_t MarkStackSize                            = 4194304                                   {product} {ergonomic}
   size_t MaxHeapSize                              = 2147483648                                {product} {command line}
   size_t MaxNewSize                               = 1287651328                                {product} {ergonomic}
   size_t MinHeapDeltaBytes                        = 1048576                                   {product} {ergonomic}
    uintx NonNMethodCodeHeapSize                   = 5830732                                {pd product} {ergonomic}
    uintx NonProfiledCodeHeapSize                  = 122913754                              {pd product} {ergonomic}
    uintx ProfiledCodeHeapSize                     = 122913754                              {pd product} {ergonomic}
    uintx ReservedCodeCacheSize                    = 251658240                              {pd product} {ergonomic}
     bool SegmentedCodeCache                       = true                                      {product} {ergonomic}
     bool UseCompressedClassPointers               = true                                 {lp64_product} {ergonomic}
     bool UseCompressedOops                        = true                                 {lp64_product} {ergonomic}
     bool UseG1GC                                  = true                                      {product} {ergonomic}
     bool UseLargePagesIndividualAllocation        = false                                  {pd product} {ergonomic}

Logging:
Log output configuration:
 #0: stdout all=warning uptime,level,tags
 #1: stderr all=off uptime,level,tags

Environment Variables:
JAVA_HOME=C:\Program Files\Java\jdk-17.0.1
PATH=C:\Program Files\Microsoft\jdk-11.0.12.7-hotspot\bin;C:\Program Files (x86)\NVIDIA Corporation\PhysX\Common;C:\Oracle\Middleware\Oracle_FRHome1\bin;C:\Program Files\Common Files\Oracle\Java\javapath;C:\app\NadaSaid\product\11.2.0\dbhome_1\bin;C:\ProgramData\Oracle\Java\javapath;C:\WINDOWS\system32;C:\WINDOWS;C:\WINDOWS\System32\Wbem;C:\WINDOWS\System32\WindowsPowerShell\v1.0\;C:\WINDOWS\System32\OpenSSH\;C:\Program Files\Git\cmd;C:\Program Files\Java\jdk-17.0.1\bin;C:\Oracle\Middleware\Oracle_FRHome1\opmn\bin;C:\Oracle\Middleware\Oracle_FRHome1\opmn\lib;C:\Oracle\Middleware\Oracle_FRHome1\perl\bin;C:\Program Files\Microsoft SQL Server\Client SDK\ODBC\110\Tools\Binn\;C:\Program Files (x86)\Microsoft SQL Server\120\Tools\Binn\;C:\Program Files\Microsoft SQL Server\120\Tools\Binn\;C:\Program Files\Microsoft SQL Server\120\DTS\Binn\;C:\Program Files (x86)\Windows Kits\8.1\Windows Performance Toolkit\;C:\Program Files\dotnet\;C:\Users\Nada Said\AppData\Local\Programs\Python\Python37\Scripts\;C:\Users\Nada Said\AppData\Local\Programs\Python\Python37\;C:\Python37\Scripts\;C:\Python37\;C:\Users\Nada Said\AppData\Local\Microsoft\WindowsApps;C:\Users\Nada Said\AppData\Local\Programs\Microsoft VS Code\bin;C:\Program Files\JetBrains\IntelliJ IDEA Community Edition 2021.2.3\bin;;C:\Users\Nada Said\.dotnet\tools;C:\Users\Nada Said\AppData\Local\GitHubDesktop\bin;C:\Dart\dart-sdk\bin;
USERNAME=Nada Said
LD_LIBRARY_PATH=C:\Oracle\Middleware\Oracle_FRHome1\lib
OS=Windows_NT
PROCESSOR_IDENTIFIER=Intel64 Family 6 Model 61 Stepping 4, GenuineIntel



---------------  S Y S T E M  ---------------

OS: Windows 10 , 64 bit Build 19041 (10.0.19041.1889)
OS uptime: 2 days 20:48 hours

CPU:total 4 (initial active 4) (2 cores per cpu, 2 threads per core) family 6 model 61 stepping 4 microcode 0x2d, cmov, cx8, fxsr, mmx, sse, sse2, sse3, ssse3, sse4.1, sse4.2, popcnt, avx, avx2, aes, clmul, erms, rtm, 3dnowpref, lzcnt, ht, tsc, tscinvbit, bmi1, bmi2, adx, fma

Memory: 4k page, system-wide physical 8067M (1025M free)
TotalPageFile size 11125M (AvailPageFile size 7M)
current process WorkingSet (physical memory assigned to process): 447M, peak: 449M
current process commit charge ("private bytes"): 476M, peak: 479M

vm_info: OpenJDK 64-Bit Server VM (11.0.12+7-b1504.28-7817840) for windows-amd64 JRE (11.0.12+7-b1504.28-7817840), built on Oct 13 2021 22:12:33 by "builder" with MS VC++ 14.0 (VS2015)

END.
