#
# There is insufficient memory for the Java Runtime Environment to continue.
# Native memory allocation (mmap) failed to map 89128960 bytes for Failed to commit area from 0x0000000094100000 to 0x0000000099600000 of length 89128960.
# Possible reasons:
#   The system is out of physical RAM or swap space
#   The process is running with CompressedOops enabled, and the Java Heap may be blocking the growth of the native heap
# Possible solutions:
#   Reduce memory load on the system
#   Increase physical memory or swap space
#   Check if swap backing store is full
#   Decrease Java heap size (-Xmx/-Xms)
#   Decrease number of Java threads
#   Decrease Java thread stack sizes (-Xss)
#   Set larger code cache with -XX:ReservedCodeCacheSize=
#   JVM is running with Unscaled Compressed Oops mode in which the Java heap is
#     placed in the first 4GB address space. The Java Heap base address is the
#     maximum limit for the native heap growth. Please use -XX:HeapBaseMinAddress
#     to set the Java Heap base and to place the Java Heap above 4GB virtual address.
# This output file may be truncated or incomplete.
#
#  Out of Memory Error (./src/hotspot/os/windows/os_windows.cpp:3521), pid=4996, tid=14764
#
# JRE version: OpenJDK Runtime Environment (11.0.12+7) (build 11.0.12+7-b1504.28-7817840)
# Java VM: OpenJDK 64-Bit Server VM (11.0.12+7-b1504.28-7817840, mixed mode, tiered, compressed oops, g1 gc, windows-amd64)
# No core dump will be written. Minidumps are not enabled by default on client versions of Windows
#

---------------  S U M M A R Y ------------

Command Line: --add-opens=java.base/java.util=ALL-UNNAMED --add-opens=java.base/java.lang=ALL-UNNAMED --add-opens=java.base/java.lang.invoke=ALL-UNNAMED --add-opens=java.base/java.util=ALL-UNNAMED --add-opens=java.prefs/java.util.prefs=ALL-UNNAMED --add-opens=java.prefs/java.util.prefs=ALL-UNNAMED --add-opens=java.base/java.nio.charset=ALL-UNNAMED --add-opens=java.base/java.net=ALL-UNNAMED --add-opens=java.base/java.util.concurrent.atomic=ALL-UNNAMED -Xmx2048m -Dfile.encoding=UTF-8 -Duser.country=US -Duser.language=en -Duser.variant org.gradle.launcher.daemon.bootstrap.GradleDaemon 7.3.3

Host: Intel(R) Core(TM) i5-5300U CPU @ 2.30GHz, 4 cores, 7G,  Windows 10 , 64 bit Build 19041 (10.0.19041.1889)
Time: Sun Oct  2 17:28:39 2022 Egypt Standard Time elapsed time: 36.988963 seconds (0d 0h 0m 36s)

---------------  T H R E A D  ---------------

Current thread (0x000001c8ff61a000):  VMThread "VM Thread" [stack: 0x000000aad3400000,0x000000aad3500000] [id=14764]

Stack: [0x000000aad3400000,0x000000aad3500000]
[error occurred during error reporting (printing stack bounds), id 0xc0000005, EXCEPTION_ACCESS_VIOLATION (0xc0000005) at pc=0x000001c8e953112d]

Native frames: (J=compiled Java code, j=interpreted, Vv=VM code, C=native code)
V  [jvm.dll+0x5fbcea]
V  [jvm.dll+0x731905]
V  [jvm.dll+0x732f1d]
V  [jvm.dll+0x733535]
V  [jvm.dll+0x7334eb]
V  [jvm.dll+0x5fb080]
V  [jvm.dll+0x5fb818]
C  [ntdll.dll+0xa235f]
C  [ntdll.dll+0x514a4]
C  [ntdll.dll+0xa0e8e]
C  0x000001c8e953112d

VM_Operation (0x000000aad95fe090): G1CollectForAllocation, mode: safepoint, requested by thread 0x000001c888e53800


---------------  P R O C E S S  ---------------

Threads class SMR info:
_java_thread_list=0x000001c888def4c0, length=97, elements={
0x000001c8e5a26000, 0x000001c8ff620800, 0x000001c8ff624000, 0x000001c880042800,
0x000001c8ff63f800, 0x000001c8ff646000, 0x000001c8ff64a800, 0x000001c8ff64c800,
0x000001c8ff652800, 0x000001c880183800, 0x000001c880255000, 0x000001c8822ce800,
0x000001c882696000, 0x000001c8824bb000, 0x000001c8829a8800, 0x000001c8823ac800,
0x000001c8823ad800, 0x000001c882d17800, 0x000001c882034000, 0x000001c882a1c000,
0x000001c882a1d000, 0x000001c882a21000, 0x000001c882a22000, 0x000001c882a22800,
0x000001c882a1e000, 0x000001c882a1e800, 0x000001c882a1f800, 0x000001c882a20000,
0x000001c88528f000, 0x000001c88528c800, 0x000001c88528d800, 0x000001c88528f800,
0x000001c885290800, 0x000001c88528b800, 0x000001c88528e000, 0x000001c885297000,
0x000001c885296000, 0x000001c885295800, 0x000001c885294800, 0x000001c885294000,
0x000001c885293000, 0x000001c885298000, 0x000001c885292000, 0x000001c885298800,
0x000001c885299800, 0x000001c885504000, 0x000001c885506800, 0x000001c885506000,
0x000001c885503800, 0x000001c885502800, 0x000001c885507800, 0x000001c885501800,
0x000001c885508000, 0x000001c885509000, 0x000001c88550a000, 0x000001c88550a800,
0x000001c885505000, 0x000001c88550f800, 0x000001c885510800, 0x000001c88550b800,
0x000001c88550c800, 0x000001c88550f000, 0x000001c88550d000, 0x000001c88550e000,
0x000001c885e3d000, 0x000001c885e3a800, 0x000001c885e38800, 0x000001c885e3a000,
0x000001c885e3f000, 0x000001c885e39000, 0x000001c885e3e000, 0x000001c885e3f800,
0x000001c885e40800, 0x000001c885e3b800, 0x000001c885e41800, 0x000001c885e42000,
0x000001c885e3c800, 0x000001c885e44800, 0x000001c885e45800, 0x000001c885e47000,
0x000001c885e43800, 0x000001c888e48000, 0x000001c888e4b000, 0x000001c888e48800,
0x000001c888e46800, 0x000001c888e4d000, 0x000001c888e49800, 0x000001c888e47000,
0x000001c888e4d800, 0x000001c888e4c000, 0x000001c888e4e800, 0x000001c888e4f800,
0x000001c888e4a800, 0x000001c888e53800, 0x000001c888e52800, 0x000001c888e51800,
0x000001c888e50000
}

Java Threads: ( => current thread )
  0x000001c8e5a26000 JavaThread "main" [_thread_blocked, id=8500, stack(0x000000aad2e00000,0x000000aad2f00000)]
  0x000001c8ff620800 JavaThread "Reference Handler" daemon [_thread_blocked, id=17752, stack(0x000000aad3500000,0x000000aad3600000)]
  0x000001c8ff624000 JavaThread "Finalizer" daemon [_thread_blocked, id=9544, stack(0x000000aad3600000,0x000000aad3700000)]
  0x000001c880042800 JavaThread "Signal Dispatcher" daemon [_thread_blocked, id=16888, stack(0x000000aad3700000,0x000000aad3800000)]
  0x000001c8ff63f800 JavaThread "Attach Listener" daemon [_thread_blocked, id=896, stack(0x000000aad3800000,0x000000aad3900000)]
  0x000001c8ff646000 JavaThread "Service Thread" daemon [_thread_blocked, id=4160, stack(0x000000aad3900000,0x000000aad3a00000)]
  0x000001c8ff64a800 JavaThread "C2 CompilerThread0" daemon [_thread_in_native, id=6348, stack(0x000000aad3a00000,0x000000aad3b00000)]
  0x000001c8ff64c800 JavaThread "C1 CompilerThread0" daemon [_thread_blocked, id=4392, stack(0x000000aad3b00000,0x000000aad3c00000)]
  0x000001c8ff652800 JavaThread "Sweeper thread" daemon [_thread_blocked, id=8036, stack(0x000000aad3c00000,0x000000aad3d00000)]
  0x000001c880183800 JavaThread "Common-Cleaner" daemon [_thread_blocked, id=3968, stack(0x000000aad3d00000,0x000000aad3e00000)]
  0x000001c880255000 JavaThread "C2 CompilerThread1" daemon [_thread_blocked, id=14824, stack(0x000000aad3f00000,0x000000aad4000000)]
  0x000001c8822ce800 JavaThread "Daemon health stats" [_thread_blocked, id=9960, stack(0x000000aad4200000,0x000000aad4300000)]
  0x000001c882696000 JavaThread "Incoming local TCP Connector on port 64898" [_thread_in_native, id=8776, stack(0x000000aad4300000,0x000000aad4400000)]
  0x000001c8824bb000 JavaThread "Daemon periodic checks" [_thread_blocked, id=2076, stack(0x000000aad4400000,0x000000aad4500000)]
  0x000001c8829a8800 JavaThread "Daemon" [_thread_blocked, id=17716, stack(0x000000aad4500000,0x000000aad4600000)]
  0x000001c8823ac800 JavaThread "Handler for socket connection from /127.0.0.1:64898 to /127.0.0.1:64899" [_thread_in_native, id=14440, stack(0x000000aad4600000,0x000000aad4700000)]
  0x000001c8823ad800 JavaThread "Cancel handler" [_thread_blocked, id=14212, stack(0x000000aad4700000,0x000000aad4800000)]
  0x000001c882d17800 JavaThread "Daemon worker" [_thread_blocked, id=16164, stack(0x000000aad4800000,0x000000aad4900000)]
  0x000001c882034000 JavaThread "Asynchronous log dispatcher for DefaultDaemonConnection: socket connection from /127.0.0.1:64898 to /127.0.0.1:64899" [_thread_blocked, id=4232, stack(0x000000aad4900000,0x000000aad4a00000)]
  0x000001c882a1c000 JavaThread "Stdin handler" [_thread_blocked, id=228, stack(0x000000aad4a00000,0x000000aad4b00000)]
  0x000001c882a1d000 JavaThread "Daemon client event forwarder" [_thread_blocked, id=13200, stack(0x000000aad4b00000,0x000000aad4c00000)]
  0x000001c882a21000 JavaThread "Cache worker for journal cache (C:\Users\Nada Said\.gradle\caches\journal-1)" [_thread_blocked, id=14180, stack(0x000000aad4d00000,0x000000aad4e00000)]
  0x000001c882a22000 JavaThread "File lock request listener" [_thread_in_native, id=1952, stack(0x000000aad4e00000,0x000000aad4f00000)]
  0x000001c882a22800 JavaThread "Cache worker for file hash cache (C:\Users\Nada Said\.gradle\caches\7.3.3\fileHashes)" [_thread_blocked, id=10800, stack(0x000000aad4f00000,0x000000aad5000000)]
  0x000001c882a1e000 JavaThread "Cache worker for file hash cache (D:\AndroidProject\EcommerceApp\.gradle\7.3.3\fileHashes)" [_thread_blocked, id=8288, stack(0x000000aad5000000,0x000000aad5100000)]
  0x000001c882a1e800 JavaThread "File watcher server" daemon [_thread_blocked, id=10872, stack(0x000000aad5100000,0x000000aad5200000)]
  0x000001c882a1f800 JavaThread "File watcher consumer" daemon [_thread_blocked, id=12932, stack(0x000000aad5200000,0x000000aad5300000)]
  0x000001c882a20000 JavaThread "Cache worker for checksums cache (D:\AndroidProject\EcommerceApp\.gradle\7.3.3\checksums)" [_thread_blocked, id=10344, stack(0x000000aad5300000,0x000000aad5400000)]
  0x000001c88528f000 JavaThread "Cache worker for cache directory md-supplier (C:\Users\Nada Said\.gradle\caches\7.3.3\md-supplier)" [_thread_blocked, id=14288, stack(0x000000aad5400000,0x000000aad5500000)]
  0x000001c88528c800 JavaThread "Cache worker for cache directory md-rule (C:\Users\Nada Said\.gradle\caches\7.3.3\md-rule)" [_thread_blocked, id=11556, stack(0x000000aad5500000,0x000000aad5600000)]
  0x000001c88528d800 JavaThread "Cache worker for execution history cache (C:\Users\Nada Said\.gradle\caches\7.3.3\executionHistory)" [_thread_blocked, id=11716, stack(0x000000aad5600000,0x000000aad5700000)]
  0x000001c88528f800 JavaThread "jar transforms" [_thread_blocked, id=17144, stack(0x000000aad5700000,0x000000aad5800000)]
  0x000001c885290800 JavaThread "Cache worker for file content cache (C:\Users\Nada Said\.gradle\caches\7.3.3\fileContent)" [_thread_blocked, id=9432, stack(0x000000aad5800000,0x000000aad5900000)]
  0x000001c88528b800 JavaThread "jar transforms Thread 2" [_thread_blocked, id=18256, stack(0x000000aad5900000,0x000000aad5a00000)]
  0x000001c88528e000 JavaThread "Cache worker for dependencies-accessors (D:\AndroidProject\EcommerceApp\.gradle\7.3.3\dependencies-accessors)" [_thread_blocked, id=7476, stack(0x000000aad5a00000,0x000000aad5b00000)]
  0x000001c885297000 JavaThread "jar transforms Thread 3" [_thread_blocked, id=18260, stack(0x000000aad5b00000,0x000000aad5c00000)]
  0x000001c885296000 JavaThread "Cache worker for Build Output Cleanup Cache (D:\AndroidProject\EcommerceApp\.gradle\buildOutputCleanup)" [_thread_blocked, id=5320, stack(0x000000aad5c00000,0x000000aad5d00000)]
  0x000001c885295800 JavaThread "Unconstrained build operations" [_thread_blocked, id=7900, stack(0x000000aad5d00000,0x000000aad5e00000)]
  0x000001c885294800 JavaThread "Unconstrained build operations Thread 2" [_thread_blocked, id=13072, stack(0x000000aad5e00000,0x000000aad5f00000)]
  0x000001c885294000 JavaThread "Unconstrained build operations Thread 3" [_thread_blocked, id=13844, stack(0x000000aad5f00000,0x000000aad6000000)]
  0x000001c885293000 JavaThread "Unconstrained build operations Thread 4" [_thread_blocked, id=16876, stack(0x000000aad6000000,0x000000aad6100000)]
  0x000001c885298000 JavaThread "Unconstrained build operations Thread 5" [_thread_blocked, id=12508, stack(0x000000aad6100000,0x000000aad6200000)]
  0x000001c885292000 JavaThread "Unconstrained build operations Thread 6" [_thread_blocked, id=14140, stack(0x000000aad6200000,0x000000aad6300000)]
  0x000001c885298800 JavaThread "Unconstrained build operations Thread 7" [_thread_blocked, id=10096, stack(0x000000aad6300000,0x000000aad6400000)]
  0x000001c885299800 JavaThread "Unconstrained build operations Thread 8" [_thread_blocked, id=2368, stack(0x000000aad6400000,0x000000aad6500000)]
  0x000001c885504000 JavaThread "Unconstrained build operations Thread 9" [_thread_blocked, id=12968, stack(0x000000aad6500000,0x000000aad6600000)]
  0x000001c885506800 JavaThread "Unconstrained build operations Thread 10" [_thread_blocked, id=10476, stack(0x000000aad6600000,0x000000aad6700000)]
  0x000001c885506000 JavaThread "Unconstrained build operations Thread 11" [_thread_blocked, id=5268, stack(0x000000aad6700000,0x000000aad6800000)]
  0x000001c885503800 JavaThread "Unconstrained build operations Thread 12" [_thread_blocked, id=428, stack(0x000000aad6800000,0x000000aad6900000)]
  0x000001c885502800 JavaThread "Unconstrained build operations Thread 13" [_thread_blocked, id=18044, stack(0x000000aad6900000,0x000000aad6a00000)]
  0x000001c885507800 JavaThread "Unconstrained build operations Thread 14" [_thread_blocked, id=6736, stack(0x000000aad6a00000,0x000000aad6b00000)]
  0x000001c885501800 JavaThread "Unconstrained build operations Thread 15" [_thread_blocked, id=17780, stack(0x000000aad6b00000,0x000000aad6c00000)]
  0x000001c885508000 JavaThread "Unconstrained build operations Thread 16" [_thread_blocked, id=17384, stack(0x000000aad6c00000,0x000000aad6d00000)]
  0x000001c885509000 JavaThread "Unconstrained build operations Thread 17" [_thread_blocked, id=15768, stack(0x000000aad6d00000,0x000000aad6e00000)]
  0x000001c88550a000 JavaThread "Unconstrained build operations Thread 18" [_thread_blocked, id=13332, stack(0x000000aad6e00000,0x000000aad6f00000)]
  0x000001c88550a800 JavaThread "Unconstrained build operations Thread 19" [_thread_blocked, id=11236, stack(0x000000aad6f00000,0x000000aad7000000)]
  0x000001c885505000 JavaThread "Unconstrained build operations Thread 20" [_thread_blocked, id=2536, stack(0x000000aad7000000,0x000000aad7100000)]
  0x000001c88550f800 JavaThread "Unconstrained build operations Thread 21" [_thread_blocked, id=18236, stack(0x000000aad7100000,0x000000aad7200000)]
  0x000001c885510800 JavaThread "Unconstrained build operations Thread 22" [_thread_blocked, id=3644, stack(0x000000aad7200000,0x000000aad7300000)]
  0x000001c88550b800 JavaThread "Unconstrained build operations Thread 23" [_thread_blocked, id=18104, stack(0x000000aad7300000,0x000000aad7400000)]
  0x000001c88550c800 JavaThread "Unconstrained build operations Thread 24" [_thread_blocked, id=13248, stack(0x000000aad7400000,0x000000aad7500000)]
  0x000001c88550f000 JavaThread "Unconstrained build operations Thread 25" [_thread_blocked, id=14320, stack(0x000000aad7500000,0x000000aad7600000)]
  0x000001c88550d000 JavaThread "Unconstrained build operations Thread 26" [_thread_blocked, id=16488, stack(0x000000aad7600000,0x000000aad7700000)]
  0x000001c88550e000 JavaThread "Unconstrained build operations Thread 27" [_thread_blocked, id=10460, stack(0x000000aad7700000,0x000000aad7800000)]
  0x000001c885e3d000 JavaThread "Unconstrained build operations Thread 28" [_thread_blocked, id=17880, stack(0x000000aad7800000,0x000000aad7900000)]
  0x000001c885e3a800 JavaThread "Unconstrained build operations Thread 29" [_thread_blocked, id=9820, stack(0x000000aad7900000,0x000000aad7a00000)]
  0x000001c885e38800 JavaThread "Unconstrained build operations Thread 30" [_thread_blocked, id=15584, stack(0x000000aad7a00000,0x000000aad7b00000)]
  0x000001c885e3a000 JavaThread "Unconstrained build operations Thread 31" [_thread_blocked, id=1496, stack(0x000000aad7b00000,0x000000aad7c00000)]
  0x000001c885e3f000 JavaThread "Unconstrained build operations Thread 32" [_thread_blocked, id=9564, stack(0x000000aad7c00000,0x000000aad7d00000)]
  0x000001c885e39000 JavaThread "Unconstrained build operations Thread 33" [_thread_blocked, id=16312, stack(0x000000aad7d00000,0x000000aad7e00000)]
  0x000001c885e3e000 JavaThread "Unconstrained build operations Thread 34" [_thread_blocked, id=3508, stack(0x000000aad7e00000,0x000000aad7f00000)]
  0x000001c885e3f800 JavaThread "Unconstrained build operations Thread 35" [_thread_blocked, id=13640, stack(0x000000aad7f00000,0x000000aad8000000)]
  0x000001c885e40800 JavaThread "Unconstrained build operations Thread 36" [_thread_blocked, id=6116, stack(0x000000aad8000000,0x000000aad8100000)]
  0x000001c885e3b800 JavaThread "Unconstrained build operations Thread 37" [_thread_blocked, id=15920, stack(0x000000aad8100000,0x000000aad8200000)]
  0x000001c885e41800 JavaThread "Unconstrained build operations Thread 38" [_thread_blocked, id=2748, stack(0x000000aad8200000,0x000000aad8300000)]
  0x000001c885e42000 JavaThread "Unconstrained build operations Thread 39" [_thread_blocked, id=10744, stack(0x000000aad8300000,0x000000aad8400000)]
  0x000001c885e3c800 JavaThread "Unconstrained build operations Thread 40" [_thread_blocked, id=12264, stack(0x000000aad8400000,0x000000aad8500000)]
  0x000001c885e44800 JavaThread "jar transforms Thread 4" [_thread_blocked, id=15588, stack(0x000000aad8500000,0x000000aad8600000)]
  0x000001c885e45800 JavaThread "Memory manager" [_thread_blocked, id=2064, stack(0x000000aad8600000,0x000000aad8700000)]
  0x000001c885e47000 JavaThread "build event listener" [_thread_blocked, id=17292, stack(0x000000aad8700000,0x000000aad8800000)]
  0x000001c885e43800 JavaThread "pool-3-thread-1" [_thread_blocked, id=16080, stack(0x000000aad8800000,0x000000aad8900000)]
  0x000001c888e48000 JavaThread "build event listener" [_thread_blocked, id=5232, stack(0x000000aad8900000,0x000000aad8a00000)]
  0x000001c888e4b000 JavaThread "Execution worker for ':'" [_thread_blocked, id=11768, stack(0x000000aad8a00000,0x000000aad8b00000)]
  0x000001c888e48800 JavaThread "Execution worker for ':' Thread 2" [_thread_blocked, id=15476, stack(0x000000aad8b00000,0x000000aad8c00000)]
  0x000001c888e46800 JavaThread "Execution worker for ':' Thread 3" [_thread_blocked, id=9504, stack(0x000000aad8c00000,0x000000aad8d00000)]
  0x000001c888e4d000 JavaThread "Cache worker for execution history cache (D:\AndroidProject\EcommerceApp\.gradle\7.3.3\executionHistory)" [_thread_blocked, id=9560, stack(0x000000aad8d00000,0x000000aad8e00000)]
  0x000001c888e49800 JavaThread "WorkerExecutor Queue" [_thread_blocked, id=10768, stack(0x000000aad8e00000,0x000000aad8f00000)]
  0x000001c888e47000 JavaThread "WorkerExecutor Queue Thread 2" [_thread_blocked, id=1160, stack(0x000000aad8f00000,0x000000aad9000000)]
  0x000001c888e4d800 JavaThread "WorkerExecutor Queue Thread 3" [_thread_blocked, id=13384, stack(0x000000aad9000000,0x000000aad9100000)]
  0x000001c888e4c000 JavaThread "WorkerExecutor Queue Thread 4" [_thread_blocked, id=8584, stack(0x000000aad9100000,0x000000aad9200000)]
  0x000001c888e4e800 JavaThread "pool-4-thread-1" [_thread_blocked, id=15168, stack(0x000000aad9200000,0x000000aad9300000)]
  0x000001c888e4f800 JavaThread "stderr" [_thread_in_native, id=9376, stack(0x000000aad9300000,0x000000aad9400000)]
  0x000001c888e4a800 JavaThread "stdout" [_thread_in_native, id=13492, stack(0x000000aad9400000,0x000000aad9500000)]
  0x000001c888e53800 JavaThread "ForkJoinPool-1-worker-3" daemon [_thread_blocked, id=17388, stack(0x000000aad9500000,0x000000aad9600000)]
  0x000001c888e52800 JavaThread "ForkJoinPool-1-worker-5" daemon [_thread_blocked, id=7408, stack(0x000000aad9600000,0x000000aad9700000)]
  0x000001c888e51800 JavaThread "ForkJoinPool-1-worker-7" daemon [_thread_blocked, id=11108, stack(0x000000aad9700000,0x000000aad9800000)]
  0x000001c888e50000 JavaThread "ForkJoinPool-1-worker-1" daemon [_thread_blocked, id=7604, stack(0x000000aad9800000,0x000000aad9900000)]

Other Threads:
=>0x000001c8ff61a000 VMThread "VM Thread" [stack: 0x000000aad3400000,0x000000aad3500000] [id=14764]
  0x000001c8801a3000 WatcherThread [stack: 0x000000aad3e00000,0x000000aad3f00000] [id=11868]
  0x000001c8e5a38800 GCTaskThread "GC Thread#0" [stack: 0x000000aad2f00000,0x000000aad3000000] [id=1344]
  0x000001c880490000 GCTaskThread "GC Thread#1" [stack: 0x000000aad4000000,0x000000aad4100000] [id=3888]
  0x000001c880a4d800 GCTaskThread "GC Thread#2" [stack: 0x000000aad4100000,0x000000aad4200000] [id=13216]
  0x000001c8826b1000 GCTaskThread "GC Thread#3" [stack: 0x000000aad4c00000,0x000000aad4d00000] [id=10164]
  0x000001c8e5a6b000 ConcurrentGCThread "G1 Main Marker" [stack: 0x000000aad3000000,0x000000aad3100000] [id=13776]
  0x000001c8e5a6c000 ConcurrentGCThread "G1 Conc#0" [stack: 0x000000aad3100000,0x000000aad3200000] [id=11820]
  0x000001c8e5af8800 ConcurrentGCThread "G1 Refine#0" [stack: 0x000000aad3200000,0x000000aad3300000] [id=17260]
  0x000001c8894d8800 ConcurrentGCThread "G1 Refine#1" [stack: 0x000000aad9900000,0x000000aad9a00000] [id=5772]
  0x000001c8894d9800 ConcurrentGCThread "G1 Refine#2" [stack: 0x000000aad9a00000,0x000000aad9b00000] [id=9428]
  0x000001c8894d7000 ConcurrentGCThread "G1 Refine#3" [stack: 0x000000aad9d00000,0x000000aad9e00000] [id=16508]
  0x000001c8e5af9800 ConcurrentGCThread "G1 Young RemSet Sampling" [stack: 0x000000aad3300000,0x000000aad3400000] [id=12684]

Threads with active compile tasks:
C2 CompilerThread0  37014 13306       4       com.android.tools.r8.internal.o2::a (68 bytes)
C2 CompilerThread1  37014 13307 %     4       com.android.tools.r8.internal.cu::a @ 31 (3751 bytes)

VM state:at safepoint (normal execution)

VM Mutex/Monitor currently owned by a thread:  ([mutex/lock_event])
[0x000001c8e5a21eb0] Threads_lock - owner thread: 0x000001c8ff61a000
[0x000001c8e5a21250] Heap_lock - owner thread: 0x000001c888e53800

Heap address: 0x0000000080000000, size: 2048 MB, Compressed Oops mode: 32-bit
Narrow klass base: 0x0000000000000000, Narrow klass shift: 3
Compressed class space size: 1073741824 Address: 0x0000000100000000

Heap:
 garbage-first heap   total 415744K, used 205786K [0x0000000080000000, 0x0000000100000000)
  region size 1024K, 2 young (2048K), 2 survivors (2048K)
 Metaspace       used 99317K, capacity 101856K, committed 101964K, reserved 1136640K
  class space    used 12945K, capacity 13925K, committed 13952K, reserved 1048576K
Heap Regions: E=young(eden), S=young(survivor), O=old, HS=humongous(starts), HC=humongous(continues), CS=collection set, F=free, A=archive, TAMS=top-at-mark-start (previous, next)
|   0|0x0000000080000000, 0x0000000080100000, 0x0000000080100000|100%|HS|  |TAMS 0x0000000080100000, 0x0000000080100000| Complete 
|   1|0x0000000080100000, 0x0000000080200000, 0x0000000080200000|100%|HC|  |TAMS 0x0000000080200000, 0x0000000080200000| Complete 
|   2|0x0000000080200000, 0x0000000080300000, 0x0000000080300000|100%|HC|  |TAMS 0x0000000080300000, 0x0000000080300000| Complete 
|   3|0x0000000080300000, 0x0000000080400000, 0x0000000080400000|100%| O|  |TAMS 0x0000000080400000, 0x0000000080400000| Untracked 
|   4|0x0000000080400000, 0x0000000080500000, 0x0000000080500000|100%| O|  |TAMS 0x0000000080500000, 0x0000000080500000| Untracked 
|   5|0x0000000080500000, 0x0000000080600000, 0x0000000080600000|100%| O|  |TAMS 0x0000000080600000, 0x0000000080600000| Untracked 
|   6|0x0000000080600000, 0x0000000080700000, 0x0000000080700000|100%| O|  |TAMS 0x0000000080700000, 0x0000000080700000| Untracked 
|   7|0x0000000080700000, 0x0000000080800000, 0x0000000080800000|100%| O|  |TAMS 0x0000000080800000, 0x0000000080800000| Untracked 
|   8|0x0000000080800000, 0x0000000080900000, 0x0000000080900000|100%| O|  |TAMS 0x0000000080900000, 0x0000000080900000| Untracked 
|   9|0x0000000080900000, 0x0000000080a00000, 0x0000000080a00000|100%| O|  |TAMS 0x0000000080a00000, 0x0000000080a00000| Untracked 
|  10|0x0000000080a00000, 0x0000000080b00000, 0x0000000080b00000|100%| O|  |TAMS 0x0000000080b00000, 0x0000000080b00000| Untracked 
|  11|0x0000000080b00000, 0x0000000080c00000, 0x0000000080c00000|100%| O|  |TAMS 0x0000000080c00000, 0x0000000080c00000| Untracked 
|  12|0x0000000080c00000, 0x0000000080d00000, 0x0000000080d00000|100%| O|  |TAMS 0x0000000080d00000, 0x0000000080d00000| Untracked 
|  13|0x0000000080d00000, 0x0000000080e00000, 0x0000000080e00000|100%| O|  |TAMS 0x0000000080e00000, 0x0000000080e00000| Untracked 
|  14|0x0000000080e00000, 0x0000000080f00000, 0x0000000080f00000|100%| O|  |TAMS 0x0000000080f00000, 0x0000000080f00000| Untracked 
|  15|0x0000000080f00000, 0x0000000081000000, 0x0000000081000000|100%| O|  |TAMS 0x0000000081000000, 0x0000000081000000| Untracked 
|  16|0x0000000081000000, 0x0000000081100000, 0x0000000081100000|100%|HS|  |TAMS 0x0000000081100000, 0x0000000081100000| Complete 
|  17|0x0000000081100000, 0x0000000081200000, 0x0000000081200000|100%| O|  |TAMS 0x0000000081200000, 0x0000000081200000| Untracked 
|  18|0x0000000081200000, 0x0000000081300000, 0x0000000081300000|100%| O|  |TAMS 0x0000000081300000, 0x0000000081300000| Untracked 
|  19|0x0000000081300000, 0x0000000081400000, 0x0000000081400000|100%| O|  |TAMS 0x0000000081400000, 0x0000000081400000| Untracked 
|  20|0x0000000081400000, 0x0000000081500000, 0x0000000081500000|100%| O|  |TAMS 0x0000000081500000, 0x0000000081500000| Untracked 
|  21|0x0000000081500000, 0x0000000081600000, 0x0000000081600000|100%| O|  |TAMS 0x0000000081600000, 0x0000000081600000| Untracked 
|  22|0x0000000081600000, 0x0000000081700000, 0x0000000081700000|100%| O|  |TAMS 0x0000000081700000, 0x0000000081700000| Untracked 
|  23|0x0000000081700000, 0x0000000081800000, 0x0000000081800000|100%| O|  |TAMS 0x0000000081800000, 0x0000000081800000| Untracked 
|  24|0x0000000081800000, 0x0000000081900000, 0x0000000081900000|100%| O|  |TAMS 0x0000000081900000, 0x0000000081900000| Untracked 
|  25|0x0000000081900000, 0x0000000081a00000, 0x0000000081a00000|100%| O|  |TAMS 0x0000000081a00000, 0x0000000081a00000| Untracked 
|  26|0x0000000081a00000, 0x0000000081b00000, 0x0000000081b00000|100%| O|  |TAMS 0x0000000081b00000, 0x0000000081b00000| Untracked 
|  27|0x0000000081b00000, 0x0000000081c00000, 0x0000000081c00000|100%| O|  |TAMS 0x0000000081c00000, 0x0000000081c00000| Untracked 
|  28|0x0000000081c00000, 0x0000000081d00000, 0x0000000081d00000|100%|HS|  |TAMS 0x0000000081d00000, 0x0000000081d00000| Complete 
|  29|0x0000000081d00000, 0x0000000081e00000, 0x0000000081e00000|100%|HS|  |TAMS 0x0000000081e00000, 0x0000000081e00000| Complete 
|  30|0x0000000081e00000, 0x0000000081f00000, 0x0000000081f00000|100%|HC|  |TAMS 0x0000000081f00000, 0x0000000081f00000| Complete 
|  31|0x0000000081f00000, 0x0000000081f00000, 0x0000000082000000|  0%| F|  |TAMS 0x0000000081f00000, 0x0000000081f00000| Untracked 
|  32|0x0000000082000000, 0x0000000082100000, 0x0000000082100000|100%| O|  |TAMS 0x0000000082100000, 0x0000000082100000| Untracked 
|  33|0x0000000082100000, 0x0000000082200000, 0x0000000082200000|100%| O|  |TAMS 0x0000000082200000, 0x0000000082200000| Untracked 
|  34|0x0000000082200000, 0x0000000082300000, 0x0000000082300000|100%| O|  |TAMS 0x0000000082300000, 0x0000000082300000| Untracked 
|  35|0x0000000082300000, 0x0000000082400000, 0x0000000082400000|100%| O|  |TAMS 0x0000000082400000, 0x0000000082400000| Untracked 
|  36|0x0000000082400000, 0x0000000082500000, 0x0000000082500000|100%| O|  |TAMS 0x0000000082500000, 0x0000000082500000| Untracked 
|  37|0x0000000082500000, 0x0000000082600000, 0x0000000082600000|100%| O|  |TAMS 0x0000000082600000, 0x0000000082600000| Untracked 
|  38|0x0000000082600000, 0x0000000082700000, 0x0000000082700000|100%| O|  |TAMS 0x0000000082700000, 0x0000000082700000| Untracked 
|  39|0x0000000082700000, 0x0000000082800000, 0x0000000082800000|100%| O|  |TAMS 0x0000000082800000, 0x0000000082800000| Untracked 
|  40|0x0000000082800000, 0x0000000082900000, 0x0000000082900000|100%| O|  |TAMS 0x0000000082900000, 0x0000000082900000| Untracked 
|  41|0x0000000082900000, 0x0000000082a00000, 0x0000000082a00000|100%| O|  |TAMS 0x0000000082a00000, 0x0000000082a00000| Untracked 
|  42|0x0000000082a00000, 0x0000000082b00000, 0x0000000082b00000|100%| O|  |TAMS 0x0000000082b00000, 0x0000000082b00000| Untracked 
|  43|0x0000000082b00000, 0x0000000082c00000, 0x0000000082c00000|100%| O|  |TAMS 0x0000000082c00000, 0x0000000082c00000| Untracked 
|  44|0x0000000082c00000, 0x0000000082d00000, 0x0000000082d00000|100%| O|  |TAMS 0x0000000082d00000, 0x0000000082d00000| Untracked 
|  45|0x0000000082d00000, 0x0000000082e00000, 0x0000000082e00000|100%| O|  |TAMS 0x0000000082e00000, 0x0000000082e00000| Untracked 
|  46|0x0000000082e00000, 0x0000000082f00000, 0x0000000082f00000|100%| O|  |TAMS 0x0000000082f00000, 0x0000000082f00000| Untracked 
|  47|0x0000000082f00000, 0x0000000083000000, 0x0000000083000000|100%| O|  |TAMS 0x0000000083000000, 0x0000000083000000| Untracked 
|  48|0x0000000083000000, 0x0000000083100000, 0x0000000083100000|100%| O|  |TAMS 0x0000000083100000, 0x0000000083100000| Untracked 
|  49|0x0000000083100000, 0x0000000083200000, 0x0000000083200000|100%| O|  |TAMS 0x0000000083200000, 0x0000000083200000| Untracked 
|  50|0x0000000083200000, 0x0000000083300000, 0x0000000083300000|100%| O|  |TAMS 0x0000000083300000, 0x0000000083300000| Untracked 
|  51|0x0000000083300000, 0x0000000083400000, 0x0000000083400000|100%| O|  |TAMS 0x0000000083400000, 0x0000000083400000| Untracked 
|  52|0x0000000083400000, 0x0000000083500000, 0x0000000083500000|100%| O|  |TAMS 0x0000000083500000, 0x0000000083500000| Untracked 
|  53|0x0000000083500000, 0x0000000083600000, 0x0000000083600000|100%| O|  |TAMS 0x0000000083600000, 0x0000000083600000| Untracked 
|  54|0x0000000083600000, 0x0000000083700000, 0x0000000083700000|100%| O|  |TAMS 0x0000000083700000, 0x0000000083700000| Untracked 
|  55|0x0000000083700000, 0x0000000083800000, 0x0000000083800000|100%| O|  |TAMS 0x0000000083800000, 0x0000000083800000| Untracked 
|  56|0x0000000083800000, 0x0000000083900000, 0x0000000083900000|100%| O|  |TAMS 0x0000000083900000, 0x0000000083900000| Untracked 
|  57|0x0000000083900000, 0x0000000083a00000, 0x0000000083a00000|100%| O|  |TAMS 0x0000000083a00000, 0x0000000083a00000| Untracked 
|  58|0x0000000083a00000, 0x0000000083b00000, 0x0000000083b00000|100%| O|  |TAMS 0x0000000083b00000, 0x0000000083b00000| Untracked 
|  59|0x0000000083b00000, 0x0000000083c00000, 0x0000000083c00000|100%| O|  |TAMS 0x0000000083c00000, 0x0000000083c00000| Untracked 
|  60|0x0000000083c00000, 0x0000000083d00000, 0x0000000083d00000|100%| O|  |TAMS 0x0000000083d00000, 0x0000000083d00000| Untracked 
|  61|0x0000000083d00000, 0x0000000083e00000, 0x0000000083e00000|100%| O|  |TAMS 0x0000000083e00000, 0x0000000083e00000| Untracked 
|  62|0x0000000083e00000, 0x0000000083f00000, 0x0000000083f00000|100%| O|  |TAMS 0x0000000083f00000, 0x0000000083f00000| Untracked 
|  63|0x0000000083f00000, 0x0000000084000000, 0x0000000084000000|100%| O|  |TAMS 0x0000000084000000, 0x0000000084000000| Untracked 
|  64|0x0000000084000000, 0x0000000084100000, 0x0000000084100000|100%| O|  |TAMS 0x0000000084100000, 0x0000000084100000| Untracked 
|  65|0x0000000084100000, 0x0000000084200000, 0x0000000084200000|100%| O|  |TAMS 0x0000000084200000, 0x0000000084200000| Untracked 
|  66|0x0000000084200000, 0x0000000084300000, 0x0000000084300000|100%| O|  |TAMS 0x0000000084300000, 0x0000000084300000| Untracked 
|  67|0x0000000084300000, 0x0000000084400000, 0x0000000084400000|100%|HS|  |TAMS 0x0000000084400000, 0x0000000084400000| Complete 
|  68|0x0000000084400000, 0x0000000084500000, 0x0000000084500000|100%|HC|  |TAMS 0x0000000084500000, 0x0000000084500000| Complete 
|  69|0x0000000084500000, 0x0000000084600000, 0x0000000084600000|100%|HS|  |TAMS 0x0000000084600000, 0x0000000084600000| Complete 
|  70|0x0000000084600000, 0x0000000084700000, 0x0000000084700000|100%|HS|  |TAMS 0x0000000084700000, 0x0000000084700000| Complete 
|  71|0x0000000084700000, 0x0000000084800000, 0x0000000084800000|100%|HS|  |TAMS 0x0000000084800000, 0x0000000084800000| Complete 
|  72|0x0000000084800000, 0x0000000084900000, 0x0000000084900000|100%|HS|  |TAMS 0x0000000084900000, 0x0000000084900000| Complete 
|  73|0x0000000084900000, 0x0000000084a00000, 0x0000000084a00000|100%|HC|  |TAMS 0x0000000084a00000, 0x0000000084a00000| Complete 
|  74|0x0000000084a00000, 0x0000000084b00000, 0x0000000084b00000|100%|HS|  |TAMS 0x0000000084b00000, 0x0000000084b00000| Complete 
|  75|0x0000000084b00000, 0x0000000084c00000, 0x0000000084c00000|100%|HC|  |TAMS 0x0000000084c00000, 0x0000000084c00000| Complete 
|  76|0x0000000084c00000, 0x0000000084d00000, 0x0000000084d00000|100%|HS|  |TAMS 0x0000000084d00000, 0x0000000084d00000| Complete 
|  77|0x0000000084d00000, 0x0000000084e00000, 0x0000000084e00000|100%|HC|  |TAMS 0x0000000084e00000, 0x0000000084e00000| Complete 
|  78|0x0000000084e00000, 0x0000000084f00000, 0x0000000084f00000|100%|HC|  |TAMS 0x0000000084f00000, 0x0000000084f00000| Complete 
|  79|0x0000000084f00000, 0x0000000085000000, 0x0000000085000000|100%|HS|  |TAMS 0x0000000085000000, 0x0000000085000000| Complete 
|  80|0x0000000085000000, 0x0000000085100000, 0x0000000085100000|100%| O|  |TAMS 0x0000000085100000, 0x0000000085100000| Untracked 
|  81|0x0000000085100000, 0x0000000085200000, 0x0000000085200000|100%| O|  |TAMS 0x0000000085200000, 0x0000000085200000| Untracked 
|  82|0x0000000085200000, 0x0000000085300000, 0x0000000085300000|100%| O|  |TAMS 0x0000000085300000, 0x0000000085300000| Untracked 
|  83|0x0000000085300000, 0x0000000085400000, 0x0000000085400000|100%| O|  |TAMS 0x0000000085400000, 0x0000000085400000| Untracked 
|  84|0x0000000085400000, 0x0000000085500000, 0x0000000085500000|100%| O|  |TAMS 0x0000000085500000, 0x0000000085500000| Untracked 
|  85|0x0000000085500000, 0x0000000085600000, 0x0000000085600000|100%| O|  |TAMS 0x0000000085600000, 0x0000000085600000| Untracked 
|  86|0x0000000085600000, 0x0000000085700000, 0x0000000085700000|100%| O|  |TAMS 0x0000000085700000, 0x0000000085700000| Untracked 
|  87|0x0000000085700000, 0x0000000085800000, 0x0000000085800000|100%| O|  |TAMS 0x0000000085800000, 0x0000000085800000| Untracked 
|  88|0x0000000085800000, 0x0000000085900000, 0x0000000085900000|100%|HS|  |TAMS 0x0000000085800000, 0x0000000085900000| Complete 
|  89|0x0000000085900000, 0x0000000085a00000, 0x0000000085a00000|100%| O|  |TAMS 0x0000000085a00000, 0x0000000085a00000| Untracked 
|  90|0x0000000085a00000, 0x0000000085b00000, 0x0000000085b00000|100%|HS|  |TAMS 0x0000000085b00000, 0x0000000085b00000| Complete 
|  91|0x0000000085b00000, 0x0000000085c00000, 0x0000000085c00000|100%| O|  |TAMS 0x0000000085c00000, 0x0000000085c00000| Untracked 
|  92|0x0000000085c00000, 0x0000000085d00000, 0x0000000085d00000|100%| O|  |TAMS 0x0000000085d00000, 0x0000000085d00000| Untracked 
|  93|0x0000000085d00000, 0x0000000085e00000, 0x0000000085e00000|100%| O|  |TAMS 0x0000000085e00000, 0x0000000085e00000| Untracked 
|  94|0x0000000085e00000, 0x0000000085f00000, 0x0000000085f00000|100%| O|  |TAMS 0x0000000085e2a200, 0x0000000085f00000| Untracked 
|  95|0x0000000085f00000, 0x0000000086000000, 0x0000000086000000|100%| O|  |TAMS 0x0000000086000000, 0x0000000086000000| Untracked 
|  96|0x0000000086000000, 0x0000000086100000, 0x0000000086100000|100%| O|  |TAMS 0x0000000086100000, 0x0000000086100000| Untracked 
|  97|0x0000000086100000, 0x0000000086200000, 0x0000000086200000|100%| O|  |TAMS 0x0000000086200000, 0x0000000086200000| Untracked 
|  98|0x0000000086200000, 0x0000000086300000, 0x0000000086300000|100%|HS|  |TAMS 0x0000000086200000, 0x0000000086300000| Complete 
|  99|0x0000000086300000, 0x0000000086400000, 0x0000000086400000|100%|HS|  |TAMS 0x0000000086300000, 0x0000000086400000| Complete 
| 100|0x0000000086400000, 0x0000000086500000, 0x0000000086500000|100%| O|  |TAMS 0x0000000086500000, 0x0000000086500000| Untracked 
| 101|0x0000000086500000, 0x0000000086600000, 0x0000000086600000|100%| O|  |TAMS 0x0000000086600000, 0x0000000086600000| Untracked 
| 102|0x0000000086600000, 0x0000000086700000, 0x0000000086700000|100%| O|  |TAMS 0x0000000086700000, 0x0000000086700000| Untracked 
| 103|0x0000000086700000, 0x0000000086800000, 0x0000000086800000|100%| O|  |TAMS 0x0000000086800000, 0x0000000086800000| Untracked 
| 104|0x0000000086800000, 0x0000000086900000, 0x0000000086900000|100%| O|  |TAMS 0x0000000086900000, 0x0000000086900000| Untracked 
| 105|0x0000000086900000, 0x0000000086a00000, 0x0000000086a00000|100%| O|  |TAMS 0x0000000086a00000, 0x0000000086a00000| Untracked 
| 106|0x0000000086a00000, 0x0000000086b00000, 0x0000000086b00000|100%| O|  |TAMS 0x0000000086b00000, 0x0000000086b00000| Untracked 
| 107|0x0000000086b00000, 0x0000000086c00000, 0x0000000086c00000|100%| O|  |TAMS 0x0000000086c00000, 0x0000000086c00000| Untracked 
| 108|0x0000000086c00000, 0x0000000086d00000, 0x0000000086d00000|100%| O|  |TAMS 0x0000000086d00000, 0x0000000086d00000| Untracked 
| 109|0x0000000086d00000, 0x0000000086e00000, 0x0000000086e00000|100%| O|  |TAMS 0x0000000086e00000, 0x0000000086e00000| Untracked 
| 110|0x0000000086e00000, 0x0000000086f00000, 0x0000000086f00000|100%| O|  |TAMS 0x0000000086f00000, 0x0000000086f00000| Untracked 
| 111|0x0000000086f00000, 0x0000000087000000, 0x0000000087000000|100%| O|  |TAMS 0x0000000087000000, 0x0000000087000000| Untracked 
| 112|0x0000000087000000, 0x0000000087100000, 0x0000000087100000|100%| O|  |TAMS 0x0000000087100000, 0x0000000087100000| Untracked 
| 113|0x0000000087100000, 0x0000000087200000, 0x0000000087200000|100%|HS|  |TAMS 0x0000000087100000, 0x0000000087200000| Complete 
| 114|0x0000000087200000, 0x0000000087300000, 0x0000000087300000|100%|HC|  |TAMS 0x0000000087200000, 0x0000000087300000| Complete 
| 115|0x0000000087300000, 0x0000000087400000, 0x0000000087400000|100%|HS|  |TAMS 0x0000000087300000, 0x0000000087400000| Complete 
| 116|0x0000000087400000, 0x0000000087500000, 0x0000000087500000|100%| O|  |TAMS 0x0000000087500000, 0x0000000087500000| Untracked 
| 117|0x0000000087500000, 0x0000000087600000, 0x0000000087600000|100%| O|  |TAMS 0x0000000087600000, 0x0000000087600000| Untracked 
| 118|0x0000000087600000, 0x0000000087700000, 0x0000000087700000|100%| O|  |TAMS 0x0000000087700000, 0x0000000087700000| Untracked 
| 119|0x0000000087700000, 0x0000000087800000, 0x0000000087800000|100%|HS|  |TAMS 0x0000000087700000, 0x0000000087800000| Complete 
| 120|0x0000000087800000, 0x0000000087800000, 0x0000000087900000|  0%| F|  |TAMS 0x0000000087800000, 0x0000000087800000| Untracked 
| 121|0x0000000087900000, 0x0000000087a00000, 0x0000000087a00000|100%| O|  |TAMS 0x0000000087a00000, 0x0000000087a00000| Untracked 
| 122|0x0000000087a00000, 0x0000000087b00000, 0x0000000087b00000|100%| O|  |TAMS 0x0000000087b00000, 0x0000000087b00000| Untracked 
| 123|0x0000000087b00000, 0x0000000087c00000, 0x0000000087c00000|100%| O|  |TAMS 0x0000000087c00000, 0x0000000087c00000| Untracked 
| 124|0x0000000087c00000, 0x0000000087c00000, 0x0000000087d00000|  0%| F|  |TAMS 0x0000000087c00000, 0x0000000087c00000| Untracked 
| 125|0x0000000087d00000, 0x0000000087e00000, 0x0000000087e00000|100%| O|  |TAMS 0x0000000087e00000, 0x0000000087e00000| Untracked 
| 126|0x0000000087e00000, 0x0000000087f00000, 0x0000000087f00000|100%| O|  |TAMS 0x0000000087f00000, 0x0000000087f00000| Untracked 
| 127|0x0000000087f00000, 0x0000000088000000, 0x0000000088000000|100%| O|  |TAMS 0x0000000088000000, 0x0000000088000000| Untracked 
| 128|0x0000000088000000, 0x0000000088100000, 0x0000000088100000|100%| O|  |TAMS 0x0000000088100000, 0x0000000088100000| Untracked 
| 129|0x0000000088100000, 0x0000000088200000, 0x0000000088200000|100%| O|  |TAMS 0x0000000088200000, 0x0000000088200000| Untracked 
| 130|0x0000000088200000, 0x0000000088300000, 0x0000000088300000|100%| O|  |TAMS 0x0000000088300000, 0x0000000088300000| Untracked 
| 131|0x0000000088300000, 0x0000000088400000, 0x0000000088400000|100%| O|  |TAMS 0x0000000088400000, 0x0000000088400000| Untracked 
| 132|0x0000000088400000, 0x0000000088500000, 0x0000000088500000|100%| O|  |TAMS 0x0000000088500000, 0x0000000088500000| Untracked 
| 133|0x0000000088500000, 0x0000000088600000, 0x0000000088600000|100%| O|  |TAMS 0x0000000088600000, 0x0000000088600000| Untracked 
| 134|0x0000000088600000, 0x0000000088700000, 0x0000000088700000|100%| O|  |TAMS 0x0000000088700000, 0x0000000088700000| Untracked 
| 135|0x0000000088700000, 0x0000000088800000, 0x0000000088800000|100%| O|  |TAMS 0x0000000088800000, 0x0000000088800000| Untracked 
| 136|0x0000000088800000, 0x0000000088900000, 0x0000000088900000|100%| O|  |TAMS 0x0000000088900000, 0x0000000088900000| Untracked 
| 137|0x0000000088900000, 0x0000000088a00000, 0x0000000088a00000|100%| O|  |TAMS 0x0000000088a00000, 0x0000000088a00000| Untracked 
| 138|0x0000000088a00000, 0x0000000088b00000, 0x0000000088b00000|100%| O|  |TAMS 0x0000000088b00000, 0x0000000088b00000| Untracked 
| 139|0x0000000088b00000, 0x0000000088c00000, 0x0000000088c00000|100%| O|  |TAMS 0x0000000088c00000, 0x0000000088c00000| Untracked 
| 140|0x0000000088c00000, 0x0000000088d00000, 0x0000000088d00000|100%| O|  |TAMS 0x0000000088d00000, 0x0000000088d00000| Untracked 
| 141|0x0000000088d00000, 0x0000000088e00000, 0x0000000088e00000|100%| O|  |TAMS 0x0000000088e00000, 0x0000000088e00000| Untracked 
| 142|0x0000000088e00000, 0x0000000088f00000, 0x0000000088f00000|100%| O|  |TAMS 0x0000000088f00000, 0x0000000088f00000| Untracked 
| 143|0x0000000088f00000, 0x0000000089000000, 0x0000000089000000|100%| O|  |TAMS 0x0000000089000000, 0x0000000089000000| Untracked 
| 144|0x0000000089000000, 0x0000000089100000, 0x0000000089100000|100%| O|  |TAMS 0x0000000089100000, 0x0000000089100000| Untracked 
| 145|0x0000000089100000, 0x0000000089200000, 0x0000000089200000|100%| O|  |TAMS 0x0000000089200000, 0x0000000089200000| Untracked 
| 146|0x0000000089200000, 0x0000000089300000, 0x0000000089300000|100%| O|  |TAMS 0x0000000089300000, 0x0000000089300000| Untracked 
| 147|0x0000000089300000, 0x0000000089400000, 0x0000000089400000|100%| O|  |TAMS 0x0000000089400000, 0x0000000089400000| Untracked 
| 148|0x0000000089400000, 0x0000000089500000, 0x0000000089500000|100%| O|  |TAMS 0x0000000089500000, 0x0000000089500000| Untracked 
| 149|0x0000000089500000, 0x0000000089600000, 0x0000000089600000|100%| O|  |TAMS 0x0000000089600000, 0x0000000089600000| Untracked 
| 150|0x0000000089600000, 0x0000000089700000, 0x0000000089700000|100%| O|  |TAMS 0x0000000089700000, 0x0000000089700000| Untracked 
| 151|0x0000000089700000, 0x0000000089800000, 0x0000000089800000|100%| O|  |TAMS 0x0000000089800000, 0x0000000089800000| Untracked 
| 152|0x0000000089800000, 0x0000000089900000, 0x0000000089900000|100%| O|  |TAMS 0x0000000089900000, 0x0000000089900000| Untracked 
| 153|0x0000000089900000, 0x0000000089a00000, 0x0000000089a00000|100%| O|  |TAMS 0x0000000089a00000, 0x0000000089a00000| Untracked 
| 154|0x0000000089a00000, 0x0000000089b00000, 0x0000000089b00000|100%| O|  |TAMS 0x0000000089b00000, 0x0000000089b00000| Untracked 
| 155|0x0000000089b00000, 0x0000000089c00000, 0x0000000089c00000|100%| O|  |TAMS 0x0000000089c00000, 0x0000000089c00000| Untracked 
| 156|0x0000000089c00000, 0x0000000089d00000, 0x0000000089d00000|100%| O|  |TAMS 0x0000000089d00000, 0x0000000089d00000| Untracked 
| 157|0x0000000089d00000, 0x0000000089e00000, 0x0000000089e00000|100%| O|  |TAMS 0x0000000089e00000, 0x0000000089e00000| Untracked 
| 158|0x0000000089e00000, 0x0000000089f00000, 0x0000000089f00000|100%| O|  |TAMS 0x0000000089f00000, 0x0000000089f00000| Untracked 
| 159|0x0000000089f00000, 0x000000008a000000, 0x000000008a000000|100%| O|  |TAMS 0x000000008a000000, 0x000000008a000000| Untracked 
| 160|0x000000008a000000, 0x000000008a000000, 0x000000008a100000|  0%| F|  |TAMS 0x000000008a000000, 0x000000008a000000| Untracked 
| 161|0x000000008a100000, 0x000000008a100000, 0x000000008a200000|  0%| F|  |TAMS 0x000000008a100000, 0x000000008a100000| Untracked 
| 162|0x000000008a200000, 0x000000008a300000, 0x000000008a300000|100%| O|  |TAMS 0x000000008a300000, 0x000000008a300000| Untracked 
| 163|0x000000008a300000, 0x000000008a400000, 0x000000008a400000|100%| O|  |TAMS 0x000000008a400000, 0x000000008a400000| Untracked 
| 164|0x000000008a400000, 0x000000008a500000, 0x000000008a500000|100%| O|  |TAMS 0x000000008a500000, 0x000000008a500000| Untracked 
| 165|0x000000008a500000, 0x000000008a600000, 0x000000008a600000|100%| O|  |TAMS 0x000000008a600000, 0x000000008a600000| Untracked 
| 166|0x000000008a600000, 0x000000008a700000, 0x000000008a700000|100%| O|  |TAMS 0x000000008a700000, 0x000000008a700000| Untracked 
| 167|0x000000008a700000, 0x000000008a800000, 0x000000008a800000|100%| O|  |TAMS 0x000000008a800000, 0x000000008a800000| Untracked 
| 168|0x000000008a800000, 0x000000008a900000, 0x000000008a900000|100%| O|  |TAMS 0x000000008a900000, 0x000000008a900000| Untracked 
| 169|0x000000008a900000, 0x000000008aa00000, 0x000000008aa00000|100%| O|  |TAMS 0x000000008aa00000, 0x000000008aa00000| Untracked 
| 170|0x000000008aa00000, 0x000000008ab00000, 0x000000008ab00000|100%| O|  |TAMS 0x000000008ab00000, 0x000000008ab00000| Untracked 
| 171|0x000000008ab00000, 0x000000008ac00000, 0x000000008ac00000|100%| O|  |TAMS 0x000000008ac00000, 0x000000008ac00000| Untracked 
| 172|0x000000008ac00000, 0x000000008ad00000, 0x000000008ad00000|100%| O|  |TAMS 0x000000008ad00000, 0x000000008ad00000| Untracked 
| 173|0x000000008ad00000, 0x000000008ae00000, 0x000000008ae00000|100%| O|  |TAMS 0x000000008ae00000, 0x000000008ae00000| Untracked 
| 174|0x000000008ae00000, 0x000000008af00000, 0x000000008af00000|100%| O|  |TAMS 0x000000008af00000, 0x000000008af00000| Untracked 
| 175|0x000000008af00000, 0x000000008b000000, 0x000000008b000000|100%| O|  |TAMS 0x000000008b000000, 0x000000008b000000| Untracked 
| 176|0x000000008b000000, 0x000000008b100000, 0x000000008b100000|100%| O|  |TAMS 0x000000008b100000, 0x000000008b100000| Untracked 
| 177|0x000000008b100000, 0x000000008b200000, 0x000000008b200000|100%| O|  |TAMS 0x000000008b200000, 0x000000008b200000| Untracked 
| 178|0x000000008b200000, 0x000000008b200000, 0x000000008b300000|  0%| F|  |TAMS 0x000000008b200000, 0x000000008b200000| Untracked 
| 179|0x000000008b300000, 0x000000008b400000, 0x000000008b400000|100%| O|  |TAMS 0x000000008b400000, 0x000000008b400000| Untracked 
| 180|0x000000008b400000, 0x000000008b500000, 0x000000008b500000|100%| O|  |TAMS 0x000000008b500000, 0x000000008b500000| Untracked 
| 181|0x000000008b500000, 0x000000008b600000, 0x000000008b600000|100%| O|  |TAMS 0x000000008b600000, 0x000000008b600000| Untracked 
| 182|0x000000008b600000, 0x000000008b700000, 0x000000008b700000|100%| O|  |TAMS 0x000000008b700000, 0x000000008b700000| Untracked 
| 183|0x000000008b700000, 0x000000008b800000, 0x000000008b800000|100%| O|  |TAMS 0x000000008b800000, 0x000000008b800000| Untracked 
| 184|0x000000008b800000, 0x000000008b900000, 0x000000008b900000|100%| O|  |TAMS 0x000000008b900000, 0x000000008b900000| Untracked 
| 185|0x000000008b900000, 0x000000008b900000, 0x000000008ba00000|  0%| F|  |TAMS 0x000000008b900000, 0x000000008b900000| Untracked 
| 186|0x000000008ba00000, 0x000000008ba00000, 0x000000008bb00000|  0%| F|  |TAMS 0x000000008ba00000, 0x000000008ba00000| Untracked 
| 187|0x000000008bb00000, 0x000000008bc00000, 0x000000008bc00000|100%| O|  |TAMS 0x000000008bc00000, 0x000000008bc00000| Untracked 
| 188|0x000000008bc00000, 0x000000008bd00000, 0x000000008bd00000|100%| O|  |TAMS 0x000000008bd00000, 0x000000008bd00000| Untracked 
| 189|0x000000008bd00000, 0x000000008be00000, 0x000000008be00000|100%| O|  |TAMS 0x000000008be00000, 0x000000008be00000| Untracked 
| 190|0x000000008be00000, 0x000000008bf00000, 0x000000008bf00000|100%| O|  |TAMS 0x000000008bf00000, 0x000000008bf00000| Untracked 
| 191|0x000000008bf00000, 0x000000008c000000, 0x000000008c000000|100%| O|  |TAMS 0x000000008c000000, 0x000000008c000000| Untracked 
| 192|0x000000008c000000, 0x000000008c100000, 0x000000008c100000|100%| O|  |TAMS 0x000000008c100000, 0x000000008c100000| Untracked 
| 193|0x000000008c100000, 0x000000008c200000, 0x000000008c200000|100%|HS|  |TAMS 0x000000008c100000, 0x000000008c200000| Complete 
| 194|0x000000008c200000, 0x000000008c300000, 0x000000008c300000|100%|HC|  |TAMS 0x000000008c200000, 0x000000008c300000| Complete 
| 195|0x000000008c300000, 0x000000008c400000, 0x000000008c400000|100%|HS|  |TAMS 0x000000008c300000, 0x000000008c400000| Complete 
| 196|0x000000008c400000, 0x000000008c500000, 0x000000008c500000|100%|HC|  |TAMS 0x000000008c400000, 0x000000008c500000| Complete 
| 197|0x000000008c500000, 0x000000008c600000, 0x000000008c600000|100%|HS|  |TAMS 0x000000008c500000, 0x000000008c600000| Complete 
| 198|0x000000008c600000, 0x000000008c700000, 0x000000008c700000|100%|HS|  |TAMS 0x000000008c600000, 0x000000008c700000| Complete 
| 199|0x000000008c700000, 0x000000008c800000, 0x000000008c800000|100%|HS|  |TAMS 0x000000008c700000, 0x000000008c800000| Complete 
| 200|0x000000008c800000, 0x000000008c900000, 0x000000008c900000|100%|HC|  |TAMS 0x000000008c800000, 0x000000008c900000| Complete 
| 201|0x000000008c900000, 0x000000008ca00000, 0x000000008ca00000|100%|HS|  |TAMS 0x000000008c900000, 0x000000008ca00000| Complete 
| 202|0x000000008ca00000, 0x000000008cb00000, 0x000000008cb00000|100%| O|  |TAMS 0x000000008ca00000, 0x000000008cb00000| Untracked 
| 203|0x000000008cb00000, 0x000000008cc00000, 0x000000008cc00000|100%| O|  |TAMS 0x000000008cb00000, 0x000000008cc00000| Untracked 
| 204|0x000000008cc00000, 0x000000008cd00000, 0x000000008cd00000|100%| O|  |TAMS 0x000000008cc00000, 0x000000008cd00000| Untracked 
| 205|0x000000008cd00000, 0x000000008ce00000, 0x000000008ce00000|100%| O|  |TAMS 0x000000008cd00000, 0x000000008ce00000| Untracked 
| 206|0x000000008ce00000, 0x000000008cf00000, 0x000000008cf00000|100%| O|  |TAMS 0x000000008ce00000, 0x000000008cf00000| Untracked 
| 207|0x000000008cf00000, 0x000000008cf1a200, 0x000000008d000000| 10%| O|  |TAMS 0x000000008cf00000, 0x000000008cf1a200| Untracked 
| 208|0x000000008d000000, 0x000000008d000000, 0x000000008d100000|  0%| F|  |TAMS 0x000000008d000000, 0x000000008d000000| Untracked 
| 209|0x000000008d100000, 0x000000008d100000, 0x000000008d200000|  0%| F|  |TAMS 0x000000008d100000, 0x000000008d100000| Untracked 
| 210|0x000000008d200000, 0x000000008d200000, 0x000000008d300000|  0%| F|  |TAMS 0x000000008d200000, 0x000000008d200000| Untracked 
| 211|0x000000008d300000, 0x000000008d300000, 0x000000008d400000|  0%| F|  |TAMS 0x000000008d300000, 0x000000008d300000| Untracked 
| 212|0x000000008d400000, 0x000000008d400000, 0x000000008d500000|  0%| F|  |TAMS 0x000000008d400000, 0x000000008d400000| Untracked 
| 213|0x000000008d500000, 0x000000008d500000, 0x000000008d600000|  0%| F|  |TAMS 0x000000008d500000, 0x000000008d500000| Untracked 
| 214|0x000000008d600000, 0x000000008d600000, 0x000000008d700000|  0%| F|  |TAMS 0x000000008d600000, 0x000000008d600000| Untracked 
| 215|0x000000008d700000, 0x000000008d700000, 0x000000008d800000|  0%| F|  |TAMS 0x000000008d700000, 0x000000008d700000| Untracked 
| 216|0x000000008d800000, 0x000000008d800000, 0x000000008d900000|  0%| F|  |TAMS 0x000000008d800000, 0x000000008d800000| Untracked 
| 217|0x000000008d900000, 0x000000008d900000, 0x000000008da00000|  0%| F|  |TAMS 0x000000008d900000, 0x000000008d900000| Untracked 
| 218|0x000000008da00000, 0x000000008da00000, 0x000000008db00000|  0%| F|  |TAMS 0x000000008da00000, 0x000000008da00000| Untracked 
| 219|0x000000008db00000, 0x000000008db00000, 0x000000008dc00000|  0%| F|  |TAMS 0x000000008db00000, 0x000000008db00000| Untracked 
| 220|0x000000008dc00000, 0x000000008dc00000, 0x000000008dd00000|  0%| F|  |TAMS 0x000000008dc00000, 0x000000008dc00000| Untracked 
| 221|0x000000008dd00000, 0x000000008dd00000, 0x000000008de00000|  0%| F|  |TAMS 0x000000008dd00000, 0x000000008dd00000| Untracked 
| 222|0x000000008de00000, 0x000000008de00000, 0x000000008df00000|  0%| F|  |TAMS 0x000000008de00000, 0x000000008de00000| Untracked 
| 223|0x000000008df00000, 0x000000008df00000, 0x000000008e000000|  0%| F|  |TAMS 0x000000008df00000, 0x000000008df00000| Untracked 
| 224|0x000000008e000000, 0x000000008e000000, 0x000000008e100000|  0%| F|  |TAMS 0x000000008e000000, 0x000000008e000000| Untracked 
| 225|0x000000008e100000, 0x000000008e100000, 0x000000008e200000|  0%| F|  |TAMS 0x000000008e100000, 0x000000008e100000| Untracked 
| 226|0x000000008e200000, 0x000000008e200000, 0x000000008e300000|  0%| F|  |TAMS 0x000000008e200000, 0x000000008e200000| Untracked 
| 227|0x000000008e300000, 0x000000008e300000, 0x000000008e400000|  0%| F|  |TAMS 0x000000008e300000, 0x000000008e300000| Untracked 
| 228|0x000000008e400000, 0x000000008e400000, 0x000000008e500000|  0%| F|  |TAMS 0x000000008e400000, 0x000000008e400000| Untracked 
| 229|0x000000008e500000, 0x000000008e500000, 0x000000008e600000|  0%| F|  |TAMS 0x000000008e500000, 0x000000008e500000| Untracked 
| 230|0x000000008e600000, 0x000000008e600000, 0x000000008e700000|  0%| F|  |TAMS 0x000000008e600000, 0x000000008e600000| Untracked 
| 231|0x000000008e700000, 0x000000008e700000, 0x000000008e800000|  0%| F|  |TAMS 0x000000008e700000, 0x000000008e700000| Untracked 
| 232|0x000000008e800000, 0x000000008e800000, 0x000000008e900000|  0%| F|  |TAMS 0x000000008e800000, 0x000000008e800000| Untracked 
| 233|0x000000008e900000, 0x000000008e900000, 0x000000008ea00000|  0%| F|  |TAMS 0x000000008e900000, 0x000000008e900000| Untracked 
| 234|0x000000008ea00000, 0x000000008ea00000, 0x000000008eb00000|  0%| F|  |TAMS 0x000000008ea00000, 0x000000008ea00000| Untracked 
| 235|0x000000008eb00000, 0x000000008eb00000, 0x000000008ec00000|  0%| F|  |TAMS 0x000000008eb00000, 0x000000008eb00000| Untracked 
| 236|0x000000008ec00000, 0x000000008ec00000, 0x000000008ed00000|  0%| F|  |TAMS 0x000000008ec00000, 0x000000008ec00000| Untracked 
| 237|0x000000008ed00000, 0x000000008ed00000, 0x000000008ee00000|  0%| F|  |TAMS 0x000000008ed00000, 0x000000008ed00000| Untracked 
| 238|0x000000008ee00000, 0x000000008ee00000, 0x000000008ef00000|  0%| F|  |TAMS 0x000000008ee00000, 0x000000008ee00000| Untracked 
| 239|0x000000008ef00000, 0x000000008ef00000, 0x000000008f000000|  0%| F|  |TAMS 0x000000008ef00000, 0x000000008ef00000| Untracked 
| 240|0x000000008f000000, 0x000000008f000000, 0x000000008f100000|  0%| F|  |TAMS 0x000000008f000000, 0x000000008f000000| Untracked 
| 241|0x000000008f100000, 0x000000008f100000, 0x000000008f200000|  0%| F|  |TAMS 0x000000008f100000, 0x000000008f100000| Untracked 
| 242|0x000000008f200000, 0x000000008f200000, 0x000000008f300000|  0%| F|  |TAMS 0x000000008f200000, 0x000000008f200000| Untracked 
| 243|0x000000008f300000, 0x000000008f300000, 0x000000008f400000|  0%| F|  |TAMS 0x000000008f300000, 0x000000008f300000| Untracked 
| 244|0x000000008f400000, 0x000000008f400000, 0x000000008f500000|  0%| F|  |TAMS 0x000000008f400000, 0x000000008f400000| Untracked 
| 245|0x000000008f500000, 0x000000008f500000, 0x000000008f600000|  0%| F|  |TAMS 0x000000008f500000, 0x000000008f500000| Untracked 
| 246|0x000000008f600000, 0x000000008f600000, 0x000000008f700000|  0%| F|  |TAMS 0x000000008f600000, 0x000000008f600000| Untracked 
| 247|0x000000008f700000, 0x000000008f700000, 0x000000008f800000|  0%| F|  |TAMS 0x000000008f700000, 0x000000008f700000| Untracked 
| 248|0x000000008f800000, 0x000000008f800000, 0x000000008f900000|  0%| F|  |TAMS 0x000000008f800000, 0x000000008f800000| Untracked 
| 249|0x000000008f900000, 0x000000008f900000, 0x000000008fa00000|  0%| F|  |TAMS 0x000000008f900000, 0x000000008f900000| Untracked 
| 250|0x000000008fa00000, 0x000000008fa00000, 0x000000008fb00000|  0%| F|  |TAMS 0x000000008fa00000, 0x000000008fa00000| Untracked 
| 251|0x000000008fb00000, 0x000000008fb00000, 0x000000008fc00000|  0%| F|  |TAMS 0x000000008fb00000, 0x000000008fb00000| Untracked 
| 252|0x000000008fc00000, 0x000000008fc00000, 0x000000008fd00000|  0%| F|  |TAMS 0x000000008fc00000, 0x000000008fc00000| Untracked 
| 253|0x000000008fd00000, 0x000000008fd00000, 0x000000008fe00000|  0%| F|  |TAMS 0x000000008fd00000, 0x000000008fd00000| Untracked 
| 254|0x000000008fe00000, 0x000000008fe00000, 0x000000008ff00000|  0%| F|  |TAMS 0x000000008fe00000, 0x000000008fe00000| Untracked 
| 255|0x000000008ff00000, 0x000000008ff00000, 0x0000000090000000|  0%| F|  |TAMS 0x000000008ff00000, 0x000000008ff00000| Untracked 
| 256|0x0000000090000000, 0x0000000090000000, 0x0000000090100000|  0%| F|  |TAMS 0x0000000090000000, 0x0000000090000000| Untracked 
| 257|0x0000000090100000, 0x0000000090100000, 0x0000000090200000|  0%| F|  |TAMS 0x0000000090100000, 0x0000000090100000| Untracked 
| 258|0x0000000090200000, 0x0000000090200000, 0x0000000090300000|  0%| F|  |TAMS 0x0000000090200000, 0x0000000090200000| Untracked 
| 259|0x0000000090300000, 0x0000000090300000, 0x0000000090400000|  0%| F|  |TAMS 0x0000000090300000, 0x0000000090300000| Untracked 
| 260|0x0000000090400000, 0x0000000090400000, 0x0000000090500000|  0%| F|  |TAMS 0x0000000090400000, 0x0000000090400000| Untracked 
| 261|0x0000000090500000, 0x0000000090500000, 0x0000000090600000|  0%| F|  |TAMS 0x0000000090500000, 0x0000000090500000| Untracked 
| 262|0x0000000090600000, 0x0000000090600000, 0x0000000090700000|  0%| F|  |TAMS 0x0000000090600000, 0x0000000090600000| Untracked 
| 263|0x0000000090700000, 0x0000000090700000, 0x0000000090800000|  0%| F|  |TAMS 0x0000000090700000, 0x0000000090700000| Untracked 
| 264|0x0000000090800000, 0x0000000090800000, 0x0000000090900000|  0%| F|  |TAMS 0x0000000090800000, 0x0000000090800000| Untracked 
| 265|0x0000000090900000, 0x0000000090900000, 0x0000000090a00000|  0%| F|  |TAMS 0x0000000090900000, 0x0000000090900000| Untracked 
| 266|0x0000000090a00000, 0x0000000090a00000, 0x0000000090b00000|  0%| F|  |TAMS 0x0000000090a00000, 0x0000000090a00000| Untracked 
| 267|0x0000000090b00000, 0x0000000090b00000, 0x0000000090c00000|  0%| F|  |TAMS 0x0000000090b00000, 0x0000000090b00000| Untracked 
| 268|0x0000000090c00000, 0x0000000090c00000, 0x0000000090d00000|  0%| F|  |TAMS 0x0000000090c00000, 0x0000000090c00000| Untracked 
| 269|0x0000000090d00000, 0x0000000090d00000, 0x0000000090e00000|  0%| F|  |TAMS 0x0000000090d00000, 0x0000000090d00000| Untracked 
| 270|0x0000000090e00000, 0x0000000090e00000, 0x0000000090f00000|  0%| F|  |TAMS 0x0000000090e00000, 0x0000000090e00000| Untracked 
| 271|0x0000000090f00000, 0x0000000090f00000, 0x0000000091000000|  0%| F|  |TAMS 0x0000000090f00000, 0x0000000090f00000| Untracked 
| 272|0x0000000091000000, 0x0000000091000000, 0x0000000091100000|  0%| F|  |TAMS 0x0000000091000000, 0x0000000091000000| Untracked 
| 273|0x0000000091100000, 0x0000000091100000, 0x0000000091200000|  0%| F|  |TAMS 0x0000000091100000, 0x0000000091100000| Untracked 
| 274|0x0000000091200000, 0x0000000091200000, 0x0000000091300000|  0%| F|  |TAMS 0x0000000091200000, 0x0000000091200000| Untracked 
| 275|0x0000000091300000, 0x0000000091300000, 0x0000000091400000|  0%| F|  |TAMS 0x0000000091300000, 0x0000000091300000| Untracked 
| 276|0x0000000091400000, 0x0000000091400000, 0x0000000091500000|  0%| F|  |TAMS 0x0000000091400000, 0x0000000091400000| Untracked 
| 277|0x0000000091500000, 0x0000000091500000, 0x0000000091600000|  0%| F|  |TAMS 0x0000000091500000, 0x0000000091500000| Untracked 
| 278|0x0000000091600000, 0x0000000091600000, 0x0000000091700000|  0%| F|  |TAMS 0x0000000091600000, 0x0000000091600000| Untracked 
| 279|0x0000000091700000, 0x0000000091700000, 0x0000000091800000|  0%| F|  |TAMS 0x0000000091700000, 0x0000000091700000| Untracked 
| 280|0x0000000091800000, 0x0000000091800000, 0x0000000091900000|  0%| F|  |TAMS 0x0000000091800000, 0x0000000091800000| Untracked 
| 281|0x0000000091900000, 0x0000000091900000, 0x0000000091a00000|  0%| F|  |TAMS 0x0000000091900000, 0x0000000091900000| Untracked 
| 282|0x0000000091a00000, 0x0000000091a00000, 0x0000000091b00000|  0%| F|  |TAMS 0x0000000091a00000, 0x0000000091a00000| Untracked 
| 283|0x0000000091b00000, 0x0000000091b00000, 0x0000000091c00000|  0%| F|  |TAMS 0x0000000091b00000, 0x0000000091b00000| Untracked 
| 284|0x0000000091c00000, 0x0000000091c00000, 0x0000000091d00000|  0%| F|  |TAMS 0x0000000091c00000, 0x0000000091c00000| Untracked 
| 285|0x0000000091d00000, 0x0000000091d00000, 0x0000000091e00000|  0%| F|  |TAMS 0x0000000091d00000, 0x0000000091d00000| Untracked 
| 286|0x0000000091e00000, 0x0000000091e00000, 0x0000000091f00000|  0%| F|  |TAMS 0x0000000091e00000, 0x0000000091e00000| Untracked 
| 287|0x0000000091f00000, 0x0000000091f00000, 0x0000000092000000|  0%| F|  |TAMS 0x0000000091f00000, 0x0000000091f00000| Untracked 
| 288|0x0000000092000000, 0x0000000092000000, 0x0000000092100000|  0%| F|  |TAMS 0x0000000092000000, 0x0000000092000000| Untracked 
| 289|0x0000000092100000, 0x0000000092100000, 0x0000000092200000|  0%| F|  |TAMS 0x0000000092100000, 0x0000000092100000| Untracked 
| 290|0x0000000092200000, 0x0000000092200000, 0x0000000092300000|  0%| F|  |TAMS 0x0000000092200000, 0x0000000092200000| Untracked 
| 291|0x0000000092300000, 0x0000000092300000, 0x0000000092400000|  0%| F|  |TAMS 0x0000000092300000, 0x0000000092300000| Untracked 
| 292|0x0000000092400000, 0x0000000092400000, 0x0000000092500000|  0%| F|  |TAMS 0x0000000092400000, 0x0000000092400000| Untracked 
| 293|0x0000000092500000, 0x0000000092500000, 0x0000000092600000|  0%| F|  |TAMS 0x0000000092500000, 0x0000000092500000| Untracked 
| 294|0x0000000092600000, 0x0000000092600000, 0x0000000092700000|  0%| F|  |TAMS 0x0000000092600000, 0x0000000092600000| Untracked 
| 295|0x0000000092700000, 0x0000000092700000, 0x0000000092800000|  0%| F|  |TAMS 0x0000000092700000, 0x0000000092700000| Untracked 
| 296|0x0000000092800000, 0x0000000092800000, 0x0000000092900000|  0%| F|  |TAMS 0x0000000092800000, 0x0000000092800000| Untracked 
| 297|0x0000000092900000, 0x0000000092900000, 0x0000000092a00000|  0%| F|  |TAMS 0x0000000092900000, 0x0000000092900000| Untracked 
| 298|0x0000000092a00000, 0x0000000092a00000, 0x0000000092b00000|  0%| F|  |TAMS 0x0000000092a00000, 0x0000000092a00000| Untracked 
| 299|0x0000000092b00000, 0x0000000092b00000, 0x0000000092c00000|  0%| F|  |TAMS 0x0000000092b00000, 0x0000000092b00000| Untracked 
| 300|0x0000000092c00000, 0x0000000092c00000, 0x0000000092d00000|  0%| F|  |TAMS 0x0000000092c00000, 0x0000000092c00000| Untracked 
| 301|0x0000000092d00000, 0x0000000092d00000, 0x0000000092e00000|  0%| F|  |TAMS 0x0000000092d00000, 0x0000000092d00000| Untracked 
| 302|0x0000000092e00000, 0x0000000092e00000, 0x0000000092f00000|  0%| F|  |TAMS 0x0000000092e00000, 0x0000000092e00000| Untracked 
| 303|0x0000000092f00000, 0x0000000092f00000, 0x0000000093000000|  0%| F|  |TAMS 0x0000000092f00000, 0x0000000092f00000| Untracked 
| 304|0x0000000093000000, 0x0000000093000000, 0x0000000093100000|  0%| F|  |TAMS 0x0000000093000000, 0x0000000093000000| Untracked 
| 305|0x0000000093100000, 0x0000000093100000, 0x0000000093200000|  0%| F|  |TAMS 0x0000000093100000, 0x0000000093100000| Untracked 
| 306|0x0000000093200000, 0x0000000093200000, 0x0000000093300000|  0%| F|  |TAMS 0x0000000093200000, 0x0000000093200000| Untracked 
| 307|0x0000000093300000, 0x0000000093300000, 0x0000000093400000|  0%| F|  |TAMS 0x0000000093300000, 0x0000000093300000| Untracked 
| 308|0x0000000093400000, 0x0000000093400000, 0x0000000093500000|  0%| F|  |TAMS 0x0000000093400000, 0x0000000093400000| Untracked 
| 309|0x0000000093500000, 0x0000000093500000, 0x0000000093600000|  0%| F|  |TAMS 0x0000000093500000, 0x0000000093500000| Untracked 
| 310|0x0000000093600000, 0x0000000093600000, 0x0000000093700000|  0%| F|  |TAMS 0x0000000093600000, 0x0000000093600000| Untracked 
| 311|0x0000000093700000, 0x0000000093700000, 0x0000000093800000|  0%| F|  |TAMS 0x0000000093700000, 0x0000000093700000| Untracked 
| 312|0x0000000093800000, 0x0000000093800000, 0x0000000093900000|  0%| F|  |TAMS 0x0000000093800000, 0x0000000093800000| Untracked 
| 313|0x0000000093900000, 0x0000000093900000, 0x0000000093a00000|  0%| F|  |TAMS 0x0000000093900000, 0x0000000093900000| Untracked 
| 314|0x0000000093a00000, 0x0000000093a00000, 0x0000000093b00000|  0%| F|  |TAMS 0x0000000093a00000, 0x0000000093a00000| Untracked 
| 315|0x0000000093b00000, 0x0000000093b00000, 0x0000000093c00000|  0%| F|  |TAMS 0x0000000093b00000, 0x0000000093b00000| Untracked 
| 316|0x0000000093c00000, 0x0000000093c00000, 0x0000000093d00000|  0%| F|  |TAMS 0x0000000093c00000, 0x0000000093c00000| Untracked 
| 317|0x0000000093d00000, 0x0000000093ddc730, 0x0000000093e00000| 86%| S|CS|TAMS 0x0000000093d00000, 0x0000000093d00000| Complete 
| 318|0x0000000093e00000, 0x0000000093f00000, 0x0000000093f00000|100%| S|CS|TAMS 0x0000000093e00000, 0x0000000093e00000| Complete 
| 319|0x0000000093f00000, 0x0000000093f00000, 0x0000000094000000|  0%| F|  |TAMS 0x0000000093f00000, 0x0000000093f00000| Untracked 
| 320|0x0000000094000000, 0x0000000094000000, 0x0000000094100000|  0%| F|  |TAMS 0x0000000094000000, 0x0000000094000000| Untracked 

Card table byte_map: [0x000001c8f8930000,0x000001c8f8d30000] _byte_map_base: 0x000001c8f8530000

Marking Bits (Prev, Next): (CMBitMap*) 0x000001c8e5a62168, (CMBitMap*) 0x000001c8e5a621a0
 Prev Bits: [0x000001c8f9130000, 0x000001c8fb130000)
 Next Bits: [0x000001c8fb130000, 0x000001c8fd130000)

Polling page: 0x000001c8e3920000

Metaspace:

Usage:
  Non-class:     85.87 MB capacity,    84.35 MB ( 98%) used,     1.22 MB (  1%) free+waste,   307.00 KB ( <1%) overhead. 
      Class:     13.60 MB capacity,    12.64 MB ( 93%) used,   843.50 KB (  6%) free+waste,   136.13 KB ( <1%) overhead. 
       Both:     99.47 MB capacity,    96.99 MB ( 98%) used,     2.05 MB (  2%) free+waste,   443.13 KB ( <1%) overhead. 

Virtual space:
  Non-class space:       86.00 MB reserved,      85.95 MB (>99%) committed 
      Class space:        1.00 GB reserved,      13.63 MB (  1%) committed 
             Both:        1.08 GB reserved,      99.57 MB (  9%) committed 

Chunk freelists:
   Non-Class:  17.00 KB
       Class:  27.00 KB
        Both:  44.00 KB

MaxMetaspaceSize: 17179869184.00 GB
CompressedClassSpaceSize: 1.00 GB
Initial GC threshold: 20.80 MB
Current GC threshold: 165.54 MB
CDS: off

CodeHeap 'non-profiled nmethods': size=120064Kb used=8270Kb max_used=8270Kb free=111793Kb
 bounds [0x000001c8f0ff0000, 0x000001c8f1810000, 0x000001c8f8530000]
CodeHeap 'profiled nmethods': size=120000Kb used=27094Kb max_used=27094Kb free=92905Kb
 bounds [0x000001c8e9ac0000, 0x000001c8eb540000, 0x000001c8f0ff0000]
CodeHeap 'non-nmethods': size=5696Kb used=2404Kb max_used=2482Kb free=3291Kb
 bounds [0x000001c8e9530000, 0x000001c8e97b0000, 0x000001c8e9ac0000]
 total_blobs=14027 nmethods=13105 adapters=834
 compilation: enabled
              stopped_count=0, restarted_count=0
 full_count=0

Compilation events (20 events):
Event: 36.774 Thread 0x000001c8ff64c800 13297       3       java.util.IdentityHashMap$EntrySet::iterator (12 bytes)
Event: 36.774 Thread 0x000001c8ff64c800 nmethod 13297 0x000001c8eb532290 code [0x000001c8eb532460, 0x000001c8eb5326c8]
Event: 36.774 Thread 0x000001c8ff64c800 13298       3       com.android.tools.r8.code.S0::hashCode (24 bytes)
Event: 36.775 Thread 0x000001c8ff64c800 nmethod 13298 0x000001c8eb532790 code [0x000001c8eb532960, 0x000001c8eb532b98]
Event: 36.775 Thread 0x000001c8ff64c800 13299       3       com.android.tools.r8.code.S0::<init> (44 bytes)
Event: 36.776 Thread 0x000001c8ff64c800 nmethod 13299 0x000001c8eb532c90 code [0x000001c8eb532e60, 0x000001c8eb5330f8]
Event: 36.781 Thread 0x000001c8ff64c800 13301       3       com.android.tools.r8.internal.cu::<init> (94 bytes)
Event: 36.782 Thread 0x000001c8ff64c800 nmethod 13301 0x000001c8eb533210 code [0x000001c8eb533500, 0x000001c8eb534758]
Event: 36.786 Thread 0x000001c8ff64a800 nmethod 13282 0x000001c8f17fde10 code [0x000001c8f17fe000, 0x000001c8f17ff098]
Event: 36.786 Thread 0x000001c8ff64a800 13288 %     4       com.android.tools.r8.internal.Hq::d @ 68 (190 bytes)
Event: 36.787 Thread 0x000001c8ff64c800 13304       3       com.android.tools.r8.internal.Fq::<init> (39 bytes)
Event: 36.787 Thread 0x000001c8ff64c800 nmethod 13304 0x000001c8eb534d10 code [0x000001c8eb534ec0, 0x000001c8eb535098]
Event: 36.812 Thread 0x000001c8ff64a800 nmethod 13288% 0x000001c8f17ff810 code [0x000001c8f17ff9e0, 0x000001c8f1800318]
Event: 36.812 Thread 0x000001c8ff64a800 13306       4       com.android.tools.r8.internal.o2::a (68 bytes)
Event: 36.820 Thread 0x000001c8ff64c800 13308       3       java.util.LinkedList$ListItr::hasPrevious (13 bytes)
Event: 36.821 Thread 0x000001c8ff64c800 nmethod 13308 0x000001c8eb535190 code [0x000001c8eb535340, 0x000001c8eb535498]
Event: 36.855 Thread 0x000001c880255000 nmethod 13285 0x000001c8f1800790 code [0x000001c8f1800a80, 0x000001c8f1802c80]
Event: 36.855 Thread 0x000001c880255000 13307 %     4       com.android.tools.r8.internal.cu::a @ 31 (3751 bytes)
Event: 36.970 Thread 0x000001c8ff64c800 13313       2       com.android.tools.r8.code.F3::hashCode (35 bytes)
Event: 36.970 Thread 0x000001c8ff64c800 nmethod 13313 0x000001c8eb535510 code [0x000001c8eb5356e0, 0x000001c8eb535838]

GC Heap History (20 events):
Event: 29.634 GC heap after
{Heap after GC invocations=26 (full 0):
 garbage-first heap   total 227328K, used 159232K [0x0000000080000000, 0x0000000100000000)
  region size 1024K, 5 young (5120K), 5 survivors (5120K)
 Metaspace       used 95486K, capacity 97780K, committed 98124K, reserved 1134592K
  class space    used 12456K, capacity 13321K, committed 13440K, reserved 1048576K
}
Event: 30.021 GC heap before
{Heap before GC invocations=26 (full 0):
 garbage-first heap   total 227328K, used 179712K [0x0000000080000000, 0x0000000100000000)
  region size 1024K, 25 young (25600K), 5 survivors (5120K)
 Metaspace       used 95499K, capacity 97783K, committed 98124K, reserved 1134592K
  class space    used 12456K, capacity 13321K, committed 13440K, reserved 1048576K
}
Event: 30.054 GC heap after
{Heap after GC invocations=27 (full 0):
 garbage-first heap   total 273408K, used 169984K [0x0000000080000000, 0x0000000100000000)
  region size 1024K, 4 young (4096K), 4 survivors (4096K)
 Metaspace       used 95499K, capacity 97783K, committed 98124K, reserved 1134592K
  class space    used 12456K, capacity 13321K, committed 13440K, reserved 1048576K
}
Event: 30.661 GC heap before
{Heap before GC invocations=28 (full 0):
 garbage-first heap   total 273408K, used 203776K [0x0000000080000000, 0x0000000100000000)
  region size 1024K, 37 young (37888K), 4 survivors (4096K)
 Metaspace       used 95509K, capacity 97787K, committed 98124K, reserved 1134592K
  class space    used 12456K, capacity 13321K, committed 13440K, reserved 1048576K
}
Event: 30.713 GC heap after
{Heap after GC invocations=29 (full 0):
 garbage-first heap   total 273408K, used 187904K [0x0000000080000000, 0x0000000100000000)
  region size 1024K, 5 young (5120K), 5 survivors (5120K)
 Metaspace       used 95509K, capacity 97787K, committed 98124K, reserved 1134592K
  class space    used 12456K, capacity 13321K, committed 13440K, reserved 1048576K
}
Event: 31.405 GC heap before
{Heap before GC invocations=29 (full 0):
 garbage-first heap   total 273408K, used 212480K [0x0000000080000000, 0x0000000100000000)
  region size 1024K, 30 young (30720K), 5 survivors (5120K)
 Metaspace       used 97552K, capacity 99948K, committed 100172K, reserved 1136640K
  class space    used 12729K, capacity 13629K, committed 13696K, reserved 1048576K
}
Event: 31.437 GC heap after
{Heap after GC invocations=30 (full 0):
 garbage-first heap   total 273408K, used 196096K [0x0000000080000000, 0x0000000100000000)
  region size 1024K, 4 young (4096K), 4 survivors (4096K)
 Metaspace       used 97552K, capacity 99948K, committed 100172K, reserved 1136640K
  class space    used 12729K, capacity 13629K, committed 13696K, reserved 1048576K
}
Event: 32.128 GC heap before
{Heap before GC invocations=30 (full 0):
 garbage-first heap   total 273408K, used 219648K [0x0000000080000000, 0x0000000100000000)
  region size 1024K, 27 young (27648K), 4 survivors (4096K)
 Metaspace       used 98332K, capacity 100879K, committed 101068K, reserved 1136640K
  class space    used 12852K, capacity 13811K, committed 13824K, reserved 1048576K
}
Event: 32.157 GC heap after
{Heap after GC invocations=31 (full 0):
 garbage-first heap   total 273408K, used 201073K [0x0000000080000000, 0x0000000100000000)
  region size 1024K, 4 young (4096K), 4 survivors (4096K)
 Metaspace       used 98332K, capacity 100879K, committed 101068K, reserved 1136640K
  class space    used 12852K, capacity 13811K, committed 13824K, reserved 1048576K
}
Event: 32.775 GC heap before
{Heap before GC invocations=32 (full 0):
 garbage-first heap   total 273408K, used 209265K [0x0000000080000000, 0x0000000100000000)
  region size 1024K, 26 young (26624K), 4 survivors (4096K)
 Metaspace       used 98518K, capacity 101053K, committed 101068K, reserved 1136640K
  class space    used 12873K, capacity 13820K, committed 13824K, reserved 1048576K
}
Event: 32.800 GC heap after
{Heap after GC invocations=33 (full 0):
 garbage-first heap   total 328704K, used 190607K [0x0000000080000000, 0x0000000100000000)
  region size 1024K, 4 young (4096K), 4 survivors (4096K)
 Metaspace       used 98518K, capacity 101053K, committed 101068K, reserved 1136640K
  class space    used 12873K, capacity 13820K, committed 13824K, reserved 1048576K
}
Event: 32.986 GC heap before
{Heap before GC invocations=33 (full 0):
 garbage-first heap   total 328704K, used 201871K [0x0000000080000000, 0x0000000100000000)
  region size 1024K, 16 young (16384K), 4 survivors (4096K)
 Metaspace       used 98621K, capacity 101165K, committed 101452K, reserved 1136640K
  class space    used 12885K, capacity 13835K, committed 13952K, reserved 1048576K
}
Event: 33.003 GC heap after
{Heap after GC invocations=34 (full 0):
 garbage-first heap   total 328704K, used 191099K [0x0000000080000000, 0x0000000100000000)
  region size 1024K, 2 young (2048K), 2 survivors (2048K)
 Metaspace       used 98621K, capacity 101165K, committed 101452K, reserved 1136640K
  class space    used 12885K, capacity 13835K, committed 13952K, reserved 1048576K
}
Event: 33.486 GC heap before
{Heap before GC invocations=34 (full 0):
 garbage-first heap   total 328704K, used 214651K [0x0000000080000000, 0x0000000100000000)
  region size 1024K, 26 young (26624K), 2 survivors (2048K)
 Metaspace       used 98902K, capacity 101433K, committed 101708K, reserved 1136640K
  class space    used 12908K, capacity 13875K, committed 13952K, reserved 1048576K
}
Event: 33.498 GC heap after
{Heap after GC invocations=35 (full 0):
 garbage-first heap   total 328704K, used 192400K [0x0000000080000000, 0x0000000100000000)
  region size 1024K, 3 young (3072K), 3 survivors (3072K)
 Metaspace       used 98902K, capacity 101433K, committed 101708K, reserved 1136640K
  class space    used 12908K, capacity 13875K, committed 13952K, reserved 1048576K
}
Event: 36.100 GC heap before
{Heap before GC invocations=36 (full 0):
 garbage-first heap   total 328704K, used 252816K [0x0000000080000000, 0x0000000100000000)
  region size 1024K, 52 young (53248K), 3 survivors (3072K)
 Metaspace       used 99140K, capacity 101660K, committed 101964K, reserved 1136640K
  class space    used 12927K, capacity 13883K, committed 13952K, reserved 1048576K
}
Event: 36.139 GC heap after
{Heap after GC invocations=37 (full 0):
 garbage-first heap   total 328704K, used 204605K [0x0000000080000000, 0x0000000100000000)
  region size 1024K, 4 young (4096K), 4 survivors (4096K)
 Metaspace       used 99140K, capacity 101660K, committed 101964K, reserved 1136640K
  class space    used 12927K, capacity 13883K, committed 13952K, reserved 1048576K
}
Event: 36.893 GC heap before
{Heap before GC invocations=37 (full 0):
 garbage-first heap   total 328704K, used 220989K [0x0000000080000000, 0x0000000100000000)
  region size 1024K, 16 young (16384K), 4 survivors (4096K)
 Metaspace       used 99317K, capacity 101856K, committed 101964K, reserved 1136640K
  class space    used 12945K, capacity 13925K, committed 13952K, reserved 1048576K
}
Event: 36.947 GC heap after
{Heap after GC invocations=38 (full 0):
 garbage-first heap   total 328704K, used 205845K [0x0000000080000000, 0x0000000100000000)
  region size 1024K, 2 young (2048K), 2 survivors (2048K)
 Metaspace       used 99317K, capacity 101856K, committed 101964K, reserved 1136640K
  class space    used 12945K, capacity 13925K, committed 13952K, reserved 1048576K
}
Event: 36.974 GC heap before
{Heap before GC invocations=38 (full 0):
 garbage-first heap   total 328704K, used 206869K [0x0000000080000000, 0x0000000100000000)
  region size 1024K, 4 young (4096K), 2 survivors (2048K)
 Metaspace       used 99317K, capacity 101856K, committed 101964K, reserved 1136640K
  class space    used 12945K, capacity 13925K, committed 13952K, reserved 1048576K
}

Deoptimization events (20 events):
Event: 36.196 Thread 0x000001c888e53800 DEOPT PACKING pc=0x000001c8f17e0fd0 sp=0x000000aad95fe1c0
Event: 36.196 Thread 0x000001c888e53800 DEOPT UNPACKING pc=0x000001c8e957a1af sp=0x000000aad95fe160 mode 2
Event: 36.196 Thread 0x000001c888e53800 Uncommon trap: trap_request=0xffffffde fr.pc=0x000001c8f17e0fd0 relative=0x0000000000000350
Event: 36.196 Thread 0x000001c888e53800 Uncommon trap: reason=class_check action=maybe_recompile pc=0x000001c8f17e0fd0 method=com.android.tools.r8.internal.dc.a(Lcom/android/tools/r8/graph/d1;Lcom/android/tools/r8/graph/d1;)I @ 12 c2
Event: 36.196 Thread 0x000001c888e53800 DEOPT PACKING pc=0x000001c8f17e0fd0 sp=0x000000aad95fdfe0
Event: 36.196 Thread 0x000001c888e53800 DEOPT UNPACKING pc=0x000001c8e957a1af sp=0x000000aad95fdf80 mode 2
Event: 36.196 Thread 0x000001c888e53800 Uncommon trap: trap_request=0xffffffde fr.pc=0x000001c8f17e0fd0 relative=0x0000000000000350
Event: 36.196 Thread 0x000001c888e53800 Uncommon trap: reason=class_check action=maybe_recompile pc=0x000001c8f17e0fd0 method=com.android.tools.r8.internal.dc.a(Lcom/android/tools/r8/graph/d1;Lcom/android/tools/r8/graph/d1;)I @ 12 c2
Event: 36.196 Thread 0x000001c888e53800 DEOPT PACKING pc=0x000001c8f17e0fd0 sp=0x000000aad95fe070
Event: 36.196 Thread 0x000001c888e53800 DEOPT UNPACKING pc=0x000001c8e957a1af sp=0x000000aad95fe010 mode 2
Event: 36.196 Thread 0x000001c888e53800 Uncommon trap: trap_request=0xffffffde fr.pc=0x000001c8f17e0fd0 relative=0x0000000000000350
Event: 36.197 Thread 0x000001c888e53800 Uncommon trap: reason=class_check action=maybe_recompile pc=0x000001c8f17e0fd0 method=com.android.tools.r8.internal.dc.a(Lcom/android/tools/r8/graph/d1;Lcom/android/tools/r8/graph/d1;)I @ 12 c2
Event: 36.197 Thread 0x000001c888e53800 DEOPT PACKING pc=0x000001c8f17e0fd0 sp=0x000000aad95fe070
Event: 36.197 Thread 0x000001c888e53800 DEOPT UNPACKING pc=0x000001c8e957a1af sp=0x000000aad95fe010 mode 2
Event: 36.654 Thread 0x000001c888e53800 DEOPT PACKING pc=0x000001c8eb4f3161 sp=0x000000aad95fe6c0
Event: 36.654 Thread 0x000001c888e53800 DEOPT UNPACKING pc=0x000001c8e957a95e sp=0x000000aad95fdbe8 mode 0
Event: 36.678 Thread 0x000001c888e53800 Uncommon trap: trap_request=0xffffff4d fr.pc=0x000001c8f16635cc relative=0x000000000000036c
Event: 36.678 Thread 0x000001c888e53800 Uncommon trap: reason=unstable_if action=reinterpret pc=0x000001c8f16635cc method=com.android.tools.r8.internal.Hq.a(ILjava/lang/Object;)Ljava/lang/Object; @ 60 c2
Event: 36.678 Thread 0x000001c888e53800 DEOPT PACKING pc=0x000001c8f16635cc sp=0x000000aad95fe420
Event: 36.678 Thread 0x000001c888e53800 DEOPT UNPACKING pc=0x000001c8e957a1af sp=0x000000aad95fe3e0 mode 2

Classes redefined (0 events):
No events

Internal exceptions (20 events):
Event: 27.246 Thread 0x000001c888e49800 Exception <a 'java/lang/NoSuchMethodError'{0x00000000885c39a0}: 'java.lang.Object java.lang.invoke.DirectMethodHandle$Holder.invokeStatic(java.lang.Object, long)'> (0x00000000885c39a0) thrown at [./src/hotspot/share/interpreter/linkResolver.cpp, line 773]
Event: 27.249 Thread 0x000001c888e49800 Exception <a 'java/lang/NoSuchMethodError'{0x00000000885d1d08}: 'java.lang.Object java.lang.invoke.DirectMethodHandle$Holder.invokeStaticInit(java.lang.Object, java.lang.Object, long, java.lang.Object)'> (0x00000000885d1d08) thrown at [./src/hotspot/share/interpreter/linkResolver.cpp, line 773]
Event: 27.250 Thread 0x000001c888e49800 Exception <a 'java/lang/NoSuchMethodError'{0x00000000885d7ea0}: 'java.lang.Object java.lang.invoke.DirectMethodHandle$Holder.invokeStatic(java.lang.Object, java.lang.Object, long)'> (0x00000000885d7ea0) thrown at [./src/hotspot/share/interpreter/linkResolver.cpp, line 773]
Event: 27.250 Thread 0x000001c888e49800 Exception <a 'java/lang/NoSuchMethodError'{0x00000000885de418}: 'java.lang.Object java.lang.invoke.Invokers$Holder.linkToTargetMethod(java.lang.Object, long, java.lang.Object)'> (0x00000000885de418) thrown at [./src/hotspot/share/interpreter/linkResolver.cpp, line 773]
Event: 27.265 Thread 0x000001c888e4d800 Exception <a 'java/lang/NoSuchMethodError'{0x000000008829fa58}: 'java.lang.Object java.lang.invoke.DirectMethodHandle$Holder.invokeStaticInit(java.lang.Object, java.lang.Object, java.lang.Object, java.lang.Object, java.lang.Object, java.lang.Object, java.lang.Object, java.lang.Object, java.lang.Object, java.lang.Object, java.lang.Object, java.lang.Object, java.lang.Object, java.lang.Object, java.lang.Object, java.lang.Object, java.lang.Object, java.lang.Object, int, java.lang.Object, java.lang.Object)'> (0
Event: 28.100 Thread 0x000001c888e49800 Exception <a 'java/lang/NoSuchMethodError'{0x000000008b887850}: 'int java.lang.invoke.DirectMethodHandle$Holder.invokeSpecialIFC(java.lang.Object, java.lang.Object, java.lang.Object)'> (0x000000008b887850) thrown at [./src/hotspot/share/interpreter/linkResolver.cpp, line 773]
Event: 28.526 Thread 0x000001c888e53800 Exception <a 'java/lang/NoSuchMethodError'{0x000000008cb99958}: 'java.lang.Object java.lang.invoke.DirectMethodHandle$Holder.newInvokeSpecial(java.lang.Object, int)'> (0x000000008cb99958) thrown at [./src/hotspot/share/interpreter/linkResolver.cpp, line 773]
Event: 28.793 Thread 0x000001c888e51800 Exception <a 'java/lang/IncompatibleClassChangeError'{0x000000008c8bfde0}: Found class java.lang.Object, but interface was expected> (0x000000008c8bfde0) thrown at [./src/hotspot/share/interpreter/linkResolver.cpp, line 839]
Event: 28.798 Thread 0x000001c888e53800 Exception <a 'java/lang/IncompatibleClassChangeError'{0x000000008c8f5498}: Found class java.lang.Object, but interface was expected> (0x000000008c8f5498) thrown at [./src/hotspot/share/interpreter/linkResolver.cpp, line 839]
Event: 28.799 Thread 0x000001c888e53800 Exception <a 'java/lang/IncompatibleClassChangeError'{0x000000008c8faff8}: Found class java.lang.Object, but interface was expected> (0x000000008c8faff8) thrown at [./src/hotspot/share/interpreter/linkResolver.cpp, line 839]
Event: 28.799 Thread 0x000001c888e51800 Exception <a 'java/lang/IncompatibleClassChangeError'{0x000000008c708c30}: Found class java.lang.Object, but interface was expected> (0x000000008c708c30) thrown at [./src/hotspot/share/interpreter/linkResolver.cpp, line 839]
Event: 31.002 Thread 0x000001c888e4d800 Exception <a 'java/lang/IncompatibleClassChangeError'{0x000000008fd1e218}: Found class java.lang.Object, but interface was expected> (0x000000008fd1e218) thrown at [./src/hotspot/share/interpreter/linkResolver.cpp, line 839]
Event: 31.674 Thread 0x000001c888e4d800 Implicit null exception at 0x000001c8f163f5a2 to 0x000001c8f163fef0
Event: 31.735 Thread 0x000001c888e4d800 Exception <a 'java/lang/NoSuchMethodError'{0x000000008fdb26e0}: 'int java.lang.invoke.DirectMethodHandle$Holder.invokeSpecial(java.lang.Object, java.lang.Object, java.lang.Object, java.lang.Object, java.lang.Object)'> (0x000000008fdb26e0) thrown at [./src/hotspot/share/interpreter/linkResolver.cpp, line 773]
Event: 31.860 Thread 0x000001c888e4d800 Exception <a 'java/lang/IncompatibleClassChangeError'{0x000000008f89b110}: Found class java.lang.Object, but interface was expected> (0x000000008f89b110) thrown at [./src/hotspot/share/interpreter/linkResolver.cpp, line 839]
Event: 31.898 Thread 0x000001c888e4d800 Exception <a 'java/lang/NoSuchMethodError'{0x000000008f70b1e8}: 'java.lang.Object java.lang.invoke.Invokers$Holder.linkToTargetMethod(java.lang.Object, int, java.lang.Object, java.lang.Object, java.lang.Object, java.lang.Object)'> (0x000000008f70b1e8) thrown at [./src/hotspot/share/interpreter/linkResolver.cpp, line 773]
Event: 31.915 Thread 0x000001c888e4d800 Exception <a 'java/lang/NoSuchMethodError'{0x000000008f75d5d8}: 'java.lang.Object java.lang.invoke.Invokers$Holder.linkToTargetMethod(java.lang.Object, java.lang.Object, java.lang.Object, int, java.lang.Object, java.lang.Object, java.lang.Object)'> (0x000000008f75d5d8) thrown at [./src/hotspot/share/interpreter/linkResolver.cpp, line 773]
Event: 32.039 Thread 0x000001c888e4d800 Exception <a 'java/lang/NoSuchMethodError'{0x000000008f65dc28}: 'void java.lang.invoke.DirectMethodHandle$Holder.invokeStatic(java.lang.Object, java.lang.Object, java.lang.Object, java.lang.Object, java.lang.Object, java.lang.Object, java.lang.Object, java.lang.Object)'> (0x000000008f65dc28) thrown at [./src/hotspot/share/interpreter/linkResolver.cpp, line 773]
Event: 32.062 Thread 0x000001c888e4d800 Implicit null exception at 0x000001c8f17183ef to 0x000001c8f1718500
Event: 34.424 Thread 0x000001c888e4d800 Exception <a 'java/lang/IncompatibleClassChangeError'{0x00000000921c49c0}: Found class java.lang.Object, but interface was expected> (0x00000000921c49c0) thrown at [./src/hotspot/share/interpreter/linkResolver.cpp, line 839]

Events (20 events):
Event: 36.677 loading class com/android/tools/r8/internal/LJ$b done
Event: 36.679 loading class com/android/tools/r8/internal/gA
Event: 36.679 loading class com/android/tools/r8/internal/gA done
Event: 36.681 loading class com/android/tools/r8/code/w1
Event: 36.681 loading class com/android/tools/r8/code/w1 done
Event: 36.681 loading class com/android/tools/r8/code/w1
Event: 36.681 loading class com/android/tools/r8/code/w1 done
Event: 36.681 loading class com/android/tools/r8/code/w1
Event: 36.681 loading class com/android/tools/r8/code/w1 done
Event: 36.683 loading class com/android/tools/r8/internal/bu
Event: 36.683 loading class com/android/tools/r8/internal/bu done
Event: 36.684 loading class java/util/IdentityHashMap$EntryIterator$Entry
Event: 36.684 loading class java/util/IdentityHashMap$EntryIterator$Entry done
Event: 36.684 loading class com/android/tools/r8/code/w1
Event: 36.684 loading class com/android/tools/r8/code/w1 done
Event: 36.684 loading class com/android/tools/r8/code/w1
Event: 36.684 loading class com/android/tools/r8/code/w1 done
Event: 36.893 Executing VM operation: G1CollectForAllocation
Event: 36.947 Executing VM operation: G1CollectForAllocation done
Event: 36.974 Executing VM operation: G1CollectForAllocation


Dynamic libraries:
0x00007ff64f280000 - 0x00007ff64f28a000 	C:\Program Files\Android\Android Studio\jre\bin\java.exe
0x00007ffbf50d0000 - 0x00007ffbf52c8000 	C:\WINDOWS\SYSTEM32\ntdll.dll
0x00007ffbf3e70000 - 0x00007ffbf3f2d000 	C:\WINDOWS\System32\KERNEL32.DLL
0x00007ffbf28a0000 - 0x00007ffbf2b6e000 	C:\WINDOWS\System32\KERNELBASE.dll
0x00007ffbf2b70000 - 0x00007ffbf2c70000 	C:\WINDOWS\System32\ucrtbase.dll
0x00007ffbeceb0000 - 0x00007ffbecec7000 	C:\Program Files\Android\Android Studio\jre\bin\VCRUNTIME140.dll
0x00007ffbecbd0000 - 0x00007ffbecbe9000 	C:\Program Files\Android\Android Studio\jre\bin\jli.dll
0x00007ffbf3f60000 - 0x00007ffbf4100000 	C:\WINDOWS\System32\USER32.dll
0x00007ffbf3100000 - 0x00007ffbf3122000 	C:\WINDOWS\System32\win32u.dll
0x00007ffbe22d0000 - 0x00007ffbe256a000 	C:\WINDOWS\WinSxS\amd64_microsoft.windows.common-controls_6595b64144ccf1df_6.0.19041.1110_none_60b5254171f9507e\COMCTL32.dll
0x00007ffbf3f30000 - 0x00007ffbf3f5a000 	C:\WINDOWS\System32\GDI32.dll
0x00007ffbf4700000 - 0x00007ffbf479e000 	C:\WINDOWS\System32\msvcrt.dll
0x00007ffbf2dc0000 - 0x00007ffbf2ecb000 	C:\WINDOWS\System32\gdi32full.dll
0x00007ffbf2ed0000 - 0x00007ffbf2f6d000 	C:\WINDOWS\System32\msvcp_win.dll
0x00007ffbf3870000 - 0x00007ffbf38a0000 	C:\WINDOWS\System32\IMM32.DLL
0x00007ffb91670000 - 0x00007ffb9170d000 	C:\Program Files\Android\Android Studio\jre\bin\msvcp140.dll
0x00007ffb64d70000 - 0x00007ffb65855000 	C:\Program Files\Android\Android Studio\jre\bin\server\jvm.dll
0x00007ffbf3dc0000 - 0x00007ffbf3e6e000 	C:\WINDOWS\System32\ADVAPI32.dll
0x00007ffbf3b70000 - 0x00007ffbf3c0c000 	C:\WINDOWS\System32\sechost.dll
0x00007ffbf4f60000 - 0x00007ffbf5085000 	C:\WINDOWS\System32\RPCRT4.dll
0x00007ffbf4160000 - 0x00007ffbf4168000 	C:\WINDOWS\System32\PSAPI.DLL
0x00007ffbc7260000 - 0x00007ffbc7269000 	C:\WINDOWS\SYSTEM32\WSOCK32.dll
0x00007ffbe9200000 - 0x00007ffbe920a000 	C:\WINDOWS\SYSTEM32\VERSION.dll
0x00007ffbe1ea0000 - 0x00007ffbe1ec7000 	C:\WINDOWS\SYSTEM32\WINMM.dll
0x00007ffbf4220000 - 0x00007ffbf428b000 	C:\WINDOWS\System32\WS2_32.dll
0x00007ffbf06e0000 - 0x00007ffbf06f2000 	C:\WINDOWS\SYSTEM32\kernel.appcore.dll
0x00007ffbeadd0000 - 0x00007ffbeade1000 	C:\Program Files\Android\Android Studio\jre\bin\verify.dll
0x00007ffbed770000 - 0x00007ffbed954000 	C:\WINDOWS\SYSTEM32\DBGHELP.DLL
0x00007ffbd6010000 - 0x00007ffbd603c000 	C:\WINDOWS\SYSTEM32\dbgcore.DLL
0x00007ffbf2d30000 - 0x00007ffbf2db2000 	C:\WINDOWS\System32\bcryptPrimitives.dll
0x00007ffbdf910000 - 0x00007ffbdf939000 	C:\Program Files\Android\Android Studio\jre\bin\java.dll
0x00007ffbeae90000 - 0x00007ffbeae9b000 	C:\Program Files\Android\Android Studio\jre\bin\jimage.dll
0x00007ffbe4630000 - 0x00007ffbe4648000 	C:\Program Files\Android\Android Studio\jre\bin\zip.dll
0x00007ffbf47a0000 - 0x00007ffbf4ee3000 	C:\WINDOWS\System32\SHELL32.dll
0x00007ffbf08e0000 - 0x00007ffbf1075000 	C:\WINDOWS\SYSTEM32\windows.storage.dll
0x00007ffbf4290000 - 0x00007ffbf45e4000 	C:\WINDOWS\System32\combase.dll
0x00007ffbf2250000 - 0x00007ffbf2280000 	C:\WINDOWS\SYSTEM32\Wldp.dll
0x00007ffbf4170000 - 0x00007ffbf421d000 	C:\WINDOWS\System32\SHCORE.dll
0x00007ffbf4100000 - 0x00007ffbf4155000 	C:\WINDOWS\System32\shlwapi.dll
0x00007ffbf2730000 - 0x00007ffbf274f000 	C:\WINDOWS\SYSTEM32\profapi.dll
0x00007ffbe4450000 - 0x00007ffbe446a000 	C:\Program Files\Android\Android Studio\jre\bin\net.dll
0x00007ffbe50e0000 - 0x00007ffbe51ea000 	C:\WINDOWS\SYSTEM32\WINHTTP.dll
0x00007ffbf1fb0000 - 0x00007ffbf201a000 	C:\WINDOWS\system32\mswsock.dll
0x00007ffbd18e0000 - 0x00007ffbd18f4000 	C:\Program Files\Android\Android Studio\jre\bin\nio.dll
0x00007ffbecc30000 - 0x00007ffbecc57000 	C:\Users\Nada Said\.gradle\native\e1d6ef7f7dcc3fd88c89a11ec53ec762bb8ba0a96d01ffa2cd45eb1d1d8dd5c5\windows-amd64\native-platform.dll
0x00007ffb90b00000 - 0x00007ffb90c44000 	C:\Users\Nada Said\.gradle\native\5664cfc778a61ccfe75a443a1ab52a65af34e5dc3c78e0209fed803814484fcb\windows-amd64\native-platform-file-events.dll
0x00007ffbead50000 - 0x00007ffbead5a000 	C:\Program Files\Android\Android Studio\jre\bin\management.dll
0x00007ffbea9d0000 - 0x00007ffbea9dd000 	C:\Program Files\Android\Android Studio\jre\bin\management_ext.dll
0x00007ffbf21b0000 - 0x00007ffbf21c8000 	C:\WINDOWS\SYSTEM32\CRYPTSP.dll
0x00007ffbf18c0000 - 0x00007ffbf18f4000 	C:\WINDOWS\system32\rsaenh.dll
0x00007ffbf2f70000 - 0x00007ffbf2f97000 	C:\WINDOWS\System32\bcrypt.dll
0x00007ffbf26f0000 - 0x00007ffbf271e000 	C:\WINDOWS\SYSTEM32\USERENV.dll
0x00007ffbf21a0000 - 0x00007ffbf21ac000 	C:\WINDOWS\SYSTEM32\CRYPTBASE.dll
0x00007ffbf1c50000 - 0x00007ffbf1c8b000 	C:\WINDOWS\SYSTEM32\IPHLPAPI.DLL
0x00007ffbf3b00000 - 0x00007ffbf3b08000 	C:\WINDOWS\System32\NSI.dll
0x00007ffbe94c0000 - 0x00007ffbe94d7000 	C:\WINDOWS\SYSTEM32\dhcpcsvc6.DLL
0x00007ffbea5b0000 - 0x00007ffbea5cd000 	C:\WINDOWS\SYSTEM32\dhcpcsvc.DLL
0x00007ffbf1ca0000 - 0x00007ffbf1d6a000 	C:\WINDOWS\SYSTEM32\DNSAPI.dll

dbghelp: loaded successfully - version: 4.0.5 - missing functions: none
symbol engine: initialized successfully - sym options: 0x614 - pdb path: .;C:\Program Files\Android\Android Studio\jre\bin;C:\WINDOWS\SYSTEM32;C:\WINDOWS\WinSxS\amd64_microsoft.windows.common-controls_6595b64144ccf1df_6.0.19041.1110_none_60b5254171f9507e;C:\Program Files\Android\Android Studio\jre\bin\server;C:\Users\Nada Said\.gradle\native\e1d6ef7f7dcc3fd88c89a11ec53ec762bb8ba0a96d01ffa2cd45eb1d1d8dd5c5\windows-amd64;C:\Users\Nada Said\.gradle\native\5664cfc778a61ccfe75a443a1ab52a65af34e5dc3c78e0209fed803814484fcb\windows-amd64

VM Arguments:
jvm_args: --add-opens=java.base/java.util=ALL-UNNAMED --add-opens=java.base/java.lang=ALL-UNNAMED --add-opens=java.base/java.lang.invoke=ALL-UNNAMED --add-opens=java.base/java.util=ALL-UNNAMED --add-opens=java.prefs/java.util.prefs=ALL-UNNAMED --add-opens=java.prefs/java.util.prefs=ALL-UNNAMED --add-opens=java.base/java.nio.charset=ALL-UNNAMED --add-opens=java.base/java.net=ALL-UNNAMED --add-opens=java.base/java.util.concurrent.atomic=ALL-UNNAMED -Xmx2048m -Dfile.encoding=UTF-8 -Duser.country=US -Duser.language=en -Duser.variant 
java_command: org.gradle.launcher.daemon.bootstrap.GradleDaemon 7.3.3
java_class_path (initial): C:\Users\Nada Said\.gradle\wrapper\dists\gradle-7.3.3-bin\6a41zxkdtcxs8rphpq6y0069z\gradle-7.3.3\lib\gradle-launcher-7.3.3.jar
Launcher Type: SUN_STANDARD

[Global flags]
     intx CICompilerCount                          = 3                                         {product} {ergonomic}
     uint ConcGCThreads                            = 1                                         {product} {ergonomic}
     uint G1ConcRefinementThreads                  = 4                                         {product} {ergonomic}
   size_t G1HeapRegionSize                         = 1048576                                   {product} {ergonomic}
    uintx GCDrainStackTargetSize                   = 64                                        {product} {ergonomic}
   size_t InitialHeapSize                          = 134217728                                 {product} {ergonomic}
   size_t MarkStackSize                            = 4194304                                   {product} {ergonomic}
   size_t MaxHeapSize                              = 2147483648                                {product} {command line}
   size_t MaxNewSize                               = 1287651328                                {product} {ergonomic}
   size_t MinHeapDeltaBytes                        = 1048576                                   {product} {ergonomic}
    uintx NonNMethodCodeHeapSize                   = 5830732                                {pd product} {ergonomic}
    uintx NonProfiledCodeHeapSize                  = 122913754                              {pd product} {ergonomic}
    uintx ProfiledCodeHeapSize                     = 122913754                              {pd product} {ergonomic}
    uintx ReservedCodeCacheSize                    = 251658240                              {pd product} {ergonomic}
     bool SegmentedCodeCache                       = true                                      {product} {ergonomic}
     bool UseCompressedClassPointers               = true                                 {lp64_product} {ergonomic}
     bool UseCompressedOops                        = true                                 {lp64_product} {ergonomic}
     bool UseG1GC                                  = true                                      {product} {ergonomic}
     bool UseLargePagesIndividualAllocation        = false                                  {pd product} {ergonomic}

Logging:
Log output configuration:
 #0: stdout all=warning uptime,level,tags
 #1: stderr all=off uptime,level,tags

Environment Variables:
JAVA_HOME=C:\Program Files\Java\jdk-17.0.1
PATH=C:\Program Files\Microsoft\jdk-11.0.12.7-hotspot\bin;C:\Program Files (x86)\NVIDIA Corporation\PhysX\Common;C:\Oracle\Middleware\Oracle_FRHome1\bin;C:\Program Files\Common Files\Oracle\Java\javapath;C:\app\NadaSaid\product\11.2.0\dbhome_1\bin;C:\ProgramData\Oracle\Java\javapath;C:\WINDOWS\system32;C:\WINDOWS;C:\WINDOWS\System32\Wbem;C:\WINDOWS\System32\WindowsPowerShell\v1.0\;C:\WINDOWS\System32\OpenSSH\;C:\Program Files\Git\cmd;C:\Program Files\Java\jdk-17.0.1\bin;C:\Oracle\Middleware\Oracle_FRHome1\opmn\bin;C:\Oracle\Middleware\Oracle_FRHome1\opmn\lib;C:\Oracle\Middleware\Oracle_FRHome1\perl\bin;C:\Program Files\Microsoft SQL Server\Client SDK\ODBC\110\Tools\Binn\;C:\Program Files (x86)\Microsoft SQL Server\120\Tools\Binn\;C:\Program Files\Microsoft SQL Server\120\Tools\Binn\;C:\Program Files\Microsoft SQL Server\120\DTS\Binn\;C:\Program Files (x86)\Windows Kits\8.1\Windows Performance Toolkit\;C:\Program Files\dotnet\;C:\Users\Nada Said\AppData\Local\Programs\Python\Python37\Scripts\;C:\Users\Nada Said\AppData\Local\Programs\Python\Python37\;C:\Python37\Scripts\;C:\Python37\;C:\Users\Nada Said\AppData\Local\Microsoft\WindowsApps;C:\Users\Nada Said\AppData\Local\Programs\Microsoft VS Code\bin;C:\Program Files\JetBrains\IntelliJ IDEA Community Edition 2021.2.3\bin;;C:\Users\Nada Said\.dotnet\tools;C:\Users\Nada Said\AppData\Local\GitHubDesktop\bin;C:\Dart\dart-sdk\bin;
USERNAME=Nada Said
LD_LIBRARY_PATH=C:\Oracle\Middleware\Oracle_FRHome1\lib
OS=Windows_NT
PROCESSOR_IDENTIFIER=Intel64 Family 6 Model 61 Stepping 4, GenuineIntel



---------------  S Y S T E M  ---------------

OS: Windows 10 , 64 bit Build 19041 (10.0.19041.1889)
OS uptime: 4 days 7:47 hours

CPU:total 4 (initial active 4) (2 cores per cpu, 2 threads per core) family 6 model 61 stepping 4 microcode 0x2d, cmov, cx8, fxsr, mmx, sse, sse2, sse3, ssse3, sse4.1, sse4.2, popcnt, avx, avx2, aes, clmul, erms, rtm, 3dnowpref, lzcnt, ht, tsc, tscinvbit, bmi1, bmi2, adx, fma

Memory: 4k page, system-wide physical 8067M (768M free)
TotalPageFile size 11347M (AvailPageFile size 79M)
current process WorkingSet (physical memory assigned to process): 604M, peak: 617M
current process commit charge ("private bytes"): 643M, peak: 728M

vm_info: OpenJDK 64-Bit Server VM (11.0.12+7-b1504.28-7817840) for windows-amd64 JRE (11.0.12+7-b1504.28-7817840), built on Oct 13 2021 22:12:33 by "builder" with MS VC++ 14.0 (VS2015)

END.
