#
# There is insufficient memory for the Java Runtime Environment to continue.
# Native memory allocation (malloc) failed to allocate 1407216 bytes for Chunk::new
# Possible reasons:
#   The system is out of physical RAM or swap space
#   The process is running with CompressedOops enabled, and the Java Heap may be blocking the growth of the native heap
# Possible solutions:
#   Reduce memory load on the system
#   Increase physical memory or swap space
#   Check if swap backing store is full
#   Decrease Java heap size (-Xmx/-Xms)
#   Decrease number of Java threads
#   Decrease Java thread stack sizes (-Xss)
#   Set larger code cache with -XX:ReservedCodeCacheSize=
#   JVM is running with Unscaled Compressed Oops mode in which the Java heap is
#     placed in the first 4GB address space. The Java Heap base address is the
#     maximum limit for the native heap growth. Please use -XX:HeapBaseMinAddress
#     to set the Java Heap base and to place the Java Heap above 4GB virtual address.
# This output file may be truncated or incomplete.
#
#  Out of Memory Error (./src/hotspot/share/memory/arena.cpp:197), pid=1072, tid=8412
#
# JRE version: OpenJDK Runtime Environment (11.0.12+7) (build 11.0.12+7-b1504.28-7817840)
# Java VM: OpenJDK 64-Bit Server VM (11.0.12+7-b1504.28-7817840, mixed mode, tiered, compressed oops, g1 gc, windows-amd64)
# No core dump will be written. Minidumps are not enabled by default on client versions of Windows
#

---------------  S U M M A R Y ------------

Command Line: --add-opens=java.base/java.util=ALL-UNNAMED --add-opens=java.base/java.lang=ALL-UNNAMED --add-opens=java.base/java.lang.invoke=ALL-UNNAMED --add-opens=java.base/java.util=ALL-UNNAMED --add-opens=java.prefs/java.util.prefs=ALL-UNNAMED --add-opens=java.prefs/java.util.prefs=ALL-UNNAMED --add-opens=java.base/java.nio.charset=ALL-UNNAMED --add-opens=java.base/java.net=ALL-UNNAMED --add-opens=java.base/java.util.concurrent.atomic=ALL-UNNAMED -Xmx2048m -Dfile.encoding=UTF-8 -Duser.country=US -Duser.language=en -Duser.variant org.gradle.launcher.daemon.bootstrap.GradleDaemon 7.3.3

Host: Intel(R) Core(TM) i5-5300U CPU @ 2.30GHz, 4 cores, 7G,  Windows 10 , 64 bit Build 19041 (10.0.19041.1889)
Time: Thu Oct  6 13:46:23 2022 Egypt Standard Time elapsed time: 23.041593 seconds (0d 0h 0m 23s)

---------------  T H R E A D  ---------------

Current thread (0x0000023a7ead8000):  JavaThread "C2 CompilerThread0" daemon [_thread_in_native, id=8412, stack(0x0000005c28900000,0x0000005c28a00000)]


Current CompileTask:
C2:  23041 11988       4       org.gradle.internal.service.DefaultServiceRegistry$SingletonService::get (5 bytes)

Stack: [0x0000005c28900000,0x0000005c28a00000]
Native frames: (J=compiled Java code, j=interpreted, Vv=VM code, C=native code)
V  [jvm.dll+0x5fbcea]
V  [jvm.dll+0x731905]
V  [jvm.dll+0x732f1d]
V  [jvm.dll+0x7335d3]
V  [jvm.dll+0x247bf8]
V  [jvm.dll+0xc018c]
V  [jvm.dll+0xc06cc]
V  [jvm.dll+0x35b31d]
V  [jvm.dll+0x19cebc]
V  [jvm.dll+0x20070e]
V  [jvm.dll+0x1ff794]
V  [jvm.dll+0x18868c]
V  [jvm.dll+0x20e0d7]
V  [jvm.dll+0x20c901]
V  [jvm.dll+0x6f9b7f]
V  [jvm.dll+0x6f26a5]
V  [jvm.dll+0x5fabf6]
C  [ucrtbase.dll+0x21bb2]
C  [KERNEL32.DLL+0x17034]
C  [ntdll.dll+0x526a1]


---------------  P R O C E S S  ---------------

Threads class SMR info:
_java_thread_list=0x0000023a126ae300, length=90, elements={
0x0000023a75ec1800, 0x0000023a7eab0000, 0x0000023a7eab3800, 0x0000023a7eace000,
0x0000023a7eacf000, 0x0000023a7ead3800, 0x0000023a7ead8000, 0x0000023a7eada000,
0x0000023a7eadf800, 0x0000023a7f584000, 0x0000023a11253000, 0x0000023a11b86800,
0x0000023a7f7fe800, 0x0000023a11cb6000, 0x0000023a12252000, 0x0000023a1230e800,
0x0000023a12247000, 0x0000023a134a8000, 0x0000023a1307e800, 0x0000023a1270f800,
0x0000023a1270d000, 0x0000023a12710800, 0x0000023a12711000, 0x0000023a124cd000,
0x0000023a12712000, 0x0000023a12713800, 0x0000023a12712800, 0x0000023a1270e800,
0x0000023a1270e000, 0x0000023a15bd1800, 0x0000023a15bd4800, 0x0000023a15bd6800,
0x0000023a15bd5800, 0x0000023a15bd2000, 0x0000023a15bd0800, 0x0000023a15bd9000,
0x0000023a15bd9800, 0x0000023a15bd8000, 0x0000023a15bda800, 0x0000023a15bd7000,
0x0000023a15bdf800, 0x0000023a15bdd000, 0x0000023a15bde800, 0x0000023a15bdb000,
0x0000023a15bdc000, 0x0000023a15bdd800, 0x0000023a17349800, 0x0000023a1734d800,
0x0000023a1734c000, 0x0000023a1734c800, 0x0000023a1734a000, 0x0000023a1734e800,
0x0000023a17348800, 0x0000023a1734b000, 0x0000023a17352800, 0x0000023a17354000,
0x0000023a17350000, 0x0000023a17355000, 0x0000023a1734f000, 0x0000023a17355800,
0x0000023a17351800, 0x0000023a17356800, 0x0000023a17350800, 0x0000023a17357800,
0x0000023a17353000, 0x0000023a15a12000, 0x0000023a15a10000, 0x0000023a15a0e000,
0x0000023a15a0f000, 0x0000023a15a10800, 0x0000023a15a11800, 0x0000023a15a0c800,
0x0000023a15a13000, 0x0000023a15a0d800, 0x0000023a15a15800, 0x0000023a15a18000,
0x0000023a15a16800, 0x0000023a15a17000, 0x0000023a15a19000, 0x0000023a15a14000,
0x0000023a15a1a800, 0x0000023a15a14800, 0x0000023a15a1b000, 0x0000023a17dfb000,
0x0000023a17dfc000, 0x0000023a17dfc800, 0x0000023a17dfe800, 0x0000023a17dfa000,
0x0000023a17e00000, 0x0000023a17e01800
}

Java Threads: ( => current thread )
  0x0000023a75ec1800 JavaThread "main" [_thread_blocked, id=5264, stack(0x0000005c27d00000,0x0000005c27e00000)]
  0x0000023a7eab0000 JavaThread "Reference Handler" daemon [_thread_blocked, id=16172, stack(0x0000005c28400000,0x0000005c28500000)]
  0x0000023a7eab3800 JavaThread "Finalizer" daemon [_thread_blocked, id=16828, stack(0x0000005c28500000,0x0000005c28600000)]
  0x0000023a7eace000 JavaThread "Signal Dispatcher" daemon [_thread_blocked, id=12352, stack(0x0000005c28600000,0x0000005c28700000)]
  0x0000023a7eacf000 JavaThread "Attach Listener" daemon [_thread_blocked, id=9400, stack(0x0000005c28700000,0x0000005c28800000)]
  0x0000023a7ead3800 JavaThread "Service Thread" daemon [_thread_blocked, id=14968, stack(0x0000005c28800000,0x0000005c28900000)]
=>0x0000023a7ead8000 JavaThread "C2 CompilerThread0" daemon [_thread_in_native, id=8412, stack(0x0000005c28900000,0x0000005c28a00000)]
  0x0000023a7eada000 JavaThread "C1 CompilerThread0" daemon [_thread_blocked, id=14632, stack(0x0000005c28a00000,0x0000005c28b00000)]
  0x0000023a7eadf800 JavaThread "Sweeper thread" daemon [_thread_blocked, id=14772, stack(0x0000005c28b00000,0x0000005c28c00000)]
  0x0000023a7f584000 JavaThread "Common-Cleaner" daemon [_thread_blocked, id=10504, stack(0x0000005c28c00000,0x0000005c28d00000)]
  0x0000023a11253000 JavaThread "Daemon health stats" [_thread_blocked, id=11516, stack(0x0000005c29100000,0x0000005c29200000)]
  0x0000023a11b86800 JavaThread "Incoming local TCP Connector on port 52146" [_thread_in_native, id=3424, stack(0x0000005c28e00000,0x0000005c28f00000)]
  0x0000023a7f7fe800 JavaThread "Daemon periodic checks" [_thread_blocked, id=12348, stack(0x0000005c29200000,0x0000005c29300000)]
  0x0000023a11cb6000 JavaThread "Daemon" [_thread_blocked, id=16120, stack(0x0000005c29300000,0x0000005c29400000)]
  0x0000023a12252000 JavaThread "Handler for socket connection from /127.0.0.1:52146 to /127.0.0.1:52147" [_thread_in_native, id=7136, stack(0x0000005c29400000,0x0000005c29500000)]
  0x0000023a1230e800 JavaThread "Cancel handler" [_thread_blocked, id=7120, stack(0x0000005c29500000,0x0000005c29600000)]
  0x0000023a12247000 JavaThread "Daemon worker" [_thread_blocked, id=16284, stack(0x0000005c29600000,0x0000005c29700000)]
  0x0000023a134a8000 JavaThread "Asynchronous log dispatcher for DefaultDaemonConnection: socket connection from /127.0.0.1:52146 to /127.0.0.1:52147" [_thread_blocked, id=4788, stack(0x0000005c29700000,0x0000005c29800000)]
  0x0000023a1307e800 JavaThread "Stdin handler" [_thread_blocked, id=12780, stack(0x0000005c29800000,0x0000005c29900000)]
  0x0000023a1270f800 JavaThread "Daemon client event forwarder" [_thread_blocked, id=1156, stack(0x0000005c29900000,0x0000005c29a00000)]
  0x0000023a1270d000 JavaThread "Cache worker for journal cache (C:\Users\Nada Said\.gradle\caches\journal-1)" [_thread_blocked, id=9048, stack(0x0000005c29a00000,0x0000005c29b00000)]
  0x0000023a12710800 JavaThread "File lock request listener" [_thread_in_native, id=7280, stack(0x0000005c29b00000,0x0000005c29c00000)]
  0x0000023a12711000 JavaThread "Cache worker for file hash cache (C:\Users\Nada Said\.gradle\caches\7.3.3\fileHashes)" [_thread_blocked, id=812, stack(0x0000005c29c00000,0x0000005c29d00000)]
  0x0000023a124cd000 JavaThread "C2 CompilerThread1" daemon [_thread_in_native, id=12692, stack(0x0000005c29e00000,0x0000005c29f00000)]
  0x0000023a12712000 JavaThread "Cache worker for file hash cache (D:\AndroidProject\EcommerceApp\.gradle\7.3.3\fileHashes)" [_thread_blocked, id=17356, stack(0x0000005c29f00000,0x0000005c2a000000)]
  0x0000023a12713800 JavaThread "File watcher server" daemon [_thread_in_native, id=8, stack(0x0000005c2a000000,0x0000005c2a100000)]
  0x0000023a12712800 JavaThread "File watcher consumer" daemon [_thread_blocked, id=14060, stack(0x0000005c2a100000,0x0000005c2a200000)]
  0x0000023a1270e800 JavaThread "Cache worker for checksums cache (D:\AndroidProject\EcommerceApp\.gradle\7.3.3\checksums)" [_thread_blocked, id=7044, stack(0x0000005c2a200000,0x0000005c2a300000)]
  0x0000023a1270e000 JavaThread "Cache worker for cache directory md-supplier (C:\Users\Nada Said\.gradle\caches\7.3.3\md-supplier)" [_thread_blocked, id=1412, stack(0x0000005c2a300000,0x0000005c2a400000)]
  0x0000023a15bd1800 JavaThread "Cache worker for cache directory md-rule (C:\Users\Nada Said\.gradle\caches\7.3.3\md-rule)" [_thread_blocked, id=12588, stack(0x0000005c2a400000,0x0000005c2a500000)]
  0x0000023a15bd4800 JavaThread "Cache worker for execution history cache (C:\Users\Nada Said\.gradle\caches\7.3.3\executionHistory)" [_thread_blocked, id=6724, stack(0x0000005c2a500000,0x0000005c2a600000)]
  0x0000023a15bd6800 JavaThread "jar transforms" [_thread_blocked, id=14024, stack(0x0000005c2a600000,0x0000005c2a700000)]
  0x0000023a15bd5800 JavaThread "Cache worker for file content cache (C:\Users\Nada Said\.gradle\caches\7.3.3\fileContent)" [_thread_blocked, id=14584, stack(0x0000005c2a700000,0x0000005c2a800000)]
  0x0000023a15bd2000 JavaThread "jar transforms Thread 2" [_thread_blocked, id=15576, stack(0x0000005c2a800000,0x0000005c2a900000)]
  0x0000023a15bd0800 JavaThread "Cache worker for dependencies-accessors (D:\AndroidProject\EcommerceApp\.gradle\7.3.3\dependencies-accessors)" [_thread_blocked, id=9652, stack(0x0000005c2a900000,0x0000005c2aa00000)]
  0x0000023a15bd9000 JavaThread "jar transforms Thread 3" [_thread_blocked, id=8232, stack(0x0000005c2aa00000,0x0000005c2ab00000)]
  0x0000023a15bd9800 JavaThread "Cache worker for Build Output Cleanup Cache (D:\AndroidProject\EcommerceApp\.gradle\buildOutputCleanup)" [_thread_blocked, id=2820, stack(0x0000005c2ab00000,0x0000005c2ac00000)]
  0x0000023a15bd8000 JavaThread "Unconstrained build operations" [_thread_blocked, id=14104, stack(0x0000005c2ac00000,0x0000005c2ad00000)]
  0x0000023a15bda800 JavaThread "Unconstrained build operations Thread 2" [_thread_blocked, id=17084, stack(0x0000005c2ad00000,0x0000005c2ae00000)]
  0x0000023a15bd7000 JavaThread "Unconstrained build operations Thread 3" [_thread_blocked, id=10124, stack(0x0000005c2ae00000,0x0000005c2af00000)]
  0x0000023a15bdf800 JavaThread "Unconstrained build operations Thread 4" [_thread_blocked, id=5848, stack(0x0000005c2af00000,0x0000005c2b000000)]
  0x0000023a15bdd000 JavaThread "Unconstrained build operations Thread 5" [_thread_blocked, id=10732, stack(0x0000005c2b000000,0x0000005c2b100000)]
  0x0000023a15bde800 JavaThread "Unconstrained build operations Thread 6" [_thread_blocked, id=11456, stack(0x0000005c2b100000,0x0000005c2b200000)]
  0x0000023a15bdb000 JavaThread "Unconstrained build operations Thread 7" [_thread_blocked, id=5368, stack(0x0000005c2b200000,0x0000005c2b300000)]
  0x0000023a15bdc000 JavaThread "Unconstrained build operations Thread 8" [_thread_blocked, id=14792, stack(0x0000005c2b300000,0x0000005c2b400000)]
  0x0000023a15bdd800 JavaThread "Unconstrained build operations Thread 9" [_thread_blocked, id=13928, stack(0x0000005c2b400000,0x0000005c2b500000)]
  0x0000023a17349800 JavaThread "Unconstrained build operations Thread 10" [_thread_blocked, id=1452, stack(0x0000005c2b500000,0x0000005c2b600000)]
  0x0000023a1734d800 JavaThread "Unconstrained build operations Thread 11" [_thread_blocked, id=8152, stack(0x0000005c2b600000,0x0000005c2b700000)]
  0x0000023a1734c000 JavaThread "Unconstrained build operations Thread 12" [_thread_blocked, id=17120, stack(0x0000005c2b700000,0x0000005c2b800000)]
  0x0000023a1734c800 JavaThread "Unconstrained build operations Thread 13" [_thread_blocked, id=3404, stack(0x0000005c2b800000,0x0000005c2b900000)]
  0x0000023a1734a000 JavaThread "Unconstrained build operations Thread 14" [_thread_blocked, id=8664, stack(0x0000005c2b900000,0x0000005c2ba00000)]
  0x0000023a1734e800 JavaThread "Unconstrained build operations Thread 15" [_thread_blocked, id=4752, stack(0x0000005c2ba00000,0x0000005c2bb00000)]
  0x0000023a17348800 JavaThread "Unconstrained build operations Thread 16" [_thread_blocked, id=4864, stack(0x0000005c2bb00000,0x0000005c2bc00000)]
  0x0000023a1734b000 JavaThread "Unconstrained build operations Thread 17" [_thread_blocked, id=13976, stack(0x0000005c2bc00000,0x0000005c2bd00000)]
  0x0000023a17352800 JavaThread "Unconstrained build operations Thread 18" [_thread_blocked, id=5168, stack(0x0000005c2bd00000,0x0000005c2be00000)]
  0x0000023a17354000 JavaThread "Unconstrained build operations Thread 19" [_thread_blocked, id=13712, stack(0x0000005c2be00000,0x0000005c2bf00000)]
  0x0000023a17350000 JavaThread "Unconstrained build operations Thread 20" [_thread_blocked, id=15212, stack(0x0000005c2bf00000,0x0000005c2c000000)]
  0x0000023a17355000 JavaThread "Unconstrained build operations Thread 21" [_thread_blocked, id=15512, stack(0x0000005c2c000000,0x0000005c2c100000)]
  0x0000023a1734f000 JavaThread "Unconstrained build operations Thread 22" [_thread_blocked, id=15592, stack(0x0000005c2c100000,0x0000005c2c200000)]
  0x0000023a17355800 JavaThread "Unconstrained build operations Thread 23" [_thread_in_vm, id=10488, stack(0x0000005c2c200000,0x0000005c2c300000)]
  0x0000023a17351800 JavaThread "Unconstrained build operations Thread 24" [_thread_blocked, id=1184, stack(0x0000005c2c300000,0x0000005c2c400000)]
  0x0000023a17356800 JavaThread "Unconstrained build operations Thread 25" [_thread_blocked, id=9496, stack(0x0000005c2c400000,0x0000005c2c500000)]
  0x0000023a17350800 JavaThread "Unconstrained build operations Thread 26" [_thread_blocked, id=16452, stack(0x0000005c2c500000,0x0000005c2c600000)]
  0x0000023a17357800 JavaThread "Unconstrained build operations Thread 27" [_thread_blocked, id=12388, stack(0x0000005c2c600000,0x0000005c2c700000)]
  0x0000023a17353000 JavaThread "Unconstrained build operations Thread 28" [_thread_blocked, id=13416, stack(0x0000005c2c700000,0x0000005c2c800000)]
  0x0000023a15a12000 JavaThread "Unconstrained build operations Thread 29" [_thread_blocked, id=4640, stack(0x0000005c2c800000,0x0000005c2c900000)]
  0x0000023a15a10000 JavaThread "Unconstrained build operations Thread 30" [_thread_blocked, id=10620, stack(0x0000005c2c900000,0x0000005c2ca00000)]
  0x0000023a15a0e000 JavaThread "Unconstrained build operations Thread 31" [_thread_blocked, id=16572, stack(0x0000005c2ca00000,0x0000005c2cb00000)]
  0x0000023a15a0f000 JavaThread "Unconstrained build operations Thread 32" [_thread_blocked, id=6524, stack(0x0000005c2cb00000,0x0000005c2cc00000)]
  0x0000023a15a10800 JavaThread "Unconstrained build operations Thread 33" [_thread_blocked, id=14120, stack(0x0000005c2cc00000,0x0000005c2cd00000)]
  0x0000023a15a11800 JavaThread "Unconstrained build operations Thread 34" [_thread_blocked, id=16140, stack(0x0000005c2cd00000,0x0000005c2ce00000)]
  0x0000023a15a0c800 JavaThread "Unconstrained build operations Thread 35" [_thread_blocked, id=1276, stack(0x0000005c2ce00000,0x0000005c2cf00000)]
  0x0000023a15a13000 JavaThread "Unconstrained build operations Thread 36" [_thread_blocked, id=6472, stack(0x0000005c2cf00000,0x0000005c2d000000)]
  0x0000023a15a0d800 JavaThread "Unconstrained build operations Thread 37" [_thread_blocked, id=17012, stack(0x0000005c2d000000,0x0000005c2d100000)]
  0x0000023a15a15800 JavaThread "Unconstrained build operations Thread 38" [_thread_blocked, id=6532, stack(0x0000005c2d100000,0x0000005c2d200000)]
  0x0000023a15a18000 JavaThread "Unconstrained build operations Thread 39" [_thread_blocked, id=11836, stack(0x0000005c2d200000,0x0000005c2d300000)]
  0x0000023a15a16800 JavaThread "Unconstrained build operations Thread 40" [_thread_blocked, id=11196, stack(0x0000005c2d300000,0x0000005c2d400000)]
  0x0000023a15a17000 JavaThread "jar transforms Thread 4" [_thread_blocked, id=3420, stack(0x0000005c2d400000,0x0000005c2d500000)]
  0x0000023a15a19000 JavaThread "Memory manager" [_thread_blocked, id=11452, stack(0x0000005c2d500000,0x0000005c2d600000)]
  0x0000023a15a14000 JavaThread "build event listener" [_thread_blocked, id=12704, stack(0x0000005c2d600000,0x0000005c2d700000)]
  0x0000023a15a1a800 JavaThread "pool-3-thread-1" [_thread_blocked, id=16904, stack(0x0000005c2d700000,0x0000005c2d800000)]
  0x0000023a15a14800 JavaThread "build event listener" [_thread_blocked, id=3544, stack(0x0000005c2d800000,0x0000005c2d900000)]
  0x0000023a15a1b000 JavaThread "Execution worker for ':'" [_thread_blocked, id=16760, stack(0x0000005c2d900000,0x0000005c2da00000)]
  0x0000023a17dfb000 JavaThread "Execution worker for ':' Thread 2" [_thread_blocked, id=2696, stack(0x0000005c2da00000,0x0000005c2db00000)]
  0x0000023a17dfc000 JavaThread "Execution worker for ':' Thread 3" [_thread_blocked, id=11748, stack(0x0000005c2db00000,0x0000005c2dc00000)]
  0x0000023a17dfc800 JavaThread "Cache worker for execution history cache (D:\AndroidProject\EcommerceApp\.gradle\7.3.3\executionHistory)" [_thread_blocked, id=10376, stack(0x0000005c2dc00000,0x0000005c2dd00000)]
  0x0000023a17dfe800 JavaThread "WorkerExecutor Queue" [_thread_in_native, id=2596, stack(0x0000005c2dd00000,0x0000005c2de00000)]
  0x0000023a17dfa000 JavaThread "WorkerExecutor Queue Thread 2" [_thread_blocked, id=15536, stack(0x0000005c2df00000,0x0000005c2e000000)]
  0x0000023a17e00000 JavaThread "WorkerExecutor Queue Thread 3" [_thread_blocked, id=15124, stack(0x0000005c2e000000,0x0000005c2e100000)]
  0x0000023a17e01800 JavaThread "WorkerExecutor Queue Thread 4" [_thread_blocked, id=15920, stack(0x0000005c2e100000,0x0000005c2e200000)]

Other Threads:
  0x0000023a7eaab800 VMThread "VM Thread" [stack: 0x0000005c28300000,0x0000005c28400000] [id=2404]
  0x0000023a7f59f800 WatcherThread [stack: 0x0000005c28d00000,0x0000005c28e00000] [id=9412]
  0x0000023a75ed8000 GCTaskThread "GC Thread#0" [stack: 0x0000005c27e00000,0x0000005c27f00000] [id=9940]
  0x0000023a7f6c8800 GCTaskThread "GC Thread#1" [stack: 0x0000005c28f00000,0x0000005c29000000] [id=13484]
  0x0000023a1107a000 GCTaskThread "GC Thread#2" [stack: 0x0000005c29000000,0x0000005c29100000] [id=12356]
  0x0000023a1295a800 GCTaskThread "GC Thread#3" [stack: 0x0000005c29d00000,0x0000005c29e00000] [id=8280]
  0x0000023a75f0a800 ConcurrentGCThread "G1 Main Marker" [stack: 0x0000005c27f00000,0x0000005c28000000] [id=15404]
  0x0000023a75f0b800 ConcurrentGCThread "G1 Conc#0" [stack: 0x0000005c28000000,0x0000005c28100000] [id=15872]
  0x0000023a75f99000 ConcurrentGCThread "G1 Refine#0" [stack: 0x0000005c28100000,0x0000005c28200000] [id=14224]
  0x0000023a17fef000 ConcurrentGCThread "G1 Refine#1" [stack: 0x0000005c2de00000,0x0000005c2df00000] [id=1372]
  0x0000023a75f9a000 ConcurrentGCThread "G1 Young RemSet Sampling" [stack: 0x0000005c28200000,0x0000005c28300000] [id=12536]

Threads with active compile tasks:
C2 CompilerThread0  23073 11988       4       org.gradle.internal.service.DefaultServiceRegistry$SingletonService::get (5 bytes)
C2 CompilerThread1  23073 12173       4       org.gradle.internal.execution.history.impl.FingerprintMapSerializer::readFingerprint (96 bytes)

VM state:not at safepoint (normal execution)

VM Mutex/Monitor currently owned by a thread: None

Heap address: 0x0000000080000000, size: 2048 MB, Compressed Oops mode: 32-bit
Narrow klass base: 0x0000000000000000, Narrow klass shift: 3
Compressed class space size: 1073741824 Address: 0x0000000100000000

Heap:
 garbage-first heap   total 227328K, used 125895K [0x0000000080000000, 0x0000000100000000)
  region size 1024K, 26 young (26624K), 2 survivors (2048K)
 Metaspace       used 92959K, capacity 95167K, committed 95436K, reserved 1132544K
  class space    used 11670K, capacity 12526K, committed 12544K, reserved 1048576K
Heap Regions: E=young(eden), S=young(survivor), O=old, HS=humongous(starts), HC=humongous(continues), CS=collection set, F=free, A=archive, TAMS=top-at-mark-start (previous, next)
|   0|0x0000000080000000, 0x0000000080100000, 0x0000000080100000|100%|HS|  |TAMS 0x0000000080100000, 0x0000000080000000| Complete 
|   1|0x0000000080100000, 0x0000000080200000, 0x0000000080200000|100%|HC|  |TAMS 0x0000000080200000, 0x0000000080100000| Complete 
|   2|0x0000000080200000, 0x0000000080300000, 0x0000000080300000|100%|HC|  |TAMS 0x0000000080300000, 0x0000000080200000| Complete 
|   3|0x0000000080300000, 0x0000000080400000, 0x0000000080400000|100%| O|  |TAMS 0x0000000080400000, 0x0000000080300000| Untracked 
|   4|0x0000000080400000, 0x0000000080500000, 0x0000000080500000|100%| O|  |TAMS 0x0000000080500000, 0x0000000080400000| Untracked 
|   5|0x0000000080500000, 0x0000000080600000, 0x0000000080600000|100%| O|  |TAMS 0x0000000080600000, 0x0000000080500000| Untracked 
|   6|0x0000000080600000, 0x0000000080700000, 0x0000000080700000|100%| O|  |TAMS 0x0000000080700000, 0x0000000080600000| Untracked 
|   7|0x0000000080700000, 0x0000000080800000, 0x0000000080800000|100%| O|  |TAMS 0x0000000080800000, 0x0000000080700000| Untracked 
|   8|0x0000000080800000, 0x0000000080900000, 0x0000000080900000|100%| O|  |TAMS 0x0000000080900000, 0x0000000080800000| Untracked 
|   9|0x0000000080900000, 0x0000000080a00000, 0x0000000080a00000|100%| O|  |TAMS 0x0000000080a00000, 0x0000000080900000| Untracked 
|  10|0x0000000080a00000, 0x0000000080b00000, 0x0000000080b00000|100%| O|  |TAMS 0x0000000080b00000, 0x0000000080a00000| Untracked 
|  11|0x0000000080b00000, 0x0000000080c00000, 0x0000000080c00000|100%| O|  |TAMS 0x0000000080c00000, 0x0000000080b00000| Untracked 
|  12|0x0000000080c00000, 0x0000000080d00000, 0x0000000080d00000|100%| O|  |TAMS 0x0000000080d00000, 0x0000000080c00000| Untracked 
|  13|0x0000000080d00000, 0x0000000080e00000, 0x0000000080e00000|100%| O|  |TAMS 0x0000000080e00000, 0x0000000080d00000| Untracked 
|  14|0x0000000080e00000, 0x0000000080f00000, 0x0000000080f00000|100%| O|  |TAMS 0x0000000080f00000, 0x0000000080e00000| Untracked 
|  15|0x0000000080f00000, 0x0000000081000000, 0x0000000081000000|100%| O|  |TAMS 0x0000000081000000, 0x0000000080f00000| Untracked 
|  16|0x0000000081000000, 0x0000000081100000, 0x0000000081100000|100%| O|  |TAMS 0x0000000081100000, 0x0000000081000000| Untracked 
|  17|0x0000000081100000, 0x0000000081200000, 0x0000000081200000|100%|HS|  |TAMS 0x0000000081200000, 0x0000000081100000| Complete 
|  18|0x0000000081200000, 0x0000000081300000, 0x0000000081300000|100%| O|  |TAMS 0x0000000081300000, 0x0000000081200000| Untracked 
|  19|0x0000000081300000, 0x0000000081400000, 0x0000000081400000|100%| O|  |TAMS 0x0000000081400000, 0x0000000081300000| Untracked 
|  20|0x0000000081400000, 0x0000000081500000, 0x0000000081500000|100%| O|  |TAMS 0x0000000081500000, 0x0000000081400000| Untracked 
|  21|0x0000000081500000, 0x0000000081600000, 0x0000000081600000|100%| O|  |TAMS 0x0000000081600000, 0x0000000081500000| Untracked 
|  22|0x0000000081600000, 0x0000000081700000, 0x0000000081700000|100%| O|  |TAMS 0x0000000081700000, 0x0000000081600000| Untracked 
|  23|0x0000000081700000, 0x0000000081800000, 0x0000000081800000|100%|HS|  |TAMS 0x0000000081800000, 0x0000000081700000| Complete 
|  24|0x0000000081800000, 0x0000000081900000, 0x0000000081900000|100%|HS|  |TAMS 0x0000000081900000, 0x0000000081800000| Complete 
|  25|0x0000000081900000, 0x0000000081a00000, 0x0000000081a00000|100%|HC|  |TAMS 0x0000000081a00000, 0x0000000081900000| Complete 
|  26|0x0000000081a00000, 0x0000000081b00000, 0x0000000081b00000|100%| O|  |TAMS 0x0000000081b00000, 0x0000000081a00000| Untracked 
|  27|0x0000000081b00000, 0x0000000081c00000, 0x0000000081c00000|100%| O|  |TAMS 0x0000000081c00000, 0x0000000081b00000| Untracked 
|  28|0x0000000081c00000, 0x0000000081d00000, 0x0000000081d00000|100%| O|  |TAMS 0x0000000081d00000, 0x0000000081c00000| Untracked 
|  29|0x0000000081d00000, 0x0000000081e00000, 0x0000000081e00000|100%| O|  |TAMS 0x0000000081e00000, 0x0000000081d00000| Untracked 
|  30|0x0000000081e00000, 0x0000000081f00000, 0x0000000081f00000|100%| O|  |TAMS 0x0000000081f00000, 0x0000000081e00000| Untracked 
|  31|0x0000000081f00000, 0x0000000082000000, 0x0000000082000000|100%| O|  |TAMS 0x0000000082000000, 0x0000000081f00000| Untracked 
|  32|0x0000000082000000, 0x0000000082100000, 0x0000000082100000|100%| O|  |TAMS 0x0000000082100000, 0x0000000082000000| Untracked 
|  33|0x0000000082100000, 0x0000000082200000, 0x0000000082200000|100%| O|  |TAMS 0x0000000082200000, 0x0000000082100000| Untracked 
|  34|0x0000000082200000, 0x0000000082300000, 0x0000000082300000|100%| O|  |TAMS 0x0000000082300000, 0x0000000082200000| Untracked 
|  35|0x0000000082300000, 0x0000000082400000, 0x0000000082400000|100%| O|  |TAMS 0x0000000082400000, 0x0000000082300000| Untracked 
|  36|0x0000000082400000, 0x0000000082500000, 0x0000000082500000|100%| O|  |TAMS 0x0000000082500000, 0x0000000082400000| Untracked 
|  37|0x0000000082500000, 0x0000000082600000, 0x0000000082600000|100%| O|  |TAMS 0x0000000082600000, 0x0000000082500000| Untracked 
|  38|0x0000000082600000, 0x0000000082700000, 0x0000000082700000|100%| O|  |TAMS 0x0000000082700000, 0x0000000082600000| Untracked 
|  39|0x0000000082700000, 0x0000000082800000, 0x0000000082800000|100%| O|  |TAMS 0x0000000082800000, 0x0000000082700000| Untracked 
|  40|0x0000000082800000, 0x0000000082900000, 0x0000000082900000|100%| O|  |TAMS 0x0000000082900000, 0x0000000082800000| Untracked 
|  41|0x0000000082900000, 0x0000000082a00000, 0x0000000082a00000|100%| O|  |TAMS 0x0000000082a00000, 0x0000000082900000| Untracked 
|  42|0x0000000082a00000, 0x0000000082b00000, 0x0000000082b00000|100%| O|  |TAMS 0x0000000082b00000, 0x0000000082a00000| Untracked 
|  43|0x0000000082b00000, 0x0000000082c00000, 0x0000000082c00000|100%| O|  |TAMS 0x0000000082b42400, 0x0000000082b00000| Untracked 
|  44|0x0000000082c00000, 0x0000000082d00000, 0x0000000082d00000|100%| O|  |TAMS 0x0000000082c00000, 0x0000000082c00000| Untracked 
|  45|0x0000000082d00000, 0x0000000082e00000, 0x0000000082e00000|100%| O|  |TAMS 0x0000000082d00000, 0x0000000082d00000| Untracked 
|  46|0x0000000082e00000, 0x0000000082f00000, 0x0000000082f00000|100%| O|  |TAMS 0x0000000082e00000, 0x0000000082e00000| Untracked 
|  47|0x0000000082f00000, 0x0000000083000000, 0x0000000083000000|100%| O|  |TAMS 0x0000000082f00000, 0x0000000082f00000| Untracked 
|  48|0x0000000083000000, 0x0000000083100000, 0x0000000083100000|100%| O|  |TAMS 0x0000000083000000, 0x0000000083000000| Untracked 
|  49|0x0000000083100000, 0x0000000083200000, 0x0000000083200000|100%| O|  |TAMS 0x0000000083100000, 0x0000000083100000| Untracked 
|  50|0x0000000083200000, 0x0000000083300000, 0x0000000083300000|100%| O|  |TAMS 0x0000000083200000, 0x0000000083200000| Untracked 
|  51|0x0000000083300000, 0x0000000083400000, 0x0000000083400000|100%| O|  |TAMS 0x0000000083300000, 0x0000000083300000| Untracked 
|  52|0x0000000083400000, 0x0000000083500000, 0x0000000083500000|100%| O|  |TAMS 0x0000000083400000, 0x0000000083400000| Untracked 
|  53|0x0000000083500000, 0x0000000083600000, 0x0000000083600000|100%| O|  |TAMS 0x0000000083500000, 0x0000000083500000| Untracked 
|  54|0x0000000083600000, 0x0000000083700000, 0x0000000083700000|100%| O|  |TAMS 0x0000000083600000, 0x0000000083600000| Untracked 
|  55|0x0000000083700000, 0x0000000083800000, 0x0000000083800000|100%| O|  |TAMS 0x0000000083700000, 0x0000000083700000| Untracked 
|  56|0x0000000083800000, 0x0000000083900000, 0x0000000083900000|100%| O|  |TAMS 0x0000000083800000, 0x0000000083800000| Untracked 
|  57|0x0000000083900000, 0x0000000083a00000, 0x0000000083a00000|100%| O|  |TAMS 0x0000000083900000, 0x0000000083900000| Untracked 
|  58|0x0000000083a00000, 0x0000000083b00000, 0x0000000083b00000|100%| O|  |TAMS 0x0000000083a00000, 0x0000000083a00000| Untracked 
|  59|0x0000000083b00000, 0x0000000083c00000, 0x0000000083c00000|100%| O|  |TAMS 0x0000000083b00000, 0x0000000083b00000| Untracked 
|  60|0x0000000083c00000, 0x0000000083d00000, 0x0000000083d00000|100%| O|  |TAMS 0x0000000083c00000, 0x0000000083c00000| Untracked 
|  61|0x0000000083d00000, 0x0000000083e00000, 0x0000000083e00000|100%| O|  |TAMS 0x0000000083d00000, 0x0000000083d00000| Untracked 
|  62|0x0000000083e00000, 0x0000000083f00000, 0x0000000083f00000|100%| O|  |TAMS 0x0000000083e00000, 0x0000000083e00000| Untracked 
|  63|0x0000000083f00000, 0x0000000084000000, 0x0000000084000000|100%| O|  |TAMS 0x0000000083f00000, 0x0000000083f00000| Untracked 
|  64|0x0000000084000000, 0x0000000084100000, 0x0000000084100000|100%| O|  |TAMS 0x0000000084000000, 0x0000000084000000| Untracked 
|  65|0x0000000084100000, 0x0000000084200000, 0x0000000084200000|100%| O|  |TAMS 0x0000000084100000, 0x0000000084100000| Untracked 
|  66|0x0000000084200000, 0x0000000084300000, 0x0000000084300000|100%| O|  |TAMS 0x0000000084200000, 0x0000000084200000| Untracked 
|  67|0x0000000084300000, 0x0000000084400000, 0x0000000084400000|100%| O|  |TAMS 0x0000000084300000, 0x0000000084300000| Untracked 
|  68|0x0000000084400000, 0x0000000084500000, 0x0000000084500000|100%|HS|  |TAMS 0x0000000084400000, 0x0000000084400000| Complete 
|  69|0x0000000084500000, 0x0000000084600000, 0x0000000084600000|100%| O|  |TAMS 0x0000000084500000, 0x0000000084500000| Untracked 
|  70|0x0000000084600000, 0x0000000084700000, 0x0000000084700000|100%| O|  |TAMS 0x0000000084600000, 0x0000000084600000| Untracked 
|  71|0x0000000084700000, 0x0000000084800000, 0x0000000084800000|100%| O|  |TAMS 0x0000000084700000, 0x0000000084700000| Untracked 
|  72|0x0000000084800000, 0x0000000084900000, 0x0000000084900000|100%| O|  |TAMS 0x0000000084800000, 0x0000000084800000| Untracked 
|  73|0x0000000084900000, 0x0000000084a00000, 0x0000000084a00000|100%| O|  |TAMS 0x0000000084900000, 0x0000000084900000| Untracked 
|  74|0x0000000084a00000, 0x0000000084b00000, 0x0000000084b00000|100%| O|  |TAMS 0x0000000084a00000, 0x0000000084a00000| Untracked 
|  75|0x0000000084b00000, 0x0000000084c00000, 0x0000000084c00000|100%| O|  |TAMS 0x0000000084b00000, 0x0000000084b00000| Untracked 
|  76|0x0000000084c00000, 0x0000000084c80000, 0x0000000084d00000| 50%| O|  |TAMS 0x0000000084c00000, 0x0000000084c00000| Untracked 
|  77|0x0000000084d00000, 0x0000000084e00000, 0x0000000084e00000|100%| O|  |TAMS 0x0000000084d00000, 0x0000000084d00000| Untracked 
|  78|0x0000000084e00000, 0x0000000084f00000, 0x0000000084f00000|100%| O|  |TAMS 0x0000000084e00000, 0x0000000084e00000| Untracked 
|  79|0x0000000084f00000, 0x0000000085000000, 0x0000000085000000|100%| O|  |TAMS 0x0000000084f00000, 0x0000000084f00000| Untracked 
|  80|0x0000000085000000, 0x0000000085100000, 0x0000000085100000|100%| O|  |TAMS 0x0000000085000000, 0x0000000085000000| Untracked 
|  81|0x0000000085100000, 0x0000000085200000, 0x0000000085200000|100%| O|  |TAMS 0x0000000085100000, 0x0000000085100000| Untracked 
|  82|0x0000000085200000, 0x0000000085300000, 0x0000000085300000|100%| O|  |TAMS 0x0000000085200000, 0x0000000085200000| Untracked 
|  83|0x0000000085300000, 0x0000000085400000, 0x0000000085400000|100%| O|  |TAMS 0x0000000085300000, 0x0000000085300000| Untracked 
|  84|0x0000000085400000, 0x0000000085500000, 0x0000000085500000|100%| O|  |TAMS 0x0000000085400000, 0x0000000085400000| Untracked 
|  85|0x0000000085500000, 0x0000000085600000, 0x0000000085600000|100%| O|  |TAMS 0x0000000085500000, 0x0000000085500000| Untracked 
|  86|0x0000000085600000, 0x0000000085700000, 0x0000000085700000|100%| O|  |TAMS 0x0000000085600000, 0x0000000085600000| Untracked 
|  87|0x0000000085700000, 0x0000000085800000, 0x0000000085800000|100%| O|  |TAMS 0x0000000085700000, 0x0000000085700000| Untracked 
|  88|0x0000000085800000, 0x0000000085900000, 0x0000000085900000|100%| O|  |TAMS 0x0000000085800000, 0x0000000085800000| Untracked 
|  89|0x0000000085900000, 0x0000000085a00000, 0x0000000085a00000|100%| O|  |TAMS 0x0000000085900000, 0x0000000085900000| Untracked 
|  90|0x0000000085a00000, 0x0000000085a00000, 0x0000000085b00000|  0%| F|  |TAMS 0x0000000085a00000, 0x0000000085a00000| Untracked 
|  91|0x0000000085b00000, 0x0000000085b00000, 0x0000000085c00000|  0%| F|  |TAMS 0x0000000085b00000, 0x0000000085b00000| Untracked 
|  92|0x0000000085c00000, 0x0000000085c00000, 0x0000000085d00000|  0%| F|  |TAMS 0x0000000085c00000, 0x0000000085c00000| Untracked 
|  93|0x0000000085d00000, 0x0000000085d00000, 0x0000000085e00000|  0%| F|  |TAMS 0x0000000085d00000, 0x0000000085d00000| Untracked 
|  94|0x0000000085e00000, 0x0000000085e00000, 0x0000000085f00000|  0%| F|  |TAMS 0x0000000085e00000, 0x0000000085e00000| Untracked 
|  95|0x0000000085f00000, 0x0000000085f00000, 0x0000000086000000|  0%| F|  |TAMS 0x0000000085f00000, 0x0000000085f00000| Untracked 
|  96|0x0000000086000000, 0x0000000086100000, 0x0000000086100000|100%| O|  |TAMS 0x0000000086000000, 0x0000000086000000| Untracked 
|  97|0x0000000086100000, 0x0000000086200000, 0x0000000086200000|100%| O|  |TAMS 0x0000000086100000, 0x0000000086100000| Untracked 
|  98|0x0000000086200000, 0x0000000086300000, 0x0000000086300000|100%| O|  |TAMS 0x0000000086200000, 0x0000000086200000| Untracked 
|  99|0x0000000086300000, 0x0000000086400000, 0x0000000086400000|100%| O|  |TAMS 0x0000000086300000, 0x0000000086300000| Untracked 
| 100|0x0000000086400000, 0x0000000086500000, 0x0000000086500000|100%| O|  |TAMS 0x0000000086400000, 0x0000000086400000| Untracked 
| 101|0x0000000086500000, 0x0000000086500000, 0x0000000086600000|  0%| F|  |TAMS 0x0000000086500000, 0x0000000086500000| Untracked 
| 102|0x0000000086600000, 0x0000000086600000, 0x0000000086700000|  0%| F|  |TAMS 0x0000000086600000, 0x0000000086600000| Untracked 
| 103|0x0000000086700000, 0x0000000086700000, 0x0000000086800000|  0%| F|  |TAMS 0x0000000086700000, 0x0000000086700000| Untracked 
| 104|0x0000000086800000, 0x0000000086800000, 0x0000000086900000|  0%| F|  |TAMS 0x0000000086800000, 0x0000000086800000| Untracked 
| 105|0x0000000086900000, 0x0000000086a00000, 0x0000000086a00000|100%| O|  |TAMS 0x0000000086900000, 0x0000000086900000| Untracked 
| 106|0x0000000086a00000, 0x0000000086b00000, 0x0000000086b00000|100%| O|  |TAMS 0x0000000086a00000, 0x0000000086a00000| Untracked 
| 107|0x0000000086b00000, 0x0000000086c00000, 0x0000000086c00000|100%| O|  |TAMS 0x0000000086b00000, 0x0000000086b00000| Untracked 
| 108|0x0000000086c00000, 0x0000000086d00000, 0x0000000086d00000|100%| O|  |TAMS 0x0000000086c00000, 0x0000000086c00000| Untracked 
| 109|0x0000000086d00000, 0x0000000086e00000, 0x0000000086e00000|100%| O|  |TAMS 0x0000000086d00000, 0x0000000086d00000| Untracked 
| 110|0x0000000086e00000, 0x0000000086e00000, 0x0000000086f00000|  0%| F|  |TAMS 0x0000000086e00000, 0x0000000086e00000| Untracked 
| 111|0x0000000086f00000, 0x0000000086f00000, 0x0000000087000000|  0%| F|  |TAMS 0x0000000086f00000, 0x0000000086f00000| Untracked 
| 112|0x0000000087000000, 0x0000000087000000, 0x0000000087100000|  0%| F|  |TAMS 0x0000000087000000, 0x0000000087000000| Untracked 
| 113|0x0000000087100000, 0x0000000087100000, 0x0000000087200000|  0%| F|  |TAMS 0x0000000087100000, 0x0000000087100000| Untracked 
| 114|0x0000000087200000, 0x0000000087200000, 0x0000000087300000|  0%| F|  |TAMS 0x0000000087200000, 0x0000000087200000| Untracked 
| 115|0x0000000087300000, 0x0000000087300000, 0x0000000087400000|  0%| F|  |TAMS 0x0000000087300000, 0x0000000087300000| Untracked 
| 116|0x0000000087400000, 0x0000000087400000, 0x0000000087500000|  0%| F|  |TAMS 0x0000000087400000, 0x0000000087400000| Untracked 
| 117|0x0000000087500000, 0x0000000087500000, 0x0000000087600000|  0%| F|  |TAMS 0x0000000087500000, 0x0000000087500000| Untracked 
| 118|0x0000000087600000, 0x0000000087600000, 0x0000000087700000|  0%| F|  |TAMS 0x0000000087600000, 0x0000000087600000| Untracked 
| 119|0x0000000087700000, 0x0000000087700000, 0x0000000087800000|  0%| F|  |TAMS 0x0000000087700000, 0x0000000087700000| Untracked 
| 120|0x0000000087800000, 0x0000000087800000, 0x0000000087900000|  0%| F|  |TAMS 0x0000000087800000, 0x0000000087800000| Untracked 
| 121|0x0000000087900000, 0x0000000087900000, 0x0000000087a00000|  0%| F|  |TAMS 0x0000000087900000, 0x0000000087900000| Untracked 
| 122|0x0000000087a00000, 0x0000000087a00000, 0x0000000087b00000|  0%| F|  |TAMS 0x0000000087a00000, 0x0000000087a00000| Untracked 
| 123|0x0000000087b00000, 0x0000000087b00000, 0x0000000087c00000|  0%| F|  |TAMS 0x0000000087b00000, 0x0000000087b00000| Untracked 
| 124|0x0000000087c00000, 0x0000000087c00000, 0x0000000087d00000|  0%| F|  |TAMS 0x0000000087c00000, 0x0000000087c00000| Untracked 
| 125|0x0000000087d00000, 0x0000000087d00000, 0x0000000087e00000|  0%| F|  |TAMS 0x0000000087d00000, 0x0000000087d00000| Untracked 
| 126|0x0000000087e00000, 0x0000000087e00000, 0x0000000087f00000|  0%| F|  |TAMS 0x0000000087e00000, 0x0000000087e00000| Untracked 
| 127|0x0000000087f00000, 0x0000000087f00000, 0x0000000088000000|  0%| F|  |TAMS 0x0000000087f00000, 0x0000000087f00000| Untracked 
| 128|0x0000000088000000, 0x0000000088000000, 0x0000000088100000|  0%| F|  |TAMS 0x0000000088000000, 0x0000000088000000| Untracked 
| 129|0x0000000088100000, 0x0000000088100000, 0x0000000088200000|  0%| F|  |TAMS 0x0000000088100000, 0x0000000088100000| Untracked 
| 130|0x0000000088200000, 0x0000000088200000, 0x0000000088300000|  0%| F|  |TAMS 0x0000000088200000, 0x0000000088200000| Untracked 
| 131|0x0000000088300000, 0x0000000088300000, 0x0000000088400000|  0%| F|  |TAMS 0x0000000088300000, 0x0000000088300000| Untracked 
| 132|0x0000000088400000, 0x0000000088400000, 0x0000000088500000|  0%| F|  |TAMS 0x0000000088400000, 0x0000000088400000| Untracked 
| 133|0x0000000088500000, 0x0000000088500000, 0x0000000088600000|  0%| F|  |TAMS 0x0000000088500000, 0x0000000088500000| Untracked 
| 134|0x0000000088600000, 0x0000000088600000, 0x0000000088700000|  0%| F|  |TAMS 0x0000000088600000, 0x0000000088600000| Untracked 
| 135|0x0000000088700000, 0x0000000088700000, 0x0000000088800000|  0%| F|  |TAMS 0x0000000088700000, 0x0000000088700000| Untracked 
| 136|0x0000000088800000, 0x0000000088800000, 0x0000000088900000|  0%| F|  |TAMS 0x0000000088800000, 0x0000000088800000| Untracked 
| 137|0x0000000088900000, 0x0000000088900000, 0x0000000088a00000|  0%| F|  |TAMS 0x0000000088900000, 0x0000000088900000| Untracked 
| 138|0x0000000088a00000, 0x0000000088a00000, 0x0000000088b00000|  0%| F|  |TAMS 0x0000000088a00000, 0x0000000088a00000| Untracked 
| 139|0x0000000088b00000, 0x0000000088b00000, 0x0000000088c00000|  0%| F|  |TAMS 0x0000000088b00000, 0x0000000088b00000| Untracked 
| 140|0x0000000088c00000, 0x0000000088c00000, 0x0000000088d00000|  0%| F|  |TAMS 0x0000000088c00000, 0x0000000088c00000| Untracked 
| 141|0x0000000088d00000, 0x0000000088d00000, 0x0000000088e00000|  0%| F|  |TAMS 0x0000000088d00000, 0x0000000088d00000| Untracked 
| 142|0x0000000088e00000, 0x0000000088e00000, 0x0000000088f00000|  0%| F|  |TAMS 0x0000000088e00000, 0x0000000088e00000| Untracked 
| 143|0x0000000088f00000, 0x0000000088f00000, 0x0000000089000000|  0%| F|  |TAMS 0x0000000088f00000, 0x0000000088f00000| Untracked 
| 144|0x0000000089000000, 0x0000000089000000, 0x0000000089100000|  0%| F|  |TAMS 0x0000000089000000, 0x0000000089000000| Untracked 
| 145|0x0000000089100000, 0x0000000089100000, 0x0000000089200000|  0%| F|  |TAMS 0x0000000089100000, 0x0000000089100000| Untracked 
| 146|0x0000000089200000, 0x0000000089200000, 0x0000000089300000|  0%| F|  |TAMS 0x0000000089200000, 0x0000000089200000| Untracked 
| 147|0x0000000089300000, 0x0000000089300000, 0x0000000089400000|  0%| F|  |TAMS 0x0000000089300000, 0x0000000089300000| Untracked 
| 148|0x0000000089400000, 0x0000000089400000, 0x0000000089500000|  0%| F|  |TAMS 0x0000000089400000, 0x0000000089400000| Untracked 
| 149|0x0000000089500000, 0x0000000089500000, 0x0000000089600000|  0%| F|  |TAMS 0x0000000089500000, 0x0000000089500000| Untracked 
| 150|0x0000000089600000, 0x0000000089600000, 0x0000000089700000|  0%| F|  |TAMS 0x0000000089600000, 0x0000000089600000| Untracked 
| 151|0x0000000089700000, 0x0000000089700000, 0x0000000089800000|  0%| F|  |TAMS 0x0000000089700000, 0x0000000089700000| Untracked 
| 152|0x0000000089800000, 0x0000000089800000, 0x0000000089900000|  0%| F|  |TAMS 0x0000000089800000, 0x0000000089800000| Untracked 
| 153|0x0000000089900000, 0x0000000089971f88, 0x0000000089a00000| 44%| S|CS|TAMS 0x0000000089900000, 0x0000000089900000| Complete 
| 154|0x0000000089a00000, 0x0000000089b00000, 0x0000000089b00000|100%| S|CS|TAMS 0x0000000089a00000, 0x0000000089a00000| Complete 
| 155|0x0000000089b00000, 0x0000000089b00000, 0x0000000089c00000|  0%| F|  |TAMS 0x0000000089b00000, 0x0000000089b00000| Untracked 
| 156|0x0000000089c00000, 0x0000000089c00000, 0x0000000089d00000|  0%| F|  |TAMS 0x0000000089c00000, 0x0000000089c00000| Untracked 
| 157|0x0000000089d00000, 0x0000000089d00000, 0x0000000089e00000|  0%| F|  |TAMS 0x0000000089d00000, 0x0000000089d00000| Untracked 
| 158|0x0000000089e00000, 0x0000000089e00000, 0x0000000089f00000|  0%| F|  |TAMS 0x0000000089e00000, 0x0000000089e00000| Untracked 
| 159|0x0000000089f00000, 0x0000000089f00000, 0x000000008a000000|  0%| F|  |TAMS 0x0000000089f00000, 0x0000000089f00000| Untracked 
| 160|0x000000008a000000, 0x000000008a000000, 0x000000008a100000|  0%| F|  |TAMS 0x000000008a000000, 0x000000008a000000| Untracked 
| 161|0x000000008a100000, 0x000000008a100000, 0x000000008a200000|  0%| F|  |TAMS 0x000000008a100000, 0x000000008a100000| Untracked 
| 162|0x000000008a200000, 0x000000008a200000, 0x000000008a300000|  0%| F|  |TAMS 0x000000008a200000, 0x000000008a200000| Untracked 
| 163|0x000000008a300000, 0x000000008a300000, 0x000000008a400000|  0%| F|  |TAMS 0x000000008a300000, 0x000000008a300000| Untracked 
| 164|0x000000008a400000, 0x000000008a400000, 0x000000008a500000|  0%| F|  |TAMS 0x000000008a400000, 0x000000008a400000| Untracked 
| 165|0x000000008a500000, 0x000000008a500000, 0x000000008a600000|  0%| F|  |TAMS 0x000000008a500000, 0x000000008a500000| Untracked 
| 166|0x000000008a600000, 0x000000008a600000, 0x000000008a700000|  0%| F|  |TAMS 0x000000008a600000, 0x000000008a600000| Untracked 
| 167|0x000000008a700000, 0x000000008a700000, 0x000000008a800000|  0%| F|  |TAMS 0x000000008a700000, 0x000000008a700000| Untracked 
| 168|0x000000008a800000, 0x000000008a800000, 0x000000008a900000|  0%| F|  |TAMS 0x000000008a800000, 0x000000008a800000| Untracked 
| 169|0x000000008a900000, 0x000000008a900000, 0x000000008aa00000|  0%| F|  |TAMS 0x000000008a900000, 0x000000008a900000| Untracked 
| 170|0x000000008aa00000, 0x000000008aa00000, 0x000000008ab00000|  0%| F|  |TAMS 0x000000008aa00000, 0x000000008aa00000| Untracked 
| 171|0x000000008ab00000, 0x000000008ab00000, 0x000000008ac00000|  0%| F|  |TAMS 0x000000008ab00000, 0x000000008ab00000| Untracked 
| 172|0x000000008ac00000, 0x000000008ac00000, 0x000000008ad00000|  0%| F|  |TAMS 0x000000008ac00000, 0x000000008ac00000| Untracked 
| 173|0x000000008ad00000, 0x000000008ad00000, 0x000000008ae00000|  0%| F|  |TAMS 0x000000008ad00000, 0x000000008ad00000| Untracked 
| 174|0x000000008ae00000, 0x000000008ae00000, 0x000000008af00000|  0%| F|  |TAMS 0x000000008ae00000, 0x000000008ae00000| Untracked 
| 175|0x000000008af00000, 0x000000008af00000, 0x000000008b000000|  0%| F|  |TAMS 0x000000008af00000, 0x000000008af00000| Untracked 
| 176|0x000000008b000000, 0x000000008b000000, 0x000000008b100000|  0%| F|  |TAMS 0x000000008b000000, 0x000000008b000000| Untracked 
| 177|0x000000008b100000, 0x000000008b100000, 0x000000008b200000|  0%| F|  |TAMS 0x000000008b100000, 0x000000008b100000| Untracked 
| 178|0x000000008b200000, 0x000000008b200000, 0x000000008b300000|  0%| F|  |TAMS 0x000000008b200000, 0x000000008b200000| Untracked 
| 179|0x000000008b300000, 0x000000008b300000, 0x000000008b400000|  0%| F|  |TAMS 0x000000008b300000, 0x000000008b300000| Untracked 
| 180|0x000000008b400000, 0x000000008b400000, 0x000000008b500000|  0%| F|  |TAMS 0x000000008b400000, 0x000000008b400000| Untracked 
| 181|0x000000008b500000, 0x000000008b500000, 0x000000008b600000|  0%| F|  |TAMS 0x000000008b500000, 0x000000008b500000| Untracked 
| 182|0x000000008b600000, 0x000000008b600000, 0x000000008b700000|  0%| F|  |TAMS 0x000000008b600000, 0x000000008b600000| Untracked 
| 183|0x000000008b700000, 0x000000008b700000, 0x000000008b800000|  0%| F|  |TAMS 0x000000008b700000, 0x000000008b700000| Untracked 
| 184|0x000000008b800000, 0x000000008b800000, 0x000000008b900000|  0%| F|  |TAMS 0x000000008b800000, 0x000000008b800000| Untracked 
| 185|0x000000008b900000, 0x000000008b900000, 0x000000008ba00000|  0%| F|  |TAMS 0x000000008b900000, 0x000000008b900000| Untracked 
| 186|0x000000008ba00000, 0x000000008ba00000, 0x000000008bb00000|  0%| F|  |TAMS 0x000000008ba00000, 0x000000008ba00000| Untracked 
| 187|0x000000008bb00000, 0x000000008bb00000, 0x000000008bc00000|  0%| F|  |TAMS 0x000000008bb00000, 0x000000008bb00000| Untracked 
| 188|0x000000008bc00000, 0x000000008bc00000, 0x000000008bd00000|  0%| F|  |TAMS 0x000000008bc00000, 0x000000008bc00000| Untracked 
| 189|0x000000008bd00000, 0x000000008bd00000, 0x000000008be00000|  0%| F|  |TAMS 0x000000008bd00000, 0x000000008bd00000| Untracked 
| 190|0x000000008be00000, 0x000000008be00000, 0x000000008bf00000|  0%| F|  |TAMS 0x000000008be00000, 0x000000008be00000| Untracked 
| 191|0x000000008bf00000, 0x000000008bf00000, 0x000000008c000000|  0%| F|  |TAMS 0x000000008bf00000, 0x000000008bf00000| Untracked 
| 192|0x000000008c000000, 0x000000008c000000, 0x000000008c100000|  0%| F|  |TAMS 0x000000008c000000, 0x000000008c000000| Untracked 
| 193|0x000000008c100000, 0x000000008c100000, 0x000000008c200000|  0%| F|  |TAMS 0x000000008c100000, 0x000000008c100000| Untracked 
| 194|0x000000008c200000, 0x000000008c200000, 0x000000008c300000|  0%| F|  |TAMS 0x000000008c200000, 0x000000008c200000| Untracked 
| 195|0x000000008c300000, 0x000000008c300000, 0x000000008c400000|  0%| F|  |TAMS 0x000000008c300000, 0x000000008c300000| Untracked 
| 196|0x000000008c400000, 0x000000008c400000, 0x000000008c500000|  0%| F|  |TAMS 0x000000008c400000, 0x000000008c400000| Untracked 
| 197|0x000000008c500000, 0x000000008c500000, 0x000000008c600000|  0%| F|  |TAMS 0x000000008c500000, 0x000000008c500000| Untracked 
| 198|0x000000008c600000, 0x000000008c6f5140, 0x000000008c700000| 95%| E|  |TAMS 0x000000008c600000, 0x000000008c600000| Complete 
| 199|0x000000008c700000, 0x000000008c800000, 0x000000008c800000|100%| E|CS|TAMS 0x000000008c700000, 0x000000008c700000| Complete 
| 200|0x000000008c800000, 0x000000008c900000, 0x000000008c900000|100%| E|CS|TAMS 0x000000008c800000, 0x000000008c800000| Complete 
| 201|0x000000008c900000, 0x000000008ca00000, 0x000000008ca00000|100%| E|CS|TAMS 0x000000008c900000, 0x000000008c900000| Complete 
| 202|0x000000008ca00000, 0x000000008cb00000, 0x000000008cb00000|100%| E|CS|TAMS 0x000000008ca00000, 0x000000008ca00000| Complete 
| 203|0x000000008cb00000, 0x000000008cc00000, 0x000000008cc00000|100%| E|CS|TAMS 0x000000008cb00000, 0x000000008cb00000| Complete 
| 204|0x000000008cc00000, 0x000000008cd00000, 0x000000008cd00000|100%| E|CS|TAMS 0x000000008cc00000, 0x000000008cc00000| Complete 
| 205|0x000000008cd00000, 0x000000008ce00000, 0x000000008ce00000|100%| E|CS|TAMS 0x000000008cd00000, 0x000000008cd00000| Complete 
| 206|0x000000008ce00000, 0x000000008cf00000, 0x000000008cf00000|100%| E|CS|TAMS 0x000000008ce00000, 0x000000008ce00000| Complete 
| 207|0x000000008cf00000, 0x000000008d000000, 0x000000008d000000|100%| E|  |TAMS 0x000000008cf00000, 0x000000008cf00000| Complete 
| 208|0x000000008d000000, 0x000000008d100000, 0x000000008d100000|100%| E|CS|TAMS 0x000000008d000000, 0x000000008d000000| Complete 
| 209|0x000000008d100000, 0x000000008d200000, 0x000000008d200000|100%| E|CS|TAMS 0x000000008d100000, 0x000000008d100000| Complete 
| 210|0x000000008d200000, 0x000000008d300000, 0x000000008d300000|100%| E|CS|TAMS 0x000000008d200000, 0x000000008d200000| Complete 
| 211|0x000000008d300000, 0x000000008d400000, 0x000000008d400000|100%| E|CS|TAMS 0x000000008d300000, 0x000000008d300000| Complete 
| 212|0x000000008d400000, 0x000000008d500000, 0x000000008d500000|100%| E|CS|TAMS 0x000000008d400000, 0x000000008d400000| Complete 
| 213|0x000000008d500000, 0x000000008d600000, 0x000000008d600000|100%| E|CS|TAMS 0x000000008d500000, 0x000000008d500000| Complete 
| 214|0x000000008d600000, 0x000000008d700000, 0x000000008d700000|100%| E|CS|TAMS 0x000000008d600000, 0x000000008d600000| Complete 
| 215|0x000000008d700000, 0x000000008d800000, 0x000000008d800000|100%| E|CS|TAMS 0x000000008d700000, 0x000000008d700000| Complete 
| 216|0x000000008d800000, 0x000000008d900000, 0x000000008d900000|100%| E|CS|TAMS 0x000000008d800000, 0x000000008d800000| Complete 
| 217|0x000000008d900000, 0x000000008da00000, 0x000000008da00000|100%| E|CS|TAMS 0x000000008d900000, 0x000000008d900000| Complete 
| 218|0x000000008da00000, 0x000000008db00000, 0x000000008db00000|100%| E|CS|TAMS 0x000000008da00000, 0x000000008da00000| Complete 
| 219|0x000000008db00000, 0x000000008dc00000, 0x000000008dc00000|100%| E|CS|TAMS 0x000000008db00000, 0x000000008db00000| Complete 
| 220|0x000000008dc00000, 0x000000008dd00000, 0x000000008dd00000|100%| E|CS|TAMS 0x000000008dc00000, 0x000000008dc00000| Complete 
| 221|0x000000008dd00000, 0x000000008de00000, 0x000000008de00000|100%| E|CS|TAMS 0x000000008dd00000, 0x000000008dd00000| Complete 

Card table byte_map: [0x0000023a79dd0000,0x0000023a7a1d0000] _byte_map_base: 0x0000023a799d0000

Marking Bits (Prev, Next): (CMBitMap*) 0x0000023a75f01b00, (CMBitMap*) 0x0000023a75f01ac8
 Prev Bits: [0x0000023a7c5d0000, 0x0000023a7e5d0000)
 Next Bits: [0x0000023a7a5d0000, 0x0000023a7c5d0000)

Polling page: 0x0000023a756a0000

Metaspace:

Usage:
  Non-class:     80.77 MB capacity,    79.39 MB ( 98%) used,     1.12 MB (  1%) free+waste,   260.19 KB ( <1%) overhead. 
      Class:     12.23 MB capacity,    11.40 MB ( 93%) used,   738.54 KB (  6%) free+waste,   116.50 KB ( <1%) overhead. 
       Both:     93.00 MB capacity,    90.79 MB ( 98%) used,     1.84 MB (  2%) free+waste,   376.69 KB ( <1%) overhead. 

Virtual space:
  Non-class space:       82.00 MB reserved,      80.95 MB ( 99%) committed 
      Class space:        1.00 GB reserved,      12.25 MB (  1%) committed 
             Both:        1.08 GB reserved,      93.20 MB (  8%) committed 

Chunk freelists:
   Non-Class:  59.00 KB
       Class:  18.00 KB
        Both:  77.00 KB

MaxMetaspaceSize: 17179869184.00 GB
CompressedClassSpaceSize: 1.00 GB
Initial GC threshold: 20.80 MB
Current GC threshold: 98.67 MB
CDS: off

CodeHeap 'non-profiled nmethods': size=120064Kb used=6909Kb max_used=6909Kb free=113154Kb
 bounds [0x0000023a07ac0000, 0x0000023a08180000, 0x0000023a0f000000]
CodeHeap 'profiled nmethods': size=120000Kb used=26846Kb max_used=26846Kb free=93153Kb
 bounds [0x0000023a00590000, 0x0000023a01fd0000, 0x0000023a07ac0000]
CodeHeap 'non-nmethods': size=5696Kb used=2377Kb max_used=2442Kb free=3318Kb
 bounds [0x0000023a00000000, 0x0000023a00280000, 0x0000023a00590000]
 total_blobs=12974 nmethods=12082 adapters=804
 compilation: enabled
              stopped_count=0, restarted_count=0
 full_count=0

Compilation events (20 events):
Event: 23.024 Thread 0x0000023a7eada000 12165       3       org.gradle.internal.execution.history.changes.AbstractFingerprintChanges$1::updated (62 bytes)
Event: 23.025 Thread 0x0000023a124cd000 nmethod 12141 0x0000023a0817d710 code [0x0000023a0817d920, 0x0000023a0817e5e0]
Event: 23.025 Thread 0x0000023a124cd000 12135       4       org.gradle.internal.execution.fingerprint.impl.DefaultFileNormalizationSpec::equals (71 bytes)
Event: 23.026 Thread 0x0000023a7eada000 nmethod 12165 0x0000023a01fada90 code [0x0000023a01fadd60, 0x0000023a01faeaf8]
Event: 23.027 Thread 0x0000023a124cd000 nmethod 12135 0x0000023a0817ed10 code [0x0000023a0817eea0, 0x0000023a0817efb8]
Event: 23.027 Thread 0x0000023a7eada000 12166       3       org.gradle.internal.execution.steps.CaptureStateBeforeExecutionStep$1::<init> (20 bytes)
Event: 23.027 Thread 0x0000023a7eada000 nmethod 12166 0x0000023a01faf090 code [0x0000023a01faf240, 0x0000023a01faf4b8]
Event: 23.027 Thread 0x0000023a7eada000 12167       3       org.gradle.internal.execution.steps.ValidateStep::execute (10 bytes)
Event: 23.028 Thread 0x0000023a7eada000 nmethod 12167 0x0000023a01faf590 code [0x0000023a01faf760, 0x0000023a01faf9a8]
Event: 23.028 Thread 0x0000023a7eada000 12168       3       org.gradle.internal.execution.steps.ValidateStep::execute (238 bytes)
Event: 23.029 Thread 0x0000023a124cd000 12170       4       java.util.ArrayList::fastRemove (44 bytes)
Event: 23.031 Thread 0x0000023a124cd000 nmethod 12170 0x0000023a0817f110 code [0x0000023a0817f2a0, 0x0000023a0817f478]
Event: 23.033 Thread 0x0000023a7eada000 nmethod 12168 0x0000023a01fafa90 code [0x0000023a01fb0160, 0x0000023a01fb3c88]
Event: 23.033 Thread 0x0000023a7eada000 12169       3       org.gradle.internal.execution.steps.ResolveChangesStep::createIncrementalInputProperties (114 bytes)
Event: 23.034 Thread 0x0000023a7eada000 nmethod 12169 0x0000023a01fb5190 code [0x0000023a01fb54c0, 0x0000023a01fb6858]
Event: 23.034 Thread 0x0000023a7eada000 12171       3       org.gradle.internal.execution.steps.ValidateStep$$Lambda$875/0x0000000100b41840::get$Lambda (11 bytes)
Event: 23.035 Thread 0x0000023a7eada000 nmethod 12171 0x0000023a01fb6f10 code [0x0000023a01fb70e0, 0x0000023a01fb73f8]
Event: 23.035 Thread 0x0000023a7eada000 12172       3       org.gradle.internal.execution.steps.ValidateStep$$Lambda$875/0x0000000100b41840::<init> (20 bytes)
Event: 23.035 Thread 0x0000023a7eada000 nmethod 12172 0x0000023a01fb7510 code [0x0000023a01fb76c0, 0x0000023a01fb7938]
Event: 23.038 Thread 0x0000023a124cd000 12173       4       org.gradle.internal.execution.history.impl.FingerprintMapSerializer::readFingerprint (96 bytes)

GC Heap History (20 events):
Event: 9.667 GC heap before
{Heap before GC invocations=9 (full 0):
 garbage-first heap   total 157696K, used 119891K [0x0000000080000000, 0x0000000100000000)
  region size 1024K, 92 young (94208K), 9 survivors (9216K)
 Metaspace       used 57168K, capacity 58535K, committed 58700K, reserved 1099776K
  class space    used 7249K, capacity 7768K, committed 7808K, reserved 1048576K
}
Event: 9.687 GC heap after
{Heap after GC invocations=10 (full 0):
 garbage-first heap   total 157696K, used 44032K [0x0000000080000000, 0x0000000100000000)
  region size 1024K, 12 young (12288K), 12 survivors (12288K)
 Metaspace       used 57168K, capacity 58535K, committed 58700K, reserved 1099776K
  class space    used 7249K, capacity 7768K, committed 7808K, reserved 1048576K
}
Event: 9.897 GC heap before
{Heap before GC invocations=10 (full 0):
 garbage-first heap   total 157696K, used 54272K [0x0000000080000000, 0x0000000100000000)
  region size 1024K, 23 young (23552K), 12 survivors (12288K)
 Metaspace       used 58702K, capacity 60106K, committed 60236K, reserved 1101824K
  class space    used 7424K, capacity 7945K, committed 8064K, reserved 1048576K
}
Event: 9.921 GC heap after
{Heap after GC invocations=11 (full 0):
 garbage-first heap   total 189440K, used 46318K [0x0000000080000000, 0x0000000100000000)
  region size 1024K, 2 young (2048K), 2 survivors (2048K)
 Metaspace       used 58702K, capacity 60106K, committed 60236K, reserved 1101824K
  class space    used 7424K, capacity 7945K, committed 8064K, reserved 1048576K
}
Event: 11.285 GC heap before
{Heap before GC invocations=12 (full 0):
 garbage-first heap   total 189440K, used 119022K [0x0000000080000000, 0x0000000100000000)
  region size 1024K, 73 young (74752K), 2 survivors (2048K)
 Metaspace       used 65987K, capacity 67576K, committed 67788K, reserved 1107968K
  class space    used 8341K, capacity 8932K, committed 8960K, reserved 1048576K
}
Event: 11.297 GC heap after
{Heap after GC invocations=13 (full 0):
 garbage-first heap   total 189440K, used 51312K [0x0000000080000000, 0x0000000100000000)
  region size 1024K, 7 young (7168K), 7 survivors (7168K)
 Metaspace       used 65987K, capacity 67576K, committed 67788K, reserved 1107968K
  class space    used 8341K, capacity 8932K, committed 8960K, reserved 1048576K
}
Event: 12.612 GC heap before
{Heap before GC invocations=13 (full 0):
 garbage-first heap   total 189440K, used 125040K [0x0000000080000000, 0x0000000100000000)
  region size 1024K, 79 young (80896K), 7 survivors (7168K)
 Metaspace       used 71166K, capacity 72754K, committed 73036K, reserved 1112064K
  class space    used 9221K, capacity 9822K, committed 9856K, reserved 1048576K
}
Event: 12.630 GC heap after
{Heap after GC invocations=14 (full 0):
 garbage-first heap   total 189440K, used 55685K [0x0000000080000000, 0x0000000100000000)
  region size 1024K, 6 young (6144K), 6 survivors (6144K)
 Metaspace       used 71166K, capacity 72754K, committed 73036K, reserved 1112064K
  class space    used 9221K, capacity 9822K, committed 9856K, reserved 1048576K
}
Event: 14.307 GC heap before
{Heap before GC invocations=14 (full 0):
 garbage-first heap   total 189440K, used 130437K [0x0000000080000000, 0x0000000100000000)
  region size 1024K, 79 young (80896K), 6 survivors (6144K)
 Metaspace       used 78820K, capacity 80629K, committed 80844K, reserved 1120256K
  class space    used 10290K, capacity 10961K, committed 11008K, reserved 1048576K
}
Event: 14.323 GC heap after
{Heap after GC invocations=15 (full 0):
 garbage-first heap   total 189440K, used 59755K [0x0000000080000000, 0x0000000100000000)
  region size 1024K, 10 young (10240K), 10 survivors (10240K)
 Metaspace       used 78820K, capacity 80629K, committed 80844K, reserved 1120256K
  class space    used 10290K, capacity 10961K, committed 11008K, reserved 1048576K
}
Event: 15.924 GC heap before
{Heap before GC invocations=15 (full 0):
 garbage-first heap   total 189440K, used 134507K [0x0000000080000000, 0x0000000100000000)
  region size 1024K, 84 young (86016K), 10 survivors (10240K)
 Metaspace       used 84069K, capacity 86189K, committed 86476K, reserved 1124352K
  class space    used 10930K, capacity 11738K, committed 11776K, reserved 1048576K
}
Event: 15.950 GC heap after
{Heap after GC invocations=16 (full 0):
 garbage-first heap   total 189440K, used 66861K [0x0000000080000000, 0x0000000100000000)
  region size 1024K, 11 young (11264K), 11 survivors (11264K)
 Metaspace       used 84069K, capacity 86189K, committed 86476K, reserved 1124352K
  class space    used 10930K, capacity 11738K, committed 11776K, reserved 1048576K
}
Event: 17.828 GC heap before
{Heap before GC invocations=16 (full 0):
 garbage-first heap   total 189440K, used 139565K [0x0000000080000000, 0x0000000100000000)
  region size 1024K, 83 young (84992K), 11 survivors (11264K)
 Metaspace       used 85909K, capacity 88038K, committed 88268K, reserved 1126400K
  class space    used 11121K, capacity 11962K, committed 12032K, reserved 1048576K
}
Event: 17.859 GC heap after
{Heap after GC invocations=17 (full 0):
 garbage-first heap   total 189440K, used 75673K [0x0000000080000000, 0x0000000100000000)
  region size 1024K, 9 young (9216K), 9 survivors (9216K)
 Metaspace       used 85909K, capacity 88038K, committed 88268K, reserved 1126400K
  class space    used 11121K, capacity 11962K, committed 12032K, reserved 1048576K
}
Event: 19.203 GC heap before
{Heap before GC invocations=17 (full 0):
 garbage-first heap   total 189440K, used 153497K [0x0000000080000000, 0x0000000100000000)
  region size 1024K, 75 young (76800K), 9 survivors (9216K)
 Metaspace       used 87662K, capacity 89807K, committed 89932K, reserved 1126400K
  class space    used 11290K, capacity 12084K, committed 12160K, reserved 1048576K
}
Event: 19.238 GC heap after
{Heap after GC invocations=18 (full 0):
 garbage-first heap   total 227328K, used 92160K [0x0000000080000000, 0x0000000100000000)
  region size 1024K, 10 young (10240K), 10 survivors (10240K)
 Metaspace       used 87662K, capacity 89807K, committed 89932K, reserved 1126400K
  class space    used 11290K, capacity 12084K, committed 12160K, reserved 1048576K
}
Event: 21.027 GC heap before
{Heap before GC invocations=18 (full 0):
 garbage-first heap   total 227328K, used 181248K [0x0000000080000000, 0x0000000100000000)
  region size 1024K, 83 young (84992K), 10 survivors (10240K)
 Metaspace       used 91252K, capacity 93422K, committed 93516K, reserved 1130496K
  class space    used 11572K, capacity 12392K, committed 12416K, reserved 1048576K
}
Event: 21.056 GC heap after
{Heap after GC invocations=19 (full 0):
 garbage-first heap   total 227328K, used 103909K [0x0000000080000000, 0x0000000100000000)
  region size 1024K, 11 young (11264K), 11 survivors (11264K)
 Metaspace       used 91252K, capacity 93422K, committed 93516K, reserved 1130496K
  class space    used 11572K, capacity 12392K, committed 12416K, reserved 1048576K
}
Event: 21.992 GC heap before
{Heap before GC invocations=19 (full 0):
 garbage-first heap   total 227328K, used 172517K [0x0000000080000000, 0x0000000100000000)
  region size 1024K, 78 young (79872K), 11 survivors (11264K)
 Metaspace       used 92510K, capacity 94734K, committed 94924K, reserved 1132544K
  class space    used 11649K, capacity 12488K, committed 12544K, reserved 1048576K
}
Event: 22.006 GC heap after
{Heap after GC invocations=20 (full 0):
 garbage-first heap   total 227328K, used 103367K [0x0000000080000000, 0x0000000100000000)
  region size 1024K, 2 young (2048K), 2 survivors (2048K)
 Metaspace       used 92510K, capacity 94734K, committed 94924K, reserved 1132544K
  class space    used 11649K, capacity 12488K, committed 12544K, reserved 1048576K
}

Deoptimization events (20 events):
Event: 22.774 Thread 0x0000023a15bdb000 Uncommon trap: trap_request=0xffffffbe fr.pc=0x0000023a0816c69c relative=0x000000000000097c
Event: 22.774 Thread 0x0000023a15bdb000 Uncommon trap: reason=profile_predicate action=maybe_recompile pc=0x0000023a0816c69c method=java.io.WinNTFileSystem.normalize(Ljava/lang/String;)Ljava/lang/String; @ 25 c2
Event: 22.774 Thread 0x0000023a15bdb000 DEOPT PACKING pc=0x0000023a0816c69c sp=0x0000005c2b2fd780
Event: 22.775 Thread 0x0000023a15bdb000 DEOPT UNPACKING pc=0x0000023a0004a1af sp=0x0000005c2b2fd6a8 mode 2
Event: 22.993 Thread 0x0000023a17dfb000 Uncommon trap: trap_request=0xffffffbe fr.pc=0x0000023a0817caf0 relative=0x0000000000000ad0
Event: 22.993 Thread 0x0000023a17dfb000 Uncommon trap: reason=profile_predicate action=maybe_recompile pc=0x0000023a0817caf0 method=org.gradle.internal.snapshot.VfsRelativePath.lengthOfCommonPrefix(Ljava/lang/String;Lorg/gradle/internal/snapshot/CaseSensitivity;)I @ 29 c2
Event: 22.993 Thread 0x0000023a17dfb000 DEOPT PACKING pc=0x0000023a0817caf0 sp=0x0000005c2daf8a10
Event: 22.993 Thread 0x0000023a17dfb000 DEOPT UNPACKING pc=0x0000023a0004a1af sp=0x0000005c2daf8998 mode 2
Event: 22.993 Thread 0x0000023a17dfb000 Uncommon trap: trap_request=0xffffffbe fr.pc=0x0000023a0817caf0 relative=0x0000000000000ad0
Event: 22.993 Thread 0x0000023a17dfb000 Uncommon trap: reason=profile_predicate action=maybe_recompile pc=0x0000023a0817caf0 method=org.gradle.internal.snapshot.VfsRelativePath.lengthOfCommonPrefix(Ljava/lang/String;Lorg/gradle/internal/snapshot/CaseSensitivity;)I @ 29 c2
Event: 22.993 Thread 0x0000023a17dfb000 DEOPT PACKING pc=0x0000023a0817caf0 sp=0x0000005c2daf8690
Event: 22.993 Thread 0x0000023a17dfb000 DEOPT UNPACKING pc=0x0000023a0004a1af sp=0x0000005c2daf8618 mode 2
Event: 22.993 Thread 0x0000023a17dfb000 Uncommon trap: trap_request=0xffffffbe fr.pc=0x0000023a0817caf0 relative=0x0000000000000ad0
Event: 22.993 Thread 0x0000023a17dfb000 Uncommon trap: reason=profile_predicate action=maybe_recompile pc=0x0000023a0817caf0 method=org.gradle.internal.snapshot.VfsRelativePath.lengthOfCommonPrefix(Ljava/lang/String;Lorg/gradle/internal/snapshot/CaseSensitivity;)I @ 29 c2
Event: 22.993 Thread 0x0000023a17dfb000 DEOPT PACKING pc=0x0000023a0817caf0 sp=0x0000005c2daf8310
Event: 22.993 Thread 0x0000023a17dfb000 DEOPT UNPACKING pc=0x0000023a0004a1af sp=0x0000005c2daf8298 mode 2
Event: 22.996 Thread 0x0000023a15bdb000 Uncommon trap: trap_request=0xffffffbe fr.pc=0x0000023a0817caf0 relative=0x0000000000000ad0
Event: 22.996 Thread 0x0000023a15bdb000 Uncommon trap: reason=profile_predicate action=maybe_recompile pc=0x0000023a0817caf0 method=org.gradle.internal.snapshot.VfsRelativePath.lengthOfCommonPrefix(Ljava/lang/String;Lorg/gradle/internal/snapshot/CaseSensitivity;)I @ 29 c2
Event: 22.996 Thread 0x0000023a15bdb000 DEOPT PACKING pc=0x0000023a0817caf0 sp=0x0000005c2b2fbb90
Event: 22.996 Thread 0x0000023a15bdb000 DEOPT UNPACKING pc=0x0000023a0004a1af sp=0x0000005c2b2fbb18 mode 2

Classes redefined (0 events):
No events

Internal exceptions (20 events):
Event: 18.746 Thread 0x0000023a17dfc000 Exception <a 'java/lang/NoSuchMethodError'{0x00000000885443b0}: <clinit>> (0x00000000885443b0) thrown at [./src/hotspot/share/prims/jni.cpp, line 1365]
Event: 18.754 Thread 0x0000023a17dfc000 Exception <a 'java/lang/NoSuchMethodError'{0x00000000885b3b20}: <clinit>> (0x00000000885b3b20) thrown at [./src/hotspot/share/prims/jni.cpp, line 1365]
Event: 18.754 Thread 0x0000023a17dfc000 Exception <a 'java/lang/NoSuchMethodError'{0x00000000885b66e8}: <clinit>> (0x00000000885b66e8) thrown at [./src/hotspot/share/prims/jni.cpp, line 1365]
Event: 18.755 Thread 0x0000023a17dfc000 Exception <a 'java/lang/NoSuchMethodError'{0x00000000885bb0c8}: <clinit>> (0x00000000885bb0c8) thrown at [./src/hotspot/share/prims/jni.cpp, line 1365]
Event: 18.755 Thread 0x0000023a17dfc000 Exception <a 'java/lang/NoSuchMethodError'{0x00000000885c6868}: <clinit>> (0x00000000885c6868) thrown at [./src/hotspot/share/prims/jni.cpp, line 1365]
Event: 18.760 Thread 0x0000023a17dfc000 Exception <a 'java/lang/NoSuchMethodError'{0x000000008841e870}: <clinit>> (0x000000008841e870) thrown at [./src/hotspot/share/prims/jni.cpp, line 1365]
Event: 18.763 Thread 0x0000023a17dfc000 Exception <a 'java/lang/NoSuchMethodError'{0x0000000088450400}: <clinit>> (0x0000000088450400) thrown at [./src/hotspot/share/prims/jni.cpp, line 1365]
Event: 18.763 Thread 0x0000023a17dfc000 Exception <a 'java/lang/NoSuchMethodError'{0x0000000088453868}: <clinit>> (0x0000000088453868) thrown at [./src/hotspot/share/prims/jni.cpp, line 1365]
Event: 18.763 Thread 0x0000023a17dfc000 Exception <a 'java/lang/NoSuchMethodError'{0x00000000884564d8}: <clinit>> (0x00000000884564d8) thrown at [./src/hotspot/share/prims/jni.cpp, line 1365]
Event: 18.765 Thread 0x0000023a17dfc000 Exception <a 'java/lang/NoSuchMethodError'{0x000000008846e758}: <clinit>> (0x000000008846e758) thrown at [./src/hotspot/share/prims/jni.cpp, line 1365]
Event: 18.767 Thread 0x0000023a17dfc000 Exception <a 'java/lang/NoSuchMethodError'{0x0000000088485a60}: <clinit>> (0x0000000088485a60) thrown at [./src/hotspot/share/prims/jni.cpp, line 1365]
Event: 18.768 Thread 0x0000023a17dfc000 Exception <a 'java/lang/NoSuchMethodError'{0x000000008849a4c8}: <clinit>> (0x000000008849a4c8) thrown at [./src/hotspot/share/prims/jni.cpp, line 1365]
Event: 18.771 Thread 0x0000023a17dfc000 Exception <a 'java/lang/NoSuchMethodError'{0x00000000884bcfa0}: <clinit>> (0x00000000884bcfa0) thrown at [./src/hotspot/share/prims/jni.cpp, line 1365]
Event: 18.774 Thread 0x0000023a17dfc000 Exception <a 'java/lang/NoSuchMethodError'{0x00000000884e23b8}: <clinit>> (0x00000000884e23b8) thrown at [./src/hotspot/share/prims/jni.cpp, line 1365]
Event: 18.775 Thread 0x0000023a17dfc000 Exception <a 'java/lang/NoSuchMethodError'{0x00000000884f6990}: <clinit>> (0x00000000884f6990) thrown at [./src/hotspot/share/prims/jni.cpp, line 1365]
Event: 20.272 Thread 0x0000023a17dfc000 Implicit null exception at 0x0000023a0808fab9 to 0x0000023a08093e80
Event: 20.330 Thread 0x0000023a17dfc000 Exception <a 'java/lang/NoSuchMethodError'{0x000000008bf52278}: <clinit>> (0x000000008bf52278) thrown at [./src/hotspot/share/prims/jni.cpp, line 1365]
Event: 20.378 Thread 0x0000023a17dfc000 Exception <a 'java/lang/NoSuchMethodError'{0x000000008bec1d10}: <clinit>> (0x000000008bec1d10) thrown at [./src/hotspot/share/prims/jni.cpp, line 1365]
Event: 20.406 Thread 0x0000023a17dfc000 Exception <a 'java/lang/NoSuchMethodError'{0x000000008ba16640}: <clinit>> (0x000000008ba16640) thrown at [./src/hotspot/share/prims/jni.cpp, line 1365]
Event: 22.562 Thread 0x0000023a15a0d800 Implicit null exception at 0x0000023a08168367 to 0x0000023a08168a6c

Events (20 events):
Event: 22.654 loading class org/gradle/internal/snapshot/UnknownFileSystemNode done
Event: 22.655 Executing VM operation: Deoptimize
Event: 22.657 Executing VM operation: Deoptimize done
Event: 22.691 loading class org/gradle/api/file/ReproducibleFileVisitor
Event: 22.691 loading class org/gradle/api/file/ReproducibleFileVisitor done
Event: 22.692 loading class org/gradle/api/internal/file/collections/DefaultDirectoryWalker$PathVisitor
Event: 22.692 loading class org/gradle/api/internal/file/collections/DefaultDirectoryWalker$PathVisitor done
Event: 22.693 loading class java/nio/file/FileTreeWalker$1
Event: 22.693 loading class java/nio/file/FileTreeWalker$1 done
Event: 22.694 loading class org/gradle/api/internal/file/DefaultFileVisitDetails
Event: 22.694 loading class org/gradle/api/internal/file/DefaultFileVisitDetails done
Event: 22.694 loading class org/gradle/api/internal/file/DefaultFileTreeElement
Event: 22.694 loading class org/gradle/api/internal/file/DefaultFileTreeElement done
Event: 22.695 loading class org/gradle/api/internal/file/AbstractFileTreeElement
Event: 22.695 loading class org/gradle/api/internal/file/AbstractFileTreeElement done
Event: 22.697 loading class org/gradle/api/internal/file/AbstractFileTreeElement$CopyFileElementException
Event: 22.697 loading class org/gradle/api/internal/file/AbstractFileTreeElement$CopyFileElementException done
Event: 22.839 Executing VM operation: RevokeBias
Event: 22.840 Executing VM operation: RevokeBias done
Event: 22.948 Loaded shared library C:\Program Files\Android\Android Studio\jre\bin\nio.dll


Dynamic libraries:
0x00007ff78a3c0000 - 0x00007ff78a3ca000 	C:\Program Files\Android\Android Studio\jre\bin\java.exe
0x00007ffdbee50000 - 0x00007ffdbf048000 	C:\WINDOWS\SYSTEM32\ntdll.dll
0x00007ffdbe9a0000 - 0x00007ffdbea5d000 	C:\WINDOWS\System32\KERNEL32.DLL
0x00007ffdbcbe0000 - 0x00007ffdbceae000 	C:\WINDOWS\System32\KERNELBASE.dll
0x00007ffdbca20000 - 0x00007ffdbcb20000 	C:\WINDOWS\System32\ucrtbase.dll
0x00007ffdabb20000 - 0x00007ffdabb39000 	C:\Program Files\Android\Android Studio\jre\bin\jli.dll
0x00007ffdad5a0000 - 0x00007ffdad5b7000 	C:\Program Files\Android\Android Studio\jre\bin\VCRUNTIME140.dll
0x00007ffdbd050000 - 0x00007ffdbd1f0000 	C:\WINDOWS\System32\USER32.dll
0x00007ffdbcbb0000 - 0x00007ffdbcbd2000 	C:\WINDOWS\System32\win32u.dll
0x00007ffdaca20000 - 0x00007ffdaccba000 	C:\WINDOWS\WinSxS\amd64_microsoft.windows.common-controls_6595b64144ccf1df_6.0.19041.1110_none_60b5254171f9507e\COMCTL32.dll
0x00007ffdbe810000 - 0x00007ffdbe83a000 	C:\WINDOWS\System32\GDI32.dll
0x00007ffdbe400000 - 0x00007ffdbe49e000 	C:\WINDOWS\System32\msvcrt.dll
0x00007ffdbc800000 - 0x00007ffdbc90b000 	C:\WINDOWS\System32\gdi32full.dll
0x00007ffdbc910000 - 0x00007ffdbc9ad000 	C:\WINDOWS\System32\msvcp_win.dll
0x00007ffdbe960000 - 0x00007ffdbe990000 	C:\WINDOWS\System32\IMM32.DLL
0x00007ffd4bcf0000 - 0x00007ffd4bd8d000 	C:\Program Files\Android\Android Studio\jre\bin\msvcp140.dll
0x00007ffd3cca0000 - 0x00007ffd3d785000 	C:\Program Files\Android\Android Studio\jre\bin\server\jvm.dll
0x00007ffdbe840000 - 0x00007ffdbe8ee000 	C:\WINDOWS\System32\ADVAPI32.dll
0x00007ffdbe710000 - 0x00007ffdbe7ac000 	C:\WINDOWS\System32\sechost.dll
0x00007ffdbec10000 - 0x00007ffdbed35000 	C:\WINDOWS\System32\RPCRT4.dll
0x00007ffdbe990000 - 0x00007ffdbe998000 	C:\WINDOWS\System32\PSAPI.DLL
0x00007ffd972c0000 - 0x00007ffd972c9000 	C:\WINDOWS\SYSTEM32\WSOCK32.dll
0x00007ffdac860000 - 0x00007ffdac887000 	C:\WINDOWS\SYSTEM32\WINMM.dll
0x00007ffdbe8f0000 - 0x00007ffdbe95b000 	C:\WINDOWS\System32\WS2_32.dll
0x00007ffdb3670000 - 0x00007ffdb367a000 	C:\WINDOWS\SYSTEM32\VERSION.dll
0x00007ffdbadf0000 - 0x00007ffdbae02000 	C:\WINDOWS\SYSTEM32\kernel.appcore.dll
0x00007ffd97c60000 - 0x00007ffd97c71000 	C:\Program Files\Android\Android Studio\jre\bin\verify.dll
0x00007ffda0390000 - 0x00007ffda0574000 	C:\WINDOWS\SYSTEM32\DBGHELP.DLL
0x00007ffda0220000 - 0x00007ffda024c000 	C:\WINDOWS\SYSTEM32\dbgcore.DLL
0x00007ffdbcb20000 - 0x00007ffdbcba2000 	C:\WINDOWS\System32\bcryptPrimitives.dll
0x00007ffd965d0000 - 0x00007ffd965f9000 	C:\Program Files\Android\Android Studio\jre\bin\java.dll
0x00007ffda0990000 - 0x00007ffda099b000 	C:\Program Files\Android\Android Studio\jre\bin\jimage.dll
0x00007ffd97b60000 - 0x00007ffd97b78000 	C:\Program Files\Android\Android Studio\jre\bin\zip.dll
0x00007ffdbd8e0000 - 0x00007ffdbe023000 	C:\WINDOWS\System32\SHELL32.dll
0x00007ffdba590000 - 0x00007ffdbad25000 	C:\WINDOWS\SYSTEM32\windows.storage.dll
0x00007ffdbe0a0000 - 0x00007ffdbe3f4000 	C:\WINDOWS\System32\combase.dll
0x00007ffdbbfd0000 - 0x00007ffdbc000000 	C:\WINDOWS\SYSTEM32\Wldp.dll
0x00007ffdbe4a0000 - 0x00007ffdbe54d000 	C:\WINDOWS\System32\SHCORE.dll
0x00007ffdbe7b0000 - 0x00007ffdbe805000 	C:\WINDOWS\System32\shlwapi.dll
0x00007ffdbc4b0000 - 0x00007ffdbc4cf000 	C:\WINDOWS\SYSTEM32\profapi.dll
0x00007ffd97850000 - 0x00007ffd9786a000 	C:\Program Files\Android\Android Studio\jre\bin\net.dll
0x00007ffdad320000 - 0x00007ffdad42a000 	C:\WINDOWS\SYSTEM32\WINHTTP.dll
0x00007ffdbbd30000 - 0x00007ffdbbd9a000 	C:\WINDOWS\system32\mswsock.dll
0x00007ffd95c40000 - 0x00007ffd95c54000 	C:\Program Files\Android\Android Studio\jre\bin\nio.dll
0x00007ffda08d0000 - 0x00007ffda08f7000 	C:\Users\Nada Said\.gradle\native\e1d6ef7f7dcc3fd88c89a11ec53ec762bb8ba0a96d01ffa2cd45eb1d1d8dd5c5\windows-amd64\native-platform.dll
0x00007ffd42360000 - 0x00007ffd424a4000 	C:\Users\Nada Said\.gradle\native\5664cfc778a61ccfe75a443a1ab52a65af34e5dc3c78e0209fed803814484fcb\windows-amd64\native-platform-file-events.dll
0x00007ffd985e0000 - 0x00007ffd985ea000 	C:\Program Files\Android\Android Studio\jre\bin\management.dll
0x00007ffd98280000 - 0x00007ffd9828d000 	C:\Program Files\Android\Android Studio\jre\bin\management_ext.dll
0x00007ffdbbf30000 - 0x00007ffdbbf48000 	C:\WINDOWS\SYSTEM32\CRYPTSP.dll
0x00007ffdbb640000 - 0x00007ffdbb674000 	C:\WINDOWS\system32\rsaenh.dll
0x00007ffdbc620000 - 0x00007ffdbc647000 	C:\WINDOWS\System32\bcrypt.dll
0x00007ffdbc430000 - 0x00007ffdbc45e000 	C:\WINDOWS\SYSTEM32\USERENV.dll
0x00007ffdbbf20000 - 0x00007ffdbbf2c000 	C:\WINDOWS\SYSTEM32\CRYPTBASE.dll
0x00007ffdbb9d0000 - 0x00007ffdbba0b000 	C:\WINDOWS\SYSTEM32\IPHLPAPI.DLL
0x00007ffdbe030000 - 0x00007ffdbe038000 	C:\WINDOWS\System32\NSI.dll
0x00007ffdb3260000 - 0x00007ffdb3277000 	C:\WINDOWS\SYSTEM32\dhcpcsvc6.DLL
0x00007ffdb3e80000 - 0x00007ffdb3e9d000 	C:\WINDOWS\SYSTEM32\dhcpcsvc.DLL
0x00007ffdbba20000 - 0x00007ffdbbaea000 	C:\WINDOWS\SYSTEM32\DNSAPI.dll

dbghelp: loaded successfully - version: 4.0.5 - missing functions: none
symbol engine: initialized successfully - sym options: 0x614 - pdb path: .;C:\Program Files\Android\Android Studio\jre\bin;C:\WINDOWS\SYSTEM32;C:\WINDOWS\WinSxS\amd64_microsoft.windows.common-controls_6595b64144ccf1df_6.0.19041.1110_none_60b5254171f9507e;C:\Program Files\Android\Android Studio\jre\bin\server;C:\Users\Nada Said\.gradle\native\e1d6ef7f7dcc3fd88c89a11ec53ec762bb8ba0a96d01ffa2cd45eb1d1d8dd5c5\windows-amd64;C:\Users\Nada Said\.gradle\native\5664cfc778a61ccfe75a443a1ab52a65af34e5dc3c78e0209fed803814484fcb\windows-amd64

VM Arguments:
jvm_args: --add-opens=java.base/java.util=ALL-UNNAMED --add-opens=java.base/java.lang=ALL-UNNAMED --add-opens=java.base/java.lang.invoke=ALL-UNNAMED --add-opens=java.base/java.util=ALL-UNNAMED --add-opens=java.prefs/java.util.prefs=ALL-UNNAMED --add-opens=java.prefs/java.util.prefs=ALL-UNNAMED --add-opens=java.base/java.nio.charset=ALL-UNNAMED --add-opens=java.base/java.net=ALL-UNNAMED --add-opens=java.base/java.util.concurrent.atomic=ALL-UNNAMED -Xmx2048m -Dfile.encoding=UTF-8 -Duser.country=US -Duser.language=en -Duser.variant 
java_command: org.gradle.launcher.daemon.bootstrap.GradleDaemon 7.3.3
java_class_path (initial): C:\Users\Nada Said\.gradle\wrapper\dists\gradle-7.3.3-bin\6a41zxkdtcxs8rphpq6y0069z\gradle-7.3.3\lib\gradle-launcher-7.3.3.jar
Launcher Type: SUN_STANDARD

[Global flags]
     intx CICompilerCount                          = 3                                         {product} {ergonomic}
     uint ConcGCThreads                            = 1                                         {product} {ergonomic}
     uint G1ConcRefinementThreads                  = 4                                         {product} {ergonomic}
   size_t G1HeapRegionSize                         = 1048576                                   {product} {ergonomic}
    uintx GCDrainStackTargetSize                   = 64                                        {product} {ergonomic}
   size_t InitialHeapSize                          = 134217728                                 {product} {ergonomic}
   size_t MarkStackSize                            = 4194304                                   {product} {ergonomic}
   size_t MaxHeapSize                              = 2147483648                                {product} {command line}
   size_t MaxNewSize                               = 1287651328                                {product} {ergonomic}
   size_t MinHeapDeltaBytes                        = 1048576                                   {product} {ergonomic}
    uintx NonNMethodCodeHeapSize                   = 5830732                                {pd product} {ergonomic}
    uintx NonProfiledCodeHeapSize                  = 122913754                              {pd product} {ergonomic}
    uintx ProfiledCodeHeapSize                     = 122913754                              {pd product} {ergonomic}
    uintx ReservedCodeCacheSize                    = 251658240                              {pd product} {ergonomic}
     bool SegmentedCodeCache                       = true                                      {product} {ergonomic}
     bool UseCompressedClassPointers               = true                                 {lp64_product} {ergonomic}
     bool UseCompressedOops                        = true                                 {lp64_product} {ergonomic}
     bool UseG1GC                                  = true                                      {product} {ergonomic}
     bool UseLargePagesIndividualAllocation        = false                                  {pd product} {ergonomic}

Logging:
Log output configuration:
 #0: stdout all=warning uptime,level,tags
 #1: stderr all=off uptime,level,tags

Environment Variables:
JAVA_HOME=C:\Program Files\Java\jdk-17.0.1
PATH=C:\Program Files\Microsoft\jdk-11.0.12.7-hotspot\bin;C:\Program Files (x86)\NVIDIA Corporation\PhysX\Common;C:\Oracle\Middleware\Oracle_FRHome1\bin;C:\Program Files\Common Files\Oracle\Java\javapath;C:\app\NadaSaid\product\11.2.0\dbhome_1\bin;C:\ProgramData\Oracle\Java\javapath;C:\WINDOWS\system32;C:\WINDOWS;C:\WINDOWS\System32\Wbem;C:\WINDOWS\System32\WindowsPowerShell\v1.0\;C:\WINDOWS\System32\OpenSSH\;C:\Program Files\Git\cmd;C:\Program Files\Java\jdk-17.0.1\bin;C:\Oracle\Middleware\Oracle_FRHome1\opmn\bin;C:\Oracle\Middleware\Oracle_FRHome1\opmn\lib;C:\Oracle\Middleware\Oracle_FRHome1\perl\bin;C:\Program Files\Microsoft SQL Server\Client SDK\ODBC\110\Tools\Binn\;C:\Program Files (x86)\Microsoft SQL Server\120\Tools\Binn\;C:\Program Files\Microsoft SQL Server\120\Tools\Binn\;C:\Program Files\Microsoft SQL Server\120\DTS\Binn\;C:\Program Files (x86)\Windows Kits\8.1\Windows Performance Toolkit\;C:\Program Files\dotnet\;C:\Users\Nada Said\AppData\Local\Programs\Python\Python37\Scripts\;C:\Users\Nada Said\AppData\Local\Programs\Python\Python37\;C:\Python37\Scripts\;C:\Python37\;C:\Users\Nada Said\AppData\Local\Microsoft\WindowsApps;C:\Users\Nada Said\AppData\Local\Programs\Microsoft VS Code\bin;C:\Program Files\JetBrains\IntelliJ IDEA Community Edition 2021.2.3\bin;;C:\Users\Nada Said\.dotnet\tools;C:\Users\Nada Said\AppData\Local\GitHubDesktop\bin;C:\Dart\dart-sdk\bin;
USERNAME=Nada Said
LD_LIBRARY_PATH=C:\Oracle\Middleware\Oracle_FRHome1\lib
OS=Windows_NT
PROCESSOR_IDENTIFIER=Intel64 Family 6 Model 61 Stepping 4, GenuineIntel



---------------  S Y S T E M  ---------------

OS: Windows 10 , 64 bit Build 19041 (10.0.19041.1889)
OS uptime: 2 days 20:57 hours

CPU:total 4 (initial active 4) (2 cores per cpu, 2 threads per core) family 6 model 61 stepping 4 microcode 0x2d, cmov, cx8, fxsr, mmx, sse, sse2, sse3, ssse3, sse4.1, sse4.2, popcnt, avx, avx2, aes, clmul, erms, rtm, 3dnowpref, lzcnt, ht, tsc, tscinvbit, bmi1, bmi2, adx, fma

Memory: 4k page, system-wide physical 8067M (1191M free)
TotalPageFile size 11125M (AvailPageFile size 5M)
current process WorkingSet (physical memory assigned to process): 498M, peak: 501M
current process commit charge ("private bytes"): 527M, peak: 529M

vm_info: OpenJDK 64-Bit Server VM (11.0.12+7-b1504.28-7817840) for windows-amd64 JRE (11.0.12+7-b1504.28-7817840), built on Oct 13 2021 22:12:33 by "builder" with MS VC++ 14.0 (VS2015)

END.
