#
# There is insufficient memory for the Java Runtime Environment to continue.
# Native memory allocation (malloc) failed to allocate 32744 bytes for ChunkPool::allocate
# Possible reasons:
#   The system is out of physical RAM or swap space
#   The process is running with CompressedOops enabled, and the Java Heap may be blocking the growth of the native heap
# Possible solutions:
#   Reduce memory load on the system
#   Increase physical memory or swap space
#   Check if swap backing store is full
#   Decrease Java heap size (-Xmx/-Xms)
#   Decrease number of Java threads
#   Decrease Java thread stack sizes (-Xss)
#   Set larger code cache with -XX:ReservedCodeCacheSize=
#   JVM is running with Unscaled Compressed Oops mode in which the Java heap is
#     placed in the first 4GB address space. The Java Heap base address is the
#     maximum limit for the native heap growth. Please use -XX:HeapBaseMinAddress
#     to set the Java Heap base and to place the Java Heap above 4GB virtual address.
# This output file may be truncated or incomplete.
#
#  Out of Memory Error (./src/hotspot/share/memory/arena.cpp:81), pid=13008, tid=15508
#
# JRE version: OpenJDK Runtime Environment (11.0.12+7) (build 11.0.12+7-b1504.28-7817840)
# Java VM: OpenJDK 64-Bit Server VM (11.0.12+7-b1504.28-7817840, mixed mode, tiered, compressed oops, g1 gc, windows-amd64)
# No core dump will be written. Minidumps are not enabled by default on client versions of Windows
#

---------------  S U M M A R Y ------------

Command Line: --add-opens=java.base/java.util=ALL-UNNAMED --add-opens=java.base/java.lang=ALL-UNNAMED --add-opens=java.base/java.lang.invoke=ALL-UNNAMED --add-opens=java.base/java.util=ALL-UNNAMED --add-opens=java.prefs/java.util.prefs=ALL-UNNAMED --add-opens=java.prefs/java.util.prefs=ALL-UNNAMED --add-opens=java.base/java.nio.charset=ALL-UNNAMED --add-opens=java.base/java.net=ALL-UNNAMED --add-opens=java.base/java.util.concurrent.atomic=ALL-UNNAMED -Xmx2048m -Dfile.encoding=UTF-8 -Duser.country=US -Duser.language=en -Duser.variant org.gradle.launcher.daemon.bootstrap.GradleDaemon 7.3.3

Host: Intel(R) Core(TM) i5-5300U CPU @ 2.30GHz, 4 cores, 7G,  Windows 10 , 64 bit Build 19041 (10.0.19041.1889)
Time: Thu Oct  6 13:42:30 2022 Egypt Standard Time elapsed time: 21.242012 seconds (0d 0h 0m 21s)

---------------  T H R E A D  ---------------

Current thread (0x000001f75c7d2800):  JavaThread "C2 CompilerThread1" daemon [_thread_in_native, id=15508, stack(0x0000004c3dc00000,0x0000004c3dd00000)]


Current CompileTask:
C2:  21242 10470   !   4       java.io.ObjectOutputStream::writeObject0 (619 bytes)

Stack: [0x0000004c3dc00000,0x0000004c3dd00000]
Native frames: (J=compiled Java code, j=interpreted, Vv=VM code, C=native code)
V  [jvm.dll+0x5fbcea]
V  [jvm.dll+0x731905]
V  [jvm.dll+0x732f1d]
V  [jvm.dll+0x7335d3]
V  [jvm.dll+0x247bf8]
V  [jvm.dll+0xc041b]
V  [jvm.dll+0xc06cc]
V  [jvm.dll+0x36064e]
V  [jvm.dll+0x35b34e]
V  [jvm.dll+0x328803]
V  [jvm.dll+0x327cfa]
V  [jvm.dll+0x200602]
V  [jvm.dll+0x1ff794]
V  [jvm.dll+0x18868c]
V  [jvm.dll+0x20e0d7]
V  [jvm.dll+0x20c901]
V  [jvm.dll+0x6f9b7f]
V  [jvm.dll+0x6f26a5]
V  [jvm.dll+0x5fabf6]
C  [ucrtbase.dll+0x21bb2]
C  [KERNEL32.DLL+0x17034]
C  [ntdll.dll+0x526a1]


---------------  P R O C E S S  ---------------

Threads class SMR info:
_java_thread_list=0x000001f7617dabc0, length=90, elements={
0x000001f73fc15800, 0x000001f759802000, 0x000001f759805800, 0x000001f75a192800,
0x000001f759821800, 0x000001f759825800, 0x000001f75982f000, 0x000001f759836000,
0x000001f759839800, 0x000001f75a2d0800, 0x000001f75b965800, 0x000001f75bb9f800,
0x000001f75a5bb800, 0x000001f75ceee800, 0x000001f75ca07800, 0x000001f75c0bc800,
0x000001f75b39f800, 0x000001f75bccc800, 0x000001f75b919800, 0x000001f75c05f000,
0x000001f75c061000, 0x000001f75c05b000, 0x000001f75c060000, 0x000001f75c05e800,
0x000001f75c7d2800, 0x000001f75c061800, 0x000001f75c05c800, 0x000001f75c05c000,
0x000001f75c05d800, 0x000001f75cae0800, 0x000001f75cadc800, 0x000001f75cade800,
0x000001f75cae2000, 0x000001f75cadd000, 0x000001f75cadf800, 0x000001f75cae3800,
0x000001f75cade000, 0x000001f75cae9800, 0x000001f75cae7000, 0x000001f75cae6000,
0x000001f75cae7800, 0x000001f75cae5000, 0x000001f75cae8800, 0x000001f75caea000,
0x000001f75cae4800, 0x000001f75caeb000, 0x000001f761a24000, 0x000001f761a25000,
0x000001f761a20000, 0x000001f761a20800, 0x000001f761a23000, 0x000001f761a25800,
0x000001f761a21800, 0x000001f761a22800, 0x000001f761a2b800, 0x000001f761a28000,
0x000001f761a26800, 0x000001f761a2c000, 0x000001f761a29000, 0x000001f761a2d000,
0x000001f761a2a800, 0x000001f761a29800, 0x000001f761a27000, 0x000001f761a2d800,
0x000001f761a2e800, 0x000001f75ccec000, 0x000001f75cced000, 0x000001f75cce9000,
0x000001f75ccea800, 0x000001f75cce9800, 0x000001f75ccee000, 0x000001f75cceb800,
0x000001f75cce8000, 0x000001f75ccef800, 0x000001f75ccee800, 0x000001f75ccf6000,
0x000001f75ccf0800, 0x000001f75ccf2800, 0x000001f75ccf4800, 0x000001f75ccf2000,
0x000001f75ccf1000, 0x000001f75ccf3800, 0x000001f75ccf5000, 0x000001f75ccf7000,
0x000001f76382c800, 0x000001f76382b000, 0x000001f76382b800, 0x000001f76382d800,
0x000001f76382e000, 0x000001f763828800
}

Java Threads: ( => current thread )
  0x000001f73fc15800 JavaThread "main" [_thread_blocked, id=12140, stack(0x0000004c3ba00000,0x0000004c3bb00000)]
  0x000001f759802000 JavaThread "Reference Handler" daemon [_thread_blocked, id=15388, stack(0x0000004c3c100000,0x0000004c3c200000)]
  0x000001f759805800 JavaThread "Finalizer" daemon [_thread_blocked, id=13000, stack(0x0000004c3c200000,0x0000004c3c300000)]
  0x000001f75a192800 JavaThread "Signal Dispatcher" daemon [_thread_blocked, id=14664, stack(0x0000004c3c300000,0x0000004c3c400000)]
  0x000001f759821800 JavaThread "Attach Listener" daemon [_thread_blocked, id=10100, stack(0x0000004c3c400000,0x0000004c3c500000)]
  0x000001f759825800 JavaThread "Service Thread" daemon [_thread_blocked, id=13252, stack(0x0000004c3c500000,0x0000004c3c600000)]
  0x000001f75982f000 JavaThread "C2 CompilerThread0" daemon [_thread_in_native, id=16856, stack(0x0000004c3c600000,0x0000004c3c700000)]
  0x000001f759836000 JavaThread "C1 CompilerThread0" daemon [_thread_in_native, id=12084, stack(0x0000004c3c700000,0x0000004c3c800000)]
  0x000001f759839800 JavaThread "Sweeper thread" daemon [_thread_blocked, id=15980, stack(0x0000004c3c800000,0x0000004c3c900000)]
  0x000001f75a2d0800 JavaThread "Common-Cleaner" daemon [_thread_blocked, id=14236, stack(0x0000004c3c900000,0x0000004c3ca00000)]
  0x000001f75b965800 JavaThread "Daemon health stats" [_thread_blocked, id=13468, stack(0x0000004c3ce00000,0x0000004c3cf00000)]
  0x000001f75bb9f800 JavaThread "Incoming local TCP Connector on port 52040" [_thread_in_native, id=1248, stack(0x0000004c3cb00000,0x0000004c3cc00000)]
  0x000001f75a5bb800 JavaThread "Daemon periodic checks" [_thread_blocked, id=6944, stack(0x0000004c3cf00000,0x0000004c3d000000)]
  0x000001f75ceee800 JavaThread "Daemon" [_thread_blocked, id=9428, stack(0x0000004c3d000000,0x0000004c3d100000)]
  0x000001f75ca07800 JavaThread "Handler for socket connection from /127.0.0.1:52040 to /127.0.0.1:52041" [_thread_in_native, id=13280, stack(0x0000004c3d100000,0x0000004c3d200000)]
  0x000001f75c0bc800 JavaThread "Cancel handler" [_thread_blocked, id=12788, stack(0x0000004c3d200000,0x0000004c3d300000)]
  0x000001f75b39f800 JavaThread "Daemon worker" [_thread_blocked, id=11060, stack(0x0000004c3d300000,0x0000004c3d400000)]
  0x000001f75bccc800 JavaThread "Asynchronous log dispatcher for DefaultDaemonConnection: socket connection from /127.0.0.1:52040 to /127.0.0.1:52041" [_thread_in_vm, id=15296, stack(0x0000004c3d400000,0x0000004c3d500000)]
  0x000001f75b919800 JavaThread "Stdin handler" [_thread_blocked, id=7436, stack(0x0000004c3d500000,0x0000004c3d600000)]
  0x000001f75c05f000 JavaThread "Daemon client event forwarder" [_thread_blocked, id=17340, stack(0x0000004c3d600000,0x0000004c3d700000)]
  0x000001f75c061000 JavaThread "Cache worker for journal cache (C:\Users\Nada Said\.gradle\caches\journal-1)" [_thread_blocked, id=4688, stack(0x0000004c3d800000,0x0000004c3d900000)]
  0x000001f75c05b000 JavaThread "File lock request listener" [_thread_in_native, id=6732, stack(0x0000004c3d900000,0x0000004c3da00000)]
  0x000001f75c060000 JavaThread "Cache worker for file hash cache (C:\Users\Nada Said\.gradle\caches\7.3.3\fileHashes)" [_thread_blocked, id=15608, stack(0x0000004c3da00000,0x0000004c3db00000)]
  0x000001f75c05e800 JavaThread "Cache worker for file hash cache (D:\AndroidProject\EcommerceApp\.gradle\7.3.3\fileHashes)" [_thread_blocked, id=14728, stack(0x0000004c3db00000,0x0000004c3dc00000)]
=>0x000001f75c7d2800 JavaThread "C2 CompilerThread1" daemon [_thread_in_native, id=15508, stack(0x0000004c3dc00000,0x0000004c3dd00000)]
  0x000001f75c061800 JavaThread "File watcher server" daemon [_thread_in_native, id=9368, stack(0x0000004c3dd00000,0x0000004c3de00000)]
  0x000001f75c05c800 JavaThread "File watcher consumer" daemon [_thread_in_native, id=8960, stack(0x0000004c3de00000,0x0000004c3df00000)]
  0x000001f75c05c000 JavaThread "Cache worker for checksums cache (D:\AndroidProject\EcommerceApp\.gradle\7.3.3\checksums)" [_thread_blocked, id=15748, stack(0x0000004c3df00000,0x0000004c3e000000)]
  0x000001f75c05d800 JavaThread "Cache worker for cache directory md-supplier (C:\Users\Nada Said\.gradle\caches\7.3.3\md-supplier)" [_thread_blocked, id=12368, stack(0x0000004c3e000000,0x0000004c3e100000)]
  0x000001f75cae0800 JavaThread "Cache worker for cache directory md-rule (C:\Users\Nada Said\.gradle\caches\7.3.3\md-rule)" [_thread_blocked, id=14824, stack(0x0000004c3e100000,0x0000004c3e200000)]
  0x000001f75cadc800 JavaThread "Cache worker for execution history cache (C:\Users\Nada Said\.gradle\caches\7.3.3\executionHistory)" [_thread_blocked, id=16836, stack(0x0000004c3e200000,0x0000004c3e300000)]
  0x000001f75cade800 JavaThread "jar transforms" [_thread_blocked, id=15624, stack(0x0000004c3e300000,0x0000004c3e400000)]
  0x000001f75cae2000 JavaThread "Cache worker for file content cache (C:\Users\Nada Said\.gradle\caches\7.3.3\fileContent)" [_thread_blocked, id=17344, stack(0x0000004c3e400000,0x0000004c3e500000)]
  0x000001f75cadd000 JavaThread "jar transforms Thread 2" [_thread_blocked, id=11092, stack(0x0000004c3e500000,0x0000004c3e600000)]
  0x000001f75cadf800 JavaThread "Cache worker for dependencies-accessors (D:\AndroidProject\EcommerceApp\.gradle\7.3.3\dependencies-accessors)" [_thread_blocked, id=7004, stack(0x0000004c3e600000,0x0000004c3e700000)]
  0x000001f75cae3800 JavaThread "jar transforms Thread 3" [_thread_blocked, id=7396, stack(0x0000004c3e700000,0x0000004c3e800000)]
  0x000001f75cade000 JavaThread "Cache worker for Build Output Cleanup Cache (D:\AndroidProject\EcommerceApp\.gradle\buildOutputCleanup)" [_thread_blocked, id=15316, stack(0x0000004c3e800000,0x0000004c3e900000)]
  0x000001f75cae9800 JavaThread "Unconstrained build operations" [_thread_blocked, id=15040, stack(0x0000004c3e900000,0x0000004c3ea00000)]
  0x000001f75cae7000 JavaThread "Unconstrained build operations Thread 2" [_thread_blocked, id=12828, stack(0x0000004c3ea00000,0x0000004c3eb00000)]
  0x000001f75cae6000 JavaThread "Unconstrained build operations Thread 3" [_thread_blocked, id=16292, stack(0x0000004c3eb00000,0x0000004c3ec00000)]
  0x000001f75cae7800 JavaThread "Unconstrained build operations Thread 4" [_thread_blocked, id=14276, stack(0x0000004c3ec00000,0x0000004c3ed00000)]
  0x000001f75cae5000 JavaThread "Unconstrained build operations Thread 5" [_thread_blocked, id=13100, stack(0x0000004c3ed00000,0x0000004c3ee00000)]
  0x000001f75cae8800 JavaThread "Unconstrained build operations Thread 6" [_thread_blocked, id=14960, stack(0x0000004c3ee00000,0x0000004c3ef00000)]
  0x000001f75caea000 JavaThread "Unconstrained build operations Thread 7" [_thread_blocked, id=15788, stack(0x0000004c3ef00000,0x0000004c3f000000)]
  0x000001f75cae4800 JavaThread "Unconstrained build operations Thread 8" [_thread_blocked, id=17400, stack(0x0000004c3f000000,0x0000004c3f100000)]
  0x000001f75caeb000 JavaThread "Unconstrained build operations Thread 9" [_thread_blocked, id=3108, stack(0x0000004c3f100000,0x0000004c3f200000)]
  0x000001f761a24000 JavaThread "Unconstrained build operations Thread 10" [_thread_blocked, id=9416, stack(0x0000004c3f200000,0x0000004c3f300000)]
  0x000001f761a25000 JavaThread "Unconstrained build operations Thread 11" [_thread_blocked, id=11072, stack(0x0000004c3f300000,0x0000004c3f400000)]
  0x000001f761a20000 JavaThread "Unconstrained build operations Thread 12" [_thread_blocked, id=9680, stack(0x0000004c3f400000,0x0000004c3f500000)]
  0x000001f761a20800 JavaThread "Unconstrained build operations Thread 13" [_thread_blocked, id=12712, stack(0x0000004c3f500000,0x0000004c3f600000)]
  0x000001f761a23000 JavaThread "Unconstrained build operations Thread 14" [_thread_blocked, id=13760, stack(0x0000004c3f600000,0x0000004c3f700000)]
  0x000001f761a25800 JavaThread "Unconstrained build operations Thread 15" [_thread_blocked, id=14604, stack(0x0000004c3f700000,0x0000004c3f800000)]
  0x000001f761a21800 JavaThread "Unconstrained build operations Thread 16" [_thread_blocked, id=680, stack(0x0000004c3f800000,0x0000004c3f900000)]
  0x000001f761a22800 JavaThread "Unconstrained build operations Thread 17" [_thread_blocked, id=12724, stack(0x0000004c3f900000,0x0000004c3fa00000)]
  0x000001f761a2b800 JavaThread "Unconstrained build operations Thread 18" [_thread_blocked, id=12656, stack(0x0000004c3fa00000,0x0000004c3fb00000)]
  0x000001f761a28000 JavaThread "Unconstrained build operations Thread 19" [_thread_blocked, id=6036, stack(0x0000004c3fb00000,0x0000004c3fc00000)]
  0x000001f761a26800 JavaThread "Unconstrained build operations Thread 20" [_thread_blocked, id=10040, stack(0x0000004c3fc00000,0x0000004c3fd00000)]
  0x000001f761a2c000 JavaThread "Unconstrained build operations Thread 21" [_thread_blocked, id=15520, stack(0x0000004c3fd00000,0x0000004c3fe00000)]
  0x000001f761a29000 JavaThread "Unconstrained build operations Thread 22" [_thread_blocked, id=11932, stack(0x0000004c3fe00000,0x0000004c3ff00000)]
  0x000001f761a2d000 JavaThread "Unconstrained build operations Thread 23" [_thread_blocked, id=15180, stack(0x0000004c3ff00000,0x0000004c40000000)]
  0x000001f761a2a800 JavaThread "Unconstrained build operations Thread 24" [_thread_blocked, id=7796, stack(0x0000004c40000000,0x0000004c40100000)]
  0x000001f761a29800 JavaThread "Unconstrained build operations Thread 25" [_thread_blocked, id=844, stack(0x0000004c40100000,0x0000004c40200000)]
  0x000001f761a27000 JavaThread "Unconstrained build operations Thread 26" [_thread_blocked, id=1264, stack(0x0000004c40200000,0x0000004c40300000)]
  0x000001f761a2d800 JavaThread "Unconstrained build operations Thread 27" [_thread_blocked, id=1216, stack(0x0000004c40300000,0x0000004c40400000)]
  0x000001f761a2e800 JavaThread "Unconstrained build operations Thread 28" [_thread_blocked, id=11860, stack(0x0000004c40400000,0x0000004c40500000)]
  0x000001f75ccec000 JavaThread "Unconstrained build operations Thread 29" [_thread_blocked, id=1556, stack(0x0000004c40500000,0x0000004c40600000)]
  0x000001f75cced000 JavaThread "Unconstrained build operations Thread 30" [_thread_blocked, id=14732, stack(0x0000004c40600000,0x0000004c40700000)]
  0x000001f75cce9000 JavaThread "Unconstrained build operations Thread 31" [_thread_blocked, id=5224, stack(0x0000004c40700000,0x0000004c40800000)]
  0x000001f75ccea800 JavaThread "Unconstrained build operations Thread 32" [_thread_blocked, id=17268, stack(0x0000004c40800000,0x0000004c40900000)]
  0x000001f75cce9800 JavaThread "Unconstrained build operations Thread 33" [_thread_blocked, id=16008, stack(0x0000004c40900000,0x0000004c40a00000)]
  0x000001f75ccee000 JavaThread "Unconstrained build operations Thread 34" [_thread_blocked, id=10228, stack(0x0000004c40a00000,0x0000004c40b00000)]
  0x000001f75cceb800 JavaThread "Unconstrained build operations Thread 35" [_thread_blocked, id=3196, stack(0x0000004c40b00000,0x0000004c40c00000)]
  0x000001f75cce8000 JavaThread "Unconstrained build operations Thread 36" [_thread_blocked, id=16756, stack(0x0000004c40c00000,0x0000004c40d00000)]
  0x000001f75ccef800 JavaThread "Unconstrained build operations Thread 37" [_thread_blocked, id=10180, stack(0x0000004c40d00000,0x0000004c40e00000)]
  0x000001f75ccee800 JavaThread "Unconstrained build operations Thread 38" [_thread_blocked, id=11320, stack(0x0000004c40e00000,0x0000004c40f00000)]
  0x000001f75ccf6000 JavaThread "Unconstrained build operations Thread 39" [_thread_blocked, id=8396, stack(0x0000004c40f00000,0x0000004c41000000)]
  0x000001f75ccf0800 JavaThread "Unconstrained build operations Thread 40" [_thread_blocked, id=10960, stack(0x0000004c41000000,0x0000004c41100000)]
  0x000001f75ccf2800 JavaThread "jar transforms Thread 4" [_thread_blocked, id=11608, stack(0x0000004c41100000,0x0000004c41200000)]
  0x000001f75ccf4800 JavaThread "Memory manager" [_thread_blocked, id=7108, stack(0x0000004c41200000,0x0000004c41300000)]
  0x000001f75ccf2000 JavaThread "build event listener" [_thread_blocked, id=13784, stack(0x0000004c41300000,0x0000004c41400000)]
  0x000001f75ccf1000 JavaThread "pool-3-thread-1" [_thread_blocked, id=10024, stack(0x0000004c41400000,0x0000004c41500000)]
  0x000001f75ccf3800 JavaThread "build event listener" [_thread_blocked, id=8772, stack(0x0000004c41500000,0x0000004c41600000)]
  0x000001f75ccf5000 JavaThread "Execution worker for ':'" [_thread_blocked, id=14884, stack(0x0000004c41600000,0x0000004c41700000)]
  0x000001f75ccf7000 JavaThread "Execution worker for ':' Thread 2" [_thread_blocked, id=14548, stack(0x0000004c41700000,0x0000004c41800000)]
  0x000001f76382c800 JavaThread "Execution worker for ':' Thread 3" [_thread_blocked, id=8364, stack(0x0000004c41800000,0x0000004c41900000)]
  0x000001f76382b000 JavaThread "Cache worker for execution history cache (D:\AndroidProject\EcommerceApp\.gradle\7.3.3\executionHistory)" [_thread_blocked, id=9284, stack(0x0000004c41900000,0x0000004c41a00000)]
  0x000001f76382b800 JavaThread "WorkerExecutor Queue" [_thread_in_Java, id=236, stack(0x0000004c41a00000,0x0000004c41b00000)]
  0x000001f76382d800 JavaThread "WorkerExecutor Queue Thread 2" [_thread_blocked, id=12012, stack(0x0000004c41d00000,0x0000004c41e00000)]
  0x000001f76382e000 JavaThread "WorkerExecutor Queue Thread 3" [_thread_blocked, id=13500, stack(0x0000004c41e00000,0x0000004c41f00000)]
  0x000001f763828800 JavaThread "WorkerExecutor Queue Thread 4" [_thread_in_vm, id=15940, stack(0x0000004c41f00000,0x0000004c42000000)]

Other Threads:
  0x000001f7597fd800 VMThread "VM Thread" [stack: 0x0000004c3c000000,0x0000004c3c100000] [id=1364]
  0x000001f75a320000 WatcherThread [stack: 0x0000004c3ca00000,0x0000004c3cb00000] [id=15692]
  0x000001f73fc27000 GCTaskThread "GC Thread#0" [stack: 0x0000004c3bb00000,0x0000004c3bc00000] [id=9728]
  0x000001f75ad31000 GCTaskThread "GC Thread#1" [stack: 0x0000004c3cc00000,0x0000004c3cd00000] [id=7704]
  0x000001f75ad32000 GCTaskThread "GC Thread#2" [stack: 0x0000004c3cd00000,0x0000004c3ce00000] [id=764]
  0x000001f75bf4f800 GCTaskThread "GC Thread#3" [stack: 0x0000004c3d700000,0x0000004c3d800000] [id=6072]
  0x000001f73fc59800 ConcurrentGCThread "G1 Main Marker" [stack: 0x0000004c3bc00000,0x0000004c3bd00000] [id=3188]
  0x000001f73fc5a800 ConcurrentGCThread "G1 Conc#0" [stack: 0x0000004c3bd00000,0x0000004c3be00000] [id=556]
  0x000001f73fceb000 ConcurrentGCThread "G1 Refine#0" [stack: 0x0000004c3be00000,0x0000004c3bf00000] [id=2024]
  0x000001f76361b800 ConcurrentGCThread "G1 Refine#1" [stack: 0x0000004c41b00000,0x0000004c41c00000] [id=3592]
  0x000001f76576f800 ConcurrentGCThread "G1 Refine#2" [stack: 0x0000004c41c00000,0x0000004c41d00000] [id=15144]
  0x000001f73fcec000 ConcurrentGCThread "G1 Young RemSet Sampling" [stack: 0x0000004c3bf00000,0x0000004c3c000000] [id=14100]

Threads with active compile tasks:
C2 CompilerThread0  21283 10832  s!   4       jdk.internal.loader.URLClassPath::getLoader (194 bytes)
C1 CompilerThread0  21283 10818       2       com.android.aaptcompiler.ResourceTablePackage::findGroup (319 bytes)
C2 CompilerThread1  21283 10470   !   4       java.io.ObjectOutputStream::writeObject0 (619 bytes)

VM state:not at safepoint (normal execution)

VM Mutex/Monitor currently owned by a thread: None

Heap address: 0x0000000080000000, size: 2048 MB, Compressed Oops mode: 32-bit
Narrow klass base: 0x0000000000000000, Narrow klass shift: 3
Compressed class space size: 1073741824 Address: 0x0000000100000000

Heap:
 garbage-first heap   total 227328K, used 165324K [0x0000000080000000, 0x0000000100000000)
  region size 1024K, 70 young (71680K), 13 survivors (13312K)
 Metaspace       used 89498K, capacity 91651K, committed 91904K, reserved 1128448K
  class space    used 11411K, capacity 12223K, committed 12288K, reserved 1048576K
Heap Regions: E=young(eden), S=young(survivor), O=old, HS=humongous(starts), HC=humongous(continues), CS=collection set, F=free, A=archive, TAMS=top-at-mark-start (previous, next)
|   0|0x0000000080000000, 0x0000000080100000, 0x0000000080100000|100%|HS|  |TAMS 0x0000000080100000, 0x0000000080000000| Complete 
|   1|0x0000000080100000, 0x0000000080200000, 0x0000000080200000|100%|HC|  |TAMS 0x0000000080200000, 0x0000000080100000| Complete 
|   2|0x0000000080200000, 0x0000000080300000, 0x0000000080300000|100%|HC|  |TAMS 0x0000000080300000, 0x0000000080200000| Complete 
|   3|0x0000000080300000, 0x0000000080400000, 0x0000000080400000|100%| O|  |TAMS 0x0000000080400000, 0x0000000080300000| Untracked 
|   4|0x0000000080400000, 0x0000000080500000, 0x0000000080500000|100%| O|  |TAMS 0x0000000080500000, 0x0000000080400000| Untracked 
|   5|0x0000000080500000, 0x0000000080600000, 0x0000000080600000|100%| O|  |TAMS 0x0000000080600000, 0x0000000080500000| Untracked 
|   6|0x0000000080600000, 0x0000000080700000, 0x0000000080700000|100%| O|  |TAMS 0x0000000080700000, 0x0000000080600000| Untracked 
|   7|0x0000000080700000, 0x0000000080800000, 0x0000000080800000|100%| O|  |TAMS 0x0000000080800000, 0x0000000080700000| Untracked 
|   8|0x0000000080800000, 0x0000000080900000, 0x0000000080900000|100%| O|  |TAMS 0x0000000080900000, 0x0000000080800000| Untracked 
|   9|0x0000000080900000, 0x0000000080a00000, 0x0000000080a00000|100%| O|  |TAMS 0x0000000080a00000, 0x0000000080900000| Untracked 
|  10|0x0000000080a00000, 0x0000000080b00000, 0x0000000080b00000|100%| O|  |TAMS 0x0000000080b00000, 0x0000000080a00000| Untracked 
|  11|0x0000000080b00000, 0x0000000080c00000, 0x0000000080c00000|100%| O|  |TAMS 0x0000000080c00000, 0x0000000080b00000| Untracked 
|  12|0x0000000080c00000, 0x0000000080d00000, 0x0000000080d00000|100%| O|  |TAMS 0x0000000080d00000, 0x0000000080c00000| Untracked 
|  13|0x0000000080d00000, 0x0000000080e00000, 0x0000000080e00000|100%| O|  |TAMS 0x0000000080e00000, 0x0000000080d00000| Untracked 
|  14|0x0000000080e00000, 0x0000000080f00000, 0x0000000080f00000|100%| O|  |TAMS 0x0000000080f00000, 0x0000000080e00000| Untracked 
|  15|0x0000000080f00000, 0x0000000081000000, 0x0000000081000000|100%| O|  |TAMS 0x0000000081000000, 0x0000000080f00000| Untracked 
|  16|0x0000000081000000, 0x0000000081100000, 0x0000000081100000|100%|HS|  |TAMS 0x0000000081100000, 0x0000000081000000| Complete 
|  17|0x0000000081100000, 0x0000000081200000, 0x0000000081200000|100%|HS|  |TAMS 0x0000000081200000, 0x0000000081100000| Complete 
|  18|0x0000000081200000, 0x0000000081300000, 0x0000000081300000|100%| O|  |TAMS 0x0000000081300000, 0x0000000081200000| Untracked 
|  19|0x0000000081300000, 0x0000000081400000, 0x0000000081400000|100%| O|  |TAMS 0x0000000081400000, 0x0000000081300000| Untracked 
|  20|0x0000000081400000, 0x0000000081500000, 0x0000000081500000|100%| O|  |TAMS 0x0000000081500000, 0x0000000081400000| Untracked 
|  21|0x0000000081500000, 0x0000000081600000, 0x0000000081600000|100%| O|  |TAMS 0x0000000081600000, 0x0000000081500000| Untracked 
|  22|0x0000000081600000, 0x0000000081700000, 0x0000000081700000|100%| O|  |TAMS 0x0000000081700000, 0x0000000081600000| Untracked 
|  23|0x0000000081700000, 0x0000000081800000, 0x0000000081800000|100%| O|  |TAMS 0x0000000081800000, 0x0000000081700000| Untracked 
|  24|0x0000000081800000, 0x0000000081900000, 0x0000000081900000|100%| O|  |TAMS 0x0000000081900000, 0x0000000081800000| Untracked 
|  25|0x0000000081900000, 0x0000000081a00000, 0x0000000081a00000|100%| O|  |TAMS 0x0000000081a00000, 0x0000000081900000| Untracked 
|  26|0x0000000081a00000, 0x0000000081b00000, 0x0000000081b00000|100%|HS|  |TAMS 0x0000000081b00000, 0x0000000081a00000| Complete 
|  27|0x0000000081b00000, 0x0000000081c00000, 0x0000000081c00000|100%|HC|  |TAMS 0x0000000081c00000, 0x0000000081b00000| Complete 
|  28|0x0000000081c00000, 0x0000000081d00000, 0x0000000081d00000|100%| O|  |TAMS 0x0000000081d00000, 0x0000000081c00000| Untracked 
|  29|0x0000000081d00000, 0x0000000081e00000, 0x0000000081e00000|100%| O|  |TAMS 0x0000000081e00000, 0x0000000081d00000| Untracked 
|  30|0x0000000081e00000, 0x0000000081f00000, 0x0000000081f00000|100%| O|  |TAMS 0x0000000081f00000, 0x0000000081e00000| Untracked 
|  31|0x0000000081f00000, 0x0000000082000000, 0x0000000082000000|100%| O|  |TAMS 0x0000000082000000, 0x0000000081f00000| Untracked 
|  32|0x0000000082000000, 0x0000000082100000, 0x0000000082100000|100%| O|  |TAMS 0x0000000082100000, 0x0000000082000000| Untracked 
|  33|0x0000000082100000, 0x0000000082200000, 0x0000000082200000|100%| O|  |TAMS 0x0000000082200000, 0x0000000082100000| Untracked 
|  34|0x0000000082200000, 0x0000000082300000, 0x0000000082300000|100%| O|  |TAMS 0x0000000082300000, 0x0000000082200000| Untracked 
|  35|0x0000000082300000, 0x0000000082400000, 0x0000000082400000|100%| O|  |TAMS 0x0000000082400000, 0x0000000082300000| Untracked 
|  36|0x0000000082400000, 0x0000000082500000, 0x0000000082500000|100%| O|  |TAMS 0x0000000082500000, 0x0000000082400000| Untracked 
|  37|0x0000000082500000, 0x0000000082600000, 0x0000000082600000|100%| O|  |TAMS 0x0000000082600000, 0x0000000082500000| Untracked 
|  38|0x0000000082600000, 0x0000000082700000, 0x0000000082700000|100%| O|  |TAMS 0x0000000082700000, 0x0000000082600000| Untracked 
|  39|0x0000000082700000, 0x0000000082800000, 0x0000000082800000|100%| O|  |TAMS 0x0000000082800000, 0x0000000082700000| Untracked 
|  40|0x0000000082800000, 0x0000000082900000, 0x0000000082900000|100%| O|  |TAMS 0x0000000082900000, 0x0000000082800000| Untracked 
|  41|0x0000000082900000, 0x0000000082a00000, 0x0000000082a00000|100%| O|  |TAMS 0x0000000082a00000, 0x0000000082900000| Untracked 
|  42|0x0000000082a00000, 0x0000000082b00000, 0x0000000082b00000|100%| O|  |TAMS 0x0000000082b00000, 0x0000000082a00000| Untracked 
|  43|0x0000000082b00000, 0x0000000082c00000, 0x0000000082c00000|100%| O|  |TAMS 0x0000000082c00000, 0x0000000082b00000| Untracked 
|  44|0x0000000082c00000, 0x0000000082d00000, 0x0000000082d00000|100%| O|  |TAMS 0x0000000082d00000, 0x0000000082c00000| Untracked 
|  45|0x0000000082d00000, 0x0000000082e00000, 0x0000000082e00000|100%| O|  |TAMS 0x0000000082e00000, 0x0000000082d00000| Untracked 
|  46|0x0000000082e00000, 0x0000000082f00000, 0x0000000082f00000|100%| O|  |TAMS 0x0000000082f00000, 0x0000000082e00000| Untracked 
|  47|0x0000000082f00000, 0x0000000083000000, 0x0000000083000000|100%| O|  |TAMS 0x0000000083000000, 0x0000000082f00000| Untracked 
|  48|0x0000000083000000, 0x0000000083100000, 0x0000000083100000|100%| O|  |TAMS 0x0000000083100000, 0x0000000083000000| Untracked 
|  49|0x0000000083100000, 0x0000000083200000, 0x0000000083200000|100%| O|  |TAMS 0x0000000083200000, 0x0000000083100000| Untracked 
|  50|0x0000000083200000, 0x0000000083300000, 0x0000000083300000|100%| O|  |TAMS 0x0000000083300000, 0x0000000083200000| Untracked 
|  51|0x0000000083300000, 0x0000000083400000, 0x0000000083400000|100%| O|  |TAMS 0x0000000083349600, 0x0000000083300000| Untracked 
|  52|0x0000000083400000, 0x0000000083500000, 0x0000000083500000|100%| O|  |TAMS 0x0000000083400000, 0x0000000083400000| Untracked 
|  53|0x0000000083500000, 0x0000000083600000, 0x0000000083600000|100%| O|  |TAMS 0x0000000083500000, 0x0000000083500000| Untracked 
|  54|0x0000000083600000, 0x0000000083700000, 0x0000000083700000|100%| O|  |TAMS 0x0000000083600000, 0x0000000083600000| Untracked 
|  55|0x0000000083700000, 0x0000000083800000, 0x0000000083800000|100%| O|  |TAMS 0x0000000083700000, 0x0000000083700000| Untracked 
|  56|0x0000000083800000, 0x0000000083900000, 0x0000000083900000|100%| O|  |TAMS 0x0000000083800000, 0x0000000083800000| Untracked 
|  57|0x0000000083900000, 0x0000000083a00000, 0x0000000083a00000|100%| O|  |TAMS 0x0000000083900000, 0x0000000083900000| Untracked 
|  58|0x0000000083a00000, 0x0000000083b00000, 0x0000000083b00000|100%| O|  |TAMS 0x0000000083a00000, 0x0000000083a00000| Untracked 
|  59|0x0000000083b00000, 0x0000000083c00000, 0x0000000083c00000|100%| O|  |TAMS 0x0000000083b00000, 0x0000000083b00000| Untracked 
|  60|0x0000000083c00000, 0x0000000083d00000, 0x0000000083d00000|100%| O|  |TAMS 0x0000000083c00000, 0x0000000083c00000| Untracked 
|  61|0x0000000083d00000, 0x0000000083e00000, 0x0000000083e00000|100%| O|  |TAMS 0x0000000083d00000, 0x0000000083d00000| Untracked 
|  62|0x0000000083e00000, 0x0000000083f00000, 0x0000000083f00000|100%| O|  |TAMS 0x0000000083e00000, 0x0000000083e00000| Untracked 
|  63|0x0000000083f00000, 0x0000000084000000, 0x0000000084000000|100%|HS|  |TAMS 0x0000000083f00000, 0x0000000083f00000| Complete 
|  64|0x0000000084000000, 0x0000000084000000, 0x0000000084100000|  0%| F|  |TAMS 0x0000000084000000, 0x0000000084000000| Untracked 
|  65|0x0000000084100000, 0x0000000084200000, 0x0000000084200000|100%|HS|  |TAMS 0x0000000084100000, 0x0000000084100000| Complete 
|  66|0x0000000084200000, 0x0000000084300000, 0x0000000084300000|100%|HS|  |TAMS 0x0000000084200000, 0x0000000084200000| Complete 
|  67|0x0000000084300000, 0x0000000084400000, 0x0000000084400000|100%|HC|  |TAMS 0x0000000084300000, 0x0000000084300000| Complete 
|  68|0x0000000084400000, 0x0000000084500000, 0x0000000084500000|100%|HS|  |TAMS 0x0000000084400000, 0x0000000084400000| Complete 
|  69|0x0000000084500000, 0x0000000084600000, 0x0000000084600000|100%|HC|  |TAMS 0x0000000084500000, 0x0000000084500000| Complete 
|  70|0x0000000084600000, 0x0000000084700000, 0x0000000084700000|100%|HC|  |TAMS 0x0000000084600000, 0x0000000084600000| Complete 
|  71|0x0000000084700000, 0x0000000084800000, 0x0000000084800000|100%|HC|  |TAMS 0x0000000084700000, 0x0000000084700000| Complete 
|  72|0x0000000084800000, 0x0000000084900000, 0x0000000084900000|100%|HS|  |TAMS 0x0000000084800000, 0x0000000084800000| Complete 
|  73|0x0000000084900000, 0x0000000084a00000, 0x0000000084a00000|100%|HC|  |TAMS 0x0000000084900000, 0x0000000084900000| Complete 
|  74|0x0000000084a00000, 0x0000000084b00000, 0x0000000084b00000|100%| O|  |TAMS 0x0000000084a00000, 0x0000000084a00000| Untracked 
|  75|0x0000000084b00000, 0x0000000084c00000, 0x0000000084c00000|100%| O|  |TAMS 0x0000000084b00000, 0x0000000084b00000| Untracked 
|  76|0x0000000084c00000, 0x0000000084d00000, 0x0000000084d00000|100%| O|  |TAMS 0x0000000084c00000, 0x0000000084c00000| Untracked 
|  77|0x0000000084d00000, 0x0000000084e00000, 0x0000000084e00000|100%| O|  |TAMS 0x0000000084d00000, 0x0000000084d00000| Untracked 
|  78|0x0000000084e00000, 0x0000000084f00000, 0x0000000084f00000|100%| O|  |TAMS 0x0000000084e00000, 0x0000000084e00000| Untracked 
|  79|0x0000000084f00000, 0x0000000085000000, 0x0000000085000000|100%| O|  |TAMS 0x0000000084f00000, 0x0000000084f00000| Untracked 
|  80|0x0000000085000000, 0x0000000085100000, 0x0000000085100000|100%| O|  |TAMS 0x0000000085000000, 0x0000000085000000| Untracked 
|  81|0x0000000085100000, 0x0000000085200000, 0x0000000085200000|100%| O|  |TAMS 0x0000000085100000, 0x0000000085100000| Untracked 
|  82|0x0000000085200000, 0x0000000085300000, 0x0000000085300000|100%| O|  |TAMS 0x0000000085200000, 0x0000000085200000| Untracked 
|  83|0x0000000085300000, 0x0000000085400000, 0x0000000085400000|100%| O|  |TAMS 0x0000000085300000, 0x0000000085300000| Untracked 
|  84|0x0000000085400000, 0x0000000085500000, 0x0000000085500000|100%| O|  |TAMS 0x0000000085400000, 0x0000000085400000| Untracked 
|  85|0x0000000085500000, 0x0000000085600000, 0x0000000085600000|100%| O|  |TAMS 0x0000000085500000, 0x0000000085500000| Untracked 
|  86|0x0000000085600000, 0x0000000085700000, 0x0000000085700000|100%| O|  |TAMS 0x0000000085600000, 0x0000000085600000| Untracked 
|  87|0x0000000085700000, 0x0000000085800000, 0x0000000085800000|100%| O|  |TAMS 0x0000000085700000, 0x0000000085700000| Untracked 
|  88|0x0000000085800000, 0x0000000085873000, 0x0000000085900000| 44%| O|  |TAMS 0x0000000085800000, 0x0000000085800000| Untracked 
|  89|0x0000000085900000, 0x0000000085a00000, 0x0000000085a00000|100%|HS|  |TAMS 0x0000000085900000, 0x0000000085900000| Complete 
|  90|0x0000000085a00000, 0x0000000085b00000, 0x0000000085b00000|100%|HC|  |TAMS 0x0000000085a00000, 0x0000000085a00000| Complete 
|  91|0x0000000085b00000, 0x0000000085c00000, 0x0000000085c00000|100%|HC|  |TAMS 0x0000000085b00000, 0x0000000085b00000| Complete 
|  92|0x0000000085c00000, 0x0000000085d00000, 0x0000000085d00000|100%|HS|  |TAMS 0x0000000085c00000, 0x0000000085c00000| Complete 
|  93|0x0000000085d00000, 0x0000000085e00000, 0x0000000085e00000|100%|HC|  |TAMS 0x0000000085d00000, 0x0000000085d00000| Complete 
|  94|0x0000000085e00000, 0x0000000085f00000, 0x0000000085f00000|100%|HC|  |TAMS 0x0000000085e00000, 0x0000000085e00000| Complete 
|  95|0x0000000085f00000, 0x0000000085f00000, 0x0000000086000000|  0%| F|  |TAMS 0x0000000085f00000, 0x0000000085f00000| Untracked 
|  96|0x0000000086000000, 0x0000000086000000, 0x0000000086100000|  0%| F|  |TAMS 0x0000000086000000, 0x0000000086000000| Untracked 
|  97|0x0000000086100000, 0x0000000086100000, 0x0000000086200000|  0%| F|  |TAMS 0x0000000086100000, 0x0000000086100000| Untracked 
|  98|0x0000000086200000, 0x0000000086200000, 0x0000000086300000|  0%| F|  |TAMS 0x0000000086200000, 0x0000000086200000| Untracked 
|  99|0x0000000086300000, 0x0000000086300000, 0x0000000086400000|  0%| F|  |TAMS 0x0000000086300000, 0x0000000086300000| Untracked 
| 100|0x0000000086400000, 0x0000000086400000, 0x0000000086500000|  0%| F|  |TAMS 0x0000000086400000, 0x0000000086400000| Untracked 
| 101|0x0000000086500000, 0x0000000086500000, 0x0000000086600000|  0%| F|  |TAMS 0x0000000086500000, 0x0000000086500000| Untracked 
| 102|0x0000000086600000, 0x0000000086600000, 0x0000000086700000|  0%| F|  |TAMS 0x0000000086600000, 0x0000000086600000| Untracked 
| 103|0x0000000086700000, 0x0000000086700000, 0x0000000086800000|  0%| F|  |TAMS 0x0000000086700000, 0x0000000086700000| Untracked 
| 104|0x0000000086800000, 0x0000000086800000, 0x0000000086900000|  0%| F|  |TAMS 0x0000000086800000, 0x0000000086800000| Untracked 
| 105|0x0000000086900000, 0x0000000086900000, 0x0000000086a00000|  0%| F|  |TAMS 0x0000000086900000, 0x0000000086900000| Untracked 
| 106|0x0000000086a00000, 0x0000000086a00000, 0x0000000086b00000|  0%| F|  |TAMS 0x0000000086a00000, 0x0000000086a00000| Untracked 
| 107|0x0000000086b00000, 0x0000000086b00000, 0x0000000086c00000|  0%| F|  |TAMS 0x0000000086b00000, 0x0000000086b00000| Untracked 
| 108|0x0000000086c00000, 0x0000000086c00000, 0x0000000086d00000|  0%| F|  |TAMS 0x0000000086c00000, 0x0000000086c00000| Untracked 
| 109|0x0000000086d00000, 0x0000000086d00000, 0x0000000086e00000|  0%| F|  |TAMS 0x0000000086d00000, 0x0000000086d00000| Untracked 
| 110|0x0000000086e00000, 0x0000000086e00000, 0x0000000086f00000|  0%| F|  |TAMS 0x0000000086e00000, 0x0000000086e00000| Untracked 
| 111|0x0000000086f00000, 0x0000000086f00000, 0x0000000087000000|  0%| F|  |TAMS 0x0000000086f00000, 0x0000000086f00000| Untracked 
| 112|0x0000000087000000, 0x0000000087000000, 0x0000000087100000|  0%| F|  |TAMS 0x0000000087000000, 0x0000000087000000| Untracked 
| 113|0x0000000087100000, 0x0000000087100000, 0x0000000087200000|  0%| F|  |TAMS 0x0000000087100000, 0x0000000087100000| Untracked 
| 114|0x0000000087200000, 0x0000000087300000, 0x0000000087300000|100%| S|CS|TAMS 0x0000000087200000, 0x0000000087200000| Complete 
| 115|0x0000000087300000, 0x0000000087400000, 0x0000000087400000|100%| S|CS|TAMS 0x0000000087300000, 0x0000000087300000| Complete 
| 116|0x0000000087400000, 0x0000000087500000, 0x0000000087500000|100%| S|CS|TAMS 0x0000000087400000, 0x0000000087400000| Complete 
| 117|0x0000000087500000, 0x0000000087600000, 0x0000000087600000|100%| S|CS|TAMS 0x0000000087500000, 0x0000000087500000| Complete 
| 118|0x0000000087600000, 0x0000000087700000, 0x0000000087700000|100%| S|CS|TAMS 0x0000000087600000, 0x0000000087600000| Complete 
| 119|0x0000000087700000, 0x0000000087800000, 0x0000000087800000|100%| S|CS|TAMS 0x0000000087700000, 0x0000000087700000| Complete 
| 120|0x0000000087800000, 0x0000000087900000, 0x0000000087900000|100%| S|CS|TAMS 0x0000000087800000, 0x0000000087800000| Complete 
| 121|0x0000000087900000, 0x0000000087a00000, 0x0000000087a00000|100%| S|CS|TAMS 0x0000000087900000, 0x0000000087900000| Complete 
| 122|0x0000000087a00000, 0x0000000087b00000, 0x0000000087b00000|100%| S|CS|TAMS 0x0000000087a00000, 0x0000000087a00000| Complete 
| 123|0x0000000087b00000, 0x0000000087c00000, 0x0000000087c00000|100%| S|CS|TAMS 0x0000000087b00000, 0x0000000087b00000| Complete 
| 124|0x0000000087c00000, 0x0000000087d00000, 0x0000000087d00000|100%| S|CS|TAMS 0x0000000087c00000, 0x0000000087c00000| Complete 
| 125|0x0000000087d00000, 0x0000000087e00000, 0x0000000087e00000|100%| S|CS|TAMS 0x0000000087d00000, 0x0000000087d00000| Complete 
| 126|0x0000000087e00000, 0x0000000087f00000, 0x0000000087f00000|100%| S|CS|TAMS 0x0000000087e00000, 0x0000000087e00000| Complete 
| 127|0x0000000087f00000, 0x0000000087f00000, 0x0000000088000000|  0%| F|  |TAMS 0x0000000087f00000, 0x0000000087f00000| Untracked 
| 128|0x0000000088000000, 0x0000000088000000, 0x0000000088100000|  0%| F|  |TAMS 0x0000000088000000, 0x0000000088000000| Untracked 
| 129|0x0000000088100000, 0x0000000088100000, 0x0000000088200000|  0%| F|  |TAMS 0x0000000088100000, 0x0000000088100000| Untracked 
| 130|0x0000000088200000, 0x0000000088200000, 0x0000000088300000|  0%| F|  |TAMS 0x0000000088200000, 0x0000000088200000| Untracked 
| 131|0x0000000088300000, 0x0000000088300000, 0x0000000088400000|  0%| F|  |TAMS 0x0000000088300000, 0x0000000088300000| Untracked 
| 132|0x0000000088400000, 0x0000000088400000, 0x0000000088500000|  0%| F|  |TAMS 0x0000000088400000, 0x0000000088400000| Untracked 
| 133|0x0000000088500000, 0x0000000088500000, 0x0000000088600000|  0%| F|  |TAMS 0x0000000088500000, 0x0000000088500000| Untracked 
| 134|0x0000000088600000, 0x0000000088600000, 0x0000000088700000|  0%| F|  |TAMS 0x0000000088600000, 0x0000000088600000| Untracked 
| 135|0x0000000088700000, 0x0000000088700000, 0x0000000088800000|  0%| F|  |TAMS 0x0000000088700000, 0x0000000088700000| Untracked 
| 136|0x0000000088800000, 0x0000000088800000, 0x0000000088900000|  0%| F|  |TAMS 0x0000000088800000, 0x0000000088800000| Untracked 
| 137|0x0000000088900000, 0x0000000088900000, 0x0000000088a00000|  0%| F|  |TAMS 0x0000000088900000, 0x0000000088900000| Untracked 
| 138|0x0000000088a00000, 0x0000000088a00000, 0x0000000088b00000|  0%| F|  |TAMS 0x0000000088a00000, 0x0000000088a00000| Untracked 
| 139|0x0000000088b00000, 0x0000000088b00000, 0x0000000088c00000|  0%| F|  |TAMS 0x0000000088b00000, 0x0000000088b00000| Untracked 
| 140|0x0000000088c00000, 0x0000000088c00000, 0x0000000088d00000|  0%| F|  |TAMS 0x0000000088c00000, 0x0000000088c00000| Untracked 
| 141|0x0000000088d00000, 0x0000000088d00000, 0x0000000088e00000|  0%| F|  |TAMS 0x0000000088d00000, 0x0000000088d00000| Untracked 
| 142|0x0000000088e00000, 0x0000000088e00000, 0x0000000088f00000|  0%| F|  |TAMS 0x0000000088e00000, 0x0000000088e00000| Untracked 
| 143|0x0000000088f00000, 0x0000000088f00000, 0x0000000089000000|  0%| F|  |TAMS 0x0000000088f00000, 0x0000000088f00000| Untracked 
| 144|0x0000000089000000, 0x0000000089000000, 0x0000000089100000|  0%| F|  |TAMS 0x0000000089000000, 0x0000000089000000| Untracked 
| 145|0x0000000089100000, 0x0000000089100000, 0x0000000089200000|  0%| F|  |TAMS 0x0000000089100000, 0x0000000089100000| Untracked 
| 146|0x0000000089200000, 0x0000000089200000, 0x0000000089300000|  0%| F|  |TAMS 0x0000000089200000, 0x0000000089200000| Untracked 
| 147|0x0000000089300000, 0x0000000089300000, 0x0000000089400000|  0%| F|  |TAMS 0x0000000089300000, 0x0000000089300000| Untracked 
| 148|0x0000000089400000, 0x0000000089400000, 0x0000000089500000|  0%| F|  |TAMS 0x0000000089400000, 0x0000000089400000| Untracked 
| 149|0x0000000089500000, 0x0000000089500000, 0x0000000089600000|  0%| F|  |TAMS 0x0000000089500000, 0x0000000089500000| Untracked 
| 150|0x0000000089600000, 0x0000000089600000, 0x0000000089700000|  0%| F|  |TAMS 0x0000000089600000, 0x0000000089600000| Untracked 
| 151|0x0000000089700000, 0x0000000089700000, 0x0000000089800000|  0%| F|  |TAMS 0x0000000089700000, 0x0000000089700000| Untracked 
| 152|0x0000000089800000, 0x0000000089800000, 0x0000000089900000|  0%| F|  |TAMS 0x0000000089800000, 0x0000000089800000| Untracked 
| 153|0x0000000089900000, 0x0000000089900000, 0x0000000089a00000|  0%| F|  |TAMS 0x0000000089900000, 0x0000000089900000| Untracked 
| 154|0x0000000089a00000, 0x0000000089a00000, 0x0000000089b00000|  0%| F|  |TAMS 0x0000000089a00000, 0x0000000089a00000| Untracked 
| 155|0x0000000089b00000, 0x0000000089b00000, 0x0000000089c00000|  0%| F|  |TAMS 0x0000000089b00000, 0x0000000089b00000| Untracked 
| 156|0x0000000089c00000, 0x0000000089c00000, 0x0000000089d00000|  0%| F|  |TAMS 0x0000000089c00000, 0x0000000089c00000| Untracked 
| 157|0x0000000089d00000, 0x0000000089d00000, 0x0000000089e00000|  0%| F|  |TAMS 0x0000000089d00000, 0x0000000089d00000| Untracked 
| 158|0x0000000089e00000, 0x0000000089e00000, 0x0000000089f00000|  0%| F|  |TAMS 0x0000000089e00000, 0x0000000089e00000| Untracked 
| 159|0x0000000089f00000, 0x0000000089f00000, 0x000000008a000000|  0%| F|  |TAMS 0x0000000089f00000, 0x0000000089f00000| Untracked 
| 160|0x000000008a000000, 0x000000008a000000, 0x000000008a100000|  0%| F|  |TAMS 0x000000008a000000, 0x000000008a000000| Untracked 
| 161|0x000000008a100000, 0x000000008a100000, 0x000000008a200000|  0%| F|  |TAMS 0x000000008a100000, 0x000000008a100000| Untracked 
| 162|0x000000008a200000, 0x000000008a200000, 0x000000008a300000|  0%| F|  |TAMS 0x000000008a200000, 0x000000008a200000| Untracked 
| 163|0x000000008a300000, 0x000000008a300000, 0x000000008a400000|  0%| F|  |TAMS 0x000000008a300000, 0x000000008a300000| Untracked 
| 164|0x000000008a400000, 0x000000008a400000, 0x000000008a500000|  0%| F|  |TAMS 0x000000008a400000, 0x000000008a400000| Untracked 
| 165|0x000000008a500000, 0x000000008a5794c8, 0x000000008a600000| 47%| E|  |TAMS 0x000000008a500000, 0x000000008a500000| Complete 
| 166|0x000000008a600000, 0x000000008a700000, 0x000000008a700000|100%| E|CS|TAMS 0x000000008a600000, 0x000000008a600000| Complete 
| 167|0x000000008a700000, 0x000000008a800000, 0x000000008a800000|100%| E|CS|TAMS 0x000000008a700000, 0x000000008a700000| Complete 
| 168|0x000000008a800000, 0x000000008a900000, 0x000000008a900000|100%| E|CS|TAMS 0x000000008a800000, 0x000000008a800000| Complete 
| 169|0x000000008a900000, 0x000000008aa00000, 0x000000008aa00000|100%| E|CS|TAMS 0x000000008a900000, 0x000000008a900000| Complete 
| 170|0x000000008aa00000, 0x000000008ab00000, 0x000000008ab00000|100%| E|CS|TAMS 0x000000008aa00000, 0x000000008aa00000| Complete 
| 171|0x000000008ab00000, 0x000000008ac00000, 0x000000008ac00000|100%| E|CS|TAMS 0x000000008ab00000, 0x000000008ab00000| Complete 
| 172|0x000000008ac00000, 0x000000008ad00000, 0x000000008ad00000|100%| E|CS|TAMS 0x000000008ac00000, 0x000000008ac00000| Complete 
| 173|0x000000008ad00000, 0x000000008ae00000, 0x000000008ae00000|100%| E|CS|TAMS 0x000000008ad00000, 0x000000008ad00000| Complete 
| 174|0x000000008ae00000, 0x000000008af00000, 0x000000008af00000|100%| E|CS|TAMS 0x000000008ae00000, 0x000000008ae00000| Complete 
| 175|0x000000008af00000, 0x000000008b000000, 0x000000008b000000|100%| E|CS|TAMS 0x000000008af00000, 0x000000008af00000| Complete 
| 176|0x000000008b000000, 0x000000008b100000, 0x000000008b100000|100%| E|CS|TAMS 0x000000008b000000, 0x000000008b000000| Complete 
| 177|0x000000008b100000, 0x000000008b200000, 0x000000008b200000|100%| E|CS|TAMS 0x000000008b100000, 0x000000008b100000| Complete 
| 178|0x000000008b200000, 0x000000008b300000, 0x000000008b300000|100%| E|CS|TAMS 0x000000008b200000, 0x000000008b200000| Complete 
| 179|0x000000008b300000, 0x000000008b400000, 0x000000008b400000|100%| E|CS|TAMS 0x000000008b300000, 0x000000008b300000| Complete 
| 180|0x000000008b400000, 0x000000008b500000, 0x000000008b500000|100%| E|CS|TAMS 0x000000008b400000, 0x000000008b400000| Complete 
| 181|0x000000008b500000, 0x000000008b600000, 0x000000008b600000|100%| E|CS|TAMS 0x000000008b500000, 0x000000008b500000| Complete 
| 182|0x000000008b600000, 0x000000008b700000, 0x000000008b700000|100%| E|CS|TAMS 0x000000008b600000, 0x000000008b600000| Complete 
| 183|0x000000008b700000, 0x000000008b800000, 0x000000008b800000|100%| E|CS|TAMS 0x000000008b700000, 0x000000008b700000| Complete 
| 184|0x000000008b800000, 0x000000008b900000, 0x000000008b900000|100%| E|CS|TAMS 0x000000008b800000, 0x000000008b800000| Complete 
| 185|0x000000008b900000, 0x000000008ba00000, 0x000000008ba00000|100%| E|CS|TAMS 0x000000008b900000, 0x000000008b900000| Complete 
| 186|0x000000008ba00000, 0x000000008bb00000, 0x000000008bb00000|100%| E|CS|TAMS 0x000000008ba00000, 0x000000008ba00000| Complete 
| 187|0x000000008bb00000, 0x000000008bc00000, 0x000000008bc00000|100%| E|CS|TAMS 0x000000008bb00000, 0x000000008bb00000| Complete 
| 188|0x000000008bc00000, 0x000000008bd00000, 0x000000008bd00000|100%| E|CS|TAMS 0x000000008bc00000, 0x000000008bc00000| Complete 
| 189|0x000000008bd00000, 0x000000008be00000, 0x000000008be00000|100%| E|CS|TAMS 0x000000008bd00000, 0x000000008bd00000| Complete 
| 190|0x000000008be00000, 0x000000008bf00000, 0x000000008bf00000|100%| E|CS|TAMS 0x000000008be00000, 0x000000008be00000| Complete 
| 191|0x000000008bf00000, 0x000000008c000000, 0x000000008c000000|100%| E|CS|TAMS 0x000000008bf00000, 0x000000008bf00000| Complete 
| 192|0x000000008c000000, 0x000000008c100000, 0x000000008c100000|100%| E|CS|TAMS 0x000000008c000000, 0x000000008c000000| Complete 
| 193|0x000000008c100000, 0x000000008c200000, 0x000000008c200000|100%| E|CS|TAMS 0x000000008c100000, 0x000000008c100000| Complete 
| 194|0x000000008c200000, 0x000000008c300000, 0x000000008c300000|100%| E|CS|TAMS 0x000000008c200000, 0x000000008c200000| Complete 
| 195|0x000000008c300000, 0x000000008c400000, 0x000000008c400000|100%| E|CS|TAMS 0x000000008c300000, 0x000000008c300000| Complete 
| 196|0x000000008c400000, 0x000000008c500000, 0x000000008c500000|100%| E|CS|TAMS 0x000000008c400000, 0x000000008c400000| Complete 
| 197|0x000000008c500000, 0x000000008c600000, 0x000000008c600000|100%| E|CS|TAMS 0x000000008c500000, 0x000000008c500000| Complete 
| 198|0x000000008c600000, 0x000000008c700000, 0x000000008c700000|100%| E|CS|TAMS 0x000000008c600000, 0x000000008c600000| Complete 
| 199|0x000000008c700000, 0x000000008c800000, 0x000000008c800000|100%| E|  |TAMS 0x000000008c700000, 0x000000008c700000| Complete 
| 200|0x000000008c800000, 0x000000008c900000, 0x000000008c900000|100%| E|CS|TAMS 0x000000008c800000, 0x000000008c800000| Complete 
| 201|0x000000008c900000, 0x000000008ca00000, 0x000000008ca00000|100%| E|CS|TAMS 0x000000008c900000, 0x000000008c900000| Complete 
| 202|0x000000008ca00000, 0x000000008cb00000, 0x000000008cb00000|100%| E|CS|TAMS 0x000000008ca00000, 0x000000008ca00000| Complete 
| 203|0x000000008cb00000, 0x000000008cc00000, 0x000000008cc00000|100%| E|CS|TAMS 0x000000008cb00000, 0x000000008cb00000| Complete 
| 204|0x000000008cc00000, 0x000000008cd00000, 0x000000008cd00000|100%| E|CS|TAMS 0x000000008cc00000, 0x000000008cc00000| Complete 
| 205|0x000000008cd00000, 0x000000008ce00000, 0x000000008ce00000|100%| E|CS|TAMS 0x000000008cd00000, 0x000000008cd00000| Complete 
| 206|0x000000008ce00000, 0x000000008cf00000, 0x000000008cf00000|100%| E|CS|TAMS 0x000000008ce00000, 0x000000008ce00000| Complete 
| 207|0x000000008cf00000, 0x000000008d000000, 0x000000008d000000|100%| E|CS|TAMS 0x000000008cf00000, 0x000000008cf00000| Complete 
| 208|0x000000008d000000, 0x000000008d100000, 0x000000008d100000|100%| E|CS|TAMS 0x000000008d000000, 0x000000008d000000| Complete 
| 209|0x000000008d100000, 0x000000008d200000, 0x000000008d200000|100%| E|CS|TAMS 0x000000008d100000, 0x000000008d100000| Complete 
| 210|0x000000008d200000, 0x000000008d300000, 0x000000008d300000|100%| E|CS|TAMS 0x000000008d200000, 0x000000008d200000| Complete 
| 211|0x000000008d300000, 0x000000008d400000, 0x000000008d400000|100%| E|CS|TAMS 0x000000008d300000, 0x000000008d300000| Complete 
| 212|0x000000008d400000, 0x000000008d500000, 0x000000008d500000|100%| E|CS|TAMS 0x000000008d400000, 0x000000008d400000| Complete 
| 213|0x000000008d500000, 0x000000008d600000, 0x000000008d600000|100%| E|CS|TAMS 0x000000008d500000, 0x000000008d500000| Complete 
| 214|0x000000008d600000, 0x000000008d700000, 0x000000008d700000|100%| E|CS|TAMS 0x000000008d600000, 0x000000008d600000| Complete 
| 215|0x000000008d700000, 0x000000008d800000, 0x000000008d800000|100%| E|CS|TAMS 0x000000008d700000, 0x000000008d700000| Complete 
| 216|0x000000008d800000, 0x000000008d900000, 0x000000008d900000|100%| E|CS|TAMS 0x000000008d800000, 0x000000008d800000| Complete 
| 217|0x000000008d900000, 0x000000008da00000, 0x000000008da00000|100%| E|CS|TAMS 0x000000008d900000, 0x000000008d900000| Complete 
| 218|0x000000008da00000, 0x000000008db00000, 0x000000008db00000|100%| E|CS|TAMS 0x000000008da00000, 0x000000008da00000| Complete 
| 219|0x000000008db00000, 0x000000008dc00000, 0x000000008dc00000|100%| E|CS|TAMS 0x000000008db00000, 0x000000008db00000| Complete 
| 220|0x000000008dc00000, 0x000000008dd00000, 0x000000008dd00000|100%| E|CS|TAMS 0x000000008dc00000, 0x000000008dc00000| Complete 
| 221|0x000000008dd00000, 0x000000008de00000, 0x000000008de00000|100%| E|CS|TAMS 0x000000008dd00000, 0x000000008dd00000| Complete 

Card table byte_map: [0x000001f752b20000,0x000001f752f20000] _byte_map_base: 0x000001f752720000

Marking Bits (Prev, Next): (CMBitMap*) 0x000001f73fc50d70, (CMBitMap*) 0x000001f73fc50d38
 Prev Bits: [0x000001f755320000, 0x000001f757320000)
 Next Bits: [0x000001f753320000, 0x000001f755320000)

Polling page: 0x000001f73d9d0000

Metaspace:

Usage:
  Non-class:     77.63 MB capacity,    76.29 MB ( 98%) used,     1.10 MB (  1%) free+waste,   247.94 KB ( <1%) overhead. 
      Class:     11.97 MB capacity,    11.15 MB ( 93%) used,   722.89 KB (  6%) free+waste,   113.19 KB ( <1%) overhead. 
       Both:     89.60 MB capacity,    87.45 MB ( 98%) used,     1.80 MB (  2%) free+waste,   361.13 KB ( <1%) overhead. 

Virtual space:
  Non-class space:       78.00 MB reserved,      77.75 MB (>99%) committed 
      Class space:        1.00 GB reserved,      12.00 MB (  1%) committed 
             Both:        1.08 GB reserved,      89.75 MB (  8%) committed 

Chunk freelists:
   Non-Class:  55.00 KB
       Class:  0 bytes
        Both:  55.00 KB

MaxMetaspaceSize: 17179869184.00 GB
CompressedClassSpaceSize: 1.00 GB
Initial GC threshold: 20.80 MB
Current GC threshold: 138.34 MB
CDS: off

CodeHeap 'non-profiled nmethods': size=120064Kb used=6003Kb max_used=6003Kb free=114061Kb
 bounds [0x000001f74b1e0000, 0x000001f74b7c0000, 0x000001f752720000]
CodeHeap 'profiled nmethods': size=120000Kb used=22488Kb max_used=22488Kb free=97511Kb
 bounds [0x000001f743cb0000, 0x000001f7452b0000, 0x000001f74b1e0000]
CodeHeap 'non-nmethods': size=5696Kb used=2376Kb max_used=2420Kb free=3319Kb
 bounds [0x000001f743720000, 0x000001f743990000, 0x000001f743cb0000]
 total_blobs=11541 nmethods=10649 adapters=804
 compilation: enabled
              stopped_count=0, restarted_count=0
 full_count=0

Compilation events (20 events):
Event: 21.221 Thread 0x000001f759836000 nmethod 10795 0x000001f74529c890 code [0x000001f74529ca80, 0x000001f74529cdb8]
Event: 21.221 Thread 0x000001f759836000 10796       2       com.android.aaptcompiler.android.ResValue::<init> (26 bytes)
Event: 21.221 Thread 0x000001f759836000 nmethod 10796 0x000001f74529cf90 code [0x000001f74529d180, 0x000001f74529d498]
Event: 21.221 Thread 0x000001f759836000 10797       2       kotlin.collections.CollectionsKt___CollectionsKt::toList (103 bytes)
Event: 21.222 Thread 0x000001f759836000 nmethod 10797 0x000001f74529d690 code [0x000001f74529d960, 0x000001f74529e1b8]
Event: 21.222 Thread 0x000001f759836000 10799       2       com.android.aaptcompiler.XmlStringBuilder::append (394 bytes)
Event: 21.224 Thread 0x000001f759836000 nmethod 10799 0x000001f74529e610 code [0x000001f74529e980, 0x000001f74529f6e8]
Event: 21.224 Thread 0x000001f759836000 10810       2       com.android.aaptcompiler.TableExtractor::addResourceToTable (242 bytes)
Event: 21.227 Thread 0x000001f759836000 nmethod 10810 0x000001f74529fe90 code [0x000001f7452a02e0, 0x000001f7452a1568]
Event: 21.227 Thread 0x000001f759836000 10800       2       org.codehaus.stax2.ri.evt.EndElementEventImpl::<init> (92 bytes)
Event: 21.230 Thread 0x000001f759836000 nmethod 10800 0x000001f7452a2110 code [0x000001f7452a23e0, 0x000001f7452a3178]
Event: 21.230 Thread 0x000001f759836000 10801       2       com.ctc.wstx.evt.DefaultEventAllocator::withStartElement (13 bytes)
Event: 21.230 Thread 0x000001f759836000 nmethod 10801 0x000001f7452a3890 code [0x000001f7452a3a40, 0x000001f7452a3bc8]
Event: 21.230 Thread 0x000001f759836000 10817 %     3       com.android.aaptcompiler.UnicodeUtilKt::isValidResourceEntryName @ 93 (145 bytes)
Event: 21.232 Thread 0x000001f759836000 nmethod 10817% 0x000001f7452a3c90 code [0x000001f7452a3f60, 0x000001f7452a4d08]
Event: 21.232 Thread 0x000001f759836000 10807       2       com.android.aaptcompiler.ResourceTable::findOrCreatePackage (50 bytes)
Event: 21.233 Thread 0x000001f759836000 nmethod 10807 0x000001f7452a5210 code [0x000001f7452a5440, 0x000001f7452a5848]
Event: 21.233 Thread 0x000001f759836000 10802       2       com.ctc.wstx.evt.CompactStartElement::<init> (37 bytes)
Event: 21.234 Thread 0x000001f759836000 nmethod 10802 0x000001f7452a5b10 code [0x000001f7452a5ce0, 0x000001f7452a5ff8]
Event: 21.234 Thread 0x000001f759836000 10818       2       com.android.aaptcompiler.ResourceTablePackage::findGroup (319 bytes)

GC Heap History (20 events):
Event: 4.242 GC heap before
{Heap before GC invocations=6 (full 0):
 garbage-first heap   total 131072K, used 68571K [0x0000000080000000, 0x0000000100000000)
  region size 1024K, 52 young (53248K), 2 survivors (2048K)
 Metaspace       used 26172K, capacity 26751K, committed 27008K, reserved 1073152K
  class space    used 3388K, capacity 3587K, committed 3712K, reserved 1048576K
}
Event: 4.252 GC heap after
{Heap after GC invocations=7 (full 0):
 garbage-first heap   total 157696K, used 19162K [0x0000000080000000, 0x0000000100000000)
  region size 1024K, 3 young (3072K), 3 survivors (3072K)
 Metaspace       used 26172K, capacity 26751K, committed 27008K, reserved 1073152K
  class space    used 3388K, capacity 3587K, committed 3712K, reserved 1048576K
}
Event: 5.831 GC heap before
{Heap before GC invocations=8 (full 0):
 garbage-first heap   total 157696K, used 110298K [0x0000000080000000, 0x0000000100000000)
  region size 1024K, 92 young (94208K), 3 survivors (3072K)
 Metaspace       used 37107K, capacity 37968K, committed 38144K, reserved 1083392K
  class space    used 4769K, capacity 5116K, committed 5120K, reserved 1048576K
}
Event: 5.846 GC heap after
{Heap after GC invocations=9 (full 0):
 garbage-first heap   total 157696K, used 24979K [0x0000000080000000, 0x0000000100000000)
  region size 1024K, 9 young (9216K), 9 survivors (9216K)
 Metaspace       used 37107K, capacity 37968K, committed 38144K, reserved 1083392K
  class space    used 4769K, capacity 5116K, committed 5120K, reserved 1048576K
}
Event: 7.116 GC heap before
{Heap before GC invocations=9 (full 0):
 garbage-first heap   total 157696K, used 99731K [0x0000000080000000, 0x0000000100000000)
  region size 1024K, 80 young (81920K), 9 survivors (9216K)
 Metaspace       used 43910K, capacity 44892K, committed 44928K, reserved 1087488K
  class space    used 5593K, capacity 5983K, committed 6016K, reserved 1048576K
}
Event: 7.135 GC heap after
{Heap after GC invocations=10 (full 0):
 garbage-first heap   total 157696K, used 28848K [0x0000000080000000, 0x0000000100000000)
  region size 1024K, 10 young (10240K), 10 survivors (10240K)
 Metaspace       used 43910K, capacity 44892K, committed 44928K, reserved 1087488K
  class space    used 5593K, capacity 5983K, committed 6016K, reserved 1048576K
}
Event: 8.830 GC heap before
{Heap before GC invocations=11 (full 0):
 garbage-first heap   total 157696K, used 113840K [0x0000000080000000, 0x0000000100000000)
  region size 1024K, 92 young (94208K), 10 survivors (10240K)
 Metaspace       used 48334K, capacity 49487K, committed 49664K, reserved 1091584K
  class space    used 6188K, capacity 6617K, committed 6656K, reserved 1048576K
}
Event: 8.851 GC heap after
{Heap after GC invocations=12 (full 0):
 garbage-first heap   total 157696K, used 38611K [0x0000000080000000, 0x0000000100000000)
  region size 1024K, 12 young (12288K), 12 survivors (12288K)
 Metaspace       used 48334K, capacity 49487K, committed 49664K, reserved 1091584K
  class space    used 6188K, capacity 6617K, committed 6656K, reserved 1048576K
}
Event: 10.228 GC heap before
{Heap before GC invocations=12 (full 0):
 garbage-first heap   total 157696K, used 121555K [0x0000000080000000, 0x0000000100000000)
  region size 1024K, 91 young (93184K), 12 survivors (12288K)
 Metaspace       used 58749K, capacity 60187K, committed 60288K, reserved 1101824K
  class space    used 7434K, capacity 7972K, committed 8064K, reserved 1048576K
}
Event: 10.250 GC heap after
{Heap after GC invocations=13 (full 0):
 garbage-first heap   total 189440K, used 46302K [0x0000000080000000, 0x0000000100000000)
  region size 1024K, 6 young (6144K), 6 survivors (6144K)
 Metaspace       used 58749K, capacity 60187K, committed 60288K, reserved 1101824K
  class space    used 7434K, capacity 7972K, committed 8064K, reserved 1048576K
}
Event: 11.885 GC heap before
{Heap before GC invocations=13 (full 0):
 garbage-first heap   total 189440K, used 140510K [0x0000000080000000, 0x0000000100000000)
  region size 1024K, 98 young (100352K), 6 survivors (6144K)
 Metaspace       used 66462K, capacity 68062K, committed 68224K, reserved 1107968K
  class space    used 8427K, capacity 9027K, committed 9088K, reserved 1048576K
}
Event: 11.902 GC heap after
{Heap after GC invocations=14 (full 0):
 garbage-first heap   total 189440K, used 53067K [0x0000000080000000, 0x0000000100000000)
  region size 1024K, 13 young (13312K), 13 survivors (13312K)
 Metaspace       used 66462K, capacity 68062K, committed 68224K, reserved 1107968K
  class space    used 8427K, capacity 9027K, committed 9088K, reserved 1048576K
}
Event: 13.510 GC heap before
{Heap before GC invocations=14 (full 0):
 garbage-first heap   total 189440K, used 129867K [0x0000000080000000, 0x0000000100000000)
  region size 1024K, 89 young (91136K), 13 survivors (13312K)
 Metaspace       used 73537K, capacity 75139K, committed 75264K, reserved 1114112K
  class space    used 9534K, capacity 10154K, committed 10240K, reserved 1048576K
}
Event: 13.547 GC heap after
{Heap after GC invocations=15 (full 0):
 garbage-first heap   total 189440K, used 57637K [0x0000000080000000, 0x0000000100000000)
  region size 1024K, 5 young (5120K), 5 survivors (5120K)
 Metaspace       used 73537K, capacity 75139K, committed 75264K, reserved 1114112K
  class space    used 9534K, capacity 10154K, committed 10240K, reserved 1048576K
}
Event: 15.568 GC heap before
{Heap before GC invocations=16 (full 0):
 garbage-first heap   total 189440K, used 147749K [0x0000000080000000, 0x0000000100000000)
  region size 1024K, 93 young (95232K), 5 survivors (5120K)
 Metaspace       used 82691K, capacity 84622K, committed 84736K, reserved 1122304K
  class space    used 10735K, capacity 11455K, committed 11520K, reserved 1048576K
}
Event: 15.599 GC heap after
{Heap after GC invocations=17 (full 0):
 garbage-first heap   total 189440K, used 64714K [0x0000000080000000, 0x0000000100000000)
  region size 1024K, 12 young (12288K), 12 survivors (12288K)
 Metaspace       used 82691K, capacity 84622K, committed 84736K, reserved 1122304K
  class space    used 10735K, capacity 11455K, committed 11520K, reserved 1048576K
}
Event: 17.851 GC heap before
{Heap before GC invocations=18 (full 0):
 garbage-first heap   total 189440K, used 147658K [0x0000000080000000, 0x0000000100000000)
  region size 1024K, 94 young (96256K), 12 survivors (12288K)
 Metaspace       used 85673K, capacity 87775K, committed 88064K, reserved 1126400K
  class space    used 11098K, capacity 11916K, committed 12032K, reserved 1048576K
}
Event: 17.880 GC heap after
{Heap after GC invocations=19 (full 0):
 garbage-first heap   total 227328K, used 70639K [0x0000000080000000, 0x0000000100000000)
  region size 1024K, 6 young (6144K), 6 survivors (6144K)
 Metaspace       used 85673K, capacity 87775K, committed 88064K, reserved 1126400K
  class space    used 11098K, capacity 11916K, committed 12032K, reserved 1048576K
}
Event: 20.018 GC heap before
{Heap before GC invocations=19 (full 0):
 garbage-first heap   total 227328K, used 178159K [0x0000000080000000, 0x0000000100000000)
  region size 1024K, 101 young (103424K), 6 survivors (6144K)
 Metaspace       used 87574K, capacity 89673K, committed 89984K, reserved 1126400K
  class space    used 11267K, capacity 12038K, committed 12160K, reserved 1048576K
}
Event: 20.062 GC heap after
{Heap after GC invocations=20 (full 0):
 garbage-first heap   total 227328K, used 93644K [0x0000000080000000, 0x0000000100000000)
  region size 1024K, 13 young (13312K), 13 survivors (13312K)
 Metaspace       used 87574K, capacity 89673K, committed 89984K, reserved 1126400K
  class space    used 11267K, capacity 12038K, committed 12160K, reserved 1048576K
}

Deoptimization events (20 events):
Event: 21.061 Thread 0x000001f76382d800 Uncommon trap: trap_request=0xffffff4d fr.pc=0x000001f74b1f2364 relative=0x0000000000000044
Event: 21.061 Thread 0x000001f76382d800 Uncommon trap: reason=unstable_if action=reinterpret pc=0x000001f74b1f2364 method=java.lang.CharacterData.of(I)Ljava/lang/CharacterData; @ 4 c2
Event: 21.061 Thread 0x000001f76382d800 DEOPT PACKING pc=0x000001f74b1f2364 sp=0x0000004c41dfd850
Event: 21.061 Thread 0x000001f76382d800 DEOPT UNPACKING pc=0x000001f74376a1af sp=0x0000004c41dfd7e8 mode 2
Event: 21.071 Thread 0x000001f76382d800 Uncommon trap: trap_request=0xffffff4d fr.pc=0x000001f74b204f28 relative=0x0000000000000188
Event: 21.071 Thread 0x000001f76382d800 Uncommon trap: reason=unstable_if action=reinterpret pc=0x000001f74b204f28 method=java.lang.String.equals(Ljava/lang/Object;)Z @ 27 c2
Event: 21.071 Thread 0x000001f76382d800 DEOPT PACKING pc=0x000001f74b204f28 sp=0x0000004c41dfd890
Event: 21.071 Thread 0x000001f76382d800 DEOPT UNPACKING pc=0x000001f74376a1af sp=0x0000004c41dfd820 mode 2
Event: 21.085 Thread 0x000001f76382d800 Uncommon trap: trap_request=0xffffff4d fr.pc=0x000001f74b1e6f00 relative=0x00000000000001e0
Event: 21.086 Thread 0x000001f76382d800 Uncommon trap: reason=unstable_if action=reinterpret pc=0x000001f74b1e6f00 method=java.lang.String.isLatin1()Z @ 10 c2
Event: 21.086 Thread 0x000001f76382d800 DEOPT PACKING pc=0x000001f74b1e6f00 sp=0x0000004c41dfd850
Event: 21.086 Thread 0x000001f76382d800 DEOPT UNPACKING pc=0x000001f74376a1af sp=0x0000004c41dfd778 mode 2
Event: 21.106 Thread 0x000001f76382d800 Uncommon trap: trap_request=0xffffff4d fr.pc=0x000001f74b36069c relative=0x000000000000007c
Event: 21.106 Thread 0x000001f76382d800 Uncommon trap: reason=unstable_if action=reinterpret pc=0x000001f74b36069c method=java.lang.String.codePointAt(I)I @ 4 c2
Event: 21.106 Thread 0x000001f76382d800 DEOPT PACKING pc=0x000001f74b36069c sp=0x0000004c41dfdb20
Event: 21.106 Thread 0x000001f76382d800 DEOPT UNPACKING pc=0x000001f74376a1af sp=0x0000004c41dfdac8 mode 2
Event: 21.111 Thread 0x000001f76382d800 Uncommon trap: trap_request=0xffffff4d fr.pc=0x000001f74b3774c8 relative=0x0000000000000408
Event: 21.111 Thread 0x000001f76382d800 Uncommon trap: reason=unstable_if action=reinterpret pc=0x000001f74b3774c8 method=java.lang.String.substring(I)Ljava/lang/String; @ 43 c2
Event: 21.111 Thread 0x000001f76382d800 DEOPT PACKING pc=0x000001f74b3774c8 sp=0x0000004c41dfdaf0
Event: 21.111 Thread 0x000001f76382d800 DEOPT UNPACKING pc=0x000001f74376a1af sp=0x0000004c41dfdac8 mode 2

Classes redefined (0 events):
No events

Internal exceptions (20 events):
Event: 19.222 Thread 0x000001f75ccf7000 Exception <a 'java/lang/NoSuchMethodError'{0x00000000896931b0}: <clinit>> (0x00000000896931b0) thrown at [./src/hotspot/share/prims/jni.cpp, line 1365]
Event: 19.224 Thread 0x000001f75ccf7000 Exception <a 'java/lang/NoSuchMethodError'{0x00000000896a3470}: <clinit>> (0x00000000896a3470) thrown at [./src/hotspot/share/prims/jni.cpp, line 1365]
Event: 19.238 Thread 0x000001f75ccf7000 Exception <a 'java/lang/NoSuchMethodError'{0x0000000089513310}: <clinit>> (0x0000000089513310) thrown at [./src/hotspot/share/prims/jni.cpp, line 1365]
Event: 19.239 Thread 0x000001f75ccf7000 Exception <a 'java/lang/NoSuchMethodError'{0x0000000089515ed8}: <clinit>> (0x0000000089515ed8) thrown at [./src/hotspot/share/prims/jni.cpp, line 1365]
Event: 19.239 Thread 0x000001f75ccf7000 Exception <a 'java/lang/NoSuchMethodError'{0x000000008951a8b8}: <clinit>> (0x000000008951a8b8) thrown at [./src/hotspot/share/prims/jni.cpp, line 1365]
Event: 19.240 Thread 0x000001f75ccf7000 Exception <a 'java/lang/NoSuchMethodError'{0x0000000089526058}: <clinit>> (0x0000000089526058) thrown at [./src/hotspot/share/prims/jni.cpp, line 1365]
Event: 19.245 Thread 0x000001f75ccf7000 Exception <a 'java/lang/NoSuchMethodError'{0x000000008957db40}: <clinit>> (0x000000008957db40) thrown at [./src/hotspot/share/prims/jni.cpp, line 1365]
Event: 19.248 Thread 0x000001f75ccf7000 Exception <a 'java/lang/NoSuchMethodError'{0x00000000895af970}: <clinit>> (0x00000000895af970) thrown at [./src/hotspot/share/prims/jni.cpp, line 1365]
Event: 19.248 Thread 0x000001f75ccf7000 Exception <a 'java/lang/NoSuchMethodError'{0x00000000895b2dd8}: <clinit>> (0x00000000895b2dd8) thrown at [./src/hotspot/share/prims/jni.cpp, line 1365]
Event: 19.248 Thread 0x000001f75ccf7000 Exception <a 'java/lang/NoSuchMethodError'{0x00000000895b5a48}: <clinit>> (0x00000000895b5a48) thrown at [./src/hotspot/share/prims/jni.cpp, line 1365]
Event: 19.249 Thread 0x000001f75ccf7000 Exception <a 'java/lang/NoSuchMethodError'{0x00000000895cda40}: <clinit>> (0x00000000895cda40) thrown at [./src/hotspot/share/prims/jni.cpp, line 1365]
Event: 19.251 Thread 0x000001f75ccf7000 Exception <a 'java/lang/NoSuchMethodError'{0x00000000895e4d48}: <clinit>> (0x00000000895e4d48) thrown at [./src/hotspot/share/prims/jni.cpp, line 1365]
Event: 19.252 Thread 0x000001f75ccf7000 Exception <a 'java/lang/NoSuchMethodError'{0x00000000895f97b0}: <clinit>> (0x00000000895f97b0) thrown at [./src/hotspot/share/prims/jni.cpp, line 1365]
Event: 19.255 Thread 0x000001f75ccf7000 Exception <a 'java/lang/NoSuchMethodError'{0x000000008941cb68}: <clinit>> (0x000000008941cb68) thrown at [./src/hotspot/share/prims/jni.cpp, line 1365]
Event: 19.257 Thread 0x000001f75ccf7000 Exception <a 'java/lang/NoSuchMethodError'{0x0000000089441d40}: <clinit>> (0x0000000089441d40) thrown at [./src/hotspot/share/prims/jni.cpp, line 1365]
Event: 19.259 Thread 0x000001f75ccf7000 Exception <a 'java/lang/NoSuchMethodError'{0x0000000089456558}: <clinit>> (0x0000000089456558) thrown at [./src/hotspot/share/prims/jni.cpp, line 1365]
Event: 20.720 Thread 0x000001f75ccf7000 Implicit null exception at 0x000001f74b789888 to 0x000001f74b78e73c
Event: 20.773 Thread 0x000001f75ccf7000 Exception <a 'java/lang/NoSuchMethodError'{0x000000008c80eca8}: <clinit>> (0x000000008c80eca8) thrown at [./src/hotspot/share/prims/jni.cpp, line 1365]
Event: 20.806 Thread 0x000001f75ccf7000 Exception <a 'java/lang/NoSuchMethodError'{0x000000008c77dfc0}: <clinit>> (0x000000008c77dfc0) thrown at [./src/hotspot/share/prims/jni.cpp, line 1365]
Event: 20.844 Thread 0x000001f75ccf7000 Exception <a 'java/lang/NoSuchMethodError'{0x000000008c4d3950}: <clinit>> (0x000000008c4d3950) thrown at [./src/hotspot/share/prims/jni.cpp, line 1365]

Events (20 events):
Event: 21.153 loading class com/android/aaptcompiler/Container$Companion
Event: 21.153 loading class com/android/aaptcompiler/Container$Companion done
Event: 21.155 loading class com/android/aaptcompiler/ResourceNameInfo
Event: 21.155 loading class com/android/aaptcompiler/ResourceNameInfo done
Event: 21.156 loading class com/android/aaptcompiler/ReferenceInfo
Event: 21.156 loading class com/android/aaptcompiler/ReferenceInfo done
Event: 21.157 loading class com/android/aaptcompiler/StyledString
Event: 21.157 loading class com/android/aaptcompiler/StyledString done
Event: 21.164 loading class com/android/aaptcompiler/ResourceTable$CollisionResult
Event: 21.164 loading class com/android/aaptcompiler/ResourceTable$CollisionResult done
Event: 21.164 loading class com/android/aaptcompiler/ResourceTable$WhenMappings
Event: 21.164 loading class com/android/aaptcompiler/ResourceTable$WhenMappings done
Event: 21.194 loading class com/android/aaptcompiler/proto/ProtoSerializeKt
Event: 21.194 loading class com/android/aaptcompiler/proto/ProtoSerializeKt done
Event: 21.199 loading class com/android/aapt/Resources$ResourceTable
Event: 21.199 loading class com/android/aapt/Resources$ResourceTable done
Event: 21.209 loading class com/android/aaptcompiler/BinaryPrimitive
Event: 21.209 loading class com/android/aaptcompiler/BinaryPrimitive done
Event: 21.228 loading class com/android/aapt/Resources$ResourceTableOrBuilder
Event: 21.228 loading class com/android/aapt/Resources$ResourceTableOrBuilder done


Dynamic libraries:
0x00007ff78a3c0000 - 0x00007ff78a3ca000 	C:\Program Files\Android\Android Studio\jre\bin\java.exe
0x00007ffdbee50000 - 0x00007ffdbf048000 	C:\WINDOWS\SYSTEM32\ntdll.dll
0x00007ffdbe9a0000 - 0x00007ffdbea5d000 	C:\WINDOWS\System32\KERNEL32.DLL
0x00007ffdbcbe0000 - 0x00007ffdbceae000 	C:\WINDOWS\System32\KERNELBASE.dll
0x00007ffdbca20000 - 0x00007ffdbcb20000 	C:\WINDOWS\System32\ucrtbase.dll
0x00007ffdab640000 - 0x00007ffdab657000 	C:\Program Files\Android\Android Studio\jre\bin\VCRUNTIME140.dll
0x00007ffdb7390000 - 0x00007ffdb73a9000 	C:\Program Files\Android\Android Studio\jre\bin\jli.dll
0x00007ffdbd050000 - 0x00007ffdbd1f0000 	C:\WINDOWS\System32\USER32.dll
0x00007ffdbcbb0000 - 0x00007ffdbcbd2000 	C:\WINDOWS\System32\win32u.dll
0x00007ffdbe810000 - 0x00007ffdbe83a000 	C:\WINDOWS\System32\GDI32.dll
0x00007ffdaca20000 - 0x00007ffdaccba000 	C:\WINDOWS\WinSxS\amd64_microsoft.windows.common-controls_6595b64144ccf1df_6.0.19041.1110_none_60b5254171f9507e\COMCTL32.dll
0x00007ffdbc800000 - 0x00007ffdbc90b000 	C:\WINDOWS\System32\gdi32full.dll
0x00007ffdbe400000 - 0x00007ffdbe49e000 	C:\WINDOWS\System32\msvcrt.dll
0x00007ffdbc910000 - 0x00007ffdbc9ad000 	C:\WINDOWS\System32\msvcp_win.dll
0x00007ffdbe960000 - 0x00007ffdbe990000 	C:\WINDOWS\System32\IMM32.DLL
0x00007ffd54aa0000 - 0x00007ffd54b3d000 	C:\Program Files\Android\Android Studio\jre\bin\msvcp140.dll
0x00007ffd3cca0000 - 0x00007ffd3d785000 	C:\Program Files\Android\Android Studio\jre\bin\server\jvm.dll
0x00007ffdbe840000 - 0x00007ffdbe8ee000 	C:\WINDOWS\System32\ADVAPI32.dll
0x00007ffdbe710000 - 0x00007ffdbe7ac000 	C:\WINDOWS\System32\sechost.dll
0x00007ffdbec10000 - 0x00007ffdbed35000 	C:\WINDOWS\System32\RPCRT4.dll
0x00007ffdbe990000 - 0x00007ffdbe998000 	C:\WINDOWS\System32\PSAPI.DLL
0x00007ffdac860000 - 0x00007ffdac887000 	C:\WINDOWS\SYSTEM32\WINMM.dll
0x00007ffd972c0000 - 0x00007ffd972c9000 	C:\WINDOWS\SYSTEM32\WSOCK32.dll
0x00007ffdb3670000 - 0x00007ffdb367a000 	C:\WINDOWS\SYSTEM32\VERSION.dll
0x00007ffdbe8f0000 - 0x00007ffdbe95b000 	C:\WINDOWS\System32\WS2_32.dll
0x00007ffdbadf0000 - 0x00007ffdbae02000 	C:\WINDOWS\SYSTEM32\kernel.appcore.dll
0x00007ffd97c60000 - 0x00007ffd97c71000 	C:\Program Files\Android\Android Studio\jre\bin\verify.dll
0x00007ffda0390000 - 0x00007ffda0574000 	C:\WINDOWS\SYSTEM32\DBGHELP.DLL
0x00007ffda0220000 - 0x00007ffda024c000 	C:\WINDOWS\SYSTEM32\dbgcore.DLL
0x00007ffdbcb20000 - 0x00007ffdbcba2000 	C:\WINDOWS\System32\bcryptPrimitives.dll
0x00007ffd965d0000 - 0x00007ffd965f9000 	C:\Program Files\Android\Android Studio\jre\bin\java.dll
0x00007ffda0990000 - 0x00007ffda099b000 	C:\Program Files\Android\Android Studio\jre\bin\jimage.dll
0x00007ffd97b60000 - 0x00007ffd97b78000 	C:\Program Files\Android\Android Studio\jre\bin\zip.dll
0x00007ffdbd8e0000 - 0x00007ffdbe023000 	C:\WINDOWS\System32\SHELL32.dll
0x00007ffdba590000 - 0x00007ffdbad25000 	C:\WINDOWS\SYSTEM32\windows.storage.dll
0x00007ffdbe0a0000 - 0x00007ffdbe3f4000 	C:\WINDOWS\System32\combase.dll
0x00007ffdbbfd0000 - 0x00007ffdbc000000 	C:\WINDOWS\SYSTEM32\Wldp.dll
0x00007ffdbe4a0000 - 0x00007ffdbe54d000 	C:\WINDOWS\System32\SHCORE.dll
0x00007ffdbe7b0000 - 0x00007ffdbe805000 	C:\WINDOWS\System32\shlwapi.dll
0x00007ffdbc4b0000 - 0x00007ffdbc4cf000 	C:\WINDOWS\SYSTEM32\profapi.dll
0x00007ffd97850000 - 0x00007ffd9786a000 	C:\Program Files\Android\Android Studio\jre\bin\net.dll
0x00007ffdad320000 - 0x00007ffdad42a000 	C:\WINDOWS\SYSTEM32\WINHTTP.dll
0x00007ffdbbd30000 - 0x00007ffdbbd9a000 	C:\WINDOWS\system32\mswsock.dll
0x00007ffd95c40000 - 0x00007ffd95c54000 	C:\Program Files\Android\Android Studio\jre\bin\nio.dll
0x00007ffda08d0000 - 0x00007ffda08f7000 	C:\Users\Nada Said\.gradle\native\e1d6ef7f7dcc3fd88c89a11ec53ec762bb8ba0a96d01ffa2cd45eb1d1d8dd5c5\windows-amd64\native-platform.dll
0x00007ffd4c000000 - 0x00007ffd4c144000 	C:\Users\Nada Said\.gradle\native\5664cfc778a61ccfe75a443a1ab52a65af34e5dc3c78e0209fed803814484fcb\windows-amd64\native-platform-file-events.dll
0x00007ffd985e0000 - 0x00007ffd985ea000 	C:\Program Files\Android\Android Studio\jre\bin\management.dll
0x00007ffd98280000 - 0x00007ffd9828d000 	C:\Program Files\Android\Android Studio\jre\bin\management_ext.dll
0x00007ffdbbf30000 - 0x00007ffdbbf48000 	C:\WINDOWS\SYSTEM32\CRYPTSP.dll
0x00007ffdbb640000 - 0x00007ffdbb674000 	C:\WINDOWS\system32\rsaenh.dll
0x00007ffdbc620000 - 0x00007ffdbc647000 	C:\WINDOWS\System32\bcrypt.dll
0x00007ffdbc430000 - 0x00007ffdbc45e000 	C:\WINDOWS\SYSTEM32\USERENV.dll
0x00007ffdbbf20000 - 0x00007ffdbbf2c000 	C:\WINDOWS\SYSTEM32\CRYPTBASE.dll
0x00007ffdbb9d0000 - 0x00007ffdbba0b000 	C:\WINDOWS\SYSTEM32\IPHLPAPI.DLL
0x00007ffdbe030000 - 0x00007ffdbe038000 	C:\WINDOWS\System32\NSI.dll
0x00007ffdb3260000 - 0x00007ffdb3277000 	C:\WINDOWS\SYSTEM32\dhcpcsvc6.DLL
0x00007ffdb3e80000 - 0x00007ffdb3e9d000 	C:\WINDOWS\SYSTEM32\dhcpcsvc.DLL
0x00007ffdbba20000 - 0x00007ffdbbaea000 	C:\WINDOWS\SYSTEM32\DNSAPI.dll

dbghelp: loaded successfully - version: 4.0.5 - missing functions: none
symbol engine: initialized successfully - sym options: 0x614 - pdb path: .;C:\Program Files\Android\Android Studio\jre\bin;C:\WINDOWS\SYSTEM32;C:\WINDOWS\WinSxS\amd64_microsoft.windows.common-controls_6595b64144ccf1df_6.0.19041.1110_none_60b5254171f9507e;C:\Program Files\Android\Android Studio\jre\bin\server;C:\Users\Nada Said\.gradle\native\e1d6ef7f7dcc3fd88c89a11ec53ec762bb8ba0a96d01ffa2cd45eb1d1d8dd5c5\windows-amd64;C:\Users\Nada Said\.gradle\native\5664cfc778a61ccfe75a443a1ab52a65af34e5dc3c78e0209fed803814484fcb\windows-amd64

VM Arguments:
jvm_args: --add-opens=java.base/java.util=ALL-UNNAMED --add-opens=java.base/java.lang=ALL-UNNAMED --add-opens=java.base/java.lang.invoke=ALL-UNNAMED --add-opens=java.base/java.util=ALL-UNNAMED --add-opens=java.prefs/java.util.prefs=ALL-UNNAMED --add-opens=java.prefs/java.util.prefs=ALL-UNNAMED --add-opens=java.base/java.nio.charset=ALL-UNNAMED --add-opens=java.base/java.net=ALL-UNNAMED --add-opens=java.base/java.util.concurrent.atomic=ALL-UNNAMED -Xmx2048m -Dfile.encoding=UTF-8 -Duser.country=US -Duser.language=en -Duser.variant 
java_command: org.gradle.launcher.daemon.bootstrap.GradleDaemon 7.3.3
java_class_path (initial): C:\Users\Nada Said\.gradle\wrapper\dists\gradle-7.3.3-bin\6a41zxkdtcxs8rphpq6y0069z\gradle-7.3.3\lib\gradle-launcher-7.3.3.jar
Launcher Type: SUN_STANDARD

[Global flags]
     intx CICompilerCount                          = 3                                         {product} {ergonomic}
     uint ConcGCThreads                            = 1                                         {product} {ergonomic}
     uint G1ConcRefinementThreads                  = 4                                         {product} {ergonomic}
   size_t G1HeapRegionSize                         = 1048576                                   {product} {ergonomic}
    uintx GCDrainStackTargetSize                   = 64                                        {product} {ergonomic}
   size_t InitialHeapSize                          = 134217728                                 {product} {ergonomic}
   size_t MarkStackSize                            = 4194304                                   {product} {ergonomic}
   size_t MaxHeapSize                              = 2147483648                                {product} {command line}
   size_t MaxNewSize                               = 1287651328                                {product} {ergonomic}
   size_t MinHeapDeltaBytes                        = 1048576                                   {product} {ergonomic}
    uintx NonNMethodCodeHeapSize                   = 5830732                                {pd product} {ergonomic}
    uintx NonProfiledCodeHeapSize                  = 122913754                              {pd product} {ergonomic}
    uintx ProfiledCodeHeapSize                     = 122913754                              {pd product} {ergonomic}
    uintx ReservedCodeCacheSize                    = 251658240                              {pd product} {ergonomic}
     bool SegmentedCodeCache                       = true                                      {product} {ergonomic}
     bool UseCompressedClassPointers               = true                                 {lp64_product} {ergonomic}
     bool UseCompressedOops                        = true                                 {lp64_product} {ergonomic}
     bool UseG1GC                                  = true                                      {product} {ergonomic}
     bool UseLargePagesIndividualAllocation        = false                                  {pd product} {ergonomic}

Logging:
Log output configuration:
 #0: stdout all=warning uptime,level,tags
 #1: stderr all=off uptime,level,tags

Environment Variables:
JAVA_HOME=C:\Program Files\Java\jdk-17.0.1
PATH=C:\Program Files\Microsoft\jdk-11.0.12.7-hotspot\bin;C:\Program Files (x86)\NVIDIA Corporation\PhysX\Common;C:\Oracle\Middleware\Oracle_FRHome1\bin;C:\Program Files\Common Files\Oracle\Java\javapath;C:\app\NadaSaid\product\11.2.0\dbhome_1\bin;C:\ProgramData\Oracle\Java\javapath;C:\WINDOWS\system32;C:\WINDOWS;C:\WINDOWS\System32\Wbem;C:\WINDOWS\System32\WindowsPowerShell\v1.0\;C:\WINDOWS\System32\OpenSSH\;C:\Program Files\Git\cmd;C:\Program Files\Java\jdk-17.0.1\bin;C:\Oracle\Middleware\Oracle_FRHome1\opmn\bin;C:\Oracle\Middleware\Oracle_FRHome1\opmn\lib;C:\Oracle\Middleware\Oracle_FRHome1\perl\bin;C:\Program Files\Microsoft SQL Server\Client SDK\ODBC\110\Tools\Binn\;C:\Program Files (x86)\Microsoft SQL Server\120\Tools\Binn\;C:\Program Files\Microsoft SQL Server\120\Tools\Binn\;C:\Program Files\Microsoft SQL Server\120\DTS\Binn\;C:\Program Files (x86)\Windows Kits\8.1\Windows Performance Toolkit\;C:\Program Files\dotnet\;C:\Users\Nada Said\AppData\Local\Programs\Python\Python37\Scripts\;C:\Users\Nada Said\AppData\Local\Programs\Python\Python37\;C:\Python37\Scripts\;C:\Python37\;C:\Users\Nada Said\AppData\Local\Microsoft\WindowsApps;C:\Users\Nada Said\AppData\Local\Programs\Microsoft VS Code\bin;C:\Program Files\JetBrains\IntelliJ IDEA Community Edition 2021.2.3\bin;;C:\Users\Nada Said\.dotnet\tools;C:\Users\Nada Said\AppData\Local\GitHubDesktop\bin;C:\Dart\dart-sdk\bin;
USERNAME=Nada Said
LD_LIBRARY_PATH=C:\Oracle\Middleware\Oracle_FRHome1\lib
OS=Windows_NT
PROCESSOR_IDENTIFIER=Intel64 Family 6 Model 61 Stepping 4, GenuineIntel



---------------  S Y S T E M  ---------------

OS: Windows 10 , 64 bit Build 19041 (10.0.19041.1889)
OS uptime: 2 days 20:53 hours

CPU:total 4 (initial active 4) (2 cores per cpu, 2 threads per core) family 6 model 61 stepping 4 microcode 0x2d, cmov, cx8, fxsr, mmx, sse, sse2, sse3, ssse3, sse4.1, sse4.2, popcnt, avx, avx2, aes, clmul, erms, rtm, 3dnowpref, lzcnt, ht, tsc, tscinvbit, bmi1, bmi2, adx, fma

Memory: 4k page, system-wide physical 8067M (1170M free)
TotalPageFile size 11125M (AvailPageFile size 14M)
current process WorkingSet (physical memory assigned to process): 494M, peak: 496M
current process commit charge ("private bytes"): 522M, peak: 525M

vm_info: OpenJDK 64-Bit Server VM (11.0.12+7-b1504.28-7817840) for windows-amd64 JRE (11.0.12+7-b1504.28-7817840), built on Oct 13 2021 22:12:33 by "builder" with MS VC++ 14.0 (VS2015)

END.
