#
# There is insufficient memory for the Java Runtime Environment to continue.
# Native memory allocation (mmap) failed to map 38797312 bytes for Failed to commit area from 0x000000008b900000 to 0x000000008de00000 of length 38797312.
# Possible reasons:
#   The system is out of physical RAM or swap space
#   The process is running with CompressedOops enabled, and the Java Heap may be blocking the growth of the native heap
# Possible solutions:
#   Reduce memory load on the system
#   Increase physical memory or swap space
#   Check if swap backing store is full
#   Decrease Java heap size (-Xmx/-Xms)
#   Decrease number of Java threads
#   Decrease Java thread stack sizes (-Xss)
#   Set larger code cache with -XX:ReservedCodeCacheSize=
#   JVM is running with Unscaled Compressed Oops mode in which the Java heap is
#     placed in the first 4GB address space. The Java Heap base address is the
#     maximum limit for the native heap growth. Please use -XX:HeapBaseMinAddress
#     to set the Java Heap base and to place the Java Heap above 4GB virtual address.
# This output file may be truncated or incomplete.
#
#  Out of Memory Error (./src/hotspot/os/windows/os_windows.cpp:3521), pid=10244, tid=5828
#
# JRE version: OpenJDK Runtime Environment (11.0.12+7) (build 11.0.12+7-b1504.28-7817840)
# Java VM: OpenJDK 64-Bit Server VM (11.0.12+7-b1504.28-7817840, mixed mode, tiered, compressed oops, g1 gc, windows-amd64)
# No core dump will be written. Minidumps are not enabled by default on client versions of Windows
#

---------------  S U M M A R Y ------------

Command Line: --add-opens=java.base/java.util=ALL-UNNAMED --add-opens=java.base/java.lang=ALL-UNNAMED --add-opens=java.base/java.lang.invoke=ALL-UNNAMED --add-opens=java.base/java.util=ALL-UNNAMED --add-opens=java.prefs/java.util.prefs=ALL-UNNAMED --add-opens=java.prefs/java.util.prefs=ALL-UNNAMED --add-opens=java.base/java.nio.charset=ALL-UNNAMED --add-opens=java.base/java.net=ALL-UNNAMED --add-opens=java.base/java.util.concurrent.atomic=ALL-UNNAMED -Xmx2048m -Dfile.encoding=UTF-8 -Duser.country=US -Duser.language=en -Duser.variant org.gradle.launcher.daemon.bootstrap.GradleDaemon 7.3.3

Host: Intel(R) Core(TM) i5-5300U CPU @ 2.30GHz, 4 cores, 7G,  Windows 10 , 64 bit Build 19041 (10.0.19041.1889)
Time: Thu Oct  6 13:40:56 2022 Egypt Standard Time elapsed time: 25.098290 seconds (0d 0h 0m 25s)

---------------  T H R E A D  ---------------

Current thread (0x000001d75794c800):  VMThread "VM Thread" [stack: 0x000000066a300000,0x000000066a400000] [id=5828]

Stack: [0x000000066a300000,0x000000066a400000]
[error occurred during error reporting (printing stack bounds), id 0xc0000005, EXCEPTION_ACCESS_VIOLATION (0xc0000005) at pc=0x000001d74114112d]

Native frames: (J=compiled Java code, j=interpreted, Vv=VM code, C=native code)
V  [jvm.dll+0x5fbcea]
V  [jvm.dll+0x731905]
V  [jvm.dll+0x732f1d]
V  [jvm.dll+0x733535]
V  [jvm.dll+0x7334eb]
V  [jvm.dll+0x5fb080]
V  [jvm.dll+0x5fb818]
C  [ntdll.dll+0xa235f]
C  [ntdll.dll+0x514a4]
C  [ntdll.dll+0xa0e8e]
C  0x000001d74114112d

VM_Operation (0x000000066f9fa030): G1CollectForAllocation, mode: safepoint, requested by thread 0x000001d759055800


---------------  P R O C E S S  ---------------

Threads class SMR info:
_java_thread_list=0x000001d75b020550, length=87, elements={
0x000001d73bdfb800, 0x000001d757953000, 0x000001d757955000, 0x000001d7582e2800,
0x000001d757971800, 0x000001d757975000, 0x000001d75797c800, 0x000001d75797e800,
0x000001d757982800, 0x000001d758425800, 0x000001d75a234800, 0x000001d758562800,
0x000001d75a70f800, 0x000001d75a6ce800, 0x000001d75a221000, 0x000001d75affa000,
0x000001d75a0be800, 0x000001d75a865800, 0x000001d75ad59800, 0x000001d75a380000,
0x000001d75a37e800, 0x000001d75a37f800, 0x000001d75a381000, 0x000001d75b5bd000,
0x000001d75b5c1800, 0x000001d75b5bf000, 0x000001d75b5c0000, 0x000001d75b5c1000,
0x000001d75b5be800, 0x000001d75b5c2800, 0x000001d75b5bd800, 0x000001d75b5c5000,
0x000001d75b5c6800, 0x000001d75b5c9000, 0x000001d75b5c7800, 0x000001d75b5c8000,
0x000001d75b5ca000, 0x000001d75b5c4000, 0x000001d75b5ca800, 0x000001d75b5cb800,
0x000001d75dad9000, 0x000001d75dada800, 0x000001d75dada000, 0x000001d75dadb800,
0x000001d75dadc800, 0x000001d75dad8000, 0x000001d75dadd000, 0x000001d75dad7800,
0x000001d75dadf800, 0x000001d75dae0800, 0x000001d75dae3000, 0x000001d75dae1000,
0x000001d75dadf000, 0x000001d75dae2000, 0x000001d75dae3800, 0x000001d75dade000,
0x000001d75dae4800, 0x000001d75dae5800, 0x000001d75dae6000, 0x000001d7591cb000,
0x000001d7591c8800, 0x000001d7591cc000, 0x000001d7591c9800, 0x000001d7591d0000,
0x000001d7591ce000, 0x000001d7591ca000, 0x000001d7591cf000, 0x000001d7591d0800,
0x000001d7591d1800, 0x000001d7591d2800, 0x000001d7591cd800, 0x000001d7591cc800,
0x000001d7591d3000, 0x000001d7591d7000, 0x000001d7591d4000, 0x000001d7591d5000,
0x000001d7591d5800, 0x000001d7591d6800, 0x000001d759054800, 0x000001d759053800,
0x000001d759057000, 0x000001d759055800, 0x000001d759058800, 0x000001d75905c000,
0x000001d759058000, 0x000001d75b2c4000, 0x000001d75905a800
}

Java Threads: ( => current thread )
  0x000001d73bdfb800 JavaThread "main" [_thread_blocked, id=8900, stack(0x0000000669d00000,0x0000000669e00000)]
  0x000001d757953000 JavaThread "Reference Handler" daemon [_thread_blocked, id=12148, stack(0x000000066a400000,0x000000066a500000)]
  0x000001d757955000 JavaThread "Finalizer" daemon [_thread_blocked, id=1256, stack(0x000000066a500000,0x000000066a600000)]
  0x000001d7582e2800 JavaThread "Signal Dispatcher" daemon [_thread_blocked, id=9800, stack(0x000000066a600000,0x000000066a700000)]
  0x000001d757971800 JavaThread "Attach Listener" daemon [_thread_blocked, id=13712, stack(0x000000066a700000,0x000000066a800000)]
  0x000001d757975000 JavaThread "Service Thread" daemon [_thread_blocked, id=15216, stack(0x000000066a800000,0x000000066a900000)]
  0x000001d75797c800 JavaThread "C2 CompilerThread0" daemon [_thread_in_native, id=8928, stack(0x000000066a900000,0x000000066aa00000)]
  0x000001d75797e800 JavaThread "C1 CompilerThread0" daemon [_thread_blocked, id=3424, stack(0x000000066aa00000,0x000000066ab00000)]
  0x000001d757982800 JavaThread "Sweeper thread" daemon [_thread_blocked, id=11076, stack(0x000000066ab00000,0x000000066ac00000)]
  0x000001d758425800 JavaThread "Common-Cleaner" daemon [_thread_blocked, id=16120, stack(0x000000066ac00000,0x000000066ad00000)]
  0x000001d75a234800 JavaThread "Daemon health stats" [_thread_blocked, id=4788, stack(0x000000066b100000,0x000000066b200000)]
  0x000001d758562800 JavaThread "Incoming local TCP Connector on port 51959" [_thread_in_native, id=1852, stack(0x000000066ae00000,0x000000066af00000)]
  0x000001d75a70f800 JavaThread "Daemon periodic checks" [_thread_blocked, id=12004, stack(0x000000066b200000,0x000000066b300000)]
  0x000001d75a6ce800 JavaThread "Daemon" [_thread_blocked, id=1156, stack(0x000000066b300000,0x000000066b400000)]
  0x000001d75a221000 JavaThread "Handler for socket connection from /127.0.0.1:51959 to /127.0.0.1:51960" [_thread_in_native, id=9048, stack(0x000000066b400000,0x000000066b500000)]
  0x000001d75affa000 JavaThread "Cancel handler" [_thread_blocked, id=7280, stack(0x000000066b500000,0x000000066b600000)]
  0x000001d75a0be800 JavaThread "Daemon worker" [_thread_blocked, id=7452, stack(0x000000066b600000,0x000000066b700000)]
  0x000001d75a865800 JavaThread "Asynchronous log dispatcher for DefaultDaemonConnection: socket connection from /127.0.0.1:51959 to /127.0.0.1:51960" [_thread_blocked, id=12544, stack(0x000000066b700000,0x000000066b800000)]
  0x000001d75ad59800 JavaThread "Stdin handler" [_thread_blocked, id=3388, stack(0x000000066b800000,0x000000066b900000)]
  0x000001d75a380000 JavaThread "Daemon client event forwarder" [_thread_blocked, id=14668, stack(0x000000066b900000,0x000000066ba00000)]
  0x000001d75a37e800 JavaThread "Cache worker for journal cache (C:\Users\Nada Said\.gradle\caches\journal-1)" [_thread_blocked, id=12528, stack(0x000000066bb00000,0x000000066bc00000)]
  0x000001d75a37f800 JavaThread "File lock request listener" [_thread_in_native, id=12692, stack(0x000000066bc00000,0x000000066bd00000)]
  0x000001d75a381000 JavaThread "Cache worker for file hash cache (C:\Users\Nada Said\.gradle\caches\7.3.3\fileHashes)" [_thread_blocked, id=17356, stack(0x000000066bd00000,0x000000066be00000)]
  0x000001d75b5bd000 JavaThread "Cache worker for file hash cache (D:\AndroidProject\EcommerceApp\.gradle\7.3.3\fileHashes)" [_thread_blocked, id=8, stack(0x000000066bf00000,0x000000066c000000)]
  0x000001d75b5c1800 JavaThread "File watcher server" daemon [_thread_blocked, id=10072, stack(0x000000066c000000,0x000000066c100000)]
  0x000001d75b5bf000 JavaThread "File watcher consumer" daemon [_thread_blocked, id=14060, stack(0x000000066c100000,0x000000066c200000)]
  0x000001d75b5c0000 JavaThread "Cache worker for checksums cache (D:\AndroidProject\EcommerceApp\.gradle\7.3.3\checksums)" [_thread_blocked, id=10848, stack(0x000000066c200000,0x000000066c300000)]
  0x000001d75b5c1000 JavaThread "Cache worker for cache directory md-supplier (C:\Users\Nada Said\.gradle\caches\7.3.3\md-supplier)" [_thread_blocked, id=4936, stack(0x000000066c300000,0x000000066c400000)]
  0x000001d75b5be800 JavaThread "Cache worker for cache directory md-rule (C:\Users\Nada Said\.gradle\caches\7.3.3\md-rule)" [_thread_blocked, id=14332, stack(0x000000066c400000,0x000000066c500000)]
  0x000001d75b5c2800 JavaThread "Cache worker for execution history cache (C:\Users\Nada Said\.gradle\caches\7.3.3\executionHistory)" [_thread_blocked, id=12432, stack(0x000000066c500000,0x000000066c600000)]
  0x000001d75b5bd800 JavaThread "jar transforms" [_thread_blocked, id=7044, stack(0x000000066c600000,0x000000066c700000)]
  0x000001d75b5c5000 JavaThread "Cache worker for file content cache (C:\Users\Nada Said\.gradle\caches\7.3.3\fileContent)" [_thread_blocked, id=12588, stack(0x000000066c700000,0x000000066c800000)]
  0x000001d75b5c6800 JavaThread "jar transforms Thread 2" [_thread_blocked, id=1412, stack(0x000000066c800000,0x000000066c900000)]
  0x000001d75b5c9000 JavaThread "Cache worker for dependencies-accessors (D:\AndroidProject\EcommerceApp\.gradle\7.3.3\dependencies-accessors)" [_thread_blocked, id=6724, stack(0x000000066c900000,0x000000066ca00000)]
  0x000001d75b5c7800 JavaThread "jar transforms Thread 3" [_thread_blocked, id=14024, stack(0x000000066ca00000,0x000000066cb00000)]
  0x000001d75b5c8000 JavaThread "Cache worker for Build Output Cleanup Cache (D:\AndroidProject\EcommerceApp\.gradle\buildOutputCleanup)" [_thread_blocked, id=15752, stack(0x000000066cb00000,0x000000066cc00000)]
  0x000001d75b5ca000 JavaThread "Unconstrained build operations" [_thread_blocked, id=13440, stack(0x000000066cc00000,0x000000066cd00000)]
  0x000001d75b5c4000 JavaThread "Unconstrained build operations Thread 2" [_thread_blocked, id=9636, stack(0x000000066cd00000,0x000000066ce00000)]
  0x000001d75b5ca800 JavaThread "Unconstrained build operations Thread 3" [_thread_blocked, id=9248, stack(0x000000066ce00000,0x000000066cf00000)]
  0x000001d75b5cb800 JavaThread "Unconstrained build operations Thread 4" [_thread_blocked, id=12384, stack(0x000000066cf00000,0x000000066d000000)]
  0x000001d75dad9000 JavaThread "Unconstrained build operations Thread 5" [_thread_blocked, id=2820, stack(0x000000066d000000,0x000000066d100000)]
  0x000001d75dada800 JavaThread "Unconstrained build operations Thread 6" [_thread_blocked, id=14680, stack(0x000000066d100000,0x000000066d200000)]
  0x000001d75dada000 JavaThread "Unconstrained build operations Thread 7" [_thread_blocked, id=15576, stack(0x000000066d200000,0x000000066d300000)]
  0x000001d75dadb800 JavaThread "Unconstrained build operations Thread 8" [_thread_blocked, id=17084, stack(0x000000066d300000,0x000000066d400000)]
  0x000001d75dadc800 JavaThread "Unconstrained build operations Thread 9" [_thread_blocked, id=9652, stack(0x000000066d400000,0x000000066d500000)]
  0x000001d75dad8000 JavaThread "Unconstrained build operations Thread 10" [_thread_blocked, id=16228, stack(0x000000066d500000,0x000000066d600000)]
  0x000001d75dadd000 JavaThread "Unconstrained build operations Thread 11" [_thread_blocked, id=2456, stack(0x000000066d600000,0x000000066d700000)]
  0x000001d75dad7800 JavaThread "Unconstrained build operations Thread 12" [_thread_blocked, id=17120, stack(0x000000066d700000,0x000000066d800000)]
  0x000001d75dadf800 JavaThread "Unconstrained build operations Thread 13" [_thread_blocked, id=2824, stack(0x000000066d800000,0x000000066d900000)]
  0x000001d75dae0800 JavaThread "Unconstrained build operations Thread 14" [_thread_blocked, id=1064, stack(0x000000066d900000,0x000000066da00000)]
  0x000001d75dae3000 JavaThread "Unconstrained build operations Thread 15" [_thread_blocked, id=8152, stack(0x000000066da00000,0x000000066db00000)]
  0x000001d75dae1000 JavaThread "Unconstrained build operations Thread 16" [_thread_blocked, id=3404, stack(0x000000066db00000,0x000000066dc00000)]
  0x000001d75dadf000 JavaThread "Unconstrained build operations Thread 17" [_thread_blocked, id=4712, stack(0x000000066dc00000,0x000000066dd00000)]
  0x000001d75dae2000 JavaThread "Unconstrained build operations Thread 18" [_thread_blocked, id=8232, stack(0x000000066dd00000,0x000000066de00000)]
  0x000001d75dae3800 JavaThread "Unconstrained build operations Thread 19" [_thread_blocked, id=1452, stack(0x000000066de00000,0x000000066df00000)]
  0x000001d75dade000 JavaThread "Unconstrained build operations Thread 20" [_thread_blocked, id=14792, stack(0x000000066df00000,0x000000066e000000)]
  0x000001d75dae4800 JavaThread "Unconstrained build operations Thread 21" [_thread_blocked, id=5368, stack(0x000000066e000000,0x000000066e100000)]
  0x000001d75dae5800 JavaThread "Unconstrained build operations Thread 22" [_thread_blocked, id=13928, stack(0x000000066e100000,0x000000066e200000)]
  0x000001d75dae6000 JavaThread "Unconstrained build operations Thread 23" [_thread_blocked, id=3344, stack(0x000000066e200000,0x000000066e300000)]
  0x000001d7591cb000 JavaThread "Unconstrained build operations Thread 24" [_thread_blocked, id=15436, stack(0x000000066e300000,0x000000066e400000)]
  0x000001d7591c8800 JavaThread "Unconstrained build operations Thread 25" [_thread_blocked, id=4252, stack(0x000000066e400000,0x000000066e500000)]
  0x000001d7591cc000 JavaThread "Unconstrained build operations Thread 26" [_thread_blocked, id=12840, stack(0x000000066e500000,0x000000066e600000)]
  0x000001d7591c9800 JavaThread "Unconstrained build operations Thread 27" [_thread_blocked, id=10096, stack(0x000000066e600000,0x000000066e700000)]
  0x000001d7591d0000 JavaThread "Unconstrained build operations Thread 28" [_thread_blocked, id=1140, stack(0x000000066e700000,0x000000066e800000)]
  0x000001d7591ce000 JavaThread "Unconstrained build operations Thread 29" [_thread_blocked, id=3080, stack(0x000000066e800000,0x000000066e900000)]
  0x000001d7591ca000 JavaThread "Unconstrained build operations Thread 30" [_thread_blocked, id=12988, stack(0x000000066e900000,0x000000066ea00000)]
  0x000001d7591cf000 JavaThread "Unconstrained build operations Thread 31" [_thread_blocked, id=11796, stack(0x000000066ea00000,0x000000066eb00000)]
  0x000001d7591d0800 JavaThread "Unconstrained build operations Thread 32" [_thread_blocked, id=15504, stack(0x000000066eb00000,0x000000066ec00000)]
  0x000001d7591d1800 JavaThread "Unconstrained build operations Thread 33" [_thread_blocked, id=872, stack(0x000000066ec00000,0x000000066ed00000)]
  0x000001d7591d2800 JavaThread "Unconstrained build operations Thread 34" [_thread_blocked, id=1648, stack(0x000000066ed00000,0x000000066ee00000)]
  0x000001d7591cd800 JavaThread "Unconstrained build operations Thread 35" [_thread_blocked, id=1420, stack(0x000000066ee00000,0x000000066ef00000)]
  0x000001d7591cc800 JavaThread "Unconstrained build operations Thread 36" [_thread_blocked, id=13768, stack(0x000000066ef00000,0x000000066f000000)]
  0x000001d7591d3000 JavaThread "Unconstrained build operations Thread 37" [_thread_blocked, id=9280, stack(0x000000066f000000,0x000000066f100000)]
  0x000001d7591d7000 JavaThread "Unconstrained build operations Thread 38" [_thread_blocked, id=8492, stack(0x000000066f100000,0x000000066f200000)]
  0x000001d7591d4000 JavaThread "Unconstrained build operations Thread 39" [_thread_blocked, id=9704, stack(0x000000066f200000,0x000000066f300000)]
  0x000001d7591d5000 JavaThread "Unconstrained build operations Thread 40" [_thread_blocked, id=7520, stack(0x000000066f300000,0x000000066f400000)]
  0x000001d7591d5800 JavaThread "jar transforms Thread 4" [_thread_blocked, id=7300, stack(0x000000066f400000,0x000000066f500000)]
  0x000001d7591d6800 JavaThread "Memory manager" [_thread_blocked, id=5124, stack(0x000000066f500000,0x000000066f600000)]
  0x000001d759054800 JavaThread "build event listener" [_thread_blocked, id=8892, stack(0x000000066f600000,0x000000066f700000)]
  0x000001d759053800 JavaThread "pool-3-thread-1" [_thread_blocked, id=17224, stack(0x000000066f700000,0x000000066f800000)]
  0x000001d759057000 JavaThread "build event listener" [_thread_blocked, id=13552, stack(0x000000066f800000,0x000000066f900000)]
  0x000001d759055800 JavaThread "Execution worker for ':'" [_thread_blocked, id=15044, stack(0x000000066f900000,0x000000066fa00000)]
  0x000001d759058800 JavaThread "Execution worker for ':' Thread 2" [_thread_blocked, id=15480, stack(0x000000066fa00000,0x000000066fb00000)]
  0x000001d75905c000 JavaThread "Execution worker for ':' Thread 3" [_thread_blocked, id=11824, stack(0x000000066fb00000,0x000000066fc00000)]
  0x000001d759058000 JavaThread "Cache worker for execution history cache (D:\AndroidProject\EcommerceApp\.gradle\7.3.3\executionHistory)" [_thread_blocked, id=2596, stack(0x000000066fc00000,0x000000066fd00000)]
  0x000001d75b2c4000 JavaThread "C2 CompilerThread1" daemon [_thread_in_native, id=13132, stack(0x000000066be00000,0x000000066bf00000)]
  0x000001d75905a800 JavaThread "WorkerExecutor Queue" [_thread_blocked, id=1372, stack(0x000000066fd00000,0x000000066fe00000)]

Other Threads:
=>0x000001d75794c800 VMThread "VM Thread" [stack: 0x000000066a300000,0x000000066a400000] [id=5828]
  0x000001d75843e800 WatcherThread [stack: 0x000000066ad00000,0x000000066ae00000] [id=7136]
  0x000001d73be15000 GCTaskThread "GC Thread#0" [stack: 0x0000000669e00000,0x0000000669f00000] [id=15000]
  0x000001d758db5000 GCTaskThread "GC Thread#1" [stack: 0x000000066af00000,0x000000066b000000] [id=7120]
  0x000001d75861f000 GCTaskThread "GC Thread#2" [stack: 0x000000066b000000,0x000000066b100000] [id=16284]
  0x000001d759b8d000 GCTaskThread "GC Thread#3" [stack: 0x000000066ba00000,0x000000066bb00000] [id=14828]
  0x000001d73be45800 ConcurrentGCThread "G1 Main Marker" [stack: 0x0000000669f00000,0x000000066a000000] [id=16248]
  0x000001d73be47000 ConcurrentGCThread "G1 Conc#0" [stack: 0x000000066a000000,0x000000066a100000] [id=8828]
  0x000001d73bed9000 ConcurrentGCThread "G1 Refine#0" [stack: 0x000000066a100000,0x000000066a200000] [id=240]
  0x000001d73beda000 ConcurrentGCThread "G1 Young RemSet Sampling" [stack: 0x000000066a200000,0x000000066a300000] [id=9424]

Threads with active compile tasks:
C2 CompilerThread0  25126 10409       4       com.android.ide.common.blame.MergingLogPersistUtil$$Lambda$1038/0x0000000100b6ac40::accept (12 bytes)
C2 CompilerThread1  25126 10405       4       com.android.ide.common.blame.MergingLogPersistUtil::lambda$normalize$0 (107 bytes)

VM state:at safepoint (normal execution)

VM Mutex/Monitor currently owned by a thread:  ([mutex/lock_event])
[0x000001d73bdf6e70] Threads_lock - owner thread: 0x000001d75794c800
[0x000001d73bdf7a40] Heap_lock - owner thread: 0x000001d759055800

Heap address: 0x0000000080000000, size: 2048 MB, Compressed Oops mode: 32-bit
Narrow klass base: 0x0000000000000000, Narrow klass shift: 3
Compressed class space size: 1073741824 Address: 0x0000000100000000

Heap:
 garbage-first heap   total 227328K, used 102400K [0x0000000080000000, 0x0000000100000000)
  region size 1024K, 6 young (6144K), 6 survivors (6144K)
 Metaspace       used 87666K, capacity 89757K, committed 89932K, reserved 1126400K
  class space    used 11268K, capacity 12064K, committed 12160K, reserved 1048576K
Heap Regions: E=young(eden), S=young(survivor), O=old, HS=humongous(starts), HC=humongous(continues), CS=collection set, F=free, A=archive, TAMS=top-at-mark-start (previous, next)
|   0|0x0000000080000000, 0x0000000080100000, 0x0000000080100000|100%|HS|  |TAMS 0x0000000080100000, 0x0000000080100000| Complete 
|   1|0x0000000080100000, 0x0000000080200000, 0x0000000080200000|100%|HC|  |TAMS 0x0000000080200000, 0x0000000080200000| Complete 
|   2|0x0000000080200000, 0x0000000080300000, 0x0000000080300000|100%|HC|  |TAMS 0x0000000080300000, 0x0000000080300000| Complete 
|   3|0x0000000080300000, 0x0000000080400000, 0x0000000080400000|100%| O|  |TAMS 0x0000000080400000, 0x0000000080400000| Untracked 
|   4|0x0000000080400000, 0x0000000080500000, 0x0000000080500000|100%| O|  |TAMS 0x0000000080500000, 0x0000000080500000| Untracked 
|   5|0x0000000080500000, 0x0000000080600000, 0x0000000080600000|100%| O|  |TAMS 0x0000000080600000, 0x0000000080600000| Untracked 
|   6|0x0000000080600000, 0x0000000080700000, 0x0000000080700000|100%| O|  |TAMS 0x0000000080700000, 0x0000000080700000| Untracked 
|   7|0x0000000080700000, 0x0000000080800000, 0x0000000080800000|100%| O|  |TAMS 0x0000000080800000, 0x0000000080800000| Untracked 
|   8|0x0000000080800000, 0x0000000080900000, 0x0000000080900000|100%| O|  |TAMS 0x0000000080900000, 0x0000000080900000| Untracked 
|   9|0x0000000080900000, 0x0000000080a00000, 0x0000000080a00000|100%| O|  |TAMS 0x0000000080a00000, 0x0000000080a00000| Untracked 
|  10|0x0000000080a00000, 0x0000000080b00000, 0x0000000080b00000|100%| O|  |TAMS 0x0000000080b00000, 0x0000000080b00000| Untracked 
|  11|0x0000000080b00000, 0x0000000080c00000, 0x0000000080c00000|100%| O|  |TAMS 0x0000000080c00000, 0x0000000080c00000| Untracked 
|  12|0x0000000080c00000, 0x0000000080d00000, 0x0000000080d00000|100%| O|  |TAMS 0x0000000080d00000, 0x0000000080d00000| Untracked 
|  13|0x0000000080d00000, 0x0000000080e00000, 0x0000000080e00000|100%| O|  |TAMS 0x0000000080e00000, 0x0000000080e00000| Untracked 
|  14|0x0000000080e00000, 0x0000000080f00000, 0x0000000080f00000|100%| O|  |TAMS 0x0000000080f00000, 0x0000000080f00000| Untracked 
|  15|0x0000000080f00000, 0x0000000081000000, 0x0000000081000000|100%| O|  |TAMS 0x0000000081000000, 0x0000000081000000| Untracked 
|  16|0x0000000081000000, 0x0000000081100000, 0x0000000081100000|100%|HS|  |TAMS 0x0000000081100000, 0x0000000081100000| Complete 
|  17|0x0000000081100000, 0x0000000081200000, 0x0000000081200000|100%| O|  |TAMS 0x0000000081200000, 0x0000000081200000| Untracked 
|  18|0x0000000081200000, 0x0000000081300000, 0x0000000081300000|100%| O|  |TAMS 0x0000000081300000, 0x0000000081300000| Untracked 
|  19|0x0000000081300000, 0x0000000081400000, 0x0000000081400000|100%| O|  |TAMS 0x0000000081400000, 0x0000000081400000| Untracked 
|  20|0x0000000081400000, 0x0000000081500000, 0x0000000081500000|100%| O|  |TAMS 0x0000000081500000, 0x0000000081500000| Untracked 
|  21|0x0000000081500000, 0x0000000081600000, 0x0000000081600000|100%| O|  |TAMS 0x0000000081600000, 0x0000000081600000| Untracked 
|  22|0x0000000081600000, 0x0000000081700000, 0x0000000081700000|100%| O|  |TAMS 0x0000000081700000, 0x0000000081700000| Untracked 
|  23|0x0000000081700000, 0x0000000081800000, 0x0000000081800000|100%| O|  |TAMS 0x0000000081800000, 0x0000000081800000| Untracked 
|  24|0x0000000081800000, 0x0000000081900000, 0x0000000081900000|100%|HS|  |TAMS 0x0000000081900000, 0x0000000081900000| Complete 
|  25|0x0000000081900000, 0x0000000081a00000, 0x0000000081a00000|100%|HS|  |TAMS 0x0000000081a00000, 0x0000000081a00000| Complete 
|  26|0x0000000081a00000, 0x0000000081b00000, 0x0000000081b00000|100%|HC|  |TAMS 0x0000000081b00000, 0x0000000081b00000| Complete 
|  27|0x0000000081b00000, 0x0000000081c00000, 0x0000000081c00000|100%| O|  |TAMS 0x0000000081c00000, 0x0000000081c00000| Untracked 
|  28|0x0000000081c00000, 0x0000000081d00000, 0x0000000081d00000|100%| O|  |TAMS 0x0000000081d00000, 0x0000000081d00000| Untracked 
|  29|0x0000000081d00000, 0x0000000081e00000, 0x0000000081e00000|100%| O|  |TAMS 0x0000000081e00000, 0x0000000081e00000| Untracked 
|  30|0x0000000081e00000, 0x0000000081f00000, 0x0000000081f00000|100%| O|  |TAMS 0x0000000081f00000, 0x0000000081f00000| Untracked 
|  31|0x0000000081f00000, 0x0000000082000000, 0x0000000082000000|100%| O|  |TAMS 0x0000000082000000, 0x0000000082000000| Untracked 
|  32|0x0000000082000000, 0x0000000082100000, 0x0000000082100000|100%| O|  |TAMS 0x0000000082100000, 0x0000000082100000| Untracked 
|  33|0x0000000082100000, 0x0000000082200000, 0x0000000082200000|100%| O|  |TAMS 0x0000000082200000, 0x0000000082200000| Untracked 
|  34|0x0000000082200000, 0x0000000082300000, 0x0000000082300000|100%| O|  |TAMS 0x0000000082300000, 0x0000000082300000| Untracked 
|  35|0x0000000082300000, 0x0000000082400000, 0x0000000082400000|100%| O|  |TAMS 0x0000000082400000, 0x0000000082400000| Untracked 
|  36|0x0000000082400000, 0x0000000082500000, 0x0000000082500000|100%| O|  |TAMS 0x0000000082500000, 0x0000000082500000| Untracked 
|  37|0x0000000082500000, 0x0000000082600000, 0x0000000082600000|100%| O|  |TAMS 0x0000000082600000, 0x0000000082600000| Untracked 
|  38|0x0000000082600000, 0x0000000082700000, 0x0000000082700000|100%| O|  |TAMS 0x0000000082700000, 0x0000000082700000| Untracked 
|  39|0x0000000082700000, 0x0000000082800000, 0x0000000082800000|100%| O|  |TAMS 0x0000000082800000, 0x0000000082800000| Untracked 
|  40|0x0000000082800000, 0x0000000082900000, 0x0000000082900000|100%| O|  |TAMS 0x0000000082900000, 0x0000000082900000| Untracked 
|  41|0x0000000082900000, 0x0000000082a00000, 0x0000000082a00000|100%| O|  |TAMS 0x0000000082a00000, 0x0000000082a00000| Untracked 
|  42|0x0000000082a00000, 0x0000000082b00000, 0x0000000082b00000|100%| O|  |TAMS 0x0000000082b00000, 0x0000000082b00000| Untracked 
|  43|0x0000000082b00000, 0x0000000082c00000, 0x0000000082c00000|100%| O|  |TAMS 0x0000000082c00000, 0x0000000082c00000| Untracked 
|  44|0x0000000082c00000, 0x0000000082d00000, 0x0000000082d00000|100%| O|  |TAMS 0x0000000082d00000, 0x0000000082d00000| Untracked 
|  45|0x0000000082d00000, 0x0000000082e00000, 0x0000000082e00000|100%| O|  |TAMS 0x0000000082e00000, 0x0000000082e00000| Untracked 
|  46|0x0000000082e00000, 0x0000000082f00000, 0x0000000082f00000|100%| O|  |TAMS 0x0000000082f00000, 0x0000000082f00000| Untracked 
|  47|0x0000000082f00000, 0x0000000083000000, 0x0000000083000000|100%| O|  |TAMS 0x0000000083000000, 0x0000000083000000| Untracked 
|  48|0x0000000083000000, 0x0000000083100000, 0x0000000083100000|100%| O|  |TAMS 0x0000000083100000, 0x0000000083100000| Untracked 
|  49|0x0000000083100000, 0x0000000083200000, 0x0000000083200000|100%| O|  |TAMS 0x0000000083200000, 0x0000000083200000| Untracked 
|  50|0x0000000083200000, 0x0000000083300000, 0x0000000083300000|100%| O|  |TAMS 0x0000000083300000, 0x0000000083300000| Untracked 
|  51|0x0000000083300000, 0x0000000083400000, 0x0000000083400000|100%| O|  |TAMS 0x0000000083400000, 0x0000000083400000| Untracked 
|  52|0x0000000083400000, 0x0000000083500000, 0x0000000083500000|100%| O|  |TAMS 0x0000000083500000, 0x0000000083500000| Untracked 
|  53|0x0000000083500000, 0x0000000083600000, 0x0000000083600000|100%| O|  |TAMS 0x0000000083600000, 0x0000000083600000| Untracked 
|  54|0x0000000083600000, 0x0000000083700000, 0x0000000083700000|100%| O|  |TAMS 0x0000000083700000, 0x0000000083700000| Untracked 
|  55|0x0000000083700000, 0x0000000083800000, 0x0000000083800000|100%| O|  |TAMS 0x0000000083800000, 0x0000000083800000| Untracked 
|  56|0x0000000083800000, 0x0000000083900000, 0x0000000083900000|100%| O|  |TAMS 0x0000000083900000, 0x0000000083900000| Untracked 
|  57|0x0000000083900000, 0x0000000083a00000, 0x0000000083a00000|100%| O|  |TAMS 0x0000000083a00000, 0x0000000083a00000| Untracked 
|  58|0x0000000083a00000, 0x0000000083a00000, 0x0000000083b00000|  0%| F|  |TAMS 0x0000000083a00000, 0x0000000083a00000| Untracked 
|  59|0x0000000083b00000, 0x0000000083b00000, 0x0000000083c00000|  0%| F|  |TAMS 0x0000000083b00000, 0x0000000083b00000| Untracked 
|  60|0x0000000083c00000, 0x0000000083d00000, 0x0000000083d00000|100%|HS|  |TAMS 0x0000000083d00000, 0x0000000083d00000| Complete 
|  61|0x0000000083d00000, 0x0000000083e00000, 0x0000000083e00000|100%| O|  |TAMS 0x0000000083e00000, 0x0000000083e00000| Untracked 
|  62|0x0000000083e00000, 0x0000000083f00000, 0x0000000083f00000|100%| O|  |TAMS 0x0000000083f00000, 0x0000000083f00000| Untracked 
|  63|0x0000000083f00000, 0x0000000084000000, 0x0000000084000000|100%| O|  |TAMS 0x0000000084000000, 0x0000000084000000| Untracked 
|  64|0x0000000084000000, 0x0000000084100000, 0x0000000084100000|100%| O|  |TAMS 0x0000000084100000, 0x0000000084100000| Untracked 
|  65|0x0000000084100000, 0x0000000084200000, 0x0000000084200000|100%| O|  |TAMS 0x0000000084200000, 0x0000000084200000| Untracked 
|  66|0x0000000084200000, 0x0000000084300000, 0x0000000084300000|100%| O|  |TAMS 0x0000000084300000, 0x0000000084300000| Untracked 
|  67|0x0000000084300000, 0x0000000084400000, 0x0000000084400000|100%| O|  |TAMS 0x0000000084400000, 0x0000000084400000| Untracked 
|  68|0x0000000084400000, 0x0000000084500000, 0x0000000084500000|100%| O|  |TAMS 0x0000000084500000, 0x0000000084500000| Untracked 
|  69|0x0000000084500000, 0x0000000084600000, 0x0000000084600000|100%| O|  |TAMS 0x0000000084600000, 0x0000000084600000| Untracked 
|  70|0x0000000084600000, 0x0000000084700000, 0x0000000084700000|100%| O|  |TAMS 0x0000000084700000, 0x0000000084700000| Untracked 
|  71|0x0000000084700000, 0x0000000084800000, 0x0000000084800000|100%| O|  |TAMS 0x0000000084800000, 0x0000000084800000| Untracked 
|  72|0x0000000084800000, 0x0000000084900000, 0x0000000084900000|100%| O|  |TAMS 0x0000000084900000, 0x0000000084900000| Untracked 
|  73|0x0000000084900000, 0x0000000084a00000, 0x0000000084a00000|100%| O|  |TAMS 0x0000000084a00000, 0x0000000084a00000| Untracked 
|  74|0x0000000084a00000, 0x0000000084b00000, 0x0000000084b00000|100%| O|  |TAMS 0x0000000084b00000, 0x0000000084b00000| Untracked 
|  75|0x0000000084b00000, 0x0000000084c00000, 0x0000000084c00000|100%| O|  |TAMS 0x0000000084c00000, 0x0000000084c00000| Untracked 
|  76|0x0000000084c00000, 0x0000000084d00000, 0x0000000084d00000|100%| O|  |TAMS 0x0000000084d00000, 0x0000000084d00000| Untracked 
|  77|0x0000000084d00000, 0x0000000084e00000, 0x0000000084e00000|100%| O|  |TAMS 0x0000000084e00000, 0x0000000084e00000| Untracked 
|  78|0x0000000084e00000, 0x0000000084f00000, 0x0000000084f00000|100%| O|  |TAMS 0x0000000084e00000, 0x0000000084f00000| Untracked 
|  79|0x0000000084f00000, 0x0000000085000000, 0x0000000085000000|100%| O|  |TAMS 0x0000000084f00000, 0x0000000085000000| Untracked 
|  80|0x0000000085000000, 0x0000000085000000, 0x0000000085100000|  0%| F|  |TAMS 0x0000000085000000, 0x0000000085000000| Untracked 
|  81|0x0000000085100000, 0x0000000085100000, 0x0000000085200000|  0%| F|  |TAMS 0x0000000085100000, 0x0000000085100000| Untracked 
|  82|0x0000000085200000, 0x0000000085300000, 0x0000000085300000|100%| O|  |TAMS 0x0000000085300000, 0x0000000085300000| Untracked 
|  83|0x0000000085300000, 0x0000000085400000, 0x0000000085400000|100%| O|  |TAMS 0x0000000085400000, 0x0000000085400000| Untracked 
|  84|0x0000000085400000, 0x0000000085500000, 0x0000000085500000|100%| O|  |TAMS 0x0000000085500000, 0x0000000085500000| Untracked 
|  85|0x0000000085500000, 0x0000000085600000, 0x0000000085600000|100%| O|  |TAMS 0x0000000085600000, 0x0000000085600000| Untracked 
|  86|0x0000000085600000, 0x0000000085700000, 0x0000000085700000|100%| O|  |TAMS 0x0000000085700000, 0x0000000085700000| Untracked 
|  87|0x0000000085700000, 0x0000000085800000, 0x0000000085800000|100%| O|  |TAMS 0x0000000085800000, 0x0000000085800000| Untracked 
|  88|0x0000000085800000, 0x0000000085900000, 0x0000000085900000|100%| O|  |TAMS 0x0000000085900000, 0x0000000085900000| Untracked 
|  89|0x0000000085900000, 0x0000000085a00000, 0x0000000085a00000|100%| O|  |TAMS 0x0000000085a00000, 0x0000000085a00000| Untracked 
|  90|0x0000000085a00000, 0x0000000085b00000, 0x0000000085b00000|100%| O|  |TAMS 0x0000000085b00000, 0x0000000085b00000| Untracked 
|  91|0x0000000085b00000, 0x0000000085c00000, 0x0000000085c00000|100%| O|  |TAMS 0x0000000085c00000, 0x0000000085c00000| Untracked 
|  92|0x0000000085c00000, 0x0000000085d00000, 0x0000000085d00000|100%| O|  |TAMS 0x0000000085d00000, 0x0000000085d00000| Untracked 
|  93|0x0000000085d00000, 0x0000000085e00000, 0x0000000085e00000|100%| O|  |TAMS 0x0000000085d11000, 0x0000000085e00000| Untracked 
|  94|0x0000000085e00000, 0x0000000085f00000, 0x0000000085f00000|100%| O|  |TAMS 0x0000000085e00000, 0x0000000085f00000| Untracked 
|  95|0x0000000085f00000, 0x0000000086000000, 0x0000000086000000|100%| O|  |TAMS 0x0000000085f00000, 0x0000000086000000| Untracked 
|  96|0x0000000086000000, 0x0000000086100000, 0x0000000086100000|100%| O|  |TAMS 0x0000000086000000, 0x0000000086100000| Untracked 
|  97|0x0000000086100000, 0x0000000086200000, 0x0000000086200000|100%| O|  |TAMS 0x0000000086100000, 0x0000000086200000| Untracked 
|  98|0x0000000086200000, 0x0000000086200000, 0x0000000086300000|  0%| F|  |TAMS 0x0000000086200000, 0x0000000086200000| Untracked 
|  99|0x0000000086300000, 0x0000000086300000, 0x0000000086400000|  0%| F|  |TAMS 0x0000000086300000, 0x0000000086300000| Untracked 
| 100|0x0000000086400000, 0x0000000086400000, 0x0000000086500000|  0%| F|  |TAMS 0x0000000086400000, 0x0000000086400000| Untracked 
| 101|0x0000000086500000, 0x0000000086500000, 0x0000000086600000|  0%| F|  |TAMS 0x0000000086500000, 0x0000000086500000| Untracked 
| 102|0x0000000086600000, 0x0000000086600000, 0x0000000086700000|  0%| F|  |TAMS 0x0000000086600000, 0x0000000086600000| Untracked 
| 103|0x0000000086700000, 0x0000000086700000, 0x0000000086800000|  0%| F|  |TAMS 0x0000000086700000, 0x0000000086700000| Untracked 
| 104|0x0000000086800000, 0x0000000086800000, 0x0000000086900000|  0%| F|  |TAMS 0x0000000086800000, 0x0000000086800000| Untracked 
| 105|0x0000000086900000, 0x0000000086900000, 0x0000000086a00000|  0%| F|  |TAMS 0x0000000086900000, 0x0000000086900000| Untracked 
| 106|0x0000000086a00000, 0x0000000086a00000, 0x0000000086b00000|  0%| F|  |TAMS 0x0000000086a00000, 0x0000000086a00000| Untracked 
| 107|0x0000000086b00000, 0x0000000086b00000, 0x0000000086c00000|  0%| F|  |TAMS 0x0000000086b00000, 0x0000000086b00000| Untracked 
| 108|0x0000000086c00000, 0x0000000086c00000, 0x0000000086d00000|  0%| F|  |TAMS 0x0000000086c00000, 0x0000000086c00000| Untracked 
| 109|0x0000000086d00000, 0x0000000086d00000, 0x0000000086e00000|  0%| F|  |TAMS 0x0000000086d00000, 0x0000000086d00000| Untracked 
| 110|0x0000000086e00000, 0x0000000086e00000, 0x0000000086f00000|  0%| F|  |TAMS 0x0000000086e00000, 0x0000000086e00000| Untracked 
| 111|0x0000000086f00000, 0x0000000086f00000, 0x0000000087000000|  0%| F|  |TAMS 0x0000000086f00000, 0x0000000086f00000| Untracked 
| 112|0x0000000087000000, 0x0000000087000000, 0x0000000087100000|  0%| F|  |TAMS 0x0000000087000000, 0x0000000087000000| Untracked 
| 113|0x0000000087100000, 0x0000000087100000, 0x0000000087200000|  0%| F|  |TAMS 0x0000000087100000, 0x0000000087100000| Untracked 
| 114|0x0000000087200000, 0x0000000087200000, 0x0000000087300000|  0%| F|  |TAMS 0x0000000087200000, 0x0000000087200000| Untracked 
| 115|0x0000000087300000, 0x0000000087300000, 0x0000000087400000|  0%| F|  |TAMS 0x0000000087300000, 0x0000000087300000| Untracked 
| 116|0x0000000087400000, 0x0000000087400000, 0x0000000087500000|  0%| F|  |TAMS 0x0000000087400000, 0x0000000087400000| Untracked 
| 117|0x0000000087500000, 0x0000000087500000, 0x0000000087600000|  0%| F|  |TAMS 0x0000000087500000, 0x0000000087500000| Untracked 
| 118|0x0000000087600000, 0x0000000087600000, 0x0000000087700000|  0%| F|  |TAMS 0x0000000087600000, 0x0000000087600000| Untracked 
| 119|0x0000000087700000, 0x0000000087700000, 0x0000000087800000|  0%| F|  |TAMS 0x0000000087700000, 0x0000000087700000| Untracked 
| 120|0x0000000087800000, 0x0000000087800000, 0x0000000087900000|  0%| F|  |TAMS 0x0000000087800000, 0x0000000087800000| Untracked 
| 121|0x0000000087900000, 0x0000000087900000, 0x0000000087a00000|  0%| F|  |TAMS 0x0000000087900000, 0x0000000087900000| Untracked 
| 122|0x0000000087a00000, 0x0000000087a00000, 0x0000000087b00000|  0%| F|  |TAMS 0x0000000087a00000, 0x0000000087a00000| Untracked 
| 123|0x0000000087b00000, 0x0000000087b00000, 0x0000000087c00000|  0%| F|  |TAMS 0x0000000087b00000, 0x0000000087b00000| Untracked 
| 124|0x0000000087c00000, 0x0000000087c00000, 0x0000000087d00000|  0%| F|  |TAMS 0x0000000087c00000, 0x0000000087c00000| Untracked 
| 125|0x0000000087d00000, 0x0000000087d00000, 0x0000000087e00000|  0%| F|  |TAMS 0x0000000087d00000, 0x0000000087d00000| Untracked 
| 126|0x0000000087e00000, 0x0000000087e00000, 0x0000000087f00000|  0%| F|  |TAMS 0x0000000087e00000, 0x0000000087e00000| Untracked 
| 127|0x0000000087f00000, 0x0000000087f00000, 0x0000000088000000|  0%| F|  |TAMS 0x0000000087f00000, 0x0000000087f00000| Untracked 
| 128|0x0000000088000000, 0x0000000088000000, 0x0000000088100000|  0%| F|  |TAMS 0x0000000088000000, 0x0000000088000000| Untracked 
| 129|0x0000000088100000, 0x0000000088100000, 0x0000000088200000|  0%| F|  |TAMS 0x0000000088100000, 0x0000000088100000| Untracked 
| 130|0x0000000088200000, 0x0000000088200000, 0x0000000088300000|  0%| F|  |TAMS 0x0000000088200000, 0x0000000088200000| Untracked 
| 131|0x0000000088300000, 0x0000000088300000, 0x0000000088400000|  0%| F|  |TAMS 0x0000000088300000, 0x0000000088300000| Untracked 
| 132|0x0000000088400000, 0x0000000088400000, 0x0000000088500000|  0%| F|  |TAMS 0x0000000088400000, 0x0000000088400000| Untracked 
| 133|0x0000000088500000, 0x0000000088500000, 0x0000000088600000|  0%| F|  |TAMS 0x0000000088500000, 0x0000000088500000| Untracked 
| 134|0x0000000088600000, 0x0000000088600000, 0x0000000088700000|  0%| F|  |TAMS 0x0000000088600000, 0x0000000088600000| Untracked 
| 135|0x0000000088700000, 0x0000000088700000, 0x0000000088800000|  0%| F|  |TAMS 0x0000000088700000, 0x0000000088700000| Untracked 
| 136|0x0000000088800000, 0x0000000088800000, 0x0000000088900000|  0%| F|  |TAMS 0x0000000088800000, 0x0000000088800000| Untracked 
| 137|0x0000000088900000, 0x0000000088900000, 0x0000000088a00000|  0%| F|  |TAMS 0x0000000088900000, 0x0000000088900000| Untracked 
| 138|0x0000000088a00000, 0x0000000088a00000, 0x0000000088b00000|  0%| F|  |TAMS 0x0000000088a00000, 0x0000000088a00000| Untracked 
| 139|0x0000000088b00000, 0x0000000088b00000, 0x0000000088c00000|  0%| F|  |TAMS 0x0000000088b00000, 0x0000000088b00000| Untracked 
| 140|0x0000000088c00000, 0x0000000088d00000, 0x0000000088d00000|100%| S|CS|TAMS 0x0000000088c00000, 0x0000000088c00000| Complete 
| 141|0x0000000088d00000, 0x0000000088e00000, 0x0000000088e00000|100%| S|CS|TAMS 0x0000000088d00000, 0x0000000088d00000| Complete 
| 142|0x0000000088e00000, 0x0000000088f00000, 0x0000000088f00000|100%| S|CS|TAMS 0x0000000088e00000, 0x0000000088e00000| Complete 
| 143|0x0000000088f00000, 0x0000000089000000, 0x0000000089000000|100%| S|CS|TAMS 0x0000000088f00000, 0x0000000088f00000| Complete 
| 144|0x0000000089000000, 0x0000000089100000, 0x0000000089100000|100%| S|CS|TAMS 0x0000000089000000, 0x0000000089000000| Complete 
| 145|0x0000000089100000, 0x0000000089100000, 0x0000000089200000|  0%| F|  |TAMS 0x0000000089100000, 0x0000000089100000| Untracked 
| 146|0x0000000089200000, 0x0000000089200000, 0x0000000089300000|  0%| F|  |TAMS 0x0000000089200000, 0x0000000089200000| Untracked 
| 147|0x0000000089300000, 0x0000000089300000, 0x0000000089400000|  0%| F|  |TAMS 0x0000000089300000, 0x0000000089300000| Untracked 
| 148|0x0000000089400000, 0x0000000089400000, 0x0000000089500000|  0%| F|  |TAMS 0x0000000089400000, 0x0000000089400000| Untracked 
| 149|0x0000000089500000, 0x0000000089500000, 0x0000000089600000|  0%| F|  |TAMS 0x0000000089500000, 0x0000000089500000| Untracked 
| 150|0x0000000089600000, 0x0000000089600000, 0x0000000089700000|  0%| F|  |TAMS 0x0000000089600000, 0x0000000089600000| Untracked 
| 151|0x0000000089700000, 0x0000000089800000, 0x0000000089800000|100%| S|CS|TAMS 0x0000000089700000, 0x0000000089700000| Complete 
| 152|0x0000000089800000, 0x0000000089800000, 0x0000000089900000|  0%| F|  |TAMS 0x0000000089800000, 0x0000000089800000| Untracked 
| 153|0x0000000089900000, 0x0000000089900000, 0x0000000089a00000|  0%| F|  |TAMS 0x0000000089900000, 0x0000000089900000| Untracked 
| 154|0x0000000089a00000, 0x0000000089a00000, 0x0000000089b00000|  0%| F|  |TAMS 0x0000000089a00000, 0x0000000089a00000| Untracked 
| 155|0x0000000089b00000, 0x0000000089b00000, 0x0000000089c00000|  0%| F|  |TAMS 0x0000000089b00000, 0x0000000089b00000| Untracked 
| 156|0x0000000089c00000, 0x0000000089c00000, 0x0000000089d00000|  0%| F|  |TAMS 0x0000000089c00000, 0x0000000089c00000| Untracked 
| 157|0x0000000089d00000, 0x0000000089d00000, 0x0000000089e00000|  0%| F|  |TAMS 0x0000000089d00000, 0x0000000089d00000| Untracked 
| 158|0x0000000089e00000, 0x0000000089e00000, 0x0000000089f00000|  0%| F|  |TAMS 0x0000000089e00000, 0x0000000089e00000| Untracked 
| 159|0x0000000089f00000, 0x0000000089f00000, 0x000000008a000000|  0%| F|  |TAMS 0x0000000089f00000, 0x0000000089f00000| Untracked 
| 160|0x000000008a000000, 0x000000008a000000, 0x000000008a100000|  0%| F|  |TAMS 0x000000008a000000, 0x000000008a000000| Untracked 
| 161|0x000000008a100000, 0x000000008a100000, 0x000000008a200000|  0%| F|  |TAMS 0x000000008a100000, 0x000000008a100000| Untracked 
| 162|0x000000008a200000, 0x000000008a200000, 0x000000008a300000|  0%| F|  |TAMS 0x000000008a200000, 0x000000008a200000| Untracked 
| 163|0x000000008a300000, 0x000000008a300000, 0x000000008a400000|  0%| F|  |TAMS 0x000000008a300000, 0x000000008a300000| Untracked 
| 164|0x000000008a400000, 0x000000008a400000, 0x000000008a500000|  0%| F|  |TAMS 0x000000008a400000, 0x000000008a400000| Untracked 
| 165|0x000000008a500000, 0x000000008a500000, 0x000000008a600000|  0%| F|  |TAMS 0x000000008a500000, 0x000000008a500000| Untracked 
| 166|0x000000008a600000, 0x000000008a600000, 0x000000008a700000|  0%| F|  |TAMS 0x000000008a600000, 0x000000008a600000| Untracked 
| 167|0x000000008a700000, 0x000000008a700000, 0x000000008a800000|  0%| F|  |TAMS 0x000000008a700000, 0x000000008a700000| Untracked 
| 168|0x000000008a800000, 0x000000008a800000, 0x000000008a900000|  0%| F|  |TAMS 0x000000008a800000, 0x000000008a800000| Untracked 
| 169|0x000000008a900000, 0x000000008a900000, 0x000000008aa00000|  0%| F|  |TAMS 0x000000008a900000, 0x000000008a900000| Untracked 
| 170|0x000000008aa00000, 0x000000008aa00000, 0x000000008ab00000|  0%| F|  |TAMS 0x000000008aa00000, 0x000000008aa00000| Untracked 
| 171|0x000000008ab00000, 0x000000008ab00000, 0x000000008ac00000|  0%| F|  |TAMS 0x000000008ab00000, 0x000000008ab00000| Untracked 
| 172|0x000000008ac00000, 0x000000008ac00000, 0x000000008ad00000|  0%| F|  |TAMS 0x000000008ac00000, 0x000000008ac00000| Untracked 
| 173|0x000000008ad00000, 0x000000008ad00000, 0x000000008ae00000|  0%| F|  |TAMS 0x000000008ad00000, 0x000000008ad00000| Untracked 
| 174|0x000000008ae00000, 0x000000008ae00000, 0x000000008af00000|  0%| F|  |TAMS 0x000000008ae00000, 0x000000008ae00000| Untracked 
| 175|0x000000008af00000, 0x000000008af00000, 0x000000008b000000|  0%| F|  |TAMS 0x000000008af00000, 0x000000008af00000| Untracked 
| 176|0x000000008b000000, 0x000000008b000000, 0x000000008b100000|  0%| F|  |TAMS 0x000000008b000000, 0x000000008b000000| Untracked 
| 177|0x000000008b100000, 0x000000008b100000, 0x000000008b200000|  0%| F|  |TAMS 0x000000008b100000, 0x000000008b100000| Untracked 
| 178|0x000000008b200000, 0x000000008b200000, 0x000000008b300000|  0%| F|  |TAMS 0x000000008b200000, 0x000000008b200000| Untracked 
| 179|0x000000008b300000, 0x000000008b300000, 0x000000008b400000|  0%| F|  |TAMS 0x000000008b300000, 0x000000008b300000| Untracked 
| 180|0x000000008b400000, 0x000000008b400000, 0x000000008b500000|  0%| F|  |TAMS 0x000000008b400000, 0x000000008b400000| Untracked 
| 181|0x000000008b500000, 0x000000008b500000, 0x000000008b600000|  0%| F|  |TAMS 0x000000008b500000, 0x000000008b500000| Untracked 
| 182|0x000000008b600000, 0x000000008b600000, 0x000000008b700000|  0%| F|  |TAMS 0x000000008b600000, 0x000000008b600000| Untracked 
| 183|0x000000008b700000, 0x000000008b700000, 0x000000008b800000|  0%| F|  |TAMS 0x000000008b700000, 0x000000008b700000| Untracked 
| 184|0x000000008b800000, 0x000000008b800000, 0x000000008b900000|  0%| F|  |TAMS 0x000000008b800000, 0x000000008b800000| Untracked 

Card table byte_map: [0x000001d750b60000,0x000001d750f60000] _byte_map_base: 0x000001d750760000

Marking Bits (Prev, Next): (CMBitMap*) 0x000001d73be3ce88, (CMBitMap*) 0x000001d73be3cec0
 Prev Bits: [0x000001d751360000, 0x000001d753360000)
 Next Bits: [0x000001d753360000, 0x000001d755360000)

Polling page: 0x000001d73bbf0000

Metaspace:

Usage:
  Non-class:     75.87 MB capacity,    74.61 MB ( 98%) used,     1.03 MB (  1%) free+waste,   242.38 KB ( <1%) overhead. 
      Class:     11.78 MB capacity,    11.00 MB ( 93%) used,   684.46 KB (  6%) free+waste,   110.88 KB ( <1%) overhead. 
       Both:     87.65 MB capacity,    85.61 MB ( 98%) used,     1.70 MB (  2%) free+waste,   353.25 KB ( <1%) overhead. 

Virtual space:
  Non-class space:       76.00 MB reserved,      75.95 MB (>99%) committed 
      Class space:        1.00 GB reserved,      11.88 MB (  1%) committed 
             Both:        1.07 GB reserved,      87.82 MB (  8%) committed 

Chunk freelists:
   Non-Class:  79.00 KB
       Class:  64.00 KB
        Both:  143.00 KB

MaxMetaspaceSize: 17179869184.00 GB
CompressedClassSpaceSize: 1.00 GB
Initial GC threshold: 20.80 MB
Current GC threshold: 146.38 MB
CDS: off

CodeHeap 'non-profiled nmethods': size=120064Kb used=6305Kb max_used=6305Kb free=113758Kb
 bounds [0x000001d748c00000, 0x000001d749230000, 0x000001d750140000]
CodeHeap 'profiled nmethods': size=120000Kb used=22472Kb max_used=22472Kb free=97527Kb
 bounds [0x000001d7416d0000, 0x000001d742cd0000, 0x000001d748c00000]
CodeHeap 'non-nmethods': size=5696Kb used=2371Kb max_used=2440Kb free=3325Kb
 bounds [0x000001d741140000, 0x000001d7413b0000, 0x000001d7416d0000]
 total_blobs=11259 nmethods=10375 adapters=796
 compilation: enabled
              stopped_count=0, restarted_count=0
 full_count=0

Compilation events (20 events):
Event: 24.985 Thread 0x000001d75797e800 10445       2       com.android.ide.common.resources.DataFile::getItems (10 bytes)
Event: 24.985 Thread 0x000001d75797e800 nmethod 10445 0x000001d742cade90 code [0x000001d742cae040, 0x000001d742cae168]
Event: 25.001 Thread 0x000001d75797e800 10456       2       com.android.ide.common.resources.NodeUtils::getPrefixForNs (71 bytes)
Event: 25.001 Thread 0x000001d75797e800 nmethod 10456 0x000001d742cae210 code [0x000001d742cae440, 0x000001d742cae8a8]
Event: 25.001 Thread 0x000001d75797e800 10455       2       com.android.ide.common.resources.NodeUtils::getDocumentNamespaceAttributes (38 bytes)
Event: 25.002 Thread 0x000001d75797e800 nmethod 10455 0x000001d742caeb90 code [0x000001d742caed60, 0x000001d742caeea8]
Event: 25.004 Thread 0x000001d75797e800 10457 %     3       com.android.ide.common.resources.NodeUtils::duplicateNode @ 54 (315 bytes)
Event: 25.007 Thread 0x000001d75797e800 nmethod 10457% 0x000001d742caef90 code [0x000001d742caf4e0, 0x000001d742cb2758]
Event: 25.008 Thread 0x000001d75797e800 10458       3       com.android.ide.common.resources.NodeUtils::duplicateNode (315 bytes)
Event: 25.011 Thread 0x000001d75797e800 nmethod 10458 0x000001d742cb3690 code [0x000001d742cb3bc0, 0x000001d742cb6cd8]
Event: 25.024 Thread 0x000001d75797e800 10462       2       org.apache.xerces.dom.AttributeMap::setNamedItemNS (366 bytes)
Event: 25.026 Thread 0x000001d75797e800 nmethod 10462 0x000001d742cb7b90 code [0x000001d742cb7f00, 0x000001d742cb8bc8]
Event: 25.034 Thread 0x000001d75797e800 10463       2       com.android.ide.common.resources.DataFile::hasNotRemovedItems (48 bytes)
Event: 25.035 Thread 0x000001d75797e800 nmethod 10463 0x000001d742cb9210 code [0x000001d742cb9400, 0x000001d742cb9678]
Event: 25.035 Thread 0x000001d75797e800 10464       2       com.android.ide.common.resources.DataSet::createFileElement (81 bytes)
Event: 25.036 Thread 0x000001d75797e800 nmethod 10464 0x000001d742cb9810 code [0x000001d742cb9a80, 0x000001d742cb9fd8]
Event: 25.057 Thread 0x000001d75797e800 10466       3       com.android.utils.XmlUtils::toXmlAttributeValue (89 bytes)
Event: 25.059 Thread 0x000001d75797e800 nmethod 10466 0x000001d742cba410 code [0x000001d742cba700, 0x000001d742cbb798]
Event: 25.059 Thread 0x000001d75797e800 10467       3       com.android.utils.XmlUtils::append (645 bytes)
Event: 25.064 Thread 0x000001d75797e800 nmethod 10467 0x000001d742cbbe90 code [0x000001d742cbc6e0, 0x000001d742cc0b28]

GC Heap History (20 events):
Event: 9.335 GC heap after
{Heap after GC invocations=10 (full 0):
 garbage-first heap   total 157696K, used 29143K [0x0000000080000000, 0x0000000100000000)
  region size 1024K, 12 young (12288K), 12 survivors (12288K)
 Metaspace       used 41896K, capacity 42855K, committed 43084K, reserved 1087488K
  class space    used 5389K, capacity 5753K, committed 5760K, reserved 1048576K
}
Event: 10.862 GC heap before
{Heap before GC invocations=10 (full 0):
 garbage-first heap   total 157696K, used 111063K [0x0000000080000000, 0x0000000100000000)
  region size 1024K, 92 young (94208K), 12 survivors (12288K)
 Metaspace       used 48039K, capacity 49209K, committed 49356K, reserved 1091584K
  class space    used 6167K, capacity 6613K, committed 6656K, reserved 1048576K
}
Event: 10.884 GC heap after
{Heap after GC invocations=11 (full 0):
 garbage-first heap   total 157696K, used 31824K [0x0000000080000000, 0x0000000100000000)
  region size 1024K, 9 young (9216K), 9 survivors (9216K)
 Metaspace       used 48039K, capacity 49209K, committed 49356K, reserved 1091584K
  class space    used 6167K, capacity 6613K, committed 6656K, reserved 1048576K
}
Event: 12.536 GC heap before
{Heap before GC invocations=11 (full 0):
 garbage-first heap   total 157696K, used 118864K [0x0000000080000000, 0x0000000100000000)
  region size 1024K, 91 young (93184K), 9 survivors (9216K)
 Metaspace       used 55998K, capacity 57362K, committed 57548K, reserved 1099776K
  class space    used 7135K, capacity 7629K, committed 7680K, reserved 1048576K
}
Event: 12.558 GC heap after
{Heap after GC invocations=12 (full 0):
 garbage-first heap   total 157696K, used 45536K [0x0000000080000000, 0x0000000100000000)
  region size 1024K, 12 young (12288K), 12 survivors (12288K)
 Metaspace       used 55998K, capacity 57362K, committed 57548K, reserved 1099776K
  class space    used 7135K, capacity 7629K, committed 7680K, reserved 1048576K
}
Event: 12.978 GC heap before
{Heap before GC invocations=12 (full 0):
 garbage-first heap   total 157696K, used 61920K [0x0000000080000000, 0x0000000100000000)
  region size 1024K, 29 young (29696K), 12 survivors (12288K)
 Metaspace       used 58742K, capacity 60107K, committed 60236K, reserved 1101824K
  class space    used 7424K, capacity 7942K, committed 8064K, reserved 1048576K
}
Event: 13.003 GC heap after
{Heap after GC invocations=13 (full 0):
 garbage-first heap   total 189440K, used 47571K [0x0000000080000000, 0x0000000100000000)
  region size 1024K, 2 young (2048K), 2 survivors (2048K)
 Metaspace       used 58742K, capacity 60107K, committed 60236K, reserved 1101824K
  class space    used 7424K, capacity 7942K, committed 8064K, reserved 1048576K
}
Event: 15.631 GC heap before
{Heap before GC invocations=14 (full 0):
 garbage-first heap   total 189440K, used 126419K [0x0000000080000000, 0x0000000100000000)
  region size 1024K, 79 young (80896K), 2 survivors (2048K)
 Metaspace       used 66381K, capacity 67859K, committed 68172K, reserved 1107968K
  class space    used 8409K, capacity 8998K, committed 9088K, reserved 1048576K
}
Event: 15.647 GC heap after
{Heap after GC invocations=15 (full 0):
 garbage-first heap   total 189440K, used 52181K [0x0000000080000000, 0x0000000100000000)
  region size 1024K, 7 young (7168K), 7 survivors (7168K)
 Metaspace       used 66381K, capacity 67859K, committed 68172K, reserved 1107968K
  class space    used 8409K, capacity 8998K, committed 9088K, reserved 1048576K
}
Event: 17.162 GC heap before
{Heap before GC invocations=15 (full 0):
 garbage-first heap   total 189440K, used 131029K [0x0000000080000000, 0x0000000100000000)
  region size 1024K, 84 young (86016K), 7 survivors (7168K)
 Metaspace       used 72350K, capacity 73954K, committed 74188K, reserved 1114112K
  class space    used 9362K, capacity 9956K, committed 9984K, reserved 1048576K
}
Event: 17.181 GC heap after
{Heap after GC invocations=16 (full 0):
 garbage-first heap   total 189440K, used 58086K [0x0000000080000000, 0x0000000100000000)
  region size 1024K, 6 young (6144K), 6 survivors (6144K)
 Metaspace       used 72350K, capacity 73954K, committed 74188K, reserved 1114112K
  class space    used 9362K, capacity 9956K, committed 9984K, reserved 1048576K
}
Event: 19.259 GC heap before
{Heap before GC invocations=16 (full 0):
 garbage-first heap   total 189440K, used 136934K [0x0000000080000000, 0x0000000100000000)
  region size 1024K, 83 young (84992K), 6 survivors (6144K)
 Metaspace       used 79954K, capacity 81675K, committed 81996K, reserved 1120256K
  class space    used 10405K, capacity 11064K, committed 11136K, reserved 1048576K
}
Event: 19.276 GC heap after
{Heap after GC invocations=17 (full 0):
 garbage-first heap   total 189440K, used 62648K [0x0000000080000000, 0x0000000100000000)
  region size 1024K, 11 young (11264K), 11 survivors (11264K)
 Metaspace       used 79954K, capacity 81675K, committed 81996K, reserved 1120256K
  class space    used 10405K, capacity 11064K, committed 11136K, reserved 1048576K
}
Event: 21.036 GC heap before
{Heap before GC invocations=17 (full 0):
 garbage-first heap   total 189440K, used 140472K [0x0000000080000000, 0x0000000100000000)
  region size 1024K, 88 young (90112K), 11 survivors (11264K)
 Metaspace       used 84288K, capacity 86378K, committed 86476K, reserved 1124352K
  class space    used 10929K, capacity 11728K, committed 11776K, reserved 1048576K
}
Event: 21.070 GC heap after
{Heap after GC invocations=18 (full 0):
 garbage-first heap   total 189440K, used 70088K [0x0000000080000000, 0x0000000100000000)
  region size 1024K, 11 young (11264K), 11 survivors (11264K)
 Metaspace       used 84288K, capacity 86378K, committed 86476K, reserved 1124352K
  class space    used 10929K, capacity 11728K, committed 11776K, reserved 1048576K
}
Event: 22.930 GC heap before
{Heap before GC invocations=18 (full 0):
 garbage-first heap   total 189440K, used 146888K [0x0000000080000000, 0x0000000100000000)
  region size 1024K, 84 young (86016K), 11 survivors (11264K)
 Metaspace       used 86028K, capacity 88195K, committed 88524K, reserved 1126400K
  class space    used 11116K, capacity 11948K, committed 12032K, reserved 1048576K
}
Event: 22.972 GC heap after
{Heap after GC invocations=19 (full 0):
 garbage-first heap   total 189440K, used 88324K [0x0000000080000000, 0x0000000100000000)
  region size 1024K, 11 young (11264K), 11 survivors (11264K)
 Metaspace       used 86028K, capacity 88195K, committed 88524K, reserved 1126400K
  class space    used 11116K, capacity 11948K, committed 12032K, reserved 1048576K
}
Event: 23.691 GC heap before
{Heap before GC invocations=19 (full 0):
 garbage-first heap   total 189440K, used 127236K [0x0000000080000000, 0x0000000100000000)
  region size 1024K, 45 young (46080K), 11 survivors (11264K)
 Metaspace       used 87606K, capacity 89708K, committed 89932K, reserved 1126400K
  class space    used 11283K, capacity 12070K, committed 12160K, reserved 1048576K
}
Event: 23.751 GC heap after
{Heap after GC invocations=20 (full 0):
 garbage-first heap   total 189440K, used 96836K [0x0000000080000000, 0x0000000100000000)
  region size 1024K, 6 young (6144K), 6 survivors (6144K)
 Metaspace       used 87606K, capacity 89708K, committed 89932K, reserved 1126400K
  class space    used 11283K, capacity 12070K, committed 12160K, reserved 1048576K
}
Event: 25.071 GC heap before
{Heap before GC invocations=21 (full 0):
 garbage-first heap   total 189440K, used 131652K [0x0000000080000000, 0x0000000100000000)
  region size 1024K, 39 young (39936K), 6 survivors (6144K)
 Metaspace       used 87666K, capacity 89757K, committed 89932K, reserved 1126400K
  class space    used 11268K, capacity 12064K, committed 12160K, reserved 1048576K
}

Deoptimization events (20 events):
Event: 24.989 Thread 0x000001d759055800 Uncommon trap: trap_request=0xffffffde fr.pc=0x000001d7491eb320 relative=0x00000000000002e0
Event: 24.989 Thread 0x000001d759055800 Uncommon trap: reason=class_check action=maybe_recompile pc=0x000001d7491eb320 method=org.apache.xerces.dom.ElementImpl.getAttributes()Lorg/w3c/dom/NamedNodeMap; @ 8 c2
Event: 24.989 Thread 0x000001d759055800 DEOPT PACKING pc=0x000001d7491eb320 sp=0x000000066f9fa890
Event: 24.989 Thread 0x000001d759055800 DEOPT UNPACKING pc=0x000001d74118a1af sp=0x000000066f9fa868 mode 2
Event: 24.989 Thread 0x000001d759055800 Uncommon trap: trap_request=0xffffffde fr.pc=0x000001d7491eb320 relative=0x00000000000002e0
Event: 24.989 Thread 0x000001d759055800 Uncommon trap: reason=class_check action=maybe_recompile pc=0x000001d7491eb320 method=org.apache.xerces.dom.ElementImpl.getAttributes()Lorg/w3c/dom/NamedNodeMap; @ 8 c2
Event: 24.989 Thread 0x000001d759055800 DEOPT PACKING pc=0x000001d7491eb320 sp=0x000000066f9fa890
Event: 24.989 Thread 0x000001d759055800 DEOPT UNPACKING pc=0x000001d74118a1af sp=0x000000066f9fa868 mode 2
Event: 25.057 Thread 0x000001d759055800 Uncommon trap: trap_request=0xffffff4d fr.pc=0x000001d7491e2fd8 relative=0x0000000000000398
Event: 25.057 Thread 0x000001d759055800 Uncommon trap: reason=unstable_if action=reinterpret pc=0x000001d7491e2fd8 method=com.android.utils.XmlUtils.toXmlAttributeValue(Ljava/lang/String;)Ljava/lang/String; @ 33 c2
Event: 25.057 Thread 0x000001d759055800 DEOPT PACKING pc=0x000001d7491e2fd8 sp=0x000000066f9fa9c0
Event: 25.057 Thread 0x000001d759055800 DEOPT UNPACKING pc=0x000001d74118a1af sp=0x000000066f9fa940 mode 2
Event: 25.057 Thread 0x000001d759055800 Uncommon trap: trap_request=0xffffff4d fr.pc=0x000001d749220364 relative=0x0000000000006ac4
Event: 25.057 Thread 0x000001d759055800 Uncommon trap: reason=unstable_if action=reinterpret pc=0x000001d749220364 method=com.android.utils.XmlUtils.append(Lcom/android/utils/XmlUtils$PositionAwareStringBuilder;Lorg/w3c/dom/Node;Ljava/util/Map;Ljava/util/Set;)V @ 544 c2
Event: 25.057 Thread 0x000001d759055800 DEOPT PACKING pc=0x000001d749220364 sp=0x000000066f9fa920
Event: 25.057 Thread 0x000001d759055800 DEOPT UNPACKING pc=0x000001d74118a1af sp=0x000000066f9fa8f8 mode 2
Event: 25.057 Thread 0x000001d759055800 Uncommon trap: trap_request=0xffffff4d fr.pc=0x000001d749220364 relative=0x0000000000006ac4
Event: 25.057 Thread 0x000001d759055800 Uncommon trap: reason=unstable_if action=reinterpret pc=0x000001d749220364 method=com.android.utils.XmlUtils.append(Lcom/android/utils/XmlUtils$PositionAwareStringBuilder;Lorg/w3c/dom/Node;Ljava/util/Map;Ljava/util/Set;)V @ 544 c2
Event: 25.057 Thread 0x000001d759055800 DEOPT PACKING pc=0x000001d749220364 sp=0x000000066f9faa00
Event: 25.057 Thread 0x000001d759055800 DEOPT UNPACKING pc=0x000001d74118a1af sp=0x000000066f9fa9d8 mode 2

Classes redefined (0 events):
No events

Internal exceptions (20 events):
Event: 20.226 Thread 0x000001d759055800 Exception <a 'java/lang/NoSuchMethodError'{0x0000000088f8e000}: 'java.lang.Object java.lang.invoke.DirectMethodHandle$Holder.invokeSpecialIFC(java.lang.Object, java.lang.Object, java.lang.Object)'> (0x0000000088f8e000) thrown at [./src/hotspot/share/interpreter/linkResolver.cpp, line 773]
Event: 20.294 Thread 0x000001d759055800 Exception <a 'java/lang/NoSuchMethodError'{0x0000000088db4148}: 'void java.lang.invoke.DirectMethodHandle$Holder.invokeVirtual(java.lang.Object, java.lang.Object)'> (0x0000000088db4148) thrown at [./src/hotspot/share/interpreter/linkResolver.cpp, line 773]
Event: 23.455 Thread 0x000001d759055800 Exception <a 'java/lang/NoSuchMethodError'{0x000000008a1bc5f8}: <clinit>> (0x000000008a1bc5f8) thrown at [./src/hotspot/share/prims/jni.cpp, line 1365]
Event: 23.456 Thread 0x000001d759055800 Exception <a 'java/lang/NoSuchMethodError'{0x000000008a1cc8b8}: <clinit>> (0x000000008a1cc8b8) thrown at [./src/hotspot/share/prims/jni.cpp, line 1365]
Event: 23.463 Thread 0x000001d759055800 Exception <a 'java/lang/NoSuchMethodError'{0x000000008a03d008}: <clinit>> (0x000000008a03d008) thrown at [./src/hotspot/share/prims/jni.cpp, line 1365]
Event: 23.463 Thread 0x000001d759055800 Exception <a 'java/lang/NoSuchMethodError'{0x000000008a03fbd0}: <clinit>> (0x000000008a03fbd0) thrown at [./src/hotspot/share/prims/jni.cpp, line 1365]
Event: 23.463 Thread 0x000001d759055800 Exception <a 'java/lang/NoSuchMethodError'{0x000000008a0445b0}: <clinit>> (0x000000008a0445b0) thrown at [./src/hotspot/share/prims/jni.cpp, line 1365]
Event: 23.464 Thread 0x000001d759055800 Exception <a 'java/lang/NoSuchMethodError'{0x000000008a04fd50}: <clinit>> (0x000000008a04fd50) thrown at [./src/hotspot/share/prims/jni.cpp, line 1365]
Event: 23.470 Thread 0x000001d759055800 Exception <a 'java/lang/NoSuchMethodError'{0x000000008a0a77e0}: <clinit>> (0x000000008a0a77e0) thrown at [./src/hotspot/share/prims/jni.cpp, line 1365]
Event: 23.473 Thread 0x000001d759055800 Exception <a 'java/lang/NoSuchMethodError'{0x000000008a0d9370}: <clinit>> (0x000000008a0d9370) thrown at [./src/hotspot/share/prims/jni.cpp, line 1365]
Event: 23.473 Thread 0x000001d759055800 Exception <a 'java/lang/NoSuchMethodError'{0x000000008a0dc7d8}: <clinit>> (0x000000008a0dc7d8) thrown at [./src/hotspot/share/prims/jni.cpp, line 1365]
Event: 23.473 Thread 0x000001d759055800 Exception <a 'java/lang/NoSuchMethodError'{0x000000008a0df448}: <clinit>> (0x000000008a0df448) thrown at [./src/hotspot/share/prims/jni.cpp, line 1365]
Event: 23.474 Thread 0x000001d759055800 Exception <a 'java/lang/NoSuchMethodError'{0x000000008a0f7990}: <clinit>> (0x000000008a0f7990) thrown at [./src/hotspot/share/prims/jni.cpp, line 1365]
Event: 23.475 Thread 0x000001d759055800 Exception <a 'java/lang/NoSuchMethodError'{0x0000000089f0f3d8}: <clinit>> (0x0000000089f0f3d8) thrown at [./src/hotspot/share/prims/jni.cpp, line 1365]
Event: 23.476 Thread 0x000001d759055800 Exception <a 'java/lang/NoSuchMethodError'{0x0000000089f23e40}: <clinit>> (0x0000000089f23e40) thrown at [./src/hotspot/share/prims/jni.cpp, line 1365]
Event: 23.478 Thread 0x000001d759055800 Exception <a 'java/lang/NoSuchMethodError'{0x0000000089f46900}: <clinit>> (0x0000000089f46900) thrown at [./src/hotspot/share/prims/jni.cpp, line 1365]
Event: 23.480 Thread 0x000001d759055800 Exception <a 'java/lang/NoSuchMethodError'{0x0000000089f6bad8}: <clinit>> (0x0000000089f6bad8) thrown at [./src/hotspot/share/prims/jni.cpp, line 1365]
Event: 23.482 Thread 0x000001d759055800 Exception <a 'java/lang/NoSuchMethodError'{0x0000000089f80300}: <clinit>> (0x0000000089f80300) thrown at [./src/hotspot/share/prims/jni.cpp, line 1365]
Event: 25.057 Thread 0x000001d759055800 Implicit null exception at 0x000001d74921b4b6 to 0x000001d749220334
Event: 25.057 Thread 0x000001d759055800 Implicit null exception at 0x000001d74921b4b6 to 0x000001d749220334

Events (20 events):
Event: 24.611 loading class org/gradle/internal/work/DefaultAsyncWorkTracker$3 done
Event: 24.619 loading class com/android/ide/common/blame/MergingLogPersistUtil$SourcePositionsSerializer
Event: 24.619 loading class com/android/ide/common/blame/MergingLogPersistUtil$SourcePositionsSerializer done
Event: 24.620 loading class com/android/ide/common/blame/MergingLogPersistUtil$SourcePositionsSerializer$Kind
Event: 24.620 loading class com/android/ide/common/blame/MergingLogPersistUtil$SourcePositionsSerializer$Kind done
Event: 24.893 Executing VM operation: RevokeBias
Event: 24.893 Executing VM operation: RevokeBias done
Event: 24.971 loading class com/android/ide/common/resources/SingleFileProcessor
Event: 24.971 loading class com/android/ide/common/resources/SingleFileProcessor done
Event: 24.971 loading class com/android/ide/common/resources/SingleFileProcessor
Event: 24.971 loading class com/android/ide/common/resources/SingleFileProcessor done
Event: 24.971 loading class com/android/ide/common/resources/ResourceMerger
Event: 24.971 loading class com/android/ide/common/resources/ResourceMerger done
Event: 24.971 loading class com/android/ide/common/resources/ResourceMerger
Event: 24.971 loading class com/android/ide/common/resources/ResourceMerger done
Event: 24.974 loading class com/android/ide/common/resources/DataSet$1
Event: 24.974 loading class com/android/ide/common/resources/DataSet$1 done
Event: 24.974 loading class com/android/ide/common/resources/FileStatus
Event: 24.974 loading class com/android/ide/common/resources/FileStatus done
Event: 25.071 Executing VM operation: G1CollectForAllocation


Dynamic libraries:
0x00007ff78a3c0000 - 0x00007ff78a3ca000 	C:\Program Files\Android\Android Studio\jre\bin\java.exe
0x00007ffdbee50000 - 0x00007ffdbf048000 	C:\WINDOWS\SYSTEM32\ntdll.dll
0x00007ffdbe9a0000 - 0x00007ffdbea5d000 	C:\WINDOWS\System32\KERNEL32.DLL
0x00007ffdbcbe0000 - 0x00007ffdbceae000 	C:\WINDOWS\System32\KERNELBASE.dll
0x00007ffdbca20000 - 0x00007ffdbcb20000 	C:\WINDOWS\System32\ucrtbase.dll
0x00007ffdab640000 - 0x00007ffdab659000 	C:\Program Files\Android\Android Studio\jre\bin\jli.dll
0x00007ffdab620000 - 0x00007ffdab637000 	C:\Program Files\Android\Android Studio\jre\bin\VCRUNTIME140.dll
0x00007ffdbd050000 - 0x00007ffdbd1f0000 	C:\WINDOWS\System32\USER32.dll
0x00007ffdbcbb0000 - 0x00007ffdbcbd2000 	C:\WINDOWS\System32\win32u.dll
0x00007ffdaca20000 - 0x00007ffdaccba000 	C:\WINDOWS\WinSxS\amd64_microsoft.windows.common-controls_6595b64144ccf1df_6.0.19041.1110_none_60b5254171f9507e\COMCTL32.dll
0x00007ffdbe400000 - 0x00007ffdbe49e000 	C:\WINDOWS\System32\msvcrt.dll
0x00007ffdbe810000 - 0x00007ffdbe83a000 	C:\WINDOWS\System32\GDI32.dll
0x00007ffdbc800000 - 0x00007ffdbc90b000 	C:\WINDOWS\System32\gdi32full.dll
0x00007ffdbc910000 - 0x00007ffdbc9ad000 	C:\WINDOWS\System32\msvcp_win.dll
0x00007ffdbe960000 - 0x00007ffdbe990000 	C:\WINDOWS\System32\IMM32.DLL
0x00007ffd4bcf0000 - 0x00007ffd4bd8d000 	C:\Program Files\Android\Android Studio\jre\bin\msvcp140.dll
0x00007ffd3cca0000 - 0x00007ffd3d785000 	C:\Program Files\Android\Android Studio\jre\bin\server\jvm.dll
0x00007ffdbe840000 - 0x00007ffdbe8ee000 	C:\WINDOWS\System32\ADVAPI32.dll
0x00007ffdbe710000 - 0x00007ffdbe7ac000 	C:\WINDOWS\System32\sechost.dll
0x00007ffdbec10000 - 0x00007ffdbed35000 	C:\WINDOWS\System32\RPCRT4.dll
0x00007ffdbe990000 - 0x00007ffdbe998000 	C:\WINDOWS\System32\PSAPI.DLL
0x00007ffd972c0000 - 0x00007ffd972c9000 	C:\WINDOWS\SYSTEM32\WSOCK32.dll
0x00007ffdb3670000 - 0x00007ffdb367a000 	C:\WINDOWS\SYSTEM32\VERSION.dll
0x00007ffdac860000 - 0x00007ffdac887000 	C:\WINDOWS\SYSTEM32\WINMM.dll
0x00007ffdbe8f0000 - 0x00007ffdbe95b000 	C:\WINDOWS\System32\WS2_32.dll
0x00007ffdbadf0000 - 0x00007ffdbae02000 	C:\WINDOWS\SYSTEM32\kernel.appcore.dll
0x00007ffd97c60000 - 0x00007ffd97c71000 	C:\Program Files\Android\Android Studio\jre\bin\verify.dll
0x00007ffda0390000 - 0x00007ffda0574000 	C:\WINDOWS\SYSTEM32\DBGHELP.DLL
0x00007ffda0220000 - 0x00007ffda024c000 	C:\WINDOWS\SYSTEM32\dbgcore.DLL
0x00007ffdbcb20000 - 0x00007ffdbcba2000 	C:\WINDOWS\System32\bcryptPrimitives.dll
0x00007ffd965d0000 - 0x00007ffd965f9000 	C:\Program Files\Android\Android Studio\jre\bin\java.dll
0x00007ffda0990000 - 0x00007ffda099b000 	C:\Program Files\Android\Android Studio\jre\bin\jimage.dll
0x00007ffd97b60000 - 0x00007ffd97b78000 	C:\Program Files\Android\Android Studio\jre\bin\zip.dll
0x00007ffdbd8e0000 - 0x00007ffdbe023000 	C:\WINDOWS\System32\SHELL32.dll
0x00007ffdba590000 - 0x00007ffdbad25000 	C:\WINDOWS\SYSTEM32\windows.storage.dll
0x00007ffdbe0a0000 - 0x00007ffdbe3f4000 	C:\WINDOWS\System32\combase.dll
0x00007ffdbbfd0000 - 0x00007ffdbc000000 	C:\WINDOWS\SYSTEM32\Wldp.dll
0x00007ffdbe4a0000 - 0x00007ffdbe54d000 	C:\WINDOWS\System32\SHCORE.dll
0x00007ffdbe7b0000 - 0x00007ffdbe805000 	C:\WINDOWS\System32\shlwapi.dll
0x00007ffdbc4b0000 - 0x00007ffdbc4cf000 	C:\WINDOWS\SYSTEM32\profapi.dll
0x00007ffd97850000 - 0x00007ffd9786a000 	C:\Program Files\Android\Android Studio\jre\bin\net.dll
0x00007ffdad320000 - 0x00007ffdad42a000 	C:\WINDOWS\SYSTEM32\WINHTTP.dll
0x00007ffdbbd30000 - 0x00007ffdbbd9a000 	C:\WINDOWS\system32\mswsock.dll
0x00007ffd95c40000 - 0x00007ffd95c54000 	C:\Program Files\Android\Android Studio\jre\bin\nio.dll
0x00007ffda08d0000 - 0x00007ffda08f7000 	C:\Users\Nada Said\.gradle\native\e1d6ef7f7dcc3fd88c89a11ec53ec762bb8ba0a96d01ffa2cd45eb1d1d8dd5c5\windows-amd64\native-platform.dll
0x00007ffd42360000 - 0x00007ffd424a4000 	C:\Users\Nada Said\.gradle\native\5664cfc778a61ccfe75a443a1ab52a65af34e5dc3c78e0209fed803814484fcb\windows-amd64\native-platform-file-events.dll
0x00007ffd985e0000 - 0x00007ffd985ea000 	C:\Program Files\Android\Android Studio\jre\bin\management.dll
0x00007ffd98280000 - 0x00007ffd9828d000 	C:\Program Files\Android\Android Studio\jre\bin\management_ext.dll
0x00007ffdbbf30000 - 0x00007ffdbbf48000 	C:\WINDOWS\SYSTEM32\CRYPTSP.dll
0x00007ffdbb640000 - 0x00007ffdbb674000 	C:\WINDOWS\system32\rsaenh.dll
0x00007ffdbc620000 - 0x00007ffdbc647000 	C:\WINDOWS\System32\bcrypt.dll
0x00007ffdbc430000 - 0x00007ffdbc45e000 	C:\WINDOWS\SYSTEM32\USERENV.dll
0x00007ffdbbf20000 - 0x00007ffdbbf2c000 	C:\WINDOWS\SYSTEM32\CRYPTBASE.dll
0x00007ffdbb9d0000 - 0x00007ffdbba0b000 	C:\WINDOWS\SYSTEM32\IPHLPAPI.DLL
0x00007ffdbe030000 - 0x00007ffdbe038000 	C:\WINDOWS\System32\NSI.dll
0x00007ffdb3260000 - 0x00007ffdb3277000 	C:\WINDOWS\SYSTEM32\dhcpcsvc6.DLL
0x00007ffdb3e80000 - 0x00007ffdb3e9d000 	C:\WINDOWS\SYSTEM32\dhcpcsvc.DLL
0x00007ffdbba20000 - 0x00007ffdbbaea000 	C:\WINDOWS\SYSTEM32\DNSAPI.dll

dbghelp: loaded successfully - version: 4.0.5 - missing functions: none
symbol engine: initialized successfully - sym options: 0x614 - pdb path: .;C:\Program Files\Android\Android Studio\jre\bin;C:\WINDOWS\SYSTEM32;C:\WINDOWS\WinSxS\amd64_microsoft.windows.common-controls_6595b64144ccf1df_6.0.19041.1110_none_60b5254171f9507e;C:\Program Files\Android\Android Studio\jre\bin\server;C:\Users\Nada Said\.gradle\native\e1d6ef7f7dcc3fd88c89a11ec53ec762bb8ba0a96d01ffa2cd45eb1d1d8dd5c5\windows-amd64;C:\Users\Nada Said\.gradle\native\5664cfc778a61ccfe75a443a1ab52a65af34e5dc3c78e0209fed803814484fcb\windows-amd64

VM Arguments:
jvm_args: --add-opens=java.base/java.util=ALL-UNNAMED --add-opens=java.base/java.lang=ALL-UNNAMED --add-opens=java.base/java.lang.invoke=ALL-UNNAMED --add-opens=java.base/java.util=ALL-UNNAMED --add-opens=java.prefs/java.util.prefs=ALL-UNNAMED --add-opens=java.prefs/java.util.prefs=ALL-UNNAMED --add-opens=java.base/java.nio.charset=ALL-UNNAMED --add-opens=java.base/java.net=ALL-UNNAMED --add-opens=java.base/java.util.concurrent.atomic=ALL-UNNAMED -Xmx2048m -Dfile.encoding=UTF-8 -Duser.country=US -Duser.language=en -Duser.variant 
java_command: org.gradle.launcher.daemon.bootstrap.GradleDaemon 7.3.3
java_class_path (initial): C:\Users\Nada Said\.gradle\wrapper\dists\gradle-7.3.3-bin\6a41zxkdtcxs8rphpq6y0069z\gradle-7.3.3\lib\gradle-launcher-7.3.3.jar
Launcher Type: SUN_STANDARD

[Global flags]
     intx CICompilerCount                          = 3                                         {product} {ergonomic}
     uint ConcGCThreads                            = 1                                         {product} {ergonomic}
     uint G1ConcRefinementThreads                  = 4                                         {product} {ergonomic}
   size_t G1HeapRegionSize                         = 1048576                                   {product} {ergonomic}
    uintx GCDrainStackTargetSize                   = 64                                        {product} {ergonomic}
   size_t InitialHeapSize                          = 134217728                                 {product} {ergonomic}
   size_t MarkStackSize                            = 4194304                                   {product} {ergonomic}
   size_t MaxHeapSize                              = 2147483648                                {product} {command line}
   size_t MaxNewSize                               = 1287651328                                {product} {ergonomic}
   size_t MinHeapDeltaBytes                        = 1048576                                   {product} {ergonomic}
    uintx NonNMethodCodeHeapSize                   = 5830732                                {pd product} {ergonomic}
    uintx NonProfiledCodeHeapSize                  = 122913754                              {pd product} {ergonomic}
    uintx ProfiledCodeHeapSize                     = 122913754                              {pd product} {ergonomic}
    uintx ReservedCodeCacheSize                    = 251658240                              {pd product} {ergonomic}
     bool SegmentedCodeCache                       = true                                      {product} {ergonomic}
     bool UseCompressedClassPointers               = true                                 {lp64_product} {ergonomic}
     bool UseCompressedOops                        = true                                 {lp64_product} {ergonomic}
     bool UseG1GC                                  = true                                      {product} {ergonomic}
     bool UseLargePagesIndividualAllocation        = false                                  {pd product} {ergonomic}

Logging:
Log output configuration:
 #0: stdout all=warning uptime,level,tags
 #1: stderr all=off uptime,level,tags

Environment Variables:
JAVA_HOME=C:\Program Files\Java\jdk-17.0.1
PATH=C:\Program Files\Microsoft\jdk-11.0.12.7-hotspot\bin;C:\Program Files (x86)\NVIDIA Corporation\PhysX\Common;C:\Oracle\Middleware\Oracle_FRHome1\bin;C:\Program Files\Common Files\Oracle\Java\javapath;C:\app\NadaSaid\product\11.2.0\dbhome_1\bin;C:\ProgramData\Oracle\Java\javapath;C:\WINDOWS\system32;C:\WINDOWS;C:\WINDOWS\System32\Wbem;C:\WINDOWS\System32\WindowsPowerShell\v1.0\;C:\WINDOWS\System32\OpenSSH\;C:\Program Files\Git\cmd;C:\Program Files\Java\jdk-17.0.1\bin;C:\Oracle\Middleware\Oracle_FRHome1\opmn\bin;C:\Oracle\Middleware\Oracle_FRHome1\opmn\lib;C:\Oracle\Middleware\Oracle_FRHome1\perl\bin;C:\Program Files\Microsoft SQL Server\Client SDK\ODBC\110\Tools\Binn\;C:\Program Files (x86)\Microsoft SQL Server\120\Tools\Binn\;C:\Program Files\Microsoft SQL Server\120\Tools\Binn\;C:\Program Files\Microsoft SQL Server\120\DTS\Binn\;C:\Program Files (x86)\Windows Kits\8.1\Windows Performance Toolkit\;C:\Program Files\dotnet\;C:\Users\Nada Said\AppData\Local\Programs\Python\Python37\Scripts\;C:\Users\Nada Said\AppData\Local\Programs\Python\Python37\;C:\Python37\Scripts\;C:\Python37\;C:\Users\Nada Said\AppData\Local\Microsoft\WindowsApps;C:\Users\Nada Said\AppData\Local\Programs\Microsoft VS Code\bin;C:\Program Files\JetBrains\IntelliJ IDEA Community Edition 2021.2.3\bin;;C:\Users\Nada Said\.dotnet\tools;C:\Users\Nada Said\AppData\Local\GitHubDesktop\bin;C:\Dart\dart-sdk\bin;
USERNAME=Nada Said
LD_LIBRARY_PATH=C:\Oracle\Middleware\Oracle_FRHome1\lib
OS=Windows_NT
PROCESSOR_IDENTIFIER=Intel64 Family 6 Model 61 Stepping 4, GenuineIntel



---------------  S Y S T E M  ---------------

OS: Windows 10 , 64 bit Build 19041 (10.0.19041.1889)
OS uptime: 2 days 20:51 hours

CPU:total 4 (initial active 4) (2 cores per cpu, 2 threads per core) family 6 model 61 stepping 4 microcode 0x2d, cmov, cx8, fxsr, mmx, sse, sse2, sse3, ssse3, sse4.1, sse4.2, popcnt, avx, avx2, aes, clmul, erms, rtm, 3dnowpref, lzcnt, ht, tsc, tscinvbit, bmi1, bmi2, adx, fma

Memory: 4k page, system-wide physical 8067M (1160M free)
TotalPageFile size 11125M (AvailPageFile size 29M)
current process WorkingSet (physical memory assigned to process): 442M, peak: 445M
current process commit charge ("private bytes"): 471M, peak: 508M

vm_info: OpenJDK 64-Bit Server VM (11.0.12+7-b1504.28-7817840) for windows-amd64 JRE (11.0.12+7-b1504.28-7817840), built on Oct 13 2021 22:12:33 by "builder" with MS VC++ 14.0 (VS2015)

END.
