#
# There is insufficient memory for the Java Runtime Environment to continue.
# Native memory allocation (malloc) failed to allocate 1213296 bytes for Chunk::new
# Possible reasons:
#   The system is out of physical RAM or swap space
#   The process is running with CompressedOops enabled, and the Java Heap may be blocking the growth of the native heap
# Possible solutions:
#   Reduce memory load on the system
#   Increase physical memory or swap space
#   Check if swap backing store is full
#   Decrease Java heap size (-Xmx/-Xms)
#   Decrease number of Java threads
#   Decrease Java thread stack sizes (-Xss)
#   Set larger code cache with -XX:ReservedCodeCacheSize=
#   JVM is running with Unscaled Compressed Oops mode in which the Java heap is
#     placed in the first 4GB address space. The Java Heap base address is the
#     maximum limit for the native heap growth. Please use -XX:HeapBaseMinAddress
#     to set the Java Heap base and to place the Java Heap above 4GB virtual address.
# This output file may be truncated or incomplete.
#
#  Out of Memory Error (./src/hotspot/share/memory/arena.cpp:197), pid=6284, tid=10780
#
# JRE version: OpenJDK Runtime Environment (11.0.12+7) (build 11.0.12+7-b1504.28-7817840)
# Java VM: OpenJDK 64-Bit Server VM (11.0.12+7-b1504.28-7817840, mixed mode, tiered, compressed oops, g1 gc, windows-amd64)
# No core dump will be written. Minidumps are not enabled by default on client versions of Windows
#

---------------  S U M M A R Y ------------

Command Line: --add-opens=java.base/java.util=ALL-UNNAMED --add-opens=java.base/java.lang=ALL-UNNAMED --add-opens=java.base/java.lang.invoke=ALL-UNNAMED --add-opens=java.base/java.util=ALL-UNNAMED --add-opens=java.prefs/java.util.prefs=ALL-UNNAMED --add-opens=java.prefs/java.util.prefs=ALL-UNNAMED --add-opens=java.base/java.nio.charset=ALL-UNNAMED --add-opens=java.base/java.net=ALL-UNNAMED --add-opens=java.base/java.util.concurrent.atomic=ALL-UNNAMED -Xmx2048m -Dfile.encoding=UTF-8 -Duser.country=US -Duser.language=en -Duser.variant org.gradle.launcher.daemon.bootstrap.GradleDaemon 7.3.3

Host: Intel(R) Core(TM) i5-5300U CPU @ 2.30GHz, 4 cores, 7G,  Windows 10 , 64 bit Build 19041 (10.0.19041.1889)
Time: Sun Oct  2 17:21:50 2022 Egypt Standard Time elapsed time: 18.136776 seconds (0d 0h 0m 18s)

---------------  T H R E A D  ---------------

Current thread (0x000001d2deb9e000):  JavaThread "C2 CompilerThread1" daemon [_thread_in_native, id=10780, stack(0x000000223c100000,0x000000223c200000)]


Current CompileTask:
C2:  18136 5622       4       org.objectweb.asm.SymbolTable::addConstantMemberReference (147 bytes)

Stack: [0x000000223c100000,0x000000223c200000]
Native frames: (J=compiled Java code, j=interpreted, Vv=VM code, C=native code)
V  [jvm.dll+0x5fbcea]
V  [jvm.dll+0x731905]
V  [jvm.dll+0x732f1d]
V  [jvm.dll+0x7335d3]
V  [jvm.dll+0x247bf8]
V  [jvm.dll+0xc018c]
V  [jvm.dll+0xc06cc]
V  [jvm.dll+0x2bcc04]
V  [jvm.dll+0x5113a8]
V  [jvm.dll+0x208303]
V  [jvm.dll+0x201fe0]
V  [jvm.dll+0x1ff71f]
V  [jvm.dll+0x18868c]
V  [jvm.dll+0x20e0d7]
V  [jvm.dll+0x20c901]
V  [jvm.dll+0x6f9b7f]
V  [jvm.dll+0x6f26a5]
V  [jvm.dll+0x5fabf6]
C  [ucrtbase.dll+0x21bb2]
C  [KERNEL32.DLL+0x17034]
C  [ntdll.dll+0x526a1]


---------------  P R O C E S S  ---------------

Threads class SMR info:
_java_thread_list=0x000001d2e305c110, length=78, elements={
0x000001d2c0a6e800, 0x000001d2dc5e0000, 0x000001d2dc5e3800, 0x000001d2dc5fe000,
0x000001d2dc5ff800, 0x000001d2dc604800, 0x000001d2dc605800, 0x000001d2dcfaf000,
0x000001d2dcfb6000, 0x000001d2dd0b0800, 0x000001d2deebe800, 0x000001d2deb37000,
0x000001d2dedb9800, 0x000001d2de7fc800, 0x000001d2dee2a000, 0x000001d2decfd800,
0x000001d2dd4e4800, 0x000001d2de97a800, 0x000001d2de97b000, 0x000001d2dd2fb000,
0x000001d2dd2f5800, 0x000001d2dd2fc000, 0x000001d2dd2fa800, 0x000001d2deb9e000,
0x000001d2dd2f7000, 0x000001d2dd2f8000, 0x000001d2dd2f6000, 0x000001d2dd2f9800,
0x000001d2dd2f8800, 0x000001d2df2d9000, 0x000001d2df2d7800, 0x000001d2df2da000,
0x000001d2df2d5000, 0x000001d2df2db800, 0x000001d2df2d6000, 0x000001d2df2dc800,
0x000001d2df2d6800, 0x000001d2df2e0800, 0x000001d2df2dd000, 0x000001d2df2e2000,
0x000001d2df2de000, 0x000001d2df2de800, 0x000001d2df2df800, 0x000001d2df2e1000,
0x000001d2e290c800, 0x000001d2e290e800, 0x000001d2e2913000, 0x000001d2e2911000,
0x000001d2e290d000, 0x000001d2e2913800, 0x000001d2e290e000, 0x000001d2e2915800,
0x000001d2e2910800, 0x000001d2e2914800, 0x000001d2e290f800, 0x000001d2e2916000,
0x000001d2e2917000, 0x000001d2e2917800, 0x000001d2e2912000, 0x000001d2e291a000,
0x000001d2e291b000, 0x000001d2e2918800, 0x000001d2e2919800, 0x000001d2df7d3800,
0x000001d2df7d6000, 0x000001d2df7d4800, 0x000001d2df7d2800, 0x000001d2df7d2000,
0x000001d2df7d5000, 0x000001d2df7d0800, 0x000001d2df7d7000, 0x000001d2df7d1000,
0x000001d2df7da000, 0x000001d2df7db800, 0x000001d2df7d9800, 0x000001d2df7d8800,
0x000001d2df7dc800, 0x000001d2df7d7800
}

Java Threads: ( => current thread )
  0x000001d2c0a6e800 JavaThread "main" [_thread_blocked, id=10040, stack(0x0000002239f00000,0x000000223a000000)]
  0x000001d2dc5e0000 JavaThread "Reference Handler" daemon [_thread_blocked, id=17640, stack(0x000000223a700000,0x000000223a800000)]
  0x000001d2dc5e3800 JavaThread "Finalizer" daemon [_thread_blocked, id=12104, stack(0x000000223a800000,0x000000223a900000)]
  0x000001d2dc5fe000 JavaThread "Signal Dispatcher" daemon [_thread_blocked, id=468, stack(0x000000223a900000,0x000000223aa00000)]
  0x000001d2dc5ff800 JavaThread "Attach Listener" daemon [_thread_blocked, id=16420, stack(0x000000223aa00000,0x000000223ab00000)]
  0x000001d2dc604800 JavaThread "Service Thread" daemon [_thread_blocked, id=11076, stack(0x000000223ab00000,0x000000223ac00000)]
  0x000001d2dc605800 JavaThread "C2 CompilerThread0" daemon [_thread_blocked, id=11448, stack(0x000000223ac00000,0x000000223ad00000)]
  0x000001d2dcfaf000 JavaThread "C1 CompilerThread0" daemon [_thread_blocked, id=12880, stack(0x000000223ad00000,0x000000223ae00000)]
  0x000001d2dcfb6000 JavaThread "Sweeper thread" daemon [_thread_blocked, id=14924, stack(0x000000223ae00000,0x000000223af00000)]
  0x000001d2dd0b0800 JavaThread "Common-Cleaner" daemon [_thread_blocked, id=5448, stack(0x000000223af00000,0x000000223b000000)]
  0x000001d2deebe800 JavaThread "Daemon health stats" [_thread_blocked, id=6400, stack(0x000000223b300000,0x000000223b400000)]
  0x000001d2deb37000 JavaThread "Incoming local TCP Connector on port 60164" [_thread_in_native, id=1820, stack(0x000000223b400000,0x000000223b500000)]
  0x000001d2dedb9800 JavaThread "Daemon periodic checks" [_thread_blocked, id=4400, stack(0x000000223b500000,0x000000223b600000)]
  0x000001d2de7fc800 JavaThread "Daemon" [_thread_blocked, id=3296, stack(0x000000223b600000,0x000000223b700000)]
  0x000001d2dee2a000 JavaThread "Handler for socket connection from /127.0.0.1:60164 to /127.0.0.1:60165" [_thread_in_native, id=17432, stack(0x000000223b700000,0x000000223b800000)]
  0x000001d2decfd800 JavaThread "Cancel handler" [_thread_blocked, id=11412, stack(0x000000223b800000,0x000000223b900000)]
  0x000001d2dd4e4800 JavaThread "Daemon worker" [_thread_in_Java, id=3280, stack(0x000000223b900000,0x000000223ba00000)]
  0x000001d2de97a800 JavaThread "Asynchronous log dispatcher for DefaultDaemonConnection: socket connection from /127.0.0.1:60164 to /127.0.0.1:60165" [_thread_blocked, id=312, stack(0x000000223ba00000,0x000000223bb00000)]
  0x000001d2de97b000 JavaThread "Stdin handler" [_thread_blocked, id=14044, stack(0x000000223bb00000,0x000000223bc00000)]
  0x000001d2dd2fb000 JavaThread "Daemon client event forwarder" [_thread_blocked, id=6068, stack(0x000000223bc00000,0x000000223bd00000)]
  0x000001d2dd2f5800 JavaThread "Cache worker for journal cache (C:\Users\Nada Said\.gradle\caches\journal-1)" [_thread_blocked, id=1040, stack(0x000000223bd00000,0x000000223be00000)]
  0x000001d2dd2fc000 JavaThread "File lock request listener" [_thread_in_native, id=14496, stack(0x000000223be00000,0x000000223bf00000)]
  0x000001d2dd2fa800 JavaThread "Cache worker for file hash cache (C:\Users\Nada Said\.gradle\caches\7.3.3\fileHashes)" [_thread_blocked, id=5904, stack(0x000000223c000000,0x000000223c100000)]
=>0x000001d2deb9e000 JavaThread "C2 CompilerThread1" daemon [_thread_in_native, id=10780, stack(0x000000223c100000,0x000000223c200000)]
  0x000001d2dd2f7000 JavaThread "Cache worker for file hash cache (D:\AndroidProject\EcommerceApp\.gradle\7.3.3\fileHashes)" [_thread_blocked, id=11824, stack(0x000000223c200000,0x000000223c300000)]
  0x000001d2dd2f8000 JavaThread "File watcher server" daemon [_thread_in_native, id=11680, stack(0x000000223c300000,0x000000223c400000)]
  0x000001d2dd2f6000 JavaThread "File watcher consumer" daemon [_thread_blocked, id=11152, stack(0x000000223c400000,0x000000223c500000)]
  0x000001d2dd2f9800 JavaThread "Cache worker for checksums cache (D:\AndroidProject\EcommerceApp\.gradle\7.3.3\checksums)" [_thread_blocked, id=5520, stack(0x000000223c500000,0x000000223c600000)]
  0x000001d2dd2f8800 JavaThread "Cache worker for cache directory md-supplier (C:\Users\Nada Said\.gradle\caches\7.3.3\md-supplier)" [_thread_blocked, id=8652, stack(0x000000223c600000,0x000000223c700000)]
  0x000001d2df2d9000 JavaThread "Cache worker for cache directory md-rule (C:\Users\Nada Said\.gradle\caches\7.3.3\md-rule)" [_thread_blocked, id=16388, stack(0x000000223c700000,0x000000223c800000)]
  0x000001d2df2d7800 JavaThread "Cache worker for execution history cache (C:\Users\Nada Said\.gradle\caches\7.3.3\executionHistory)" [_thread_blocked, id=2096, stack(0x000000223c800000,0x000000223c900000)]
  0x000001d2df2da000 JavaThread "jar transforms" [_thread_blocked, id=13904, stack(0x000000223c900000,0x000000223ca00000)]
  0x000001d2df2d5000 JavaThread "Cache worker for file content cache (C:\Users\Nada Said\.gradle\caches\7.3.3\fileContent)" [_thread_blocked, id=17296, stack(0x000000223ca00000,0x000000223cb00000)]
  0x000001d2df2db800 JavaThread "jar transforms Thread 2" [_thread_blocked, id=840, stack(0x000000223cb00000,0x000000223cc00000)]
  0x000001d2df2d6000 JavaThread "Cache worker for dependencies-accessors (D:\AndroidProject\EcommerceApp\.gradle\7.3.3\dependencies-accessors)" [_thread_blocked, id=1244, stack(0x000000223cc00000,0x000000223cd00000)]
  0x000001d2df2dc800 JavaThread "jar transforms Thread 3" [_thread_blocked, id=8, stack(0x000000223cd00000,0x000000223ce00000)]
  0x000001d2df2d6800 JavaThread "Cache worker for Build Output Cleanup Cache (D:\AndroidProject\EcommerceApp\.gradle\buildOutputCleanup)" [_thread_blocked, id=2220, stack(0x000000223ce00000,0x000000223cf00000)]
  0x000001d2df2e0800 JavaThread "Unconstrained build operations" [_thread_blocked, id=6948, stack(0x000000223cf00000,0x000000223d000000)]
  0x000001d2df2dd000 JavaThread "Unconstrained build operations Thread 2" [_thread_blocked, id=9744, stack(0x000000223d000000,0x000000223d100000)]
  0x000001d2df2e2000 JavaThread "Unconstrained build operations Thread 3" [_thread_blocked, id=8056, stack(0x000000223d100000,0x000000223d200000)]
  0x000001d2df2de000 JavaThread "Unconstrained build operations Thread 4" [_thread_blocked, id=2000, stack(0x000000223d200000,0x000000223d300000)]
  0x000001d2df2de800 JavaThread "Unconstrained build operations Thread 5" [_thread_blocked, id=5296, stack(0x000000223d300000,0x000000223d400000)]
  0x000001d2df2df800 JavaThread "Unconstrained build operations Thread 6" [_thread_blocked, id=16396, stack(0x000000223d400000,0x000000223d500000)]
  0x000001d2df2e1000 JavaThread "Unconstrained build operations Thread 7" [_thread_blocked, id=9808, stack(0x000000223d500000,0x000000223d600000)]
  0x000001d2e290c800 JavaThread "Unconstrained build operations Thread 8" [_thread_blocked, id=3328, stack(0x000000223d600000,0x000000223d700000)]
  0x000001d2e290e800 JavaThread "Unconstrained build operations Thread 9" [_thread_blocked, id=3612, stack(0x000000223d700000,0x000000223d800000)]
  0x000001d2e2913000 JavaThread "Unconstrained build operations Thread 10" [_thread_blocked, id=9696, stack(0x000000223d800000,0x000000223d900000)]
  0x000001d2e2911000 JavaThread "Unconstrained build operations Thread 11" [_thread_blocked, id=3304, stack(0x000000223d900000,0x000000223da00000)]
  0x000001d2e290d000 JavaThread "Unconstrained build operations Thread 12" [_thread_blocked, id=17200, stack(0x000000223da00000,0x000000223db00000)]
  0x000001d2e2913800 JavaThread "Unconstrained build operations Thread 13" [_thread_blocked, id=1388, stack(0x000000223db00000,0x000000223dc00000)]
  0x000001d2e290e000 JavaThread "Unconstrained build operations Thread 14" [_thread_blocked, id=10608, stack(0x000000223dc00000,0x000000223dd00000)]
  0x000001d2e2915800 JavaThread "Unconstrained build operations Thread 15" [_thread_blocked, id=1044, stack(0x000000223dd00000,0x000000223de00000)]
  0x000001d2e2910800 JavaThread "Unconstrained build operations Thread 16" [_thread_blocked, id=16980, stack(0x000000223de00000,0x000000223df00000)]
  0x000001d2e2914800 JavaThread "Unconstrained build operations Thread 17" [_thread_blocked, id=13636, stack(0x000000223df00000,0x000000223e000000)]
  0x000001d2e290f800 JavaThread "Unconstrained build operations Thread 18" [_thread_blocked, id=6636, stack(0x000000223e000000,0x000000223e100000)]
  0x000001d2e2916000 JavaThread "Unconstrained build operations Thread 19" [_thread_blocked, id=11320, stack(0x000000223e100000,0x000000223e200000)]
  0x000001d2e2917000 JavaThread "Unconstrained build operations Thread 20" [_thread_blocked, id=14988, stack(0x000000223e200000,0x000000223e300000)]
  0x000001d2e2917800 JavaThread "Unconstrained build operations Thread 21" [_thread_blocked, id=3032, stack(0x000000223e300000,0x000000223e400000)]
  0x000001d2e2912000 JavaThread "Unconstrained build operations Thread 22" [_thread_blocked, id=17320, stack(0x000000223e400000,0x000000223e500000)]
  0x000001d2e291a000 JavaThread "Unconstrained build operations Thread 23" [_thread_blocked, id=18352, stack(0x000000223e500000,0x000000223e600000)]
  0x000001d2e291b000 JavaThread "Unconstrained build operations Thread 24" [_thread_blocked, id=8492, stack(0x000000223e600000,0x000000223e700000)]
  0x000001d2e2918800 JavaThread "Unconstrained build operations Thread 25" [_thread_blocked, id=8812, stack(0x000000223e700000,0x000000223e800000)]
  0x000001d2e2919800 JavaThread "Unconstrained build operations Thread 26" [_thread_blocked, id=4248, stack(0x000000223e800000,0x000000223e900000)]
  0x000001d2df7d3800 JavaThread "Unconstrained build operations Thread 27" [_thread_blocked, id=15884, stack(0x000000223e900000,0x000000223ea00000)]
  0x000001d2df7d6000 JavaThread "Unconstrained build operations Thread 28" [_thread_blocked, id=1740, stack(0x000000223ea00000,0x000000223eb00000)]
  0x000001d2df7d4800 JavaThread "Unconstrained build operations Thread 29" [_thread_blocked, id=15416, stack(0x000000223eb00000,0x000000223ec00000)]
  0x000001d2df7d2800 JavaThread "Unconstrained build operations Thread 30" [_thread_blocked, id=8400, stack(0x000000223ec00000,0x000000223ed00000)]
  0x000001d2df7d2000 JavaThread "Unconstrained build operations Thread 31" [_thread_blocked, id=2500, stack(0x000000223ed00000,0x000000223ee00000)]
  0x000001d2df7d5000 JavaThread "Unconstrained build operations Thread 32" [_thread_blocked, id=15868, stack(0x000000223ee00000,0x000000223ef00000)]
  0x000001d2df7d0800 JavaThread "Unconstrained build operations Thread 33" [_thread_blocked, id=13816, stack(0x000000223ef00000,0x000000223f000000)]
  0x000001d2df7d7000 JavaThread "Unconstrained build operations Thread 34" [_thread_blocked, id=2192, stack(0x000000223f000000,0x000000223f100000)]
  0x000001d2df7d1000 JavaThread "Unconstrained build operations Thread 35" [_thread_blocked, id=12860, stack(0x000000223f100000,0x000000223f200000)]
  0x000001d2df7da000 JavaThread "Unconstrained build operations Thread 36" [_thread_blocked, id=3152, stack(0x000000223f200000,0x000000223f300000)]
  0x000001d2df7db800 JavaThread "Unconstrained build operations Thread 37" [_thread_blocked, id=7488, stack(0x000000223f300000,0x000000223f400000)]
  0x000001d2df7d9800 JavaThread "Unconstrained build operations Thread 38" [_thread_blocked, id=17676, stack(0x000000223f400000,0x000000223f500000)]
  0x000001d2df7d8800 JavaThread "Unconstrained build operations Thread 39" [_thread_blocked, id=2144, stack(0x000000223f500000,0x000000223f600000)]
  0x000001d2df7dc800 JavaThread "Unconstrained build operations Thread 40" [_thread_blocked, id=2556, stack(0x000000223f600000,0x000000223f700000)]
  0x000001d2df7d7800 JavaThread "jar transforms Thread 4" [_thread_blocked, id=6988, stack(0x000000223f700000,0x000000223f800000)]

Other Threads:
  0x000001d2dc5da800 VMThread "VM Thread" [stack: 0x000000223a600000,0x000000223a700000] [id=17552]
  0x000001d2dd0b8800 WatcherThread [stack: 0x000000223b000000,0x000000223b100000] [id=14444]
  0x000001d2c0a86800 GCTaskThread "GC Thread#0" [stack: 0x000000223a100000,0x000000223a200000] [id=4564]
  0x000001d2dd882800 GCTaskThread "GC Thread#1" [stack: 0x000000223b100000,0x000000223b200000] [id=16024]
  0x000001d2dd43c000 GCTaskThread "GC Thread#2" [stack: 0x000000223b200000,0x000000223b300000] [id=7724]
  0x000001d2dd250800 GCTaskThread "GC Thread#3" [stack: 0x000000223bf00000,0x000000223c000000] [id=11796]
  0x000001d2c0ab8800 ConcurrentGCThread "G1 Main Marker" [stack: 0x000000223a200000,0x000000223a300000] [id=13424]
  0x000001d2c0ab9800 ConcurrentGCThread "G1 Conc#0" [stack: 0x000000223a300000,0x000000223a400000] [id=9768]
  0x000001d2c0b48800 ConcurrentGCThread "G1 Refine#0" [stack: 0x000000223a400000,0x000000223a500000] [id=8836]
  0x000001d2c0b49800 ConcurrentGCThread "G1 Young RemSet Sampling" [stack: 0x000000223a500000,0x000000223a600000] [id=4904]

Threads with active compile tasks:
C2 CompilerThread1  18345 5622       4       org.objectweb.asm.SymbolTable::addConstantMemberReference (147 bytes)

VM state:not at safepoint (normal execution)

VM Mutex/Monitor currently owned by a thread: None

Heap address: 0x0000000080000000, size: 2048 MB, Compressed Oops mode: 32-bit
Narrow klass base: 0x0000000000000000, Narrow klass shift: 3
Compressed class space size: 1073741824 Address: 0x0000000100000000

Heap:
 garbage-first heap   total 157696K, used 50351K [0x0000000080000000, 0x0000000100000000)
  region size 1024K, 6 young (6144K), 2 survivors (2048K)
 Metaspace       used 57001K, capacity 58363K, committed 58444K, reserved 1107968K
  class space    used 7242K, capacity 7729K, committed 7808K, reserved 1048576K
Heap Regions: E=young(eden), S=young(survivor), O=old, HS=humongous(starts), HC=humongous(continues), CS=collection set, F=free, A=archive, TAMS=top-at-mark-start (previous, next)
|   0|0x0000000080000000, 0x0000000080100000, 0x0000000080100000|100%|HS|  |TAMS 0x0000000080100000, 0x0000000080000000| Complete 
|   1|0x0000000080100000, 0x0000000080200000, 0x0000000080200000|100%|HC|  |TAMS 0x0000000080200000, 0x0000000080100000| Complete 
|   2|0x0000000080200000, 0x0000000080300000, 0x0000000080300000|100%|HC|  |TAMS 0x0000000080300000, 0x0000000080200000| Complete 
|   3|0x0000000080300000, 0x0000000080400000, 0x0000000080400000|100%| O|  |TAMS 0x0000000080400000, 0x0000000080300000| Untracked 
|   4|0x0000000080400000, 0x0000000080500000, 0x0000000080500000|100%| O|  |TAMS 0x0000000080500000, 0x0000000080400000| Untracked 
|   5|0x0000000080500000, 0x0000000080600000, 0x0000000080600000|100%| O|  |TAMS 0x0000000080600000, 0x0000000080500000| Untracked 
|   6|0x0000000080600000, 0x0000000080700000, 0x0000000080700000|100%| O|  |TAMS 0x0000000080700000, 0x0000000080600000| Untracked 
|   7|0x0000000080700000, 0x0000000080800000, 0x0000000080800000|100%| O|  |TAMS 0x0000000080800000, 0x0000000080700000| Untracked 
|   8|0x0000000080800000, 0x0000000080900000, 0x0000000080900000|100%| O|  |TAMS 0x0000000080900000, 0x0000000080800000| Untracked 
|   9|0x0000000080900000, 0x0000000080a00000, 0x0000000080a00000|100%| O|  |TAMS 0x0000000080a00000, 0x0000000080900000| Untracked 
|  10|0x0000000080a00000, 0x0000000080b00000, 0x0000000080b00000|100%| O|  |TAMS 0x0000000080b00000, 0x0000000080a00000| Untracked 
|  11|0x0000000080b00000, 0x0000000080c00000, 0x0000000080c00000|100%| O|  |TAMS 0x0000000080c00000, 0x0000000080b00000| Untracked 
|  12|0x0000000080c00000, 0x0000000080d00000, 0x0000000080d00000|100%| O|  |TAMS 0x0000000080d00000, 0x0000000080c00000| Untracked 
|  13|0x0000000080d00000, 0x0000000080e00000, 0x0000000080e00000|100%| O|  |TAMS 0x0000000080e00000, 0x0000000080d00000| Untracked 
|  14|0x0000000080e00000, 0x0000000080f00000, 0x0000000080f00000|100%| O|  |TAMS 0x0000000080f00000, 0x0000000080e00000| Untracked 
|  15|0x0000000080f00000, 0x0000000081000000, 0x0000000081000000|100%| O|  |TAMS 0x0000000081000000, 0x0000000080f00000| Untracked 
|  16|0x0000000081000000, 0x0000000081100000, 0x0000000081100000|100%| O|  |TAMS 0x0000000081100000, 0x0000000081000000| Untracked 
|  17|0x0000000081100000, 0x0000000081200000, 0x0000000081200000|100%| O|  |TAMS 0x0000000081200000, 0x0000000081100000| Untracked 
|  18|0x0000000081200000, 0x0000000081300000, 0x0000000081300000|100%| O|  |TAMS 0x0000000081300000, 0x0000000081200000| Untracked 
|  19|0x0000000081300000, 0x0000000081400000, 0x0000000081400000|100%| O|  |TAMS 0x0000000081400000, 0x0000000081300000| Untracked 
|  20|0x0000000081400000, 0x0000000081500000, 0x0000000081500000|100%| O|  |TAMS 0x0000000081500000, 0x0000000081400000| Untracked 
|  21|0x0000000081500000, 0x0000000081600000, 0x0000000081600000|100%| O|  |TAMS 0x0000000081600000, 0x0000000081500000| Untracked 
|  22|0x0000000081600000, 0x0000000081700000, 0x0000000081700000|100%| O|  |TAMS 0x0000000081700000, 0x0000000081600000| Untracked 
|  23|0x0000000081700000, 0x0000000081800000, 0x0000000081800000|100%| O|  |TAMS 0x0000000081800000, 0x0000000081700000| Untracked 
|  24|0x0000000081800000, 0x0000000081900000, 0x0000000081900000|100%| O|  |TAMS 0x0000000081900000, 0x0000000081800000| Untracked 
|  25|0x0000000081900000, 0x0000000081a00000, 0x0000000081a00000|100%| O|  |TAMS 0x0000000081a00000, 0x0000000081900000| Untracked 
|  26|0x0000000081a00000, 0x0000000081b00000, 0x0000000081b00000|100%| O|  |TAMS 0x0000000081b00000, 0x0000000081a00000| Untracked 
|  27|0x0000000081b00000, 0x0000000081c00000, 0x0000000081c00000|100%|HS|  |TAMS 0x0000000081c00000, 0x0000000081b00000| Complete 
|  28|0x0000000081c00000, 0x0000000081d00000, 0x0000000081d00000|100%|HS|  |TAMS 0x0000000081d00000, 0x0000000081c00000| Complete 
|  29|0x0000000081d00000, 0x0000000081e00000, 0x0000000081e00000|100%|HS|  |TAMS 0x0000000081e00000, 0x0000000081d00000| Complete 
|  30|0x0000000081e00000, 0x0000000081f00000, 0x0000000081f00000|100%|HC|  |TAMS 0x0000000081f00000, 0x0000000081e00000| Complete 
|  31|0x0000000081f00000, 0x0000000082000000, 0x0000000082000000|100%| O|  |TAMS 0x0000000082000000, 0x0000000081f00000| Untracked 
|  32|0x0000000082000000, 0x0000000082100000, 0x0000000082100000|100%| O|  |TAMS 0x0000000082100000, 0x0000000082000000| Untracked 
|  33|0x0000000082100000, 0x0000000082200000, 0x0000000082200000|100%| O|  |TAMS 0x0000000082200000, 0x0000000082100000| Untracked 
|  34|0x0000000082200000, 0x0000000082300000, 0x0000000082300000|100%| O|  |TAMS 0x0000000082300000, 0x0000000082200000| Untracked 
|  35|0x0000000082300000, 0x0000000082400000, 0x0000000082400000|100%| O|  |TAMS 0x0000000082400000, 0x0000000082300000| Untracked 
|  36|0x0000000082400000, 0x0000000082500000, 0x0000000082500000|100%| O|  |TAMS 0x0000000082500000, 0x0000000082400000| Untracked 
|  37|0x0000000082500000, 0x0000000082600000, 0x0000000082600000|100%| O|  |TAMS 0x0000000082600000, 0x0000000082500000| Untracked 
|  38|0x0000000082600000, 0x0000000082700000, 0x0000000082700000|100%| O|  |TAMS 0x0000000082700000, 0x0000000082600000| Untracked 
|  39|0x0000000082700000, 0x0000000082800000, 0x0000000082800000|100%| O|  |TAMS 0x0000000082800000, 0x0000000082700000| Untracked 
|  40|0x0000000082800000, 0x0000000082900000, 0x0000000082900000|100%| O|  |TAMS 0x0000000082900000, 0x0000000082800000| Untracked 
|  41|0x0000000082900000, 0x0000000082a00000, 0x0000000082a00000|100%| O|  |TAMS 0x0000000082a00000, 0x0000000082900000| Untracked 
|  42|0x0000000082a00000, 0x0000000082b00000, 0x0000000082b00000|100%| O|  |TAMS 0x0000000082b00000, 0x0000000082a00000| Untracked 
|  43|0x0000000082b00000, 0x0000000082c00000, 0x0000000082c00000|100%| O|  |TAMS 0x0000000082c00000, 0x0000000082b00000| Untracked 
|  44|0x0000000082c00000, 0x0000000082cb5a00, 0x0000000082d00000| 70%| O|  |TAMS 0x0000000082cb5a00, 0x0000000082c00000| Untracked 
|  45|0x0000000082d00000, 0x0000000082d00000, 0x0000000082e00000|  0%| F|  |TAMS 0x0000000082d00000, 0x0000000082d00000| Untracked 
|  46|0x0000000082e00000, 0x0000000082e00000, 0x0000000082f00000|  0%| F|  |TAMS 0x0000000082e00000, 0x0000000082e00000| Untracked 
|  47|0x0000000082f00000, 0x0000000082f00000, 0x0000000083000000|  0%| F|  |TAMS 0x0000000082f00000, 0x0000000082f00000| Untracked 
|  48|0x0000000083000000, 0x0000000083000000, 0x0000000083100000|  0%| F|  |TAMS 0x0000000083000000, 0x0000000083000000| Untracked 
|  49|0x0000000083100000, 0x0000000083100000, 0x0000000083200000|  0%| F|  |TAMS 0x0000000083100000, 0x0000000083100000| Untracked 
|  50|0x0000000083200000, 0x0000000083200000, 0x0000000083300000|  0%| F|  |TAMS 0x0000000083200000, 0x0000000083200000| Untracked 
|  51|0x0000000083300000, 0x0000000083300000, 0x0000000083400000|  0%| F|  |TAMS 0x0000000083300000, 0x0000000083300000| Untracked 
|  52|0x0000000083400000, 0x0000000083400000, 0x0000000083500000|  0%| F|  |TAMS 0x0000000083400000, 0x0000000083400000| Untracked 
|  53|0x0000000083500000, 0x0000000083500000, 0x0000000083600000|  0%| F|  |TAMS 0x0000000083500000, 0x0000000083500000| Untracked 
|  54|0x0000000083600000, 0x0000000083600000, 0x0000000083700000|  0%| F|  |TAMS 0x0000000083600000, 0x0000000083600000| Untracked 
|  55|0x0000000083700000, 0x0000000083700000, 0x0000000083800000|  0%| F|  |TAMS 0x0000000083700000, 0x0000000083700000| Untracked 
|  56|0x0000000083800000, 0x0000000083800000, 0x0000000083900000|  0%| F|  |TAMS 0x0000000083800000, 0x0000000083800000| Untracked 
|  57|0x0000000083900000, 0x0000000083900000, 0x0000000083a00000|  0%| F|  |TAMS 0x0000000083900000, 0x0000000083900000| Untracked 
|  58|0x0000000083a00000, 0x0000000083a00000, 0x0000000083b00000|  0%| F|  |TAMS 0x0000000083a00000, 0x0000000083a00000| Untracked 
|  59|0x0000000083b00000, 0x0000000083b00000, 0x0000000083c00000|  0%| F|  |TAMS 0x0000000083b00000, 0x0000000083b00000| Untracked 
|  60|0x0000000083c00000, 0x0000000083c00000, 0x0000000083d00000|  0%| F|  |TAMS 0x0000000083c00000, 0x0000000083c00000| Untracked 
|  61|0x0000000083d00000, 0x0000000083d00000, 0x0000000083e00000|  0%| F|  |TAMS 0x0000000083d00000, 0x0000000083d00000| Untracked 
|  62|0x0000000083e00000, 0x0000000083e00000, 0x0000000083f00000|  0%| F|  |TAMS 0x0000000083e00000, 0x0000000083e00000| Untracked 
|  63|0x0000000083f00000, 0x0000000083f00000, 0x0000000084000000|  0%| F|  |TAMS 0x0000000083f00000, 0x0000000083f00000| Untracked 
|  64|0x0000000084000000, 0x0000000084000000, 0x0000000084100000|  0%| F|  |TAMS 0x0000000084000000, 0x0000000084000000| Untracked 
|  65|0x0000000084100000, 0x0000000084100000, 0x0000000084200000|  0%| F|  |TAMS 0x0000000084100000, 0x0000000084100000| Untracked 
|  66|0x0000000084200000, 0x0000000084200000, 0x0000000084300000|  0%| F|  |TAMS 0x0000000084200000, 0x0000000084200000| Untracked 
|  67|0x0000000084300000, 0x0000000084300000, 0x0000000084400000|  0%| F|  |TAMS 0x0000000084300000, 0x0000000084300000| Untracked 
|  68|0x0000000084400000, 0x0000000084400000, 0x0000000084500000|  0%| F|  |TAMS 0x0000000084400000, 0x0000000084400000| Untracked 
|  69|0x0000000084500000, 0x0000000084500000, 0x0000000084600000|  0%| F|  |TAMS 0x0000000084500000, 0x0000000084500000| Untracked 
|  70|0x0000000084600000, 0x0000000084600000, 0x0000000084700000|  0%| F|  |TAMS 0x0000000084600000, 0x0000000084600000| Untracked 
|  71|0x0000000084700000, 0x0000000084700000, 0x0000000084800000|  0%| F|  |TAMS 0x0000000084700000, 0x0000000084700000| Untracked 
|  72|0x0000000084800000, 0x0000000084800000, 0x0000000084900000|  0%| F|  |TAMS 0x0000000084800000, 0x0000000084800000| Untracked 
|  73|0x0000000084900000, 0x0000000084900000, 0x0000000084a00000|  0%| F|  |TAMS 0x0000000084900000, 0x0000000084900000| Untracked 
|  74|0x0000000084a00000, 0x0000000084a00000, 0x0000000084b00000|  0%| F|  |TAMS 0x0000000084a00000, 0x0000000084a00000| Untracked 
|  75|0x0000000084b00000, 0x0000000084b00000, 0x0000000084c00000|  0%| F|  |TAMS 0x0000000084b00000, 0x0000000084b00000| Untracked 
|  76|0x0000000084c00000, 0x0000000084c00000, 0x0000000084d00000|  0%| F|  |TAMS 0x0000000084c00000, 0x0000000084c00000| Untracked 
|  77|0x0000000084d00000, 0x0000000084d00000, 0x0000000084e00000|  0%| F|  |TAMS 0x0000000084d00000, 0x0000000084d00000| Untracked 
|  78|0x0000000084e00000, 0x0000000084e00000, 0x0000000084f00000|  0%| F|  |TAMS 0x0000000084e00000, 0x0000000084e00000| Untracked 
|  79|0x0000000084f00000, 0x0000000084f00000, 0x0000000085000000|  0%| F|  |TAMS 0x0000000084f00000, 0x0000000084f00000| Untracked 
|  80|0x0000000085000000, 0x0000000085000000, 0x0000000085100000|  0%| F|  |TAMS 0x0000000085000000, 0x0000000085000000| Untracked 
|  81|0x0000000085100000, 0x0000000085100000, 0x0000000085200000|  0%| F|  |TAMS 0x0000000085100000, 0x0000000085100000| Untracked 
|  82|0x0000000085200000, 0x0000000085200000, 0x0000000085300000|  0%| F|  |TAMS 0x0000000085200000, 0x0000000085200000| Untracked 
|  83|0x0000000085300000, 0x0000000085300000, 0x0000000085400000|  0%| F|  |TAMS 0x0000000085300000, 0x0000000085300000| Untracked 
|  84|0x0000000085400000, 0x0000000085400000, 0x0000000085500000|  0%| F|  |TAMS 0x0000000085400000, 0x0000000085400000| Untracked 
|  85|0x0000000085500000, 0x0000000085500000, 0x0000000085600000|  0%| F|  |TAMS 0x0000000085500000, 0x0000000085500000| Untracked 
|  86|0x0000000085600000, 0x0000000085600000, 0x0000000085700000|  0%| F|  |TAMS 0x0000000085600000, 0x0000000085600000| Untracked 
|  87|0x0000000085700000, 0x0000000085700000, 0x0000000085800000|  0%| F|  |TAMS 0x0000000085700000, 0x0000000085700000| Untracked 
|  88|0x0000000085800000, 0x0000000085800000, 0x0000000085900000|  0%| F|  |TAMS 0x0000000085800000, 0x0000000085800000| Untracked 
|  89|0x0000000085900000, 0x0000000085900000, 0x0000000085a00000|  0%| F|  |TAMS 0x0000000085900000, 0x0000000085900000| Untracked 
|  90|0x0000000085a00000, 0x0000000085a00000, 0x0000000085b00000|  0%| F|  |TAMS 0x0000000085a00000, 0x0000000085a00000| Untracked 
|  91|0x0000000085b00000, 0x0000000085b00000, 0x0000000085c00000|  0%| F|  |TAMS 0x0000000085b00000, 0x0000000085b00000| Untracked 
|  92|0x0000000085c00000, 0x0000000085c00000, 0x0000000085d00000|  0%| F|  |TAMS 0x0000000085c00000, 0x0000000085c00000| Untracked 
|  93|0x0000000085d00000, 0x0000000085d00000, 0x0000000085e00000|  0%| F|  |TAMS 0x0000000085d00000, 0x0000000085d00000| Untracked 
|  94|0x0000000085e00000, 0x0000000085e00000, 0x0000000085f00000|  0%| F|  |TAMS 0x0000000085e00000, 0x0000000085e00000| Untracked 
|  95|0x0000000085f00000, 0x0000000085f00000, 0x0000000086000000|  0%| F|  |TAMS 0x0000000085f00000, 0x0000000085f00000| Untracked 
|  96|0x0000000086000000, 0x0000000086000000, 0x0000000086100000|  0%| F|  |TAMS 0x0000000086000000, 0x0000000086000000| Untracked 
|  97|0x0000000086100000, 0x0000000086100000, 0x0000000086200000|  0%| F|  |TAMS 0x0000000086100000, 0x0000000086100000| Untracked 
|  98|0x0000000086200000, 0x0000000086200000, 0x0000000086300000|  0%| F|  |TAMS 0x0000000086200000, 0x0000000086200000| Untracked 
|  99|0x0000000086300000, 0x0000000086300000, 0x0000000086400000|  0%| F|  |TAMS 0x0000000086300000, 0x0000000086300000| Untracked 
| 100|0x0000000086400000, 0x0000000086400000, 0x0000000086500000|  0%| F|  |TAMS 0x0000000086400000, 0x0000000086400000| Untracked 
| 101|0x0000000086500000, 0x0000000086500000, 0x0000000086600000|  0%| F|  |TAMS 0x0000000086500000, 0x0000000086500000| Untracked 
| 102|0x0000000086600000, 0x0000000086600000, 0x0000000086700000|  0%| F|  |TAMS 0x0000000086600000, 0x0000000086600000| Untracked 
| 103|0x0000000086700000, 0x0000000086700000, 0x0000000086800000|  0%| F|  |TAMS 0x0000000086700000, 0x0000000086700000| Untracked 
| 104|0x0000000086800000, 0x0000000086800000, 0x0000000086900000|  0%| F|  |TAMS 0x0000000086800000, 0x0000000086800000| Untracked 
| 105|0x0000000086900000, 0x0000000086900000, 0x0000000086a00000|  0%| F|  |TAMS 0x0000000086900000, 0x0000000086900000| Untracked 
| 106|0x0000000086a00000, 0x0000000086a00000, 0x0000000086b00000|  0%| F|  |TAMS 0x0000000086a00000, 0x0000000086a00000| Untracked 
| 107|0x0000000086b00000, 0x0000000086b00000, 0x0000000086c00000|  0%| F|  |TAMS 0x0000000086b00000, 0x0000000086b00000| Untracked 
| 108|0x0000000086c00000, 0x0000000086c00000, 0x0000000086d00000|  0%| F|  |TAMS 0x0000000086c00000, 0x0000000086c00000| Untracked 
| 109|0x0000000086d00000, 0x0000000086d00000, 0x0000000086e00000|  0%| F|  |TAMS 0x0000000086d00000, 0x0000000086d00000| Untracked 
| 110|0x0000000086e00000, 0x0000000086e00000, 0x0000000086f00000|  0%| F|  |TAMS 0x0000000086e00000, 0x0000000086e00000| Untracked 
| 111|0x0000000086f00000, 0x0000000086f00000, 0x0000000087000000|  0%| F|  |TAMS 0x0000000086f00000, 0x0000000086f00000| Untracked 
| 112|0x0000000087000000, 0x0000000087000000, 0x0000000087100000|  0%| F|  |TAMS 0x0000000087000000, 0x0000000087000000| Untracked 
| 113|0x0000000087100000, 0x0000000087100000, 0x0000000087200000|  0%| F|  |TAMS 0x0000000087100000, 0x0000000087100000| Untracked 
| 114|0x0000000087200000, 0x0000000087200000, 0x0000000087300000|  0%| F|  |TAMS 0x0000000087200000, 0x0000000087200000| Untracked 
| 115|0x0000000087300000, 0x0000000087300000, 0x0000000087400000|  0%| F|  |TAMS 0x0000000087300000, 0x0000000087300000| Untracked 
| 116|0x0000000087400000, 0x0000000087400000, 0x0000000087500000|  0%| F|  |TAMS 0x0000000087400000, 0x0000000087400000| Untracked 
| 117|0x0000000087500000, 0x0000000087500000, 0x0000000087600000|  0%| F|  |TAMS 0x0000000087500000, 0x0000000087500000| Untracked 
| 118|0x0000000087600000, 0x0000000087600000, 0x0000000087700000|  0%| F|  |TAMS 0x0000000087600000, 0x0000000087600000| Untracked 
| 119|0x0000000087700000, 0x0000000087700000, 0x0000000087800000|  0%| F|  |TAMS 0x0000000087700000, 0x0000000087700000| Untracked 
| 120|0x0000000087800000, 0x0000000087800000, 0x0000000087900000|  0%| F|  |TAMS 0x0000000087800000, 0x0000000087800000| Untracked 
| 121|0x0000000087900000, 0x0000000087900000, 0x0000000087a00000|  0%| F|  |TAMS 0x0000000087900000, 0x0000000087900000| Untracked 
| 122|0x0000000087a00000, 0x0000000087a00000, 0x0000000087b00000|  0%| F|  |TAMS 0x0000000087a00000, 0x0000000087a00000| Untracked 
| 123|0x0000000087b00000, 0x0000000087b00000, 0x0000000087c00000|  0%| F|  |TAMS 0x0000000087b00000, 0x0000000087b00000| Untracked 
| 124|0x0000000087c00000, 0x0000000087c00000, 0x0000000087d00000|  0%| F|  |TAMS 0x0000000087c00000, 0x0000000087c00000| Untracked 
| 125|0x0000000087d00000, 0x0000000087d00000, 0x0000000087e00000|  0%| F|  |TAMS 0x0000000087d00000, 0x0000000087d00000| Untracked 
| 126|0x0000000087e00000, 0x0000000087e00000, 0x0000000087f00000|  0%| F|  |TAMS 0x0000000087e00000, 0x0000000087e00000| Untracked 
| 127|0x0000000087f00000, 0x0000000087f76380, 0x0000000088000000| 46%| S|CS|TAMS 0x0000000087f00000, 0x0000000087f00000| Complete 
| 128|0x0000000088000000, 0x0000000088100000, 0x0000000088100000|100%| S|CS|TAMS 0x0000000088000000, 0x0000000088000000| Complete 
| 129|0x0000000088100000, 0x0000000088100000, 0x0000000088200000|  0%| F|  |TAMS 0x0000000088100000, 0x0000000088100000| Untracked 
| 130|0x0000000088200000, 0x0000000088200000, 0x0000000088300000|  0%| F|  |TAMS 0x0000000088200000, 0x0000000088200000| Untracked 
| 131|0x0000000088300000, 0x0000000088300000, 0x0000000088400000|  0%| F|  |TAMS 0x0000000088300000, 0x0000000088300000| Untracked 
| 132|0x0000000088400000, 0x0000000088400000, 0x0000000088500000|  0%| F|  |TAMS 0x0000000088400000, 0x0000000088400000| Untracked 
| 133|0x0000000088500000, 0x0000000088500000, 0x0000000088600000|  0%| F|  |TAMS 0x0000000088500000, 0x0000000088500000| Untracked 
| 134|0x0000000088600000, 0x0000000088600000, 0x0000000088700000|  0%| F|  |TAMS 0x0000000088600000, 0x0000000088600000| Untracked 
| 135|0x0000000088700000, 0x0000000088700000, 0x0000000088800000|  0%| F|  |TAMS 0x0000000088700000, 0x0000000088700000| Untracked 
| 136|0x0000000088800000, 0x0000000088800000, 0x0000000088900000|  0%| F|  |TAMS 0x0000000088800000, 0x0000000088800000| Untracked 
| 137|0x0000000088900000, 0x0000000088900000, 0x0000000088a00000|  0%| F|  |TAMS 0x0000000088900000, 0x0000000088900000| Untracked 
| 138|0x0000000088a00000, 0x0000000088a00000, 0x0000000088b00000|  0%| F|  |TAMS 0x0000000088a00000, 0x0000000088a00000| Untracked 
| 139|0x0000000088b00000, 0x0000000088b00000, 0x0000000088c00000|  0%| F|  |TAMS 0x0000000088b00000, 0x0000000088b00000| Untracked 
| 140|0x0000000088c00000, 0x0000000088c00000, 0x0000000088d00000|  0%| F|  |TAMS 0x0000000088c00000, 0x0000000088c00000| Untracked 
| 141|0x0000000088d00000, 0x0000000088d00000, 0x0000000088e00000|  0%| F|  |TAMS 0x0000000088d00000, 0x0000000088d00000| Untracked 
| 142|0x0000000088e00000, 0x0000000088e00000, 0x0000000088f00000|  0%| F|  |TAMS 0x0000000088e00000, 0x0000000088e00000| Untracked 
| 143|0x0000000088f00000, 0x0000000088f00000, 0x0000000089000000|  0%| F|  |TAMS 0x0000000088f00000, 0x0000000088f00000| Untracked 
| 144|0x0000000089000000, 0x0000000089000000, 0x0000000089100000|  0%| F|  |TAMS 0x0000000089000000, 0x0000000089000000| Untracked 
| 145|0x0000000089100000, 0x0000000089100000, 0x0000000089200000|  0%| F|  |TAMS 0x0000000089100000, 0x0000000089100000| Untracked 
| 146|0x0000000089200000, 0x0000000089200000, 0x0000000089300000|  0%| F|  |TAMS 0x0000000089200000, 0x0000000089200000| Untracked 
| 147|0x0000000089300000, 0x0000000089300000, 0x0000000089400000|  0%| F|  |TAMS 0x0000000089300000, 0x0000000089300000| Untracked 
| 148|0x0000000089400000, 0x0000000089400000, 0x0000000089500000|  0%| F|  |TAMS 0x0000000089400000, 0x0000000089400000| Untracked 
| 149|0x0000000089500000, 0x0000000089500000, 0x0000000089600000|  0%| F|  |TAMS 0x0000000089500000, 0x0000000089500000| Untracked 
| 150|0x0000000089600000, 0x0000000089700000, 0x0000000089700000|100%| E|  |TAMS 0x0000000089600000, 0x0000000089600000| Complete 
| 151|0x0000000089700000, 0x0000000089800000, 0x0000000089800000|100%| E|CS|TAMS 0x0000000089700000, 0x0000000089700000| Complete 
| 152|0x0000000089800000, 0x0000000089900000, 0x0000000089900000|100%| E|CS|TAMS 0x0000000089800000, 0x0000000089800000| Complete 
| 153|0x0000000089900000, 0x0000000089a00000, 0x0000000089a00000|100%| E|CS|TAMS 0x0000000089900000, 0x0000000089900000| Complete 

Card table byte_map: [0x000001d2d57a0000,0x000001d2d5ba0000] _byte_map_base: 0x000001d2d53a0000

Marking Bits (Prev, Next): (CMBitMap*) 0x000001d2c0aafd60, (CMBitMap*) 0x000001d2c0aafd28
 Prev Bits: [0x000001d2d7fa0000, 0x000001d2d9fa0000)
 Next Bits: [0x000001d2d5fa0000, 0x000001d2d7fa0000)

Polling page: 0x000001d2c0b50000

Metaspace:

Usage:
  Non-class:     49.45 MB capacity,    48.59 MB ( 98%) used,   728.75 KB (  1%) free+waste,   145.69 KB ( <1%) overhead. 
      Class:      7.55 MB capacity,     7.07 MB ( 94%) used,   417.94 KB (  5%) free+waste,    68.88 KB ( <1%) overhead. 
       Both:     57.00 MB capacity,    55.67 MB ( 98%) used,     1.12 MB (  2%) free+waste,   214.56 KB ( <1%) overhead. 

Virtual space:
  Non-class space:       58.00 MB reserved,      49.45 MB ( 85%) committed 
      Class space:        1.00 GB reserved,       7.63 MB ( <1%) committed 
             Both:        1.06 GB reserved,      57.07 MB (  5%) committed 

Chunk freelists:
   Non-Class:  2.00 KB
       Class:  15.00 KB
        Both:  17.00 KB

MaxMetaspaceSize: 17179869184.00 GB
CompressedClassSpaceSize: 1.00 GB
Initial GC threshold: 20.80 MB
Current GC threshold: 94.71 MB
CDS: off

CodeHeap 'non-profiled nmethods': size=120064Kb used=3135Kb max_used=3135Kb free=116928Kb
 bounds [0x000001d2cd840000, 0x000001d2cdb50000, 0x000001d2d4d80000]
CodeHeap 'profiled nmethods': size=120000Kb used=11903Kb max_used=11903Kb free=108096Kb
 bounds [0x000001d2c6310000, 0x000001d2c6eb0000, 0x000001d2cd840000]
CodeHeap 'non-nmethods': size=5696Kb used=2314Kb max_used=2343Kb free=3382Kb
 bounds [0x000001d2c5d80000, 0x000001d2c5ff0000, 0x000001d2c6310000]
 total_blobs=6440 nmethods=5622 adapters=729
 compilation: disabled (not enough contiguous free space left)
              stopped_count=1, restarted_count=0
 full_count=1

Compilation events (20 events):
Event: 17.946 Thread 0x000001d2dcfaf000 5618       3       com.google.common.collect.SingletonImmutableBiMap::get (20 bytes)
Event: 17.947 Thread 0x000001d2dcfaf000 nmethod 5618 0x000001d2c6eaac90 code [0x000001d2c6eaae60, 0x000001d2c6eab088]
Event: 17.956 Thread 0x000001d2deb9e000 nmethod 5617 0x000001d2cdb44810 code [0x000001d2cdb449c0, 0x000001d2cdb451c8]
Event: 17.959 Thread 0x000001d2dcfaf000 5619       3       java.util.HashMap::entrySet (27 bytes)
Event: 17.960 Thread 0x000001d2dcfaf000 nmethod 5619 0x000001d2c6eab190 code [0x000001d2c6eab360, 0x000001d2c6eab738]
Event: 17.960 Thread 0x000001d2deb9e000 5620       4       com.google.common.collect.RegularImmutableSet::contains (56 bytes)
Event: 17.963 Thread 0x000001d2deb9e000 nmethod 5620 0x000001d2cdb45510 code [0x000001d2cdb456c0, 0x000001d2cdb458d8]
Event: 17.963 Thread 0x000001d2deb9e000 5621       4       org.objectweb.asm.Label::resolve (219 bytes)
Event: 17.968 Thread 0x000001d2deb9e000 nmethod 5621 0x000001d2cdb45a90 code [0x000001d2cdb45c20, 0x000001d2cdb45eb8]
Event: 17.973 Thread 0x000001d2deb9e000 5622       4       org.objectweb.asm.SymbolTable::addConstantMemberReference (147 bytes)
Event: 17.973 Thread 0x000001d2dcfaf000 5623       3       org.objectweb.asm.Type::getSort (19 bytes)
Event: 17.973 Thread 0x000001d2dcfaf000 nmethod 5623 0x000001d2c6eab890 code [0x000001d2c6eaba40, 0x000001d2c6eabb98]
Event: 17.975 Thread 0x000001d2dcfaf000 5624       3       org.gradle.internal.Describables$AbstractDescribable::<init> (5 bytes)
Event: 17.976 Thread 0x000001d2dcfaf000 nmethod 5624 0x000001d2c6eabc10 code [0x000001d2c6eabdc0, 0x000001d2c6eabf78]
Event: 17.976 Thread 0x000001d2dcfaf000 5625       3       org.gradle.internal.Describables$AbstractDescribable::<init> (5 bytes)
Event: 17.976 Thread 0x000001d2dcfaf000 nmethod 5625 0x000001d2c6eac090 code [0x000001d2c6eac240, 0x000001d2c6eac398]
Event: 17.986 Thread 0x000001d2dcfaf000 5628       1       org.gradle.internal.instantiation.generator.AbstractClassGenerator$MethodMetadata::getGenericReturnType (5 bytes)
Event: 17.986 Thread 0x000001d2dcfaf000 nmethod 5628 0x000001d2cdb46090 code [0x000001d2cdb46240, 0x000001d2cdb462f8]
Event: 18.011 Thread 0x000001d2dc605800 nmethod 5597 0x000001d2cdb46390 code [0x000001d2cdb467c0, 0x000001d2cdb49b08]
Event: 18.012 Thread 0x000001d2dc605800 5627       4       org.objectweb.asm.SymbolTable::addConstantUtf8Reference (101 bytes)

GC Heap History (20 events):
Event: 6.322 GC heap before
{Heap before GC invocations=1 (full 0):
 garbage-first heap   total 131072K, used 71246K [0x0000000080000000, 0x0000000100000000)
  region size 1024K, 64 young (65536K), 2 survivors (2048K)
 Metaspace       used 11690K, capacity 11936K, committed 12160K, reserved 1060864K
  class space    used 1281K, capacity 1344K, committed 1408K, reserved 1048576K
}
Event: 6.337 GC heap after
{Heap after GC invocations=2 (full 0):
 garbage-first heap   total 131072K, used 14073K [0x0000000080000000, 0x0000000100000000)
  region size 1024K, 8 young (8192K), 8 survivors (8192K)
 Metaspace       used 11690K, capacity 11936K, committed 12160K, reserved 1060864K
  class space    used 1281K, capacity 1344K, committed 1408K, reserved 1048576K
}
Event: 10.073 GC heap before
{Heap before GC invocations=2 (full 0):
 garbage-first heap   total 131072K, used 62201K [0x0000000080000000, 0x0000000100000000)
  region size 1024K, 55 young (56320K), 8 survivors (8192K)
 Metaspace       used 20278K, capacity 20688K, committed 20864K, reserved 1067008K
  class space    used 2491K, capacity 2645K, committed 2688K, reserved 1048576K
}
Event: 10.093 GC heap after
{Heap after GC invocations=3 (full 0):
 garbage-first heap   total 131072K, used 17459K [0x0000000080000000, 0x0000000100000000)
  region size 1024K, 3 young (3072K), 3 survivors (3072K)
 Metaspace       used 20278K, capacity 20688K, committed 20864K, reserved 1067008K
  class space    used 2491K, capacity 2645K, committed 2688K, reserved 1048576K
}
Event: 10.161 GC heap before
{Heap before GC invocations=3 (full 0):
 garbage-first heap   total 131072K, used 19507K [0x0000000080000000, 0x0000000100000000)
  region size 1024K, 6 young (6144K), 3 survivors (3072K)
 Metaspace       used 20708K, capacity 21139K, committed 21248K, reserved 1067008K
  class space    used 2539K, capacity 2710K, committed 2816K, reserved 1048576K
}
Event: 10.169 GC heap after
{Heap after GC invocations=4 (full 0):
 garbage-first heap   total 131072K, used 17497K [0x0000000080000000, 0x0000000100000000)
  region size 1024K, 3 young (3072K), 3 survivors (3072K)
 Metaspace       used 20708K, capacity 21139K, committed 21248K, reserved 1067008K
  class space    used 2539K, capacity 2710K, committed 2816K, reserved 1048576K
}
Event: 11.063 GC heap before
{Heap before GC invocations=5 (full 0):
 garbage-first heap   total 131072K, used 63577K [0x0000000080000000, 0x0000000100000000)
  region size 1024K, 48 young (49152K), 3 survivors (3072K)
 Metaspace       used 25418K, capacity 25937K, committed 26112K, reserved 1071104K
  class space    used 3260K, capacity 3484K, committed 3584K, reserved 1048576K
}
Event: 11.072 GC heap after
{Heap after GC invocations=6 (full 0):
 garbage-first heap   total 131072K, used 19243K [0x0000000080000000, 0x0000000100000000)
  region size 1024K, 5 young (5120K), 5 survivors (5120K)
 Metaspace       used 25418K, capacity 25937K, committed 26112K, reserved 1071104K
  class space    used 3260K, capacity 3484K, committed 3584K, reserved 1048576K
}
Event: 12.028 GC heap before
{Heap before GC invocations=6 (full 0):
 garbage-first heap   total 131072K, used 70443K [0x0000000080000000, 0x0000000100000000)
  region size 1024K, 55 young (56320K), 5 survivors (5120K)
 Metaspace       used 30462K, capacity 31132K, committed 31232K, reserved 1077248K
  class space    used 4068K, capacity 4308K, committed 4352K, reserved 1048576K
}
Event: 12.040 GC heap after
{Heap after GC invocations=7 (full 0):
 garbage-first heap   total 131072K, used 20778K [0x0000000080000000, 0x0000000100000000)
  region size 1024K, 4 young (4096K), 4 survivors (4096K)
 Metaspace       used 30462K, capacity 31132K, committed 31232K, reserved 1077248K
  class space    used 4068K, capacity 4308K, committed 4352K, reserved 1048576K
}
Event: 12.497 GC heap before
{Heap before GC invocations=7 (full 0):
 garbage-first heap   total 131072K, used 35114K [0x0000000080000000, 0x0000000100000000)
  region size 1024K, 19 young (19456K), 4 survivors (4096K)
 Metaspace       used 34967K, capacity 35790K, committed 35840K, reserved 1081344K
  class space    used 4531K, capacity 4839K, committed 4864K, reserved 1048576K
}
Event: 12.514 GC heap after
{Heap after GC invocations=8 (full 0):
 garbage-first heap   total 131072K, used 22562K [0x0000000080000000, 0x0000000100000000)
  region size 1024K, 6 young (6144K), 6 survivors (6144K)
 Metaspace       used 34967K, capacity 35790K, committed 35840K, reserved 1081344K
  class space    used 4531K, capacity 4839K, committed 4864K, reserved 1048576K
}
Event: 13.627 GC heap before
{Heap before GC invocations=9 (full 0):
 garbage-first heap   total 131072K, used 78882K [0x0000000080000000, 0x0000000100000000)
  region size 1024K, 59 young (60416K), 6 survivors (6144K)
 Metaspace       used 39378K, capacity 40346K, committed 40396K, reserved 1085440K
  class space    used 5024K, capacity 5353K, committed 5376K, reserved 1048576K
}
Event: 13.644 GC heap after
{Heap after GC invocations=10 (full 0):
 garbage-first heap   total 131072K, used 28119K [0x0000000080000000, 0x0000000100000000)
  region size 1024K, 8 young (8192K), 8 survivors (8192K)
 Metaspace       used 39378K, capacity 40346K, committed 40396K, reserved 1085440K
  class space    used 5024K, capacity 5353K, committed 5376K, reserved 1048576K
}
Event: 15.035 GC heap before
{Heap before GC invocations=10 (full 0):
 garbage-first heap   total 131072K, used 83415K [0x0000000080000000, 0x0000000100000000)
  region size 1024K, 61 young (62464K), 8 survivors (8192K)
 Metaspace       used 44402K, capacity 45437K, committed 45772K, reserved 1089536K
  class space    used 5685K, capacity 6057K, committed 6144K, reserved 1048576K
}
Event: 15.053 GC heap after
{Heap after GC invocations=11 (full 0):
 garbage-first heap   total 131072K, used 30424K [0x0000000080000000, 0x0000000100000000)
  region size 1024K, 7 young (7168K), 7 survivors (7168K)
 Metaspace       used 44402K, capacity 45437K, committed 45772K, reserved 1089536K
  class space    used 5685K, capacity 6057K, committed 6144K, reserved 1048576K
}
Event: 16.146 GC heap before
{Heap before GC invocations=11 (full 0):
 garbage-first heap   total 131072K, used 86744K [0x0000000080000000, 0x0000000100000000)
  region size 1024K, 62 young (63488K), 7 survivors (7168K)
 Metaspace       used 48028K, capacity 49202K, committed 49356K, reserved 1091584K
  class space    used 6166K, capacity 6610K, committed 6656K, reserved 1048576K
}
Event: 16.162 GC heap after
{Heap after GC invocations=12 (full 0):
 garbage-first heap   total 131072K, used 32647K [0x0000000080000000, 0x0000000100000000)
  region size 1024K, 5 young (5120K), 5 survivors (5120K)
 Metaspace       used 48028K, capacity 49202K, committed 49356K, reserved 1091584K
  class space    used 6166K, capacity 6610K, committed 6656K, reserved 1048576K
}
Event: 17.485 GC heap before
{Heap before GC invocations=12 (full 0):
 garbage-first heap   total 131072K, used 94087K [0x0000000080000000, 0x0000000100000000)
  region size 1024K, 62 young (63488K), 5 survivors (5120K)
 Metaspace       used 52396K, capacity 53647K, committed 53708K, reserved 1095680K
  class space    used 6699K, capacity 7157K, committed 7168K, reserved 1048576K
}
Event: 17.502 GC heap after
{Heap after GC invocations=13 (full 0):
 garbage-first heap   total 157696K, used 45599K [0x0000000080000000, 0x0000000100000000)
  region size 1024K, 8 young (8192K), 8 survivors (8192K)
 Metaspace       used 52396K, capacity 53647K, committed 53708K, reserved 1095680K
  class space    used 6699K, capacity 7157K, committed 7168K, reserved 1048576K
}

Deoptimization events (20 events):
Event: 17.791 Thread 0x000001d2dd4e4800 DEOPT PACKING pc=0x000001d2c67b5497 sp=0x000000223b9f6850
Event: 17.791 Thread 0x000001d2dd4e4800 DEOPT UNPACKING pc=0x000001d2c5dca95e sp=0x000000223b9f5dd8 mode 0
Event: 17.797 Thread 0x000001d2dd4e4800 DEOPT PACKING pc=0x000001d2c67b5497 sp=0x000000223b9f6730
Event: 17.797 Thread 0x000001d2dd4e4800 DEOPT UNPACKING pc=0x000001d2c5dca95e sp=0x000000223b9f5cb8 mode 0
Event: 17.801 Thread 0x000001d2dd4e4800 DEOPT PACKING pc=0x000001d2c67b5497 sp=0x000000223b9f6890
Event: 17.801 Thread 0x000001d2dd4e4800 DEOPT UNPACKING pc=0x000001d2c5dca95e sp=0x000000223b9f5e18 mode 0
Event: 17.805 Thread 0x000001d2dd4e4800 DEOPT PACKING pc=0x000001d2c67b5497 sp=0x000000223b9f6720
Event: 17.805 Thread 0x000001d2dd4e4800 DEOPT UNPACKING pc=0x000001d2c5dca95e sp=0x000000223b9f5ca8 mode 0
Event: 17.808 Thread 0x000001d2dd4e4800 DEOPT PACKING pc=0x000001d2c67b5497 sp=0x000000223b9f6880
Event: 17.808 Thread 0x000001d2dd4e4800 DEOPT UNPACKING pc=0x000001d2c5dca95e sp=0x000000223b9f5e08 mode 0
Event: 17.813 Thread 0x000001d2dd4e4800 DEOPT PACKING pc=0x000001d2c67b5497 sp=0x000000223b9f6910
Event: 17.813 Thread 0x000001d2dd4e4800 DEOPT UNPACKING pc=0x000001d2c5dca95e sp=0x000000223b9f5e98 mode 0
Event: 17.815 Thread 0x000001d2dd4e4800 DEOPT PACKING pc=0x000001d2c67b5497 sp=0x000000223b9f6630
Event: 17.815 Thread 0x000001d2dd4e4800 DEOPT UNPACKING pc=0x000001d2c5dca95e sp=0x000000223b9f5bb8 mode 0
Event: 17.818 Thread 0x000001d2dd4e4800 DEOPT PACKING pc=0x000001d2c67b5497 sp=0x000000223b9f6730
Event: 17.818 Thread 0x000001d2dd4e4800 DEOPT UNPACKING pc=0x000001d2c5dca95e sp=0x000000223b9f5cb8 mode 0
Event: 17.820 Thread 0x000001d2dd4e4800 DEOPT PACKING pc=0x000001d2c67b5497 sp=0x000000223b9f6910
Event: 17.820 Thread 0x000001d2dd4e4800 DEOPT UNPACKING pc=0x000001d2c5dca95e sp=0x000000223b9f5e98 mode 0
Event: 17.822 Thread 0x000001d2dd4e4800 DEOPT PACKING pc=0x000001d2c67b5497 sp=0x000000223b9f6630
Event: 17.822 Thread 0x000001d2dd4e4800 DEOPT UNPACKING pc=0x000001d2c5dca95e sp=0x000000223b9f5bb8 mode 0

Classes redefined (0 events):
No events

Internal exceptions (20 events):
Event: 16.862 Thread 0x000001d2dd4e4800 Exception <a 'java/lang/ClassNotFoundException'{0x0000000086244920}: org/gradle/api/tasks/Delete_DecoratedCustomizer> (0x0000000086244920) thrown at [./src/hotspot/share/classfile/systemDictionary.cpp, line 231]
Event: 16.908 Thread 0x000001d2dd4e4800 Exception <a 'java/lang/NoSuchMethodError'{0x00000000861620d0}: 'long java.lang.invoke.DirectMethodHandle$Holder.invokeVirtual(java.lang.Object, java.lang.Object)'> (0x00000000861620d0) thrown at [./src/hotspot/share/interpreter/linkResolver.cpp, line 773]
Event: 16.920 Thread 0x000001d2dd2fb000 Exception <a 'java/lang/NoSuchMethodError'{0x0000000087f09258}: <clinit>> (0x0000000087f09258) thrown at [./src/hotspot/share/prims/jni.cpp, line 1365]
Event: 16.925 Thread 0x000001d2dd2fb000 Exception <a 'java/lang/NoSuchMethodError'{0x000000008601d4a8}: <clinit>> (0x000000008601d4a8) thrown at [./src/hotspot/share/prims/jni.cpp, line 1365]
Event: 16.925 Thread 0x000001d2dd2fb000 Exception <a 'java/lang/NoSuchMethodError'{0x000000008601e5b8}: <clinit>> (0x000000008601e5b8) thrown at [./src/hotspot/share/prims/jni.cpp, line 1365]
Event: 16.926 Thread 0x000001d2dd2fb000 Exception <a 'java/lang/NoSuchMethodError'{0x000000008601f8c0}: <clinit>> (0x000000008601f8c0) thrown at [./src/hotspot/share/prims/jni.cpp, line 1365]
Event: 16.926 Thread 0x000001d2dd2fb000 Exception <a 'java/lang/NoSuchMethodError'{0x00000000860208e0}: <clinit>> (0x00000000860208e0) thrown at [./src/hotspot/share/prims/jni.cpp, line 1365]
Event: 16.930 Thread 0x000001d2dd2fb000 Exception <a 'java/lang/NoSuchMethodError'{0x0000000086032e50}: <clinit>> (0x0000000086032e50) thrown at [./src/hotspot/share/prims/jni.cpp, line 1365]
Event: 16.931 Thread 0x000001d2dd2fb000 Exception <a 'java/lang/NoSuchMethodError'{0x000000008603d3a0}: <clinit>> (0x000000008603d3a0) thrown at [./src/hotspot/share/prims/jni.cpp, line 1365]
Event: 16.937 Thread 0x000001d2dd2fb000 Exception <a 'java/lang/NoSuchMethodError'{0x00000000860511a8}: <clinit>> (0x00000000860511a8) thrown at [./src/hotspot/share/prims/jni.cpp, line 1365]
Event: 16.962 Thread 0x000001d2dd4e4800 Exception <a 'java/lang/ClassNotFoundException'{0x000000008609c888}: build_9o7pvhmvniszrrywy0ahv0xdrBeanInfo> (0x000000008609c888) thrown at [./src/hotspot/share/classfile/systemDictionary.cpp, line 231]
Event: 16.963 Thread 0x000001d2dd4e4800 Exception <a 'java/lang/ClassNotFoundException'{0x00000000860a7840}: build_9o7pvhmvniszrrywy0ahv0xdrCustomizer> (0x00000000860a7840) thrown at [./src/hotspot/share/classfile/systemDictionary.cpp, line 231]
Event: 16.992 Thread 0x000001d2dd4e4800 Exception <a 'java/lang/ClassNotFoundException'{0x0000000085e32e70}: org/gradle/api/internal/plugins/DefaultObjectConfigurationActionBeanInfo> (0x0000000085e32e70) thrown at [./src/hotspot/share/classfile/systemDictionary.cpp, line 231]
Event: 16.993 Thread 0x000001d2dd4e4800 Exception <a 'java/lang/ClassNotFoundException'{0x0000000085e68038}: org/gradle/api/internal/plugins/DefaultObjectConfigurationActionCustomizer> (0x0000000085e68038) thrown at [./src/hotspot/share/classfile/systemDictionary.cpp, line 231]
Event: 17.200 Thread 0x000001d2dd4e4800 Exception <a 'java/lang/NoSuchMethodError'{0x00000000854ade78}: 'java.lang.Object java.lang.invoke.DirectMethodHandle$Holder.invokeStatic(java.lang.Object, java.lang.Object, java.lang.Object, java.lang.Object, int)'> (0x00000000854ade78) thrown at [./src/hotspot/share/interpreter/linkResolver.cpp, line 773]
Event: 17.200 Thread 0x000001d2dd4e4800 Exception <a 'java/lang/NoSuchMethodError'{0x00000000854b2870}: 'java.lang.Object java.lang.invoke.DirectMethodHandle$Holder.invokeSpecial(java.lang.Object, java.lang.Object, java.lang.Object, java.lang.Object, java.lang.Object, int)'> (0x00000000854b2870) thrown at [./src/hotspot/share/interpreter/linkResolver.cpp, line 773]
Event: 17.201 Thread 0x000001d2dd4e4800 Exception <a 'java/lang/NoSuchMethodError'{0x00000000854b6eb0}: 'java.lang.Object java.lang.invoke.Invokers$Holder.linkToTargetMethod(java.lang.Object, java.lang.Object, java.lang.Object, int, java.lang.Object)'> (0x00000000854b6eb0) thrown at [./src/hotspot/share/interpreter/linkResolver.cpp, line 773]
Event: 17.570 Thread 0x000001d2dd4e4800 Exception <a 'java/lang/NoSuchMethodError'{0x000000008970db08}: 'java.lang.Object java.lang.invoke.DirectMethodHandle$Holder.invokeSpecial(java.lang.Object, java.lang.Object, int, int, java.lang.Object, java.lang.Object, java.lang.Object)'> (0x000000008970db08) thrown at [./src/hotspot/share/interpreter/linkResolver.cpp, line 773]
Event: 17.570 Thread 0x000001d2dd4e4800 Exception <a 'java/lang/NoSuchMethodError'{0x0000000089712088}: 'java.lang.Object java.lang.invoke.DelegatingMethodHandle$Holder.reinvoke_L(java.lang.Object, int, int, java.lang.Object, java.lang.Object, java.lang.Object)'> (0x0000000089712088) thrown at [./src/hotspot/share/interpreter/linkResolver.cpp, line 773]
Event: 17.941 Thread 0x000001d2dd4e4800 Exception <a 'java/lang/NoSuchMethodError'{0x0000000088b8edb8}: 'int java.lang.invoke.DirectMethodHandle$Holder.invokeInterface(java.lang.Object, java.lang.Object, java.lang.Object, java.lang.Object)'> (0x0000000088b8edb8) thrown at [./src/hotspot/share/interpreter/linkResolver.cpp, line 773]

Events (20 events):
Event: 18.119 loading class com/google/common/cache/LocalCache$EntryFactory$4
Event: 18.119 loading class com/google/common/cache/LocalCache$EntryFactory$4 done
Event: 18.119 loading class com/google/common/cache/LocalCache$EntryFactory$5
Event: 18.119 loading class com/google/common/cache/LocalCache$EntryFactory$5 done
Event: 18.120 loading class com/google/common/cache/LocalCache$EntryFactory$6
Event: 18.120 loading class com/google/common/cache/LocalCache$EntryFactory$6 done
Event: 18.120 loading class com/google/common/cache/LocalCache$EntryFactory$7
Event: 18.120 loading class com/google/common/cache/LocalCache$EntryFactory$7 done
Event: 18.121 loading class com/google/common/cache/LocalCache$EntryFactory$8
Event: 18.121 loading class com/google/common/cache/LocalCache$EntryFactory$8 done
Event: 18.122 loading class com/google/common/cache/LocalCache$Segment
Event: 18.122 loading class com/google/common/cache/LocalCache$Segment done
Event: 18.127 loading class com/google/wireless/android/sdk/stats/JavaProcessStatsOrBuilder
Event: 18.127 loading class com/google/wireless/android/sdk/stats/JavaProcessStatsOrBuilder done
Event: 18.129 loading class com/google/wireless/android/sdk/stats/GradleBuildMemorySample$1
Event: 18.129 loading class com/google/wireless/android/sdk/stats/GradleBuildMemorySample$1 done
Event: 18.130 loading class com/google/wireless/android/sdk/stats/GradleBuildMemorySample$Builder
Event: 18.130 loading class com/google/wireless/android/sdk/stats/GradleBuildMemorySample$Builder done
Event: 18.131 loading class com/google/wireless/android/sdk/stats/JavaProcessStats
Event: 18.131 loading class com/google/wireless/android/sdk/stats/JavaProcessStats done


Dynamic libraries:
0x00007ff64f280000 - 0x00007ff64f28a000 	C:\Program Files\Android\Android Studio\jre\bin\java.exe
0x00007ffbf50d0000 - 0x00007ffbf52c8000 	C:\WINDOWS\SYSTEM32\ntdll.dll
0x00007ffbf3e70000 - 0x00007ffbf3f2d000 	C:\WINDOWS\System32\KERNEL32.DLL
0x00007ffbf28a0000 - 0x00007ffbf2b6e000 	C:\WINDOWS\System32\KERNELBASE.dll
0x00007ffbf2b70000 - 0x00007ffbf2c70000 	C:\WINDOWS\System32\ucrtbase.dll
0x00007ffbeceb0000 - 0x00007ffbecec9000 	C:\Program Files\Android\Android Studio\jre\bin\jli.dll
0x00007ffbf3f60000 - 0x00007ffbf4100000 	C:\WINDOWS\System32\USER32.dll
0x00007ffbf3100000 - 0x00007ffbf3122000 	C:\WINDOWS\System32\win32u.dll
0x00007ffbf3f30000 - 0x00007ffbf3f5a000 	C:\WINDOWS\System32\GDI32.dll
0x00007ffbf2dc0000 - 0x00007ffbf2ecb000 	C:\WINDOWS\System32\gdi32full.dll
0x00007ffbf2ed0000 - 0x00007ffbf2f6d000 	C:\WINDOWS\System32\msvcp_win.dll
0x00007ffbecbd0000 - 0x00007ffbecbe7000 	C:\Program Files\Android\Android Studio\jre\bin\VCRUNTIME140.dll
0x00007ffbe22d0000 - 0x00007ffbe256a000 	C:\WINDOWS\WinSxS\amd64_microsoft.windows.common-controls_6595b64144ccf1df_6.0.19041.1110_none_60b5254171f9507e\COMCTL32.dll
0x00007ffbf4700000 - 0x00007ffbf479e000 	C:\WINDOWS\System32\msvcrt.dll
0x00007ffbf3870000 - 0x00007ffbf38a0000 	C:\WINDOWS\System32\IMM32.DLL
0x00007ffb91670000 - 0x00007ffb9170d000 	C:\Program Files\Android\Android Studio\jre\bin\msvcp140.dll
0x00007ffb64d70000 - 0x00007ffb65855000 	C:\Program Files\Android\Android Studio\jre\bin\server\jvm.dll
0x00007ffbf3dc0000 - 0x00007ffbf3e6e000 	C:\WINDOWS\System32\ADVAPI32.dll
0x00007ffbf3b70000 - 0x00007ffbf3c0c000 	C:\WINDOWS\System32\sechost.dll
0x00007ffbf4f60000 - 0x00007ffbf5085000 	C:\WINDOWS\System32\RPCRT4.dll
0x00007ffbf4160000 - 0x00007ffbf4168000 	C:\WINDOWS\System32\PSAPI.DLL
0x00007ffbc7260000 - 0x00007ffbc7269000 	C:\WINDOWS\SYSTEM32\WSOCK32.dll
0x00007ffbf4220000 - 0x00007ffbf428b000 	C:\WINDOWS\System32\WS2_32.dll
0x00007ffbe1ea0000 - 0x00007ffbe1ec7000 	C:\WINDOWS\SYSTEM32\WINMM.dll
0x00007ffbe9200000 - 0x00007ffbe920a000 	C:\WINDOWS\SYSTEM32\VERSION.dll
0x00007ffbf06e0000 - 0x00007ffbf06f2000 	C:\WINDOWS\SYSTEM32\kernel.appcore.dll
0x00007ffbeadd0000 - 0x00007ffbeade1000 	C:\Program Files\Android\Android Studio\jre\bin\verify.dll
0x00007ffbed770000 - 0x00007ffbed954000 	C:\WINDOWS\SYSTEM32\DBGHELP.DLL
0x00007ffbd6010000 - 0x00007ffbd603c000 	C:\WINDOWS\SYSTEM32\dbgcore.DLL
0x00007ffbf2d30000 - 0x00007ffbf2db2000 	C:\WINDOWS\System32\bcryptPrimitives.dll
0x00007ffbdf910000 - 0x00007ffbdf939000 	C:\Program Files\Android\Android Studio\jre\bin\java.dll
0x00007ffbeae90000 - 0x00007ffbeae9b000 	C:\Program Files\Android\Android Studio\jre\bin\jimage.dll
0x00007ffbe4630000 - 0x00007ffbe4648000 	C:\Program Files\Android\Android Studio\jre\bin\zip.dll
0x00007ffbf47a0000 - 0x00007ffbf4ee3000 	C:\WINDOWS\System32\SHELL32.dll
0x00007ffbf08e0000 - 0x00007ffbf1075000 	C:\WINDOWS\SYSTEM32\windows.storage.dll
0x00007ffbf4290000 - 0x00007ffbf45e4000 	C:\WINDOWS\System32\combase.dll
0x00007ffbf2250000 - 0x00007ffbf2280000 	C:\WINDOWS\SYSTEM32\Wldp.dll
0x00007ffbf4170000 - 0x00007ffbf421d000 	C:\WINDOWS\System32\SHCORE.dll
0x00007ffbf4100000 - 0x00007ffbf4155000 	C:\WINDOWS\System32\shlwapi.dll
0x00007ffbf2730000 - 0x00007ffbf274f000 	C:\WINDOWS\SYSTEM32\profapi.dll
0x00007ffbe4450000 - 0x00007ffbe446a000 	C:\Program Files\Android\Android Studio\jre\bin\net.dll
0x00007ffbe50e0000 - 0x00007ffbe51ea000 	C:\WINDOWS\SYSTEM32\WINHTTP.dll
0x00007ffbf1fb0000 - 0x00007ffbf201a000 	C:\WINDOWS\system32\mswsock.dll
0x00007ffbd18e0000 - 0x00007ffbd18f4000 	C:\Program Files\Android\Android Studio\jre\bin\nio.dll
0x00007ffbecc30000 - 0x00007ffbecc57000 	C:\Users\Nada Said\.gradle\native\e1d6ef7f7dcc3fd88c89a11ec53ec762bb8ba0a96d01ffa2cd45eb1d1d8dd5c5\windows-amd64\native-platform.dll
0x00007ffb90b00000 - 0x00007ffb90c44000 	C:\Users\Nada Said\.gradle\native\5664cfc778a61ccfe75a443a1ab52a65af34e5dc3c78e0209fed803814484fcb\windows-amd64\native-platform-file-events.dll
0x00007ffbead50000 - 0x00007ffbead5a000 	C:\Program Files\Android\Android Studio\jre\bin\management.dll
0x00007ffbea9d0000 - 0x00007ffbea9dd000 	C:\Program Files\Android\Android Studio\jre\bin\management_ext.dll
0x00007ffbf21b0000 - 0x00007ffbf21c8000 	C:\WINDOWS\SYSTEM32\CRYPTSP.dll
0x00007ffbf18c0000 - 0x00007ffbf18f4000 	C:\WINDOWS\system32\rsaenh.dll
0x00007ffbf2f70000 - 0x00007ffbf2f97000 	C:\WINDOWS\System32\bcrypt.dll
0x00007ffbf26f0000 - 0x00007ffbf271e000 	C:\WINDOWS\SYSTEM32\USERENV.dll
0x00007ffbf21a0000 - 0x00007ffbf21ac000 	C:\WINDOWS\SYSTEM32\CRYPTBASE.dll
0x00007ffbf1c50000 - 0x00007ffbf1c8b000 	C:\WINDOWS\SYSTEM32\IPHLPAPI.DLL
0x00007ffbf3b00000 - 0x00007ffbf3b08000 	C:\WINDOWS\System32\NSI.dll
0x00007ffbe94c0000 - 0x00007ffbe94d7000 	C:\WINDOWS\SYSTEM32\dhcpcsvc6.DLL
0x00007ffbea5b0000 - 0x00007ffbea5cd000 	C:\WINDOWS\SYSTEM32\dhcpcsvc.DLL
0x00007ffbf1ca0000 - 0x00007ffbf1d6a000 	C:\WINDOWS\SYSTEM32\DNSAPI.dll

dbghelp: loaded successfully - version: 4.0.5 - missing functions: none
symbol engine: initialized successfully - sym options: 0x614 - pdb path: .;C:\Program Files\Android\Android Studio\jre\bin;C:\WINDOWS\SYSTEM32;C:\WINDOWS\WinSxS\amd64_microsoft.windows.common-controls_6595b64144ccf1df_6.0.19041.1110_none_60b5254171f9507e;C:\Program Files\Android\Android Studio\jre\bin\server;C:\Users\Nada Said\.gradle\native\e1d6ef7f7dcc3fd88c89a11ec53ec762bb8ba0a96d01ffa2cd45eb1d1d8dd5c5\windows-amd64;C:\Users\Nada Said\.gradle\native\5664cfc778a61ccfe75a443a1ab52a65af34e5dc3c78e0209fed803814484fcb\windows-amd64

VM Arguments:
jvm_args: --add-opens=java.base/java.util=ALL-UNNAMED --add-opens=java.base/java.lang=ALL-UNNAMED --add-opens=java.base/java.lang.invoke=ALL-UNNAMED --add-opens=java.base/java.util=ALL-UNNAMED --add-opens=java.prefs/java.util.prefs=ALL-UNNAMED --add-opens=java.prefs/java.util.prefs=ALL-UNNAMED --add-opens=java.base/java.nio.charset=ALL-UNNAMED --add-opens=java.base/java.net=ALL-UNNAMED --add-opens=java.base/java.util.concurrent.atomic=ALL-UNNAMED -Xmx2048m -Dfile.encoding=UTF-8 -Duser.country=US -Duser.language=en -Duser.variant 
java_command: org.gradle.launcher.daemon.bootstrap.GradleDaemon 7.3.3
java_class_path (initial): C:\Users\Nada Said\.gradle\wrapper\dists\gradle-7.3.3-bin\6a41zxkdtcxs8rphpq6y0069z\gradle-7.3.3\lib\gradle-launcher-7.3.3.jar
Launcher Type: SUN_STANDARD

[Global flags]
     intx CICompilerCount                          = 3                                         {product} {ergonomic}
     uint ConcGCThreads                            = 1                                         {product} {ergonomic}
     uint G1ConcRefinementThreads                  = 4                                         {product} {ergonomic}
   size_t G1HeapRegionSize                         = 1048576                                   {product} {ergonomic}
    uintx GCDrainStackTargetSize                   = 64                                        {product} {ergonomic}
   size_t InitialHeapSize                          = 134217728                                 {product} {ergonomic}
   size_t MarkStackSize                            = 4194304                                   {product} {ergonomic}
   size_t MaxHeapSize                              = 2147483648                                {product} {command line}
   size_t MaxNewSize                               = 1287651328                                {product} {ergonomic}
   size_t MinHeapDeltaBytes                        = 1048576                                   {product} {ergonomic}
    uintx NonNMethodCodeHeapSize                   = 5830732                                {pd product} {ergonomic}
    uintx NonProfiledCodeHeapSize                  = 122913754                              {pd product} {ergonomic}
    uintx ProfiledCodeHeapSize                     = 122913754                              {pd product} {ergonomic}
    uintx ReservedCodeCacheSize                    = 251658240                              {pd product} {ergonomic}
     bool SegmentedCodeCache                       = true                                      {product} {ergonomic}
     bool UseCompressedClassPointers               = true                                 {lp64_product} {ergonomic}
     bool UseCompressedOops                        = true                                 {lp64_product} {ergonomic}
     bool UseG1GC                                  = true                                      {product} {ergonomic}
     bool UseLargePagesIndividualAllocation        = false                                  {pd product} {ergonomic}

Logging:
Log output configuration:
 #0: stdout all=warning uptime,level,tags
 #1: stderr all=off uptime,level,tags

Environment Variables:
JAVA_HOME=C:\Program Files\Java\jdk-17.0.1
PATH=C:\Program Files\Microsoft\jdk-11.0.12.7-hotspot\bin;C:\Program Files (x86)\NVIDIA Corporation\PhysX\Common;C:\Oracle\Middleware\Oracle_FRHome1\bin;C:\Program Files\Common Files\Oracle\Java\javapath;C:\app\NadaSaid\product\11.2.0\dbhome_1\bin;C:\ProgramData\Oracle\Java\javapath;C:\WINDOWS\system32;C:\WINDOWS;C:\WINDOWS\System32\Wbem;C:\WINDOWS\System32\WindowsPowerShell\v1.0\;C:\WINDOWS\System32\OpenSSH\;C:\Program Files\Git\cmd;C:\Program Files\Java\jdk-17.0.1\bin;C:\Oracle\Middleware\Oracle_FRHome1\opmn\bin;C:\Oracle\Middleware\Oracle_FRHome1\opmn\lib;C:\Oracle\Middleware\Oracle_FRHome1\perl\bin;C:\Program Files\Microsoft SQL Server\Client SDK\ODBC\110\Tools\Binn\;C:\Program Files (x86)\Microsoft SQL Server\120\Tools\Binn\;C:\Program Files\Microsoft SQL Server\120\Tools\Binn\;C:\Program Files\Microsoft SQL Server\120\DTS\Binn\;C:\Program Files (x86)\Windows Kits\8.1\Windows Performance Toolkit\;C:\Program Files\dotnet\;C:\Users\Nada Said\AppData\Local\Programs\Python\Python37\Scripts\;C:\Users\Nada Said\AppData\Local\Programs\Python\Python37\;C:\Python37\Scripts\;C:\Python37\;C:\Users\Nada Said\AppData\Local\Microsoft\WindowsApps;C:\Users\Nada Said\AppData\Local\Programs\Microsoft VS Code\bin;C:\Program Files\JetBrains\IntelliJ IDEA Community Edition 2021.2.3\bin;;C:\Users\Nada Said\.dotnet\tools;C:\Users\Nada Said\AppData\Local\GitHubDesktop\bin;C:\Dart\dart-sdk\bin;
USERNAME=Nada Said
LD_LIBRARY_PATH=C:\Oracle\Middleware\Oracle_FRHome1\lib
OS=Windows_NT
PROCESSOR_IDENTIFIER=Intel64 Family 6 Model 61 Stepping 4, GenuineIntel



---------------  S Y S T E M  ---------------

OS: Windows 10 , 64 bit Build 19041 (10.0.19041.1889)
OS uptime: 4 days 7:40 hours

CPU:total 4 (initial active 4) (2 cores per cpu, 2 threads per core) family 6 model 61 stepping 4 microcode 0x2d, cmov, cx8, fxsr, mmx, sse, sse2, sse3, ssse3, sse4.1, sse4.2, popcnt, avx, avx2, aes, clmul, erms, rtm, 3dnowpref, lzcnt, ht, tsc, tscinvbit, bmi1, bmi2, adx, fma

Memory: 4k page, system-wide physical 8067M (608M free)
TotalPageFile size 11347M (AvailPageFile size 2M)
current process WorkingSet (physical memory assigned to process): 322M, peak: 322M
current process commit charge ("private bytes"): 365M, peak: 366M

vm_info: OpenJDK 64-Bit Server VM (11.0.12+7-b1504.28-7817840) for windows-amd64 JRE (11.0.12+7-b1504.28-7817840), built on Oct 13 2021 22:12:33 by "builder" with MS VC++ 14.0 (VS2015)

END.
